2023-05-12T07:16:14.258Z extension INFO  Activating extension... []

2023-05-12T07:16:14.263Z telemetry INFO  SegmentKey received [ { type: 'string' } ]

2023-05-12T07:16:14.264Z language server controller INFO  Create MongoDB Language Server [
  {
    serverOptions: { run: [Object], debug: [Object] },
    clientOptions: {
      documentSelector: [Array],
      synchronize: [Object],
      outputChannel: [Object]
    }
  }
]

2023-05-12T07:16:14.271Z playground controller INFO  Active editor path [ '/home/devilunraveled/Projects/CFParser/src/parser/siteparser.py' ]

2023-05-12T07:16:14.272Z explorer controller INFO  Activating explorer controller... []

2023-05-12T07:16:14.272Z explorer controller INFO  Explorer controller activated []

2023-05-12T07:16:14.272Z help and info explorer INFO  Activating help explorer... []

2023-05-12T07:16:14.272Z help and info explorer INFO  Help explorer activated []

2023-05-12T07:16:14.272Z playgrounds explorer INFO  Activating playgrounds explorer... []

2023-05-12T07:16:14.273Z playgrounds explorer INFO  Playgrounds explorer activated []

2023-05-12T07:16:14.273Z telemetry INFO  Activating segment analytics... []

2023-05-12T07:16:14.275Z telemetry INFO  Segment analytics activated with properties [ { anonymousId: '74d6cac2-09d5-4d14-b710-759e25c6ca60' } ]

2023-05-12T07:16:14.602Z commands INFO  Registering commands... []

2023-05-12T07:16:14.604Z commands INFO  Commands registered []

2023-05-12T07:16:14.604Z extension INFO  Extension activated []

2023-05-12T07:17:14.909Z playground controller INFO  Active editor path [ undefined ]

2023-05-12T07:19:22.862Z playground controller INFO  Active editor path [ '/home/devilunraveled/Projects/CFParser/src/parser/siteparser.py' ]

2023-05-12T07:22:26.637Z playground controller INFO  Active editor path [ undefined ]

2023-05-12T07:22:26.723Z playground controller INFO  Active editor path [ '/home/devilunraveled/Projects/CFParser/README.md' ]

2023-05-12T07:26:32.358Z playground controller INFO  Active editor path [ undefined ]

2023-05-12T07:26:32.384Z playground controller INFO  Active editor path [ '/home/devilunraveled/Projects/CFParser/src/parser/siteparser.py' ]

2023-05-12T07:27:44.565Z playground controller INFO  Active editor path [ undefined ]

2023-05-12T07:27:44.611Z playground controller INFO  Active editor path [ '/home/devilunraveled/Projects/CFParser/test.py' ]

2023-05-12T07:27:46.108Z playground controller INFO  Active editor path [ undefined ]

2023-05-12T07:27:46.132Z playground controller INFO  Active editor path [ '/home/devilunraveled/Projects/CFParser/src/parser/siteparser.py' ]

2023-05-12T07:28:05.929Z playground controller INFO  Active editor path [ undefined ]

2023-05-12T07:28:05.948Z playground controller INFO  Active editor path [ '/home/devilunraveled/Projects/CFParser/test.py' ]

2023-05-12T07:28:13.438Z playground controller INFO  Active editor path [ undefined ]

2023-05-12T07:28:13.455Z playground controller INFO  Active editor path [ '/home/devilunraveled/Projects/CFParser/src/parser/siteparser.py' ]

2023-05-12T07:28:20.560Z playground controller INFO  Active editor path [ undefined ]

2023-05-12T07:28:20.579Z playground controller INFO  Active editor path [ '/home/devilunraveled/Projects/CFParser/test.py' ]

2023-05-12T07:28:53.523Z playground controller INFO  Active editor path [ undefined ]

2023-05-12T07:28:53.541Z playground controller INFO  Active editor path [ '/home/devilunraveled/Projects/CFParser/src/parser/siteparser.py' ]

2023-05-12T07:29:04.722Z playground controller INFO  Active editor path [ undefined ]

2023-05-12T07:29:04.750Z playground controller INFO  Active editor path [ '/home/devilunraveled/Projects/CFParser/test.py' ]

2023-05-12T07:29:28.887Z playground controller INFO  Active editor path [ undefined ]

2023-05-12T07:29:28.897Z playground controller INFO  Active editor path [ '/home/devilunraveled/Projects/CFParser/src/parser/siteparser.py' ]

2023-05-12T07:29:30.690Z playground controller INFO  Active editor path [ undefined ]

2023-05-12T07:29:30.699Z playground controller INFO  Active editor path [ '/home/devilunraveled/Projects/CFParser/test.py' ]

2023-05-12T07:29:31.954Z playground controller INFO  Active editor path [ undefined ]

2023-05-12T07:29:31.985Z playground controller INFO  Active editor path [ '/home/devilunraveled/Projects/CFParser/test.py' ]

2023-05-12T07:29:35.624Z playground controller INFO  Active editor path [ '/home/devilunraveled/Projects/CFParser/src/parser/siteparser.py' ]

2023-05-12T07:29:38.758Z playground controller INFO  Active editor path [ '/home/devilunraveled/Projects/CFParser/test.py' ]

2023-05-12T07:30:49.909Z playground controller INFO  Active editor path [ undefined ]

2023-05-12T07:30:51.581Z connection controller INFO  Disconnect called, currently connected to [ null ]

2023-05-12T07:30:51.583Z connection controller INFO  Disconnect called, currently connected to [ null ]

