2023-07-28 20:51:31.466 [info] Reading sessions from keychain...
2023-07-28 20:51:31.466 [info] Getting sessions for all scopes...
2023-07-28 20:51:31.466 [info] Getting sessions for user:email...
2023-07-28 20:51:31.466 [info] Got 0 sessions for ...
2023-07-28 20:51:31.466 [info] Got 0 sessions for user:email...
2023-07-28 20:51:31.466 [info] Getting sessions for all scopes...
2023-07-28 20:51:31.466 [info] Got 0 sessions for ...
2023-07-28 20:51:31.524 [info] Getting sessions for all scopes...
2023-07-28 20:51:31.524 [info] Got 0 sessions for ...
2023-07-28 20:51:31.547 [info] Getting sessions for all scopes...
2023-07-28 20:51:31.547 [info] Got 0 sessions for ...
2023-07-28 20:51:31.682 [info] Getting sessions for all scopes...
2023-07-28 20:51:31.682 [info] Got 0 sessions for ...
2023-07-28 20:52:50.349 [info] Reading sessions from keychain...
2023-07-28 20:52:50.349 [info] Getting sessions for all scopes...
2023-07-28 20:52:50.349 [info] Got 0 sessions for ...
2023-07-28 20:52:50.349 [info] Getting sessions for user:email...
2023-07-28 20:52:50.349 [info] Got 0 sessions for user:email...
2023-07-28 20:52:50.498 [info] Getting sessions for all scopes...
2023-07-28 20:52:50.498 [info] Got 0 sessions for ...
