2024-09-14 22:22:33.475 [info] Extension host with pid 2854951 started
2024-09-14 22:22:33.475 [info] Skipping acquiring lock for /home/devilunraveled/.config/Code/User/workspaceStorage/7fa7811a992ebb0fc2dd5abdd6f14618.
2024-09-14 22:22:33.576 [info] ExtensionService#_doActivateExtension vscode.ipynb, startup: false, activationEvent: 'onNotebookSerializer:jupyter-notebook'
2024-09-14 22:22:33.609 [info] ExtensionService#_doActivateExtension vscode.git-base, startup: true, activationEvent: '*', root cause: vscode.git
2024-09-14 22:22:33.611 [info] ExtensionService#_doActivateExtension formulahendry.auto-close-tag, startup: true, activationEvent: '*'
2024-09-14 22:22:33.612 [info] ExtensionService#_doActivateExtension formulahendry.auto-rename-tag, startup: true, activationEvent: '*'
2024-09-14 22:22:33.620 [info] ExtensionService#_doActivateExtension wayou.vscode-todo-highlight, startup: true, activationEvent: '*'
2024-09-14 22:22:33.644 [info] ExtensionService#_doActivateExtension vscode.git, startup: true, activationEvent: '*'
2024-09-14 22:22:33.671 [info] ExtensionService#_doActivateExtension vscode.github, startup: true, activationEvent: '*'
2024-09-14 22:22:33.715 [info] ExtensionService#_doActivateExtension ms-toolsai.jupyter, startup: false, activationEvent: 'onNotebook:jupyter-notebook'
2024-09-14 22:22:33.718 [info] ExtensionService#_doActivateExtension ms-toolsai.vscode-jupyter-cell-tags, startup: false, activationEvent: 'onNotebook:jupyter-notebook'
2024-09-14 22:22:33.720 [info] ExtensionService#_doActivateExtension ms-toolsai.vscode-jupyter-slideshow, startup: false, activationEvent: 'onNotebook:jupyter-notebook'
2024-09-14 22:22:34.097 [info] Eager extensions activated
2024-09-14 22:22:34.117 [info] ExtensionService#_doActivateExtension ms-python.python, startup: false, activationEvent: 'api', root cause: ms-toolsai.jupyter
2024-09-14 22:22:34.293 [info] ExtensionService#_doActivateExtension ms-toolsai.jupyter-renderers, startup: false, activationEvent: 'api', root cause: ms-toolsai.jupyter
2024-09-14 22:22:34.295 [info] ExtensionService#_doActivateExtension vscode.debug-auto-launch, startup: false, activationEvent: 'onStartupFinished'
2024-09-14 22:22:34.297 [info] ExtensionService#_doActivateExtension vscode.merge-conflict, startup: false, activationEvent: 'onStartupFinished'
2024-09-14 22:22:34.304 [info] ExtensionService#_doActivateExtension aaron-bond.better-comments, startup: false, activationEvent: 'onStartupFinished'
2024-09-14 22:22:34.312 [info] ExtensionService#_doActivateExtension alefragnani.Bookmarks, startup: false, activationEvent: 'onStartupFinished'
2024-09-14 22:22:34.317 [info] ExtensionService#_doActivateExtension alefragnani.project-manager, startup: false, activationEvent: 'onStartupFinished'
2024-09-14 22:22:34.323 [info] ExtensionService#_doActivateExtension Codeium.codeium, startup: false, activationEvent: 'onStartupFinished'
2024-09-14 22:22:34.478 [info] ExtensionService#_doActivateExtension dbaeumer.vscode-eslint, startup: false, activationEvent: 'onStartupFinished'
2024-09-14 22:22:34.495 [info] ExtensionService#_doActivateExtension dsznajder.es7-react-js-snippets, startup: false, activationEvent: 'onStartupFinished'
2024-09-14 22:22:34.797 [info] ExtensionService#_doActivateExtension eamodio.gitlens, startup: false, activationEvent: 'onStartupFinished'
2024-09-14 22:22:34.924 [info] ExtensionService#_doActivateExtension esbenp.prettier-vscode, startup: false, activationEvent: 'onStartupFinished'
2024-09-14 22:22:34.953 [info] ExtensionService#_doActivateExtension formulahendry.code-runner, startup: false, activationEvent: 'onStartupFinished'
2024-09-14 22:22:34.980 [info] ExtensionService#_doActivateExtension ms-vscode-remote.remote-containers, startup: false, activationEvent: 'onStartupFinished'
2024-09-14 22:22:35.014 [info] ExtensionService#_doActivateExtension streetsidesoftware.code-spell-checker, startup: false, activationEvent: 'onStartupFinished'
2024-09-14 22:22:35.056 [info] ExtensionService#_doActivateExtension vscode-icons-team.vscode-icons, startup: false, activationEvent: 'onStartupFinished'
2024-09-14 22:22:35.078 [info] ExtensionService#_doActivateExtension vscodevim.vim, startup: false, activationEvent: 'onStartupFinished'
2024-09-14 22:22:35.119 [info] ExtensionService#_doActivateExtension vscode.emmet, startup: false, activationEvent: 'onLanguage'
2024-09-14 22:22:35.493 [info] ExtensionService#_doActivateExtension vscode.github-authentication, startup: false, activationEvent: 'onAuthenticationRequest:github'
2024-09-14 22:22:35.789 [info] ExtensionService#_doActivateExtension ms-python.debugpy, startup: false, activationEvent: 'onLanguage:python'
2024-09-14 22:22:35.809 [info] ExtensionService#_doActivateExtension ms-python.vscode-pylance, startup: false, activationEvent: 'onLanguage:python'
2024-09-14 22:22:36.162 [info] ExtensionService#_doActivateExtension vscode.microsoft-authentication, startup: false, activationEvent: 'onAuthenticationRequest:microsoft'
2024-09-15 00:49:29.810 [info] Extension host terminating: renderer closed the MessagePort
2024-09-15 00:49:29.911 [error] Canceled: Canceled
    at new D (/var/lib/snapd/snap/code/169/usr/share/code/resources/app/out/vs/workbench/api/node/extensionHostProcess.js:151:35235)
    at y.U (/var/lib/snapd/snap/code/169/usr/share/code/resources/app/out/vs/workbench/api/node/extensionHostProcess.js:158:6005)
    at Proxy.V.<computed>.F.charCodeAt.A.CharCode.DollarSign.V.<computed> (/var/lib/snapd/snap/code/169/usr/share/code/resources/app/out/vs/workbench/api/node/extensionHostProcess.js:158:3107)
    at h.g (/var/lib/snapd/snap/code/169/usr/share/code/resources/app/out/vs/workbench/api/node/extensionHostProcess.js:161:210015)
    at h.executeCommand (/var/lib/snapd/snap/code/169/usr/share/code/resources/app/out/vs/workbench/api/node/extensionHostProcess.js:161:209453)
    at C.registerCommand.description (/var/lib/snapd/snap/code/169/usr/share/code/resources/app/out/vs/workbench/api/node/extensionHostProcess.js:161:208777)
    at h (/var/lib/snapd/snap/code/169/usr/share/code/resources/app/out/vs/workbench/api/node/extensionHostProcess.js:161:210554)
    at h.g (/var/lib/snapd/snap/code/169/usr/share/code/resources/app/out/vs/workbench/api/node/extensionHostProcess.js:161:209546)
    at h.executeCommand (/var/lib/snapd/snap/code/169/usr/share/code/resources/app/out/vs/workbench/api/node/extensionHostProcess.js:161:209453)
    at Object.executeCommand (/var/lib/snapd/snap/code/169/usr/share/code/resources/app/out/vs/workbench/api/node/extensionHostProcess.js:171:30683)
    at w (/home/devilunraveled/.vscode/extensions/eamodio.gitlens-15.5.0/dist/gitlens.js:1490:39724)
    at c (/home/devilunraveled/.vscode/extensions/eamodio.gitlens-15.5.0/dist/gitlens.js:1490:44783)
    at ActionRunners._updateContextKeys (/home/devilunraveled/.vscode/extensions/eamodio.gitlens-15.5.0/dist/gitlens.js:1120:19640)
    at s (/home/devilunraveled/.vscode/extensions/eamodio.gitlens-15.5.0/dist/gitlens.js:1120:18084)
    at RegisteredActionRunner.unregister (/home/devilunraveled/.vscode/extensions/eamodio.gitlens-15.5.0/dist/gitlens.js:1120:18227)
    at RegisteredActionRunner.dispose (/home/devilunraveled/.vscode/extensions/eamodio.gitlens-15.5.0/dist/gitlens.js:1120:16881)
    at ActionRunners.dispose (/home/devilunraveled/.vscode/extensions/eamodio.gitlens-15.5.0/dist/gitlens.js:1120:17667)
    at /home/devilunraveled/.vscode/extensions/eamodio.gitlens-15.5.0/dist/gitlens.js:1448:19381
    at Array.forEach (<anonymous>)
    at Object.dispose (/home/devilunraveled/.vscode/extensions/eamodio.gitlens-15.5.0/dist/gitlens.js:1448:19363)
    at $ (/var/lib/snapd/snap/code/169/usr/share/code/resources/app/out/vs/workbench/api/node/extensionHostProcess.js:30:744)
    at /var/lib/snapd/snap/code/169/usr/share/code/resources/app/out/vs/workbench/api/node/extensionHostProcess.js:167:13607
    at /var/lib/snapd/snap/code/169/usr/share/code/resources/app/out/vs/workbench/api/node/extensionHostProcess.js:30:1112
    at Object.dispose (/var/lib/snapd/snap/code/169/usr/share/code/resources/app/out/vs/workbench/api/node/extensionHostProcess.js:11:11463)
    at m.eb (/var/lib/snapd/snap/code/169/usr/share/code/resources/app/out/vs/workbench/api/node/extensionHostProcess.js:167:10282)
    at /var/lib/snapd/snap/code/169/usr/share/code/resources/app/out/vs/workbench/api/node/extensionHostProcess.js:167:8153
    at Array.map (<anonymous>)
    at m.$ (/var/lib/snapd/snap/code/169/usr/share/code/resources/app/out/vs/workbench/api/node/extensionHostProcess.js:167:8140)
    at m.terminate (/var/lib/snapd/snap/code/169/usr/share/code/resources/app/out/vs/workbench/api/node/extensionHostProcess.js:167:8413)
    at $.terminate (/var/lib/snapd/snap/code/169/usr/share/code/resources/app/out/vs/workbench/api/node/extensionHostProcess.js:171:1513)
    at n (/var/lib/snapd/snap/code/169/usr/share/code/resources/app/out/vs/workbench/api/node/extensionHostProcess.js:184:10613)
    at MessagePortMain.<anonymous> (/var/lib/snapd/snap/code/169/usr/share/code/resources/app/out/vs/workbench/api/node/extensionHostProcess.js:184:6805)
    at MessagePortMain.emit (node:events:519:28)
    at MessagePortMain.emit (node:domain:488:12)
    at Object.MessagePortMain._internalPort.emit (node:electron/js2c/utility_init:2:2619) setContext undefined
2024-09-15 00:49:29.913 [error] Canceled: Canceled
    at new D (/var/lib/snapd/snap/code/169/usr/share/code/resources/app/out/vs/workbench/api/node/extensionHostProcess.js:151:35235)
    at y.U (/var/lib/snapd/snap/code/169/usr/share/code/resources/app/out/vs/workbench/api/node/extensionHostProcess.js:158:6005)
    at Proxy.V.<computed>.F.charCodeAt.A.CharCode.DollarSign.V.<computed> (/var/lib/snapd/snap/code/169/usr/share/code/resources/app/out/vs/workbench/api/node/extensionHostProcess.js:158:3107)
    at h.g (/var/lib/snapd/snap/code/169/usr/share/code/resources/app/out/vs/workbench/api/node/extensionHostProcess.js:161:210015)
    at h.executeCommand (/var/lib/snapd/snap/code/169/usr/share/code/resources/app/out/vs/workbench/api/node/extensionHostProcess.js:161:209453)
    at C.registerCommand.description (/var/lib/snapd/snap/code/169/usr/share/code/resources/app/out/vs/workbench/api/node/extensionHostProcess.js:161:208777)
    at h (/var/lib/snapd/snap/code/169/usr/share/code/resources/app/out/vs/workbench/api/node/extensionHostProcess.js:161:210554)
    at h.g (/var/lib/snapd/snap/code/169/usr/share/code/resources/app/out/vs/workbench/api/node/extensionHostProcess.js:161:209546)
    at h.executeCommand (/var/lib/snapd/snap/code/169/usr/share/code/resources/app/out/vs/workbench/api/node/extensionHostProcess.js:161:209453)
    at Object.executeCommand (/var/lib/snapd/snap/code/169/usr/share/code/resources/app/out/vs/workbench/api/node/extensionHostProcess.js:171:30683)
    at w (/home/devilunraveled/.vscode/extensions/eamodio.gitlens-15.5.0/dist/gitlens.js:1490:39724)
    at c (/home/devilunraveled/.vscode/extensions/eamodio.gitlens-15.5.0/dist/gitlens.js:1490:44783)
    at ActionRunners._updateContextKeys (/home/devilunraveled/.vscode/extensions/eamodio.gitlens-15.5.0/dist/gitlens.js:1120:19640)
    at s (/home/devilunraveled/.vscode/extensions/eamodio.gitlens-15.5.0/dist/gitlens.js:1120:18084)
    at RegisteredActionRunner.unregister (/home/devilunraveled/.vscode/extensions/eamodio.gitlens-15.5.0/dist/gitlens.js:1120:18227)
    at RegisteredActionRunner.dispose (/home/devilunraveled/.vscode/extensions/eamodio.gitlens-15.5.0/dist/gitlens.js:1120:16881)
    at ActionRunners.dispose (/home/devilunraveled/.vscode/extensions/eamodio.gitlens-15.5.0/dist/gitlens.js:1120:17667)
    at /home/devilunraveled/.vscode/extensions/eamodio.gitlens-15.5.0/dist/gitlens.js:1448:19381
    at Array.forEach (<anonymous>)
    at Object.dispose (/home/devilunraveled/.vscode/extensions/eamodio.gitlens-15.5.0/dist/gitlens.js:1448:19363)
    at $ (/var/lib/snapd/snap/code/169/usr/share/code/resources/app/out/vs/workbench/api/node/extensionHostProcess.js:30:744)
    at /var/lib/snapd/snap/code/169/usr/share/code/resources/app/out/vs/workbench/api/node/extensionHostProcess.js:167:13607
    at /var/lib/snapd/snap/code/169/usr/share/code/resources/app/out/vs/workbench/api/node/extensionHostProcess.js:30:1112
    at Object.dispose (/var/lib/snapd/snap/code/169/usr/share/code/resources/app/out/vs/workbench/api/node/extensionHostProcess.js:11:11463)
    at m.eb (/var/lib/snapd/snap/code/169/usr/share/code/resources/app/out/vs/workbench/api/node/extensionHostProcess.js:167:10282)
    at /var/lib/snapd/snap/code/169/usr/share/code/resources/app/out/vs/workbench/api/node/extensionHostProcess.js:167:8153
    at Array.map (<anonymous>)
    at m.$ (/var/lib/snapd/snap/code/169/usr/share/code/resources/app/out/vs/workbench/api/node/extensionHostProcess.js:167:8140)
    at m.terminate (/var/lib/snapd/snap/code/169/usr/share/code/resources/app/out/vs/workbench/api/node/extensionHostProcess.js:167:8413)
    at $.terminate (/var/lib/snapd/snap/code/169/usr/share/code/resources/app/out/vs/workbench/api/node/extensionHostProcess.js:171:1513)
    at n (/var/lib/snapd/snap/code/169/usr/share/code/resources/app/out/vs/workbench/api/node/extensionHostProcess.js:184:10613)
    at MessagePortMain.<anonymous> (/var/lib/snapd/snap/code/169/usr/share/code/resources/app/out/vs/workbench/api/node/extensionHostProcess.js:184:6805)
    at MessagePortMain.emit (node:events:519:28)
    at MessagePortMain.emit (node:domain:488:12)
    at Object.MessagePortMain._internalPort.emit (node:electron/js2c/utility_init:2:2619) setContext undefined
2024-09-15 00:49:29.914 [error] Canceled: Canceled
    at new D (/var/lib/snapd/snap/code/169/usr/share/code/resources/app/out/vs/workbench/api/node/extensionHostProcess.js:151:35235)
    at y.U (/var/lib/snapd/snap/code/169/usr/share/code/resources/app/out/vs/workbench/api/node/extensionHostProcess.js:158:6005)
    at Proxy.V.<computed>.F.charCodeAt.A.CharCode.DollarSign.V.<computed> (/var/lib/snapd/snap/code/169/usr/share/code/resources/app/out/vs/workbench/api/node/extensionHostProcess.js:158:3107)
    at h.g (/var/lib/snapd/snap/code/169/usr/share/code/resources/app/out/vs/workbench/api/node/extensionHostProcess.js:161:210015)
    at h.executeCommand (/var/lib/snapd/snap/code/169/usr/share/code/resources/app/out/vs/workbench/api/node/extensionHostProcess.js:161:209453)
    at C.registerCommand.description (/var/lib/snapd/snap/code/169/usr/share/code/resources/app/out/vs/workbench/api/node/extensionHostProcess.js:161:208777)
    at h (/var/lib/snapd/snap/code/169/usr/share/code/resources/app/out/vs/workbench/api/node/extensionHostProcess.js:161:210554)
    at h.g (/var/lib/snapd/snap/code/169/usr/share/code/resources/app/out/vs/workbench/api/node/extensionHostProcess.js:161:209546)
    at h.executeCommand (/var/lib/snapd/snap/code/169/usr/share/code/resources/app/out/vs/workbench/api/node/extensionHostProcess.js:161:209453)
    at Object.executeCommand (/var/lib/snapd/snap/code/169/usr/share/code/resources/app/out/vs/workbench/api/node/extensionHostProcess.js:171:30683)
    at w (/home/devilunraveled/.vscode/extensions/eamodio.gitlens-15.5.0/dist/gitlens.js:1490:39724)
    at c (/home/devilunraveled/.vscode/extensions/eamodio.gitlens-15.5.0/dist/gitlens.js:1490:44783)
    at ActionRunners._updateContextKeys (/home/devilunraveled/.vscode/extensions/eamodio.gitlens-15.5.0/dist/gitlens.js:1120:19640)
    at s (/home/devilunraveled/.vscode/extensions/eamodio.gitlens-15.5.0/dist/gitlens.js:1120:18084)
    at RegisteredActionRunner.unregister (/home/devilunraveled/.vscode/extensions/eamodio.gitlens-15.5.0/dist/gitlens.js:1120:18227)
    at RegisteredActionRunner.dispose (/home/devilunraveled/.vscode/extensions/eamodio.gitlens-15.5.0/dist/gitlens.js:1120:16881)
    at ActionRunners.dispose (/home/devilunraveled/.vscode/extensions/eamodio.gitlens-15.5.0/dist/gitlens.js:1120:17667)
    at /home/devilunraveled/.vscode/extensions/eamodio.gitlens-15.5.0/dist/gitlens.js:1448:19381
    at Array.forEach (<anonymous>)
    at Object.dispose (/home/devilunraveled/.vscode/extensions/eamodio.gitlens-15.5.0/dist/gitlens.js:1448:19363)
    at $ (/var/lib/snapd/snap/code/169/usr/share/code/resources/app/out/vs/workbench/api/node/extensionHostProcess.js:30:744)
    at /var/lib/snapd/snap/code/169/usr/share/code/resources/app/out/vs/workbench/api/node/extensionHostProcess.js:167:13607
    at /var/lib/snapd/snap/code/169/usr/share/code/resources/app/out/vs/workbench/api/node/extensionHostProcess.js:30:1112
    at Object.dispose (/var/lib/snapd/snap/code/169/usr/share/code/resources/app/out/vs/workbench/api/node/extensionHostProcess.js:11:11463)
    at m.eb (/var/lib/snapd/snap/code/169/usr/share/code/resources/app/out/vs/workbench/api/node/extensionHostProcess.js:167:10282)
    at /var/lib/snapd/snap/code/169/usr/share/code/resources/app/out/vs/workbench/api/node/extensionHostProcess.js:167:8153
    at Array.map (<anonymous>)
    at m.$ (/var/lib/snapd/snap/code/169/usr/share/code/resources/app/out/vs/workbench/api/node/extensionHostProcess.js:167:8140)
    at m.terminate (/var/lib/snapd/snap/code/169/usr/share/code/resources/app/out/vs/workbench/api/node/extensionHostProcess.js:167:8413)
    at $.terminate (/var/lib/snapd/snap/code/169/usr/share/code/resources/app/out/vs/workbench/api/node/extensionHostProcess.js:171:1513)
    at n (/var/lib/snapd/snap/code/169/usr/share/code/resources/app/out/vs/workbench/api/node/extensionHostProcess.js:184:10613)
    at MessagePortMain.<anonymous> (/var/lib/snapd/snap/code/169/usr/share/code/resources/app/out/vs/workbench/api/node/extensionHostProcess.js:184:6805)
    at MessagePortMain.emit (node:events:519:28)
    at MessagePortMain.emit (node:domain:488:12)
    at Object.MessagePortMain._internalPort.emit (node:electron/js2c/utility_init:2:2619) setContext undefined
2024-09-15 00:49:29.915 [error] Canceled: Canceled
    at new D (/var/lib/snapd/snap/code/169/usr/share/code/resources/app/out/vs/workbench/api/node/extensionHostProcess.js:151:35235)
    at y.U (/var/lib/snapd/snap/code/169/usr/share/code/resources/app/out/vs/workbench/api/node/extensionHostProcess.js:158:6005)
    at Proxy.V.<computed>.F.charCodeAt.A.CharCode.DollarSign.V.<computed> (/var/lib/snapd/snap/code/169/usr/share/code/resources/app/out/vs/workbench/api/node/extensionHostProcess.js:158:3107)
    at h.g (/var/lib/snapd/snap/code/169/usr/share/code/resources/app/out/vs/workbench/api/node/extensionHostProcess.js:161:210015)
    at h.executeCommand (/var/lib/snapd/snap/code/169/usr/share/code/resources/app/out/vs/workbench/api/node/extensionHostProcess.js:161:209453)
    at C.registerCommand.description (/var/lib/snapd/snap/code/169/usr/share/code/resources/app/out/vs/workbench/api/node/extensionHostProcess.js:161:208777)
    at h (/var/lib/snapd/snap/code/169/usr/share/code/resources/app/out/vs/workbench/api/node/extensionHostProcess.js:161:210554)
    at h.g (/var/lib/snapd/snap/code/169/usr/share/code/resources/app/out/vs/workbench/api/node/extensionHostProcess.js:161:209546)
    at h.executeCommand (/var/lib/snapd/snap/code/169/usr/share/code/resources/app/out/vs/workbench/api/node/extensionHostProcess.js:161:209453)
    at Object.executeCommand (/var/lib/snapd/snap/code/169/usr/share/code/resources/app/out/vs/workbench/api/node/extensionHostProcess.js:171:30683)
    at zt.set (/home/devilunraveled/.vscode/extensions/ms-toolsai.jupyter-2024.8.1-linux-x64/dist/extension.node.js:304:165051)
    at Tb.dispose (/home/devilunraveled/.vscode/extensions/ms-toolsai.jupyter-2024.8.1-linux-x64/dist/extension.node.js:342:8136)
    at $ (/var/lib/snapd/snap/code/169/usr/share/code/resources/app/out/vs/workbench/api/node/extensionHostProcess.js:30:744)
    at /var/lib/snapd/snap/code/169/usr/share/code/resources/app/out/vs/workbench/api/node/extensionHostProcess.js:167:13607
    at /var/lib/snapd/snap/code/169/usr/share/code/resources/app/out/vs/workbench/api/node/extensionHostProcess.js:30:1112
    at Object.dispose (/var/lib/snapd/snap/code/169/usr/share/code/resources/app/out/vs/workbench/api/node/extensionHostProcess.js:11:11463)
    at m.eb (/var/lib/snapd/snap/code/169/usr/share/code/resources/app/out/vs/workbench/api/node/extensionHostProcess.js:167:10282)
    at /var/lib/snapd/snap/code/169/usr/share/code/resources/app/out/vs/workbench/api/node/extensionHostProcess.js:167:8153
    at Array.map (<anonymous>)
    at m.$ (/var/lib/snapd/snap/code/169/usr/share/code/resources/app/out/vs/workbench/api/node/extensionHostProcess.js:167:8140)
    at m.terminate (/var/lib/snapd/snap/code/169/usr/share/code/resources/app/out/vs/workbench/api/node/extensionHostProcess.js:167:8413)
    at $.terminate (/var/lib/snapd/snap/code/169/usr/share/code/resources/app/out/vs/workbench/api/node/extensionHostProcess.js:171:1513)
    at n (/var/lib/snapd/snap/code/169/usr/share/code/resources/app/out/vs/workbench/api/node/extensionHostProcess.js:184:10613)
    at MessagePortMain.<anonymous> (/var/lib/snapd/snap/code/169/usr/share/code/resources/app/out/vs/workbench/api/node/extensionHostProcess.js:184:6805)
    at MessagePortMain.emit (node:events:519:28)
    at MessagePortMain.emit (node:domain:488:12)
    at Object.MessagePortMain._internalPort.emit (node:electron/js2c/utility_init:2:2619) setContext undefined
2024-09-15 00:49:29.932 [info] Extension host with pid 2854951 exiting with code 0
