2023-07-12T14:29:59.383Z extension INFO  Activating extension... []

2023-07-12T14:29:59.385Z telemetry INFO  SegmentKey received [ { type: 'string' } ]

2023-07-12T14:29:59.386Z language server controller INFO  Create MongoDB Language Server [
  {
    serverOptions: { run: [Object], debug: [Object] },
    clientOptions: {
      documentSelector: [Array],
      synchronize: [Object],
      outputChannel: [Object]
    }
  }
]

2023-07-12T14:29:59.397Z playground controller INFO  Active editor path [ undefined ]

2023-07-12T14:29:59.400Z explorer controller INFO  Activating explorer controller... []

2023-07-12T14:29:59.400Z explorer controller INFO  Explorer controller activated []

2023-07-12T14:29:59.400Z help and info explorer INFO  Activating help explorer... []

2023-07-12T14:29:59.400Z help and info explorer INFO  Help explorer activated []

2023-07-12T14:29:59.400Z playgrounds explorer INFO  Activating playgrounds explorer... []

2023-07-12T14:29:59.401Z playgrounds explorer INFO  Playgrounds explorer activated []

2023-07-12T14:29:59.401Z telemetry INFO  Activating segment analytics... []

2023-07-12T14:29:59.403Z telemetry INFO  Segment analytics activated with properties [ { anonymousId: '74d6cac2-09d5-4d14-b710-759e25c6ca60' } ]

2023-07-12T14:30:00.025Z commands INFO  Registering commands... []

2023-07-12T14:30:00.027Z commands INFO  Commands registered []

2023-07-12T14:30:00.027Z extension INFO  Extension activated []

2023-07-12T14:30:26.157Z connection controller INFO  Disconnect called, currently connected to [ null ]

2023-07-12T14:30:26.159Z connection controller INFO  Disconnect called, currently connected to [ null ]

