2024-09-07 12:28:45.115 [info] Experiment 'pythonCreateEnvOnPipInstall' is active
2024-09-07 12:28:45.115 [info] Experiment 'pythonRecommendTensorboardExt' is active
2024-09-07 12:28:45.115 [info] Experiment 'pythonTerminalEnvVarActivation' is active
2024-09-07 12:28:45.115 [info] Experiment 'pythonTestAdapter' is active
2024-09-07 12:28:45.115 [info] Starting Environment refresh
2024-09-07 12:28:45.115 [info] Searching for interpreters in posix paths locator
2024-09-07 12:28:45.115 [info] Searching for pyenv environments
2024-09-07 12:28:45.115 [info] Searching for conda environments
2024-09-07 12:28:45.115 [info] Searching for global virtual environments
2024-09-07 12:28:45.115 [info] Searching for custom virtual environments
2024-09-07 12:28:45.115 [info] Finished searching for custom virtual envs: 76 milliseconds
2024-09-07 12:28:45.115 [info] > conda info --json
2024-09-07 12:28:45.115 [info] Python interpreter path: ~/.pyenv/versions/3.12.2/envs/dip/bin/python
2024-09-07 12:28:45.115 [info] Finished searching for global virtual envs: 438 milliseconds
2024-09-07 12:28:45.115 [info] > pixi --version
2024-09-07 12:28:45.115 [error] Error: spawn pixi ENOENT
    at Process.ChildProcess._handle.onexit (node:internal/child_process:286:19)
    at onErrorNT (node:internal/child_process:484:16)
    at processTicksAndRejections (node:internal/process/task_queues:82:21) {
  errno: -2,
  code: 'ENOENT',
  syscall: 'spawn pixi',
  path: 'pixi',
  spawnargs: [ '--version' ]
}
2024-09-07 12:28:45.115 [warning] could not find a pixi interpreter for the interpreter at /home/devilunraveled/.pyenv/versions/3.12.2/envs/dip/bin/python
2024-09-07 12:28:45.188 [info] > ~/.anaconda_backup/bin/conda info --json
2024-09-07 12:28:45.194 [info] > ~/.conda/bin/conda info --json
2024-09-07 12:28:45.200 [info] > ~/.condarc/bin/conda info --json
2024-09-07 12:28:45.207 [info] > ~/anaconda3/bin/conda info --json
2024-09-07 12:28:45.221 [info] Found: /bin/python --> /bin/python3.12
2024-09-07 12:28:45.239 [info] > . ~/.pyenv/versions/3.12.2/envs/dip/bin/activate && echo 'e8b39361-0157-4923-80e1-22d70d46dee6' && python ~/.vscode/extensions/ms-python.python-2024.12.3-linux-x64/python_files/printEnvVariables.py
2024-09-07 12:28:45.239 [info] shell: zsh
2024-09-07 12:28:45.307 [info] Found: /bin/python3 --> /bin/python3.12
2024-09-07 12:28:45.350 [info] > ~/.pyenv/versions/3.11.8/bin/python ~/.vscode/extensions/ms-python.python-2024.12.3-linux-x64/python_files/printEnvVariables.py
2024-09-07 12:28:45.350 [info] shell: zsh
2024-09-07 12:28:45.352 [info] Found: /bin/python3.12 --> /bin/python3.12
2024-09-07 12:28:45.443 [info] Prepending environment variable PATH in collection with /home/devilunraveled/.vscode/extensions/ms-python.python-2024.12.3-linux-x64/python_files/deactivate/zsh:/home/devilunraveled/.pyenv/versions/3.12.2/envs/dip/bin: {"applyAtShellIntegration":true,"applyAtProcessCreation":true}
2024-09-07 12:28:45.443 [info] Setting environment variable VIRTUAL_ENV in collection to /home/devilunraveled/.pyenv/versions/3.12.2/envs/dip {"applyAtShellIntegration":true,"applyAtProcessCreation":true}
2024-09-07 12:28:45.443 [info] Prepending environment variable PS1 in collection with (dip)  {"applyAtShellIntegration":true,"applyAtProcessCreation":false}
2024-09-07 12:28:45.443 [info] Setting environment variable VIRTUAL_ENV_PROMPT in collection to (dip)  {"applyAtShellIntegration":true,"applyAtProcessCreation":true}
2024-09-07 12:28:45.444 [info] Send text to terminal: /home/devilunraveled/.pyenv/versions/3.11.8/bin/python /home/devilunraveled/.vscode/extensions/ms-python.python-2024.12.3-linux-x64/python_files/printEnvVariablesToFile.py /home/devilunraveled/.vscode/extensions/ms-python.python-2024.12.3-linux-x64/python_files/deactivate/zsh/envVars.txt
2024-09-07 12:28:45.495 [info] > ~/.pyenv/versions/3.11.8/bin/python -I ~/.vscode/extensions/ms-python.python-2024.12.3-linux-x64/python_files/get_output_via_markers.py ~/.vscode/extensions/ms-python.python-2024.12.3-linux-x64/python_files/interpreterInfo.py
2024-09-07 12:28:45.501 [info] Found: /sbin/python --> /sbin/python3.12
2024-09-07 12:28:45.503 [info] Found: /sbin/python3 --> /sbin/python3.12
2024-09-07 12:28:45.510 [info] > ~/College/Sem6/IntroToNLP/Assignments/NeuralPOSTagging/neuralPosTagging/bin/python -I ~/.vscode/extensions/ms-python.python-2024.12.3-linux-x64/python_files/get_output_via_markers.py ~/.vscode/extensions/ms-python.python-2024.12.3-linux-x64/python_files/interpreterInfo.py
2024-09-07 12:28:45.510 [info] Found: /sbin/python3.12 --> /sbin/python3.12
2024-09-07 12:28:45.521 [info] Found: /usr/bin/python --> /usr/bin/python3.12
2024-09-07 12:28:45.522 [info] Found: /usr/bin/python3 --> /usr/bin/python3.12
2024-09-07 12:28:45.522 [info] Found: /usr/bin/python3.12 --> /usr/bin/python3.12
2024-09-07 12:28:45.544 [info] > ~/.pyenv/versions/3.12.2/bin/python -I ~/.vscode/extensions/ms-python.python-2024.12.3-linux-x64/python_files/get_output_via_markers.py ~/.vscode/extensions/ms-python.python-2024.12.3-linux-x64/python_files/interpreterInfo.py
2024-09-07 12:28:45.626 [info] > ~/.pyenv/versions/3.6.15/bin/python -I ~/.vscode/extensions/ms-python.python-2024.12.3-linux-x64/python_files/get_output_via_markers.py ~/.vscode/extensions/ms-python.python-2024.12.3-linux-x64/python_files/interpreterInfo.py
2024-09-07 12:28:45.659 [info] > ~/.pyenv/versions/3.7.3/bin/python -I ~/.vscode/extensions/ms-python.python-2024.12.3-linux-x64/python_files/get_output_via_markers.py ~/.vscode/extensions/ms-python.python-2024.12.3-linux-x64/python_files/interpreterInfo.py
2024-09-07 12:28:45.674 [info] Found: /usr/sbin/python --> /usr/sbin/python3.12
2024-09-07 12:28:45.675 [info] Found: /usr/sbin/python3 --> /usr/sbin/python3.12
2024-09-07 12:28:45.675 [info] Found: /usr/sbin/python3.12 --> /usr/sbin/python3.12
2024-09-07 12:28:45.678 [warning] Looking for python binaries within /home/devilunraveled/git-filter-repo failed with [Error: ENOTDIR: not a directory, scandir '/home/devilunraveled/git-filter-repo'] {
  errno: -20,
  code: 'ENOTDIR',
  syscall: 'scandir',
  path: '/home/devilunraveled/git-filter-repo'
}
2024-09-07 12:28:45.710 [info] > ~/.pyenv/versions/3.12.2/envs/UnsupervisedQAG/bin/python -I ~/.vscode/extensions/ms-python.python-2024.12.3-linux-x64/python_files/get_output_via_markers.py ~/.vscode/extensions/ms-python.python-2024.12.3-linux-x64/python_files/interpreterInfo.py
2024-09-07 12:28:45.759 [info] > ~/.pyenv/versions/3.12.2/envs/anlp/bin/python -I ~/.vscode/extensions/ms-python.python-2024.12.3-linux-x64/python_files/get_output_via_markers.py ~/.vscode/extensions/ms-python.python-2024.12.3-linux-x64/python_files/interpreterInfo.py
2024-09-07 12:28:45.761 [info] Finished searching for pyenv environments: 1209 milliseconds
2024-09-07 12:28:45.789 [info] > ~/.pyenv/versions/3.12.2/envs/diff/bin/python -I ~/.vscode/extensions/ms-python.python-2024.12.3-linux-x64/python_files/get_output_via_markers.py ~/.vscode/extensions/ms-python.python-2024.12.3-linux-x64/python_files/interpreterInfo.py
2024-09-07 12:28:45.821 [info] > ~/.pyenv/versions/3.12.2/envs/dip/bin/python -I ~/.vscode/extensions/ms-python.python-2024.12.3-linux-x64/python_files/get_output_via_markers.py ~/.vscode/extensions/ms-python.python-2024.12.3-linux-x64/python_files/interpreterInfo.py
2024-09-07 12:28:45.840 [info] Finished searching for interpreters in posix paths locator: 1291 milliseconds
2024-09-07 12:28:45.849 [info] > ~/.pyenv/versions/3.12.2/envs/elmo/bin/python -I ~/.vscode/extensions/ms-python.python-2024.12.3-linux-x64/python_files/get_output_via_markers.py ~/.vscode/extensions/ms-python.python-2024.12.3-linux-x64/python_files/interpreterInfo.py
2024-09-07 12:28:45.883 [info] > ~/.pyenv/versions/3.12.2/envs/gsmn/bin/python -I ~/.vscode/extensions/ms-python.python-2024.12.3-linux-x64/python_files/get_output_via_markers.py ~/.vscode/extensions/ms-python.python-2024.12.3-linux-x64/python_files/interpreterInfo.py
2024-09-07 12:28:45.912 [info] > ~/.pyenv/versions/3.12.2/envs/mlops/bin/python -I ~/.vscode/extensions/ms-python.python-2024.12.3-linux-x64/python_files/get_output_via_markers.py ~/.vscode/extensions/ms-python.python-2024.12.3-linux-x64/python_files/interpreterInfo.py
2024-09-07 12:28:45.943 [info] > ~/.pyenv/versions/3.7.3/envs/myEnvUMHQA/bin/python -I ~/.vscode/extensions/ms-python.python-2024.12.3-linux-x64/python_files/get_output_via_markers.py ~/.vscode/extensions/ms-python.python-2024.12.3-linux-x64/python_files/interpreterInfo.py
2024-09-07 12:28:45.981 [info] > ~/.pyenv/versions/3.12.2/envs/nlp/bin/python -I ~/.vscode/extensions/ms-python.python-2024.12.3-linux-x64/python_files/get_output_via_markers.py ~/.vscode/extensions/ms-python.python-2024.12.3-linux-x64/python_files/interpreterInfo.py
2024-09-07 12:28:46.010 [info] > ~/.pyenv/versions/3.6.15/envs/serf/bin/python -I ~/.vscode/extensions/ms-python.python-2024.12.3-linux-x64/python_files/get_output_via_markers.py ~/.vscode/extensions/ms-python.python-2024.12.3-linux-x64/python_files/interpreterInfo.py
2024-09-07 12:28:46.047 [info] > ~/.pyenv/versions/3.12.2/envs/tdl/bin/python -I ~/.vscode/extensions/ms-python.python-2024.12.3-linux-x64/python_files/get_output_via_markers.py ~/.vscode/extensions/ms-python.python-2024.12.3-linux-x64/python_files/interpreterInfo.py
2024-09-07 12:28:46.060 [info] > ~/.pyenv/versions/3.6.15/envs/venv/bin/python -I ~/.vscode/extensions/ms-python.python-2024.12.3-linux-x64/python_files/get_output_via_markers.py ~/.vscode/extensions/ms-python.python-2024.12.3-linux-x64/python_files/interpreterInfo.py
2024-09-07 12:28:46.103 [info] > ~/.pyenv/versions/3.12.2/envs/wordvectorization/bin/python -I ~/.vscode/extensions/ms-python.python-2024.12.3-linux-x64/python_files/get_output_via_markers.py ~/.vscode/extensions/ms-python.python-2024.12.3-linux-x64/python_files/interpreterInfo.py
2024-09-07 12:28:46.121 [info] > /bin/python -I ~/.vscode/extensions/ms-python.python-2024.12.3-linux-x64/python_files/get_output_via_markers.py ~/.vscode/extensions/ms-python.python-2024.12.3-linux-x64/python_files/interpreterInfo.py
2024-09-07 12:28:46.163 [info] > /sbin/python -I ~/.vscode/extensions/ms-python.python-2024.12.3-linux-x64/python_files/get_output_via_markers.py ~/.vscode/extensions/ms-python.python-2024.12.3-linux-x64/python_files/interpreterInfo.py
2024-09-07 12:28:46.185 [info] > /usr/bin/python -I ~/.vscode/extensions/ms-python.python-2024.12.3-linux-x64/python_files/get_output_via_markers.py ~/.vscode/extensions/ms-python.python-2024.12.3-linux-x64/python_files/interpreterInfo.py
2024-09-07 12:28:46.224 [info] > /usr/sbin/python -I ~/.vscode/extensions/ms-python.python-2024.12.3-linux-x64/python_files/get_output_via_markers.py ~/.vscode/extensions/ms-python.python-2024.12.3-linux-x64/python_files/interpreterInfo.py
2024-09-07 12:28:46.454 [info] Starting Pylance language server.
2024-09-07 12:28:46.978 [info] > ~/anaconda3/bin/python -I ~/.vscode/extensions/ms-python.python-2024.12.3-linux-x64/python_files/get_output_via_markers.py ~/.vscode/extensions/ms-python.python-2024.12.3-linux-x64/python_files/interpreterInfo.py
2024-09-07 12:28:46.989 [info] > ~/anaconda3/envs/pytorch/bin/python -I ~/.vscode/extensions/ms-python.python-2024.12.3-linux-x64/python_files/get_output_via_markers.py ~/.vscode/extensions/ms-python.python-2024.12.3-linux-x64/python_files/interpreterInfo.py
2024-09-07 12:28:46.992 [info] Finished searching for conda environments: 2440 milliseconds
2024-09-07 12:28:46.993 [info] Environments refresh paths discovered (event): 2444 milliseconds
2024-09-07 12:28:46.993 [info] Environments refresh paths discovered: 2444 milliseconds
2024-09-07 12:28:47.016 [info] > ~/miniconda3/bin/python -I ~/.vscode/extensions/ms-python.python-2024.12.3-linux-x64/python_files/get_output_via_markers.py ~/.vscode/extensions/ms-python.python-2024.12.3-linux-x64/python_files/interpreterInfo.py
2024-09-07 12:28:47.034 [info] > ~/miniconda3/envs/d2l/bin/python -I ~/.vscode/extensions/ms-python.python-2024.12.3-linux-x64/python_files/get_output_via_markers.py ~/.vscode/extensions/ms-python.python-2024.12.3-linux-x64/python_files/interpreterInfo.py
2024-09-07 12:28:47.059 [info] > ~/miniconda3/envs/vEmbedKGQA/bin/python -I ~/.vscode/extensions/ms-python.python-2024.12.3-linux-x64/python_files/get_output_via_markers.py ~/.vscode/extensions/ms-python.python-2024.12.3-linux-x64/python_files/interpreterInfo.py
2024-09-07 12:28:47.103 [info] Environments refresh finished (event): 2554 milliseconds
2024-09-07 12:28:47.122 [info] Environment refresh took 2574 milliseconds
2024-09-07 12:28:47.169 [info] > ~/.pyenv/versions/diff/bin/python -I ~/.vscode/extensions/ms-python.python-2024.12.3-linux-x64/python_files/get_output_via_markers.py ~/.vscode/extensions/ms-python.python-2024.12.3-linux-x64/python_files/interpreterInfo.py
2024-09-07 12:28:47.178 [info] > ~/.pyenv/versions/tdl/bin/python -I ~/.vscode/extensions/ms-python.python-2024.12.3-linux-x64/python_files/get_output_via_markers.py ~/.vscode/extensions/ms-python.python-2024.12.3-linux-x64/python_files/interpreterInfo.py
2024-09-07 12:28:47.185 [error] Environment /home/devilunraveled/college/sem6/introtonlp/assignments/neuralpostagging/neuralpostagging/bin/python is missing from native locator
2024-09-07 12:28:47.215 [info] > ~/.pyenv/versions/venv/bin/python -I ~/.vscode/extensions/ms-python.python-2024.12.3-linux-x64/python_files/get_output_via_markers.py ~/.vscode/extensions/ms-python.python-2024.12.3-linux-x64/python_files/interpreterInfo.py
2024-09-07 12:28:47.228 [info] > ~/.pyenv/versions/serf/bin/python -I ~/.vscode/extensions/ms-python.python-2024.12.3-linux-x64/python_files/get_output_via_markers.py ~/.vscode/extensions/ms-python.python-2024.12.3-linux-x64/python_files/interpreterInfo.py
2024-09-07 12:28:47.259 [info] > ~/.pyenv/versions/mlops/bin/python -I ~/.vscode/extensions/ms-python.python-2024.12.3-linux-x64/python_files/get_output_via_markers.py ~/.vscode/extensions/ms-python.python-2024.12.3-linux-x64/python_files/interpreterInfo.py
2024-09-07 12:28:47.276 [info] > ~/.pyenv/versions/dip/bin/python -I ~/.vscode/extensions/ms-python.python-2024.12.3-linux-x64/python_files/get_output_via_markers.py ~/.vscode/extensions/ms-python.python-2024.12.3-linux-x64/python_files/interpreterInfo.py
2024-09-07 12:28:47.315 [info] > ~/.pyenv/versions/gsmn/bin/python -I ~/.vscode/extensions/ms-python.python-2024.12.3-linux-x64/python_files/get_output_via_markers.py ~/.vscode/extensions/ms-python.python-2024.12.3-linux-x64/python_files/interpreterInfo.py
2024-09-07 12:28:47.330 [info] > ~/.pyenv/versions/myEnvUMHQA/bin/python -I ~/.vscode/extensions/ms-python.python-2024.12.3-linux-x64/python_files/get_output_via_markers.py ~/.vscode/extensions/ms-python.python-2024.12.3-linux-x64/python_files/interpreterInfo.py
2024-09-07 12:28:47.359 [info] > ~/.pyenv/versions/UnsupervisedQAG/bin/python -I ~/.vscode/extensions/ms-python.python-2024.12.3-linux-x64/python_files/get_output_via_markers.py ~/.vscode/extensions/ms-python.python-2024.12.3-linux-x64/python_files/interpreterInfo.py
2024-09-07 12:28:47.390 [info] > ~/.pyenv/versions/elmo/bin/python -I ~/.vscode/extensions/ms-python.python-2024.12.3-linux-x64/python_files/get_output_via_markers.py ~/.vscode/extensions/ms-python.python-2024.12.3-linux-x64/python_files/interpreterInfo.py
2024-09-07 12:28:47.411 [info] > ~/.pyenv/versions/anlp/bin/python -I ~/.vscode/extensions/ms-python.python-2024.12.3-linux-x64/python_files/get_output_via_markers.py ~/.vscode/extensions/ms-python.python-2024.12.3-linux-x64/python_files/interpreterInfo.py
2024-09-07 12:28:47.435 [info] > ~/.pyenv/versions/wordvectorization/bin/python -I ~/.vscode/extensions/ms-python.python-2024.12.3-linux-x64/python_files/get_output_via_markers.py ~/.vscode/extensions/ms-python.python-2024.12.3-linux-x64/python_files/interpreterInfo.py
2024-09-07 12:28:47.458 [info] > ~/.pyenv/versions/nlp/bin/python -I ~/.vscode/extensions/ms-python.python-2024.12.3-linux-x64/python_files/get_output_via_markers.py ~/.vscode/extensions/ms-python.python-2024.12.3-linux-x64/python_files/interpreterInfo.py
2024-09-07 12:28:47.480 [info] > /usr/sbin/python3.12 -I ~/.vscode/extensions/ms-python.python-2024.12.3-linux-x64/python_files/get_output_via_markers.py ~/.vscode/extensions/ms-python.python-2024.12.3-linux-x64/python_files/interpreterInfo.py
2024-09-07 12:28:47.505 [info] > /sbin/python3.12 -I ~/.vscode/extensions/ms-python.python-2024.12.3-linux-x64/python_files/get_output_via_markers.py ~/.vscode/extensions/ms-python.python-2024.12.3-linux-x64/python_files/interpreterInfo.py
2024-09-07 12:28:47.524 [info] > /usr/sbin/python3 -I ~/.vscode/extensions/ms-python.python-2024.12.3-linux-x64/python_files/get_output_via_markers.py ~/.vscode/extensions/ms-python.python-2024.12.3-linux-x64/python_files/interpreterInfo.py
2024-09-07 12:28:47.547 [info] > /sbin/python3 -I ~/.vscode/extensions/ms-python.python-2024.12.3-linux-x64/python_files/get_output_via_markers.py ~/.vscode/extensions/ms-python.python-2024.12.3-linux-x64/python_files/interpreterInfo.py
2024-09-07 12:29:04.159 [warning] could not find a pixi interpreter for the interpreter at /home/devilunraveled/.pyenv/versions/3.12.2/envs/UnsupervisedQAG/bin/python
2024-09-07 12:29:04.215 [warning] could not find a pixi interpreter for the interpreter at /home/devilunraveled/.pyenv/versions/3.12.2/envs/UnsupervisedQAG/bin/python
2024-09-07 12:29:04.228 [info] > . ~/.pyenv/versions/3.12.2/envs/UnsupervisedQAG/bin/activate && echo 'e8b39361-0157-4923-80e1-22d70d46dee6' && python ~/.vscode/extensions/ms-python.python-2024.12.3-linux-x64/python_files/printEnvVariables.py
2024-09-07 12:29:04.228 [info] shell: bash
2024-09-07 12:29:04.237 [info] > . ~/.pyenv/versions/3.12.2/envs/UnsupervisedQAG/bin/activate && echo 'e8b39361-0157-4923-80e1-22d70d46dee6' && python ~/.vscode/extensions/ms-python.python-2024.12.3-linux-x64/python_files/printEnvVariables.py
2024-09-07 12:29:04.237 [info] shell: bash
