2023-07-28 14:33:31.724 [info] Reading sessions from keychain...
2023-07-28 14:33:31.724 [info] Getting sessions for all scopes...
2023-07-28 14:33:31.724 [info] Getting sessions for all scopes...
2023-07-28 14:33:31.724 [info] Getting sessions for user:email...
2023-07-28 14:33:33.197 [info] Getting sessions for all scopes...
2023-07-28 14:33:33.866 [info] Got 0 sessions for ...
2023-07-28 14:33:33.867 [info] Got 0 sessions for ...
2023-07-28 14:33:33.867 [info] Got 0 sessions for user:email...
2023-07-28 14:33:33.867 [info] Got 0 sessions for ...
2023-07-28 14:33:33.911 [info] Getting sessions for all scopes...
2023-07-28 14:33:33.911 [info] Got 0 sessions for ...
2023-07-28 14:33:33.930 [info] Getting sessions for all scopes...
2023-07-28 14:33:33.930 [info] Got 0 sessions for ...
2023-07-28 14:34:09.737 [info] Reading sessions from keychain...
2023-07-28 14:34:09.737 [info] Getting sessions for all scopes...
2023-07-28 14:34:09.737 [info] Getting sessions for user:email...
2023-07-28 14:34:09.737 [info] Got 0 sessions for ...
2023-07-28 14:34:09.737 [info] Got 0 sessions for user:email...
2023-07-28 14:34:09.737 [info] Getting sessions for all scopes...
2023-07-28 14:34:09.737 [info] Got 0 sessions for ...
2023-07-28 14:34:09.737 [info] Getting sessions for all scopes...
2023-07-28 14:34:09.737 [info] Got 0 sessions for ...
2023-07-28 14:34:09.836 [info] Getting sessions for all scopes...
2023-07-28 14:34:09.836 [info] Got 0 sessions for ...
2023-07-28 14:46:33.854 [info] Reading sessions from keychain...
2023-07-28 14:46:33.854 [info] Getting sessions for all scopes...
2023-07-28 14:46:33.854 [info] Getting sessions for user:email...
2023-07-28 14:46:33.854 [info] Got 0 sessions for ...
2023-07-28 14:46:33.854 [info] Got 0 sessions for user:email...
2023-07-28 14:46:33.854 [info] Getting sessions for all scopes...
2023-07-28 14:46:33.854 [info] Got 0 sessions for ...
2023-07-28 14:46:33.930 [info] Getting sessions for all scopes...
2023-07-28 14:46:33.930 [info] Got 0 sessions for ...
2023-07-28 14:46:33.991 [info] Getting sessions for all scopes...
2023-07-28 14:46:33.991 [info] Got 0 sessions for ...
