2024-09-14 22:22:32.962 [info] Added views:workbench.panel.markers.view in workbench.panel.markers
2024-09-14 22:22:32.963 [info] Added views:workbench.panel.output in workbench.panel.output
2024-09-14 22:22:32.963 [info] Added views:terminal in terminal
2024-09-14 22:22:32.963 [info] Added views:outline in workbench.view.explorer
2024-09-14 22:22:32.963 [info] Added views:workbench.scm in workbench.view.scm
2024-09-14 22:22:32.963 [info] Added views:workbench.view.search in workbench.view.search
2024-09-14 22:22:32.963 [info] Added views:timeline in workbench.view.explorer
2024-09-14 22:22:32.963 [info] Added views:workbench.debug.welcome in workbench.view.debug
2024-09-14 22:22:32.963 [info] Added views:workbench.explorer.fileView in workbench.view.explorer
2024-09-14 22:22:33.369 [info] Added views:bookmarksExplorer,bookmarksHelpAndFeedback in workbench.view.extension.bookmarks
2024-09-14 22:22:33.370 [info] Added views:projectsExplorerFavorites,projectManagerHelpAndFeedback in workbench.view.extension.project-manager
2024-09-14 22:22:33.370 [info] Added views:codeium.chatPanelView in workbench.view.extension.codeium
2024-09-14 22:22:33.371 [info] Added views:gitlens.views.home,gitlens.views.workspaces,gitlens.views.account in workbench.view.extension.gitlens
2024-09-14 22:22:33.372 [info] Added views:gitlens.views.commitDetails,gitlens.views.lineHistory,gitlens.views.fileHistory,gitlens.views.searchAndCompare in workbench.view.extension.gitlensInspect
2024-09-14 22:22:33.373 [info] Added views:gitlens.views.commits,gitlens.views.branches,gitlens.views.remotes,gitlens.views.stashes,gitlens.views.tags in workbench.view.scm
2024-09-14 22:22:33.373 [info] Added views:mongoDBConnectionExplorer,mongoDBPlaygroundsExplorer,mongoDBHelpExplorer in workbench.view.extension.mongoDB
2024-09-14 22:22:33.373 [info] Added views:dockerContainers,dockerImages,dockerRegistries,dockerNetworks,dockerVolumes,vscode-docker.views.dockerContexts,vscode-docker.views.help in workbench.view.extension.dockerView
2024-09-14 22:22:33.374 [info] Added views:targetsContainers,devVolumes in workbench.view.remote
2024-09-14 22:22:33.582 [info] Added views:workbench.panel.repl.view in workbench.panel.repl
2024-09-14 22:22:34.179 [info] Added views:jupyterViewVariables in workbench.view.extension.jupyter-variables
2024-09-14 22:22:34.181 [info] Added views:cell-tag in workbench.view.extension.jupyter-variables
2024-09-14 22:22:34.597 [info] Added views:~remote.forwardedPorts in ~remote.forwardedPortsContainer
2024-09-14 22:22:35.248 [info] Added views:projectsExplorerGit in workbench.view.extension.project-manager
2024-09-14 22:22:35.439 [info] Added views:gitlens.views.drafts in workbench.view.extension.gitlens
2024-09-14 22:22:35.592 [info] Added views:workbench.view.testing in workbench.view.extension.test
2024-09-14 22:22:36.134 [info] Added views:gitlens.views.graph,gitlens.views.graphDetails in workbench.view.extension.gitlensPanel
2024-09-14 22:22:36.134 [info] Added views:gitlens.views.timeline in workbench.view.extension.gitlensInspect
2024-09-14 22:22:36.135 [info] Added views:gitlens.views.worktrees in workbench.view.scm
2024-09-14 22:22:38.144 [info] Added views:workbench.panel.comments in workbench.panel.comments
2024-09-15 00:49:29.812 [info] Removed views:workbench.view.testing from workbench.view.extension.test
