2023-07-13 19:15:48.723 [info] Reading sessions from keychain...
2023-07-13 19:15:48.723 [info] Getting sessions for all scopes...
2023-07-13 19:15:48.723 [info] Getting sessions for user:email...
2023-07-13 19:15:48.723 [info] Getting sessions for all scopes...
2023-07-13 19:15:48.723 [info] Got 0 sessions for ...
2023-07-13 19:15:48.723 [info] Got 0 sessions for user:email...
2023-07-13 19:15:48.723 [info] Got 0 sessions for ...
2023-07-13 19:15:48.943 [info] Getting sessions for all scopes...
2023-07-13 19:15:48.943 [info] Got 0 sessions for ...
2023-07-13 19:15:48.966 [info] Getting sessions for all scopes...
2023-07-13 19:15:48.966 [info] Got 0 sessions for ...
2023-07-13 19:16:29.103 [info] Reading sessions from keychain...
2023-07-13 19:16:29.103 [info] Getting sessions for all scopes...
2023-07-13 19:16:29.103 [info] Getting sessions for user:email...
2023-07-13 19:16:29.290 [info] Got 0 sessions for ...
2023-07-13 19:16:29.290 [info] Got 0 sessions for user:email...
2023-07-13 19:16:29.290 [info] Getting sessions for all scopes...
2023-07-13 19:16:29.290 [info] Got 0 sessions for ...
2023-07-13 19:16:29.293 [info] Getting sessions for all scopes...
2023-07-13 19:16:29.293 [info] Got 0 sessions for ...
2023-07-13 19:16:29.444 [info] Getting sessions for all scopes...
2023-07-13 19:16:29.444 [info] Got 0 sessions for ...
