2023-02-25 01:14:37.081 [info] Log level: Info
2023-02-25 01:14:37.081 [info] Validating found git in: "git"
2023-02-25 01:14:37.081 [info] Using git "2.39.2" from "git"
2023-02-25 01:14:37.081 [info] > git rev-parse --show-toplevel [8ms]
2023-02-25 01:14:37.081 [info] fatal: not a git repository (or any of the parent directories): .git
2023-02-25 01:14:37.081 [info] > git rev-parse --show-toplevel [2ms]
2023-02-25 01:14:37.081 [info] > git rev-parse --git-dir --git-common-dir [4ms]
2023-02-25 01:14:37.081 [info] Open repository: /home/devilunraveled/DASS/Assignment 1/frontend/frontend
2023-02-25 01:14:37.081 [info] > git rev-parse --show-toplevel [399ms]
2023-02-25 01:14:37.081 [info] fatal: not a git repository (or any of the parent directories): .git
2023-02-25 01:14:37.081 [info] > git rev-parse --show-toplevel [167ms]
2023-02-25 01:14:37.081 [info] fatal: not a git repository (or any of the parent directories): .git
2023-02-25 01:14:37.081 [info] > git config --get commit.template [190ms]
2023-02-25 01:14:37.097 [info] > git rev-parse --show-toplevel [44ms]
2023-02-25 01:14:37.097 [info] fatal: not a git repository (or any of the parent directories): .git
2023-02-25 01:14:37.161 [info] > git rev-parse --show-toplevel [56ms]
2023-02-25 01:14:37.161 [info] fatal: not a git repository (or any of the parent directories): .git
2023-02-25 01:14:37.200 [info] > git for-each-ref --format=%(refname)%00%(upstream:short)%00%(objectname)%00%(upstream:track)%00%(upstream:remotename)%00%(upstream:remoteref) refs/heads/main refs/remotes/main [41ms]
2023-02-25 01:14:37.243 [info] > git status -z -uall [33ms]
2023-02-25 01:14:37.244 [info] > git rev-parse --show-toplevel [5ms]
2023-02-25 01:14:37.244 [info] fatal: not a git repository (or any of the parent directories): .git
2023-02-25 01:14:37.244 [info] > git for-each-ref --sort -committerdate --format %(refname) %(objectname) %(*objectname) [23ms]
2023-02-25 01:14:37.272 [info] > git config --get commit.template [16ms]
2023-02-25 01:14:37.307 [info] > git for-each-ref --format=%(refname)%00%(upstream:short)%00%(objectname)%00%(upstream:track)%00%(upstream:remotename)%00%(upstream:remoteref) refs/heads/main refs/remotes/main [26ms]
2023-02-25 01:14:37.326 [info] > git status -z -uall [10ms]
2023-02-25 01:14:37.335 [info] > git for-each-ref --sort -committerdate --format %(refname) %(objectname) %(*objectname) [10ms]
2023-02-25 01:14:37.516 [info] > git check-ignore -v -z --stdin [71ms]
2023-02-25 01:14:37.517 [info] > git rev-parse --show-toplevel [4ms]
2023-02-25 01:14:37.517 [info] fatal: not a git repository (or any of the parent directories): .git
2023-02-25 01:14:37.669 [info] > git rev-parse --show-toplevel [3ms]
2023-02-25 01:14:37.669 [info] fatal: not a git repository (or any of the parent directories): .git
2023-02-25 01:14:37.785 [info] > git show --textconv :src/scenes/Forms/SignUpForm.jsx [13ms]
2023-02-25 01:14:37.785 [info] > git ls-files --stage -- /home/devilunraveled/DASS/Assignment 1/frontend/frontend/src/scenes/Forms/SignUpForm.jsx [2ms]
2023-02-25 01:14:37.801 [info] > git cat-file -s 690858fb98bd58c7efb677a27be40506d54d6cd3 [4ms]
2023-02-25 01:14:47.560 [info] > git rev-parse --show-toplevel [6ms]
2023-02-25 01:14:47.560 [info] fatal: not a git repository (or any of the parent directories): .git
2023-02-25 01:15:05.186 [info] > git show --textconv :Dockerfile [9ms]
2023-02-25 01:15:05.187 [info] > git ls-files --stage -- /home/devilunraveled/DASS/Assignment 1/frontend/frontend/Dockerfile [2ms]
2023-02-25 01:15:05.197 [info] > git cat-file -s 11b6f54549f397d243179b0ee5bd72f1a4e6f7aa [2ms]
2023-02-25 01:15:13.538 [info] > git rev-parse --show-toplevel [5ms]
2023-02-25 01:15:13.538 [info] fatal: not a git repository (or any of the parent directories): .git
2023-02-25 01:15:26.280 [info] > git config --get commit.template [6ms]
2023-02-25 01:15:26.294 [info] > git for-each-ref --format=%(refname)%00%(upstream:short)%00%(objectname)%00%(upstream:track)%00%(upstream:remotename)%00%(upstream:remoteref) refs/heads/main refs/remotes/main [1ms]
2023-02-25 01:15:26.321 [info] > git status -z -uall [14ms]
2023-02-25 01:15:26.321 [info] > git for-each-ref --sort -committerdate --format %(refname) %(objectname) %(*objectname) [1ms]
2023-02-25 01:16:46.039 [info] > git config --get commit.template [1ms]
2023-02-25 01:16:46.048 [info] > git for-each-ref --format=%(refname)%00%(upstream:short)%00%(objectname)%00%(upstream:track)%00%(upstream:remotename)%00%(upstream:remoteref) refs/heads/main refs/remotes/main [1ms]
2023-02-25 01:16:46.065 [info] > git status -z -uall [10ms]
2023-02-25 01:16:46.067 [info] > git for-each-ref --sort -committerdate --format %(refname) %(objectname) %(*objectname) [3ms]
2023-02-25 01:17:12.618 [info] > git config --get commit.template [2ms]
2023-02-25 01:17:12.633 [info] > git for-each-ref --format=%(refname)%00%(upstream:short)%00%(objectname)%00%(upstream:track)%00%(upstream:remotename)%00%(upstream:remoteref) refs/heads/main refs/remotes/main [2ms]
2023-02-25 01:17:12.659 [info] > git status -z -uall [13ms]
2023-02-25 01:17:12.661 [info] > git for-each-ref --sort -committerdate --format %(refname) %(objectname) %(*objectname) [4ms]
2023-02-25 01:17:48.880 [info] > git config --get commit.template [8ms]
2023-02-25 01:17:48.887 [info] > git for-each-ref --format=%(refname)%00%(upstream:short)%00%(objectname)%00%(upstream:track)%00%(upstream:remotename)%00%(upstream:remoteref) refs/heads/main refs/remotes/main [1ms]
2023-02-25 01:17:48.903 [info] > git status -z -uall [9ms]
2023-02-25 01:17:48.906 [info] > git for-each-ref --sort -committerdate --format %(refname) %(objectname) %(*objectname) [4ms]
2023-02-25 01:18:02.518 [info] > git config --get commit.template [2ms]
2023-02-25 01:18:02.529 [info] > git for-each-ref --format=%(refname)%00%(upstream:short)%00%(objectname)%00%(upstream:track)%00%(upstream:remotename)%00%(upstream:remoteref) refs/heads/main refs/remotes/main [1ms]
2023-02-25 01:18:02.552 [info] > git status -z -uall [14ms]
2023-02-25 01:18:02.554 [info] > git for-each-ref --sort -committerdate --format %(refname) %(objectname) %(*objectname) [3ms]
2023-02-25 01:18:06.446 [info] > git rev-parse --show-toplevel [3ms]
2023-02-25 01:18:06.446 [info] fatal: not a git repository (or any of the parent directories): .git
2023-02-25 01:18:10.163 [info] > git rev-parse --show-toplevel [2ms]
2023-02-25 01:18:10.164 [info] fatal: not a git repository (or any of the parent directories): .git
2023-02-25 01:18:12.899 [info] > git rev-parse --show-toplevel [2ms]
2023-02-25 01:18:12.899 [info] fatal: not a git repository (or any of the parent directories): .git
2023-02-25 01:18:15.437 [info] > git rev-parse --show-toplevel [5ms]
2023-02-25 01:18:15.437 [info] fatal: not a git repository (or any of the parent directories): .git
2023-02-25 01:18:20.985 [info] > git rev-parse --show-toplevel [2ms]
2023-02-25 01:18:20.985 [info] fatal: not a git repository (or any of the parent directories): .git
2023-02-25 01:24:34.813 [info] > git rev-parse --show-toplevel [7ms]
2023-02-25 01:24:34.813 [info] fatal: not a git repository (or any of the parent directories): .git
2023-02-25 01:26:17.584 [info] > git rev-parse --show-toplevel [5ms]
2023-02-25 01:26:17.584 [info] fatal: not a git repository (or any of the parent directories): .git
2023-02-25 01:30:09.838 [info] > git rev-parse --show-toplevel [3ms]
2023-02-25 01:30:09.838 [info] fatal: not a git repository (or any of the parent directories): .git
2023-02-25 01:30:34.093 [info] > git config --get commit.template [11ms]
2023-02-25 01:30:34.096 [info] > git for-each-ref --format=%(refname)%00%(upstream:short)%00%(objectname)%00%(upstream:track)%00%(upstream:remotename)%00%(upstream:remoteref) refs/heads/main refs/remotes/main [5ms]
2023-02-25 01:30:34.118 [info] > git status -z -uall [11ms]
2023-02-25 01:30:34.118 [info] > git for-each-ref --sort -committerdate --format %(refname) %(objectname) %(*objectname) [2ms]
2023-02-25 01:32:27.988 [info] > git rev-parse --show-toplevel [5ms]
2023-02-25 01:32:27.989 [info] fatal: not a git repository (or any of the parent directories): .git
2023-02-25 01:32:35.282 [info] > git show --textconv :Dockerfile [19ms]
2023-02-25 01:32:35.282 [info] > git ls-files --stage -- /home/devilunraveled/DASS/Assignment 1/frontend/frontend/Dockerfile [9ms]
2023-02-25 01:32:35.294 [info] > git cat-file -s 11b6f54549f397d243179b0ee5bd72f1a4e6f7aa [3ms]
2023-02-25 01:32:37.766 [info] > git config --get commit.template [1ms]
2023-02-25 01:32:37.784 [info] > git for-each-ref --format=%(refname)%00%(upstream:short)%00%(objectname)%00%(upstream:track)%00%(upstream:remotename)%00%(upstream:remoteref) refs/heads/main refs/remotes/main [3ms]
2023-02-25 01:32:37.814 [info] > git status -z -uall [17ms]
2023-02-25 01:32:37.816 [info] > git for-each-ref --sort -committerdate --format %(refname) %(objectname) %(*objectname) [3ms]
2023-02-25 01:32:39.992 [info] > git rev-parse --show-toplevel [5ms]
2023-02-25 01:32:39.992 [info] fatal: not a git repository (or any of the parent directories): .git
