2023-07-13T13:47:18.132Z extension INFO  Activating extension... []

2023-07-13T13:47:18.133Z telemetry INFO  SegmentKey was found [ { type: 'string' } ]

2023-07-13T13:47:18.134Z language server controller INFO  Create MongoDB Language Server [
  {
    serverOptions: { run: [Object], debug: [Object] },
    clientOptions: {
      documentSelector: [Array],
      synchronize: [Object],
      outputChannel: [Object]
    }
  }
]

2023-07-13T13:47:18.137Z playground controller INFO  Active editor path [ undefined ]

2023-07-13T13:47:18.138Z explorer controller INFO  Activating explorer controller... []

2023-07-13T13:47:18.138Z explorer controller INFO  Explorer controller activated []

2023-07-13T13:47:18.138Z help and info explorer INFO  Activating help explorer... []

2023-07-13T13:47:18.138Z help and info explorer INFO  Help explorer activated []

2023-07-13T13:47:18.138Z playgrounds explorer INFO  Activating playgrounds explorer... []

2023-07-13T13:47:18.138Z playgrounds explorer INFO  Playgrounds explorer activated []

2023-07-13T13:47:18.138Z telemetry INFO  Activating segment analytics... []

2023-07-13T13:47:18.139Z telemetry INFO  Segment analytics activated with properties [ { anonymousId: '74d6cac2-09d5-4d14-b710-759e25c6ca60' } ]

2023-07-13T13:47:18.508Z commands INFO  Registering commands... []

2023-07-13T13:47:18.510Z commands INFO  Commands registered []

2023-07-13T13:47:18.510Z extension INFO  Extension activated []

2023-07-13T14:34:32.896Z connection controller INFO  Disconnect called, currently connected to [ null ]

2023-07-13T14:34:32.899Z connection controller INFO  Disconnect called, currently connected to [ null ]

