2023-07-28T15:22:53.975Z extension INFO  Activating extension... []

2023-07-28T15:22:53.976Z telemetry INFO  SegmentKey was found [ { type: 'string' } ]

2023-07-28T15:22:53.976Z language server controller INFO  Create MongoDB Language Server [
  {
    serverOptions: { run: [Object], debug: [Object] },
    clientOptions: {
      documentSelector: [Array],
      synchronize: [Object],
      outputChannel: [Object]
    }
  }
]

2023-07-28T15:22:53.979Z playground controller INFO  Active editor path [
  '/home/devilunraveled/DASS/Assignment 1/2021101049/backend/index.js'
]

2023-07-28T15:22:53.980Z explorer controller INFO  Activating explorer controller... []

2023-07-28T15:22:53.980Z explorer controller INFO  Explorer controller activated []

2023-07-28T15:22:53.980Z help and info explorer INFO  Activating help explorer... []

2023-07-28T15:22:53.980Z help and info explorer INFO  Help explorer activated []

2023-07-28T15:22:53.980Z playgrounds explorer INFO  Activating playgrounds explorer... []

2023-07-28T15:22:53.980Z playgrounds explorer INFO  Playgrounds explorer activated []

2023-07-28T15:22:53.980Z telemetry INFO  Activating segment analytics... []

2023-07-28T15:22:53.981Z telemetry INFO  Segment analytics activated with properties [ { anonymousId: '74d6cac2-09d5-4d14-b710-759e25c6ca60' } ]

2023-07-28T15:22:54.368Z commands INFO  Registering commands... []

2023-07-28T15:22:54.370Z commands INFO  Commands registered []

2023-07-28T15:22:54.371Z extension INFO  Extension activated []

2023-07-28T15:25:30.299Z playground controller INFO  Active editor path [ undefined ]

2023-07-28T15:25:30.366Z playground controller INFO  Active editor path [ '/home/devilunraveled/DASS/Assignment 1/2021101049/backend/.env' ]

2023-07-28T15:25:36.162Z playground controller INFO  Active editor path [ undefined ]

2023-07-28T15:25:36.184Z playground controller INFO  Active editor path [
  '/home/devilunraveled/DASS/Assignment 1/2021101049/backend/index.js'
]

2023-07-28T15:31:46.809Z playground controller INFO  Active editor path [ undefined ]

2023-07-28T15:31:46.857Z playground controller INFO  Active editor path [
  '/home/devilunraveled/DASS/Assignment 1/2021101049/docker-compose.yml'
]

2023-07-28T15:52:06.883Z connection controller INFO  Disconnect called, currently connected to [ null ]

2023-07-28T15:52:06.885Z connection controller INFO  Disconnect called, currently connected to [ null ]

