2023-04-27T11:10:45.591Z extension INFO  Activating extension... []

2023-04-27T11:10:45.592Z telemetry INFO  SegmentKey received [ { type: 'string' } ]

2023-04-27T11:10:45.593Z language server controller INFO  Create MongoDB Language Server [
  {
    serverOptions: { run: [Object], debug: [Object] },
    clientOptions: {
      documentSelector: [Array],
      synchronize: [Object],
      outputChannel: [Object]
    }
  }
]

2023-04-27T11:10:45.595Z playground controller INFO  Active editor path [
  '/home/devilunraveled/Projects/DASS/Product Labs/DASS2k23-Team-5/backend/socketControllers/TranscriptEvents.js'
]

2023-04-27T11:10:45.596Z explorer controller INFO  Activating explorer controller... []

2023-04-27T11:10:45.596Z explorer controller INFO  Explorer controller activated []

2023-04-27T11:10:45.596Z help and info explorer INFO  Activating help explorer... []

2023-04-27T11:10:45.596Z help and info explorer INFO  Help explorer activated []

2023-04-27T11:10:45.596Z playgrounds explorer INFO  Activating playgrounds explorer... []

2023-04-27T11:10:45.596Z playgrounds explorer INFO  Playgrounds explorer activated []

2023-04-27T11:10:45.596Z telemetry INFO  Activating segment analytics... []

2023-04-27T11:10:45.597Z telemetry INFO  Segment analytics activated with properties [ { anonymousId: '74d6cac2-09d5-4d14-b710-759e25c6ca60' } ]

2023-04-27T11:10:45.920Z commands INFO  Registering commands... []

2023-04-27T11:10:45.922Z commands INFO  Commands registered []

2023-04-27T11:10:45.923Z extension INFO  Extension activated []

2023-04-27T11:12:31.388Z playground controller INFO  Active editor path [ undefined ]

2023-04-27T11:12:31.465Z playground controller INFO  Active editor path [
  '/home/devilunraveled/Projects/DASS/Product Labs/DASS2k23-Team-5/backend/.env'
]

2023-04-27T11:50:21.606Z connection controller INFO  Disconnect called, currently connected to [ null ]

2023-04-27T11:50:21.609Z connection controller INFO  Disconnect called, currently connected to [ null ]

