2023-07-28 20:51:30.979 [info] Log level: Info
2023-07-28 20:51:30.979 [info] Validating found git in: "git"
2023-07-28 20:51:30.979 [info] Using git "2.41.0" from "git"
2023-07-28 20:52:49.590 [info] Log level: Info
2023-07-28 20:52:49.590 [info] Validating found git in: "git"
2023-07-28 20:52:49.590 [info] Using git "2.41.0" from "git"
2023-07-28 20:52:49.590 [info] > git rev-parse --show-toplevel [9ms]
2023-07-28 20:52:49.590 [info] fatal: not a git repository (or any of the parent directories): .git
2023-07-28 20:52:49.590 [info] > git rev-parse --show-toplevel [27ms]
2023-07-28 20:52:49.590 [info] fatal: not a git repository (or any of the parent directories): .git
2023-07-28 20:52:49.590 [info] > git rev-parse --show-toplevel [14ms]
2023-07-28 20:52:49.590 [info] fatal: not a git repository (or any of the parent directories): .git
2023-07-28 20:52:49.590 [info] > git rev-parse --show-toplevel [17ms]
2023-07-28 20:52:49.590 [info] fatal: not a git repository (or any of the parent directories): .git
2023-07-28 20:52:49.606 [info] > git rev-parse --show-toplevel [10ms]
2023-07-28 20:52:49.606 [info] fatal: not a git repository (or any of the parent directories): .git
2023-07-28 20:52:49.617 [info] > git rev-parse --show-toplevel [4ms]
2023-07-28 20:52:49.617 [info] fatal: not a git repository (or any of the parent directories): .git
2023-07-28 20:52:49.627 [info] > git rev-parse --show-toplevel [2ms]
2023-07-28 20:52:49.627 [info] fatal: not a git repository (or any of the parent directories): .git
2023-07-28 20:52:50.078 [info] > git rev-parse --show-toplevel [121ms]
2023-07-28 20:52:50.078 [info] fatal: not a git repository (or any of the parent directories): .git
2023-07-28 20:52:50.118 [info] > git rev-parse --show-toplevel [31ms]
2023-07-28 20:52:50.118 [info] fatal: not a git repository (or any of the parent directories): .git
2023-07-28 20:52:50.136 [info] > git rev-parse --show-toplevel [10ms]
2023-07-28 20:52:50.136 [info] fatal: not a git repository (or any of the parent directories): .git
2023-07-28 20:52:53.238 [info] > git rev-parse --show-toplevel [10ms]
2023-07-28 20:52:53.238 [info] fatal: not a git repository (or any of the parent directories): .git
2023-07-28 20:55:30.387 [info] > git rev-parse --show-toplevel [13ms]
2023-07-28 20:55:30.387 [info] fatal: not a git repository (or any of the parent directories): .git
2023-07-28 20:55:36.199 [info] > git rev-parse --show-toplevel [5ms]
2023-07-28 20:55:36.199 [info] fatal: not a git repository (or any of the parent directories): .git
2023-07-28 21:01:46.868 [info] > git rev-parse --show-toplevel [3ms]
2023-07-28 21:01:46.868 [info] fatal: not a git repository (or any of the parent directories): .git
2023-07-28 21:02:13.088 [info] > git rev-parse --show-toplevel [2ms]
2023-07-28 21:02:13.089 [info] fatal: not a git repository (or any of the parent directories): .git
2023-07-28 21:22:06.857 [info] > git rev-parse --show-toplevel [3ms]
2023-07-28 21:22:06.857 [info] fatal: not a git repository (or any of the parent directories): .git
