2024-08-30 11:47:15.075 [info] [main] Log level: Info
2024-08-30 11:47:15.075 [info] [main] Validating found git in: "git"
2024-08-30 11:47:15.075 [info] [main] Using git "2.46.0" from "git"
2024-08-30 11:47:15.075 [info] [Model][doInitialScan] Initial repository scan started
2024-08-30 11:47:15.075 [info] > git rev-parse --show-toplevel [4ms]
2024-08-30 11:47:15.075 [info] fatal: not a git repository (or any of the parent directories): .git
2024-08-30 11:47:15.075 [info] [Model][doInitialScan] Initial repository scan completed - repositories (0), closed repositories (0), parent repositories (0), unsafe repositories (0)
2024-08-30 11:47:16.816 [info] > git rev-parse --show-toplevel [4ms]
2024-08-30 11:47:16.816 [info] fatal: not a git repository (or any of the parent directories): .git
2024-08-30 11:47:51.755 [info] [main] Log level: Info
2024-08-30 11:47:51.755 [info] [main] Validating found git in: "git"
2024-08-30 11:47:51.755 [info] [main] Using git "2.46.0" from "git"
2024-08-30 11:47:51.755 [info] [Model][doInitialScan] Initial repository scan started
2024-08-30 11:47:51.755 [info] > git rev-parse --show-toplevel [5ms]
2024-08-30 11:47:51.755 [info] fatal: not a git repository (or any of the parent directories): .git
2024-08-30 11:47:51.755 [info] [Model][doInitialScan] Initial repository scan completed - repositories (0), closed repositories (0), parent repositories (0), unsafe repositories (0)
2024-08-30 11:51:45.355 [info] > git rev-parse --show-toplevel [2ms]
2024-08-30 11:51:45.355 [info] fatal: not a git repository (or any of the parent directories): .git
2024-08-30 11:54:41.710 [info] > git rev-parse --show-toplevel [6ms]
2024-08-30 11:54:41.710 [info] fatal: not a git repository (or any of the parent directories): .git
2024-08-30 12:00:29.934 [info] > git rev-parse --show-toplevel [8ms]
2024-08-30 12:00:29.934 [info] fatal: not a git repository (or any of the parent directories): .git
2024-08-30 12:01:59.074 [info] > git rev-parse --show-toplevel [4ms]
2024-08-30 12:01:59.074 [info] fatal: not a git repository (or any of the parent directories): .git
2024-08-30 12:08:38.071 [info] > git rev-parse --show-toplevel [4ms]
2024-08-30 12:08:38.071 [info] fatal: not a git repository (or any of the parent directories): .git
2024-08-30 12:08:43.657 [info] > git rev-parse --show-toplevel [3ms]
2024-08-30 12:08:43.657 [info] fatal: not a git repository (or any of the parent directories): .git
2024-08-30 18:02:11.171 [info] > git rev-parse --show-toplevel [5ms]
2024-08-30 19:04:58.303 [info] > git rev-parse --show-toplevel [12ms]
2024-08-30 19:04:58.303 [info] fatal: not a git repository (or any of the parent directories): .git
