2023-10-25 13:58:45.343 [info] Reading sessions from keychain...
2023-10-25 13:58:45.343 [info] Getting sessions for all scopes...
2023-10-25 13:58:45.343 [info] Got 0 sessions for ...
2023-10-25 13:58:45.343 [info] Getting sessions for all scopes...
2023-10-25 13:58:45.343 [info] Got 0 sessions for ...
2023-10-25 13:58:45.343 [info] Getting sessions for user:email...
2023-10-25 13:58:45.343 [info] Got 0 sessions for user:email...
2023-10-25 13:58:46.281 [info] Getting sessions for all scopes...
2023-10-25 13:58:46.281 [info] Got 0 sessions for ...
2023-10-25 13:58:46.365 [info] Getting sessions for all scopes...
2023-10-25 13:58:46.365 [info] Got 0 sessions for ...
2023-10-25 13:58:49.198 [info] Getting sessions for all scopes...
2023-10-25 13:58:49.198 [info] Got 0 sessions for ...
2023-10-25 13:59:28.975 [info] Reading sessions from keychain...
2023-10-25 13:59:28.975 [info] Getting sessions for all scopes...
2023-10-25 13:59:28.975 [info] Got 0 sessions for ...
2023-10-25 13:59:28.975 [info] Getting sessions for user:email...
2023-10-25 13:59:28.975 [info] Got 0 sessions for user:email...
2023-10-25 13:59:28.975 [info] Getting sessions for all scopes...
2023-10-25 13:59:28.975 [info] Got 0 sessions for ...
2023-10-25 13:59:28.975 [info] Getting sessions for read:user,repo,user:email,workflow...
2023-10-25 13:59:28.975 [info] Got 0 sessions for read:user,repo,user:email,workflow...
2023-10-25 13:59:29.182 [info] Getting sessions for all scopes...
2023-10-25 13:59:29.182 [info] Got 0 sessions for ...
2023-10-25 13:59:29.592 [info] Getting sessions for all scopes...
2023-10-25 13:59:29.592 [info] Got 0 sessions for ...
2023-10-25 13:59:37.829 [info] Getting sessions for read:user,repo,user:email...
2023-10-25 13:59:37.829 [info] Got 0 sessions for read:user,repo,user:email...
2023-10-25 14:52:23.751 [info] Getting sessions for read:user,repo,user:email...
2023-10-25 14:52:23.751 [info] Got 0 sessions for read:user,repo,user:email...
