2023-04-27 16:40:44.886 [info] Extension host with pid 2531 started
2023-04-27 16:40:44.886 [info] Skipping acquiring lock for /home/devilunraveled/.config/Code/User/workspaceStorage/754db564ea63329aca5d9272735f1c90.
2023-04-27 16:40:45.003 [info] ExtensionService#_doActivateExtension mongodb.mongodb-vscode, startup: false, activationEvent: 'onLanguage:plaintext'
2023-04-27 16:40:45.436 [info] ExtensionService#_doActivateExtension vscode.emmet, startup: false, activationEvent: 'onLanguage'
2023-04-27 16:40:45.440 [info] ExtensionService#_doActivateExtension vscode.typescript-language-features, startup: false, activationEvent: 'onLanguage:javascript'
2023-04-27 16:40:45.449 [info] ExtensionService#_doActivateExtension dsznajder.es7-react-js-snippets, startup: false, activationEvent: 'onLanguage:javascript'
2023-04-27 16:40:45.700 [info] ExtensionService#_doActivateExtension vscode.github-authentication, startup: false, activationEvent: 'onAuthenticationRequest:github'
2023-04-27 16:40:45.931 [info] ExtensionService#_doActivateExtension vscode.git-base, startup: true, activationEvent: '*', root cause: vscode.git
2023-04-27 16:40:45.934 [info] ExtensionService#_doActivateExtension formulahendry.auto-close-tag, startup: true, activationEvent: '*'
2023-04-27 16:40:45.936 [info] ExtensionService#_doActivateExtension formulahendry.auto-rename-tag, startup: true, activationEvent: '*'
2023-04-27 16:40:45.945 [info] ExtensionService#_doActivateExtension TabNine.tabnine-vscode, startup: true, activationEvent: '*'
2023-04-27 16:40:45.964 [info] ExtensionService#_doActivateExtension vscodevim.vim, startup: true, activationEvent: '*'
2023-04-27 16:40:46.022 [info] ExtensionService#_doActivateExtension wayou.vscode-todo-highlight, startup: true, activationEvent: '*'
2023-04-27 16:40:46.025 [info] ExtensionService#_doActivateExtension vscode.npm, startup: true, activationEvent: 'workspaceContains:package.json'
2023-04-27 16:40:46.139 [info] ExtensionService#_doActivateExtension vscode.git, startup: true, activationEvent: '*'
2023-04-27 16:40:46.208 [info] ExtensionService#_doActivateExtension vscode.github, startup: true, activationEvent: '*'
2023-04-27 16:40:46.248 [info] ExtensionService#_doActivateExtension vscode.configuration-editing, startup: false, activationEvent: 'onLanguage:jsonc'
2023-04-27 16:40:46.252 [info] ExtensionService#_doActivateExtension vscode.json-language-features, startup: false, activationEvent: 'onLanguage:jsonc'
2023-04-27 16:40:46.266 [info] ExtensionService#_doActivateExtension dbaeumer.vscode-eslint, startup: false, activationEvent: 'onLanguage:jsonc'
2023-04-27 16:40:46.291 [info] ExtensionService#_doActivateExtension ms-vscode-remote.remote-containers, startup: false, activationEvent: 'onLanguage:jsonc'
2023-04-27 16:40:46.307 [info] ExtensionService#_doActivateExtension streetsidesoftware.code-spell-checker, startup: false, activationEvent: 'onLanguage:jsonc'
2023-04-27 16:40:46.549 [info] Eager extensions activated
2023-04-27 16:40:46.572 [info] ExtensionService#_doActivateExtension vscode.debug-auto-launch, startup: false, activationEvent: 'onStartupFinished'
2023-04-27 16:40:46.574 [info] ExtensionService#_doActivateExtension vscode.merge-conflict, startup: false, activationEvent: 'onStartupFinished'
2023-04-27 16:40:46.580 [info] ExtensionService#_doActivateExtension aaron-bond.better-comments, startup: false, activationEvent: 'onStartupFinished'
2023-04-27 16:40:46.588 [info] ExtensionService#_doActivateExtension alefragnani.Bookmarks, startup: false, activationEvent: 'onStartupFinished'
2023-04-27 16:40:46.592 [info] ExtensionService#_doActivateExtension alefragnani.project-manager, startup: false, activationEvent: 'onStartupFinished'
2023-04-27 16:40:46.597 [info] ExtensionService#_doActivateExtension eamodio.gitlens, startup: false, activationEvent: 'onStartupFinished'
2023-04-27 16:40:46.621 [info] ExtensionService#_doActivateExtension esbenp.prettier-vscode, startup: false, activationEvent: 'onStartupFinished'
2023-04-27 16:40:46.645 [info] ExtensionService#_doActivateExtension formulahendry.code-runner, startup: false, activationEvent: 'onStartupFinished'
2023-04-27 16:40:46.678 [info] ExtensionService#_doActivateExtension vscode-icons-team.vscode-icons, startup: false, activationEvent: 'onStartupFinished'
2023-04-27 16:40:48.177 [info] ExtensionService#_doActivateExtension vscode.microsoft-authentication, startup: false, activationEvent: 'onAuthenticationRequest:microsoft'
2023-04-27 16:42:31.394 [warning] TextEditor is closed/disposed
2023-04-27 17:20:21.579 [info] Extension host terminating: renderer closed the MessagePort
2023-04-27 17:20:21.623 [warning] Canceled
2023-04-27 17:20:21.630 [error] TypeError: r.some is not a function
    at Function.saveToDisk (/home/devilunraveled/.vscode/extensions/vscodevim.vim-1.25.2/out/extension.js:2:669912)
    at Object.t.deactivate (/home/devilunraveled/.vscode/extensions/vscodevim.vim-1.25.2/out/extension.js:2:213764)
    at E.Y (/var/lib/snapd/snap/code/126/usr/share/code/resources/app/out/vs/workbench/api/node/extensionHostProcess.js:110:10948)
    at /var/lib/snapd/snap/code/126/usr/share/code/resources/app/out/vs/workbench/api/node/extensionHostProcess.js:110:9131
    at Array.map (<anonymous>)
    at E.R (/var/lib/snapd/snap/code/126/usr/share/code/resources/app/out/vs/workbench/api/node/extensionHostProcess.js:110:9118)
    at E.terminate (/var/lib/snapd/snap/code/126/usr/share/code/resources/app/out/vs/workbench/api/node/extensionHostProcess.js:110:9389)
    at d.terminate (/var/lib/snapd/snap/code/126/usr/share/code/resources/app/out/vs/workbench/api/node/extensionHostProcess.js:114:1544)
    at p (/var/lib/snapd/snap/code/126/usr/share/code/resources/app/out/vs/workbench/api/node/extensionHostProcess.js:124:18690)
    at MessagePortMain.<anonymous> (/var/lib/snapd/snap/code/126/usr/share/code/resources/app/out/vs/workbench/api/node/extensionHostProcess.js:124:14829)
    at MessagePortMain.emit (node:events:526:28)
    at Object.MessagePortMain._internalPort.emit (node:electron/js2c/utility_init:5:364)
2023-04-27 17:20:21.631 [error] Canceled: Canceled
    at new l (/var/lib/snapd/snap/code/126/usr/share/code/resources/app/out/vs/workbench/api/node/extensionHostProcess.js:98:105190)
    at c.O (/var/lib/snapd/snap/code/126/usr/share/code/resources/app/out/vs/workbench/api/node/extensionHostProcess.js:108:11692)
    at Proxy.G.<computed>.Q.charCodeAt.G.<computed> (/var/lib/snapd/snap/code/126/usr/share/code/resources/app/out/vs/workbench/api/node/extensionHostProcess.js:108:8967)
    at m.g (/var/lib/snapd/snap/code/126/usr/share/code/resources/app/out/vs/workbench/api/node/extensionHostProcess.js:98:125211)
    at m.executeCommand (/var/lib/snapd/snap/code/126/usr/share/code/resources/app/out/vs/workbench/api/node/extensionHostProcess.js:98:124587)
    at L.registerCommand.description (/var/lib/snapd/snap/code/126/usr/share/code/resources/app/out/vs/workbench/api/node/extensionHostProcess.js:98:123880)
    at m.h (/var/lib/snapd/snap/code/126/usr/share/code/resources/app/out/vs/workbench/api/node/extensionHostProcess.js:98:125797)
    at m.g (/var/lib/snapd/snap/code/126/usr/share/code/resources/app/out/vs/workbench/api/node/extensionHostProcess.js:98:124687)
    at m.executeCommand (/var/lib/snapd/snap/code/126/usr/share/code/resources/app/out/vs/workbench/api/node/extensionHostProcess.js:98:124587)
    at Object.executeCommand (/var/lib/snapd/snap/code/126/usr/share/code/resources/app/out/vs/workbench/api/node/extensionHostProcess.js:114:23801)
    at g (/home/devilunraveled/.vscode/extensions/eamodio.gitlens-13.5.0/dist/gitlens.js:1:868259)
    at c (/home/devilunraveled/.vscode/extensions/eamodio.gitlens-13.5.0/dist/gitlens.js:1:608698)
    at ActionRunners._updateContextKeys (/home/devilunraveled/.vscode/extensions/eamodio.gitlens-13.5.0/dist/gitlens.js:1:37566)
    at s (/home/devilunraveled/.vscode/extensions/eamodio.gitlens-13.5.0/dist/gitlens.js:1:35985)
    at RegisteredActionRunner.unregister (/home/devilunraveled/.vscode/extensions/eamodio.gitlens-13.5.0/dist/gitlens.js:1:36129)
    at RegisteredActionRunner.dispose (/home/devilunraveled/.vscode/extensions/eamodio.gitlens-13.5.0/dist/gitlens.js:1:34794)
    at ActionRunners.dispose (/home/devilunraveled/.vscode/extensions/eamodio.gitlens-13.5.0/dist/gitlens.js:1:35571)
    at C (/var/lib/snapd/snap/code/126/usr/share/code/resources/app/out/vs/workbench/api/node/extensionHostProcess.js:10:12084)
    at E.Y (/var/lib/snapd/snap/code/126/usr/share/code/resources/app/out/vs/workbench/api/node/extensionHostProcess.js:110:11147)
    at /var/lib/snapd/snap/code/126/usr/share/code/resources/app/out/vs/workbench/api/node/extensionHostProcess.js:110:9131
    at Array.map (<anonymous>)
    at E.R (/var/lib/snapd/snap/code/126/usr/share/code/resources/app/out/vs/workbench/api/node/extensionHostProcess.js:110:9118)
    at E.terminate (/var/lib/snapd/snap/code/126/usr/share/code/resources/app/out/vs/workbench/api/node/extensionHostProcess.js:110:9389)
    at d.terminate (/var/lib/snapd/snap/code/126/usr/share/code/resources/app/out/vs/workbench/api/node/extensionHostProcess.js:114:1544)
    at p (/var/lib/snapd/snap/code/126/usr/share/code/resources/app/out/vs/workbench/api/node/extensionHostProcess.js:124:18690)
    at MessagePortMain.<anonymous> (/var/lib/snapd/snap/code/126/usr/share/code/resources/app/out/vs/workbench/api/node/extensionHostProcess.js:124:14829)
    at MessagePortMain.emit (node:events:526:28)
    at Object.MessagePortMain._internalPort.emit (node:electron/js2c/utility_init:5:364) setContext undefined
2023-04-27 17:20:21.631 [error] Canceled: Canceled
    at new l (/var/lib/snapd/snap/code/126/usr/share/code/resources/app/out/vs/workbench/api/node/extensionHostProcess.js:98:105190)
    at c.O (/var/lib/snapd/snap/code/126/usr/share/code/resources/app/out/vs/workbench/api/node/extensionHostProcess.js:108:11692)
    at Proxy.G.<computed>.Q.charCodeAt.G.<computed> (/var/lib/snapd/snap/code/126/usr/share/code/resources/app/out/vs/workbench/api/node/extensionHostProcess.js:108:8967)
    at m.g (/var/lib/snapd/snap/code/126/usr/share/code/resources/app/out/vs/workbench/api/node/extensionHostProcess.js:98:125211)
    at m.executeCommand (/var/lib/snapd/snap/code/126/usr/share/code/resources/app/out/vs/workbench/api/node/extensionHostProcess.js:98:124587)
    at L.registerCommand.description (/var/lib/snapd/snap/code/126/usr/share/code/resources/app/out/vs/workbench/api/node/extensionHostProcess.js:98:123880)
    at m.h (/var/lib/snapd/snap/code/126/usr/share/code/resources/app/out/vs/workbench/api/node/extensionHostProcess.js:98:125797)
    at m.g (/var/lib/snapd/snap/code/126/usr/share/code/resources/app/out/vs/workbench/api/node/extensionHostProcess.js:98:124687)
    at m.executeCommand (/var/lib/snapd/snap/code/126/usr/share/code/resources/app/out/vs/workbench/api/node/extensionHostProcess.js:98:124587)
    at Object.executeCommand (/var/lib/snapd/snap/code/126/usr/share/code/resources/app/out/vs/workbench/api/node/extensionHostProcess.js:114:23801)
    at g (/home/devilunraveled/.vscode/extensions/eamodio.gitlens-13.5.0/dist/gitlens.js:1:868259)
    at c (/home/devilunraveled/.vscode/extensions/eamodio.gitlens-13.5.0/dist/gitlens.js:1:608698)
    at ActionRunners._updateContextKeys (/home/devilunraveled/.vscode/extensions/eamodio.gitlens-13.5.0/dist/gitlens.js:1:37566)
    at s (/home/devilunraveled/.vscode/extensions/eamodio.gitlens-13.5.0/dist/gitlens.js:1:35985)
    at RegisteredActionRunner.unregister (/home/devilunraveled/.vscode/extensions/eamodio.gitlens-13.5.0/dist/gitlens.js:1:36129)
    at RegisteredActionRunner.dispose (/home/devilunraveled/.vscode/extensions/eamodio.gitlens-13.5.0/dist/gitlens.js:1:34794)
    at ActionRunners.dispose (/home/devilunraveled/.vscode/extensions/eamodio.gitlens-13.5.0/dist/gitlens.js:1:35571)
    at C (/var/lib/snapd/snap/code/126/usr/share/code/resources/app/out/vs/workbench/api/node/extensionHostProcess.js:10:12084)
    at E.Y (/var/lib/snapd/snap/code/126/usr/share/code/resources/app/out/vs/workbench/api/node/extensionHostProcess.js:110:11147)
    at /var/lib/snapd/snap/code/126/usr/share/code/resources/app/out/vs/workbench/api/node/extensionHostProcess.js:110:9131
    at Array.map (<anonymous>)
    at E.R (/var/lib/snapd/snap/code/126/usr/share/code/resources/app/out/vs/workbench/api/node/extensionHostProcess.js:110:9118)
    at E.terminate (/var/lib/snapd/snap/code/126/usr/share/code/resources/app/out/vs/workbench/api/node/extensionHostProcess.js:110:9389)
    at d.terminate (/var/lib/snapd/snap/code/126/usr/share/code/resources/app/out/vs/workbench/api/node/extensionHostProcess.js:114:1544)
    at p (/var/lib/snapd/snap/code/126/usr/share/code/resources/app/out/vs/workbench/api/node/extensionHostProcess.js:124:18690)
    at MessagePortMain.<anonymous> (/var/lib/snapd/snap/code/126/usr/share/code/resources/app/out/vs/workbench/api/node/extensionHostProcess.js:124:14829)
    at MessagePortMain.emit (node:events:526:28)
    at Object.MessagePortMain._internalPort.emit (node:electron/js2c/utility_init:5:364) setContext undefined
2023-04-27 17:20:21.632 [error] Canceled: Canceled
    at new l (/var/lib/snapd/snap/code/126/usr/share/code/resources/app/out/vs/workbench/api/node/extensionHostProcess.js:98:105190)
    at c.O (/var/lib/snapd/snap/code/126/usr/share/code/resources/app/out/vs/workbench/api/node/extensionHostProcess.js:108:11692)
    at Proxy.G.<computed>.Q.charCodeAt.G.<computed> (/var/lib/snapd/snap/code/126/usr/share/code/resources/app/out/vs/workbench/api/node/extensionHostProcess.js:108:8967)
    at m.g (/var/lib/snapd/snap/code/126/usr/share/code/resources/app/out/vs/workbench/api/node/extensionHostProcess.js:98:125211)
    at m.executeCommand (/var/lib/snapd/snap/code/126/usr/share/code/resources/app/out/vs/workbench/api/node/extensionHostProcess.js:98:124587)
    at L.registerCommand.description (/var/lib/snapd/snap/code/126/usr/share/code/resources/app/out/vs/workbench/api/node/extensionHostProcess.js:98:123880)
    at m.h (/var/lib/snapd/snap/code/126/usr/share/code/resources/app/out/vs/workbench/api/node/extensionHostProcess.js:98:125797)
    at m.g (/var/lib/snapd/snap/code/126/usr/share/code/resources/app/out/vs/workbench/api/node/extensionHostProcess.js:98:124687)
    at m.executeCommand (/var/lib/snapd/snap/code/126/usr/share/code/resources/app/out/vs/workbench/api/node/extensionHostProcess.js:98:124587)
    at Object.executeCommand (/var/lib/snapd/snap/code/126/usr/share/code/resources/app/out/vs/workbench/api/node/extensionHostProcess.js:114:23801)
    at g (/home/devilunraveled/.vscode/extensions/eamodio.gitlens-13.5.0/dist/gitlens.js:1:868259)
    at c (/home/devilunraveled/.vscode/extensions/eamodio.gitlens-13.5.0/dist/gitlens.js:1:608698)
    at ActionRunners._updateContextKeys (/home/devilunraveled/.vscode/extensions/eamodio.gitlens-13.5.0/dist/gitlens.js:1:37566)
    at s (/home/devilunraveled/.vscode/extensions/eamodio.gitlens-13.5.0/dist/gitlens.js:1:35985)
    at RegisteredActionRunner.unregister (/home/devilunraveled/.vscode/extensions/eamodio.gitlens-13.5.0/dist/gitlens.js:1:36129)
    at RegisteredActionRunner.dispose (/home/devilunraveled/.vscode/extensions/eamodio.gitlens-13.5.0/dist/gitlens.js:1:34794)
    at ActionRunners.dispose (/home/devilunraveled/.vscode/extensions/eamodio.gitlens-13.5.0/dist/gitlens.js:1:35571)
    at C (/var/lib/snapd/snap/code/126/usr/share/code/resources/app/out/vs/workbench/api/node/extensionHostProcess.js:10:12084)
    at E.Y (/var/lib/snapd/snap/code/126/usr/share/code/resources/app/out/vs/workbench/api/node/extensionHostProcess.js:110:11147)
    at /var/lib/snapd/snap/code/126/usr/share/code/resources/app/out/vs/workbench/api/node/extensionHostProcess.js:110:9131
    at Array.map (<anonymous>)
    at E.R (/var/lib/snapd/snap/code/126/usr/share/code/resources/app/out/vs/workbench/api/node/extensionHostProcess.js:110:9118)
    at E.terminate (/var/lib/snapd/snap/code/126/usr/share/code/resources/app/out/vs/workbench/api/node/extensionHostProcess.js:110:9389)
    at d.terminate (/var/lib/snapd/snap/code/126/usr/share/code/resources/app/out/vs/workbench/api/node/extensionHostProcess.js:114:1544)
    at p (/var/lib/snapd/snap/code/126/usr/share/code/resources/app/out/vs/workbench/api/node/extensionHostProcess.js:124:18690)
    at MessagePortMain.<anonymous> (/var/lib/snapd/snap/code/126/usr/share/code/resources/app/out/vs/workbench/api/node/extensionHostProcess.js:124:14829)
    at MessagePortMain.emit (node:events:526:28)
    at Object.MessagePortMain._internalPort.emit (node:electron/js2c/utility_init:5:364) setContext undefined
2023-04-27 17:20:21.632 [error] Canceled: Canceled
    at new l (/var/lib/snapd/snap/code/126/usr/share/code/resources/app/out/vs/workbench/api/node/extensionHostProcess.js:98:105190)
    at c.O (/var/lib/snapd/snap/code/126/usr/share/code/resources/app/out/vs/workbench/api/node/extensionHostProcess.js:108:11692)
    at Proxy.G.<computed>.Q.charCodeAt.G.<computed> (/var/lib/snapd/snap/code/126/usr/share/code/resources/app/out/vs/workbench/api/node/extensionHostProcess.js:108:8967)
    at m.g (/var/lib/snapd/snap/code/126/usr/share/code/resources/app/out/vs/workbench/api/node/extensionHostProcess.js:98:125211)
    at m.executeCommand (/var/lib/snapd/snap/code/126/usr/share/code/resources/app/out/vs/workbench/api/node/extensionHostProcess.js:98:124587)
    at L.registerCommand.description (/var/lib/snapd/snap/code/126/usr/share/code/resources/app/out/vs/workbench/api/node/extensionHostProcess.js:98:123880)
    at m.h (/var/lib/snapd/snap/code/126/usr/share/code/resources/app/out/vs/workbench/api/node/extensionHostProcess.js:98:125797)
    at m.g (/var/lib/snapd/snap/code/126/usr/share/code/resources/app/out/vs/workbench/api/node/extensionHostProcess.js:98:124687)
    at m.executeCommand (/var/lib/snapd/snap/code/126/usr/share/code/resources/app/out/vs/workbench/api/node/extensionHostProcess.js:98:124587)
    at Object.executeCommand (/var/lib/snapd/snap/code/126/usr/share/code/resources/app/out/vs/workbench/api/node/extensionHostProcess.js:114:23801)
    at g (/home/devilunraveled/.vscode/extensions/eamodio.gitlens-13.5.0/dist/gitlens.js:1:868259)
    at c (/home/devilunraveled/.vscode/extensions/eamodio.gitlens-13.5.0/dist/gitlens.js:1:608698)
    at ActionRunners._updateContextKeys (/home/devilunraveled/.vscode/extensions/eamodio.gitlens-13.5.0/dist/gitlens.js:1:37566)
    at s (/home/devilunraveled/.vscode/extensions/eamodio.gitlens-13.5.0/dist/gitlens.js:1:35985)
    at RegisteredActionRunner.unregister (/home/devilunraveled/.vscode/extensions/eamodio.gitlens-13.5.0/dist/gitlens.js:1:36129)
    at RegisteredActionRunner.dispose (/home/devilunraveled/.vscode/extensions/eamodio.gitlens-13.5.0/dist/gitlens.js:1:34794)
    at Object.dispose (/home/devilunraveled/.vscode/extensions/eamodio.gitlens-13.5.0/dist/gitlens.js:1:36226)
    at C (/var/lib/snapd/snap/code/126/usr/share/code/resources/app/out/vs/workbench/api/node/extensionHostProcess.js:10:12084)
    at E.Y (/var/lib/snapd/snap/code/126/usr/share/code/resources/app/out/vs/workbench/api/node/extensionHostProcess.js:110:11147)
    at /var/lib/snapd/snap/code/126/usr/share/code/resources/app/out/vs/workbench/api/node/extensionHostProcess.js:110:9131
    at Array.map (<anonymous>)
    at E.R (/var/lib/snapd/snap/code/126/usr/share/code/resources/app/out/vs/workbench/api/node/extensionHostProcess.js:110:9118)
    at E.terminate (/var/lib/snapd/snap/code/126/usr/share/code/resources/app/out/vs/workbench/api/node/extensionHostProcess.js:110:9389)
    at d.terminate (/var/lib/snapd/snap/code/126/usr/share/code/resources/app/out/vs/workbench/api/node/extensionHostProcess.js:114:1544)
    at p (/var/lib/snapd/snap/code/126/usr/share/code/resources/app/out/vs/workbench/api/node/extensionHostProcess.js:124:18690)
    at MessagePortMain.<anonymous> (/var/lib/snapd/snap/code/126/usr/share/code/resources/app/out/vs/workbench/api/node/extensionHostProcess.js:124:14829)
    at MessagePortMain.emit (node:events:526:28)
    at Object.MessagePortMain._internalPort.emit (node:electron/js2c/utility_init:5:364) setContext undefined
2023-04-27 17:20:21.633 [error] Canceled: Canceled
    at new l (/var/lib/snapd/snap/code/126/usr/share/code/resources/app/out/vs/workbench/api/node/extensionHostProcess.js:98:105190)
    at c.O (/var/lib/snapd/snap/code/126/usr/share/code/resources/app/out/vs/workbench/api/node/extensionHostProcess.js:108:11692)
    at Proxy.G.<computed>.Q.charCodeAt.G.<computed> (/var/lib/snapd/snap/code/126/usr/share/code/resources/app/out/vs/workbench/api/node/extensionHostProcess.js:108:8967)
    at m.g (/var/lib/snapd/snap/code/126/usr/share/code/resources/app/out/vs/workbench/api/node/extensionHostProcess.js:98:125211)
    at m.executeCommand (/var/lib/snapd/snap/code/126/usr/share/code/resources/app/out/vs/workbench/api/node/extensionHostProcess.js:98:124587)
    at L.registerCommand.description (/var/lib/snapd/snap/code/126/usr/share/code/resources/app/out/vs/workbench/api/node/extensionHostProcess.js:98:123880)
    at m.h (/var/lib/snapd/snap/code/126/usr/share/code/resources/app/out/vs/workbench/api/node/extensionHostProcess.js:98:125797)
    at m.g (/var/lib/snapd/snap/code/126/usr/share/code/resources/app/out/vs/workbench/api/node/extensionHostProcess.js:98:124687)
    at m.executeCommand (/var/lib/snapd/snap/code/126/usr/share/code/resources/app/out/vs/workbench/api/node/extensionHostProcess.js:98:124587)
    at Object.executeCommand (/var/lib/snapd/snap/code/126/usr/share/code/resources/app/out/vs/workbench/api/node/extensionHostProcess.js:114:23801)
    at g (/home/devilunraveled/.vscode/extensions/eamodio.gitlens-13.5.0/dist/gitlens.js:1:868259)
    at c (/home/devilunraveled/.vscode/extensions/eamodio.gitlens-13.5.0/dist/gitlens.js:1:608698)
    at ActionRunners._updateContextKeys (/home/devilunraveled/.vscode/extensions/eamodio.gitlens-13.5.0/dist/gitlens.js:1:37566)
    at s (/home/devilunraveled/.vscode/extensions/eamodio.gitlens-13.5.0/dist/gitlens.js:1:35985)
    at RegisteredActionRunner.unregister (/home/devilunraveled/.vscode/extensions/eamodio.gitlens-13.5.0/dist/gitlens.js:1:36129)
    at RegisteredActionRunner.dispose (/home/devilunraveled/.vscode/extensions/eamodio.gitlens-13.5.0/dist/gitlens.js:1:34794)
    at Object.dispose (/home/devilunraveled/.vscode/extensions/eamodio.gitlens-13.5.0/dist/gitlens.js:1:36226)
    at C (/var/lib/snapd/snap/code/126/usr/share/code/resources/app/out/vs/workbench/api/node/extensionHostProcess.js:10:12084)
    at E.Y (/var/lib/snapd/snap/code/126/usr/share/code/resources/app/out/vs/workbench/api/node/extensionHostProcess.js:110:11147)
    at /var/lib/snapd/snap/code/126/usr/share/code/resources/app/out/vs/workbench/api/node/extensionHostProcess.js:110:9131
    at Array.map (<anonymous>)
    at E.R (/var/lib/snapd/snap/code/126/usr/share/code/resources/app/out/vs/workbench/api/node/extensionHostProcess.js:110:9118)
    at E.terminate (/var/lib/snapd/snap/code/126/usr/share/code/resources/app/out/vs/workbench/api/node/extensionHostProcess.js:110:9389)
    at d.terminate (/var/lib/snapd/snap/code/126/usr/share/code/resources/app/out/vs/workbench/api/node/extensionHostProcess.js:114:1544)
    at p (/var/lib/snapd/snap/code/126/usr/share/code/resources/app/out/vs/workbench/api/node/extensionHostProcess.js:124:18690)
    at MessagePortMain.<anonymous> (/var/lib/snapd/snap/code/126/usr/share/code/resources/app/out/vs/workbench/api/node/extensionHostProcess.js:124:14829)
    at MessagePortMain.emit (node:events:526:28)
    at Object.MessagePortMain._internalPort.emit (node:electron/js2c/utility_init:5:364) setContext undefined
2023-04-27 17:20:21.633 [error] Canceled: Canceled
    at new l (/var/lib/snapd/snap/code/126/usr/share/code/resources/app/out/vs/workbench/api/node/extensionHostProcess.js:98:105190)
    at c.O (/var/lib/snapd/snap/code/126/usr/share/code/resources/app/out/vs/workbench/api/node/extensionHostProcess.js:108:11692)
    at Proxy.G.<computed>.Q.charCodeAt.G.<computed> (/var/lib/snapd/snap/code/126/usr/share/code/resources/app/out/vs/workbench/api/node/extensionHostProcess.js:108:8967)
    at m.g (/var/lib/snapd/snap/code/126/usr/share/code/resources/app/out/vs/workbench/api/node/extensionHostProcess.js:98:125211)
    at m.executeCommand (/var/lib/snapd/snap/code/126/usr/share/code/resources/app/out/vs/workbench/api/node/extensionHostProcess.js:98:124587)
    at L.registerCommand.description (/var/lib/snapd/snap/code/126/usr/share/code/resources/app/out/vs/workbench/api/node/extensionHostProcess.js:98:123880)
    at m.h (/var/lib/snapd/snap/code/126/usr/share/code/resources/app/out/vs/workbench/api/node/extensionHostProcess.js:98:125797)
    at m.g (/var/lib/snapd/snap/code/126/usr/share/code/resources/app/out/vs/workbench/api/node/extensionHostProcess.js:98:124687)
    at m.executeCommand (/var/lib/snapd/snap/code/126/usr/share/code/resources/app/out/vs/workbench/api/node/extensionHostProcess.js:98:124587)
    at Object.executeCommand (/var/lib/snapd/snap/code/126/usr/share/code/resources/app/out/vs/workbench/api/node/extensionHostProcess.js:114:23801)
    at g (/home/devilunraveled/.vscode/extensions/eamodio.gitlens-13.5.0/dist/gitlens.js:1:868259)
    at c (/home/devilunraveled/.vscode/extensions/eamodio.gitlens-13.5.0/dist/gitlens.js:1:608698)
    at ActionRunners._updateContextKeys (/home/devilunraveled/.vscode/extensions/eamodio.gitlens-13.5.0/dist/gitlens.js:1:37566)
    at s (/home/devilunraveled/.vscode/extensions/eamodio.gitlens-13.5.0/dist/gitlens.js:1:35985)
    at RegisteredActionRunner.unregister (/home/devilunraveled/.vscode/extensions/eamodio.gitlens-13.5.0/dist/gitlens.js:1:36129)
    at RegisteredActionRunner.dispose (/home/devilunraveled/.vscode/extensions/eamodio.gitlens-13.5.0/dist/gitlens.js:1:34794)
    at Object.dispose (/home/devilunraveled/.vscode/extensions/eamodio.gitlens-13.5.0/dist/gitlens.js:1:36226)
    at C (/var/lib/snapd/snap/code/126/usr/share/code/resources/app/out/vs/workbench/api/node/extensionHostProcess.js:10:12084)
    at E.Y (/var/lib/snapd/snap/code/126/usr/share/code/resources/app/out/vs/workbench/api/node/extensionHostProcess.js:110:11147)
    at /var/lib/snapd/snap/code/126/usr/share/code/resources/app/out/vs/workbench/api/node/extensionHostProcess.js:110:9131
    at Array.map (<anonymous>)
    at E.R (/var/lib/snapd/snap/code/126/usr/share/code/resources/app/out/vs/workbench/api/node/extensionHostProcess.js:110:9118)
    at E.terminate (/var/lib/snapd/snap/code/126/usr/share/code/resources/app/out/vs/workbench/api/node/extensionHostProcess.js:110:9389)
    at d.terminate (/var/lib/snapd/snap/code/126/usr/share/code/resources/app/out/vs/workbench/api/node/extensionHostProcess.js:114:1544)
    at p (/var/lib/snapd/snap/code/126/usr/share/code/resources/app/out/vs/workbench/api/node/extensionHostProcess.js:124:18690)
    at MessagePortMain.<anonymous> (/var/lib/snapd/snap/code/126/usr/share/code/resources/app/out/vs/workbench/api/node/extensionHostProcess.js:124:14829)
    at MessagePortMain.emit (node:events:526:28)
    at Object.MessagePortMain._internalPort.emit (node:electron/js2c/utility_init:5:364) setContext undefined
2023-04-27 17:20:21.635 [error] Canceled: Canceled
    at new l (/var/lib/snapd/snap/code/126/usr/share/code/resources/app/out/vs/workbench/api/node/extensionHostProcess.js:98:105190)
    at c.O (/var/lib/snapd/snap/code/126/usr/share/code/resources/app/out/vs/workbench/api/node/extensionHostProcess.js:108:11692)
    at Proxy.G.<computed>.Q.charCodeAt.G.<computed> (/var/lib/snapd/snap/code/126/usr/share/code/resources/app/out/vs/workbench/api/node/extensionHostProcess.js:108:8967)
    at m.g (/var/lib/snapd/snap/code/126/usr/share/code/resources/app/out/vs/workbench/api/node/extensionHostProcess.js:98:125211)
    at m.executeCommand (/var/lib/snapd/snap/code/126/usr/share/code/resources/app/out/vs/workbench/api/node/extensionHostProcess.js:98:124587)
    at L.registerCommand.description (/var/lib/snapd/snap/code/126/usr/share/code/resources/app/out/vs/workbench/api/node/extensionHostProcess.js:98:123880)
    at m.h (/var/lib/snapd/snap/code/126/usr/share/code/resources/app/out/vs/workbench/api/node/extensionHostProcess.js:98:125797)
    at m.g (/var/lib/snapd/snap/code/126/usr/share/code/resources/app/out/vs/workbench/api/node/extensionHostProcess.js:98:124687)
    at m.executeCommand (/var/lib/snapd/snap/code/126/usr/share/code/resources/app/out/vs/workbench/api/node/extensionHostProcess.js:98:124587)
    at Object.executeCommand (/var/lib/snapd/snap/code/126/usr/share/code/resources/app/out/vs/workbench/api/node/extensionHostProcess.js:114:23801)
    at Object.dispose (/home/devilunraveled/.vscode/extensions/tabnine.tabnine-vscode-3.6.45/out/extension.js:17:101165)
    at /home/devilunraveled/.vscode/extensions/tabnine.tabnine-vscode-3.6.45/out/extension.js:17:30354
    at Array.forEach (<anonymous>)
    at f (/home/devilunraveled/.vscode/extensions/tabnine.tabnine-vscode-3.6.45/out/extension.js:17:30339)
    at Object.dispose (/home/devilunraveled/.vscode/extensions/tabnine.tabnine-vscode-3.6.45/out/extension.js:17:29757)
    at C (/var/lib/snapd/snap/code/126/usr/share/code/resources/app/out/vs/workbench/api/node/extensionHostProcess.js:10:12084)
    at E.Y (/var/lib/snapd/snap/code/126/usr/share/code/resources/app/out/vs/workbench/api/node/extensionHostProcess.js:110:11147)
    at /var/lib/snapd/snap/code/126/usr/share/code/resources/app/out/vs/workbench/api/node/extensionHostProcess.js:110:9131
    at Array.map (<anonymous>)
    at E.R (/var/lib/snapd/snap/code/126/usr/share/code/resources/app/out/vs/workbench/api/node/extensionHostProcess.js:110:9118)
    at E.terminate (/var/lib/snapd/snap/code/126/usr/share/code/resources/app/out/vs/workbench/api/node/extensionHostProcess.js:110:9389)
    at d.terminate (/var/lib/snapd/snap/code/126/usr/share/code/resources/app/out/vs/workbench/api/node/extensionHostProcess.js:114:1544)
    at p (/var/lib/snapd/snap/code/126/usr/share/code/resources/app/out/vs/workbench/api/node/extensionHostProcess.js:124:18690)
    at MessagePortMain.<anonymous> (/var/lib/snapd/snap/code/126/usr/share/code/resources/app/out/vs/workbench/api/node/extensionHostProcess.js:124:14829)
    at MessagePortMain.emit (node:events:526:28)
    at Object.MessagePortMain._internalPort.emit (node:electron/js2c/utility_init:5:364) setContext undefined
2023-04-27 17:20:22.627 [info] Extension host with pid 2531 exiting with code 0
