2023-10-10 01:16:07,732 DEBUG    root            Loaded Command Group: ['gcloud', 'components']
2023-10-10 01:16:07,733 DEBUG    root            Loaded Command Group: ['gcloud', 'components', 'install']
2023-10-10 01:16:07,735 DEBUG    root            Running [gcloud.components.install] with arguments: [COMPONENT-IDS:64: "['AFCAT', 'Almanac-M23-Final.pdf', 'anaconda3', 'AoC', 'Assignments', 'backup', 'Books', 'change', 'change.cpp', 'change_input0.txt', 'College', 'CP', 'cpbooster-config.json', 'custom.cpp', 'DASS', 'data', 'Desktop', 'Documents', 'Downloads', 'EndSemPrep', 'Exrtactive.jpeg', 'Felicity', 'Genius', 'git-filter-repo', 'GoogleCloud', 'GPU', 'GPUCache', 'IdeaProjects', 'Intellij', 'JADE', 'JapanTrip_util4.xml', 'jarvis', 'LearningPython', 'Lecture_9-Modeling_Mol_Evol.pdf', 'mail.txt', 'MDLProjects', 'Mess', 'miniconda3', 'Movies', 'Music', 'OracleJava8', 'packages', 'Papers', 'PassBook.pdf', 'PEGASUS.jpeg', 'Pictures', 'Projects', 'Public', 'Quantum', 'Resources', 'rofi-power-menu', 'science1_A3.pdf', 'Science-1-Ass1AshmitChameliKaTel.pdf', 's.js', 'snap', 's.txt', 'Templates', 'tools', 'usr', 'Videos', 'wavesurfer', 'WorkingCFParser', 'xv7', 'zathurarc']"]
2023-10-10 01:16:07,738 DEBUG    urllib3.connectionpool Starting new HTTPS connection (1): dl.google.com:443
2023-10-10 01:16:07,866 DEBUG    urllib3.connectionpool https://dl.google.com:443 "GET /dl/cloudsdk/channels/rapid/components-v449.0.0.json HTTP/1.1" 200 209942
2023-10-10 01:16:07,945 DEBUG    urllib3.connectionpool Starting new HTTPS connection (1): dl.google.com:443
2023-10-10 01:16:08,080 DEBUG    urllib3.connectionpool https://dl.google.com:443 "GET /dl/cloudsdk/channels/rapid/components-2.json HTTP/1.1" 200 209942
2023-10-10 01:16:08,160 DEBUG    root            (gcloud.components.install) The following components are unknown [change_input0.txt, miniconda3, Music, jarvis, wavesurfer, Pictures, Almanac-M23-Final.pdf, DASS, change.cpp, data, mail.txt, WorkingCFParser, MDLProjects, GPU, Felicity, LearningPython, snap, git-filter-repo, xv7, JADE, Projects, AoC, Quantum, cpbooster-config.json, PEGASUS.jpeg, Downloads, Lecture_9-Modeling_Mol_Evol.pdf, OracleJava8, Science-1-Ass1AshmitChameliKaTel.pdf, Public, Documents, Mess, Videos, EndSemPrep, change, PassBook.pdf, Intellij, s.js, Assignments, CP, GPUCache, zathurarc, anaconda3, Books, Exrtactive.jpeg, GoogleCloud, rofi-power-menu, Movies, Papers, Desktop, JapanTrip_util4.xml, Genius, IdeaProjects, Templates, packages, science1_A3.pdf, Resources, custom.cpp, usr, AFCAT, College, s.txt, backup, tools].
Traceback (most recent call last):
  File "/home/devilunraveled/GoogleCloud/google-cloud-sdk/lib/googlecloudsdk/calliope/cli.py", line 987, in Execute
    resources = calliope_command.Run(cli=self, args=args)
  File "/home/devilunraveled/GoogleCloud/google-cloud-sdk/lib/googlecloudsdk/calliope/backend.py", line 807, in Run
    resources = command_instance.Run(args)
  File "/home/devilunraveled/GoogleCloud/google-cloud-sdk/lib/surface/components/install.py", line 90, in Run
    update_manager.Install(
  File "/home/devilunraveled/GoogleCloud/google-cloud-sdk/lib/googlecloudsdk/core/updater/update_manager.py", line 969, in Install
    return self.Update(
  File "/home/devilunraveled/GoogleCloud/google-cloud-sdk/lib/googlecloudsdk/core/updater/update_manager.py", line 1019, in Update
    update_seed = self._HandleInvalidUpdateSeeds(diff, version, update_seed)
  File "/home/devilunraveled/GoogleCloud/google-cloud-sdk/lib/googlecloudsdk/core/updater/update_manager.py", line 1312, in _HandleInvalidUpdateSeeds
    raise InvalidComponentError(' '.join(msgs))
googlecloudsdk.core.updater.update_manager.InvalidComponentError: The following components are unknown [change_input0.txt, miniconda3, Music, jarvis, wavesurfer, Pictures, Almanac-M23-Final.pdf, DASS, change.cpp, data, mail.txt, WorkingCFParser, MDLProjects, GPU, Felicity, LearningPython, snap, git-filter-repo, xv7, JADE, Projects, AoC, Quantum, cpbooster-config.json, PEGASUS.jpeg, Downloads, Lecture_9-Modeling_Mol_Evol.pdf, OracleJava8, Science-1-Ass1AshmitChameliKaTel.pdf, Public, Documents, Mess, Videos, EndSemPrep, change, PassBook.pdf, Intellij, s.js, Assignments, CP, GPUCache, zathurarc, anaconda3, Books, Exrtactive.jpeg, GoogleCloud, rofi-power-menu, Movies, Papers, Desktop, JapanTrip_util4.xml, Genius, IdeaProjects, Templates, packages, science1_A3.pdf, Resources, custom.cpp, usr, AFCAT, College, s.txt, backup, tools].
2023-10-10 01:16:08,161 ERROR    root            (gcloud.components.install) The following components are unknown [change_input0.txt, miniconda3, Music, jarvis, wavesurfer, Pictures, Almanac-M23-Final.pdf, DASS, change.cpp, data, mail.txt, WorkingCFParser, MDLProjects, GPU, Felicity, LearningPython, snap, git-filter-repo, xv7, JADE, Projects, AoC, Quantum, cpbooster-config.json, PEGASUS.jpeg, Downloads, Lecture_9-Modeling_Mol_Evol.pdf, OracleJava8, Science-1-Ass1AshmitChameliKaTel.pdf, Public, Documents, Mess, Videos, EndSemPrep, change, PassBook.pdf, Intellij, s.js, Assignments, CP, GPUCache, zathurarc, anaconda3, Books, Exrtactive.jpeg, GoogleCloud, rofi-power-menu, Movies, Papers, Desktop, JapanTrip_util4.xml, Genius, IdeaProjects, Templates, packages, science1_A3.pdf, Resources, custom.cpp, usr, AFCAT, College, s.txt, backup, tools].
