2023-10-10 01:14:29,325 DEBUG    root            Loaded Command Group: ['gcloud', 'components']
2023-10-10 01:14:29,327 DEBUG    root            Loaded Command Group: ['gcloud', 'components', 'list']
2023-10-10 01:14:29,328 DEBUG    root            Running [gcloud.components.list] with arguments: [--quiet: "True"]
2023-10-10 01:14:29,331 DEBUG    urllib3.connectionpool Starting new HTTPS connection (1): dl.google.com:443
2023-10-10 01:14:29,465 DEBUG    urllib3.connectionpool https://dl.google.com:443 "GET /dl/cloudsdk/channels/rapid/components-2.json HTTP/1.1" 200 209942
2023-10-10 01:14:29,542 INFO     ___FILE_ONLY___ 
Your current Google Cloud CLI version is: 449.0.0

2023-10-10 01:14:29,542 INFO     ___FILE_ONLY___ The latest available version is: 449.0.0

2023-10-10 01:14:29,542 INFO     ___FILE_ONLY___ 

2023-10-10 01:14:29,543 DEBUG    root            Chosen display Format:table[box,title="Components"](state.name:label=Status,name:label=Name,id:label=ID,size.size(zero="",min=1048576):label=Size:align=right)
2023-10-10 01:14:29,545 INFO     root            Display format: "table[box,title="Components"](state.name:label=Status,name:label=Name,id:label=ID,size.size(zero="",min=1048576):label=Size:align=right)"
2023-10-10 01:14:29,561 INFO     ___FILE_ONLY___ ┌────────────────────────────────────────────────────────────────────────────────────────────────────────────────┐
2023-10-10 01:14:29,561 INFO     ___FILE_ONLY___ 

2023-10-10 01:14:29,561 INFO     ___FILE_ONLY___ │                                                   Components                                                   │
2023-10-10 01:14:29,561 INFO     ___FILE_ONLY___ 

2023-10-10 01:14:29,562 INFO     ___FILE_ONLY___ ├───────────────┬──────────────────────────────────────────────────────┬──────────────────────────────┬──────────┤
2023-10-10 01:14:29,562 INFO     ___FILE_ONLY___ 

2023-10-10 01:14:29,562 INFO     ___FILE_ONLY___ │     Status    │                         Name                         │              ID              │   Size   │
2023-10-10 01:14:29,562 INFO     ___FILE_ONLY___ 

2023-10-10 01:14:29,562 INFO     ___FILE_ONLY___ ├───────────────┼──────────────────────────────────────────────────────┼──────────────────────────────┼──────────┤
2023-10-10 01:14:29,562 INFO     ___FILE_ONLY___ 

2023-10-10 01:14:29,562 INFO     ___FILE_ONLY___ │ 
2023-10-10 01:14:29,562 INFO     ___FILE_ONLY___ Not Installed
2023-10-10 01:14:29,562 INFO     ___FILE_ONLY___  
2023-10-10 01:14:29,562 INFO     ___FILE_ONLY___ │ 
2023-10-10 01:14:29,562 INFO     ___FILE_ONLY___ App Engine Go Extensions                            
2023-10-10 01:14:29,562 INFO     ___FILE_ONLY___  
2023-10-10 01:14:29,562 INFO     ___FILE_ONLY___ │ 
2023-10-10 01:14:29,562 INFO     ___FILE_ONLY___ app-engine-go               
2023-10-10 01:14:29,562 INFO     ___FILE_ONLY___  
2023-10-10 01:14:29,562 INFO     ___FILE_ONLY___ │ 
2023-10-10 01:14:29,562 INFO     ___FILE_ONLY___  4.5 MiB
2023-10-10 01:14:29,562 INFO     ___FILE_ONLY___  
2023-10-10 01:14:29,562 INFO     ___FILE_ONLY___ │
2023-10-10 01:14:29,563 INFO     ___FILE_ONLY___ 

2023-10-10 01:14:29,563 INFO     ___FILE_ONLY___ │ 
2023-10-10 01:14:29,563 INFO     ___FILE_ONLY___ Not Installed
2023-10-10 01:14:29,563 INFO     ___FILE_ONLY___  
2023-10-10 01:14:29,563 INFO     ___FILE_ONLY___ │ 
2023-10-10 01:14:29,564 INFO     ___FILE_ONLY___ Appctl                                              
2023-10-10 01:14:29,564 INFO     ___FILE_ONLY___  
2023-10-10 01:14:29,564 INFO     ___FILE_ONLY___ │ 
2023-10-10 01:14:29,564 INFO     ___FILE_ONLY___ appctl                      
2023-10-10 01:14:29,564 INFO     ___FILE_ONLY___  
2023-10-10 01:14:29,564 INFO     ___FILE_ONLY___ │ 
2023-10-10 01:14:29,564 INFO     ___FILE_ONLY___ 21.0 MiB
2023-10-10 01:14:29,564 INFO     ___FILE_ONLY___  
2023-10-10 01:14:29,564 INFO     ___FILE_ONLY___ │
2023-10-10 01:14:29,564 INFO     ___FILE_ONLY___ 

2023-10-10 01:14:29,564 INFO     ___FILE_ONLY___ │ 
2023-10-10 01:14:29,564 INFO     ___FILE_ONLY___ Not Installed
2023-10-10 01:14:29,564 INFO     ___FILE_ONLY___  
2023-10-10 01:14:29,564 INFO     ___FILE_ONLY___ │ 
2023-10-10 01:14:29,564 INFO     ___FILE_ONLY___ Artifact Registry Go Module Package Helper          
2023-10-10 01:14:29,564 INFO     ___FILE_ONLY___  
2023-10-10 01:14:29,564 INFO     ___FILE_ONLY___ │ 
2023-10-10 01:14:29,564 INFO     ___FILE_ONLY___ package-go-module           
2023-10-10 01:14:29,564 INFO     ___FILE_ONLY___  
2023-10-10 01:14:29,564 INFO     ___FILE_ONLY___ │ 
2023-10-10 01:14:29,564 INFO     ___FILE_ONLY___  < 1 MiB
2023-10-10 01:14:29,564 INFO     ___FILE_ONLY___  
2023-10-10 01:14:29,564 INFO     ___FILE_ONLY___ │
2023-10-10 01:14:29,564 INFO     ___FILE_ONLY___ 

2023-10-10 01:14:29,564 INFO     ___FILE_ONLY___ │ 
2023-10-10 01:14:29,565 INFO     ___FILE_ONLY___ Not Installed
2023-10-10 01:14:29,565 INFO     ___FILE_ONLY___  
2023-10-10 01:14:29,565 INFO     ___FILE_ONLY___ │ 
2023-10-10 01:14:29,565 INFO     ___FILE_ONLY___ Cloud Bigtable Command Line Tool                    
2023-10-10 01:14:29,565 INFO     ___FILE_ONLY___  
2023-10-10 01:14:29,565 INFO     ___FILE_ONLY___ │ 
2023-10-10 01:14:29,565 INFO     ___FILE_ONLY___ cbt                         
2023-10-10 01:14:29,565 INFO     ___FILE_ONLY___  
2023-10-10 01:14:29,565 INFO     ___FILE_ONLY___ │ 
2023-10-10 01:14:29,565 INFO     ___FILE_ONLY___ 11.4 MiB
2023-10-10 01:14:29,565 INFO     ___FILE_ONLY___  
2023-10-10 01:14:29,565 INFO     ___FILE_ONLY___ │
2023-10-10 01:14:29,565 INFO     ___FILE_ONLY___ 

2023-10-10 01:14:29,565 INFO     ___FILE_ONLY___ │ 
2023-10-10 01:14:29,565 INFO     ___FILE_ONLY___ Not Installed
2023-10-10 01:14:29,565 INFO     ___FILE_ONLY___  
2023-10-10 01:14:29,565 INFO     ___FILE_ONLY___ │ 
2023-10-10 01:14:29,565 INFO     ___FILE_ONLY___ Cloud Bigtable Emulator                             
2023-10-10 01:14:29,565 INFO     ___FILE_ONLY___  
2023-10-10 01:14:29,565 INFO     ___FILE_ONLY___ │ 
2023-10-10 01:14:29,565 INFO     ___FILE_ONLY___ bigtable                    
2023-10-10 01:14:29,565 INFO     ___FILE_ONLY___  
2023-10-10 01:14:29,565 INFO     ___FILE_ONLY___ │ 
2023-10-10 01:14:29,565 INFO     ___FILE_ONLY___  7.0 MiB
2023-10-10 01:14:29,565 INFO     ___FILE_ONLY___  
2023-10-10 01:14:29,565 INFO     ___FILE_ONLY___ │
2023-10-10 01:14:29,565 INFO     ___FILE_ONLY___ 

2023-10-10 01:14:29,565 INFO     ___FILE_ONLY___ │ 
2023-10-10 01:14:29,565 INFO     ___FILE_ONLY___ Not Installed
2023-10-10 01:14:29,565 INFO     ___FILE_ONLY___  
2023-10-10 01:14:29,566 INFO     ___FILE_ONLY___ │ 
2023-10-10 01:14:29,566 INFO     ___FILE_ONLY___ Cloud Datastore Emulator                            
2023-10-10 01:14:29,566 INFO     ___FILE_ONLY___  
2023-10-10 01:14:29,566 INFO     ___FILE_ONLY___ │ 
2023-10-10 01:14:29,566 INFO     ___FILE_ONLY___ cloud-datastore-emulator    
2023-10-10 01:14:29,566 INFO     ___FILE_ONLY___  
2023-10-10 01:14:29,566 INFO     ___FILE_ONLY___ │ 
2023-10-10 01:14:29,566 INFO     ___FILE_ONLY___ 36.2 MiB
2023-10-10 01:14:29,566 INFO     ___FILE_ONLY___  
2023-10-10 01:14:29,566 INFO     ___FILE_ONLY___ │
2023-10-10 01:14:29,566 INFO     ___FILE_ONLY___ 

2023-10-10 01:14:29,566 INFO     ___FILE_ONLY___ │ 
2023-10-10 01:14:29,566 INFO     ___FILE_ONLY___ Not Installed
2023-10-10 01:14:29,566 INFO     ___FILE_ONLY___  
2023-10-10 01:14:29,566 INFO     ___FILE_ONLY___ │ 
2023-10-10 01:14:29,566 INFO     ___FILE_ONLY___ Cloud Firestore Emulator                            
2023-10-10 01:14:29,566 INFO     ___FILE_ONLY___  
2023-10-10 01:14:29,566 INFO     ___FILE_ONLY___ │ 
2023-10-10 01:14:29,566 INFO     ___FILE_ONLY___ cloud-firestore-emulator    
2023-10-10 01:14:29,566 INFO     ___FILE_ONLY___  
2023-10-10 01:14:29,566 INFO     ___FILE_ONLY___ │ 
2023-10-10 01:14:29,566 INFO     ___FILE_ONLY___ 42.8 MiB
2023-10-10 01:14:29,566 INFO     ___FILE_ONLY___  
2023-10-10 01:14:29,566 INFO     ___FILE_ONLY___ │
2023-10-10 01:14:29,566 INFO     ___FILE_ONLY___ 

2023-10-10 01:14:29,566 INFO     ___FILE_ONLY___ │ 
2023-10-10 01:14:29,566 INFO     ___FILE_ONLY___ Not Installed
2023-10-10 01:14:29,566 INFO     ___FILE_ONLY___  
2023-10-10 01:14:29,566 INFO     ___FILE_ONLY___ │ 
2023-10-10 01:14:29,567 INFO     ___FILE_ONLY___ Cloud Pub/Sub Emulator                              
2023-10-10 01:14:29,567 INFO     ___FILE_ONLY___  
2023-10-10 01:14:29,567 INFO     ___FILE_ONLY___ │ 
2023-10-10 01:14:29,567 INFO     ___FILE_ONLY___ pubsub-emulator             
2023-10-10 01:14:29,567 INFO     ___FILE_ONLY___  
2023-10-10 01:14:29,567 INFO     ___FILE_ONLY___ │ 
2023-10-10 01:14:29,567 INFO     ___FILE_ONLY___ 61.2 MiB
2023-10-10 01:14:29,567 INFO     ___FILE_ONLY___  
2023-10-10 01:14:29,567 INFO     ___FILE_ONLY___ │
2023-10-10 01:14:29,567 INFO     ___FILE_ONLY___ 

2023-10-10 01:14:29,567 INFO     ___FILE_ONLY___ │ 
2023-10-10 01:14:29,567 INFO     ___FILE_ONLY___ Not Installed
2023-10-10 01:14:29,567 INFO     ___FILE_ONLY___  
2023-10-10 01:14:29,567 INFO     ___FILE_ONLY___ │ 
2023-10-10 01:14:29,567 INFO     ___FILE_ONLY___ Cloud Run Proxy                                     
2023-10-10 01:14:29,567 INFO     ___FILE_ONLY___  
2023-10-10 01:14:29,567 INFO     ___FILE_ONLY___ │ 
2023-10-10 01:14:29,567 INFO     ___FILE_ONLY___ cloud-run-proxy             
2023-10-10 01:14:29,567 INFO     ___FILE_ONLY___  
2023-10-10 01:14:29,567 INFO     ___FILE_ONLY___ │ 
2023-10-10 01:14:29,567 INFO     ___FILE_ONLY___ 13.3 MiB
2023-10-10 01:14:29,567 INFO     ___FILE_ONLY___  
2023-10-10 01:14:29,567 INFO     ___FILE_ONLY___ │
2023-10-10 01:14:29,567 INFO     ___FILE_ONLY___ 

2023-10-10 01:14:29,567 INFO     ___FILE_ONLY___ │ 
2023-10-10 01:14:29,567 INFO     ___FILE_ONLY___ Not Installed
2023-10-10 01:14:29,567 INFO     ___FILE_ONLY___  
2023-10-10 01:14:29,567 INFO     ___FILE_ONLY___ │ 
2023-10-10 01:14:29,567 INFO     ___FILE_ONLY___ Cloud SQL Proxy                                     
2023-10-10 01:14:29,567 INFO     ___FILE_ONLY___  
2023-10-10 01:14:29,567 INFO     ___FILE_ONLY___ │ 
2023-10-10 01:14:29,567 INFO     ___FILE_ONLY___ cloud_sql_proxy             
2023-10-10 01:14:29,567 INFO     ___FILE_ONLY___  
2023-10-10 01:14:29,567 INFO     ___FILE_ONLY___ │ 
2023-10-10 01:14:29,568 INFO     ___FILE_ONLY___  7.8 MiB
2023-10-10 01:14:29,568 INFO     ___FILE_ONLY___  
2023-10-10 01:14:29,568 INFO     ___FILE_ONLY___ │
2023-10-10 01:14:29,568 INFO     ___FILE_ONLY___ 

2023-10-10 01:14:29,568 INFO     ___FILE_ONLY___ │ 
2023-10-10 01:14:29,568 INFO     ___FILE_ONLY___ Not Installed
2023-10-10 01:14:29,568 INFO     ___FILE_ONLY___  
2023-10-10 01:14:29,568 INFO     ___FILE_ONLY___ │ 
2023-10-10 01:14:29,568 INFO     ___FILE_ONLY___ Cloud Spanner Emulator                              
2023-10-10 01:14:29,568 INFO     ___FILE_ONLY___  
2023-10-10 01:14:29,568 INFO     ___FILE_ONLY___ │ 
2023-10-10 01:14:29,568 INFO     ___FILE_ONLY___ cloud-spanner-emulator      
2023-10-10 01:14:29,568 INFO     ___FILE_ONLY___  
2023-10-10 01:14:29,568 INFO     ___FILE_ONLY___ │ 
2023-10-10 01:14:29,568 INFO     ___FILE_ONLY___ 35.2 MiB
2023-10-10 01:14:29,568 INFO     ___FILE_ONLY___  
2023-10-10 01:14:29,568 INFO     ___FILE_ONLY___ │
2023-10-10 01:14:29,568 INFO     ___FILE_ONLY___ 

2023-10-10 01:14:29,568 INFO     ___FILE_ONLY___ │ 
2023-10-10 01:14:29,568 INFO     ___FILE_ONLY___ Not Installed
2023-10-10 01:14:29,568 INFO     ___FILE_ONLY___  
2023-10-10 01:14:29,568 INFO     ___FILE_ONLY___ │ 
2023-10-10 01:14:29,568 INFO     ___FILE_ONLY___ Cloud Spanner Migration Tool                        
2023-10-10 01:14:29,568 INFO     ___FILE_ONLY___  
2023-10-10 01:14:29,568 INFO     ___FILE_ONLY___ │ 
2023-10-10 01:14:29,568 INFO     ___FILE_ONLY___ harbourbridge               
2023-10-10 01:14:29,568 INFO     ___FILE_ONLY___  
2023-10-10 01:14:29,568 INFO     ___FILE_ONLY___ │ 
2023-10-10 01:14:29,568 INFO     ___FILE_ONLY___ 20.9 MiB
2023-10-10 01:14:29,568 INFO     ___FILE_ONLY___  
2023-10-10 01:14:29,568 INFO     ___FILE_ONLY___ │
2023-10-10 01:14:29,568 INFO     ___FILE_ONLY___ 

2023-10-10 01:14:29,568 INFO     ___FILE_ONLY___ │ 
2023-10-10 01:14:29,568 INFO     ___FILE_ONLY___ Not Installed
2023-10-10 01:14:29,568 INFO     ___FILE_ONLY___  
2023-10-10 01:14:29,569 INFO     ___FILE_ONLY___ │ 
2023-10-10 01:14:29,569 INFO     ___FILE_ONLY___ Google Container Registry's Docker credential helper
2023-10-10 01:14:29,569 INFO     ___FILE_ONLY___  
2023-10-10 01:14:29,569 INFO     ___FILE_ONLY___ │ 
2023-10-10 01:14:29,569 INFO     ___FILE_ONLY___ docker-credential-gcr       
2023-10-10 01:14:29,569 INFO     ___FILE_ONLY___  
2023-10-10 01:14:29,569 INFO     ___FILE_ONLY___ │ 
2023-10-10 01:14:29,569 INFO     ___FILE_ONLY___  1.8 MiB
2023-10-10 01:14:29,569 INFO     ___FILE_ONLY___  
2023-10-10 01:14:29,569 INFO     ___FILE_ONLY___ │
2023-10-10 01:14:29,569 INFO     ___FILE_ONLY___ 

2023-10-10 01:14:29,569 INFO     ___FILE_ONLY___ │ 
2023-10-10 01:14:29,569 INFO     ___FILE_ONLY___ Not Installed
2023-10-10 01:14:29,569 INFO     ___FILE_ONLY___  
2023-10-10 01:14:29,569 INFO     ___FILE_ONLY___ │ 
2023-10-10 01:14:29,569 INFO     ___FILE_ONLY___ Kustomize                                           
2023-10-10 01:14:29,569 INFO     ___FILE_ONLY___  
2023-10-10 01:14:29,569 INFO     ___FILE_ONLY___ │ 
2023-10-10 01:14:29,569 INFO     ___FILE_ONLY___ kustomize                   
2023-10-10 01:14:29,569 INFO     ___FILE_ONLY___  
2023-10-10 01:14:29,569 INFO     ___FILE_ONLY___ │ 
2023-10-10 01:14:29,569 INFO     ___FILE_ONLY___  4.3 MiB
2023-10-10 01:14:29,569 INFO     ___FILE_ONLY___  
2023-10-10 01:14:29,569 INFO     ___FILE_ONLY___ │
2023-10-10 01:14:29,569 INFO     ___FILE_ONLY___ 

2023-10-10 01:14:29,569 INFO     ___FILE_ONLY___ │ 
2023-10-10 01:14:29,569 INFO     ___FILE_ONLY___ Not Installed
2023-10-10 01:14:29,569 INFO     ___FILE_ONLY___  
2023-10-10 01:14:29,569 INFO     ___FILE_ONLY___ │ 
2023-10-10 01:14:29,569 INFO     ___FILE_ONLY___ Log Streaming                                       
2023-10-10 01:14:29,569 INFO     ___FILE_ONLY___  
2023-10-10 01:14:29,569 INFO     ___FILE_ONLY___ │ 
2023-10-10 01:14:29,569 INFO     ___FILE_ONLY___ log-streaming               
2023-10-10 01:14:29,570 INFO     ___FILE_ONLY___  
2023-10-10 01:14:29,570 INFO     ___FILE_ONLY___ │ 
2023-10-10 01:14:29,570 INFO     ___FILE_ONLY___ 13.9 MiB
2023-10-10 01:14:29,570 INFO     ___FILE_ONLY___  
2023-10-10 01:14:29,570 INFO     ___FILE_ONLY___ │
2023-10-10 01:14:29,570 INFO     ___FILE_ONLY___ 

2023-10-10 01:14:29,570 INFO     ___FILE_ONLY___ │ 
2023-10-10 01:14:29,570 INFO     ___FILE_ONLY___ Not Installed
2023-10-10 01:14:29,570 INFO     ___FILE_ONLY___  
2023-10-10 01:14:29,570 INFO     ___FILE_ONLY___ │ 
2023-10-10 01:14:29,570 INFO     ___FILE_ONLY___ Minikube                                            
2023-10-10 01:14:29,570 INFO     ___FILE_ONLY___  
2023-10-10 01:14:29,570 INFO     ___FILE_ONLY___ │ 
2023-10-10 01:14:29,570 INFO     ___FILE_ONLY___ minikube                    
2023-10-10 01:14:29,570 INFO     ___FILE_ONLY___  
2023-10-10 01:14:29,570 INFO     ___FILE_ONLY___ │ 
2023-10-10 01:14:29,570 INFO     ___FILE_ONLY___ 34.6 MiB
2023-10-10 01:14:29,570 INFO     ___FILE_ONLY___  
2023-10-10 01:14:29,570 INFO     ___FILE_ONLY___ │
2023-10-10 01:14:29,570 INFO     ___FILE_ONLY___ 

2023-10-10 01:14:29,570 INFO     ___FILE_ONLY___ │ 
2023-10-10 01:14:29,570 INFO     ___FILE_ONLY___ Not Installed
2023-10-10 01:14:29,570 INFO     ___FILE_ONLY___  
2023-10-10 01:14:29,570 INFO     ___FILE_ONLY___ │ 
2023-10-10 01:14:29,570 INFO     ___FILE_ONLY___ Nomos CLI                                           
2023-10-10 01:14:29,570 INFO     ___FILE_ONLY___  
2023-10-10 01:14:29,570 INFO     ___FILE_ONLY___ │ 
2023-10-10 01:14:29,570 INFO     ___FILE_ONLY___ nomos                       
2023-10-10 01:14:29,570 INFO     ___FILE_ONLY___  
2023-10-10 01:14:29,570 INFO     ___FILE_ONLY___ │ 
2023-10-10 01:14:29,570 INFO     ___FILE_ONLY___ 28.6 MiB
2023-10-10 01:14:29,570 INFO     ___FILE_ONLY___  
2023-10-10 01:14:29,570 INFO     ___FILE_ONLY___ │
2023-10-10 01:14:29,570 INFO     ___FILE_ONLY___ 

2023-10-10 01:14:29,570 INFO     ___FILE_ONLY___ │ 
2023-10-10 01:14:29,570 INFO     ___FILE_ONLY___ Not Installed
2023-10-10 01:14:29,571 INFO     ___FILE_ONLY___  
2023-10-10 01:14:29,571 INFO     ___FILE_ONLY___ │ 
2023-10-10 01:14:29,571 INFO     ___FILE_ONLY___ On-Demand Scanning API extraction helper            
2023-10-10 01:14:29,571 INFO     ___FILE_ONLY___  
2023-10-10 01:14:29,571 INFO     ___FILE_ONLY___ │ 
2023-10-10 01:14:29,571 INFO     ___FILE_ONLY___ local-extract               
2023-10-10 01:14:29,571 INFO     ___FILE_ONLY___  
2023-10-10 01:14:29,571 INFO     ___FILE_ONLY___ │ 
2023-10-10 01:14:29,571 INFO     ___FILE_ONLY___ 14.4 MiB
2023-10-10 01:14:29,571 INFO     ___FILE_ONLY___  
2023-10-10 01:14:29,571 INFO     ___FILE_ONLY___ │
2023-10-10 01:14:29,571 INFO     ___FILE_ONLY___ 

2023-10-10 01:14:29,571 INFO     ___FILE_ONLY___ │ 
2023-10-10 01:14:29,571 INFO     ___FILE_ONLY___ Not Installed
2023-10-10 01:14:29,571 INFO     ___FILE_ONLY___  
2023-10-10 01:14:29,571 INFO     ___FILE_ONLY___ │ 
2023-10-10 01:14:29,571 INFO     ___FILE_ONLY___ Skaffold                                            
2023-10-10 01:14:29,571 INFO     ___FILE_ONLY___  
2023-10-10 01:14:29,571 INFO     ___FILE_ONLY___ │ 
2023-10-10 01:14:29,571 INFO     ___FILE_ONLY___ skaffold                    
2023-10-10 01:14:29,571 INFO     ___FILE_ONLY___  
2023-10-10 01:14:29,571 INFO     ___FILE_ONLY___ │ 
2023-10-10 01:14:29,571 INFO     ___FILE_ONLY___ 23.3 MiB
2023-10-10 01:14:29,571 INFO     ___FILE_ONLY___  
2023-10-10 01:14:29,571 INFO     ___FILE_ONLY___ │
2023-10-10 01:14:29,571 INFO     ___FILE_ONLY___ 

2023-10-10 01:14:29,571 INFO     ___FILE_ONLY___ │ 
2023-10-10 01:14:29,571 INFO     ___FILE_ONLY___ Not Installed
2023-10-10 01:14:29,571 INFO     ___FILE_ONLY___  
2023-10-10 01:14:29,571 INFO     ___FILE_ONLY___ │ 
2023-10-10 01:14:29,571 INFO     ___FILE_ONLY___ Spanner migration tool                              
2023-10-10 01:14:29,571 INFO     ___FILE_ONLY___  
2023-10-10 01:14:29,571 INFO     ___FILE_ONLY___ │ 
2023-10-10 01:14:29,571 INFO     ___FILE_ONLY___ spanner-migration-tool      
2023-10-10 01:14:29,571 INFO     ___FILE_ONLY___  
2023-10-10 01:14:29,572 INFO     ___FILE_ONLY___ │ 
2023-10-10 01:14:29,572 INFO     ___FILE_ONLY___ 20.9 MiB
2023-10-10 01:14:29,572 INFO     ___FILE_ONLY___  
2023-10-10 01:14:29,572 INFO     ___FILE_ONLY___ │
2023-10-10 01:14:29,572 INFO     ___FILE_ONLY___ 

2023-10-10 01:14:29,572 INFO     ___FILE_ONLY___ │ 
2023-10-10 01:14:29,572 INFO     ___FILE_ONLY___ Not Installed
2023-10-10 01:14:29,572 INFO     ___FILE_ONLY___  
2023-10-10 01:14:29,572 INFO     ___FILE_ONLY___ │ 
2023-10-10 01:14:29,572 INFO     ___FILE_ONLY___ Terraform Tools                                     
2023-10-10 01:14:29,572 INFO     ___FILE_ONLY___  
2023-10-10 01:14:29,572 INFO     ___FILE_ONLY___ │ 
2023-10-10 01:14:29,572 INFO     ___FILE_ONLY___ terraform-tools             
2023-10-10 01:14:29,572 INFO     ___FILE_ONLY___  
2023-10-10 01:14:29,572 INFO     ___FILE_ONLY___ │ 
2023-10-10 01:14:29,572 INFO     ___FILE_ONLY___ 66.1 MiB
2023-10-10 01:14:29,572 INFO     ___FILE_ONLY___  
2023-10-10 01:14:29,572 INFO     ___FILE_ONLY___ │
2023-10-10 01:14:29,572 INFO     ___FILE_ONLY___ 

2023-10-10 01:14:29,572 INFO     ___FILE_ONLY___ │ 
2023-10-10 01:14:29,572 INFO     ___FILE_ONLY___ Not Installed
2023-10-10 01:14:29,572 INFO     ___FILE_ONLY___  
2023-10-10 01:14:29,572 INFO     ___FILE_ONLY___ │ 
2023-10-10 01:14:29,572 INFO     ___FILE_ONLY___ anthos-auth                                         
2023-10-10 01:14:29,572 INFO     ___FILE_ONLY___  
2023-10-10 01:14:29,572 INFO     ___FILE_ONLY___ │ 
2023-10-10 01:14:29,572 INFO     ___FILE_ONLY___ anthos-auth                 
2023-10-10 01:14:29,572 INFO     ___FILE_ONLY___  
2023-10-10 01:14:29,572 INFO     ___FILE_ONLY___ │ 
2023-10-10 01:14:29,572 INFO     ___FILE_ONLY___ 20.4 MiB
2023-10-10 01:14:29,572 INFO     ___FILE_ONLY___  
2023-10-10 01:14:29,572 INFO     ___FILE_ONLY___ │
2023-10-10 01:14:29,572 INFO     ___FILE_ONLY___ 

2023-10-10 01:14:29,573 INFO     ___FILE_ONLY___ │ 
2023-10-10 01:14:29,573 INFO     ___FILE_ONLY___ Not Installed
2023-10-10 01:14:29,573 INFO     ___FILE_ONLY___  
2023-10-10 01:14:29,573 INFO     ___FILE_ONLY___ │ 
2023-10-10 01:14:29,573 INFO     ___FILE_ONLY___ config-connector                                    
2023-10-10 01:14:29,573 INFO     ___FILE_ONLY___  
2023-10-10 01:14:29,573 INFO     ___FILE_ONLY___ │ 
2023-10-10 01:14:29,573 INFO     ___FILE_ONLY___ config-connector            
2023-10-10 01:14:29,573 INFO     ___FILE_ONLY___  
2023-10-10 01:14:29,573 INFO     ___FILE_ONLY___ │ 
2023-10-10 01:14:29,573 INFO     ___FILE_ONLY___ 56.7 MiB
2023-10-10 01:14:29,573 INFO     ___FILE_ONLY___  
2023-10-10 01:14:29,573 INFO     ___FILE_ONLY___ │
2023-10-10 01:14:29,573 INFO     ___FILE_ONLY___ 

2023-10-10 01:14:29,573 INFO     ___FILE_ONLY___ │ 
2023-10-10 01:14:29,573 INFO     ___FILE_ONLY___ Not Installed
2023-10-10 01:14:29,573 INFO     ___FILE_ONLY___  
2023-10-10 01:14:29,573 INFO     ___FILE_ONLY___ │ 
2023-10-10 01:14:29,573 INFO     ___FILE_ONLY___ enterprise-certificate-proxy                        
2023-10-10 01:14:29,573 INFO     ___FILE_ONLY___  
2023-10-10 01:14:29,573 INFO     ___FILE_ONLY___ │ 
2023-10-10 01:14:29,573 INFO     ___FILE_ONLY___ enterprise-certificate-proxy
2023-10-10 01:14:29,573 INFO     ___FILE_ONLY___  
2023-10-10 01:14:29,573 INFO     ___FILE_ONLY___ │ 
2023-10-10 01:14:29,573 INFO     ___FILE_ONLY___  8.2 MiB
2023-10-10 01:14:29,573 INFO     ___FILE_ONLY___  
2023-10-10 01:14:29,573 INFO     ___FILE_ONLY___ │
2023-10-10 01:14:29,573 INFO     ___FILE_ONLY___ 

2023-10-10 01:14:29,573 INFO     ___FILE_ONLY___ │ 
2023-10-10 01:14:29,573 INFO     ___FILE_ONLY___ Not Installed
2023-10-10 01:14:29,573 INFO     ___FILE_ONLY___  
2023-10-10 01:14:29,573 INFO     ___FILE_ONLY___ │ 
2023-10-10 01:14:29,573 INFO     ___FILE_ONLY___ gcloud Alpha Commands                               
2023-10-10 01:14:29,573 INFO     ___FILE_ONLY___  
2023-10-10 01:14:29,573 INFO     ___FILE_ONLY___ │ 
2023-10-10 01:14:29,574 INFO     ___FILE_ONLY___ alpha                       
2023-10-10 01:14:29,574 INFO     ___FILE_ONLY___  
2023-10-10 01:14:29,574 INFO     ___FILE_ONLY___ │ 
2023-10-10 01:14:29,574 INFO     ___FILE_ONLY___  < 1 MiB
2023-10-10 01:14:29,574 INFO     ___FILE_ONLY___  
2023-10-10 01:14:29,574 INFO     ___FILE_ONLY___ │
2023-10-10 01:14:29,574 INFO     ___FILE_ONLY___ 

2023-10-10 01:14:29,574 INFO     ___FILE_ONLY___ │ 
2023-10-10 01:14:29,574 INFO     ___FILE_ONLY___ Not Installed
2023-10-10 01:14:29,574 INFO     ___FILE_ONLY___  
2023-10-10 01:14:29,574 INFO     ___FILE_ONLY___ │ 
2023-10-10 01:14:29,574 INFO     ___FILE_ONLY___ gcloud Beta Commands                                
2023-10-10 01:14:29,574 INFO     ___FILE_ONLY___  
2023-10-10 01:14:29,574 INFO     ___FILE_ONLY___ │ 
2023-10-10 01:14:29,574 INFO     ___FILE_ONLY___ beta                        
2023-10-10 01:14:29,574 INFO     ___FILE_ONLY___  
2023-10-10 01:14:29,574 INFO     ___FILE_ONLY___ │ 
2023-10-10 01:14:29,574 INFO     ___FILE_ONLY___  < 1 MiB
2023-10-10 01:14:29,574 INFO     ___FILE_ONLY___  
2023-10-10 01:14:29,574 INFO     ___FILE_ONLY___ │
2023-10-10 01:14:29,574 INFO     ___FILE_ONLY___ 

2023-10-10 01:14:29,574 INFO     ___FILE_ONLY___ │ 
2023-10-10 01:14:29,574 INFO     ___FILE_ONLY___ Not Installed
2023-10-10 01:14:29,574 INFO     ___FILE_ONLY___  
2023-10-10 01:14:29,574 INFO     ___FILE_ONLY___ │ 
2023-10-10 01:14:29,574 INFO     ___FILE_ONLY___ gcloud app Java Extensions                          
2023-10-10 01:14:29,574 INFO     ___FILE_ONLY___  
2023-10-10 01:14:29,574 INFO     ___FILE_ONLY___ │ 
2023-10-10 01:14:29,574 INFO     ___FILE_ONLY___ app-engine-java             
2023-10-10 01:14:29,574 INFO     ___FILE_ONLY___  
2023-10-10 01:14:29,574 INFO     ___FILE_ONLY___ │ 
2023-10-10 01:14:29,574 INFO     ___FILE_ONLY___ 73.9 MiB
2023-10-10 01:14:29,574 INFO     ___FILE_ONLY___  
2023-10-10 01:14:29,574 INFO     ___FILE_ONLY___ │
2023-10-10 01:14:29,575 INFO     ___FILE_ONLY___ 

2023-10-10 01:14:29,575 INFO     ___FILE_ONLY___ │ 
2023-10-10 01:14:29,575 INFO     ___FILE_ONLY___ Not Installed
2023-10-10 01:14:29,575 INFO     ___FILE_ONLY___  
2023-10-10 01:14:29,575 INFO     ___FILE_ONLY___ │ 
2023-10-10 01:14:29,575 INFO     ___FILE_ONLY___ gcloud app Python Extensions                        
2023-10-10 01:14:29,575 INFO     ___FILE_ONLY___  
2023-10-10 01:14:29,575 INFO     ___FILE_ONLY___ │ 
2023-10-10 01:14:29,575 INFO     ___FILE_ONLY___ app-engine-python           
2023-10-10 01:14:29,575 INFO     ___FILE_ONLY___  
2023-10-10 01:14:29,575 INFO     ___FILE_ONLY___ │ 
2023-10-10 01:14:29,575 INFO     ___FILE_ONLY___  8.4 MiB
2023-10-10 01:14:29,575 INFO     ___FILE_ONLY___  
2023-10-10 01:14:29,575 INFO     ___FILE_ONLY___ │
2023-10-10 01:14:29,575 INFO     ___FILE_ONLY___ 

2023-10-10 01:14:29,575 INFO     ___FILE_ONLY___ │ 
2023-10-10 01:14:29,575 INFO     ___FILE_ONLY___ Not Installed
2023-10-10 01:14:29,575 INFO     ___FILE_ONLY___  
2023-10-10 01:14:29,575 INFO     ___FILE_ONLY___ │ 
2023-10-10 01:14:29,575 INFO     ___FILE_ONLY___ gcloud app Python Extensions (Extra Libraries)      
2023-10-10 01:14:29,575 INFO     ___FILE_ONLY___  
2023-10-10 01:14:29,575 INFO     ___FILE_ONLY___ │ 
2023-10-10 01:14:29,575 INFO     ___FILE_ONLY___ app-engine-python-extras    
2023-10-10 01:14:29,575 INFO     ___FILE_ONLY___  
2023-10-10 01:14:29,575 INFO     ___FILE_ONLY___ │ 
2023-10-10 01:14:29,575 INFO     ___FILE_ONLY___ 31.5 MiB
2023-10-10 01:14:29,575 INFO     ___FILE_ONLY___  
2023-10-10 01:14:29,575 INFO     ___FILE_ONLY___ │
2023-10-10 01:14:29,575 INFO     ___FILE_ONLY___ 

2023-10-10 01:14:29,575 INFO     ___FILE_ONLY___ │ 
2023-10-10 01:14:29,575 INFO     ___FILE_ONLY___ Not Installed
2023-10-10 01:14:29,575 INFO     ___FILE_ONLY___  
2023-10-10 01:14:29,575 INFO     ___FILE_ONLY___ │ 
2023-10-10 01:14:29,575 INFO     ___FILE_ONLY___ gke-gcloud-auth-plugin                              
2023-10-10 01:14:29,576 INFO     ___FILE_ONLY___  
2023-10-10 01:14:29,576 INFO     ___FILE_ONLY___ │ 
2023-10-10 01:14:29,576 INFO     ___FILE_ONLY___ gke-gcloud-auth-plugin      
2023-10-10 01:14:29,576 INFO     ___FILE_ONLY___  
2023-10-10 01:14:29,576 INFO     ___FILE_ONLY___ │ 
2023-10-10 01:14:29,576 INFO     ___FILE_ONLY___  7.9 MiB
2023-10-10 01:14:29,576 INFO     ___FILE_ONLY___  
2023-10-10 01:14:29,576 INFO     ___FILE_ONLY___ │
2023-10-10 01:14:29,576 INFO     ___FILE_ONLY___ 

2023-10-10 01:14:29,576 INFO     ___FILE_ONLY___ │ 
2023-10-10 01:14:29,576 INFO     ___FILE_ONLY___ Not Installed
2023-10-10 01:14:29,576 INFO     ___FILE_ONLY___  
2023-10-10 01:14:29,576 INFO     ___FILE_ONLY___ │ 
2023-10-10 01:14:29,576 INFO     ___FILE_ONLY___ kpt                                                 
2023-10-10 01:14:29,576 INFO     ___FILE_ONLY___  
2023-10-10 01:14:29,576 INFO     ___FILE_ONLY___ │ 
2023-10-10 01:14:29,576 INFO     ___FILE_ONLY___ kpt                         
2023-10-10 01:14:29,576 INFO     ___FILE_ONLY___  
2023-10-10 01:14:29,576 INFO     ___FILE_ONLY___ │ 
2023-10-10 01:14:29,576 INFO     ___FILE_ONLY___ 14.4 MiB
2023-10-10 01:14:29,576 INFO     ___FILE_ONLY___  
2023-10-10 01:14:29,576 INFO     ___FILE_ONLY___ │
2023-10-10 01:14:29,576 INFO     ___FILE_ONLY___ 

2023-10-10 01:14:29,576 INFO     ___FILE_ONLY___ │ 
2023-10-10 01:14:29,576 INFO     ___FILE_ONLY___ Not Installed
2023-10-10 01:14:29,576 INFO     ___FILE_ONLY___  
2023-10-10 01:14:29,576 INFO     ___FILE_ONLY___ │ 
2023-10-10 01:14:29,576 INFO     ___FILE_ONLY___ kubectl                                             
2023-10-10 01:14:29,576 INFO     ___FILE_ONLY___  
2023-10-10 01:14:29,576 INFO     ___FILE_ONLY___ │ 
2023-10-10 01:14:29,576 INFO     ___FILE_ONLY___ kubectl                     
2023-10-10 01:14:29,576 INFO     ___FILE_ONLY___  
2023-10-10 01:14:29,576 INFO     ___FILE_ONLY___ │ 
2023-10-10 01:14:29,576 INFO     ___FILE_ONLY___  < 1 MiB
2023-10-10 01:14:29,576 INFO     ___FILE_ONLY___  
2023-10-10 01:14:29,577 INFO     ___FILE_ONLY___ │
2023-10-10 01:14:29,577 INFO     ___FILE_ONLY___ 

2023-10-10 01:14:29,577 INFO     ___FILE_ONLY___ │ 
2023-10-10 01:14:29,577 INFO     ___FILE_ONLY___ Not Installed
2023-10-10 01:14:29,577 INFO     ___FILE_ONLY___  
2023-10-10 01:14:29,577 INFO     ___FILE_ONLY___ │ 
2023-10-10 01:14:29,577 INFO     ___FILE_ONLY___ kubectl-oidc                                        
2023-10-10 01:14:29,577 INFO     ___FILE_ONLY___  
2023-10-10 01:14:29,577 INFO     ___FILE_ONLY___ │ 
2023-10-10 01:14:29,577 INFO     ___FILE_ONLY___ kubectl-oidc                
2023-10-10 01:14:29,577 INFO     ___FILE_ONLY___  
2023-10-10 01:14:29,577 INFO     ___FILE_ONLY___ │ 
2023-10-10 01:14:29,577 INFO     ___FILE_ONLY___ 20.4 MiB
2023-10-10 01:14:29,577 INFO     ___FILE_ONLY___  
2023-10-10 01:14:29,577 INFO     ___FILE_ONLY___ │
2023-10-10 01:14:29,577 INFO     ___FILE_ONLY___ 

2023-10-10 01:14:29,577 INFO     ___FILE_ONLY___ │ 
2023-10-10 01:14:29,577 INFO     ___FILE_ONLY___ Not Installed
2023-10-10 01:14:29,577 INFO     ___FILE_ONLY___  
2023-10-10 01:14:29,577 INFO     ___FILE_ONLY___ │ 
2023-10-10 01:14:29,577 INFO     ___FILE_ONLY___ pkg                                                 
2023-10-10 01:14:29,577 INFO     ___FILE_ONLY___  
2023-10-10 01:14:29,577 INFO     ___FILE_ONLY___ │ 
2023-10-10 01:14:29,577 INFO     ___FILE_ONLY___ pkg                         
2023-10-10 01:14:29,577 INFO     ___FILE_ONLY___  
2023-10-10 01:14:29,577 INFO     ___FILE_ONLY___ │ 
2023-10-10 01:14:29,577 INFO     ___FILE_ONLY___         
2023-10-10 01:14:29,577 INFO     ___FILE_ONLY___  
2023-10-10 01:14:29,577 INFO     ___FILE_ONLY___ │
2023-10-10 01:14:29,577 INFO     ___FILE_ONLY___ 

2023-10-10 01:14:29,577 INFO     ___FILE_ONLY___ │ 
2023-10-10 01:14:29,577 INFO     ___FILE_ONLY___ Installed    
2023-10-10 01:14:29,577 INFO     ___FILE_ONLY___  
2023-10-10 01:14:29,577 INFO     ___FILE_ONLY___ │ 
2023-10-10 01:14:29,577 INFO     ___FILE_ONLY___ BigQuery Command Line Tool                          
2023-10-10 01:14:29,578 INFO     ___FILE_ONLY___  
2023-10-10 01:14:29,578 INFO     ___FILE_ONLY___ │ 
2023-10-10 01:14:29,578 INFO     ___FILE_ONLY___ bq                          
2023-10-10 01:14:29,578 INFO     ___FILE_ONLY___  
2023-10-10 01:14:29,578 INFO     ___FILE_ONLY___ │ 
2023-10-10 01:14:29,578 INFO     ___FILE_ONLY___  1.6 MiB
2023-10-10 01:14:29,578 INFO     ___FILE_ONLY___  
2023-10-10 01:14:29,578 INFO     ___FILE_ONLY___ │
2023-10-10 01:14:29,578 INFO     ___FILE_ONLY___ 

2023-10-10 01:14:29,578 INFO     ___FILE_ONLY___ │ 
2023-10-10 01:14:29,578 INFO     ___FILE_ONLY___ Installed    
2023-10-10 01:14:29,578 INFO     ___FILE_ONLY___  
2023-10-10 01:14:29,578 INFO     ___FILE_ONLY___ │ 
2023-10-10 01:14:29,578 INFO     ___FILE_ONLY___ Bundled Python 3.9                                  
2023-10-10 01:14:29,578 INFO     ___FILE_ONLY___  
2023-10-10 01:14:29,578 INFO     ___FILE_ONLY___ │ 
2023-10-10 01:14:29,578 INFO     ___FILE_ONLY___ bundled-python3-unix        
2023-10-10 01:14:29,578 INFO     ___FILE_ONLY___  
2023-10-10 01:14:29,578 INFO     ___FILE_ONLY___ │ 
2023-10-10 01:14:29,578 INFO     ___FILE_ONLY___ 63.6 MiB
2023-10-10 01:14:29,578 INFO     ___FILE_ONLY___  
2023-10-10 01:14:29,578 INFO     ___FILE_ONLY___ │
2023-10-10 01:14:29,578 INFO     ___FILE_ONLY___ 

2023-10-10 01:14:29,578 INFO     ___FILE_ONLY___ │ 
2023-10-10 01:14:29,578 INFO     ___FILE_ONLY___ Installed    
2023-10-10 01:14:29,578 INFO     ___FILE_ONLY___  
2023-10-10 01:14:29,578 INFO     ___FILE_ONLY___ │ 
2023-10-10 01:14:29,578 INFO     ___FILE_ONLY___ Cloud Storage Command Line Tool                     
2023-10-10 01:14:29,578 INFO     ___FILE_ONLY___  
2023-10-10 01:14:29,578 INFO     ___FILE_ONLY___ │ 
2023-10-10 01:14:29,578 INFO     ___FILE_ONLY___ gsutil                      
2023-10-10 01:14:29,578 INFO     ___FILE_ONLY___  
2023-10-10 01:14:29,579 INFO     ___FILE_ONLY___ │ 
2023-10-10 01:14:29,579 INFO     ___FILE_ONLY___ 11.3 MiB
2023-10-10 01:14:29,579 INFO     ___FILE_ONLY___  
2023-10-10 01:14:29,579 INFO     ___FILE_ONLY___ │
2023-10-10 01:14:29,579 INFO     ___FILE_ONLY___ 

2023-10-10 01:14:29,579 INFO     ___FILE_ONLY___ │ 
2023-10-10 01:14:29,579 INFO     ___FILE_ONLY___ Installed    
2023-10-10 01:14:29,579 INFO     ___FILE_ONLY___  
2023-10-10 01:14:29,579 INFO     ___FILE_ONLY___ │ 
2023-10-10 01:14:29,579 INFO     ___FILE_ONLY___ Google Cloud CLI Core Libraries                     
2023-10-10 01:14:29,579 INFO     ___FILE_ONLY___  
2023-10-10 01:14:29,579 INFO     ___FILE_ONLY___ │ 
2023-10-10 01:14:29,579 INFO     ___FILE_ONLY___ core                        
2023-10-10 01:14:29,579 INFO     ___FILE_ONLY___  
2023-10-10 01:14:29,579 INFO     ___FILE_ONLY___ │ 
2023-10-10 01:14:29,579 INFO     ___FILE_ONLY___ 21.8 MiB
2023-10-10 01:14:29,579 INFO     ___FILE_ONLY___  
2023-10-10 01:14:29,579 INFO     ___FILE_ONLY___ │
2023-10-10 01:14:29,579 INFO     ___FILE_ONLY___ 

2023-10-10 01:14:29,579 INFO     ___FILE_ONLY___ │ 
2023-10-10 01:14:29,579 INFO     ___FILE_ONLY___ Installed    
2023-10-10 01:14:29,579 INFO     ___FILE_ONLY___  
2023-10-10 01:14:29,579 INFO     ___FILE_ONLY___ │ 
2023-10-10 01:14:29,579 INFO     ___FILE_ONLY___ Google Cloud CRC32C Hash Tool                       
2023-10-10 01:14:29,579 INFO     ___FILE_ONLY___  
2023-10-10 01:14:29,579 INFO     ___FILE_ONLY___ │ 
2023-10-10 01:14:29,579 INFO     ___FILE_ONLY___ gcloud-crc32c               
2023-10-10 01:14:29,579 INFO     ___FILE_ONLY___  
2023-10-10 01:14:29,579 INFO     ___FILE_ONLY___ │ 
2023-10-10 01:14:29,579 INFO     ___FILE_ONLY___  1.2 MiB
2023-10-10 01:14:29,579 INFO     ___FILE_ONLY___  
2023-10-10 01:14:29,579 INFO     ___FILE_ONLY___ │
2023-10-10 01:14:29,579 INFO     ___FILE_ONLY___ 

2023-10-10 01:14:29,580 INFO     ___FILE_ONLY___ └───────────────┴──────────────────────────────────────────────────────┴──────────────────────────────┴──────────┘
2023-10-10 01:14:29,580 INFO     ___FILE_ONLY___ 

2023-10-10 01:14:29,580 INFO     ___FILE_ONLY___ To install or remove components at your current SDK version [449.0.0], run:
  $ gcloud components install COMPONENT_ID
  $ gcloud components remove COMPONENT_ID

To update your SDK installation to the latest version [449.0.0], run:
  $ gcloud components update


