2023-10-10 01:15:15,785 DEBUG    root            Loaded Command Group: ['gcloud', 'components']
2023-10-10 01:15:15,786 DEBUG    root            Loaded Command Group: ['gcloud', 'components', 'install']
2023-10-10 01:15:15,787 DEBUG    root            Running [gcloud.components.install] with arguments: [COMPONENT-IDS:1: "['app-engine-go']"]
2023-10-10 01:15:15,791 DEBUG    urllib3.connectionpool Starting new HTTPS connection (1): dl.google.com:443
2023-10-10 01:15:15,933 DEBUG    urllib3.connectionpool https://dl.google.com:443 "GET /dl/cloudsdk/channels/rapid/components-v449.0.0.json HTTP/1.1" 200 209942
2023-10-10 01:15:16,038 INFO     ___FILE_ONLY___ 

2023-10-10 01:15:16,039 INFO     ___FILE_ONLY___ 
Your current Google Cloud CLI version is: 449.0.0

2023-10-10 01:15:16,039 INFO     ___FILE_ONLY___ Installing components from version: 449.0.0

2023-10-10 01:15:16,040 INFO     ___FILE_ONLY___ 

2023-10-10 01:15:16,040 DEBUG    root            (gcloud.components.install) Your current working directory is inside the Google Cloud CLI install root: /home/devilunraveled/GoogleCloud/google-cloud-sdk.  In order to perform this update, run the command from outside of this directory.
Traceback (most recent call last):
  File "/home/devilunraveled/GoogleCloud/google-cloud-sdk/lib/googlecloudsdk/calliope/cli.py", line 987, in Execute
    resources = calliope_command.Run(cli=self, args=args)
  File "/home/devilunraveled/GoogleCloud/google-cloud-sdk/lib/googlecloudsdk/calliope/backend.py", line 807, in Run
    resources = command_instance.Run(args)
  File "/home/devilunraveled/GoogleCloud/google-cloud-sdk/lib/surface/components/install.py", line 90, in Run
    update_manager.Install(
  File "/home/devilunraveled/GoogleCloud/google-cloud-sdk/lib/googlecloudsdk/core/updater/update_manager.py", line 969, in Install
    return self.Update(
  File "/home/devilunraveled/GoogleCloud/google-cloud-sdk/lib/googlecloudsdk/core/updater/update_manager.py", line 1057, in Update
    disable_backup = self._ShouldDoFastUpdate(
  File "/home/devilunraveled/GoogleCloud/google-cloud-sdk/lib/googlecloudsdk/core/updater/update_manager.py", line 462, in _ShouldDoFastUpdate
    raise InvalidCWDError(
googlecloudsdk.core.updater.update_manager.InvalidCWDError: Your current working directory is inside the Google Cloud CLI install root: /home/devilunraveled/GoogleCloud/google-cloud-sdk.  In order to perform this update, run the command from outside of this directory.
2023-10-10 01:15:16,042 ERROR    root            (gcloud.components.install) Your current working directory is inside the Google Cloud CLI install root: /home/devilunraveled/GoogleCloud/google-cloud-sdk.  In order to perform this update, run the command from outside of this directory.
