2023-10-10 01:37:46,080 DEBUG    root            Loaded Command Group: ['gcloud', 'init']
2023-10-10 01:37:46,082 DEBUG    root            Running [gcloud.init] with arguments: []
2023-10-10 01:37:46,082 INFO     ___FILE_ONLY___ Welcome! This command will take you through the configuration of gcloud.


2023-10-10 01:37:46,083 INFO     ___FILE_ONLY___ Your current configuration has been set to: [default]


2023-10-10 01:37:46,083 INFO     ___FILE_ONLY___ You can skip diagnostics next time by using the following flag:

2023-10-10 01:37:46,083 INFO     ___FILE_ONLY___   gcloud init --skip-diagnostics


2023-10-10 01:37:46,083 INFO     ___FILE_ONLY___ Network diagnostic detects and fixes local network connection issues.

2023-10-10 01:37:46,084 INFO     ___FILE_ONLY___ Checking network connection...
2023-10-10 01:37:48,545 DEBUG    urllib3.connectionpool Starting new HTTPS connection (1): accounts.google.com:443
2023-10-10 01:37:48,677 DEBUG    urllib3.connectionpool https://accounts.google.com:443 "GET / HTTP/1.1" 302 338
2023-10-10 01:37:48,824 DEBUG    urllib3.connectionpool https://accounts.google.com:443 "GET /ServiceLogin?passive=1209600&continue=https%3A%2F%2Faccounts.google.com%2F&followup=https%3A%2F%2Faccounts.google.com%2F HTTP/1.1" 302 0
2023-10-10 01:37:48,917 DEBUG    urllib3.connectionpool https://accounts.google.com:443 "GET /InteractiveLogin?continue=https://accounts.google.com/&followup=https://accounts.google.com/&passive=1209600&ifkv=AYZoVhczCdTAgHy0eauncMsrNn5CuvdkQqXM7mn8QUhyvp_rnPLlvpWp-eYDQhhvN2Q5w3Brj5nUng HTTP/1.1" 302 527
2023-10-10 01:37:49,083 DEBUG    urllib3.connectionpool https://accounts.google.com:443 "GET /v3/signin/identifier?continue=https%3A%2F%2Faccounts.google.com%2F&followup=https%3A%2F%2Faccounts.google.com%2F&ifkv=AYZoVhdKtRLFiEM5QXPKfbAHMATQ61qPVgb9fPOkxAznLRTTeTJe1M6W4MbzyIZPTVztf9qY_VlEzw&passive=1209600&flowName=WebLiteSignIn&flowEntry=ServiceLogin&dsh=S-452486168%3A1696882068857808 HTTP/1.1" 200 None
2023-10-10 01:37:49,166 DEBUG    urllib3.connectionpool Starting new HTTPS connection (1): cloudresourcemanager.googleapis.com:443
2023-10-10 01:37:50,369 DEBUG    urllib3.connectionpool https://cloudresourcemanager.googleapis.com:443 "GET /v1beta1/projects HTTP/1.1" 401 None
2023-10-10 01:37:50,374 DEBUG    urllib3.connectionpool Starting new HTTPS connection (1): www.googleapis.com:443
2023-10-10 01:37:50,502 DEBUG    urllib3.connectionpool https://www.googleapis.com:443 "GET /auth/cloud-platform HTTP/1.1" 200 14
2023-10-10 01:37:50,505 DEBUG    urllib3.connectionpool Starting new HTTPS connection (1): dl.google.com:443
2023-10-10 01:37:50,642 DEBUG    urllib3.connectionpool https://dl.google.com:443 "GET /dl/cloudsdk/channels/rapid/components-2.json HTTP/1.1" 200 209942
2023-10-10 01:37:50,895 INFO     ___FILE_ONLY___ Reachability Check passed.

2023-10-10 01:37:50,896 INFO     ___FILE_ONLY___ Network diagnostic passed (1/1 checks passed).


2023-10-10 01:37:54,696 DEBUG    root            Loaded Command Group: ['gcloud', 'auth']
2023-10-10 01:37:54,702 DEBUG    root            Loaded Command Group: ['gcloud', 'auth', 'login']
2023-10-10 01:37:54,703 INFO     root            Executing: [gcloud auth login --force --brief]
2023-10-10 01:37:54,705 DEBUG    root            Running [gcloud.auth.login] with arguments: [--brief: "True", --force: "True"]
2023-10-10 01:37:55,081 DEBUG    requests_oauthlib.oauth2_session Generated new state P4H8yUK57f2DMPh3RPsfTcmzRBl0ZX.
2023-10-10 01:38:13,799 INFO     ___FILE_ONLY___ Your browser has been opened to visit:

    https://accounts.google.com/o/oauth2/auth?response_type=code&client_id=32555940559.apps.googleusercontent.com&redirect_uri=http%3A%2F%2Flocalhost%3A8085%2F&scope=openid+https%3A%2F%2Fwww.googleapis.com%2Fauth%2Fuserinfo.email+https%3A%2F%2Fwww.googleapis.com%2Fauth%2Fcloud-platform+https%3A%2F%2Fwww.googleapis.com%2Fauth%2Fappengine.admin+https%3A%2F%2Fwww.googleapis.com%2Fauth%2Fsqlservice.login+https%3A%2F%2Fwww.googleapis.com%2Fauth%2Fcompute+https%3A%2F%2Fwww.googleapis.com%2Fauth%2Faccounts.reauth&state=P4H8yUK57f2DMPh3RPsfTcmzRBl0ZX&access_type=offline&code_challenge=niyF8duyjIEw7OUlkChk3ehJYT9JUrhiHDzU7GWvu2g&code_challenge_method=S256


2023-10-10 01:38:13,801 DEBUG    requests_oauthlib.oauth2_session Requesting url https://oauth2.googleapis.com/token using method POST.
2023-10-10 01:38:13,801 DEBUG    requests_oauthlib.oauth2_session Supplying headers {b'Accept': b'application/json', b'Content-Type': b'application/x-www-form-urlencoded;charset=UTF-8', b'user-agent': b'google-cloud-sdk gcloud/449.0.0 command/gcloud.auth.login invocation-id/8564e2a47d7b4cf1a399c9e2d55a8619 environment/None environment-version/None client-os/LINUX client-os-ver/5.15.131 client-pltf-arch/x86_64 interactive/True from-script/False python/3.10.10 term/xterm-kitty (Linux 5.15.131-1-MANJARO)'} and data {'grant_type': 'authorization_code', 'client_id': '32555940559.apps.googleusercontent.com', 'client_secret': 'ZmssLNjJy2998hD4CTg2ejr2', 'code': '4/0AfJohXkSLKnaa50Basqg0RRfoUamR6ngWksq7mi4twYh2OQDj15k6P5rrM2T2Z5bQdbpWQ', 'redirect_uri': 'http://localhost:8085/', 'code_verifier': 'rysLipw8oD_HoYVQZX~kAgxOIFMvi7DRzJgUNKvd0UbRoEopZ3x7dAGZwb3Up~ffhprDSSOUpee63jVHGkkHdW1Kl.-zfhOGvEGPELpx1.nhgHRdfJkQwR~v.p.6HFJl'}
2023-10-10 01:38:13,801 DEBUG    requests_oauthlib.oauth2_session Passing through key word arguments {'json': None, 'timeout': None, 'auth': None, 'verify': None, 'proxies': None}.
2023-10-10 01:38:13,801 DEBUG    urllib3.connectionpool Starting new HTTPS connection (1): oauth2.googleapis.com:443
2023-10-10 01:38:13,959 DEBUG    urllib3.connectionpool https://oauth2.googleapis.com:443 "POST /token HTTP/1.1" 200 None
2023-10-10 01:38:13,961 DEBUG    requests_oauthlib.oauth2_session Prepared fetch token request body grant_type=authorization_code&client_id=32555940559.apps.googleusercontent.com&client_secret=ZmssLNjJy2998hD4CTg2ejr2&code=4%2F0AfJohXkSLKnaa50Basqg0RRfoUamR6ngWksq7mi4twYh2OQDj15k6P5rrM2T2Z5bQdbpWQ&redirect_uri=http%3A%2F%2Flocalhost%3A8085%2F&code_verifier=rysLipw8oD_HoYVQZX~kAgxOIFMvi7DRzJgUNKvd0UbRoEopZ3x7dAGZwb3Up~ffhprDSSOUpee63jVHGkkHdW1Kl.-zfhOGvEGPELpx1.nhgHRdfJkQwR~v.p.6HFJl
2023-10-10 01:38:13,961 DEBUG    requests_oauthlib.oauth2_session Request to fetch token completed with status 200.
2023-10-10 01:38:13,961 DEBUG    requests_oauthlib.oauth2_session Request headers were {'user-agent': b'google-cloud-sdk gcloud/449.0.0 command/gcloud.auth.login invocation-id/8564e2a47d7b4cf1a399c9e2d55a8619 environment/None environment-version/None client-os/LINUX client-os-ver/5.15.131 client-pltf-arch/x86_64 interactive/True from-script/False python/3.10.10 term/xterm-kitty (Linux 5.15.131-1-MANJARO)', 'Accept-Encoding': 'gzip, deflate', 'Accept': b'application/json', 'Connection': 'keep-alive', 'Content-Type': b'application/x-www-form-urlencoded;charset=UTF-8', 'Content-Length': '387'}
2023-10-10 01:38:13,961 DEBUG    requests_oauthlib.oauth2_session Request body was grant_type=authorization_code&client_id=32555940559.apps.googleusercontent.com&client_secret=ZmssLNjJy2998hD4CTg2ejr2&code=4%2F0AfJohXkSLKnaa50Basqg0RRfoUamR6ngWksq7mi4twYh2OQDj15k6P5rrM2T2Z5bQdbpWQ&redirect_uri=http%3A%2F%2Flocalhost%3A8085%2F&code_verifier=rysLipw8oD_HoYVQZX~kAgxOIFMvi7DRzJgUNKvd0UbRoEopZ3x7dAGZwb3Up~ffhprDSSOUpee63jVHGkkHdW1Kl.-zfhOGvEGPELpx1.nhgHRdfJkQwR~v.p.6HFJl
2023-10-10 01:38:13,961 DEBUG    requests_oauthlib.oauth2_session Response headers were {'Cache-Control': 'no-cache, no-store, max-age=0, must-revalidate', 'Date': 'Mon, 09 Oct 2023 20:08:13 GMT', 'Pragma': 'no-cache', 'Expires': 'Mon, 01 Jan 1990 00:00:00 GMT', 'Content-Type': 'application/json; charset=utf-8', 'Vary': 'Origin, X-Origin, Referer', 'Content-Encoding': 'gzip', 'Server': 'scaffolding on HTTPServer2', 'X-XSS-Protection': '0', 'X-Frame-Options': 'SAMEORIGIN', 'X-Content-Type-Options': 'nosniff', 'Alt-Svc': 'h3=":443"; ma=2592000,h3-29=":443"; ma=2592000', 'Transfer-Encoding': 'chunked'} and content {
  "access_token": "ya29.a0AfB_byASDD_5wm3nmJB3wRyCOFtZ50FPHEho-8l0FnJY8BSrFojVqKx03Z2zJyqqymvzL5xXXX7Zn-jDvc9t3X0-OB-5ljldtON5DgcXNe4gkKuVOUBJdYf7808WDoxNW71DJaT7frRzqM5RGniaOU92Iu2aQcBUmFCVhtANaQaCgYKAVYSARASFQGOcNnCteb2w_AEB_qdT0bEnrKJSg0177",
  "expires_in": 3599,
  "refresh_token": "1//0gOkxDD3rK2MuCgYIARAAGBASNwF-L9IrPW_x40cli_mpaOUj6Z8ITWqPETQby1fGJh6n2P5lpNWpbeiTFp078_oaOOVoUS8UUV4",
  "scope": "https://www.googleapis.com/auth/userinfo.email https://www.googleapis.com/auth/appengine.admin https://www.googleapis.com/auth/cloud-platform https://www.googleapis.com/auth/compute https://www.googleapis.com/auth/accounts.reauth https://www.googleapis.com/auth/sqlservice.login openid",
  "token_type": "Bearer",
  "id_token": "eyJhbGciOiJSUzI1NiIsImtpZCI6ImM2MjYzZDA5NzQ1YjUwMzJlNTdmYTZlMWQwNDFiNzdhNTQwNjZkYmQiLCJ0eXAiOiJKV1QifQ.eyJpc3MiOiJodHRwczovL2FjY291bnRzLmdvb2dsZS5jb20iLCJhenAiOiIzMjU1NTk0MDU1OS5hcHBzLmdvb2dsZXVzZXJjb250ZW50LmNvbSIsImF1ZCI6IjMyNTU1OTQwNTU5LmFwcHMuZ29vZ2xldXNlcmNvbnRlbnQuY29tIiwic3ViIjoiMTA0MTIxMzQ0NjY2MTM5NTc2NDE2IiwiZW1haWwiOiJoYXJkaWtzaGFybWFoNzNAZ21haWwuY29tIiwiZW1haWxfdmVyaWZpZWQiOnRydWUsImF0X2hhc2giOiJCOWxpQlpLemtPZGRPdE5SREFfTW9BIiwiaWF0IjoxNjk2ODgyMDkzLCJleHAiOjE2OTY4ODU2OTN9.TWmxiZI9Vzd82b0J7FXWWnsGBhwLB3jIA5qvjNCABIKtJrUl1WSOm7eXmLIFGjtKCi05K3iunYzj8RbTn1d8SifvDohKHjb3Tv7RliLARPLe1U2P-i_0ETOhBdP7_yCgYQB1ulOztfrdAlXEOR6AcEno3Vd7wdRKVkEKzXdyV2Wwp38j-ljSS-ElmWZkStjxshHO3wICoHbNk2YMO408w3JeNfSaKFkVcnzReLjRlSCmjwGyyDdD3ZgJ9q4Dt_uYJyxeZxmAFBw_9N0CnSD5lQ_p9rBdDS0h7KaOb4ViGGJeFyUSkTj9SUAwNXrwpsB5BpRWRx39XSJa_VtXv-1Q2A"
}.
2023-10-10 01:38:13,961 DEBUG    requests_oauthlib.oauth2_session Invoking 0 token response hooks.
2023-10-10 01:38:13,961 DEBUG    requests_oauthlib.oauth2_session Obtained token {'access_token': 'ya29.a0AfB_byASDD_5wm3nmJB3wRyCOFtZ50FPHEho-8l0FnJY8BSrFojVqKx03Z2zJyqqymvzL5xXXX7Zn-jDvc9t3X0-OB-5ljldtON5DgcXNe4gkKuVOUBJdYf7808WDoxNW71DJaT7frRzqM5RGniaOU92Iu2aQcBUmFCVhtANaQaCgYKAVYSARASFQGOcNnCteb2w_AEB_qdT0bEnrKJSg0177', 'expires_in': 3599, 'refresh_token': '1//0gOkxDD3rK2MuCgYIARAAGBASNwF-L9IrPW_x40cli_mpaOUj6Z8ITWqPETQby1fGJh6n2P5lpNWpbeiTFp078_oaOOVoUS8UUV4', 'scope': ['https://www.googleapis.com/auth/userinfo.email', 'https://www.googleapis.com/auth/appengine.admin', 'https://www.googleapis.com/auth/cloud-platform', 'https://www.googleapis.com/auth/compute', 'https://www.googleapis.com/auth/accounts.reauth', 'https://www.googleapis.com/auth/sqlservice.login', 'openid'], 'token_type': 'Bearer', 'id_token': 'eyJhbGciOiJSUzI1NiIsImtpZCI6ImM2MjYzZDA5NzQ1YjUwMzJlNTdmYTZlMWQwNDFiNzdhNTQwNjZkYmQiLCJ0eXAiOiJKV1QifQ.eyJpc3MiOiJodHRwczovL2FjY291bnRzLmdvb2dsZS5jb20iLCJhenAiOiIzMjU1NTk0MDU1OS5hcHBzLmdvb2dsZXVzZXJjb250ZW50LmNvbSIsImF1ZCI6IjMyNTU1OTQwNTU5LmFwcHMuZ29vZ2xldXNlcmNvbnRlbnQuY29tIiwic3ViIjoiMTA0MTIxMzQ0NjY2MTM5NTc2NDE2IiwiZW1haWwiOiJoYXJkaWtzaGFybWFoNzNAZ21haWwuY29tIiwiZW1haWxfdmVyaWZpZWQiOnRydWUsImF0X2hhc2giOiJCOWxpQlpLemtPZGRPdE5SREFfTW9BIiwiaWF0IjoxNjk2ODgyMDkzLCJleHAiOjE2OTY4ODU2OTN9.TWmxiZI9Vzd82b0J7FXWWnsGBhwLB3jIA5qvjNCABIKtJrUl1WSOm7eXmLIFGjtKCi05K3iunYzj8RbTn1d8SifvDohKHjb3Tv7RliLARPLe1U2P-i_0ETOhBdP7_yCgYQB1ulOztfrdAlXEOR6AcEno3Vd7wdRKVkEKzXdyV2Wwp38j-ljSS-ElmWZkStjxshHO3wICoHbNk2YMO408w3JeNfSaKFkVcnzReLjRlSCmjwGyyDdD3ZgJ9q4Dt_uYJyxeZxmAFBw_9N0CnSD5lQ_p9rBdDS0h7KaOb4ViGGJeFyUSkTj9SUAwNXrwpsB5BpRWRx39XSJa_VtXv-1Q2A', 'expires_at': 1696885692.9617805}.
2023-10-10 01:38:13,998 DEBUG    root            Chosen display Format:none
2023-10-10 01:38:13,999 INFO     root            Display format: "none"
2023-10-10 01:38:14,003 INFO     ___FILE_ONLY___ You are logged in as: [hardiksharmah73@gmail.com].


2023-10-10 01:38:14,037 DEBUG    urllib3.connectionpool Starting new HTTPS connection (1): cloudresourcemanager.googleapis.com:443
2023-10-10 01:38:15,592 DEBUG    urllib3.connectionpool https://cloudresourcemanager.googleapis.com:443 "GET /v1/projects?alt=json&filter=lifecycleState%3AACTIVE&pageSize=201 HTTP/1.1" 200 None
2023-10-10 01:38:25,394 INFO     ___FILE_ONLY___ Your current project has been set to: [pegasus-401519].


2023-10-10 01:38:25,452 DEBUG    root            Loaded Command Group: ['gcloud', 'compute']
2023-10-10 01:38:25,454 DEBUG    root            Loaded Command Group: ['gcloud', 'compute', 'project_info']
2023-10-10 01:38:25,470 DEBUG    root            Loaded Command Group: ['gcloud', 'compute', 'project-info', 'describe']
2023-10-10 01:38:25,471 INFO     root            Executing: [gcloud compute project-info describe --quiet]
2023-10-10 01:38:25,473 DEBUG    root            Running [gcloud.compute.project-info.describe] with arguments: [--no-user-output-enabled: "false", --quiet: "True", --verbosity: "none"]
2023-10-10 01:38:25,853 DEBUG    urllib3.connectionpool Starting new HTTPS connection (1): compute.googleapis.com:443
2023-10-10 01:38:26,409 DEBUG    urllib3.connectionpool https://compute.googleapis.com:443 "GET /compute/v1/projects/pegasus-401519?alt=json HTTP/1.1" 403 None
2023-10-10 01:38:26,415 DEBUG    root            Chosen display Format:default
2023-10-10 01:38:26,421 DEBUG    root            Chosen display Format:default
2023-10-10 01:38:26,422 DEBUG    root            Chosen display Format:default
2023-10-10 01:38:26,425 DEBUG    root            Chosen display Format:default
2023-10-10 01:38:26,423 DEBUG    root            (gcloud.compute.project-info.describe) User [hardiksharmah73@gmail.com] does not have permission to access projects instance [pegasus-401519] (or it may not exist): Compute Engine API has not been used in project pegasus-401519 before or it is disabled. Enable it by visiting https://console.developers.google.com/apis/api/compute.googleapis.com/overview?project=pegasus-401519 then retry. If you enabled this API recently, wait a few minutes for the action to propagate to our systems and retry.
- '@type': type.googleapis.com/google.rpc.Help
  links:
  - description: Google developers console API activation
    url: https://console.developers.google.com/apis/api/compute.googleapis.com/overview?project=pegasus-401519
- '@type': type.googleapis.com/google.rpc.ErrorInfo
  domain: googleapis.com
  metadatas:
    consumer: projects/pegasus-401519
    service: compute.googleapis.com
  reason: SERVICE_DISABLED
Traceback (most recent call last):
  File "/home/devilunraveled/GoogleCloud/google-cloud-sdk/lib/googlecloudsdk/calliope/cli.py", line 987, in Execute
    resources = calliope_command.Run(cli=self, args=args)
  File "/home/devilunraveled/GoogleCloud/google-cloud-sdk/lib/googlecloudsdk/calliope/backend.py", line 807, in Run
    resources = command_instance.Run(args)
  File "/home/devilunraveled/GoogleCloud/google-cloud-sdk/lib/surface/compute/project_info/describe.py", line 37, in Run
    return client.MakeRequests([(client.apitools_client.projects, 'Get',
  File "/home/devilunraveled/GoogleCloud/google-cloud-sdk/lib/googlecloudsdk/api_lib/compute/client_adapter.py", line 139, in MakeRequests
    objects = list(
  File "/home/devilunraveled/GoogleCloud/google-cloud-sdk/lib/googlecloudsdk/api_lib/compute/request_helper.py", line 321, in MakeRequests
    responses, new_errors = single_request_helper.MakeSingleRequest(
  File "/home/devilunraveled/GoogleCloud/google-cloud-sdk/lib/googlecloudsdk/api_lib/compute/single_request_helper.py", line 69, in MakeSingleRequest
    response = getattr(service, method)(request=request_body)
  File "/home/devilunraveled/GoogleCloud/google-cloud-sdk/lib/googlecloudsdk/generated_clients/apis/compute/v1/compute_v1_client.py", line 10257, in Get
    return self._RunMethod(
  File "/home/devilunraveled/GoogleCloud/google-cloud-sdk/lib/third_party/apitools/base/py/base_api.py", line 734, in _RunMethod
    http_response = http_wrapper.MakeRequest(
  File "/home/devilunraveled/GoogleCloud/google-cloud-sdk/lib/third_party/apitools/base/py/http_wrapper.py", line 348, in MakeRequest
    return _MakeRequestNoRetry(
  File "/home/devilunraveled/GoogleCloud/google-cloud-sdk/lib/third_party/apitools/base/py/http_wrapper.py", line 406, in _MakeRequestNoRetry
    check_response_func(response)
  File "/home/devilunraveled/GoogleCloud/google-cloud-sdk/lib/googlecloudsdk/api_lib/util/apis.py", line 226, in _CheckResponseForApiEnablement
    PromptToEnableApi(*enablement_info)
  File "/home/devilunraveled/GoogleCloud/google-cloud-sdk/lib/googlecloudsdk/api_lib/util/apis.py", line 193, in PromptToEnableApi
    raise exception
googlecloudsdk.api_lib.util.exceptions.HttpException: User [hardiksharmah73@gmail.com] does not have permission to access projects instance [pegasus-401519] (or it may not exist): Compute Engine API has not been used in project pegasus-401519 before or it is disabled. Enable it by visiting https://console.developers.google.com/apis/api/compute.googleapis.com/overview?project=pegasus-401519 then retry. If you enabled this API recently, wait a few minutes for the action to propagate to our systems and retry.
- '@type': type.googleapis.com/google.rpc.Help
  links:
  - description: Google developers console API activation
    url: https://console.developers.google.com/apis/api/compute.googleapis.com/overview?project=pegasus-401519
- '@type': type.googleapis.com/google.rpc.ErrorInfo
  domain: googleapis.com
  metadatas:
    consumer: projects/pegasus-401519
    service: compute.googleapis.com
  reason: SERVICE_DISABLED
2023-10-10 01:38:26,427 ERROR    root            (gcloud.compute.project-info.describe) User [hardiksharmah73@gmail.com] does not have permission to access projects instance [pegasus-401519] (or it may not exist): Compute Engine API has not been used in project pegasus-401519 before or it is disabled. Enable it by visiting https://console.developers.google.com/apis/api/compute.googleapis.com/overview?project=pegasus-401519 then retry. If you enabled this API recently, wait a few minutes for the action to propagate to our systems and retry.
- '@type': type.googleapis.com/google.rpc.Help
  links:
  - description: Google developers console API activation
    url: https://console.developers.google.com/apis/api/compute.googleapis.com/overview?project=pegasus-401519
- '@type': type.googleapis.com/google.rpc.ErrorInfo
  domain: googleapis.com
  metadatas:
    consumer: projects/pegasus-401519
    service: compute.googleapis.com
  reason: SERVICE_DISABLED
2023-10-10 01:38:26,427 INFO     root            [compute project-info describe --quiet] has failed

2023-10-10 01:38:26,427 INFO     ___FILE_ONLY___ Not setting default zone/region (this feature makes it easier to use
[gcloud compute] by setting an appropriate default value for the
--zone and --region flag).
See https://cloud.google.com/compute/docs/gcloud-compute section on how to set
default compute region and zone manually. If you would like [gcloud init] to be
able to do this for you the next time you run it, make sure the
Compute Engine API is enabled for your project on the
https://console.developers.google.com/apis page.


2023-10-10 01:38:26,427 DEBUG    root            Executing command: ['/home/devilunraveled/GoogleCloud/google-cloud-sdk/bin/gsutil', 'config', '-n', '-o', '/home/devilunraveled/.boto']
2023-10-10 01:38:27,713 DEBUG    ___FILE_ONLY___ 
2023-10-10 01:38:27,713 DEBUG    ___FILE_ONLY___ This command will create a boto config file at
/home/devilunraveled/.boto containing your credentials, based on your
responses to the following questions.

Boto config file "/home/devilunraveled/.boto" created. If you need to
use a proxy to access the Internet please see the instructions in that
file.

2023-10-10 01:38:27,713 INFO     ___FILE_ONLY___ Created a default .boto configuration file at [/home/devilunraveled/.boto]. See this file and
[https://cloud.google.com/storage/docs/gsutil/commands/config] for more
information about configuring Google Cloud Storage.

2023-10-10 01:38:27,713 INFO     ___FILE_ONLY___ Your Google Cloud SDK is configured and ready to use!


2023-10-10 01:38:27,713 INFO     ___FILE_ONLY___ * Commands that require authentication will use hardiksharmah73@gmail.com by default

2023-10-10 01:38:27,714 INFO     ___FILE_ONLY___ * Commands will reference project `pegasus-401519` by default

2023-10-10 01:38:27,714 INFO     ___FILE_ONLY___ Run `gcloud help config` to learn how to change individual settings


2023-10-10 01:38:27,714 INFO     ___FILE_ONLY___ This gcloud configuration is called [default]. You can create additional configurations if you work with multiple accounts and/or projects.

2023-10-10 01:38:27,714 INFO     ___FILE_ONLY___ Run `gcloud topic configurations` to learn more.


2023-10-10 01:38:27,714 INFO     ___FILE_ONLY___ Some things to try next:


2023-10-10 01:38:27,714 INFO     ___FILE_ONLY___ * Run `gcloud --help` to see the Cloud Platform services you can interact with. And run `gcloud help COMMAND` to get help on any gcloud command.

2023-10-10 01:38:27,714 INFO     ___FILE_ONLY___ * Run `gcloud topic --help` to learn about advanced features of the SDK like arg files and output formatting

2023-10-10 01:38:27,714 INFO     ___FILE_ONLY___ * Run `gcloud cheat-sheet` to see a roster of go-to `gcloud` commands.

2023-10-10 01:38:27,715 DEBUG    root            Chosen display Format:default
2023-10-10 01:38:27,715 INFO     root            Display format: "default"
