2023-10-10 02:16:37,613 DEBUG    root            Loaded Command Group: ['gcloud', 'compute']
2023-10-10 02:16:37,615 DEBUG    root            Loaded Command Group: ['gcloud', 'compute', 'zones']
2023-10-10 02:16:37,619 DEBUG    root            Loaded Command Group: ['gcloud', 'compute', 'zones', 'list']
2023-10-10 02:16:37,621 DEBUG    root            Running [gcloud.compute.zones.list] with arguments: []
2023-10-10 02:16:37,756 DEBUG    root            Chosen display Format:        table(name,
              region.basename(),
              status():label=STATUS,
              maintenanceWindows.next_maintenance():label=NEXT_MAINTENANCE,
              deprecated.deleted:label=TURNDOWN_DATE
        )
2023-10-10 02:16:37,757 INFO     root            Display format: "        table(name,
              region.basename(),
              status():label=STATUS,
              maintenanceWindows.next_maintenance():label=NEXT_MAINTENANCE,
              deprecated.deleted:label=TURNDOWN_DATE
        )"
2023-10-10 02:16:37,759 DEBUG    urllib3.connectionpool Starting new HTTPS connection (1): compute.googleapis.com:443
2023-10-10 02:16:38,322 DEBUG    urllib3.connectionpool https://compute.googleapis.com:443 "GET /compute/v1/projects/pegasus-401519/zones?alt=json&maxResults=500 HTTP/1.1" 200 None
2023-10-10 02:16:38,363 INFO     root            cache collection=compute.zones api_version=v1 params=['project', 'zone']
2023-10-10 02:16:38,465 INFO     ___FILE_ONLY___ NAME
2023-10-10 02:16:38,465 INFO     ___FILE_ONLY___                        
2023-10-10 02:16:38,465 INFO     ___FILE_ONLY___ REGION
2023-10-10 02:16:38,465 INFO     ___FILE_ONLY___                    
2023-10-10 02:16:38,465 INFO     ___FILE_ONLY___ STATUS
2023-10-10 02:16:38,465 INFO     ___FILE_ONLY___   
2023-10-10 02:16:38,465 INFO     ___FILE_ONLY___ NEXT_MAINTENANCE
2023-10-10 02:16:38,465 INFO     ___FILE_ONLY___   
2023-10-10 02:16:38,465 INFO     ___FILE_ONLY___ TURNDOWN_DATE
2023-10-10 02:16:38,465 INFO     ___FILE_ONLY___ 

2023-10-10 02:16:38,465 INFO     ___FILE_ONLY___ us-east1-b
2023-10-10 02:16:38,465 INFO     ___FILE_ONLY___                  
2023-10-10 02:16:38,465 INFO     ___FILE_ONLY___ us-east1
2023-10-10 02:16:38,465 INFO     ___FILE_ONLY___                  
2023-10-10 02:16:38,465 INFO     ___FILE_ONLY___ UP
2023-10-10 02:16:38,465 INFO     ___FILE_ONLY___ 

2023-10-10 02:16:38,465 INFO     ___FILE_ONLY___ us-east1-c
2023-10-10 02:16:38,465 INFO     ___FILE_ONLY___                  
2023-10-10 02:16:38,466 INFO     ___FILE_ONLY___ us-east1
2023-10-10 02:16:38,466 INFO     ___FILE_ONLY___                  
2023-10-10 02:16:38,466 INFO     ___FILE_ONLY___ UP
2023-10-10 02:16:38,466 INFO     ___FILE_ONLY___ 

2023-10-10 02:16:38,466 INFO     ___FILE_ONLY___ us-east1-d
2023-10-10 02:16:38,466 INFO     ___FILE_ONLY___                  
2023-10-10 02:16:38,466 INFO     ___FILE_ONLY___ us-east1
2023-10-10 02:16:38,466 INFO     ___FILE_ONLY___                  
2023-10-10 02:16:38,466 INFO     ___FILE_ONLY___ UP
2023-10-10 02:16:38,466 INFO     ___FILE_ONLY___ 

2023-10-10 02:16:38,466 INFO     ___FILE_ONLY___ us-east4-c
2023-10-10 02:16:38,466 INFO     ___FILE_ONLY___                  
2023-10-10 02:16:38,466 INFO     ___FILE_ONLY___ us-east4
2023-10-10 02:16:38,466 INFO     ___FILE_ONLY___                  
2023-10-10 02:16:38,466 INFO     ___FILE_ONLY___ UP
2023-10-10 02:16:38,466 INFO     ___FILE_ONLY___ 

2023-10-10 02:16:38,466 INFO     ___FILE_ONLY___ us-east4-b
2023-10-10 02:16:38,466 INFO     ___FILE_ONLY___                  
2023-10-10 02:16:38,466 INFO     ___FILE_ONLY___ us-east4
2023-10-10 02:16:38,466 INFO     ___FILE_ONLY___                  
2023-10-10 02:16:38,466 INFO     ___FILE_ONLY___ UP
2023-10-10 02:16:38,466 INFO     ___FILE_ONLY___ 

2023-10-10 02:16:38,466 INFO     ___FILE_ONLY___ us-east4-a
2023-10-10 02:16:38,466 INFO     ___FILE_ONLY___                  
2023-10-10 02:16:38,466 INFO     ___FILE_ONLY___ us-east4
2023-10-10 02:16:38,466 INFO     ___FILE_ONLY___                  
2023-10-10 02:16:38,466 INFO     ___FILE_ONLY___ UP
2023-10-10 02:16:38,466 INFO     ___FILE_ONLY___ 

2023-10-10 02:16:38,467 INFO     ___FILE_ONLY___ us-central1-c
2023-10-10 02:16:38,467 INFO     ___FILE_ONLY___               
2023-10-10 02:16:38,467 INFO     ___FILE_ONLY___ us-central1
2023-10-10 02:16:38,467 INFO     ___FILE_ONLY___               
2023-10-10 02:16:38,467 INFO     ___FILE_ONLY___ UP
2023-10-10 02:16:38,467 INFO     ___FILE_ONLY___ 

2023-10-10 02:16:38,467 INFO     ___FILE_ONLY___ us-central1-a
2023-10-10 02:16:38,467 INFO     ___FILE_ONLY___               
2023-10-10 02:16:38,467 INFO     ___FILE_ONLY___ us-central1
2023-10-10 02:16:38,467 INFO     ___FILE_ONLY___               
2023-10-10 02:16:38,467 INFO     ___FILE_ONLY___ UP
2023-10-10 02:16:38,467 INFO     ___FILE_ONLY___ 

2023-10-10 02:16:38,467 INFO     ___FILE_ONLY___ us-central1-f
2023-10-10 02:16:38,467 INFO     ___FILE_ONLY___               
2023-10-10 02:16:38,467 INFO     ___FILE_ONLY___ us-central1
2023-10-10 02:16:38,467 INFO     ___FILE_ONLY___               
2023-10-10 02:16:38,467 INFO     ___FILE_ONLY___ UP
2023-10-10 02:16:38,467 INFO     ___FILE_ONLY___ 

2023-10-10 02:16:38,467 INFO     ___FILE_ONLY___ us-central1-b
2023-10-10 02:16:38,467 INFO     ___FILE_ONLY___               
2023-10-10 02:16:38,467 INFO     ___FILE_ONLY___ us-central1
2023-10-10 02:16:38,467 INFO     ___FILE_ONLY___               
2023-10-10 02:16:38,467 INFO     ___FILE_ONLY___ UP
2023-10-10 02:16:38,467 INFO     ___FILE_ONLY___ 

2023-10-10 02:16:38,467 INFO     ___FILE_ONLY___ us-west1-b
2023-10-10 02:16:38,467 INFO     ___FILE_ONLY___                  
2023-10-10 02:16:38,467 INFO     ___FILE_ONLY___ us-west1
2023-10-10 02:16:38,467 INFO     ___FILE_ONLY___                  
2023-10-10 02:16:38,468 INFO     ___FILE_ONLY___ UP
2023-10-10 02:16:38,468 INFO     ___FILE_ONLY___ 

2023-10-10 02:16:38,468 INFO     ___FILE_ONLY___ us-west1-c
2023-10-10 02:16:38,468 INFO     ___FILE_ONLY___                  
2023-10-10 02:16:38,468 INFO     ___FILE_ONLY___ us-west1
2023-10-10 02:16:38,468 INFO     ___FILE_ONLY___                  
2023-10-10 02:16:38,468 INFO     ___FILE_ONLY___ UP
2023-10-10 02:16:38,468 INFO     ___FILE_ONLY___ 

2023-10-10 02:16:38,468 INFO     ___FILE_ONLY___ us-west1-a
2023-10-10 02:16:38,468 INFO     ___FILE_ONLY___                  
2023-10-10 02:16:38,468 INFO     ___FILE_ONLY___ us-west1
2023-10-10 02:16:38,468 INFO     ___FILE_ONLY___                  
2023-10-10 02:16:38,468 INFO     ___FILE_ONLY___ UP
2023-10-10 02:16:38,468 INFO     ___FILE_ONLY___ 

2023-10-10 02:16:38,468 INFO     ___FILE_ONLY___ europe-west4-a
2023-10-10 02:16:38,468 INFO     ___FILE_ONLY___              
2023-10-10 02:16:38,468 INFO     ___FILE_ONLY___ europe-west4
2023-10-10 02:16:38,468 INFO     ___FILE_ONLY___              
2023-10-10 02:16:38,468 INFO     ___FILE_ONLY___ UP
2023-10-10 02:16:38,468 INFO     ___FILE_ONLY___ 

2023-10-10 02:16:38,468 INFO     ___FILE_ONLY___ europe-west4-b
2023-10-10 02:16:38,468 INFO     ___FILE_ONLY___              
2023-10-10 02:16:38,468 INFO     ___FILE_ONLY___ europe-west4
2023-10-10 02:16:38,468 INFO     ___FILE_ONLY___              
2023-10-10 02:16:38,468 INFO     ___FILE_ONLY___ UP
2023-10-10 02:16:38,468 INFO     ___FILE_ONLY___ 

2023-10-10 02:16:38,468 INFO     ___FILE_ONLY___ europe-west4-c
2023-10-10 02:16:38,468 INFO     ___FILE_ONLY___              
2023-10-10 02:16:38,468 INFO     ___FILE_ONLY___ europe-west4
2023-10-10 02:16:38,469 INFO     ___FILE_ONLY___              
2023-10-10 02:16:38,469 INFO     ___FILE_ONLY___ UP
2023-10-10 02:16:38,469 INFO     ___FILE_ONLY___ 

2023-10-10 02:16:38,469 INFO     ___FILE_ONLY___ europe-west1-b
2023-10-10 02:16:38,469 INFO     ___FILE_ONLY___              
2023-10-10 02:16:38,469 INFO     ___FILE_ONLY___ europe-west1
2023-10-10 02:16:38,469 INFO     ___FILE_ONLY___              
2023-10-10 02:16:38,469 INFO     ___FILE_ONLY___ UP
2023-10-10 02:16:38,469 INFO     ___FILE_ONLY___ 

2023-10-10 02:16:38,469 INFO     ___FILE_ONLY___ europe-west1-d
2023-10-10 02:16:38,469 INFO     ___FILE_ONLY___              
2023-10-10 02:16:38,469 INFO     ___FILE_ONLY___ europe-west1
2023-10-10 02:16:38,469 INFO     ___FILE_ONLY___              
2023-10-10 02:16:38,469 INFO     ___FILE_ONLY___ UP
2023-10-10 02:16:38,469 INFO     ___FILE_ONLY___ 

2023-10-10 02:16:38,469 INFO     ___FILE_ONLY___ europe-west1-c
2023-10-10 02:16:38,469 INFO     ___FILE_ONLY___              
2023-10-10 02:16:38,469 INFO     ___FILE_ONLY___ europe-west1
2023-10-10 02:16:38,469 INFO     ___FILE_ONLY___              
2023-10-10 02:16:38,469 INFO     ___FILE_ONLY___ UP
2023-10-10 02:16:38,469 INFO     ___FILE_ONLY___ 

2023-10-10 02:16:38,469 INFO     ___FILE_ONLY___ europe-west3-c
2023-10-10 02:16:38,469 INFO     ___FILE_ONLY___              
2023-10-10 02:16:38,469 INFO     ___FILE_ONLY___ europe-west3
2023-10-10 02:16:38,469 INFO     ___FILE_ONLY___              
2023-10-10 02:16:38,469 INFO     ___FILE_ONLY___ UP
2023-10-10 02:16:38,470 INFO     ___FILE_ONLY___ 

2023-10-10 02:16:38,470 INFO     ___FILE_ONLY___ europe-west3-a
2023-10-10 02:16:38,470 INFO     ___FILE_ONLY___              
2023-10-10 02:16:38,470 INFO     ___FILE_ONLY___ europe-west3
2023-10-10 02:16:38,470 INFO     ___FILE_ONLY___              
2023-10-10 02:16:38,470 INFO     ___FILE_ONLY___ UP
2023-10-10 02:16:38,470 INFO     ___FILE_ONLY___ 

2023-10-10 02:16:38,470 INFO     ___FILE_ONLY___ europe-west3-b
2023-10-10 02:16:38,470 INFO     ___FILE_ONLY___              
2023-10-10 02:16:38,470 INFO     ___FILE_ONLY___ europe-west3
2023-10-10 02:16:38,470 INFO     ___FILE_ONLY___              
2023-10-10 02:16:38,470 INFO     ___FILE_ONLY___ UP
2023-10-10 02:16:38,470 INFO     ___FILE_ONLY___ 

2023-10-10 02:16:38,470 INFO     ___FILE_ONLY___ europe-west2-c
2023-10-10 02:16:38,470 INFO     ___FILE_ONLY___              
2023-10-10 02:16:38,470 INFO     ___FILE_ONLY___ europe-west2
2023-10-10 02:16:38,470 INFO     ___FILE_ONLY___              
2023-10-10 02:16:38,470 INFO     ___FILE_ONLY___ UP
2023-10-10 02:16:38,470 INFO     ___FILE_ONLY___ 

2023-10-10 02:16:38,470 INFO     ___FILE_ONLY___ europe-west2-b
2023-10-10 02:16:38,470 INFO     ___FILE_ONLY___              
2023-10-10 02:16:38,470 INFO     ___FILE_ONLY___ europe-west2
2023-10-10 02:16:38,470 INFO     ___FILE_ONLY___              
2023-10-10 02:16:38,470 INFO     ___FILE_ONLY___ UP
2023-10-10 02:16:38,470 INFO     ___FILE_ONLY___ 

2023-10-10 02:16:38,470 INFO     ___FILE_ONLY___ europe-west2-a
2023-10-10 02:16:38,470 INFO     ___FILE_ONLY___              
2023-10-10 02:16:38,470 INFO     ___FILE_ONLY___ europe-west2
2023-10-10 02:16:38,471 INFO     ___FILE_ONLY___              
2023-10-10 02:16:38,471 INFO     ___FILE_ONLY___ UP
2023-10-10 02:16:38,471 INFO     ___FILE_ONLY___ 

2023-10-10 02:16:38,471 INFO     ___FILE_ONLY___ asia-east1-b
2023-10-10 02:16:38,471 INFO     ___FILE_ONLY___                
2023-10-10 02:16:38,471 INFO     ___FILE_ONLY___ asia-east1
2023-10-10 02:16:38,471 INFO     ___FILE_ONLY___                
2023-10-10 02:16:38,471 INFO     ___FILE_ONLY___ UP
2023-10-10 02:16:38,471 INFO     ___FILE_ONLY___ 

2023-10-10 02:16:38,471 INFO     ___FILE_ONLY___ asia-east1-a
2023-10-10 02:16:38,471 INFO     ___FILE_ONLY___                
2023-10-10 02:16:38,471 INFO     ___FILE_ONLY___ asia-east1
2023-10-10 02:16:38,471 INFO     ___FILE_ONLY___                
2023-10-10 02:16:38,471 INFO     ___FILE_ONLY___ UP
2023-10-10 02:16:38,471 INFO     ___FILE_ONLY___ 

2023-10-10 02:16:38,471 INFO     ___FILE_ONLY___ asia-east1-c
2023-10-10 02:16:38,471 INFO     ___FILE_ONLY___                
2023-10-10 02:16:38,471 INFO     ___FILE_ONLY___ asia-east1
2023-10-10 02:16:38,471 INFO     ___FILE_ONLY___                
2023-10-10 02:16:38,471 INFO     ___FILE_ONLY___ UP
2023-10-10 02:16:38,471 INFO     ___FILE_ONLY___ 

2023-10-10 02:16:38,471 INFO     ___FILE_ONLY___ asia-southeast1-b
2023-10-10 02:16:38,471 INFO     ___FILE_ONLY___           
2023-10-10 02:16:38,471 INFO     ___FILE_ONLY___ asia-southeast1
2023-10-10 02:16:38,471 INFO     ___FILE_ONLY___           
2023-10-10 02:16:38,471 INFO     ___FILE_ONLY___ UP
2023-10-10 02:16:38,471 INFO     ___FILE_ONLY___ 

2023-10-10 02:16:38,471 INFO     ___FILE_ONLY___ asia-southeast1-a
2023-10-10 02:16:38,472 INFO     ___FILE_ONLY___           
2023-10-10 02:16:38,472 INFO     ___FILE_ONLY___ asia-southeast1
2023-10-10 02:16:38,472 INFO     ___FILE_ONLY___           
2023-10-10 02:16:38,472 INFO     ___FILE_ONLY___ UP
2023-10-10 02:16:38,472 INFO     ___FILE_ONLY___ 

2023-10-10 02:16:38,472 INFO     ___FILE_ONLY___ asia-southeast1-c
2023-10-10 02:16:38,472 INFO     ___FILE_ONLY___           
2023-10-10 02:16:38,472 INFO     ___FILE_ONLY___ asia-southeast1
2023-10-10 02:16:38,472 INFO     ___FILE_ONLY___           
2023-10-10 02:16:38,472 INFO     ___FILE_ONLY___ UP
2023-10-10 02:16:38,472 INFO     ___FILE_ONLY___ 

2023-10-10 02:16:38,472 INFO     ___FILE_ONLY___ asia-northeast1-b
2023-10-10 02:16:38,472 INFO     ___FILE_ONLY___           
2023-10-10 02:16:38,472 INFO     ___FILE_ONLY___ asia-northeast1
2023-10-10 02:16:38,472 INFO     ___FILE_ONLY___           
2023-10-10 02:16:38,472 INFO     ___FILE_ONLY___ UP
2023-10-10 02:16:38,472 INFO     ___FILE_ONLY___ 

2023-10-10 02:16:38,472 INFO     ___FILE_ONLY___ asia-northeast1-c
2023-10-10 02:16:38,472 INFO     ___FILE_ONLY___           
2023-10-10 02:16:38,472 INFO     ___FILE_ONLY___ asia-northeast1
2023-10-10 02:16:38,472 INFO     ___FILE_ONLY___           
2023-10-10 02:16:38,472 INFO     ___FILE_ONLY___ UP
2023-10-10 02:16:38,472 INFO     ___FILE_ONLY___ 

2023-10-10 02:16:38,472 INFO     ___FILE_ONLY___ asia-northeast1-a
2023-10-10 02:16:38,472 INFO     ___FILE_ONLY___           
2023-10-10 02:16:38,472 INFO     ___FILE_ONLY___ asia-northeast1
2023-10-10 02:16:38,473 INFO     ___FILE_ONLY___           
2023-10-10 02:16:38,473 INFO     ___FILE_ONLY___ UP
2023-10-10 02:16:38,473 INFO     ___FILE_ONLY___ 

2023-10-10 02:16:38,473 INFO     ___FILE_ONLY___ asia-south1-c
2023-10-10 02:16:38,473 INFO     ___FILE_ONLY___               
2023-10-10 02:16:38,473 INFO     ___FILE_ONLY___ asia-south1
2023-10-10 02:16:38,473 INFO     ___FILE_ONLY___               
2023-10-10 02:16:38,473 INFO     ___FILE_ONLY___ UP
2023-10-10 02:16:38,473 INFO     ___FILE_ONLY___ 

2023-10-10 02:16:38,473 INFO     ___FILE_ONLY___ asia-south1-b
2023-10-10 02:16:38,473 INFO     ___FILE_ONLY___               
2023-10-10 02:16:38,473 INFO     ___FILE_ONLY___ asia-south1
2023-10-10 02:16:38,473 INFO     ___FILE_ONLY___               
2023-10-10 02:16:38,473 INFO     ___FILE_ONLY___ UP
2023-10-10 02:16:38,473 INFO     ___FILE_ONLY___ 

2023-10-10 02:16:38,473 INFO     ___FILE_ONLY___ asia-south1-a
2023-10-10 02:16:38,473 INFO     ___FILE_ONLY___               
2023-10-10 02:16:38,473 INFO     ___FILE_ONLY___ asia-south1
2023-10-10 02:16:38,473 INFO     ___FILE_ONLY___               
2023-10-10 02:16:38,473 INFO     ___FILE_ONLY___ UP
2023-10-10 02:16:38,473 INFO     ___FILE_ONLY___ 

2023-10-10 02:16:38,473 INFO     ___FILE_ONLY___ australia-southeast1-b
2023-10-10 02:16:38,473 INFO     ___FILE_ONLY___      
2023-10-10 02:16:38,473 INFO     ___FILE_ONLY___ australia-southeast1
2023-10-10 02:16:38,473 INFO     ___FILE_ONLY___      
2023-10-10 02:16:38,473 INFO     ___FILE_ONLY___ UP
2023-10-10 02:16:38,473 INFO     ___FILE_ONLY___ 

2023-10-10 02:16:38,473 INFO     ___FILE_ONLY___ australia-southeast1-c
2023-10-10 02:16:38,474 INFO     ___FILE_ONLY___      
2023-10-10 02:16:38,474 INFO     ___FILE_ONLY___ australia-southeast1
2023-10-10 02:16:38,474 INFO     ___FILE_ONLY___      
2023-10-10 02:16:38,474 INFO     ___FILE_ONLY___ UP
2023-10-10 02:16:38,474 INFO     ___FILE_ONLY___ 

2023-10-10 02:16:38,474 INFO     ___FILE_ONLY___ australia-southeast1-a
2023-10-10 02:16:38,474 INFO     ___FILE_ONLY___      
2023-10-10 02:16:38,474 INFO     ___FILE_ONLY___ australia-southeast1
2023-10-10 02:16:38,474 INFO     ___FILE_ONLY___      
2023-10-10 02:16:38,474 INFO     ___FILE_ONLY___ UP
2023-10-10 02:16:38,474 INFO     ___FILE_ONLY___ 

2023-10-10 02:16:38,474 INFO     ___FILE_ONLY___ southamerica-east1-b
2023-10-10 02:16:38,474 INFO     ___FILE_ONLY___        
2023-10-10 02:16:38,474 INFO     ___FILE_ONLY___ southamerica-east1
2023-10-10 02:16:38,474 INFO     ___FILE_ONLY___        
2023-10-10 02:16:38,474 INFO     ___FILE_ONLY___ UP
2023-10-10 02:16:38,474 INFO     ___FILE_ONLY___ 

2023-10-10 02:16:38,474 INFO     ___FILE_ONLY___ southamerica-east1-c
2023-10-10 02:16:38,474 INFO     ___FILE_ONLY___        
2023-10-10 02:16:38,474 INFO     ___FILE_ONLY___ southamerica-east1
2023-10-10 02:16:38,474 INFO     ___FILE_ONLY___        
2023-10-10 02:16:38,474 INFO     ___FILE_ONLY___ UP
2023-10-10 02:16:38,474 INFO     ___FILE_ONLY___ 

2023-10-10 02:16:38,474 INFO     ___FILE_ONLY___ southamerica-east1-a
2023-10-10 02:16:38,474 INFO     ___FILE_ONLY___        
2023-10-10 02:16:38,474 INFO     ___FILE_ONLY___ southamerica-east1
2023-10-10 02:16:38,474 INFO     ___FILE_ONLY___        
2023-10-10 02:16:38,475 INFO     ___FILE_ONLY___ UP
2023-10-10 02:16:38,475 INFO     ___FILE_ONLY___ 

2023-10-10 02:16:38,475 INFO     ___FILE_ONLY___ asia-east2-a
2023-10-10 02:16:38,475 INFO     ___FILE_ONLY___                
2023-10-10 02:16:38,475 INFO     ___FILE_ONLY___ asia-east2
2023-10-10 02:16:38,475 INFO     ___FILE_ONLY___                
2023-10-10 02:16:38,475 INFO     ___FILE_ONLY___ UP
2023-10-10 02:16:38,475 INFO     ___FILE_ONLY___ 

2023-10-10 02:16:38,475 INFO     ___FILE_ONLY___ asia-east2-b
2023-10-10 02:16:38,475 INFO     ___FILE_ONLY___                
2023-10-10 02:16:38,475 INFO     ___FILE_ONLY___ asia-east2
2023-10-10 02:16:38,475 INFO     ___FILE_ONLY___                
2023-10-10 02:16:38,475 INFO     ___FILE_ONLY___ UP
2023-10-10 02:16:38,475 INFO     ___FILE_ONLY___ 

2023-10-10 02:16:38,475 INFO     ___FILE_ONLY___ asia-east2-c
2023-10-10 02:16:38,475 INFO     ___FILE_ONLY___                
2023-10-10 02:16:38,475 INFO     ___FILE_ONLY___ asia-east2
2023-10-10 02:16:38,475 INFO     ___FILE_ONLY___                
2023-10-10 02:16:38,475 INFO     ___FILE_ONLY___ UP
2023-10-10 02:16:38,475 INFO     ___FILE_ONLY___ 

2023-10-10 02:16:38,475 INFO     ___FILE_ONLY___ asia-northeast2-a
2023-10-10 02:16:38,475 INFO     ___FILE_ONLY___           
2023-10-10 02:16:38,475 INFO     ___FILE_ONLY___ asia-northeast2
2023-10-10 02:16:38,475 INFO     ___FILE_ONLY___           
2023-10-10 02:16:38,475 INFO     ___FILE_ONLY___ UP
2023-10-10 02:16:38,476 INFO     ___FILE_ONLY___ 

2023-10-10 02:16:38,476 INFO     ___FILE_ONLY___ asia-northeast2-b
2023-10-10 02:16:38,476 INFO     ___FILE_ONLY___           
2023-10-10 02:16:38,476 INFO     ___FILE_ONLY___ asia-northeast2
2023-10-10 02:16:38,476 INFO     ___FILE_ONLY___           
2023-10-10 02:16:38,476 INFO     ___FILE_ONLY___ UP
2023-10-10 02:16:38,476 INFO     ___FILE_ONLY___ 

2023-10-10 02:16:38,476 INFO     ___FILE_ONLY___ asia-northeast2-c
2023-10-10 02:16:38,476 INFO     ___FILE_ONLY___           
2023-10-10 02:16:38,476 INFO     ___FILE_ONLY___ asia-northeast2
2023-10-10 02:16:38,476 INFO     ___FILE_ONLY___           
2023-10-10 02:16:38,476 INFO     ___FILE_ONLY___ UP
2023-10-10 02:16:38,476 INFO     ___FILE_ONLY___ 

2023-10-10 02:16:38,476 INFO     ___FILE_ONLY___ asia-northeast3-a
2023-10-10 02:16:38,476 INFO     ___FILE_ONLY___           
2023-10-10 02:16:38,476 INFO     ___FILE_ONLY___ asia-northeast3
2023-10-10 02:16:38,476 INFO     ___FILE_ONLY___           
2023-10-10 02:16:38,476 INFO     ___FILE_ONLY___ UP
2023-10-10 02:16:38,476 INFO     ___FILE_ONLY___ 

2023-10-10 02:16:38,476 INFO     ___FILE_ONLY___ asia-northeast3-b
2023-10-10 02:16:38,476 INFO     ___FILE_ONLY___           
2023-10-10 02:16:38,476 INFO     ___FILE_ONLY___ asia-northeast3
2023-10-10 02:16:38,476 INFO     ___FILE_ONLY___           
2023-10-10 02:16:38,476 INFO     ___FILE_ONLY___ UP
2023-10-10 02:16:38,476 INFO     ___FILE_ONLY___ 

2023-10-10 02:16:38,476 INFO     ___FILE_ONLY___ asia-northeast3-c
2023-10-10 02:16:38,476 INFO     ___FILE_ONLY___           
2023-10-10 02:16:38,476 INFO     ___FILE_ONLY___ asia-northeast3
2023-10-10 02:16:38,477 INFO     ___FILE_ONLY___           
2023-10-10 02:16:38,477 INFO     ___FILE_ONLY___ UP
2023-10-10 02:16:38,477 INFO     ___FILE_ONLY___ 

2023-10-10 02:16:38,477 INFO     ___FILE_ONLY___ asia-south2-a
2023-10-10 02:16:38,477 INFO     ___FILE_ONLY___               
2023-10-10 02:16:38,477 INFO     ___FILE_ONLY___ asia-south2
2023-10-10 02:16:38,477 INFO     ___FILE_ONLY___               
2023-10-10 02:16:38,477 INFO     ___FILE_ONLY___ UP
2023-10-10 02:16:38,477 INFO     ___FILE_ONLY___ 

2023-10-10 02:16:38,477 INFO     ___FILE_ONLY___ asia-south2-b
2023-10-10 02:16:38,477 INFO     ___FILE_ONLY___               
2023-10-10 02:16:38,477 INFO     ___FILE_ONLY___ asia-south2
2023-10-10 02:16:38,477 INFO     ___FILE_ONLY___               
2023-10-10 02:16:38,477 INFO     ___FILE_ONLY___ UP
2023-10-10 02:16:38,477 INFO     ___FILE_ONLY___ 

2023-10-10 02:16:38,477 INFO     ___FILE_ONLY___ asia-south2-c
2023-10-10 02:16:38,477 INFO     ___FILE_ONLY___               
2023-10-10 02:16:38,477 INFO     ___FILE_ONLY___ asia-south2
2023-10-10 02:16:38,477 INFO     ___FILE_ONLY___               
2023-10-10 02:16:38,477 INFO     ___FILE_ONLY___ UP
2023-10-10 02:16:38,477 INFO     ___FILE_ONLY___ 

2023-10-10 02:16:38,477 INFO     ___FILE_ONLY___ asia-southeast2-a
2023-10-10 02:16:38,477 INFO     ___FILE_ONLY___           
2023-10-10 02:16:38,477 INFO     ___FILE_ONLY___ asia-southeast2
2023-10-10 02:16:38,477 INFO     ___FILE_ONLY___           
2023-10-10 02:16:38,477 INFO     ___FILE_ONLY___ UP
2023-10-10 02:16:38,477 INFO     ___FILE_ONLY___ 

2023-10-10 02:16:38,477 INFO     ___FILE_ONLY___ asia-southeast2-b
2023-10-10 02:16:38,478 INFO     ___FILE_ONLY___           
2023-10-10 02:16:38,478 INFO     ___FILE_ONLY___ asia-southeast2
2023-10-10 02:16:38,478 INFO     ___FILE_ONLY___           
2023-10-10 02:16:38,478 INFO     ___FILE_ONLY___ UP
2023-10-10 02:16:38,478 INFO     ___FILE_ONLY___ 

2023-10-10 02:16:38,478 INFO     ___FILE_ONLY___ asia-southeast2-c
2023-10-10 02:16:38,478 INFO     ___FILE_ONLY___           
2023-10-10 02:16:38,478 INFO     ___FILE_ONLY___ asia-southeast2
2023-10-10 02:16:38,478 INFO     ___FILE_ONLY___           
2023-10-10 02:16:38,478 INFO     ___FILE_ONLY___ UP
2023-10-10 02:16:38,478 INFO     ___FILE_ONLY___ 

2023-10-10 02:16:38,478 INFO     ___FILE_ONLY___ australia-southeast2-a
2023-10-10 02:16:38,478 INFO     ___FILE_ONLY___      
2023-10-10 02:16:38,478 INFO     ___FILE_ONLY___ australia-southeast2
2023-10-10 02:16:38,478 INFO     ___FILE_ONLY___      
2023-10-10 02:16:38,478 INFO     ___FILE_ONLY___ UP
2023-10-10 02:16:38,478 INFO     ___FILE_ONLY___ 

2023-10-10 02:16:38,478 INFO     ___FILE_ONLY___ australia-southeast2-b
2023-10-10 02:16:38,478 INFO     ___FILE_ONLY___      
2023-10-10 02:16:38,478 INFO     ___FILE_ONLY___ australia-southeast2
2023-10-10 02:16:38,478 INFO     ___FILE_ONLY___      
2023-10-10 02:16:38,478 INFO     ___FILE_ONLY___ UP
2023-10-10 02:16:38,478 INFO     ___FILE_ONLY___ 

2023-10-10 02:16:38,478 INFO     ___FILE_ONLY___ australia-southeast2-c
2023-10-10 02:16:38,478 INFO     ___FILE_ONLY___      
2023-10-10 02:16:38,478 INFO     ___FILE_ONLY___ australia-southeast2
2023-10-10 02:16:38,478 INFO     ___FILE_ONLY___      
2023-10-10 02:16:38,478 INFO     ___FILE_ONLY___ UP
2023-10-10 02:16:38,479 INFO     ___FILE_ONLY___ 

2023-10-10 02:16:38,479 INFO     ___FILE_ONLY___ europe-central2-a
2023-10-10 02:16:38,479 INFO     ___FILE_ONLY___           
2023-10-10 02:16:38,479 INFO     ___FILE_ONLY___ europe-central2
2023-10-10 02:16:38,479 INFO     ___FILE_ONLY___           
2023-10-10 02:16:38,479 INFO     ___FILE_ONLY___ UP
2023-10-10 02:16:38,479 INFO     ___FILE_ONLY___ 

2023-10-10 02:16:38,479 INFO     ___FILE_ONLY___ europe-central2-b
2023-10-10 02:16:38,479 INFO     ___FILE_ONLY___           
2023-10-10 02:16:38,479 INFO     ___FILE_ONLY___ europe-central2
2023-10-10 02:16:38,479 INFO     ___FILE_ONLY___           
2023-10-10 02:16:38,479 INFO     ___FILE_ONLY___ UP
2023-10-10 02:16:38,479 INFO     ___FILE_ONLY___ 

2023-10-10 02:16:38,479 INFO     ___FILE_ONLY___ europe-central2-c
2023-10-10 02:16:38,479 INFO     ___FILE_ONLY___           
2023-10-10 02:16:38,479 INFO     ___FILE_ONLY___ europe-central2
2023-10-10 02:16:38,479 INFO     ___FILE_ONLY___           
2023-10-10 02:16:38,479 INFO     ___FILE_ONLY___ UP
2023-10-10 02:16:38,479 INFO     ___FILE_ONLY___ 

2023-10-10 02:16:38,479 INFO     ___FILE_ONLY___ europe-north1-a
2023-10-10 02:16:38,479 INFO     ___FILE_ONLY___             
2023-10-10 02:16:38,479 INFO     ___FILE_ONLY___ europe-north1
2023-10-10 02:16:38,479 INFO     ___FILE_ONLY___             
2023-10-10 02:16:38,479 INFO     ___FILE_ONLY___ UP
2023-10-10 02:16:38,479 INFO     ___FILE_ONLY___ 

2023-10-10 02:16:38,479 INFO     ___FILE_ONLY___ europe-north1-b
2023-10-10 02:16:38,480 INFO     ___FILE_ONLY___             
2023-10-10 02:16:38,480 INFO     ___FILE_ONLY___ europe-north1
2023-10-10 02:16:38,480 INFO     ___FILE_ONLY___             
2023-10-10 02:16:38,480 INFO     ___FILE_ONLY___ UP
2023-10-10 02:16:38,480 INFO     ___FILE_ONLY___ 

2023-10-10 02:16:38,480 INFO     ___FILE_ONLY___ europe-north1-c
2023-10-10 02:16:38,480 INFO     ___FILE_ONLY___             
2023-10-10 02:16:38,480 INFO     ___FILE_ONLY___ europe-north1
2023-10-10 02:16:38,480 INFO     ___FILE_ONLY___             
2023-10-10 02:16:38,480 INFO     ___FILE_ONLY___ UP
2023-10-10 02:16:38,480 INFO     ___FILE_ONLY___ 

2023-10-10 02:16:38,480 INFO     ___FILE_ONLY___ europe-southwest1-a
2023-10-10 02:16:38,480 INFO     ___FILE_ONLY___         
2023-10-10 02:16:38,480 INFO     ___FILE_ONLY___ europe-southwest1
2023-10-10 02:16:38,480 INFO     ___FILE_ONLY___         
2023-10-10 02:16:38,480 INFO     ___FILE_ONLY___ UP
2023-10-10 02:16:38,480 INFO     ___FILE_ONLY___ 

2023-10-10 02:16:38,480 INFO     ___FILE_ONLY___ europe-southwest1-b
2023-10-10 02:16:38,480 INFO     ___FILE_ONLY___         
2023-10-10 02:16:38,480 INFO     ___FILE_ONLY___ europe-southwest1
2023-10-10 02:16:38,480 INFO     ___FILE_ONLY___         
2023-10-10 02:16:38,480 INFO     ___FILE_ONLY___ UP
2023-10-10 02:16:38,480 INFO     ___FILE_ONLY___ 

2023-10-10 02:16:38,480 INFO     ___FILE_ONLY___ europe-southwest1-c
2023-10-10 02:16:38,480 INFO     ___FILE_ONLY___         
2023-10-10 02:16:38,480 INFO     ___FILE_ONLY___ europe-southwest1
2023-10-10 02:16:38,480 INFO     ___FILE_ONLY___         
2023-10-10 02:16:38,480 INFO     ___FILE_ONLY___ UP
2023-10-10 02:16:38,481 INFO     ___FILE_ONLY___ 

2023-10-10 02:16:38,481 INFO     ___FILE_ONLY___ europe-west10-a
2023-10-10 02:16:38,481 INFO     ___FILE_ONLY___             
2023-10-10 02:16:38,481 INFO     ___FILE_ONLY___ europe-west10
2023-10-10 02:16:38,481 INFO     ___FILE_ONLY___             
2023-10-10 02:16:38,481 INFO     ___FILE_ONLY___ UP
2023-10-10 02:16:38,481 INFO     ___FILE_ONLY___ 

2023-10-10 02:16:38,481 INFO     ___FILE_ONLY___ europe-west10-b
2023-10-10 02:16:38,481 INFO     ___FILE_ONLY___             
2023-10-10 02:16:38,481 INFO     ___FILE_ONLY___ europe-west10
2023-10-10 02:16:38,481 INFO     ___FILE_ONLY___             
2023-10-10 02:16:38,481 INFO     ___FILE_ONLY___ UP
2023-10-10 02:16:38,481 INFO     ___FILE_ONLY___ 

2023-10-10 02:16:38,481 INFO     ___FILE_ONLY___ europe-west10-c
2023-10-10 02:16:38,481 INFO     ___FILE_ONLY___             
2023-10-10 02:16:38,481 INFO     ___FILE_ONLY___ europe-west10
2023-10-10 02:16:38,481 INFO     ___FILE_ONLY___             
2023-10-10 02:16:38,481 INFO     ___FILE_ONLY___ UP
2023-10-10 02:16:38,481 INFO     ___FILE_ONLY___ 

2023-10-10 02:16:38,481 INFO     ___FILE_ONLY___ europe-west12-a
2023-10-10 02:16:38,481 INFO     ___FILE_ONLY___             
2023-10-10 02:16:38,481 INFO     ___FILE_ONLY___ europe-west12
2023-10-10 02:16:38,481 INFO     ___FILE_ONLY___             
2023-10-10 02:16:38,482 INFO     ___FILE_ONLY___ UP
2023-10-10 02:16:38,482 INFO     ___FILE_ONLY___ 

2023-10-10 02:16:38,482 INFO     ___FILE_ONLY___ europe-west12-b
2023-10-10 02:16:38,482 INFO     ___FILE_ONLY___             
2023-10-10 02:16:38,482 INFO     ___FILE_ONLY___ europe-west12
2023-10-10 02:16:38,482 INFO     ___FILE_ONLY___             
2023-10-10 02:16:38,482 INFO     ___FILE_ONLY___ UP
2023-10-10 02:16:38,482 INFO     ___FILE_ONLY___ 

2023-10-10 02:16:38,482 INFO     ___FILE_ONLY___ europe-west12-c
2023-10-10 02:16:38,482 INFO     ___FILE_ONLY___             
2023-10-10 02:16:38,482 INFO     ___FILE_ONLY___ europe-west12
2023-10-10 02:16:38,482 INFO     ___FILE_ONLY___             
2023-10-10 02:16:38,482 INFO     ___FILE_ONLY___ UP
2023-10-10 02:16:38,482 INFO     ___FILE_ONLY___ 

2023-10-10 02:16:38,482 INFO     ___FILE_ONLY___ europe-west6-a
2023-10-10 02:16:38,482 INFO     ___FILE_ONLY___              
2023-10-10 02:16:38,482 INFO     ___FILE_ONLY___ europe-west6
2023-10-10 02:16:38,482 INFO     ___FILE_ONLY___              
2023-10-10 02:16:38,482 INFO     ___FILE_ONLY___ UP
2023-10-10 02:16:38,482 INFO     ___FILE_ONLY___ 

2023-10-10 02:16:38,482 INFO     ___FILE_ONLY___ europe-west6-b
2023-10-10 02:16:38,482 INFO     ___FILE_ONLY___              
2023-10-10 02:16:38,482 INFO     ___FILE_ONLY___ europe-west6
2023-10-10 02:16:38,483 INFO     ___FILE_ONLY___              
2023-10-10 02:16:38,483 INFO     ___FILE_ONLY___ UP
2023-10-10 02:16:38,483 INFO     ___FILE_ONLY___ 

2023-10-10 02:16:38,483 INFO     ___FILE_ONLY___ europe-west6-c
2023-10-10 02:16:38,483 INFO     ___FILE_ONLY___              
2023-10-10 02:16:38,483 INFO     ___FILE_ONLY___ europe-west6
2023-10-10 02:16:38,483 INFO     ___FILE_ONLY___              
2023-10-10 02:16:38,483 INFO     ___FILE_ONLY___ UP
2023-10-10 02:16:38,483 INFO     ___FILE_ONLY___ 

2023-10-10 02:16:38,483 INFO     ___FILE_ONLY___ europe-west8-a
2023-10-10 02:16:38,483 INFO     ___FILE_ONLY___              
2023-10-10 02:16:38,483 INFO     ___FILE_ONLY___ europe-west8
2023-10-10 02:16:38,483 INFO     ___FILE_ONLY___              
2023-10-10 02:16:38,483 INFO     ___FILE_ONLY___ UP
2023-10-10 02:16:38,483 INFO     ___FILE_ONLY___ 

2023-10-10 02:16:38,483 INFO     ___FILE_ONLY___ europe-west8-b
2023-10-10 02:16:38,483 INFO     ___FILE_ONLY___              
2023-10-10 02:16:38,483 INFO     ___FILE_ONLY___ europe-west8
2023-10-10 02:16:38,483 INFO     ___FILE_ONLY___              
2023-10-10 02:16:38,483 INFO     ___FILE_ONLY___ UP
2023-10-10 02:16:38,483 INFO     ___FILE_ONLY___ 

2023-10-10 02:16:38,483 INFO     ___FILE_ONLY___ europe-west8-c
2023-10-10 02:16:38,483 INFO     ___FILE_ONLY___              
2023-10-10 02:16:38,484 INFO     ___FILE_ONLY___ europe-west8
2023-10-10 02:16:38,484 INFO     ___FILE_ONLY___              
2023-10-10 02:16:38,484 INFO     ___FILE_ONLY___ UP
2023-10-10 02:16:38,484 INFO     ___FILE_ONLY___ 

2023-10-10 02:16:38,484 INFO     ___FILE_ONLY___ europe-west9-a
2023-10-10 02:16:38,484 INFO     ___FILE_ONLY___              
2023-10-10 02:16:38,484 INFO     ___FILE_ONLY___ europe-west9
2023-10-10 02:16:38,484 INFO     ___FILE_ONLY___              
2023-10-10 02:16:38,484 INFO     ___FILE_ONLY___ UP
2023-10-10 02:16:38,484 INFO     ___FILE_ONLY___ 

2023-10-10 02:16:38,484 INFO     ___FILE_ONLY___ europe-west9-b
2023-10-10 02:16:38,484 INFO     ___FILE_ONLY___              
2023-10-10 02:16:38,484 INFO     ___FILE_ONLY___ europe-west9
2023-10-10 02:16:38,484 INFO     ___FILE_ONLY___              
2023-10-10 02:16:38,484 INFO     ___FILE_ONLY___ UP
2023-10-10 02:16:38,484 INFO     ___FILE_ONLY___ 

2023-10-10 02:16:38,484 INFO     ___FILE_ONLY___ europe-west9-c
2023-10-10 02:16:38,484 INFO     ___FILE_ONLY___              
2023-10-10 02:16:38,484 INFO     ___FILE_ONLY___ europe-west9
2023-10-10 02:16:38,484 INFO     ___FILE_ONLY___              
2023-10-10 02:16:38,484 INFO     ___FILE_ONLY___ UP
2023-10-10 02:16:38,484 INFO     ___FILE_ONLY___ 

2023-10-10 02:16:38,484 INFO     ___FILE_ONLY___ me-central1-a
2023-10-10 02:16:38,485 INFO     ___FILE_ONLY___               
2023-10-10 02:16:38,485 INFO     ___FILE_ONLY___ me-central1
2023-10-10 02:16:38,485 INFO     ___FILE_ONLY___               
2023-10-10 02:16:38,485 INFO     ___FILE_ONLY___ UP
2023-10-10 02:16:38,485 INFO     ___FILE_ONLY___ 

2023-10-10 02:16:38,485 INFO     ___FILE_ONLY___ me-central1-b
2023-10-10 02:16:38,485 INFO     ___FILE_ONLY___               
2023-10-10 02:16:38,485 INFO     ___FILE_ONLY___ me-central1
2023-10-10 02:16:38,485 INFO     ___FILE_ONLY___               
2023-10-10 02:16:38,485 INFO     ___FILE_ONLY___ UP
2023-10-10 02:16:38,485 INFO     ___FILE_ONLY___ 

2023-10-10 02:16:38,485 INFO     ___FILE_ONLY___ me-central1-c
2023-10-10 02:16:38,485 INFO     ___FILE_ONLY___               
2023-10-10 02:16:38,485 INFO     ___FILE_ONLY___ me-central1
2023-10-10 02:16:38,485 INFO     ___FILE_ONLY___               
2023-10-10 02:16:38,485 INFO     ___FILE_ONLY___ UP
2023-10-10 02:16:38,485 INFO     ___FILE_ONLY___ 

2023-10-10 02:16:38,485 INFO     ___FILE_ONLY___ me-central2-a
2023-10-10 02:16:38,485 INFO     ___FILE_ONLY___               
2023-10-10 02:16:38,485 INFO     ___FILE_ONLY___ me-central2
2023-10-10 02:16:38,485 INFO     ___FILE_ONLY___               
2023-10-10 02:16:38,486 INFO     ___FILE_ONLY___ UP
2023-10-10 02:16:38,486 INFO     ___FILE_ONLY___ 

2023-10-10 02:16:38,486 INFO     ___FILE_ONLY___ me-central2-b
2023-10-10 02:16:38,486 INFO     ___FILE_ONLY___               
2023-10-10 02:16:38,486 INFO     ___FILE_ONLY___ me-central2
2023-10-10 02:16:38,486 INFO     ___FILE_ONLY___               
2023-10-10 02:16:38,486 INFO     ___FILE_ONLY___ UP
2023-10-10 02:16:38,486 INFO     ___FILE_ONLY___ 

2023-10-10 02:16:38,486 INFO     ___FILE_ONLY___ me-central2-c
2023-10-10 02:16:38,486 INFO     ___FILE_ONLY___               
2023-10-10 02:16:38,486 INFO     ___FILE_ONLY___ me-central2
2023-10-10 02:16:38,486 INFO     ___FILE_ONLY___               
2023-10-10 02:16:38,486 INFO     ___FILE_ONLY___ UP
2023-10-10 02:16:38,486 INFO     ___FILE_ONLY___ 

2023-10-10 02:16:38,486 INFO     ___FILE_ONLY___ me-west1-a
2023-10-10 02:16:38,486 INFO     ___FILE_ONLY___                  
2023-10-10 02:16:38,486 INFO     ___FILE_ONLY___ me-west1
2023-10-10 02:16:38,486 INFO     ___FILE_ONLY___                  
2023-10-10 02:16:38,486 INFO     ___FILE_ONLY___ UP
2023-10-10 02:16:38,486 INFO     ___FILE_ONLY___ 

2023-10-10 02:16:38,486 INFO     ___FILE_ONLY___ me-west1-b
2023-10-10 02:16:38,486 INFO     ___FILE_ONLY___                  
2023-10-10 02:16:38,486 INFO     ___FILE_ONLY___ me-west1
2023-10-10 02:16:38,486 INFO     ___FILE_ONLY___                  
2023-10-10 02:16:38,487 INFO     ___FILE_ONLY___ UP
2023-10-10 02:16:38,487 INFO     ___FILE_ONLY___ 

2023-10-10 02:16:38,487 INFO     ___FILE_ONLY___ me-west1-c
2023-10-10 02:16:38,487 INFO     ___FILE_ONLY___                  
2023-10-10 02:16:38,487 INFO     ___FILE_ONLY___ me-west1
2023-10-10 02:16:38,487 INFO     ___FILE_ONLY___                  
2023-10-10 02:16:38,487 INFO     ___FILE_ONLY___ UP
2023-10-10 02:16:38,487 INFO     ___FILE_ONLY___ 

2023-10-10 02:16:38,487 INFO     ___FILE_ONLY___ northamerica-northeast1-a
2023-10-10 02:16:38,487 INFO     ___FILE_ONLY___   
2023-10-10 02:16:38,487 INFO     ___FILE_ONLY___ northamerica-northeast1
2023-10-10 02:16:38,487 INFO     ___FILE_ONLY___   
2023-10-10 02:16:38,487 INFO     ___FILE_ONLY___ UP
2023-10-10 02:16:38,487 INFO     ___FILE_ONLY___ 

2023-10-10 02:16:38,487 INFO     ___FILE_ONLY___ northamerica-northeast1-b
2023-10-10 02:16:38,487 INFO     ___FILE_ONLY___   
2023-10-10 02:16:38,487 INFO     ___FILE_ONLY___ northamerica-northeast1
2023-10-10 02:16:38,487 INFO     ___FILE_ONLY___   
2023-10-10 02:16:38,488 INFO     ___FILE_ONLY___ UP
2023-10-10 02:16:38,488 INFO     ___FILE_ONLY___ 

2023-10-10 02:16:38,488 INFO     ___FILE_ONLY___ northamerica-northeast1-c
2023-10-10 02:16:38,488 INFO     ___FILE_ONLY___   
2023-10-10 02:16:38,488 INFO     ___FILE_ONLY___ northamerica-northeast1
2023-10-10 02:16:38,488 INFO     ___FILE_ONLY___   
2023-10-10 02:16:38,488 INFO     ___FILE_ONLY___ UP
2023-10-10 02:16:38,488 INFO     ___FILE_ONLY___ 

2023-10-10 02:16:38,488 INFO     ___FILE_ONLY___ northamerica-northeast2-a
2023-10-10 02:16:38,488 INFO     ___FILE_ONLY___   
2023-10-10 02:16:38,488 INFO     ___FILE_ONLY___ northamerica-northeast2
2023-10-10 02:16:38,488 INFO     ___FILE_ONLY___   
2023-10-10 02:16:38,488 INFO     ___FILE_ONLY___ UP
2023-10-10 02:16:38,488 INFO     ___FILE_ONLY___ 

2023-10-10 02:16:38,488 INFO     ___FILE_ONLY___ northamerica-northeast2-b
2023-10-10 02:16:38,488 INFO     ___FILE_ONLY___   
2023-10-10 02:16:38,488 INFO     ___FILE_ONLY___ northamerica-northeast2
2023-10-10 02:16:38,488 INFO     ___FILE_ONLY___   
2023-10-10 02:16:38,488 INFO     ___FILE_ONLY___ UP
2023-10-10 02:16:38,488 INFO     ___FILE_ONLY___ 

2023-10-10 02:16:38,489 INFO     ___FILE_ONLY___ northamerica-northeast2-c
2023-10-10 02:16:38,489 INFO     ___FILE_ONLY___   
2023-10-10 02:16:38,489 INFO     ___FILE_ONLY___ northamerica-northeast2
2023-10-10 02:16:38,489 INFO     ___FILE_ONLY___   
2023-10-10 02:16:38,489 INFO     ___FILE_ONLY___ UP
2023-10-10 02:16:38,489 INFO     ___FILE_ONLY___ 

2023-10-10 02:16:38,489 INFO     ___FILE_ONLY___ southamerica-west1-a
2023-10-10 02:16:38,489 INFO     ___FILE_ONLY___        
2023-10-10 02:16:38,489 INFO     ___FILE_ONLY___ southamerica-west1
2023-10-10 02:16:38,489 INFO     ___FILE_ONLY___        
2023-10-10 02:16:38,489 INFO     ___FILE_ONLY___ UP
2023-10-10 02:16:38,489 INFO     ___FILE_ONLY___ 

2023-10-10 02:16:38,489 INFO     ___FILE_ONLY___ southamerica-west1-b
2023-10-10 02:16:38,489 INFO     ___FILE_ONLY___        
2023-10-10 02:16:38,489 INFO     ___FILE_ONLY___ southamerica-west1
2023-10-10 02:16:38,489 INFO     ___FILE_ONLY___        
2023-10-10 02:16:38,489 INFO     ___FILE_ONLY___ UP
2023-10-10 02:16:38,489 INFO     ___FILE_ONLY___ 

2023-10-10 02:16:38,489 INFO     ___FILE_ONLY___ southamerica-west1-c
2023-10-10 02:16:38,489 INFO     ___FILE_ONLY___        
2023-10-10 02:16:38,489 INFO     ___FILE_ONLY___ southamerica-west1
2023-10-10 02:16:38,489 INFO     ___FILE_ONLY___        
2023-10-10 02:16:38,489 INFO     ___FILE_ONLY___ UP
2023-10-10 02:16:38,489 INFO     ___FILE_ONLY___ 

2023-10-10 02:16:38,489 INFO     ___FILE_ONLY___ us-east5-a
2023-10-10 02:16:38,489 INFO     ___FILE_ONLY___                  
2023-10-10 02:16:38,489 INFO     ___FILE_ONLY___ us-east5
2023-10-10 02:16:38,490 INFO     ___FILE_ONLY___                  
2023-10-10 02:16:38,490 INFO     ___FILE_ONLY___ UP
2023-10-10 02:16:38,490 INFO     ___FILE_ONLY___ 

2023-10-10 02:16:38,490 INFO     ___FILE_ONLY___ us-east5-b
2023-10-10 02:16:38,490 INFO     ___FILE_ONLY___                  
2023-10-10 02:16:38,490 INFO     ___FILE_ONLY___ us-east5
2023-10-10 02:16:38,490 INFO     ___FILE_ONLY___                  
2023-10-10 02:16:38,490 INFO     ___FILE_ONLY___ UP
2023-10-10 02:16:38,490 INFO     ___FILE_ONLY___ 

2023-10-10 02:16:38,490 INFO     ___FILE_ONLY___ us-east5-c
2023-10-10 02:16:38,490 INFO     ___FILE_ONLY___                  
2023-10-10 02:16:38,490 INFO     ___FILE_ONLY___ us-east5
2023-10-10 02:16:38,490 INFO     ___FILE_ONLY___                  
2023-10-10 02:16:38,490 INFO     ___FILE_ONLY___ UP
2023-10-10 02:16:38,490 INFO     ___FILE_ONLY___ 

2023-10-10 02:16:38,490 INFO     ___FILE_ONLY___ us-south1-a
2023-10-10 02:16:38,490 INFO     ___FILE_ONLY___                 
2023-10-10 02:16:38,490 INFO     ___FILE_ONLY___ us-south1
2023-10-10 02:16:38,490 INFO     ___FILE_ONLY___                 
2023-10-10 02:16:38,490 INFO     ___FILE_ONLY___ UP
2023-10-10 02:16:38,490 INFO     ___FILE_ONLY___ 

2023-10-10 02:16:38,490 INFO     ___FILE_ONLY___ us-south1-b
2023-10-10 02:16:38,490 INFO     ___FILE_ONLY___                 
2023-10-10 02:16:38,490 INFO     ___FILE_ONLY___ us-south1
2023-10-10 02:16:38,490 INFO     ___FILE_ONLY___                 
2023-10-10 02:16:38,490 INFO     ___FILE_ONLY___ UP
2023-10-10 02:16:38,490 INFO     ___FILE_ONLY___ 

2023-10-10 02:16:38,490 INFO     ___FILE_ONLY___ us-south1-c
2023-10-10 02:16:38,491 INFO     ___FILE_ONLY___                 
2023-10-10 02:16:38,491 INFO     ___FILE_ONLY___ us-south1
2023-10-10 02:16:38,491 INFO     ___FILE_ONLY___                 
2023-10-10 02:16:38,491 INFO     ___FILE_ONLY___ UP
2023-10-10 02:16:38,491 INFO     ___FILE_ONLY___ 

2023-10-10 02:16:38,491 INFO     ___FILE_ONLY___ us-west2-a
2023-10-10 02:16:38,491 INFO     ___FILE_ONLY___                  
2023-10-10 02:16:38,491 INFO     ___FILE_ONLY___ us-west2
2023-10-10 02:16:38,491 INFO     ___FILE_ONLY___                  
2023-10-10 02:16:38,491 INFO     ___FILE_ONLY___ UP
2023-10-10 02:16:38,491 INFO     ___FILE_ONLY___ 

2023-10-10 02:16:38,491 INFO     ___FILE_ONLY___ us-west2-b
2023-10-10 02:16:38,491 INFO     ___FILE_ONLY___                  
2023-10-10 02:16:38,491 INFO     ___FILE_ONLY___ us-west2
2023-10-10 02:16:38,491 INFO     ___FILE_ONLY___                  
2023-10-10 02:16:38,491 INFO     ___FILE_ONLY___ UP
2023-10-10 02:16:38,491 INFO     ___FILE_ONLY___ 

2023-10-10 02:16:38,491 INFO     ___FILE_ONLY___ us-west2-c
2023-10-10 02:16:38,491 INFO     ___FILE_ONLY___                  
2023-10-10 02:16:38,491 INFO     ___FILE_ONLY___ us-west2
2023-10-10 02:16:38,491 INFO     ___FILE_ONLY___                  
2023-10-10 02:16:38,491 INFO     ___FILE_ONLY___ UP
2023-10-10 02:16:38,491 INFO     ___FILE_ONLY___ 

2023-10-10 02:16:38,491 INFO     ___FILE_ONLY___ us-west3-a
2023-10-10 02:16:38,491 INFO     ___FILE_ONLY___                  
2023-10-10 02:16:38,491 INFO     ___FILE_ONLY___ us-west3
2023-10-10 02:16:38,491 INFO     ___FILE_ONLY___                  
2023-10-10 02:16:38,492 INFO     ___FILE_ONLY___ UP
2023-10-10 02:16:38,492 INFO     ___FILE_ONLY___ 

2023-10-10 02:16:38,492 INFO     ___FILE_ONLY___ us-west3-b
2023-10-10 02:16:38,492 INFO     ___FILE_ONLY___                  
2023-10-10 02:16:38,492 INFO     ___FILE_ONLY___ us-west3
2023-10-10 02:16:38,492 INFO     ___FILE_ONLY___                  
2023-10-10 02:16:38,492 INFO     ___FILE_ONLY___ UP
2023-10-10 02:16:38,492 INFO     ___FILE_ONLY___ 

2023-10-10 02:16:38,492 INFO     ___FILE_ONLY___ us-west3-c
2023-10-10 02:16:38,492 INFO     ___FILE_ONLY___                  
2023-10-10 02:16:38,492 INFO     ___FILE_ONLY___ us-west3
2023-10-10 02:16:38,492 INFO     ___FILE_ONLY___                  
2023-10-10 02:16:38,492 INFO     ___FILE_ONLY___ UP
2023-10-10 02:16:38,492 INFO     ___FILE_ONLY___ 

2023-10-10 02:16:38,492 INFO     ___FILE_ONLY___ us-west4-a
2023-10-10 02:16:38,492 INFO     ___FILE_ONLY___                  
2023-10-10 02:16:38,492 INFO     ___FILE_ONLY___ us-west4
2023-10-10 02:16:38,492 INFO     ___FILE_ONLY___                  
2023-10-10 02:16:38,492 INFO     ___FILE_ONLY___ UP
2023-10-10 02:16:38,492 INFO     ___FILE_ONLY___ 

2023-10-10 02:16:38,492 INFO     ___FILE_ONLY___ us-west4-b
2023-10-10 02:16:38,492 INFO     ___FILE_ONLY___                  
2023-10-10 02:16:38,492 INFO     ___FILE_ONLY___ us-west4
2023-10-10 02:16:38,492 INFO     ___FILE_ONLY___                  
2023-10-10 02:16:38,492 INFO     ___FILE_ONLY___ UP
2023-10-10 02:16:38,492 INFO     ___FILE_ONLY___ 

2023-10-10 02:16:38,493 INFO     ___FILE_ONLY___ us-west4-c
2023-10-10 02:16:38,493 INFO     ___FILE_ONLY___                  
2023-10-10 02:16:38,493 INFO     ___FILE_ONLY___ us-west4
2023-10-10 02:16:38,493 INFO     ___FILE_ONLY___                  
2023-10-10 02:16:38,493 INFO     ___FILE_ONLY___ UP
2023-10-10 02:16:38,493 INFO     ___FILE_ONLY___ 

