2023-10-10 14:19:07,675 DEBUG    root            Loaded Command Group: ['gcloud', 'compute']
2023-10-10 14:19:07,683 DEBUG    root            Loaded Command Group: ['gcloud', 'compute', 'instances']
2023-10-10 14:19:07,796 DEBUG    root            Loaded Command Group: ['gcloud', 'compute', 'instances', 'create']
2023-10-10 14:19:07,871 DEBUG    root            Running [gcloud.compute.instances.create] with arguments: [--boot-disk-size: "536870912000", --image-family: "tf-1-15-5", --image-project: "ml-images", --machine-type: "n1-highmem-8", --maintenance-policy: "TERMINATE", --restart-on-failure: "True", --zone: "asia-southeast1-b", INSTANCE_NAMES:1: "['PEGASUS']"]
2023-10-10 14:19:07,884 DEBUG    urllib3.connectionpool Starting new HTTPS connection (1): compute.googleapis.com:443
2023-10-10 14:19:08,560 DEBUG    urllib3.connectionpool https://compute.googleapis.com:443 "GET /compute/v1/projects/pegasus-401519/zones/asia-southeast1-b?alt=json HTTP/1.1" 200 None
2023-10-10 14:19:08,568 DEBUG    urllib3.connectionpool Starting new HTTPS connection (1): compute.googleapis.com:443
2023-10-10 14:19:09,058 DEBUG    urllib3.connectionpool https://compute.googleapis.com:443 "GET /compute/v1/projects/pegasus-401519?alt=json HTTP/1.1" 200 None
2023-10-10 14:19:09,070 DEBUG    urllib3.connectionpool Starting new HTTPS connection (1): compute.googleapis.com:443
2023-10-10 14:19:09,250 DEBUG    urllib3.connectionpool https://compute.googleapis.com:443 "POST /compute/v1/projects/pegasus-401519/zones/asia-southeast1-b/instances?alt=json HTTP/1.1" 400 None
2023-10-10 14:19:09,254 DEBUG    root            Chosen display Format:list[title="Could not fetch resource:",always-display-title]
2023-10-10 14:19:09,255 DEBUG    root            (gcloud.compute.instances.create) Could not fetch resource:
 - Invalid value for field 'resource.name': 'PEGASUS'. Must be a match of regex '(?:[a-z](?:[-a-z0-9]{0,61}[a-z0-9])?)'
Traceback (most recent call last):
  File "/home/devilunraveled/GoogleCloud/google-cloud-sdk/lib/googlecloudsdk/calliope/cli.py", line 987, in Execute
    resources = calliope_command.Run(cli=self, args=args)
  File "/home/devilunraveled/GoogleCloud/google-cloud-sdk/lib/googlecloudsdk/calliope/backend.py", line 807, in Run
    resources = command_instance.Run(args)
  File "/home/devilunraveled/GoogleCloud/google-cloud-sdk/lib/surface/compute/instances/create.py", line 699, in Run
    return compute_client.MakeRequests(requests)
  File "/home/devilunraveled/GoogleCloud/google-cloud-sdk/lib/googlecloudsdk/api_lib/compute/client_adapter.py", line 156, in MakeRequests
    utils.RaiseToolException(
  File "/home/devilunraveled/GoogleCloud/google-cloud-sdk/lib/googlecloudsdk/api_lib/compute/utils.py", line 139, in RaiseToolException
    RaiseException(problems, calliope_exceptions.ToolException, error_message)
  File "/home/devilunraveled/GoogleCloud/google-cloud-sdk/lib/googlecloudsdk/api_lib/compute/utils.py", line 148, in RaiseException
    raise exception(
googlecloudsdk.calliope.exceptions.ToolException: Could not fetch resource:
 - Invalid value for field 'resource.name': 'PEGASUS'. Must be a match of regex '(?:[a-z](?:[-a-z0-9]{0,61}[a-z0-9])?)'

2023-10-10 14:19:09,265 ERROR    root            (gcloud.compute.instances.create) Could not fetch resource:
 - Invalid value for field 'resource.name': 'PEGASUS'. Must be a match of regex '(?:[a-z](?:[-a-z0-9]{0,61}[a-z0-9])?)'

