2023-03-27 23:15:29.564 [info] Extension host with pid 23325 started
2023-03-27 23:15:29.705 [info] ExtensionService#_doActivateExtension vscode.emmet, startup: false, activationEvent: 'onLanguage'
2023-03-27 23:15:29.711 [info] ExtensionService#_doActivateExtension vscode.extension-editing, startup: false, activationEvent: 'onLanguage:markdown'
2023-03-27 23:15:29.722 [info] ExtensionService#_doActivateExtension vscode.markdown-language-features, startup: false, activationEvent: 'onLanguage:markdown'
2023-03-27 23:15:29.785 [info] ExtensionService#_doActivateExtension vscode.github-authentication, startup: false, activationEvent: 'onAuthenticationRequest:github'
2023-03-27 23:15:29.796 [info] ExtensionService#_doActivateExtension vscode.git-base, startup: true, activationEvent: '*'
2023-03-27 23:15:29.797 [info] ExtensionService#_doActivateExtension formulahendry.auto-close-tag, startup: true, activationEvent: '*'
2023-03-27 23:15:29.799 [info] ExtensionService#_doActivateExtension formulahendry.auto-rename-tag, startup: true, activationEvent: '*'
2023-03-27 23:15:29.805 [info] ExtensionService#_doActivateExtension vscodevim.vim, startup: true, activationEvent: '*'
2023-03-27 23:15:30.091 [info] ExtensionService#_doActivateExtension vscode.github, startup: true, activationEvent: '*'
2023-03-27 23:15:30.206 [info] Eager extensions activated
2023-03-27 23:15:30.213 [info] ExtensionService#_doActivateExtension vscode.markdown-math, startup: false, activationEvent: 'api', root cause: vscode.markdown-language-features
2023-03-27 23:15:30.220 [info] ExtensionService#_doActivateExtension vscode.debug-auto-launch, startup: false, activationEvent: 'onStartupFinished'
2023-03-27 23:15:30.221 [info] ExtensionService#_doActivateExtension vscode.merge-conflict, startup: false, activationEvent: 'onStartupFinished'
2023-03-27 23:15:30.224 [info] ExtensionService#_doActivateExtension alefragnani.Bookmarks, startup: false, activationEvent: 'onStartupFinished'
2023-03-27 23:15:30.227 [info] ExtensionService#_doActivateExtension alefragnani.project-manager, startup: false, activationEvent: 'onStartupFinished'
2023-03-27 23:15:30.230 [info] ExtensionService#_doActivateExtension dsznajder.es7-react-js-snippets, startup: false, activationEvent: 'onStartupFinished'
2023-03-27 23:15:30.364 [info] ExtensionService#_doActivateExtension eamodio.gitlens, startup: false, activationEvent: 'onStartupFinished'
2023-03-27 23:15:30.441 [info] ExtensionService#_doActivateExtension vscode.npm, startup: false, activationEvent: 'onStartupFinished', root cause: esbenp.prettier-vscode
2023-03-27 23:15:30.446 [info] ExtensionService#_doActivateExtension vscode-icons-team.vscode-icons, startup: false, activationEvent: 'onStartupFinished'
2023-03-27 23:15:30.552 [info] ExtensionService#_doActivateExtension vscode.microsoft-authentication, startup: false, activationEvent: 'onAuthenticationRequest:microsoft'
2023-03-27 23:15:30.640 [info] ExtensionService#_doActivateExtension esbenp.prettier-vscode, startup: false, activationEvent: 'onStartupFinished'
2023-03-27 23:15:32.876 [warning] TextEditor is closed/disposed
2023-03-27 23:15:46.601 [info] ExtensionService#_doActivateExtension ms-vscode-remote.remote-containers, startup: false, activationEvent: 'onStartupFinished'
2023-03-27 23:16:15.746 [info] ExtensionService#_doActivateExtension vscode.simple-browser, startup: false, activationEvent: 'onOpenExternalUri:https'
2023-03-27 23:17:01.081 [info] Extension host terminating: renderer closed the MessagePort
2023-03-27 23:17:01.103 [error] Canceled: Canceled
    at new l (/var/lib/snapd/snap/code/122/usr/share/code/resources/app/out/vs/workbench/api/node/extensionHostProcess.js:96:88793)
    at a.O (/var/lib/snapd/snap/code/122/usr/share/code/resources/app/out/vs/workbench/api/node/extensionHostProcess.js:106:11260)
    at Proxy.V.<computed>.Q.charCodeAt.V.<computed> (/var/lib/snapd/snap/code/122/usr/share/code/resources/app/out/vs/workbench/api/node/extensionHostProcess.js:106:8550)
    at c.g (/var/lib/snapd/snap/code/122/usr/share/code/resources/app/out/vs/workbench/api/node/extensionHostProcess.js:96:108198)
    at c.executeCommand (/var/lib/snapd/snap/code/122/usr/share/code/resources/app/out/vs/workbench/api/node/extensionHostProcess.js:96:107574)
    at N.registerCommand.description (/var/lib/snapd/snap/code/122/usr/share/code/resources/app/out/vs/workbench/api/node/extensionHostProcess.js:96:106867)
    at c.h (/var/lib/snapd/snap/code/122/usr/share/code/resources/app/out/vs/workbench/api/node/extensionHostProcess.js:96:108784)
    at c.g (/var/lib/snapd/snap/code/122/usr/share/code/resources/app/out/vs/workbench/api/node/extensionHostProcess.js:96:107674)
    at c.executeCommand (/var/lib/snapd/snap/code/122/usr/share/code/resources/app/out/vs/workbench/api/node/extensionHostProcess.js:96:107574)
    at Object.executeCommand (/var/lib/snapd/snap/code/122/usr/share/code/resources/app/out/vs/workbench/api/node/extensionHostProcess.js:117:30781)
    at c (/home/devilunraveled/.vscode/extensions/eamodio.gitlens-13.4.0/dist/gitlens.js:1:988555)
    at ActionRunners._updateContextKeys (/home/devilunraveled/.vscode/extensions/eamodio.gitlens-13.4.0/dist/gitlens.js:1:7346)
    at r (/home/devilunraveled/.vscode/extensions/eamodio.gitlens-13.4.0/dist/gitlens.js:1:5765)
    at RegisteredActionRunner.unregister (/home/devilunraveled/.vscode/extensions/eamodio.gitlens-13.4.0/dist/gitlens.js:1:5909)
    at RegisteredActionRunner.dispose (/home/devilunraveled/.vscode/extensions/eamodio.gitlens-13.4.0/dist/gitlens.js:1:4574)
    at ActionRunners.dispose (/home/devilunraveled/.vscode/extensions/eamodio.gitlens-13.4.0/dist/gitlens.js:1:5351)
    at k (/var/lib/snapd/snap/code/122/usr/share/code/resources/app/out/vs/workbench/api/node/extensionHostProcess.js:10:12074)
    at f.X (/var/lib/snapd/snap/code/122/usr/share/code/resources/app/out/vs/workbench/api/node/extensionHostProcess.js:108:11284)
    at /var/lib/snapd/snap/code/122/usr/share/code/resources/app/out/vs/workbench/api/node/extensionHostProcess.js:108:9088
    at Array.map (<anonymous>)
    at f.Q (/var/lib/snapd/snap/code/122/usr/share/code/resources/app/out/vs/workbench/api/node/extensionHostProcess.js:108:9075)
    at f.terminate (/var/lib/snapd/snap/code/122/usr/share/code/resources/app/out/vs/workbench/api/node/extensionHostProcess.js:108:9347)
    at u.terminate (/var/lib/snapd/snap/code/122/usr/share/code/resources/app/out/vs/workbench/api/node/extensionHostProcess.js:112:1397)
    at p (/var/lib/snapd/snap/code/122/usr/share/code/resources/app/out/vs/workbench/api/node/extensionHostProcess.js:122:18592)
    at MessagePortMain.<anonymous> (/var/lib/snapd/snap/code/122/usr/share/code/resources/app/out/vs/workbench/api/node/extensionHostProcess.js:122:14731)
    at MessagePortMain.emit (node:events:526:28)
    at Object.MessagePortMain._internalPort.emit (node:electron/js2c/utility_init:5:364) setContext undefined
2023-03-27 23:17:01.103 [error] Canceled: Canceled
    at new l (/var/lib/snapd/snap/code/122/usr/share/code/resources/app/out/vs/workbench/api/node/extensionHostProcess.js:96:88793)
    at a.O (/var/lib/snapd/snap/code/122/usr/share/code/resources/app/out/vs/workbench/api/node/extensionHostProcess.js:106:11260)
    at Proxy.V.<computed>.Q.charCodeAt.V.<computed> (/var/lib/snapd/snap/code/122/usr/share/code/resources/app/out/vs/workbench/api/node/extensionHostProcess.js:106:8550)
    at c.g (/var/lib/snapd/snap/code/122/usr/share/code/resources/app/out/vs/workbench/api/node/extensionHostProcess.js:96:108198)
    at c.executeCommand (/var/lib/snapd/snap/code/122/usr/share/code/resources/app/out/vs/workbench/api/node/extensionHostProcess.js:96:107574)
    at N.registerCommand.description (/var/lib/snapd/snap/code/122/usr/share/code/resources/app/out/vs/workbench/api/node/extensionHostProcess.js:96:106867)
    at c.h (/var/lib/snapd/snap/code/122/usr/share/code/resources/app/out/vs/workbench/api/node/extensionHostProcess.js:96:108784)
    at c.g (/var/lib/snapd/snap/code/122/usr/share/code/resources/app/out/vs/workbench/api/node/extensionHostProcess.js:96:107674)
    at c.executeCommand (/var/lib/snapd/snap/code/122/usr/share/code/resources/app/out/vs/workbench/api/node/extensionHostProcess.js:96:107574)
    at Object.executeCommand (/var/lib/snapd/snap/code/122/usr/share/code/resources/app/out/vs/workbench/api/node/extensionHostProcess.js:117:30781)
    at c (/home/devilunraveled/.vscode/extensions/eamodio.gitlens-13.4.0/dist/gitlens.js:1:988555)
    at ActionRunners._updateContextKeys (/home/devilunraveled/.vscode/extensions/eamodio.gitlens-13.4.0/dist/gitlens.js:1:7346)
    at r (/home/devilunraveled/.vscode/extensions/eamodio.gitlens-13.4.0/dist/gitlens.js:1:5765)
    at RegisteredActionRunner.unregister (/home/devilunraveled/.vscode/extensions/eamodio.gitlens-13.4.0/dist/gitlens.js:1:5909)
    at RegisteredActionRunner.dispose (/home/devilunraveled/.vscode/extensions/eamodio.gitlens-13.4.0/dist/gitlens.js:1:4574)
    at ActionRunners.dispose (/home/devilunraveled/.vscode/extensions/eamodio.gitlens-13.4.0/dist/gitlens.js:1:5351)
    at k (/var/lib/snapd/snap/code/122/usr/share/code/resources/app/out/vs/workbench/api/node/extensionHostProcess.js:10:12074)
    at f.X (/var/lib/snapd/snap/code/122/usr/share/code/resources/app/out/vs/workbench/api/node/extensionHostProcess.js:108:11284)
    at /var/lib/snapd/snap/code/122/usr/share/code/resources/app/out/vs/workbench/api/node/extensionHostProcess.js:108:9088
    at Array.map (<anonymous>)
    at f.Q (/var/lib/snapd/snap/code/122/usr/share/code/resources/app/out/vs/workbench/api/node/extensionHostProcess.js:108:9075)
    at f.terminate (/var/lib/snapd/snap/code/122/usr/share/code/resources/app/out/vs/workbench/api/node/extensionHostProcess.js:108:9347)
    at u.terminate (/var/lib/snapd/snap/code/122/usr/share/code/resources/app/out/vs/workbench/api/node/extensionHostProcess.js:112:1397)
    at p (/var/lib/snapd/snap/code/122/usr/share/code/resources/app/out/vs/workbench/api/node/extensionHostProcess.js:122:18592)
    at MessagePortMain.<anonymous> (/var/lib/snapd/snap/code/122/usr/share/code/resources/app/out/vs/workbench/api/node/extensionHostProcess.js:122:14731)
    at MessagePortMain.emit (node:events:526:28)
    at Object.MessagePortMain._internalPort.emit (node:electron/js2c/utility_init:5:364) setContext undefined
2023-03-27 23:17:01.103 [error] Canceled: Canceled
    at new l (/var/lib/snapd/snap/code/122/usr/share/code/resources/app/out/vs/workbench/api/node/extensionHostProcess.js:96:88793)
    at a.O (/var/lib/snapd/snap/code/122/usr/share/code/resources/app/out/vs/workbench/api/node/extensionHostProcess.js:106:11260)
    at Proxy.V.<computed>.Q.charCodeAt.V.<computed> (/var/lib/snapd/snap/code/122/usr/share/code/resources/app/out/vs/workbench/api/node/extensionHostProcess.js:106:8550)
    at c.g (/var/lib/snapd/snap/code/122/usr/share/code/resources/app/out/vs/workbench/api/node/extensionHostProcess.js:96:108198)
    at c.executeCommand (/var/lib/snapd/snap/code/122/usr/share/code/resources/app/out/vs/workbench/api/node/extensionHostProcess.js:96:107574)
    at N.registerCommand.description (/var/lib/snapd/snap/code/122/usr/share/code/resources/app/out/vs/workbench/api/node/extensionHostProcess.js:96:106867)
    at c.h (/var/lib/snapd/snap/code/122/usr/share/code/resources/app/out/vs/workbench/api/node/extensionHostProcess.js:96:108784)
    at c.g (/var/lib/snapd/snap/code/122/usr/share/code/resources/app/out/vs/workbench/api/node/extensionHostProcess.js:96:107674)
    at c.executeCommand (/var/lib/snapd/snap/code/122/usr/share/code/resources/app/out/vs/workbench/api/node/extensionHostProcess.js:96:107574)
    at Object.executeCommand (/var/lib/snapd/snap/code/122/usr/share/code/resources/app/out/vs/workbench/api/node/extensionHostProcess.js:117:30781)
    at c (/home/devilunraveled/.vscode/extensions/eamodio.gitlens-13.4.0/dist/gitlens.js:1:988555)
    at ActionRunners._updateContextKeys (/home/devilunraveled/.vscode/extensions/eamodio.gitlens-13.4.0/dist/gitlens.js:1:7346)
    at r (/home/devilunraveled/.vscode/extensions/eamodio.gitlens-13.4.0/dist/gitlens.js:1:5765)
    at RegisteredActionRunner.unregister (/home/devilunraveled/.vscode/extensions/eamodio.gitlens-13.4.0/dist/gitlens.js:1:5909)
    at RegisteredActionRunner.dispose (/home/devilunraveled/.vscode/extensions/eamodio.gitlens-13.4.0/dist/gitlens.js:1:4574)
    at ActionRunners.dispose (/home/devilunraveled/.vscode/extensions/eamodio.gitlens-13.4.0/dist/gitlens.js:1:5351)
    at k (/var/lib/snapd/snap/code/122/usr/share/code/resources/app/out/vs/workbench/api/node/extensionHostProcess.js:10:12074)
    at f.X (/var/lib/snapd/snap/code/122/usr/share/code/resources/app/out/vs/workbench/api/node/extensionHostProcess.js:108:11284)
    at /var/lib/snapd/snap/code/122/usr/share/code/resources/app/out/vs/workbench/api/node/extensionHostProcess.js:108:9088
    at Array.map (<anonymous>)
    at f.Q (/var/lib/snapd/snap/code/122/usr/share/code/resources/app/out/vs/workbench/api/node/extensionHostProcess.js:108:9075)
    at f.terminate (/var/lib/snapd/snap/code/122/usr/share/code/resources/app/out/vs/workbench/api/node/extensionHostProcess.js:108:9347)
    at u.terminate (/var/lib/snapd/snap/code/122/usr/share/code/resources/app/out/vs/workbench/api/node/extensionHostProcess.js:112:1397)
    at p (/var/lib/snapd/snap/code/122/usr/share/code/resources/app/out/vs/workbench/api/node/extensionHostProcess.js:122:18592)
    at MessagePortMain.<anonymous> (/var/lib/snapd/snap/code/122/usr/share/code/resources/app/out/vs/workbench/api/node/extensionHostProcess.js:122:14731)
    at MessagePortMain.emit (node:events:526:28)
    at Object.MessagePortMain._internalPort.emit (node:electron/js2c/utility_init:5:364) setContext undefined
2023-03-27 23:17:01.103 [error] Canceled: Canceled
    at new l (/var/lib/snapd/snap/code/122/usr/share/code/resources/app/out/vs/workbench/api/node/extensionHostProcess.js:96:88793)
    at a.O (/var/lib/snapd/snap/code/122/usr/share/code/resources/app/out/vs/workbench/api/node/extensionHostProcess.js:106:11260)
    at Proxy.V.<computed>.Q.charCodeAt.V.<computed> (/var/lib/snapd/snap/code/122/usr/share/code/resources/app/out/vs/workbench/api/node/extensionHostProcess.js:106:8550)
    at c.g (/var/lib/snapd/snap/code/122/usr/share/code/resources/app/out/vs/workbench/api/node/extensionHostProcess.js:96:108198)
    at c.executeCommand (/var/lib/snapd/snap/code/122/usr/share/code/resources/app/out/vs/workbench/api/node/extensionHostProcess.js:96:107574)
    at N.registerCommand.description (/var/lib/snapd/snap/code/122/usr/share/code/resources/app/out/vs/workbench/api/node/extensionHostProcess.js:96:106867)
    at c.h (/var/lib/snapd/snap/code/122/usr/share/code/resources/app/out/vs/workbench/api/node/extensionHostProcess.js:96:108784)
    at c.g (/var/lib/snapd/snap/code/122/usr/share/code/resources/app/out/vs/workbench/api/node/extensionHostProcess.js:96:107674)
    at c.executeCommand (/var/lib/snapd/snap/code/122/usr/share/code/resources/app/out/vs/workbench/api/node/extensionHostProcess.js:96:107574)
    at Object.executeCommand (/var/lib/snapd/snap/code/122/usr/share/code/resources/app/out/vs/workbench/api/node/extensionHostProcess.js:117:30781)
    at c (/home/devilunraveled/.vscode/extensions/eamodio.gitlens-13.4.0/dist/gitlens.js:1:988555)
    at ActionRunners._updateContextKeys (/home/devilunraveled/.vscode/extensions/eamodio.gitlens-13.4.0/dist/gitlens.js:1:7346)
    at r (/home/devilunraveled/.vscode/extensions/eamodio.gitlens-13.4.0/dist/gitlens.js:1:5765)
    at RegisteredActionRunner.unregister (/home/devilunraveled/.vscode/extensions/eamodio.gitlens-13.4.0/dist/gitlens.js:1:5909)
    at RegisteredActionRunner.dispose (/home/devilunraveled/.vscode/extensions/eamodio.gitlens-13.4.0/dist/gitlens.js:1:4574)
    at Object.dispose (/home/devilunraveled/.vscode/extensions/eamodio.gitlens-13.4.0/dist/gitlens.js:1:6006)
    at k (/var/lib/snapd/snap/code/122/usr/share/code/resources/app/out/vs/workbench/api/node/extensionHostProcess.js:10:12074)
    at f.X (/var/lib/snapd/snap/code/122/usr/share/code/resources/app/out/vs/workbench/api/node/extensionHostProcess.js:108:11284)
    at /var/lib/snapd/snap/code/122/usr/share/code/resources/app/out/vs/workbench/api/node/extensionHostProcess.js:108:9088
    at Array.map (<anonymous>)
    at f.Q (/var/lib/snapd/snap/code/122/usr/share/code/resources/app/out/vs/workbench/api/node/extensionHostProcess.js:108:9075)
    at f.terminate (/var/lib/snapd/snap/code/122/usr/share/code/resources/app/out/vs/workbench/api/node/extensionHostProcess.js:108:9347)
    at u.terminate (/var/lib/snapd/snap/code/122/usr/share/code/resources/app/out/vs/workbench/api/node/extensionHostProcess.js:112:1397)
    at p (/var/lib/snapd/snap/code/122/usr/share/code/resources/app/out/vs/workbench/api/node/extensionHostProcess.js:122:18592)
    at MessagePortMain.<anonymous> (/var/lib/snapd/snap/code/122/usr/share/code/resources/app/out/vs/workbench/api/node/extensionHostProcess.js:122:14731)
    at MessagePortMain.emit (node:events:526:28)
    at Object.MessagePortMain._internalPort.emit (node:electron/js2c/utility_init:5:364) setContext undefined
2023-03-27 23:17:01.104 [error] Canceled: Canceled
    at new l (/var/lib/snapd/snap/code/122/usr/share/code/resources/app/out/vs/workbench/api/node/extensionHostProcess.js:96:88793)
    at a.O (/var/lib/snapd/snap/code/122/usr/share/code/resources/app/out/vs/workbench/api/node/extensionHostProcess.js:106:11260)
    at Proxy.V.<computed>.Q.charCodeAt.V.<computed> (/var/lib/snapd/snap/code/122/usr/share/code/resources/app/out/vs/workbench/api/node/extensionHostProcess.js:106:8550)
    at c.g (/var/lib/snapd/snap/code/122/usr/share/code/resources/app/out/vs/workbench/api/node/extensionHostProcess.js:96:108198)
    at c.executeCommand (/var/lib/snapd/snap/code/122/usr/share/code/resources/app/out/vs/workbench/api/node/extensionHostProcess.js:96:107574)
    at N.registerCommand.description (/var/lib/snapd/snap/code/122/usr/share/code/resources/app/out/vs/workbench/api/node/extensionHostProcess.js:96:106867)
    at c.h (/var/lib/snapd/snap/code/122/usr/share/code/resources/app/out/vs/workbench/api/node/extensionHostProcess.js:96:108784)
    at c.g (/var/lib/snapd/snap/code/122/usr/share/code/resources/app/out/vs/workbench/api/node/extensionHostProcess.js:96:107674)
    at c.executeCommand (/var/lib/snapd/snap/code/122/usr/share/code/resources/app/out/vs/workbench/api/node/extensionHostProcess.js:96:107574)
    at Object.executeCommand (/var/lib/snapd/snap/code/122/usr/share/code/resources/app/out/vs/workbench/api/node/extensionHostProcess.js:117:30781)
    at c (/home/devilunraveled/.vscode/extensions/eamodio.gitlens-13.4.0/dist/gitlens.js:1:988555)
    at ActionRunners._updateContextKeys (/home/devilunraveled/.vscode/extensions/eamodio.gitlens-13.4.0/dist/gitlens.js:1:7346)
    at r (/home/devilunraveled/.vscode/extensions/eamodio.gitlens-13.4.0/dist/gitlens.js:1:5765)
    at RegisteredActionRunner.unregister (/home/devilunraveled/.vscode/extensions/eamodio.gitlens-13.4.0/dist/gitlens.js:1:5909)
    at RegisteredActionRunner.dispose (/home/devilunraveled/.vscode/extensions/eamodio.gitlens-13.4.0/dist/gitlens.js:1:4574)
    at Object.dispose (/home/devilunraveled/.vscode/extensions/eamodio.gitlens-13.4.0/dist/gitlens.js:1:6006)
    at k (/var/lib/snapd/snap/code/122/usr/share/code/resources/app/out/vs/workbench/api/node/extensionHostProcess.js:10:12074)
    at f.X (/var/lib/snapd/snap/code/122/usr/share/code/resources/app/out/vs/workbench/api/node/extensionHostProcess.js:108:11284)
    at /var/lib/snapd/snap/code/122/usr/share/code/resources/app/out/vs/workbench/api/node/extensionHostProcess.js:108:9088
    at Array.map (<anonymous>)
    at f.Q (/var/lib/snapd/snap/code/122/usr/share/code/resources/app/out/vs/workbench/api/node/extensionHostProcess.js:108:9075)
    at f.terminate (/var/lib/snapd/snap/code/122/usr/share/code/resources/app/out/vs/workbench/api/node/extensionHostProcess.js:108:9347)
    at u.terminate (/var/lib/snapd/snap/code/122/usr/share/code/resources/app/out/vs/workbench/api/node/extensionHostProcess.js:112:1397)
    at p (/var/lib/snapd/snap/code/122/usr/share/code/resources/app/out/vs/workbench/api/node/extensionHostProcess.js:122:18592)
    at MessagePortMain.<anonymous> (/var/lib/snapd/snap/code/122/usr/share/code/resources/app/out/vs/workbench/api/node/extensionHostProcess.js:122:14731)
    at MessagePortMain.emit (node:events:526:28)
    at Object.MessagePortMain._internalPort.emit (node:electron/js2c/utility_init:5:364) setContext undefined
2023-03-27 23:17:01.104 [error] Canceled: Canceled
    at new l (/var/lib/snapd/snap/code/122/usr/share/code/resources/app/out/vs/workbench/api/node/extensionHostProcess.js:96:88793)
    at a.O (/var/lib/snapd/snap/code/122/usr/share/code/resources/app/out/vs/workbench/api/node/extensionHostProcess.js:106:11260)
    at Proxy.V.<computed>.Q.charCodeAt.V.<computed> (/var/lib/snapd/snap/code/122/usr/share/code/resources/app/out/vs/workbench/api/node/extensionHostProcess.js:106:8550)
    at c.g (/var/lib/snapd/snap/code/122/usr/share/code/resources/app/out/vs/workbench/api/node/extensionHostProcess.js:96:108198)
    at c.executeCommand (/var/lib/snapd/snap/code/122/usr/share/code/resources/app/out/vs/workbench/api/node/extensionHostProcess.js:96:107574)
    at N.registerCommand.description (/var/lib/snapd/snap/code/122/usr/share/code/resources/app/out/vs/workbench/api/node/extensionHostProcess.js:96:106867)
    at c.h (/var/lib/snapd/snap/code/122/usr/share/code/resources/app/out/vs/workbench/api/node/extensionHostProcess.js:96:108784)
    at c.g (/var/lib/snapd/snap/code/122/usr/share/code/resources/app/out/vs/workbench/api/node/extensionHostProcess.js:96:107674)
    at c.executeCommand (/var/lib/snapd/snap/code/122/usr/share/code/resources/app/out/vs/workbench/api/node/extensionHostProcess.js:96:107574)
    at Object.executeCommand (/var/lib/snapd/snap/code/122/usr/share/code/resources/app/out/vs/workbench/api/node/extensionHostProcess.js:117:30781)
    at c (/home/devilunraveled/.vscode/extensions/eamodio.gitlens-13.4.0/dist/gitlens.js:1:988555)
    at ActionRunners._updateContextKeys (/home/devilunraveled/.vscode/extensions/eamodio.gitlens-13.4.0/dist/gitlens.js:1:7346)
    at r (/home/devilunraveled/.vscode/extensions/eamodio.gitlens-13.4.0/dist/gitlens.js:1:5765)
    at RegisteredActionRunner.unregister (/home/devilunraveled/.vscode/extensions/eamodio.gitlens-13.4.0/dist/gitlens.js:1:5909)
    at RegisteredActionRunner.dispose (/home/devilunraveled/.vscode/extensions/eamodio.gitlens-13.4.0/dist/gitlens.js:1:4574)
    at Object.dispose (/home/devilunraveled/.vscode/extensions/eamodio.gitlens-13.4.0/dist/gitlens.js:1:6006)
    at k (/var/lib/snapd/snap/code/122/usr/share/code/resources/app/out/vs/workbench/api/node/extensionHostProcess.js:10:12074)
    at f.X (/var/lib/snapd/snap/code/122/usr/share/code/resources/app/out/vs/workbench/api/node/extensionHostProcess.js:108:11284)
    at /var/lib/snapd/snap/code/122/usr/share/code/resources/app/out/vs/workbench/api/node/extensionHostProcess.js:108:9088
    at Array.map (<anonymous>)
    at f.Q (/var/lib/snapd/snap/code/122/usr/share/code/resources/app/out/vs/workbench/api/node/extensionHostProcess.js:108:9075)
    at f.terminate (/var/lib/snapd/snap/code/122/usr/share/code/resources/app/out/vs/workbench/api/node/extensionHostProcess.js:108:9347)
    at u.terminate (/var/lib/snapd/snap/code/122/usr/share/code/resources/app/out/vs/workbench/api/node/extensionHostProcess.js:112:1397)
    at p (/var/lib/snapd/snap/code/122/usr/share/code/resources/app/out/vs/workbench/api/node/extensionHostProcess.js:122:18592)
    at MessagePortMain.<anonymous> (/var/lib/snapd/snap/code/122/usr/share/code/resources/app/out/vs/workbench/api/node/extensionHostProcess.js:122:14731)
    at MessagePortMain.emit (node:events:526:28)
    at Object.MessagePortMain._internalPort.emit (node:electron/js2c/utility_init:5:364) setContext undefined
2023-03-27 23:17:01.114 [info] Extension host with pid 23325 exiting with code 0
