2023-07-29T12:39:28.904Z extension INFO  Activating extension... []

2023-07-29T12:39:28.907Z telemetry INFO  SegmentKey was found [ { type: 'string' } ]

2023-07-29T12:39:28.908Z language server controller INFO  Create MongoDB Language Server [
  {
    serverOptions: { run: [Object], debug: [Object] },
    clientOptions: {
      documentSelector: [Array],
      synchronize: [Object],
      outputChannel: [Object]
    }
  }
]

2023-07-29T12:39:28.912Z playground controller INFO  Active editor path [
  '/home/devilunraveled/DASS/Assignment 1/2021101049/docker-compose.yml'
]

2023-07-29T12:39:28.913Z explorer controller INFO  Activating explorer controller... []

2023-07-29T12:39:28.913Z explorer controller INFO  Explorer controller activated []

2023-07-29T12:39:28.913Z help and info explorer INFO  Activating help explorer... []

2023-07-29T12:39:28.913Z help and info explorer INFO  Help explorer activated []

2023-07-29T12:39:28.914Z playgrounds explorer INFO  Activating playgrounds explorer... []

2023-07-29T12:39:28.914Z playgrounds explorer INFO  Playgrounds explorer activated []

2023-07-29T12:39:28.914Z telemetry INFO  Activating segment analytics... []

2023-07-29T12:39:28.915Z telemetry INFO  Segment analytics activated with properties [ { anonymousId: '74d6cac2-09d5-4d14-b710-759e25c6ca60' } ]

2023-07-29T12:39:29.489Z commands INFO  Registering commands... []

2023-07-29T12:39:29.491Z commands INFO  Commands registered []

2023-07-29T12:39:29.491Z extension INFO  Extension activated []

2023-07-29T12:39:34.707Z connection controller INFO  Disconnect called, currently connected to [ null ]

2023-07-29T12:39:34.709Z connection controller INFO  Disconnect called, currently connected to [ null ]

