2023-07-13 19:14:48.881 [info] Added views:workbench.panel.markers.view in workbench.panel.markers
2023-07-13 19:14:48.881 [info] Added views:workbench.panel.output in workbench.panel.output
2023-07-13 19:14:48.881 [info] Added views:terminal in terminal
2023-07-13 19:14:48.881 [info] Added views:outline in workbench.view.explorer
2023-07-13 19:14:48.881 [info] Added views:workbench.scm in workbench.view.scm
2023-07-13 19:14:48.881 [info] Added views:workbench.view.search in workbench.view.search
2023-07-13 19:14:48.881 [info] Added views:timeline in workbench.view.explorer
2023-07-13 19:14:48.881 [info] Added views:workbench.explorer.fileView in workbench.view.explorer
2023-07-13 19:14:49.188 [info] Added views:workbench.debug.welcome in workbench.view.debug
2023-07-13 19:14:49.350 [info] Added views:bookmarksExplorer,bookmarksHelpAndFeedback in workbench.view.extension.bookmarks
2023-07-13 19:14:49.350 [info] Added views:projectsExplorerFavorites,projectManagerHelpAndFeedback in workbench.view.extension.project-manager
2023-07-13 19:14:49.351 [info] Added views:gitlens.views.home,gitlens.views.workspaces,gitlens.views.account in workbench.view.extension.gitlens
2023-07-13 19:14:49.352 [info] Added views:gitlens.views.commitDetails,gitlens.views.lineHistory,gitlens.views.fileHistory,gitlens.views.searchAndCompare in workbench.view.extension.gitlensInspect
2023-07-13 19:14:49.353 [info] Added views:gitlens.views.commits,gitlens.views.branches,gitlens.views.remotes,gitlens.views.stashes,gitlens.views.tags in workbench.view.scm
2023-07-13 19:14:49.353 [info] Added views:mongoDBConnectionExplorer,mongoDBPlaygroundsExplorer,mongoDBHelpExplorer in workbench.view.extension.mongoDB
2023-07-13 19:14:49.353 [info] Added views:dockerContainers,dockerImages,dockerRegistries,dockerNetworks,dockerVolumes,vscode-docker.views.dockerContexts,vscode-docker.views.help in workbench.view.extension.dockerView
2023-07-13 19:14:49.354 [info] Added views:targetsContainers,devVolumes in workbench.view.remote
2023-07-13 19:14:49.612 [info] Added views:workbench.panel.repl.view in workbench.panel.repl
2023-07-13 19:14:49.885 [info] Added views:workbench.panel.comments in workbench.panel.comments
2023-07-13 19:14:51.623 [info] Added views:projectsExplorerGit in workbench.view.extension.project-manager
2023-07-13 19:14:52.131 [info] Added views:tabnine-home in workbench.view.extension.tabnine-access
2023-07-13 19:14:52.138 [info] Added views:tabnine-notifications in workbench.view.extension.tabnine-access
2023-07-13 19:14:52.140 [info] Added views:tabnine-today in workbench.view.extension.tabnine-access
2023-07-13 19:14:52.631 [info] Added views:gitlens.views.graph,gitlens.views.graphDetails in workbench.view.extension.gitlensPanel
2023-07-13 19:14:52.633 [info] Added views:gitlens.views.timeline in workbench.view.extension.gitlensInspect
2023-07-13 19:14:52.637 [info] Added views:gitlens.views.worktrees in workbench.view.scm
2023-07-13 19:15:18.181 [info] Added views:workbench.panel.markers.view in workbench.panel.markers
2023-07-13 19:15:18.181 [info] Added views:workbench.panel.output in workbench.panel.output
2023-07-13 19:15:18.181 [info] Added views:terminal in terminal
2023-07-13 19:15:18.181 [info] Added views:outline in workbench.view.explorer
2023-07-13 19:15:18.181 [info] Added views:workbench.scm in workbench.view.scm
2023-07-13 19:15:18.181 [info] Added views:workbench.view.search in workbench.view.search
2023-07-13 19:15:18.181 [info] Added views:timeline in workbench.view.explorer
2023-07-13 19:15:18.181 [info] Added views:workbench.explorer.fileView in workbench.view.explorer
2023-07-13 19:15:18.470 [info] Added views:bookmarksExplorer,bookmarksHelpAndFeedback in workbench.view.extension.bookmarks
2023-07-13 19:15:18.470 [info] Added views:projectsExplorerFavorites,projectManagerHelpAndFeedback in workbench.view.extension.project-manager
2023-07-13 19:15:18.471 [info] Added views:gitlens.views.home,gitlens.views.workspaces,gitlens.views.account in workbench.view.extension.gitlens
2023-07-13 19:15:18.471 [info] Added views:gitlens.views.commitDetails,gitlens.views.lineHistory,gitlens.views.fileHistory,gitlens.views.searchAndCompare in workbench.view.extension.gitlensInspect
2023-07-13 19:15:18.472 [info] Added views:gitlens.views.commits,gitlens.views.branches,gitlens.views.remotes,gitlens.views.stashes,gitlens.views.tags in workbench.view.scm
2023-07-13 19:15:18.472 [info] Added views:mongoDBConnectionExplorer,mongoDBPlaygroundsExplorer,mongoDBHelpExplorer in workbench.view.extension.mongoDB
2023-07-13 19:15:18.473 [info] Added views:dockerContainers,dockerImages,dockerRegistries,dockerNetworks,dockerVolumes,vscode-docker.views.dockerContexts,vscode-docker.views.help in workbench.view.extension.dockerView
2023-07-13 19:15:18.473 [info] Added views:targetsContainers,devVolumes in workbench.view.remote
2023-07-13 19:15:18.634 [info] Added views:workbench.debug.variablesView,workbench.debug.watchExpressionsView,workbench.debug.callStackView,workbench.debug.breakPointsView in workbench.view.debug
2023-07-13 19:15:18.658 [info] Added views:workbench.panel.repl.view in workbench.panel.repl
2023-07-13 19:15:18.659 [info] Removed views:workbench.debug.breakPointsView,workbench.debug.callStackView,workbench.debug.watchExpressionsView,workbench.debug.variablesView from workbench.view.debug
2023-07-13 19:15:18.659 [info] Added views:workbench.debug.welcome in workbench.view.debug
2023-07-13 19:15:18.789 [info] Added views:workbench.panel.comments in workbench.panel.comments
2023-07-13 19:15:19.506 [info] Added views:projectsExplorerGit in workbench.view.extension.project-manager
2023-07-13 19:15:19.912 [info] Added views:tabnine-home in workbench.view.extension.tabnine-access
2023-07-13 19:15:19.913 [info] Added views:tabnine-notifications in workbench.view.extension.tabnine-access
2023-07-13 19:15:19.914 [info] Added views:tabnine-today in workbench.view.extension.tabnine-access
2023-07-13 19:15:20.753 [info] Added views:gitlens.views.graph,gitlens.views.graphDetails in workbench.view.extension.gitlensPanel
2023-07-13 19:15:20.753 [info] Added views:gitlens.views.timeline in workbench.view.extension.gitlensInspect
2023-07-13 19:15:20.754 [info] Added views:gitlens.views.worktrees in workbench.view.scm
