2023-03-27 22:11:15.023 [info] Extension host with pid 10190 started
2023-03-27 22:11:15.023 [info] Skipping acquiring lock for /home/devilunraveled/.config/Code/User/workspaceStorage/639debceee6672fc0ff06ec475c026b8.
2023-03-27 22:11:15.073 [info] ExtensionService#_doActivateExtension vscode.emmet, startup: false, activationEvent: 'onLanguage'
2023-03-27 22:11:15.086 [info] ExtensionService#_doActivateExtension vscode.typescript-language-features, startup: false, activationEvent: 'onLanguage:javascript'
2023-03-27 22:11:15.124 [info] ExtensionService#_doActivateExtension dsznajder.es7-react-js-snippets, startup: false, activationEvent: 'onLanguage:javascript'
2023-03-27 22:11:15.500 [info] ExtensionService#_doActivateExtension formulahendry.code-runner, startup: false, activationEvent: 'onLanguage:code-runner-output'
2023-03-27 22:11:15.526 [info] ExtensionService#_doActivateExtension vscode.git-base, startup: true, activationEvent: '*', root cause: vscode.git
2023-03-27 22:11:15.528 [info] ExtensionService#_doActivateExtension formulahendry.auto-close-tag, startup: true, activationEvent: '*'
2023-03-27 22:11:15.529 [info] ExtensionService#_doActivateExtension formulahendry.auto-rename-tag, startup: true, activationEvent: '*'
2023-03-27 22:11:15.561 [info] ExtensionService#_doActivateExtension vscodevim.vim, startup: true, activationEvent: '*'
2023-03-27 22:11:15.643 [info] ExtensionService#_doActivateExtension wayou.vscode-todo-highlight, startup: true, activationEvent: '*'
2023-03-27 22:11:15.833 [info] ExtensionService#_doActivateExtension vscode.git, startup: true, activationEvent: '*'
2023-03-27 22:11:15.892 [info] ExtensionService#_doActivateExtension vscode.github, startup: true, activationEvent: '*'
2023-03-27 22:11:15.910 [info] ExtensionService#_doActivateExtension vscode.github-authentication, startup: false, activationEvent: 'onAuthenticationRequest:github'
2023-03-27 22:11:16.100 [info] Eager extensions activated
2023-03-27 22:11:16.115 [info] ExtensionService#_doActivateExtension vscode.debug-auto-launch, startup: false, activationEvent: 'onStartupFinished'
2023-03-27 22:11:16.117 [info] ExtensionService#_doActivateExtension vscode.merge-conflict, startup: false, activationEvent: 'onStartupFinished'
2023-03-27 22:11:16.141 [info] ExtensionService#_doActivateExtension aaron-bond.better-comments, startup: false, activationEvent: 'onStartupFinished'
2023-03-27 22:11:16.149 [info] ExtensionService#_doActivateExtension alefragnani.Bookmarks, startup: false, activationEvent: 'onStartupFinished'
2023-03-27 22:11:16.163 [info] ExtensionService#_doActivateExtension alefragnani.project-manager, startup: false, activationEvent: 'onStartupFinished'
2023-03-27 22:11:16.182 [info] ExtensionService#_doActivateExtension dbaeumer.vscode-eslint, startup: false, activationEvent: 'onStartupFinished'
2023-03-27 22:11:16.216 [info] ExtensionService#_doActivateExtension eamodio.gitlens, startup: false, activationEvent: 'onStartupFinished'
2023-03-27 22:11:16.316 [info] ExtensionService#_doActivateExtension vscode.npm, startup: false, activationEvent: 'onStartupFinished', root cause: esbenp.prettier-vscode
2023-03-27 22:11:16.338 [info] ExtensionService#_doActivateExtension streetsidesoftware.code-spell-checker, startup: false, activationEvent: 'onStartupFinished'
2023-03-27 22:11:16.401 [info] ExtensionService#_doActivateExtension vscode-icons-team.vscode-icons, startup: false, activationEvent: 'onStartupFinished'
2023-03-27 22:11:16.717 [info] ExtensionService#_doActivateExtension esbenp.prettier-vscode, startup: false, activationEvent: 'onStartupFinished'
2023-03-27 22:11:18.669 [info] ExtensionService#_doActivateExtension vscode.microsoft-authentication, startup: false, activationEvent: 'onAuthenticationRequest:microsoft'
2023-03-27 22:11:29.730 [info] Extension host terminating: renderer closed the MessagePort
2023-03-27 22:11:29.769 [error] Canceled: Canceled
    at new l (/var/lib/snapd/snap/code/122/usr/share/code/resources/app/out/vs/workbench/api/node/extensionHostProcess.js:96:88793)
    at a.O (/var/lib/snapd/snap/code/122/usr/share/code/resources/app/out/vs/workbench/api/node/extensionHostProcess.js:106:11260)
    at Proxy.V.<computed>.Q.charCodeAt.V.<computed> (/var/lib/snapd/snap/code/122/usr/share/code/resources/app/out/vs/workbench/api/node/extensionHostProcess.js:106:8550)
    at c.g (/var/lib/snapd/snap/code/122/usr/share/code/resources/app/out/vs/workbench/api/node/extensionHostProcess.js:96:108198)
    at c.executeCommand (/var/lib/snapd/snap/code/122/usr/share/code/resources/app/out/vs/workbench/api/node/extensionHostProcess.js:96:107574)
    at N.registerCommand.description (/var/lib/snapd/snap/code/122/usr/share/code/resources/app/out/vs/workbench/api/node/extensionHostProcess.js:96:106867)
    at c.h (/var/lib/snapd/snap/code/122/usr/share/code/resources/app/out/vs/workbench/api/node/extensionHostProcess.js:96:108784)
    at c.g (/var/lib/snapd/snap/code/122/usr/share/code/resources/app/out/vs/workbench/api/node/extensionHostProcess.js:96:107674)
    at c.executeCommand (/var/lib/snapd/snap/code/122/usr/share/code/resources/app/out/vs/workbench/api/node/extensionHostProcess.js:96:107574)
    at Object.executeCommand (/var/lib/snapd/snap/code/122/usr/share/code/resources/app/out/vs/workbench/api/node/extensionHostProcess.js:117:30781)
    at c (/home/devilunraveled/.vscode/extensions/eamodio.gitlens-13.3.2/dist/gitlens.js:1:978258)
    at ActionRunners._updateContextKeys (/home/devilunraveled/.vscode/extensions/eamodio.gitlens-13.3.2/dist/gitlens.js:1:7346)
    at r (/home/devilunraveled/.vscode/extensions/eamodio.gitlens-13.3.2/dist/gitlens.js:1:5765)
    at RegisteredActionRunner.unregister (/home/devilunraveled/.vscode/extensions/eamodio.gitlens-13.3.2/dist/gitlens.js:1:5909)
    at RegisteredActionRunner.dispose (/home/devilunraveled/.vscode/extensions/eamodio.gitlens-13.3.2/dist/gitlens.js:1:4574)
    at ActionRunners.dispose (/home/devilunraveled/.vscode/extensions/eamodio.gitlens-13.3.2/dist/gitlens.js:1:5351)
    at k (/var/lib/snapd/snap/code/122/usr/share/code/resources/app/out/vs/workbench/api/node/extensionHostProcess.js:10:12074)
    at f.X (/var/lib/snapd/snap/code/122/usr/share/code/resources/app/out/vs/workbench/api/node/extensionHostProcess.js:108:11284)
    at /var/lib/snapd/snap/code/122/usr/share/code/resources/app/out/vs/workbench/api/node/extensionHostProcess.js:108:9088
    at Array.map (<anonymous>)
    at f.Q (/var/lib/snapd/snap/code/122/usr/share/code/resources/app/out/vs/workbench/api/node/extensionHostProcess.js:108:9075)
    at f.terminate (/var/lib/snapd/snap/code/122/usr/share/code/resources/app/out/vs/workbench/api/node/extensionHostProcess.js:108:9347)
    at u.terminate (/var/lib/snapd/snap/code/122/usr/share/code/resources/app/out/vs/workbench/api/node/extensionHostProcess.js:112:1397)
    at p (/var/lib/snapd/snap/code/122/usr/share/code/resources/app/out/vs/workbench/api/node/extensionHostProcess.js:122:18592)
    at MessagePortMain.<anonymous> (/var/lib/snapd/snap/code/122/usr/share/code/resources/app/out/vs/workbench/api/node/extensionHostProcess.js:122:14731)
    at MessagePortMain.emit (node:events:526:28)
    at Object.MessagePortMain._internalPort.emit (node:electron/js2c/utility_init:5:364) setContext undefined
2023-03-27 22:11:29.770 [error] Canceled: Canceled
    at new l (/var/lib/snapd/snap/code/122/usr/share/code/resources/app/out/vs/workbench/api/node/extensionHostProcess.js:96:88793)
    at a.O (/var/lib/snapd/snap/code/122/usr/share/code/resources/app/out/vs/workbench/api/node/extensionHostProcess.js:106:11260)
    at Proxy.V.<computed>.Q.charCodeAt.V.<computed> (/var/lib/snapd/snap/code/122/usr/share/code/resources/app/out/vs/workbench/api/node/extensionHostProcess.js:106:8550)
    at c.g (/var/lib/snapd/snap/code/122/usr/share/code/resources/app/out/vs/workbench/api/node/extensionHostProcess.js:96:108198)
    at c.executeCommand (/var/lib/snapd/snap/code/122/usr/share/code/resources/app/out/vs/workbench/api/node/extensionHostProcess.js:96:107574)
    at N.registerCommand.description (/var/lib/snapd/snap/code/122/usr/share/code/resources/app/out/vs/workbench/api/node/extensionHostProcess.js:96:106867)
    at c.h (/var/lib/snapd/snap/code/122/usr/share/code/resources/app/out/vs/workbench/api/node/extensionHostProcess.js:96:108784)
    at c.g (/var/lib/snapd/snap/code/122/usr/share/code/resources/app/out/vs/workbench/api/node/extensionHostProcess.js:96:107674)
    at c.executeCommand (/var/lib/snapd/snap/code/122/usr/share/code/resources/app/out/vs/workbench/api/node/extensionHostProcess.js:96:107574)
    at Object.executeCommand (/var/lib/snapd/snap/code/122/usr/share/code/resources/app/out/vs/workbench/api/node/extensionHostProcess.js:117:30781)
    at c (/home/devilunraveled/.vscode/extensions/eamodio.gitlens-13.3.2/dist/gitlens.js:1:978258)
    at ActionRunners._updateContextKeys (/home/devilunraveled/.vscode/extensions/eamodio.gitlens-13.3.2/dist/gitlens.js:1:7346)
    at r (/home/devilunraveled/.vscode/extensions/eamodio.gitlens-13.3.2/dist/gitlens.js:1:5765)
    at RegisteredActionRunner.unregister (/home/devilunraveled/.vscode/extensions/eamodio.gitlens-13.3.2/dist/gitlens.js:1:5909)
    at RegisteredActionRunner.dispose (/home/devilunraveled/.vscode/extensions/eamodio.gitlens-13.3.2/dist/gitlens.js:1:4574)
    at ActionRunners.dispose (/home/devilunraveled/.vscode/extensions/eamodio.gitlens-13.3.2/dist/gitlens.js:1:5351)
    at k (/var/lib/snapd/snap/code/122/usr/share/code/resources/app/out/vs/workbench/api/node/extensionHostProcess.js:10:12074)
    at f.X (/var/lib/snapd/snap/code/122/usr/share/code/resources/app/out/vs/workbench/api/node/extensionHostProcess.js:108:11284)
    at /var/lib/snapd/snap/code/122/usr/share/code/resources/app/out/vs/workbench/api/node/extensionHostProcess.js:108:9088
    at Array.map (<anonymous>)
    at f.Q (/var/lib/snapd/snap/code/122/usr/share/code/resources/app/out/vs/workbench/api/node/extensionHostProcess.js:108:9075)
    at f.terminate (/var/lib/snapd/snap/code/122/usr/share/code/resources/app/out/vs/workbench/api/node/extensionHostProcess.js:108:9347)
    at u.terminate (/var/lib/snapd/snap/code/122/usr/share/code/resources/app/out/vs/workbench/api/node/extensionHostProcess.js:112:1397)
    at p (/var/lib/snapd/snap/code/122/usr/share/code/resources/app/out/vs/workbench/api/node/extensionHostProcess.js:122:18592)
    at MessagePortMain.<anonymous> (/var/lib/snapd/snap/code/122/usr/share/code/resources/app/out/vs/workbench/api/node/extensionHostProcess.js:122:14731)
    at MessagePortMain.emit (node:events:526:28)
    at Object.MessagePortMain._internalPort.emit (node:electron/js2c/utility_init:5:364) setContext undefined
2023-03-27 22:11:29.770 [error] Canceled: Canceled
    at new l (/var/lib/snapd/snap/code/122/usr/share/code/resources/app/out/vs/workbench/api/node/extensionHostProcess.js:96:88793)
    at a.O (/var/lib/snapd/snap/code/122/usr/share/code/resources/app/out/vs/workbench/api/node/extensionHostProcess.js:106:11260)
    at Proxy.V.<computed>.Q.charCodeAt.V.<computed> (/var/lib/snapd/snap/code/122/usr/share/code/resources/app/out/vs/workbench/api/node/extensionHostProcess.js:106:8550)
    at c.g (/var/lib/snapd/snap/code/122/usr/share/code/resources/app/out/vs/workbench/api/node/extensionHostProcess.js:96:108198)
    at c.executeCommand (/var/lib/snapd/snap/code/122/usr/share/code/resources/app/out/vs/workbench/api/node/extensionHostProcess.js:96:107574)
    at N.registerCommand.description (/var/lib/snapd/snap/code/122/usr/share/code/resources/app/out/vs/workbench/api/node/extensionHostProcess.js:96:106867)
    at c.h (/var/lib/snapd/snap/code/122/usr/share/code/resources/app/out/vs/workbench/api/node/extensionHostProcess.js:96:108784)
    at c.g (/var/lib/snapd/snap/code/122/usr/share/code/resources/app/out/vs/workbench/api/node/extensionHostProcess.js:96:107674)
    at c.executeCommand (/var/lib/snapd/snap/code/122/usr/share/code/resources/app/out/vs/workbench/api/node/extensionHostProcess.js:96:107574)
    at Object.executeCommand (/var/lib/snapd/snap/code/122/usr/share/code/resources/app/out/vs/workbench/api/node/extensionHostProcess.js:117:30781)
    at c (/home/devilunraveled/.vscode/extensions/eamodio.gitlens-13.3.2/dist/gitlens.js:1:978258)
    at ActionRunners._updateContextKeys (/home/devilunraveled/.vscode/extensions/eamodio.gitlens-13.3.2/dist/gitlens.js:1:7346)
    at r (/home/devilunraveled/.vscode/extensions/eamodio.gitlens-13.3.2/dist/gitlens.js:1:5765)
    at RegisteredActionRunner.unregister (/home/devilunraveled/.vscode/extensions/eamodio.gitlens-13.3.2/dist/gitlens.js:1:5909)
    at RegisteredActionRunner.dispose (/home/devilunraveled/.vscode/extensions/eamodio.gitlens-13.3.2/dist/gitlens.js:1:4574)
    at ActionRunners.dispose (/home/devilunraveled/.vscode/extensions/eamodio.gitlens-13.3.2/dist/gitlens.js:1:5351)
    at k (/var/lib/snapd/snap/code/122/usr/share/code/resources/app/out/vs/workbench/api/node/extensionHostProcess.js:10:12074)
    at f.X (/var/lib/snapd/snap/code/122/usr/share/code/resources/app/out/vs/workbench/api/node/extensionHostProcess.js:108:11284)
    at /var/lib/snapd/snap/code/122/usr/share/code/resources/app/out/vs/workbench/api/node/extensionHostProcess.js:108:9088
    at Array.map (<anonymous>)
    at f.Q (/var/lib/snapd/snap/code/122/usr/share/code/resources/app/out/vs/workbench/api/node/extensionHostProcess.js:108:9075)
    at f.terminate (/var/lib/snapd/snap/code/122/usr/share/code/resources/app/out/vs/workbench/api/node/extensionHostProcess.js:108:9347)
    at u.terminate (/var/lib/snapd/snap/code/122/usr/share/code/resources/app/out/vs/workbench/api/node/extensionHostProcess.js:112:1397)
    at p (/var/lib/snapd/snap/code/122/usr/share/code/resources/app/out/vs/workbench/api/node/extensionHostProcess.js:122:18592)
    at MessagePortMain.<anonymous> (/var/lib/snapd/snap/code/122/usr/share/code/resources/app/out/vs/workbench/api/node/extensionHostProcess.js:122:14731)
    at MessagePortMain.emit (node:events:526:28)
    at Object.MessagePortMain._internalPort.emit (node:electron/js2c/utility_init:5:364) setContext undefined
2023-03-27 22:11:29.771 [error] Canceled: Canceled
    at new l (/var/lib/snapd/snap/code/122/usr/share/code/resources/app/out/vs/workbench/api/node/extensionHostProcess.js:96:88793)
    at a.O (/var/lib/snapd/snap/code/122/usr/share/code/resources/app/out/vs/workbench/api/node/extensionHostProcess.js:106:11260)
    at Proxy.V.<computed>.Q.charCodeAt.V.<computed> (/var/lib/snapd/snap/code/122/usr/share/code/resources/app/out/vs/workbench/api/node/extensionHostProcess.js:106:8550)
    at c.g (/var/lib/snapd/snap/code/122/usr/share/code/resources/app/out/vs/workbench/api/node/extensionHostProcess.js:96:108198)
    at c.executeCommand (/var/lib/snapd/snap/code/122/usr/share/code/resources/app/out/vs/workbench/api/node/extensionHostProcess.js:96:107574)
    at N.registerCommand.description (/var/lib/snapd/snap/code/122/usr/share/code/resources/app/out/vs/workbench/api/node/extensionHostProcess.js:96:106867)
    at c.h (/var/lib/snapd/snap/code/122/usr/share/code/resources/app/out/vs/workbench/api/node/extensionHostProcess.js:96:108784)
    at c.g (/var/lib/snapd/snap/code/122/usr/share/code/resources/app/out/vs/workbench/api/node/extensionHostProcess.js:96:107674)
    at c.executeCommand (/var/lib/snapd/snap/code/122/usr/share/code/resources/app/out/vs/workbench/api/node/extensionHostProcess.js:96:107574)
    at Object.executeCommand (/var/lib/snapd/snap/code/122/usr/share/code/resources/app/out/vs/workbench/api/node/extensionHostProcess.js:117:30781)
    at c (/home/devilunraveled/.vscode/extensions/eamodio.gitlens-13.3.2/dist/gitlens.js:1:978258)
    at ActionRunners._updateContextKeys (/home/devilunraveled/.vscode/extensions/eamodio.gitlens-13.3.2/dist/gitlens.js:1:7346)
    at r (/home/devilunraveled/.vscode/extensions/eamodio.gitlens-13.3.2/dist/gitlens.js:1:5765)
    at RegisteredActionRunner.unregister (/home/devilunraveled/.vscode/extensions/eamodio.gitlens-13.3.2/dist/gitlens.js:1:5909)
    at RegisteredActionRunner.dispose (/home/devilunraveled/.vscode/extensions/eamodio.gitlens-13.3.2/dist/gitlens.js:1:4574)
    at Object.dispose (/home/devilunraveled/.vscode/extensions/eamodio.gitlens-13.3.2/dist/gitlens.js:1:6006)
    at k (/var/lib/snapd/snap/code/122/usr/share/code/resources/app/out/vs/workbench/api/node/extensionHostProcess.js:10:12074)
    at f.X (/var/lib/snapd/snap/code/122/usr/share/code/resources/app/out/vs/workbench/api/node/extensionHostProcess.js:108:11284)
    at /var/lib/snapd/snap/code/122/usr/share/code/resources/app/out/vs/workbench/api/node/extensionHostProcess.js:108:9088
    at Array.map (<anonymous>)
    at f.Q (/var/lib/snapd/snap/code/122/usr/share/code/resources/app/out/vs/workbench/api/node/extensionHostProcess.js:108:9075)
    at f.terminate (/var/lib/snapd/snap/code/122/usr/share/code/resources/app/out/vs/workbench/api/node/extensionHostProcess.js:108:9347)
    at u.terminate (/var/lib/snapd/snap/code/122/usr/share/code/resources/app/out/vs/workbench/api/node/extensionHostProcess.js:112:1397)
    at p (/var/lib/snapd/snap/code/122/usr/share/code/resources/app/out/vs/workbench/api/node/extensionHostProcess.js:122:18592)
    at MessagePortMain.<anonymous> (/var/lib/snapd/snap/code/122/usr/share/code/resources/app/out/vs/workbench/api/node/extensionHostProcess.js:122:14731)
    at MessagePortMain.emit (node:events:526:28)
    at Object.MessagePortMain._internalPort.emit (node:electron/js2c/utility_init:5:364) setContext undefined
2023-03-27 22:11:29.771 [error] Canceled: Canceled
    at new l (/var/lib/snapd/snap/code/122/usr/share/code/resources/app/out/vs/workbench/api/node/extensionHostProcess.js:96:88793)
    at a.O (/var/lib/snapd/snap/code/122/usr/share/code/resources/app/out/vs/workbench/api/node/extensionHostProcess.js:106:11260)
    at Proxy.V.<computed>.Q.charCodeAt.V.<computed> (/var/lib/snapd/snap/code/122/usr/share/code/resources/app/out/vs/workbench/api/node/extensionHostProcess.js:106:8550)
    at c.g (/var/lib/snapd/snap/code/122/usr/share/code/resources/app/out/vs/workbench/api/node/extensionHostProcess.js:96:108198)
    at c.executeCommand (/var/lib/snapd/snap/code/122/usr/share/code/resources/app/out/vs/workbench/api/node/extensionHostProcess.js:96:107574)
    at N.registerCommand.description (/var/lib/snapd/snap/code/122/usr/share/code/resources/app/out/vs/workbench/api/node/extensionHostProcess.js:96:106867)
    at c.h (/var/lib/snapd/snap/code/122/usr/share/code/resources/app/out/vs/workbench/api/node/extensionHostProcess.js:96:108784)
    at c.g (/var/lib/snapd/snap/code/122/usr/share/code/resources/app/out/vs/workbench/api/node/extensionHostProcess.js:96:107674)
    at c.executeCommand (/var/lib/snapd/snap/code/122/usr/share/code/resources/app/out/vs/workbench/api/node/extensionHostProcess.js:96:107574)
    at Object.executeCommand (/var/lib/snapd/snap/code/122/usr/share/code/resources/app/out/vs/workbench/api/node/extensionHostProcess.js:117:30781)
    at c (/home/devilunraveled/.vscode/extensions/eamodio.gitlens-13.3.2/dist/gitlens.js:1:978258)
    at ActionRunners._updateContextKeys (/home/devilunraveled/.vscode/extensions/eamodio.gitlens-13.3.2/dist/gitlens.js:1:7346)
    at r (/home/devilunraveled/.vscode/extensions/eamodio.gitlens-13.3.2/dist/gitlens.js:1:5765)
    at RegisteredActionRunner.unregister (/home/devilunraveled/.vscode/extensions/eamodio.gitlens-13.3.2/dist/gitlens.js:1:5909)
    at RegisteredActionRunner.dispose (/home/devilunraveled/.vscode/extensions/eamodio.gitlens-13.3.2/dist/gitlens.js:1:4574)
    at Object.dispose (/home/devilunraveled/.vscode/extensions/eamodio.gitlens-13.3.2/dist/gitlens.js:1:6006)
    at k (/var/lib/snapd/snap/code/122/usr/share/code/resources/app/out/vs/workbench/api/node/extensionHostProcess.js:10:12074)
    at f.X (/var/lib/snapd/snap/code/122/usr/share/code/resources/app/out/vs/workbench/api/node/extensionHostProcess.js:108:11284)
    at /var/lib/snapd/snap/code/122/usr/share/code/resources/app/out/vs/workbench/api/node/extensionHostProcess.js:108:9088
    at Array.map (<anonymous>)
    at f.Q (/var/lib/snapd/snap/code/122/usr/share/code/resources/app/out/vs/workbench/api/node/extensionHostProcess.js:108:9075)
    at f.terminate (/var/lib/snapd/snap/code/122/usr/share/code/resources/app/out/vs/workbench/api/node/extensionHostProcess.js:108:9347)
    at u.terminate (/var/lib/snapd/snap/code/122/usr/share/code/resources/app/out/vs/workbench/api/node/extensionHostProcess.js:112:1397)
    at p (/var/lib/snapd/snap/code/122/usr/share/code/resources/app/out/vs/workbench/api/node/extensionHostProcess.js:122:18592)
    at MessagePortMain.<anonymous> (/var/lib/snapd/snap/code/122/usr/share/code/resources/app/out/vs/workbench/api/node/extensionHostProcess.js:122:14731)
    at MessagePortMain.emit (node:events:526:28)
    at Object.MessagePortMain._internalPort.emit (node:electron/js2c/utility_init:5:364) setContext undefined
2023-03-27 22:11:29.772 [error] Canceled: Canceled
    at new l (/var/lib/snapd/snap/code/122/usr/share/code/resources/app/out/vs/workbench/api/node/extensionHostProcess.js:96:88793)
    at a.O (/var/lib/snapd/snap/code/122/usr/share/code/resources/app/out/vs/workbench/api/node/extensionHostProcess.js:106:11260)
    at Proxy.V.<computed>.Q.charCodeAt.V.<computed> (/var/lib/snapd/snap/code/122/usr/share/code/resources/app/out/vs/workbench/api/node/extensionHostProcess.js:106:8550)
    at c.g (/var/lib/snapd/snap/code/122/usr/share/code/resources/app/out/vs/workbench/api/node/extensionHostProcess.js:96:108198)
    at c.executeCommand (/var/lib/snapd/snap/code/122/usr/share/code/resources/app/out/vs/workbench/api/node/extensionHostProcess.js:96:107574)
    at N.registerCommand.description (/var/lib/snapd/snap/code/122/usr/share/code/resources/app/out/vs/workbench/api/node/extensionHostProcess.js:96:106867)
    at c.h (/var/lib/snapd/snap/code/122/usr/share/code/resources/app/out/vs/workbench/api/node/extensionHostProcess.js:96:108784)
    at c.g (/var/lib/snapd/snap/code/122/usr/share/code/resources/app/out/vs/workbench/api/node/extensionHostProcess.js:96:107674)
    at c.executeCommand (/var/lib/snapd/snap/code/122/usr/share/code/resources/app/out/vs/workbench/api/node/extensionHostProcess.js:96:107574)
    at Object.executeCommand (/var/lib/snapd/snap/code/122/usr/share/code/resources/app/out/vs/workbench/api/node/extensionHostProcess.js:117:30781)
    at c (/home/devilunraveled/.vscode/extensions/eamodio.gitlens-13.3.2/dist/gitlens.js:1:978258)
    at ActionRunners._updateContextKeys (/home/devilunraveled/.vscode/extensions/eamodio.gitlens-13.3.2/dist/gitlens.js:1:7346)
    at r (/home/devilunraveled/.vscode/extensions/eamodio.gitlens-13.3.2/dist/gitlens.js:1:5765)
    at RegisteredActionRunner.unregister (/home/devilunraveled/.vscode/extensions/eamodio.gitlens-13.3.2/dist/gitlens.js:1:5909)
    at RegisteredActionRunner.dispose (/home/devilunraveled/.vscode/extensions/eamodio.gitlens-13.3.2/dist/gitlens.js:1:4574)
    at Object.dispose (/home/devilunraveled/.vscode/extensions/eamodio.gitlens-13.3.2/dist/gitlens.js:1:6006)
    at k (/var/lib/snapd/snap/code/122/usr/share/code/resources/app/out/vs/workbench/api/node/extensionHostProcess.js:10:12074)
    at f.X (/var/lib/snapd/snap/code/122/usr/share/code/resources/app/out/vs/workbench/api/node/extensionHostProcess.js:108:11284)
    at /var/lib/snapd/snap/code/122/usr/share/code/resources/app/out/vs/workbench/api/node/extensionHostProcess.js:108:9088
    at Array.map (<anonymous>)
    at f.Q (/var/lib/snapd/snap/code/122/usr/share/code/resources/app/out/vs/workbench/api/node/extensionHostProcess.js:108:9075)
    at f.terminate (/var/lib/snapd/snap/code/122/usr/share/code/resources/app/out/vs/workbench/api/node/extensionHostProcess.js:108:9347)
    at u.terminate (/var/lib/snapd/snap/code/122/usr/share/code/resources/app/out/vs/workbench/api/node/extensionHostProcess.js:112:1397)
    at p (/var/lib/snapd/snap/code/122/usr/share/code/resources/app/out/vs/workbench/api/node/extensionHostProcess.js:122:18592)
    at MessagePortMain.<anonymous> (/var/lib/snapd/snap/code/122/usr/share/code/resources/app/out/vs/workbench/api/node/extensionHostProcess.js:122:14731)
    at MessagePortMain.emit (node:events:526:28)
    at Object.MessagePortMain._internalPort.emit (node:electron/js2c/utility_init:5:364) setContext undefined
2023-03-27 22:11:29.781 [info] Extension host with pid 10190 exiting with code 0
