2023-07-28 20:51:30.314 [info] Added views:workbench.panel.markers.view in workbench.panel.markers
2023-07-28 20:51:30.314 [info] Added views:workbench.panel.output in workbench.panel.output
2023-07-28 20:51:30.314 [info] Added views:terminal in terminal
2023-07-28 20:51:30.314 [info] Added views:outline in workbench.view.explorer
2023-07-28 20:51:30.314 [info] Added views:workbench.scm in workbench.view.scm
2023-07-28 20:51:30.314 [info] Added views:workbench.view.search in workbench.view.search
2023-07-28 20:51:30.314 [info] Added views:timeline in workbench.view.explorer
2023-07-28 20:51:30.314 [info] Added views:workbench.explorer.emptyView in workbench.view.explorer
2023-07-28 20:51:30.493 [info] Added views:bookmarksExplorer,bookmarksHelpAndFeedback in workbench.view.extension.bookmarks
2023-07-28 20:51:30.494 [info] Added views:projectsExplorerFavorites,projectManagerHelpAndFeedback in workbench.view.extension.project-manager
2023-07-28 20:51:30.494 [info] Added views:gitlens.views.home,gitlens.views.workspaces,gitlens.views.account in workbench.view.extension.gitlens
2023-07-28 20:51:30.495 [info] Added views:gitlens.views.commitDetails,gitlens.views.lineHistory,gitlens.views.fileHistory,gitlens.views.searchAndCompare in workbench.view.extension.gitlensInspect
2023-07-28 20:51:30.495 [info] Added views:gitlens.views.commits,gitlens.views.branches,gitlens.views.remotes,gitlens.views.stashes,gitlens.views.tags in workbench.view.scm
2023-07-28 20:51:30.495 [info] Added views:mongoDBConnectionExplorer,mongoDBPlaygroundsExplorer,mongoDBHelpExplorer in workbench.view.extension.mongoDB
2023-07-28 20:51:30.496 [info] Added views:dockerContainers,dockerImages,dockerRegistries,dockerNetworks,dockerVolumes,vscode-docker.views.dockerContexts,vscode-docker.views.help in workbench.view.extension.dockerView
2023-07-28 20:51:30.498 [info] Added views:targetsContainers,devVolumes in workbench.view.remote
2023-07-28 20:51:30.652 [info] Added views:workbench.debug.variablesView,workbench.debug.watchExpressionsView,workbench.debug.callStackView,workbench.debug.breakPointsView in workbench.view.debug
2023-07-28 20:51:30.664 [info] Added views:workbench.panel.repl.view in workbench.panel.repl
2023-07-28 20:51:30.665 [info] Removed views:workbench.debug.breakPointsView,workbench.debug.callStackView,workbench.debug.watchExpressionsView,workbench.debug.variablesView from workbench.view.debug
2023-07-28 20:51:30.666 [info] Added views:workbench.debug.welcome in workbench.view.debug
2023-07-28 20:51:30.779 [info] Added views:workbench.panel.comments in workbench.panel.comments
2023-07-28 20:51:31.430 [info] Added views:projectsExplorerGit in workbench.view.extension.project-manager
2023-07-28 20:51:31.466 [info] Removed views:gitlens.views.searchAndCompare,gitlens.views.fileHistory,gitlens.views.lineHistory,gitlens.views.commitDetails from workbench.view.extension.gitlensInspect
2023-07-28 20:51:31.467 [info] Removed views:gitlens.views.tags,gitlens.views.stashes,gitlens.views.remotes,gitlens.views.branches,gitlens.views.commits from workbench.view.scm
2023-07-28 20:51:31.666 [info] Added views:tabnine-home in workbench.view.extension.tabnine-access
2023-07-28 20:51:31.667 [info] Added views:tabnine-notifications in workbench.view.extension.tabnine-access
2023-07-28 20:51:31.668 [info] Added views:tabnine-today in workbench.view.extension.tabnine-access
2023-07-28 20:52:14.446 [info] Added views:workbench.views.extensions.installed,workbench.views.extensions.popular,extensions.recommendedList in workbench.view.extensions
2023-07-28 20:52:14.449 [info] Removed views:workbench.views.extensions.popular from workbench.view.extensions
2023-07-28 20:52:48.823 [info] Added views:workbench.panel.markers.view in workbench.panel.markers
2023-07-28 20:52:48.823 [info] Added views:workbench.panel.output in workbench.panel.output
2023-07-28 20:52:48.823 [info] Added views:terminal in terminal
2023-07-28 20:52:48.823 [info] Added views:outline in workbench.view.explorer
2023-07-28 20:52:48.823 [info] Added views:workbench.scm in workbench.view.scm
2023-07-28 20:52:48.823 [info] Added views:workbench.view.search in workbench.view.search
2023-07-28 20:52:48.823 [info] Added views:timeline in workbench.view.explorer
2023-07-28 20:52:48.823 [info] Added views:workbench.explorer.fileView in workbench.view.explorer
2023-07-28 20:52:49.009 [info] Added views:bookmarksExplorer,bookmarksHelpAndFeedback in workbench.view.extension.bookmarks
2023-07-28 20:52:49.009 [info] Added views:projectsExplorerFavorites,projectManagerHelpAndFeedback in workbench.view.extension.project-manager
2023-07-28 20:52:49.010 [info] Added views:gitlens.views.home,gitlens.views.workspaces,gitlens.views.account in workbench.view.extension.gitlens
2023-07-28 20:52:49.010 [info] Added views:gitlens.views.commitDetails,gitlens.views.lineHistory,gitlens.views.fileHistory,gitlens.views.searchAndCompare in workbench.view.extension.gitlensInspect
2023-07-28 20:52:49.011 [info] Added views:gitlens.views.commits,gitlens.views.branches,gitlens.views.remotes,gitlens.views.stashes,gitlens.views.tags in workbench.view.scm
2023-07-28 20:52:49.011 [info] Added views:mongoDBConnectionExplorer,mongoDBPlaygroundsExplorer,mongoDBHelpExplorer in workbench.view.extension.mongoDB
2023-07-28 20:52:49.011 [info] Added views:dockerContainers,dockerImages,dockerRegistries,dockerNetworks,dockerVolumes,vscode-docker.views.dockerContexts,vscode-docker.views.help in workbench.view.extension.dockerView
2023-07-28 20:52:49.011 [info] Added views:targetsContainers,devVolumes in workbench.view.remote
2023-07-28 20:52:49.221 [info] Added views:workbench.debug.welcome in workbench.view.debug
2023-07-28 20:52:49.247 [info] Added views:workbench.panel.repl.view in workbench.panel.repl
2023-07-28 20:52:49.360 [info] Added views:workbench.panel.comments in workbench.panel.comments
2023-07-28 20:52:49.978 [info] Added views:projectsExplorerGit in workbench.view.extension.project-manager
2023-07-28 20:52:50.018 [info] Removed views:gitlens.views.searchAndCompare,gitlens.views.fileHistory,gitlens.views.lineHistory,gitlens.views.commitDetails from workbench.view.extension.gitlensInspect
2023-07-28 20:52:50.019 [info] Removed views:gitlens.views.tags,gitlens.views.stashes,gitlens.views.remotes,gitlens.views.branches,gitlens.views.commits from workbench.view.scm
2023-07-28 20:52:50.353 [info] Added views:tabnine-home in workbench.view.extension.tabnine-access
2023-07-28 20:52:50.354 [info] Added views:tabnine-notifications in workbench.view.extension.tabnine-access
2023-07-28 20:52:50.355 [info] Added views:tabnine-today in workbench.view.extension.tabnine-access
