2023-07-13 19:14:52.118 [info] Reading sessions from keychain...
2023-07-13 19:14:52.118 [info] Getting sessions for all scopes...
2023-07-13 19:14:52.118 [info] Getting sessions for user:email...
2023-07-13 19:14:52.189 [info] Getting sessions for read:user,repo,user:email...
2023-07-13 19:14:52.543 [info] Getting sessions for all scopes...
2023-07-13 19:14:58.405 [info] Got 0 sessions for ...
2023-07-13 19:14:58.405 [info] Got 0 sessions for user:email...
2023-07-13 19:14:58.405 [info] Got 0 sessions for read:user,repo,user:email...
2023-07-13 19:14:58.405 [info] Got 0 sessions for ...
2023-07-13 19:14:58.524 [info] Getting sessions for all scopes...
2023-07-13 19:14:58.524 [info] Got 0 sessions for ...
2023-07-13 19:15:19.559 [info] Reading sessions from keychain...
2023-07-13 19:15:19.559 [info] Getting sessions for all scopes...
2023-07-13 19:15:19.559 [info] Getting sessions for user:email...
2023-07-13 19:15:19.559 [info] Got 0 sessions for ...
2023-07-13 19:15:19.559 [info] Got 0 sessions for user:email...
2023-07-13 19:15:19.559 [info] Getting sessions for all scopes...
2023-07-13 19:15:19.559 [info] Got 0 sessions for ...
2023-07-13 19:15:19.737 [info] Getting sessions for read:user,repo,user:email...
2023-07-13 19:15:19.737 [info] Got 0 sessions for read:user,repo,user:email...
2023-07-13 19:15:19.921 [info] Getting sessions for all scopes...
2023-07-13 19:15:19.921 [info] Got 0 sessions for ...
