2023-02-24 20:29:43.754 [info] Extension host with pid 1737 started
2023-02-24 20:29:43.754 [info] Skipping acquiring lock for /home/devilunraveled/.config/Code/User/workspaceStorage/d1bd6fcb2ce5cef3f00525bd17b1620d.
2023-02-24 20:29:43.837 [info] ExtensionService#_doActivateExtension vscode.emmet, startup: false, activationEvent: 'onLanguage'
2023-02-24 20:29:43.841 [info] ExtensionService#_doActivateExtension vscode.typescript-language-features, startup: false, activationEvent: 'onLanguage:javascript'
2023-02-24 20:29:43.858 [info] ExtensionService#_doActivateExtension dsznajder.es7-react-js-snippets, startup: false, activationEvent: 'onLanguage:javascript'
2023-02-24 20:29:44.031 [info] ExtensionService#_doActivateExtension ms-vscode.js-debug, startup: false, activationEvent: 'onLanguage:ReactNativeToolsOutput', root cause: msjsdiag.vscode-react-native
2023-02-24 20:29:44.087 [info] ExtensionService#_doActivateExtension vscode.git-base, startup: true, activationEvent: '*', root cause: vscode.git
2023-02-24 20:29:44.089 [info] ExtensionService#_doActivateExtension donjayamanne.githistory, startup: true, activationEvent: '*'
2023-02-24 20:29:44.099 [info] ExtensionService#_doActivateExtension formulahendry.auto-close-tag, startup: true, activationEvent: '*'
2023-02-24 20:29:44.101 [info] ExtensionService#_doActivateExtension formulahendry.auto-rename-tag, startup: true, activationEvent: '*'
2023-02-24 20:29:44.107 [info] ExtensionService#_doActivateExtension vscodevim.vim, startup: true, activationEvent: '*'
2023-02-24 20:29:44.142 [info] ExtensionService#_doActivateExtension wayou.vscode-todo-highlight, startup: true, activationEvent: '*'
2023-02-24 20:29:44.558 [info] ExtensionService#_doActivateExtension msjsdiag.vscode-react-native, startup: false, activationEvent: 'onLanguage:ReactNativeToolsOutput'
2023-02-24 20:29:44.582 [info] ExtensionService#_doActivateExtension vscode.git, startup: true, activationEvent: '*'
2023-02-24 20:29:44.611 [info] ExtensionService#_doActivateExtension vscode.github, startup: true, activationEvent: '*'
2023-02-24 20:29:44.720 [info] Eager extensions activated
2023-02-24 20:29:44.770 [info] ExtensionService#_doActivateExtension vscode.debug-auto-launch, startup: false, activationEvent: 'onStartupFinished'
2023-02-24 20:29:44.772 [info] ExtensionService#_doActivateExtension vscode.merge-conflict, startup: false, activationEvent: 'onStartupFinished'
2023-02-24 20:29:44.786 [info] ExtensionService#_doActivateExtension aaron-bond.better-comments, startup: false, activationEvent: 'onStartupFinished'
2023-02-24 20:29:44.799 [info] ExtensionService#_doActivateExtension alefragnani.Bookmarks, startup: false, activationEvent: 'onStartupFinished'
2023-02-24 20:29:44.803 [info] ExtensionService#_doActivateExtension alefragnani.project-manager, startup: false, activationEvent: 'onStartupFinished'
2023-02-24 20:29:44.810 [info] ExtensionService#_doActivateExtension dbaeumer.vscode-eslint, startup: false, activationEvent: 'onStartupFinished'
2023-02-24 20:29:44.824 [info] ExtensionService#_doActivateExtension eamodio.gitlens, startup: false, activationEvent: 'onStartupFinished'
2023-02-24 20:29:44.857 [info] ExtensionService#_doActivateExtension vscode.npm, startup: false, activationEvent: 'onStartupFinished', root cause: esbenp.prettier-vscode
2023-02-24 20:29:44.862 [info] ExtensionService#_doActivateExtension formulahendry.code-runner, startup: false, activationEvent: 'onStartupFinished'
2023-02-24 20:29:44.888 [info] ExtensionService#_doActivateExtension streetsidesoftware.code-spell-checker, startup: false, activationEvent: 'onStartupFinished'
2023-02-24 20:29:44.907 [info] ExtensionService#_doActivateExtension vscode-icons-team.vscode-icons, startup: false, activationEvent: 'onStartupFinished'
2023-02-24 20:29:45.268 [info] ExtensionService#_doActivateExtension esbenp.prettier-vscode, startup: false, activationEvent: 'onStartupFinished'
2023-02-24 20:29:45.490 [info] ExtensionService#_doActivateExtension vscode.github-authentication, startup: false, activationEvent: 'onAuthenticationRequest:github'
2023-02-24 20:30:53.664 [info] ExtensionService#_doActivateExtension vscode.configuration-editing, startup: false, activationEvent: 'onLanguage:jsonc'
2023-02-24 20:30:53.671 [info] ExtensionService#_doActivateExtension vscode.json-language-features, startup: false, activationEvent: 'onLanguage:jsonc'
2023-02-24 20:31:02.039 [error] TypeError: s.tmpDir is not a function
    at e._sendFirstFileOnDisk (/home/devilunraveled/.vscode/extensions/msjsdiag.vscode-react-native-1.10.0/dist/rn-extension.js:1:25358)
    at Timeout._onTimeout (/home/devilunraveled/.vscode/extensions/msjsdiag.vscode-react-native-1.10.0/dist/rn-extension.js:1:24162)
    at listOnTimeout (node:internal/timers:559:17)
    at processTimers (node:internal/timers:502:7)
2023-02-24 20:31:17.613 [warning] TextEditor is closed/disposed
2023-02-24 20:31:35.954 [warning] TextEditor is closed/disposed
2023-02-24 20:31:35.954 [warning] TextEditor is closed/disposed
2023-02-24 20:32:15.595 [warning] TextEditor is closed/disposed
2023-02-24 20:32:15.595 [warning] TextEditor is closed/disposed
2023-02-24 20:33:47.177 [warning] TextEditor is closed/disposed
2023-02-24 20:33:47.177 [warning] TextEditor is closed/disposed
2023-02-24 20:33:53.426 [warning] TextEditor is closed/disposed
2023-02-24 20:33:53.426 [warning] TextEditor is closed/disposed
2023-02-24 20:34:26.842 [warning] TextEditor is closed/disposed
2023-02-24 20:34:26.842 [warning] TextEditor is closed/disposed
2023-02-24 20:34:52.462 [warning] TextEditor is closed/disposed
2023-02-24 20:34:52.462 [warning] TextEditor is closed/disposed
2023-02-24 20:41:59.517 [info] ExtensionService#_doActivateExtension vscode.extension-editing, startup: false, activationEvent: 'onLanguage:json'
2023-02-24 20:41:59.529 [info] ExtensionService#_doActivateExtension mongodb.mongodb-vscode, startup: false, activationEvent: 'onLanguage:json'
2023-02-24 20:54:24.375 [info] ExtensionService#_doActivateExtension vscode.microsoft-authentication, startup: false, activationEvent: 'onAuthenticationRequest:microsoft'
2023-02-24 20:54:24.422 [warning] TextEditor is closed/disposed
2023-02-24 20:54:24.424 [warning] TextEditor is closed/disposed
2023-02-24 20:54:24.425 [warning] TextEditor is closed/disposed
2023-02-24 20:54:24.425 [warning] TextEditor is closed/disposed
2023-02-24 20:54:24.426 [warning] TextEditor is closed/disposed
2023-02-24 20:54:24.426 [warning] TextEditor is closed/disposed
2023-02-24 20:54:24.426 [warning] TextEditor is closed/disposed
2023-02-24 20:54:24.426 [warning] TextEditor is closed/disposed
2023-02-24 20:54:24.427 [warning] TextEditor is closed/disposed
2023-02-24 20:54:29.606 [warning] TextEditor is closed/disposed
2023-02-24 22:32:28.450 [warning] TextEditor is closed/disposed
2023-02-24 22:49:44.334 [warning] TextEditor is closed/disposed
2023-02-24 22:51:42.651 [warning] TextEditor is closed/disposed
2023-02-24 22:53:23.940 [warning] TextEditor is closed/disposed
2023-02-24 22:53:26.110 [warning] TextEditor is closed/disposed
2023-02-24 22:53:29.214 [warning] TextEditor is closed/disposed
2023-02-24 23:08:01.816 [warning] TextEditor is closed/disposed
2023-02-24 23:36:14.696 [info] Extension host terminating: renderer closed the MessagePort
2023-02-24 23:36:14.743 [warning] {"name":"Canceled"}
2023-02-24 23:36:14.746 [error] Canceled: Canceled
    at new u (/var/lib/snapd/snap/code/119/usr/share/code/resources/app/out/vs/workbench/api/node/extensionHostProcess.js:96:88070)
    at l.O (/var/lib/snapd/snap/code/119/usr/share/code/resources/app/out/vs/workbench/api/node/extensionHostProcess.js:106:11276)
    at Proxy.V.<computed>.M.charCodeAt.V.<computed> (/var/lib/snapd/snap/code/119/usr/share/code/resources/app/out/vs/workbench/api/node/extensionHostProcess.js:106:8557)
    at s.g (/var/lib/snapd/snap/code/119/usr/share/code/resources/app/out/vs/workbench/api/node/extensionHostProcess.js:96:107430)
    at s.executeCommand (/var/lib/snapd/snap/code/119/usr/share/code/resources/app/out/vs/workbench/api/node/extensionHostProcess.js:96:106806)
    at w.registerCommand.description (/var/lib/snapd/snap/code/119/usr/share/code/resources/app/out/vs/workbench/api/node/extensionHostProcess.js:96:106099)
    at s.h (/var/lib/snapd/snap/code/119/usr/share/code/resources/app/out/vs/workbench/api/node/extensionHostProcess.js:96:108016)
    at s.g (/var/lib/snapd/snap/code/119/usr/share/code/resources/app/out/vs/workbench/api/node/extensionHostProcess.js:96:106906)
    at s.executeCommand (/var/lib/snapd/snap/code/119/usr/share/code/resources/app/out/vs/workbench/api/node/extensionHostProcess.js:96:106806)
    at Object.executeCommand (/var/lib/snapd/snap/code/119/usr/share/code/resources/app/out/vs/workbench/api/node/extensionHostProcess.js:117:30778)
    at D (/var/lib/snapd/snap/code/119/usr/share/code/resources/app/extensions/git/dist/main.js:2:2055373)
    at f.invoke (/var/lib/snapd/snap/code/119/usr/share/code/resources/app/out/vs/workbench/api/node/extensionHostProcess.js:63:145)
    at g.deliver (/var/lib/snapd/snap/code/119/usr/share/code/resources/app/out/vs/workbench/api/node/extensionHostProcess.js:63:2029)
    at d.fire (/var/lib/snapd/snap/code/119/usr/share/code/resources/app/out/vs/workbench/api/node/extensionHostProcess.js:63:1667)
    at Object.h [as dispose] (/var/lib/snapd/snap/code/119/usr/share/code/resources/app/extensions/git/dist/main.js:2:2070210)
    at /var/lib/snapd/snap/code/119/usr/share/code/resources/app/extensions/git/dist/main.js:2:2074277
    at Array.forEach (<anonymous>)
    at g.dispose (/var/lib/snapd/snap/code/119/usr/share/code/resources/app/extensions/git/dist/main.js:2:2074263)
    at C.<anonymous> (/var/lib/snapd/snap/code/119/usr/share/code/resources/app/out/vs/workbench/api/node/extensionHostProcess.js:94:12431)
    at C.dispose (/var/lib/snapd/snap/code/119/usr/share/code/resources/app/out/vs/workbench/api/node/extensionHostProcess.js:94:12566)
    at C.<anonymous> (/var/lib/snapd/snap/code/119/usr/share/code/resources/app/extensions/git/dist/main.js:2:2057503)
    at C.dispose (/var/lib/snapd/snap/code/119/usr/share/code/resources/app/out/vs/workbench/api/node/extensionHostProcess.js:94:12566)
    at T (/var/lib/snapd/snap/code/119/usr/share/code/resources/app/out/vs/workbench/api/node/extensionHostProcess.js:10:12072)
    at f.X (/var/lib/snapd/snap/code/119/usr/share/code/resources/app/out/vs/workbench/api/node/extensionHostProcess.js:108:11242)
    at /var/lib/snapd/snap/code/119/usr/share/code/resources/app/out/vs/workbench/api/node/extensionHostProcess.js:108:9037
    at Array.map (<anonymous>)
    at f.Q (/var/lib/snapd/snap/code/119/usr/share/code/resources/app/out/vs/workbench/api/node/extensionHostProcess.js:108:9024)
    at f.terminate (/var/lib/snapd/snap/code/119/usr/share/code/resources/app/out/vs/workbench/api/node/extensionHostProcess.js:108:9298)
    at h.terminate (/var/lib/snapd/snap/code/119/usr/share/code/resources/app/out/vs/workbench/api/node/extensionHostProcess.js:112:1397)
    at p (/var/lib/snapd/snap/code/119/usr/share/code/resources/app/out/vs/workbench/api/node/extensionHostProcess.js:122:17851)
    at MessagePortMain.<anonymous> (/var/lib/snapd/snap/code/119/usr/share/code/resources/app/out/vs/workbench/api/node/extensionHostProcess.js:122:13990)
    at MessagePortMain.emit (node:events:526:28)
    at Object.MessagePortMain._internalPort.emit (node:electron/js2c/utility_init:5:364) setContext undefined
2023-02-24 23:36:14.747 [error] Canceled: Canceled
    at new u (/var/lib/snapd/snap/code/119/usr/share/code/resources/app/out/vs/workbench/api/node/extensionHostProcess.js:96:88070)
    at l.O (/var/lib/snapd/snap/code/119/usr/share/code/resources/app/out/vs/workbench/api/node/extensionHostProcess.js:106:11276)
    at Proxy.V.<computed>.M.charCodeAt.V.<computed> (/var/lib/snapd/snap/code/119/usr/share/code/resources/app/out/vs/workbench/api/node/extensionHostProcess.js:106:8557)
    at s.g (/var/lib/snapd/snap/code/119/usr/share/code/resources/app/out/vs/workbench/api/node/extensionHostProcess.js:96:107430)
    at s.executeCommand (/var/lib/snapd/snap/code/119/usr/share/code/resources/app/out/vs/workbench/api/node/extensionHostProcess.js:96:106806)
    at w.registerCommand.description (/var/lib/snapd/snap/code/119/usr/share/code/resources/app/out/vs/workbench/api/node/extensionHostProcess.js:96:106099)
    at s.h (/var/lib/snapd/snap/code/119/usr/share/code/resources/app/out/vs/workbench/api/node/extensionHostProcess.js:96:108016)
    at s.g (/var/lib/snapd/snap/code/119/usr/share/code/resources/app/out/vs/workbench/api/node/extensionHostProcess.js:96:106906)
    at s.executeCommand (/var/lib/snapd/snap/code/119/usr/share/code/resources/app/out/vs/workbench/api/node/extensionHostProcess.js:96:106806)
    at Object.executeCommand (/var/lib/snapd/snap/code/119/usr/share/code/resources/app/out/vs/workbench/api/node/extensionHostProcess.js:117:30778)
    at setContext (/home/devilunraveled/.vscode/extensions/eamodio.gitlens-13.2.0/dist/gitlens.js:205:24554)
    at Ie.setEnabledContext (/home/devilunraveled/.vscode/extensions/eamodio.gitlens-13.2.0/dist/gitlens.js:14:16757)
    at Ie.Q.<computed> (/home/devilunraveled/.vscode/extensions/eamodio.gitlens-13.2.0/dist/gitlens.js:218:20049)
    at Ie.updateContext (/home/devilunraveled/.vscode/extensions/eamodio.gitlens-13.2.0/dist/gitlens.js:14:17049)
    at /home/devilunraveled/.vscode/extensions/eamodio.gitlens-13.2.0/dist/gitlens.js:14:10703
    at f.invoke (/var/lib/snapd/snap/code/119/usr/share/code/resources/app/out/vs/workbench/api/node/extensionHostProcess.js:63:145)
    at g.deliver (/var/lib/snapd/snap/code/119/usr/share/code/resources/app/out/vs/workbench/api/node/extensionHostProcess.js:63:2029)
    at d.fire (/var/lib/snapd/snap/code/119/usr/share/code/resources/app/out/vs/workbench/api/node/extensionHostProcess.js:63:1667)
    at Je.onRepositoryChanged (/home/devilunraveled/.vscode/extensions/eamodio.gitlens-13.2.0/dist/gitlens.js:16:10610)
    at Object.fireChange (/home/devilunraveled/.vscode/extensions/eamodio.gitlens-13.2.0/dist/gitlens.js:205:297748)
    at Object.Q.<computed> (/home/devilunraveled/.vscode/extensions/eamodio.gitlens-13.2.0/dist/gitlens.js:218:20049)
    at Object.set closed [as closed] (/home/devilunraveled/.vscode/extensions/eamodio.gitlens-13.2.0/dist/gitlens.js:205:288182)
    at /home/devilunraveled/.vscode/extensions/eamodio.gitlens-13.2.0/dist/gitlens.js:14:10957
    at f.invoke (/var/lib/snapd/snap/code/119/usr/share/code/resources/app/out/vs/workbench/api/node/extensionHostProcess.js:63:145)
    at g.deliver (/var/lib/snapd/snap/code/119/usr/share/code/resources/app/out/vs/workbench/api/node/extensionHostProcess.js:63:2029)
    at d.fire (/var/lib/snapd/snap/code/119/usr/share/code/resources/app/out/vs/workbench/api/node/extensionHostProcess.js:63:1667)
    at /home/devilunraveled/.vscode/extensions/eamodio.gitlens-13.2.0/dist/gitlens.js:16:11031
    at /var/lib/snapd/snap/code/119/usr/share/code/resources/app/extensions/git/dist/main.js:2:2141211
    at f.invoke (/var/lib/snapd/snap/code/119/usr/share/code/resources/app/out/vs/workbench/api/node/extensionHostProcess.js:63:145)
    at g.deliver (/var/lib/snapd/snap/code/119/usr/share/code/resources/app/out/vs/workbench/api/node/extensionHostProcess.js:63:2029)
    at d.fire (/var/lib/snapd/snap/code/119/usr/share/code/resources/app/out/vs/workbench/api/node/extensionHostProcess.js:63:1667)
    at Object.h [as dispose] (/var/lib/snapd/snap/code/119/usr/share/code/resources/app/extensions/git/dist/main.js:2:2070210)
    at /var/lib/snapd/snap/code/119/usr/share/code/resources/app/extensions/git/dist/main.js:2:2074277
    at Array.forEach (<anonymous>)
    at g.dispose (/var/lib/snapd/snap/code/119/usr/share/code/resources/app/extensions/git/dist/main.js:2:2074263)
    at C.<anonymous> (/var/lib/snapd/snap/code/119/usr/share/code/resources/app/out/vs/workbench/api/node/extensionHostProcess.js:94:12431)
    at C.dispose (/var/lib/snapd/snap/code/119/usr/share/code/resources/app/out/vs/workbench/api/node/extensionHostProcess.js:94:12566)
    at C.<anonymous> (/var/lib/snapd/snap/code/119/usr/share/code/resources/app/extensions/git/dist/main.js:2:2057503)
    at C.dispose (/var/lib/snapd/snap/code/119/usr/share/code/resources/app/out/vs/workbench/api/node/extensionHostProcess.js:94:12566)
    at T (/var/lib/snapd/snap/code/119/usr/share/code/resources/app/out/vs/workbench/api/node/extensionHostProcess.js:10:12072)
    at f.X (/var/lib/snapd/snap/code/119/usr/share/code/resources/app/out/vs/workbench/api/node/extensionHostProcess.js:108:11242)
    at /var/lib/snapd/snap/code/119/usr/share/code/resources/app/out/vs/workbench/api/node/extensionHostProcess.js:108:9037
    at Array.map (<anonymous>)
    at f.Q (/var/lib/snapd/snap/code/119/usr/share/code/resources/app/out/vs/workbench/api/node/extensionHostProcess.js:108:9024)
    at f.terminate (/var/lib/snapd/snap/code/119/usr/share/code/resources/app/out/vs/workbench/api/node/extensionHostProcess.js:108:9298)
    at h.terminate (/var/lib/snapd/snap/code/119/usr/share/code/resources/app/out/vs/workbench/api/node/extensionHostProcess.js:112:1397)
    at p (/var/lib/snapd/snap/code/119/usr/share/code/resources/app/out/vs/workbench/api/node/extensionHostProcess.js:122:17851)
    at MessagePortMain.<anonymous> (/var/lib/snapd/snap/code/119/usr/share/code/resources/app/out/vs/workbench/api/node/extensionHostProcess.js:122:13990)
    at MessagePortMain.emit (node:events:526:28)
    at Object.MessagePortMain._internalPort.emit (node:electron/js2c/utility_init:5:364) setContext undefined
2023-02-24 23:36:14.748 [error] Canceled: Canceled
    at new u (/var/lib/snapd/snap/code/119/usr/share/code/resources/app/out/vs/workbench/api/node/extensionHostProcess.js:96:88070)
    at l.O (/var/lib/snapd/snap/code/119/usr/share/code/resources/app/out/vs/workbench/api/node/extensionHostProcess.js:106:11276)
    at Proxy.V.<computed>.M.charCodeAt.V.<computed> (/var/lib/snapd/snap/code/119/usr/share/code/resources/app/out/vs/workbench/api/node/extensionHostProcess.js:106:8557)
    at s.g (/var/lib/snapd/snap/code/119/usr/share/code/resources/app/out/vs/workbench/api/node/extensionHostProcess.js:96:107430)
    at s.executeCommand (/var/lib/snapd/snap/code/119/usr/share/code/resources/app/out/vs/workbench/api/node/extensionHostProcess.js:96:106806)
    at w.registerCommand.description (/var/lib/snapd/snap/code/119/usr/share/code/resources/app/out/vs/workbench/api/node/extensionHostProcess.js:96:106099)
    at s.h (/var/lib/snapd/snap/code/119/usr/share/code/resources/app/out/vs/workbench/api/node/extensionHostProcess.js:96:108016)
    at s.g (/var/lib/snapd/snap/code/119/usr/share/code/resources/app/out/vs/workbench/api/node/extensionHostProcess.js:96:106906)
    at s.executeCommand (/var/lib/snapd/snap/code/119/usr/share/code/resources/app/out/vs/workbench/api/node/extensionHostProcess.js:96:106806)
    at Object.executeCommand (/var/lib/snapd/snap/code/119/usr/share/code/resources/app/out/vs/workbench/api/node/extensionHostProcess.js:117:30778)
    at setContext (/home/devilunraveled/.vscode/extensions/eamodio.gitlens-13.2.0/dist/gitlens.js:205:24554)
    at Ie.setEnabledContext (/home/devilunraveled/.vscode/extensions/eamodio.gitlens-13.2.0/dist/gitlens.js:14:16845)
    at Ie.Q.<computed> (/home/devilunraveled/.vscode/extensions/eamodio.gitlens-13.2.0/dist/gitlens.js:218:20049)
    at Ie.updateContext (/home/devilunraveled/.vscode/extensions/eamodio.gitlens-13.2.0/dist/gitlens.js:14:17049)
    at /home/devilunraveled/.vscode/extensions/eamodio.gitlens-13.2.0/dist/gitlens.js:14:10703
    at f.invoke (/var/lib/snapd/snap/code/119/usr/share/code/resources/app/out/vs/workbench/api/node/extensionHostProcess.js:63:145)
    at g.deliver (/var/lib/snapd/snap/code/119/usr/share/code/resources/app/out/vs/workbench/api/node/extensionHostProcess.js:63:2029)
    at d.fire (/var/lib/snapd/snap/code/119/usr/share/code/resources/app/out/vs/workbench/api/node/extensionHostProcess.js:63:1667)
    at Je.onRepositoryChanged (/home/devilunraveled/.vscode/extensions/eamodio.gitlens-13.2.0/dist/gitlens.js:16:10610)
    at Object.fireChange (/home/devilunraveled/.vscode/extensions/eamodio.gitlens-13.2.0/dist/gitlens.js:205:297748)
    at Object.Q.<computed> (/home/devilunraveled/.vscode/extensions/eamodio.gitlens-13.2.0/dist/gitlens.js:218:20049)
    at Object.set closed [as closed] (/home/devilunraveled/.vscode/extensions/eamodio.gitlens-13.2.0/dist/gitlens.js:205:288182)
    at /home/devilunraveled/.vscode/extensions/eamodio.gitlens-13.2.0/dist/gitlens.js:14:10957
    at f.invoke (/var/lib/snapd/snap/code/119/usr/share/code/resources/app/out/vs/workbench/api/node/extensionHostProcess.js:63:145)
    at g.deliver (/var/lib/snapd/snap/code/119/usr/share/code/resources/app/out/vs/workbench/api/node/extensionHostProcess.js:63:2029)
    at d.fire (/var/lib/snapd/snap/code/119/usr/share/code/resources/app/out/vs/workbench/api/node/extensionHostProcess.js:63:1667)
    at /home/devilunraveled/.vscode/extensions/eamodio.gitlens-13.2.0/dist/gitlens.js:16:11031
    at /var/lib/snapd/snap/code/119/usr/share/code/resources/app/extensions/git/dist/main.js:2:2141211
    at f.invoke (/var/lib/snapd/snap/code/119/usr/share/code/resources/app/out/vs/workbench/api/node/extensionHostProcess.js:63:145)
    at g.deliver (/var/lib/snapd/snap/code/119/usr/share/code/resources/app/out/vs/workbench/api/node/extensionHostProcess.js:63:2029)
    at d.fire (/var/lib/snapd/snap/code/119/usr/share/code/resources/app/out/vs/workbench/api/node/extensionHostProcess.js:63:1667)
    at Object.h [as dispose] (/var/lib/snapd/snap/code/119/usr/share/code/resources/app/extensions/git/dist/main.js:2:2070210)
    at /var/lib/snapd/snap/code/119/usr/share/code/resources/app/extensions/git/dist/main.js:2:2074277
    at Array.forEach (<anonymous>)
    at g.dispose (/var/lib/snapd/snap/code/119/usr/share/code/resources/app/extensions/git/dist/main.js:2:2074263)
    at C.<anonymous> (/var/lib/snapd/snap/code/119/usr/share/code/resources/app/out/vs/workbench/api/node/extensionHostProcess.js:94:12431)
    at C.dispose (/var/lib/snapd/snap/code/119/usr/share/code/resources/app/out/vs/workbench/api/node/extensionHostProcess.js:94:12566)
    at C.<anonymous> (/var/lib/snapd/snap/code/119/usr/share/code/resources/app/extensions/git/dist/main.js:2:2057503)
    at C.dispose (/var/lib/snapd/snap/code/119/usr/share/code/resources/app/out/vs/workbench/api/node/extensionHostProcess.js:94:12566)
    at T (/var/lib/snapd/snap/code/119/usr/share/code/resources/app/out/vs/workbench/api/node/extensionHostProcess.js:10:12072)
    at f.X (/var/lib/snapd/snap/code/119/usr/share/code/resources/app/out/vs/workbench/api/node/extensionHostProcess.js:108:11242)
    at /var/lib/snapd/snap/code/119/usr/share/code/resources/app/out/vs/workbench/api/node/extensionHostProcess.js:108:9037
    at Array.map (<anonymous>)
    at f.Q (/var/lib/snapd/snap/code/119/usr/share/code/resources/app/out/vs/workbench/api/node/extensionHostProcess.js:108:9024)
    at f.terminate (/var/lib/snapd/snap/code/119/usr/share/code/resources/app/out/vs/workbench/api/node/extensionHostProcess.js:108:9298)
    at h.terminate (/var/lib/snapd/snap/code/119/usr/share/code/resources/app/out/vs/workbench/api/node/extensionHostProcess.js:112:1397)
    at p (/var/lib/snapd/snap/code/119/usr/share/code/resources/app/out/vs/workbench/api/node/extensionHostProcess.js:122:17851)
    at MessagePortMain.<anonymous> (/var/lib/snapd/snap/code/119/usr/share/code/resources/app/out/vs/workbench/api/node/extensionHostProcess.js:122:13990)
    at MessagePortMain.emit (node:events:526:28)
    at Object.MessagePortMain._internalPort.emit (node:electron/js2c/utility_init:5:364) setContext undefined
2023-02-24 23:36:14.749 [error] Canceled: Canceled
    at new u (/var/lib/snapd/snap/code/119/usr/share/code/resources/app/out/vs/workbench/api/node/extensionHostProcess.js:96:88070)
    at l.O (/var/lib/snapd/snap/code/119/usr/share/code/resources/app/out/vs/workbench/api/node/extensionHostProcess.js:106:11276)
    at Proxy.V.<computed>.M.charCodeAt.V.<computed> (/var/lib/snapd/snap/code/119/usr/share/code/resources/app/out/vs/workbench/api/node/extensionHostProcess.js:106:8557)
    at s.g (/var/lib/snapd/snap/code/119/usr/share/code/resources/app/out/vs/workbench/api/node/extensionHostProcess.js:96:107430)
    at s.executeCommand (/var/lib/snapd/snap/code/119/usr/share/code/resources/app/out/vs/workbench/api/node/extensionHostProcess.js:96:106806)
    at w.registerCommand.description (/var/lib/snapd/snap/code/119/usr/share/code/resources/app/out/vs/workbench/api/node/extensionHostProcess.js:96:106099)
    at s.h (/var/lib/snapd/snap/code/119/usr/share/code/resources/app/out/vs/workbench/api/node/extensionHostProcess.js:96:108016)
    at s.g (/var/lib/snapd/snap/code/119/usr/share/code/resources/app/out/vs/workbench/api/node/extensionHostProcess.js:96:106906)
    at s.executeCommand (/var/lib/snapd/snap/code/119/usr/share/code/resources/app/out/vs/workbench/api/node/extensionHostProcess.js:96:106806)
    at Object.executeCommand (/var/lib/snapd/snap/code/119/usr/share/code/resources/app/out/vs/workbench/api/node/extensionHostProcess.js:117:30778)
    at setContext (/home/devilunraveled/.vscode/extensions/eamodio.gitlens-13.2.0/dist/gitlens.js:205:24554)
    at y._updateContextKeys (/home/devilunraveled/.vscode/extensions/eamodio.gitlens-13.2.0/dist/gitlens.js:6:6166)
    at onChanged (/home/devilunraveled/.vscode/extensions/eamodio.gitlens-13.2.0/dist/gitlens.js:6:4600)
    at x.unregister (/home/devilunraveled/.vscode/extensions/eamodio.gitlens-13.2.0/dist/gitlens.js:6:4737)
    at x.dispose (/home/devilunraveled/.vscode/extensions/eamodio.gitlens-13.2.0/dist/gitlens.js:6:3462)
    at y.dispose (/home/devilunraveled/.vscode/extensions/eamodio.gitlens-13.2.0/dist/gitlens.js:6:4287)
    at T (/var/lib/snapd/snap/code/119/usr/share/code/resources/app/out/vs/workbench/api/node/extensionHostProcess.js:10:12072)
    at f.X (/var/lib/snapd/snap/code/119/usr/share/code/resources/app/out/vs/workbench/api/node/extensionHostProcess.js:108:11242)
    at /var/lib/snapd/snap/code/119/usr/share/code/resources/app/out/vs/workbench/api/node/extensionHostProcess.js:108:9037
    at Array.map (<anonymous>)
    at f.Q (/var/lib/snapd/snap/code/119/usr/share/code/resources/app/out/vs/workbench/api/node/extensionHostProcess.js:108:9024)
    at f.terminate (/var/lib/snapd/snap/code/119/usr/share/code/resources/app/out/vs/workbench/api/node/extensionHostProcess.js:108:9298)
    at h.terminate (/var/lib/snapd/snap/code/119/usr/share/code/resources/app/out/vs/workbench/api/node/extensionHostProcess.js:112:1397)
    at p (/var/lib/snapd/snap/code/119/usr/share/code/resources/app/out/vs/workbench/api/node/extensionHostProcess.js:122:17851)
    at MessagePortMain.<anonymous> (/var/lib/snapd/snap/code/119/usr/share/code/resources/app/out/vs/workbench/api/node/extensionHostProcess.js:122:13990)
    at MessagePortMain.emit (node:events:526:28)
    at Object.MessagePortMain._internalPort.emit (node:electron/js2c/utility_init:5:364) setContext undefined
2023-02-24 23:36:14.750 [error] Canceled: Canceled
    at new u (/var/lib/snapd/snap/code/119/usr/share/code/resources/app/out/vs/workbench/api/node/extensionHostProcess.js:96:88070)
    at l.O (/var/lib/snapd/snap/code/119/usr/share/code/resources/app/out/vs/workbench/api/node/extensionHostProcess.js:106:11276)
    at Proxy.V.<computed>.M.charCodeAt.V.<computed> (/var/lib/snapd/snap/code/119/usr/share/code/resources/app/out/vs/workbench/api/node/extensionHostProcess.js:106:8557)
    at s.g (/var/lib/snapd/snap/code/119/usr/share/code/resources/app/out/vs/workbench/api/node/extensionHostProcess.js:96:107430)
    at s.executeCommand (/var/lib/snapd/snap/code/119/usr/share/code/resources/app/out/vs/workbench/api/node/extensionHostProcess.js:96:106806)
    at w.registerCommand.description (/var/lib/snapd/snap/code/119/usr/share/code/resources/app/out/vs/workbench/api/node/extensionHostProcess.js:96:106099)
    at s.h (/var/lib/snapd/snap/code/119/usr/share/code/resources/app/out/vs/workbench/api/node/extensionHostProcess.js:96:108016)
    at s.g (/var/lib/snapd/snap/code/119/usr/share/code/resources/app/out/vs/workbench/api/node/extensionHostProcess.js:96:106906)
    at s.executeCommand (/var/lib/snapd/snap/code/119/usr/share/code/resources/app/out/vs/workbench/api/node/extensionHostProcess.js:96:106806)
    at Object.executeCommand (/var/lib/snapd/snap/code/119/usr/share/code/resources/app/out/vs/workbench/api/node/extensionHostProcess.js:117:30778)
    at setContext (/home/devilunraveled/.vscode/extensions/eamodio.gitlens-13.2.0/dist/gitlens.js:205:24554)
    at y._updateContextKeys (/home/devilunraveled/.vscode/extensions/eamodio.gitlens-13.2.0/dist/gitlens.js:6:6166)
    at onChanged (/home/devilunraveled/.vscode/extensions/eamodio.gitlens-13.2.0/dist/gitlens.js:6:4600)
    at x.unregister (/home/devilunraveled/.vscode/extensions/eamodio.gitlens-13.2.0/dist/gitlens.js:6:4737)
    at x.dispose (/home/devilunraveled/.vscode/extensions/eamodio.gitlens-13.2.0/dist/gitlens.js:6:3462)
    at y.dispose (/home/devilunraveled/.vscode/extensions/eamodio.gitlens-13.2.0/dist/gitlens.js:6:4287)
    at T (/var/lib/snapd/snap/code/119/usr/share/code/resources/app/out/vs/workbench/api/node/extensionHostProcess.js:10:12072)
    at f.X (/var/lib/snapd/snap/code/119/usr/share/code/resources/app/out/vs/workbench/api/node/extensionHostProcess.js:108:11242)
    at /var/lib/snapd/snap/code/119/usr/share/code/resources/app/out/vs/workbench/api/node/extensionHostProcess.js:108:9037
    at Array.map (<anonymous>)
    at f.Q (/var/lib/snapd/snap/code/119/usr/share/code/resources/app/out/vs/workbench/api/node/extensionHostProcess.js:108:9024)
    at f.terminate (/var/lib/snapd/snap/code/119/usr/share/code/resources/app/out/vs/workbench/api/node/extensionHostProcess.js:108:9298)
    at h.terminate (/var/lib/snapd/snap/code/119/usr/share/code/resources/app/out/vs/workbench/api/node/extensionHostProcess.js:112:1397)
    at p (/var/lib/snapd/snap/code/119/usr/share/code/resources/app/out/vs/workbench/api/node/extensionHostProcess.js:122:17851)
    at MessagePortMain.<anonymous> (/var/lib/snapd/snap/code/119/usr/share/code/resources/app/out/vs/workbench/api/node/extensionHostProcess.js:122:13990)
    at MessagePortMain.emit (node:events:526:28)
    at Object.MessagePortMain._internalPort.emit (node:electron/js2c/utility_init:5:364) setContext undefined
2023-02-24 23:36:14.751 [error] Canceled: Canceled
    at new u (/var/lib/snapd/snap/code/119/usr/share/code/resources/app/out/vs/workbench/api/node/extensionHostProcess.js:96:88070)
    at l.O (/var/lib/snapd/snap/code/119/usr/share/code/resources/app/out/vs/workbench/api/node/extensionHostProcess.js:106:11276)
    at Proxy.V.<computed>.M.charCodeAt.V.<computed> (/var/lib/snapd/snap/code/119/usr/share/code/resources/app/out/vs/workbench/api/node/extensionHostProcess.js:106:8557)
    at s.g (/var/lib/snapd/snap/code/119/usr/share/code/resources/app/out/vs/workbench/api/node/extensionHostProcess.js:96:107430)
    at s.executeCommand (/var/lib/snapd/snap/code/119/usr/share/code/resources/app/out/vs/workbench/api/node/extensionHostProcess.js:96:106806)
    at w.registerCommand.description (/var/lib/snapd/snap/code/119/usr/share/code/resources/app/out/vs/workbench/api/node/extensionHostProcess.js:96:106099)
    at s.h (/var/lib/snapd/snap/code/119/usr/share/code/resources/app/out/vs/workbench/api/node/extensionHostProcess.js:96:108016)
    at s.g (/var/lib/snapd/snap/code/119/usr/share/code/resources/app/out/vs/workbench/api/node/extensionHostProcess.js:96:106906)
    at s.executeCommand (/var/lib/snapd/snap/code/119/usr/share/code/resources/app/out/vs/workbench/api/node/extensionHostProcess.js:96:106806)
    at Object.executeCommand (/var/lib/snapd/snap/code/119/usr/share/code/resources/app/out/vs/workbench/api/node/extensionHostProcess.js:117:30778)
    at setContext (/home/devilunraveled/.vscode/extensions/eamodio.gitlens-13.2.0/dist/gitlens.js:205:24554)
    at y._updateContextKeys (/home/devilunraveled/.vscode/extensions/eamodio.gitlens-13.2.0/dist/gitlens.js:6:6166)
    at onChanged (/home/devilunraveled/.vscode/extensions/eamodio.gitlens-13.2.0/dist/gitlens.js:6:4600)
    at x.unregister (/home/devilunraveled/.vscode/extensions/eamodio.gitlens-13.2.0/dist/gitlens.js:6:4737)
    at x.dispose (/home/devilunraveled/.vscode/extensions/eamodio.gitlens-13.2.0/dist/gitlens.js:6:3462)
    at y.dispose (/home/devilunraveled/.vscode/extensions/eamodio.gitlens-13.2.0/dist/gitlens.js:6:4287)
    at T (/var/lib/snapd/snap/code/119/usr/share/code/resources/app/out/vs/workbench/api/node/extensionHostProcess.js:10:12072)
    at f.X (/var/lib/snapd/snap/code/119/usr/share/code/resources/app/out/vs/workbench/api/node/extensionHostProcess.js:108:11242)
    at /var/lib/snapd/snap/code/119/usr/share/code/resources/app/out/vs/workbench/api/node/extensionHostProcess.js:108:9037
    at Array.map (<anonymous>)
    at f.Q (/var/lib/snapd/snap/code/119/usr/share/code/resources/app/out/vs/workbench/api/node/extensionHostProcess.js:108:9024)
    at f.terminate (/var/lib/snapd/snap/code/119/usr/share/code/resources/app/out/vs/workbench/api/node/extensionHostProcess.js:108:9298)
    at h.terminate (/var/lib/snapd/snap/code/119/usr/share/code/resources/app/out/vs/workbench/api/node/extensionHostProcess.js:112:1397)
    at p (/var/lib/snapd/snap/code/119/usr/share/code/resources/app/out/vs/workbench/api/node/extensionHostProcess.js:122:17851)
    at MessagePortMain.<anonymous> (/var/lib/snapd/snap/code/119/usr/share/code/resources/app/out/vs/workbench/api/node/extensionHostProcess.js:122:13990)
    at MessagePortMain.emit (node:events:526:28)
    at Object.MessagePortMain._internalPort.emit (node:electron/js2c/utility_init:5:364) setContext undefined
2023-02-24 23:36:14.751 [error] Canceled: Canceled
    at new u (/var/lib/snapd/snap/code/119/usr/share/code/resources/app/out/vs/workbench/api/node/extensionHostProcess.js:96:88070)
    at l.O (/var/lib/snapd/snap/code/119/usr/share/code/resources/app/out/vs/workbench/api/node/extensionHostProcess.js:106:11276)
    at Proxy.V.<computed>.M.charCodeAt.V.<computed> (/var/lib/snapd/snap/code/119/usr/share/code/resources/app/out/vs/workbench/api/node/extensionHostProcess.js:106:8557)
    at s.g (/var/lib/snapd/snap/code/119/usr/share/code/resources/app/out/vs/workbench/api/node/extensionHostProcess.js:96:107430)
    at s.executeCommand (/var/lib/snapd/snap/code/119/usr/share/code/resources/app/out/vs/workbench/api/node/extensionHostProcess.js:96:106806)
    at w.registerCommand.description (/var/lib/snapd/snap/code/119/usr/share/code/resources/app/out/vs/workbench/api/node/extensionHostProcess.js:96:106099)
    at s.h (/var/lib/snapd/snap/code/119/usr/share/code/resources/app/out/vs/workbench/api/node/extensionHostProcess.js:96:108016)
    at s.g (/var/lib/snapd/snap/code/119/usr/share/code/resources/app/out/vs/workbench/api/node/extensionHostProcess.js:96:106906)
    at s.executeCommand (/var/lib/snapd/snap/code/119/usr/share/code/resources/app/out/vs/workbench/api/node/extensionHostProcess.js:96:106806)
    at Object.executeCommand (/var/lib/snapd/snap/code/119/usr/share/code/resources/app/out/vs/workbench/api/node/extensionHostProcess.js:117:30778)
    at setContext (/home/devilunraveled/.vscode/extensions/eamodio.gitlens-13.2.0/dist/gitlens.js:205:24554)
    at y._updateContextKeys (/home/devilunraveled/.vscode/extensions/eamodio.gitlens-13.2.0/dist/gitlens.js:6:6166)
    at onChanged (/home/devilunraveled/.vscode/extensions/eamodio.gitlens-13.2.0/dist/gitlens.js:6:4600)
    at x.unregister (/home/devilunraveled/.vscode/extensions/eamodio.gitlens-13.2.0/dist/gitlens.js:6:4737)
    at x.dispose (/home/devilunraveled/.vscode/extensions/eamodio.gitlens-13.2.0/dist/gitlens.js:6:3462)
    at Object.dispose (/home/devilunraveled/.vscode/extensions/eamodio.gitlens-13.2.0/dist/gitlens.js:6:4836)
    at T (/var/lib/snapd/snap/code/119/usr/share/code/resources/app/out/vs/workbench/api/node/extensionHostProcess.js:10:12072)
    at f.X (/var/lib/snapd/snap/code/119/usr/share/code/resources/app/out/vs/workbench/api/node/extensionHostProcess.js:108:11242)
    at /var/lib/snapd/snap/code/119/usr/share/code/resources/app/out/vs/workbench/api/node/extensionHostProcess.js:108:9037
    at Array.map (<anonymous>)
    at f.Q (/var/lib/snapd/snap/code/119/usr/share/code/resources/app/out/vs/workbench/api/node/extensionHostProcess.js:108:9024)
    at f.terminate (/var/lib/snapd/snap/code/119/usr/share/code/resources/app/out/vs/workbench/api/node/extensionHostProcess.js:108:9298)
    at h.terminate (/var/lib/snapd/snap/code/119/usr/share/code/resources/app/out/vs/workbench/api/node/extensionHostProcess.js:112:1397)
    at p (/var/lib/snapd/snap/code/119/usr/share/code/resources/app/out/vs/workbench/api/node/extensionHostProcess.js:122:17851)
    at MessagePortMain.<anonymous> (/var/lib/snapd/snap/code/119/usr/share/code/resources/app/out/vs/workbench/api/node/extensionHostProcess.js:122:13990)
    at MessagePortMain.emit (node:events:526:28)
    at Object.MessagePortMain._internalPort.emit (node:electron/js2c/utility_init:5:364) setContext undefined
2023-02-24 23:36:14.751 [error] Canceled: Canceled
    at new u (/var/lib/snapd/snap/code/119/usr/share/code/resources/app/out/vs/workbench/api/node/extensionHostProcess.js:96:88070)
    at l.O (/var/lib/snapd/snap/code/119/usr/share/code/resources/app/out/vs/workbench/api/node/extensionHostProcess.js:106:11276)
    at Proxy.V.<computed>.M.charCodeAt.V.<computed> (/var/lib/snapd/snap/code/119/usr/share/code/resources/app/out/vs/workbench/api/node/extensionHostProcess.js:106:8557)
    at s.g (/var/lib/snapd/snap/code/119/usr/share/code/resources/app/out/vs/workbench/api/node/extensionHostProcess.js:96:107430)
    at s.executeCommand (/var/lib/snapd/snap/code/119/usr/share/code/resources/app/out/vs/workbench/api/node/extensionHostProcess.js:96:106806)
    at w.registerCommand.description (/var/lib/snapd/snap/code/119/usr/share/code/resources/app/out/vs/workbench/api/node/extensionHostProcess.js:96:106099)
    at s.h (/var/lib/snapd/snap/code/119/usr/share/code/resources/app/out/vs/workbench/api/node/extensionHostProcess.js:96:108016)
    at s.g (/var/lib/snapd/snap/code/119/usr/share/code/resources/app/out/vs/workbench/api/node/extensionHostProcess.js:96:106906)
    at s.executeCommand (/var/lib/snapd/snap/code/119/usr/share/code/resources/app/out/vs/workbench/api/node/extensionHostProcess.js:96:106806)
    at Object.executeCommand (/var/lib/snapd/snap/code/119/usr/share/code/resources/app/out/vs/workbench/api/node/extensionHostProcess.js:117:30778)
    at setContext (/home/devilunraveled/.vscode/extensions/eamodio.gitlens-13.2.0/dist/gitlens.js:205:24554)
    at y._updateContextKeys (/home/devilunraveled/.vscode/extensions/eamodio.gitlens-13.2.0/dist/gitlens.js:6:6166)
    at onChanged (/home/devilunraveled/.vscode/extensions/eamodio.gitlens-13.2.0/dist/gitlens.js:6:4600)
    at x.unregister (/home/devilunraveled/.vscode/extensions/eamodio.gitlens-13.2.0/dist/gitlens.js:6:4737)
    at x.dispose (/home/devilunraveled/.vscode/extensions/eamodio.gitlens-13.2.0/dist/gitlens.js:6:3462)
    at Object.dispose (/home/devilunraveled/.vscode/extensions/eamodio.gitlens-13.2.0/dist/gitlens.js:6:4836)
    at T (/var/lib/snapd/snap/code/119/usr/share/code/resources/app/out/vs/workbench/api/node/extensionHostProcess.js:10:12072)
    at f.X (/var/lib/snapd/snap/code/119/usr/share/code/resources/app/out/vs/workbench/api/node/extensionHostProcess.js:108:11242)
    at /var/lib/snapd/snap/code/119/usr/share/code/resources/app/out/vs/workbench/api/node/extensionHostProcess.js:108:9037
    at Array.map (<anonymous>)
    at f.Q (/var/lib/snapd/snap/code/119/usr/share/code/resources/app/out/vs/workbench/api/node/extensionHostProcess.js:108:9024)
    at f.terminate (/var/lib/snapd/snap/code/119/usr/share/code/resources/app/out/vs/workbench/api/node/extensionHostProcess.js:108:9298)
    at h.terminate (/var/lib/snapd/snap/code/119/usr/share/code/resources/app/out/vs/workbench/api/node/extensionHostProcess.js:112:1397)
    at p (/var/lib/snapd/snap/code/119/usr/share/code/resources/app/out/vs/workbench/api/node/extensionHostProcess.js:122:17851)
    at MessagePortMain.<anonymous> (/var/lib/snapd/snap/code/119/usr/share/code/resources/app/out/vs/workbench/api/node/extensionHostProcess.js:122:13990)
    at MessagePortMain.emit (node:events:526:28)
    at Object.MessagePortMain._internalPort.emit (node:electron/js2c/utility_init:5:364) setContext undefined
2023-02-24 23:36:14.751 [error] Canceled: Canceled
    at new u (/var/lib/snapd/snap/code/119/usr/share/code/resources/app/out/vs/workbench/api/node/extensionHostProcess.js:96:88070)
    at l.O (/var/lib/snapd/snap/code/119/usr/share/code/resources/app/out/vs/workbench/api/node/extensionHostProcess.js:106:11276)
    at Proxy.V.<computed>.M.charCodeAt.V.<computed> (/var/lib/snapd/snap/code/119/usr/share/code/resources/app/out/vs/workbench/api/node/extensionHostProcess.js:106:8557)
    at s.g (/var/lib/snapd/snap/code/119/usr/share/code/resources/app/out/vs/workbench/api/node/extensionHostProcess.js:96:107430)
    at s.executeCommand (/var/lib/snapd/snap/code/119/usr/share/code/resources/app/out/vs/workbench/api/node/extensionHostProcess.js:96:106806)
    at w.registerCommand.description (/var/lib/snapd/snap/code/119/usr/share/code/resources/app/out/vs/workbench/api/node/extensionHostProcess.js:96:106099)
    at s.h (/var/lib/snapd/snap/code/119/usr/share/code/resources/app/out/vs/workbench/api/node/extensionHostProcess.js:96:108016)
    at s.g (/var/lib/snapd/snap/code/119/usr/share/code/resources/app/out/vs/workbench/api/node/extensionHostProcess.js:96:106906)
    at s.executeCommand (/var/lib/snapd/snap/code/119/usr/share/code/resources/app/out/vs/workbench/api/node/extensionHostProcess.js:96:106806)
    at Object.executeCommand (/var/lib/snapd/snap/code/119/usr/share/code/resources/app/out/vs/workbench/api/node/extensionHostProcess.js:117:30778)
    at setContext (/home/devilunraveled/.vscode/extensions/eamodio.gitlens-13.2.0/dist/gitlens.js:205:24554)
    at y._updateContextKeys (/home/devilunraveled/.vscode/extensions/eamodio.gitlens-13.2.0/dist/gitlens.js:6:6166)
    at onChanged (/home/devilunraveled/.vscode/extensions/eamodio.gitlens-13.2.0/dist/gitlens.js:6:4600)
    at x.unregister (/home/devilunraveled/.vscode/extensions/eamodio.gitlens-13.2.0/dist/gitlens.js:6:4737)
    at x.dispose (/home/devilunraveled/.vscode/extensions/eamodio.gitlens-13.2.0/dist/gitlens.js:6:3462)
    at Object.dispose (/home/devilunraveled/.vscode/extensions/eamodio.gitlens-13.2.0/dist/gitlens.js:6:4836)
    at T (/var/lib/snapd/snap/code/119/usr/share/code/resources/app/out/vs/workbench/api/node/extensionHostProcess.js:10:12072)
    at f.X (/var/lib/snapd/snap/code/119/usr/share/code/resources/app/out/vs/workbench/api/node/extensionHostProcess.js:108:11242)
    at /var/lib/snapd/snap/code/119/usr/share/code/resources/app/out/vs/workbench/api/node/extensionHostProcess.js:108:9037
    at Array.map (<anonymous>)
    at f.Q (/var/lib/snapd/snap/code/119/usr/share/code/resources/app/out/vs/workbench/api/node/extensionHostProcess.js:108:9024)
    at f.terminate (/var/lib/snapd/snap/code/119/usr/share/code/resources/app/out/vs/workbench/api/node/extensionHostProcess.js:108:9298)
    at h.terminate (/var/lib/snapd/snap/code/119/usr/share/code/resources/app/out/vs/workbench/api/node/extensionHostProcess.js:112:1397)
    at p (/var/lib/snapd/snap/code/119/usr/share/code/resources/app/out/vs/workbench/api/node/extensionHostProcess.js:122:17851)
    at MessagePortMain.<anonymous> (/var/lib/snapd/snap/code/119/usr/share/code/resources/app/out/vs/workbench/api/node/extensionHostProcess.js:122:13990)
    at MessagePortMain.emit (node:events:526:28)
    at Object.MessagePortMain._internalPort.emit (node:electron/js2c/utility_init:5:364) setContext undefined
2023-02-24 23:36:14.987 [error] TypeError: Converting circular structure to JSON
    --> starting at object with constructor 't'
    |     property '_readableState' -> object with constructor 'M'
    |     property 'pipes' -> object with constructor 'Array'
    |     index 0 -> object with constructor 't.ConsoleForElectron'
    --- property 'parent' closes the circle
    at JSON.stringify (<anonymous>)
    at /home/devilunraveled/.vscode/extensions/vscodevim.vim-1.24.3/src/register/register.ts:333:16
    at process.async (node:internal/process/task_queues:96:5)
    at Object.e.deactivate (/home/devilunraveled/.vscode/extensions/vscodevim.vim-1.24.3/extension.ts:64:8)
    at async Promise.all (index 29)
    at f.Q (/var/lib/snapd/snap/code/119/usr/share/code/resources/app/out/vs/workbench/api/node/extensionHostProcess.js:108:9051)
2023-02-24 23:36:15.007 [info] Extension host with pid 1737 exiting with code 0
2023-02-24 23:36:15.989 [error] Error: Client is not running
    at S.sendRequest (/home/devilunraveled/.vscode/extensions/mongodb.mongodb-vscode-0.10.0/dist/extension.js:2:5720021)
    at t.default.disconnectFromServiceProvider (/home/devilunraveled/.vscode/extensions/mongodb.mongodb-vscode-0.10.0/dist/extension.js:2:5556099)
    at t.default._connectToServiceProvider (/home/devilunraveled/.vscode/extensions/mongodb.mongodb-vscode-0.10.0/dist/extension.js:2:5489905)
    at EventEmitter.<anonymous> (/home/devilunraveled/.vscode/extensions/mongodb.mongodb-vscode-0.10.0/dist/extension.js:2:5488818)
    at EventEmitter.emit (node:events:526:28)
    at t.default.disconnect (/home/devilunraveled/.vscode/extensions/mongodb.mongodb-vscode-0.10.0/dist/extension.js:2:5450175)
    at t.default.deactivate (/home/devilunraveled/.vscode/extensions/mongodb.mongodb-vscode-0.10.0/dist/extension.js:2:5571387)
    at t.default.dispose (/home/devilunraveled/.vscode/extensions/mongodb.mongodb-vscode-0.10.0/dist/extension.js:2:5571322)
    at T (/var/lib/snapd/snap/code/119/usr/share/code/resources/app/out/vs/workbench/api/node/extensionHostProcess.js:10:12072)
    at f.X (/var/lib/snapd/snap/code/119/usr/share/code/resources/app/out/vs/workbench/api/node/extensionHostProcess.js:108:11242)
    at /var/lib/snapd/snap/code/119/usr/share/code/resources/app/out/vs/workbench/api/node/extensionHostProcess.js:108:9037
    at Array.map (<anonymous>)
    at f.Q (/var/lib/snapd/snap/code/119/usr/share/code/resources/app/out/vs/workbench/api/node/extensionHostProcess.js:108:9024)
    at f.terminate (/var/lib/snapd/snap/code/119/usr/share/code/resources/app/out/vs/workbench/api/node/extensionHostProcess.js:108:9298)
    at h.terminate (/var/lib/snapd/snap/code/119/usr/share/code/resources/app/out/vs/workbench/api/node/extensionHostProcess.js:112:1397)
    at p (/var/lib/snapd/snap/code/119/usr/share/code/resources/app/out/vs/workbench/api/node/extensionHostProcess.js:122:17851)
    at MessagePortMain.<anonymous> (/var/lib/snapd/snap/code/119/usr/share/code/resources/app/out/vs/workbench/api/node/extensionHostProcess.js:122:13990)
    at MessagePortMain.emit (node:events:526:28)
    at Object.MessagePortMain._internalPort.emit (node:electron/js2c/utility_init:5:364)
2023-02-24 23:36:15.989 [error] Error: Starting server failed
    at S.$start (/home/devilunraveled/.vscode/extensions/mongodb.mongodb-vscode-0.10.0/dist/extension.js:2:5735098)
    at processTicksAndRejections (node:internal/process/task_queues:96:5)
    at S.sendRequest (/home/devilunraveled/.vscode/extensions/mongodb.mongodb-vscode-0.10.0/dist/extension.js:2:5720111)
    at t.default.disconnectFromServiceProvider (/home/devilunraveled/.vscode/extensions/mongodb.mongodb-vscode-0.10.0/dist/extension.js:2:5556080)
    at t.default._connectToServiceProvider (/home/devilunraveled/.vscode/extensions/mongodb.mongodb-vscode-0.10.0/dist/extension.js:2:5489868)
2023-02-24 23:36:16.076 [error] TypeError: Cannot read properties of undefined (reading 'send')
    at process.<anonymous> (/home/devilunraveled/.vscode/extensions/mongodb.mongodb-vscode-0.10.0/dist/extension.js:2:5114)
    at process.length [as emit] (node:events:538:35)
    at process.apply (/home/devilunraveled/.vscode/extensions/formulahendry.auto-rename-tag-0.1.10/packages/extension/dist/webpack:/auto-rename-tag/node_modules/source-map-support/source-map-support.js:617:24)
    at process.on.process.emit (/home/devilunraveled/.vscode/extensions/vscodevim.vim-1.24.3/node_modules/source-map-support/source-map-support.js:516:21)
    at process.exit (node:internal/process/per_thread:189:15)
    at Object.exit (/var/lib/snapd/snap/code/119/usr/share/code/resources/app/out/vs/workbench/api/node/extensionHostProcess.js:122:17614)
    at /var/lib/snapd/snap/code/119/usr/share/code/resources/app/out/vs/workbench/api/node/extensionHostProcess.js:108:9531
    at <anonymous>
    at runNextTicks (node:internal/process/task_queues:61:5)
    at processImmediate (node:internal/timers:437:9)
