2023-05-12 12:45:47.126 [info] Extension host with pid 9269 started
2023-05-12 12:45:47.316 [info] ExtensionService#_doActivateExtension vscode.emmet, startup: false, activationEvent: 'onLanguage'
2023-05-12 12:45:47.331 [info] ExtensionService#_doActivateExtension vscode.extension-editing, startup: false, activationEvent: 'onLanguage:markdown'
2023-05-12 12:45:47.342 [info] ExtensionService#_doActivateExtension vscode.markdown-language-features, startup: false, activationEvent: 'onLanguage:markdown'
2023-05-12 12:45:47.665 [info] ExtensionService#_doActivateExtension vscode.git-base, startup: true, activationEvent: '*'
2023-05-12 12:45:47.668 [info] ExtensionService#_doActivateExtension formulahendry.auto-close-tag, startup: true, activationEvent: '*'
2023-05-12 12:45:47.670 [info] ExtensionService#_doActivateExtension formulahendry.auto-rename-tag, startup: true, activationEvent: '*'
2023-05-12 12:45:47.696 [info] ExtensionService#_doActivateExtension TabNine.tabnine-vscode, startup: true, activationEvent: '*'
2023-05-12 12:45:47.753 [info] ExtensionService#_doActivateExtension vscodevim.vim, startup: true, activationEvent: '*'
2023-05-12 12:45:47.840 [info] ExtensionService#_doActivateExtension vscode.markdown-math, startup: false, activationEvent: 'api', root cause: vscode.markdown-language-features
2023-05-12 12:45:47.992 [info] ExtensionService#_doActivateExtension vscode.github, startup: true, activationEvent: '*'
2023-05-12 12:45:48.002 [info] ExtensionService#_doActivateExtension vscode.json-language-features, startup: false, activationEvent: 'onLanguage:jsonc'
2023-05-12 12:45:48.052 [info] ExtensionService#_doActivateExtension vscode.typescript-language-features, startup: false, activationEvent: 'onLanguage:jsonc'
2023-05-12 12:45:48.126 [info] ExtensionService#_doActivateExtension vscode.github-authentication, startup: false, activationEvent: 'onAuthenticationRequest:github'
2023-05-12 12:45:48.513 [info] Eager extensions activated
2023-05-12 12:45:48.540 [info] ExtensionService#_doActivateExtension vscode.debug-auto-launch, startup: false, activationEvent: 'onStartupFinished'
2023-05-12 12:45:48.543 [info] ExtensionService#_doActivateExtension vscode.merge-conflict, startup: false, activationEvent: 'onStartupFinished'
2023-05-12 12:45:48.568 [info] ExtensionService#_doActivateExtension alefragnani.Bookmarks, startup: false, activationEvent: 'onStartupFinished'
2023-05-12 12:45:48.581 [info] ExtensionService#_doActivateExtension alefragnani.project-manager, startup: false, activationEvent: 'onStartupFinished'
2023-05-12 12:45:48.595 [info] ExtensionService#_doActivateExtension dsznajder.es7-react-js-snippets, startup: false, activationEvent: 'onStartupFinished'
2023-05-12 12:45:48.910 [info] ExtensionService#_doActivateExtension eamodio.gitlens, startup: false, activationEvent: 'onStartupFinished'
2023-05-12 12:45:48.982 [info] ExtensionService#_doActivateExtension vscode.npm, startup: false, activationEvent: 'onStartupFinished', root cause: esbenp.prettier-vscode
2023-05-12 12:45:49.002 [info] ExtensionService#_doActivateExtension ms-vscode-remote.remote-containers, startup: false, activationEvent: 'onStartupFinished'
2023-05-12 12:45:49.058 [info] ExtensionService#_doActivateExtension vscode-icons-team.vscode-icons, startup: false, activationEvent: 'onStartupFinished'
2023-05-12 12:45:49.291 [info] ExtensionService#_doActivateExtension esbenp.prettier-vscode, startup: false, activationEvent: 'onStartupFinished'
2023-05-12 12:45:51.656 [info] ExtensionService#_doActivateExtension vscode.microsoft-authentication, startup: false, activationEvent: 'onAuthenticationRequest:microsoft'
2023-05-12 12:46:00.160 [info] Extension host terminating: renderer closed the MessagePort
2023-05-12 12:46:00.199 [error] Canceled: Canceled
    at new l (/var/lib/snapd/snap/code/129/usr/share/code/resources/app/out/vs/workbench/api/node/extensionHostProcess.js:98:104563)
    at a.O (/var/lib/snapd/snap/code/129/usr/share/code/resources/app/out/vs/workbench/api/node/extensionHostProcess.js:110:11657)
    at Proxy.H.<computed>.V.charCodeAt.H.<computed> (/var/lib/snapd/snap/code/129/usr/share/code/resources/app/out/vs/workbench/api/node/extensionHostProcess.js:110:8947)
    at e.ExtHostCommands.g (/var/lib/snapd/snap/code/129/usr/share/code/resources/app/out/vs/workbench/api/node/extensionHostProcess.js:98:124729)
    at e.ExtHostCommands.executeCommand (/var/lib/snapd/snap/code/129/usr/share/code/resources/app/out/vs/workbench/api/node/extensionHostProcess.js:98:124105)
    at C.registerCommand.description (/var/lib/snapd/snap/code/129/usr/share/code/resources/app/out/vs/workbench/api/node/extensionHostProcess.js:98:123398)
    at e.ExtHostCommands.h (/var/lib/snapd/snap/code/129/usr/share/code/resources/app/out/vs/workbench/api/node/extensionHostProcess.js:98:125315)
    at e.ExtHostCommands.g (/var/lib/snapd/snap/code/129/usr/share/code/resources/app/out/vs/workbench/api/node/extensionHostProcess.js:98:124205)
    at e.ExtHostCommands.executeCommand (/var/lib/snapd/snap/code/129/usr/share/code/resources/app/out/vs/workbench/api/node/extensionHostProcess.js:98:124105)
    at Object.executeCommand (/var/lib/snapd/snap/code/129/usr/share/code/resources/app/out/vs/workbench/api/node/extensionHostProcess.js:116:24043)
    at g (/home/devilunraveled/.vscode/extensions/eamodio.gitlens-13.5.0/dist/gitlens.js:1:868259)
    at c (/home/devilunraveled/.vscode/extensions/eamodio.gitlens-13.5.0/dist/gitlens.js:1:608698)
    at ActionRunners._updateContextKeys (/home/devilunraveled/.vscode/extensions/eamodio.gitlens-13.5.0/dist/gitlens.js:1:37566)
    at s (/home/devilunraveled/.vscode/extensions/eamodio.gitlens-13.5.0/dist/gitlens.js:1:35985)
    at RegisteredActionRunner.unregister (/home/devilunraveled/.vscode/extensions/eamodio.gitlens-13.5.0/dist/gitlens.js:1:36129)
    at RegisteredActionRunner.dispose (/home/devilunraveled/.vscode/extensions/eamodio.gitlens-13.5.0/dist/gitlens.js:1:34794)
    at ActionRunners.dispose (/home/devilunraveled/.vscode/extensions/eamodio.gitlens-13.5.0/dist/gitlens.js:1:35571)
    at T (/var/lib/snapd/snap/code/129/usr/share/code/resources/app/out/vs/workbench/api/node/extensionHostProcess.js:10:12080)
    at v.Y (/var/lib/snapd/snap/code/129/usr/share/code/resources/app/out/vs/workbench/api/node/extensionHostProcess.js:112:11173)
    at /var/lib/snapd/snap/code/129/usr/share/code/resources/app/out/vs/workbench/api/node/extensionHostProcess.js:112:9157
    at Array.map (<anonymous>)
    at v.R (/var/lib/snapd/snap/code/129/usr/share/code/resources/app/out/vs/workbench/api/node/extensionHostProcess.js:112:9144)
    at v.terminate (/var/lib/snapd/snap/code/129/usr/share/code/resources/app/out/vs/workbench/api/node/extensionHostProcess.js:112:9415)
    at d.terminate (/var/lib/snapd/snap/code/129/usr/share/code/resources/app/out/vs/workbench/api/node/extensionHostProcess.js:116:1544)
    at g (/var/lib/snapd/snap/code/129/usr/share/code/resources/app/out/vs/workbench/api/node/extensionHostProcess.js:126:34439)
    at MessagePortMain.<anonymous> (/var/lib/snapd/snap/code/129/usr/share/code/resources/app/out/vs/workbench/api/node/extensionHostProcess.js:126:30578)
    at MessagePortMain.emit (node:events:513:28)
    at Object.MessagePortMain._internalPort.emit (node:electron/js2c/utility_init:2:367) setContext undefined
2023-05-12 12:46:00.199 [error] Canceled: Canceled
    at new l (/var/lib/snapd/snap/code/129/usr/share/code/resources/app/out/vs/workbench/api/node/extensionHostProcess.js:98:104563)
    at a.O (/var/lib/snapd/snap/code/129/usr/share/code/resources/app/out/vs/workbench/api/node/extensionHostProcess.js:110:11657)
    at Proxy.H.<computed>.V.charCodeAt.H.<computed> (/var/lib/snapd/snap/code/129/usr/share/code/resources/app/out/vs/workbench/api/node/extensionHostProcess.js:110:8947)
    at e.ExtHostCommands.g (/var/lib/snapd/snap/code/129/usr/share/code/resources/app/out/vs/workbench/api/node/extensionHostProcess.js:98:124729)
    at e.ExtHostCommands.executeCommand (/var/lib/snapd/snap/code/129/usr/share/code/resources/app/out/vs/workbench/api/node/extensionHostProcess.js:98:124105)
    at C.registerCommand.description (/var/lib/snapd/snap/code/129/usr/share/code/resources/app/out/vs/workbench/api/node/extensionHostProcess.js:98:123398)
    at e.ExtHostCommands.h (/var/lib/snapd/snap/code/129/usr/share/code/resources/app/out/vs/workbench/api/node/extensionHostProcess.js:98:125315)
    at e.ExtHostCommands.g (/var/lib/snapd/snap/code/129/usr/share/code/resources/app/out/vs/workbench/api/node/extensionHostProcess.js:98:124205)
    at e.ExtHostCommands.executeCommand (/var/lib/snapd/snap/code/129/usr/share/code/resources/app/out/vs/workbench/api/node/extensionHostProcess.js:98:124105)
    at Object.executeCommand (/var/lib/snapd/snap/code/129/usr/share/code/resources/app/out/vs/workbench/api/node/extensionHostProcess.js:116:24043)
    at g (/home/devilunraveled/.vscode/extensions/eamodio.gitlens-13.5.0/dist/gitlens.js:1:868259)
    at c (/home/devilunraveled/.vscode/extensions/eamodio.gitlens-13.5.0/dist/gitlens.js:1:608698)
    at ActionRunners._updateContextKeys (/home/devilunraveled/.vscode/extensions/eamodio.gitlens-13.5.0/dist/gitlens.js:1:37566)
    at s (/home/devilunraveled/.vscode/extensions/eamodio.gitlens-13.5.0/dist/gitlens.js:1:35985)
    at RegisteredActionRunner.unregister (/home/devilunraveled/.vscode/extensions/eamodio.gitlens-13.5.0/dist/gitlens.js:1:36129)
    at RegisteredActionRunner.dispose (/home/devilunraveled/.vscode/extensions/eamodio.gitlens-13.5.0/dist/gitlens.js:1:34794)
    at ActionRunners.dispose (/home/devilunraveled/.vscode/extensions/eamodio.gitlens-13.5.0/dist/gitlens.js:1:35571)
    at T (/var/lib/snapd/snap/code/129/usr/share/code/resources/app/out/vs/workbench/api/node/extensionHostProcess.js:10:12080)
    at v.Y (/var/lib/snapd/snap/code/129/usr/share/code/resources/app/out/vs/workbench/api/node/extensionHostProcess.js:112:11173)
    at /var/lib/snapd/snap/code/129/usr/share/code/resources/app/out/vs/workbench/api/node/extensionHostProcess.js:112:9157
    at Array.map (<anonymous>)
    at v.R (/var/lib/snapd/snap/code/129/usr/share/code/resources/app/out/vs/workbench/api/node/extensionHostProcess.js:112:9144)
    at v.terminate (/var/lib/snapd/snap/code/129/usr/share/code/resources/app/out/vs/workbench/api/node/extensionHostProcess.js:112:9415)
    at d.terminate (/var/lib/snapd/snap/code/129/usr/share/code/resources/app/out/vs/workbench/api/node/extensionHostProcess.js:116:1544)
    at g (/var/lib/snapd/snap/code/129/usr/share/code/resources/app/out/vs/workbench/api/node/extensionHostProcess.js:126:34439)
    at MessagePortMain.<anonymous> (/var/lib/snapd/snap/code/129/usr/share/code/resources/app/out/vs/workbench/api/node/extensionHostProcess.js:126:30578)
    at MessagePortMain.emit (node:events:513:28)
    at Object.MessagePortMain._internalPort.emit (node:electron/js2c/utility_init:2:367) setContext undefined
2023-05-12 12:46:00.199 [error] Canceled: Canceled
    at new l (/var/lib/snapd/snap/code/129/usr/share/code/resources/app/out/vs/workbench/api/node/extensionHostProcess.js:98:104563)
    at a.O (/var/lib/snapd/snap/code/129/usr/share/code/resources/app/out/vs/workbench/api/node/extensionHostProcess.js:110:11657)
    at Proxy.H.<computed>.V.charCodeAt.H.<computed> (/var/lib/snapd/snap/code/129/usr/share/code/resources/app/out/vs/workbench/api/node/extensionHostProcess.js:110:8947)
    at e.ExtHostCommands.g (/var/lib/snapd/snap/code/129/usr/share/code/resources/app/out/vs/workbench/api/node/extensionHostProcess.js:98:124729)
    at e.ExtHostCommands.executeCommand (/var/lib/snapd/snap/code/129/usr/share/code/resources/app/out/vs/workbench/api/node/extensionHostProcess.js:98:124105)
    at C.registerCommand.description (/var/lib/snapd/snap/code/129/usr/share/code/resources/app/out/vs/workbench/api/node/extensionHostProcess.js:98:123398)
    at e.ExtHostCommands.h (/var/lib/snapd/snap/code/129/usr/share/code/resources/app/out/vs/workbench/api/node/extensionHostProcess.js:98:125315)
    at e.ExtHostCommands.g (/var/lib/snapd/snap/code/129/usr/share/code/resources/app/out/vs/workbench/api/node/extensionHostProcess.js:98:124205)
    at e.ExtHostCommands.executeCommand (/var/lib/snapd/snap/code/129/usr/share/code/resources/app/out/vs/workbench/api/node/extensionHostProcess.js:98:124105)
    at Object.executeCommand (/var/lib/snapd/snap/code/129/usr/share/code/resources/app/out/vs/workbench/api/node/extensionHostProcess.js:116:24043)
    at g (/home/devilunraveled/.vscode/extensions/eamodio.gitlens-13.5.0/dist/gitlens.js:1:868259)
    at c (/home/devilunraveled/.vscode/extensions/eamodio.gitlens-13.5.0/dist/gitlens.js:1:608698)
    at ActionRunners._updateContextKeys (/home/devilunraveled/.vscode/extensions/eamodio.gitlens-13.5.0/dist/gitlens.js:1:37566)
    at s (/home/devilunraveled/.vscode/extensions/eamodio.gitlens-13.5.0/dist/gitlens.js:1:35985)
    at RegisteredActionRunner.unregister (/home/devilunraveled/.vscode/extensions/eamodio.gitlens-13.5.0/dist/gitlens.js:1:36129)
    at RegisteredActionRunner.dispose (/home/devilunraveled/.vscode/extensions/eamodio.gitlens-13.5.0/dist/gitlens.js:1:34794)
    at ActionRunners.dispose (/home/devilunraveled/.vscode/extensions/eamodio.gitlens-13.5.0/dist/gitlens.js:1:35571)
    at T (/var/lib/snapd/snap/code/129/usr/share/code/resources/app/out/vs/workbench/api/node/extensionHostProcess.js:10:12080)
    at v.Y (/var/lib/snapd/snap/code/129/usr/share/code/resources/app/out/vs/workbench/api/node/extensionHostProcess.js:112:11173)
    at /var/lib/snapd/snap/code/129/usr/share/code/resources/app/out/vs/workbench/api/node/extensionHostProcess.js:112:9157
    at Array.map (<anonymous>)
    at v.R (/var/lib/snapd/snap/code/129/usr/share/code/resources/app/out/vs/workbench/api/node/extensionHostProcess.js:112:9144)
    at v.terminate (/var/lib/snapd/snap/code/129/usr/share/code/resources/app/out/vs/workbench/api/node/extensionHostProcess.js:112:9415)
    at d.terminate (/var/lib/snapd/snap/code/129/usr/share/code/resources/app/out/vs/workbench/api/node/extensionHostProcess.js:116:1544)
    at g (/var/lib/snapd/snap/code/129/usr/share/code/resources/app/out/vs/workbench/api/node/extensionHostProcess.js:126:34439)
    at MessagePortMain.<anonymous> (/var/lib/snapd/snap/code/129/usr/share/code/resources/app/out/vs/workbench/api/node/extensionHostProcess.js:126:30578)
    at MessagePortMain.emit (node:events:513:28)
    at Object.MessagePortMain._internalPort.emit (node:electron/js2c/utility_init:2:367) setContext undefined
2023-05-12 12:46:00.202 [error] Canceled: Canceled
    at new l (/var/lib/snapd/snap/code/129/usr/share/code/resources/app/out/vs/workbench/api/node/extensionHostProcess.js:98:104563)
    at a.O (/var/lib/snapd/snap/code/129/usr/share/code/resources/app/out/vs/workbench/api/node/extensionHostProcess.js:110:11657)
    at Proxy.H.<computed>.V.charCodeAt.H.<computed> (/var/lib/snapd/snap/code/129/usr/share/code/resources/app/out/vs/workbench/api/node/extensionHostProcess.js:110:8947)
    at e.ExtHostCommands.g (/var/lib/snapd/snap/code/129/usr/share/code/resources/app/out/vs/workbench/api/node/extensionHostProcess.js:98:124729)
    at e.ExtHostCommands.executeCommand (/var/lib/snapd/snap/code/129/usr/share/code/resources/app/out/vs/workbench/api/node/extensionHostProcess.js:98:124105)
    at C.registerCommand.description (/var/lib/snapd/snap/code/129/usr/share/code/resources/app/out/vs/workbench/api/node/extensionHostProcess.js:98:123398)
    at e.ExtHostCommands.h (/var/lib/snapd/snap/code/129/usr/share/code/resources/app/out/vs/workbench/api/node/extensionHostProcess.js:98:125315)
    at e.ExtHostCommands.g (/var/lib/snapd/snap/code/129/usr/share/code/resources/app/out/vs/workbench/api/node/extensionHostProcess.js:98:124205)
    at e.ExtHostCommands.executeCommand (/var/lib/snapd/snap/code/129/usr/share/code/resources/app/out/vs/workbench/api/node/extensionHostProcess.js:98:124105)
    at Object.executeCommand (/var/lib/snapd/snap/code/129/usr/share/code/resources/app/out/vs/workbench/api/node/extensionHostProcess.js:116:24043)
    at g (/home/devilunraveled/.vscode/extensions/eamodio.gitlens-13.5.0/dist/gitlens.js:1:868259)
    at c (/home/devilunraveled/.vscode/extensions/eamodio.gitlens-13.5.0/dist/gitlens.js:1:608698)
    at ActionRunners._updateContextKeys (/home/devilunraveled/.vscode/extensions/eamodio.gitlens-13.5.0/dist/gitlens.js:1:37566)
    at s (/home/devilunraveled/.vscode/extensions/eamodio.gitlens-13.5.0/dist/gitlens.js:1:35985)
    at RegisteredActionRunner.unregister (/home/devilunraveled/.vscode/extensions/eamodio.gitlens-13.5.0/dist/gitlens.js:1:36129)
    at RegisteredActionRunner.dispose (/home/devilunraveled/.vscode/extensions/eamodio.gitlens-13.5.0/dist/gitlens.js:1:34794)
    at Object.dispose (/home/devilunraveled/.vscode/extensions/eamodio.gitlens-13.5.0/dist/gitlens.js:1:36226)
    at T (/var/lib/snapd/snap/code/129/usr/share/code/resources/app/out/vs/workbench/api/node/extensionHostProcess.js:10:12080)
    at v.Y (/var/lib/snapd/snap/code/129/usr/share/code/resources/app/out/vs/workbench/api/node/extensionHostProcess.js:112:11173)
    at /var/lib/snapd/snap/code/129/usr/share/code/resources/app/out/vs/workbench/api/node/extensionHostProcess.js:112:9157
    at Array.map (<anonymous>)
    at v.R (/var/lib/snapd/snap/code/129/usr/share/code/resources/app/out/vs/workbench/api/node/extensionHostProcess.js:112:9144)
    at v.terminate (/var/lib/snapd/snap/code/129/usr/share/code/resources/app/out/vs/workbench/api/node/extensionHostProcess.js:112:9415)
    at d.terminate (/var/lib/snapd/snap/code/129/usr/share/code/resources/app/out/vs/workbench/api/node/extensionHostProcess.js:116:1544)
    at g (/var/lib/snapd/snap/code/129/usr/share/code/resources/app/out/vs/workbench/api/node/extensionHostProcess.js:126:34439)
    at MessagePortMain.<anonymous> (/var/lib/snapd/snap/code/129/usr/share/code/resources/app/out/vs/workbench/api/node/extensionHostProcess.js:126:30578)
    at MessagePortMain.emit (node:events:513:28)
    at Object.MessagePortMain._internalPort.emit (node:electron/js2c/utility_init:2:367) setContext undefined
2023-05-12 12:46:00.202 [error] Canceled: Canceled
    at new l (/var/lib/snapd/snap/code/129/usr/share/code/resources/app/out/vs/workbench/api/node/extensionHostProcess.js:98:104563)
    at a.O (/var/lib/snapd/snap/code/129/usr/share/code/resources/app/out/vs/workbench/api/node/extensionHostProcess.js:110:11657)
    at Proxy.H.<computed>.V.charCodeAt.H.<computed> (/var/lib/snapd/snap/code/129/usr/share/code/resources/app/out/vs/workbench/api/node/extensionHostProcess.js:110:8947)
    at e.ExtHostCommands.g (/var/lib/snapd/snap/code/129/usr/share/code/resources/app/out/vs/workbench/api/node/extensionHostProcess.js:98:124729)
    at e.ExtHostCommands.executeCommand (/var/lib/snapd/snap/code/129/usr/share/code/resources/app/out/vs/workbench/api/node/extensionHostProcess.js:98:124105)
    at C.registerCommand.description (/var/lib/snapd/snap/code/129/usr/share/code/resources/app/out/vs/workbench/api/node/extensionHostProcess.js:98:123398)
    at e.ExtHostCommands.h (/var/lib/snapd/snap/code/129/usr/share/code/resources/app/out/vs/workbench/api/node/extensionHostProcess.js:98:125315)
    at e.ExtHostCommands.g (/var/lib/snapd/snap/code/129/usr/share/code/resources/app/out/vs/workbench/api/node/extensionHostProcess.js:98:124205)
    at e.ExtHostCommands.executeCommand (/var/lib/snapd/snap/code/129/usr/share/code/resources/app/out/vs/workbench/api/node/extensionHostProcess.js:98:124105)
    at Object.executeCommand (/var/lib/snapd/snap/code/129/usr/share/code/resources/app/out/vs/workbench/api/node/extensionHostProcess.js:116:24043)
    at g (/home/devilunraveled/.vscode/extensions/eamodio.gitlens-13.5.0/dist/gitlens.js:1:868259)
    at c (/home/devilunraveled/.vscode/extensions/eamodio.gitlens-13.5.0/dist/gitlens.js:1:608698)
    at ActionRunners._updateContextKeys (/home/devilunraveled/.vscode/extensions/eamodio.gitlens-13.5.0/dist/gitlens.js:1:37566)
    at s (/home/devilunraveled/.vscode/extensions/eamodio.gitlens-13.5.0/dist/gitlens.js:1:35985)
    at RegisteredActionRunner.unregister (/home/devilunraveled/.vscode/extensions/eamodio.gitlens-13.5.0/dist/gitlens.js:1:36129)
    at RegisteredActionRunner.dispose (/home/devilunraveled/.vscode/extensions/eamodio.gitlens-13.5.0/dist/gitlens.js:1:34794)
    at Object.dispose (/home/devilunraveled/.vscode/extensions/eamodio.gitlens-13.5.0/dist/gitlens.js:1:36226)
    at T (/var/lib/snapd/snap/code/129/usr/share/code/resources/app/out/vs/workbench/api/node/extensionHostProcess.js:10:12080)
    at v.Y (/var/lib/snapd/snap/code/129/usr/share/code/resources/app/out/vs/workbench/api/node/extensionHostProcess.js:112:11173)
    at /var/lib/snapd/snap/code/129/usr/share/code/resources/app/out/vs/workbench/api/node/extensionHostProcess.js:112:9157
    at Array.map (<anonymous>)
    at v.R (/var/lib/snapd/snap/code/129/usr/share/code/resources/app/out/vs/workbench/api/node/extensionHostProcess.js:112:9144)
    at v.terminate (/var/lib/snapd/snap/code/129/usr/share/code/resources/app/out/vs/workbench/api/node/extensionHostProcess.js:112:9415)
    at d.terminate (/var/lib/snapd/snap/code/129/usr/share/code/resources/app/out/vs/workbench/api/node/extensionHostProcess.js:116:1544)
    at g (/var/lib/snapd/snap/code/129/usr/share/code/resources/app/out/vs/workbench/api/node/extensionHostProcess.js:126:34439)
    at MessagePortMain.<anonymous> (/var/lib/snapd/snap/code/129/usr/share/code/resources/app/out/vs/workbench/api/node/extensionHostProcess.js:126:30578)
    at MessagePortMain.emit (node:events:513:28)
    at Object.MessagePortMain._internalPort.emit (node:electron/js2c/utility_init:2:367) setContext undefined
2023-05-12 12:46:00.202 [error] Canceled: Canceled
    at new l (/var/lib/snapd/snap/code/129/usr/share/code/resources/app/out/vs/workbench/api/node/extensionHostProcess.js:98:104563)
    at a.O (/var/lib/snapd/snap/code/129/usr/share/code/resources/app/out/vs/workbench/api/node/extensionHostProcess.js:110:11657)
    at Proxy.H.<computed>.V.charCodeAt.H.<computed> (/var/lib/snapd/snap/code/129/usr/share/code/resources/app/out/vs/workbench/api/node/extensionHostProcess.js:110:8947)
    at e.ExtHostCommands.g (/var/lib/snapd/snap/code/129/usr/share/code/resources/app/out/vs/workbench/api/node/extensionHostProcess.js:98:124729)
    at e.ExtHostCommands.executeCommand (/var/lib/snapd/snap/code/129/usr/share/code/resources/app/out/vs/workbench/api/node/extensionHostProcess.js:98:124105)
    at C.registerCommand.description (/var/lib/snapd/snap/code/129/usr/share/code/resources/app/out/vs/workbench/api/node/extensionHostProcess.js:98:123398)
    at e.ExtHostCommands.h (/var/lib/snapd/snap/code/129/usr/share/code/resources/app/out/vs/workbench/api/node/extensionHostProcess.js:98:125315)
    at e.ExtHostCommands.g (/var/lib/snapd/snap/code/129/usr/share/code/resources/app/out/vs/workbench/api/node/extensionHostProcess.js:98:124205)
    at e.ExtHostCommands.executeCommand (/var/lib/snapd/snap/code/129/usr/share/code/resources/app/out/vs/workbench/api/node/extensionHostProcess.js:98:124105)
    at Object.executeCommand (/var/lib/snapd/snap/code/129/usr/share/code/resources/app/out/vs/workbench/api/node/extensionHostProcess.js:116:24043)
    at g (/home/devilunraveled/.vscode/extensions/eamodio.gitlens-13.5.0/dist/gitlens.js:1:868259)
    at c (/home/devilunraveled/.vscode/extensions/eamodio.gitlens-13.5.0/dist/gitlens.js:1:608698)
    at ActionRunners._updateContextKeys (/home/devilunraveled/.vscode/extensions/eamodio.gitlens-13.5.0/dist/gitlens.js:1:37566)
    at s (/home/devilunraveled/.vscode/extensions/eamodio.gitlens-13.5.0/dist/gitlens.js:1:35985)
    at RegisteredActionRunner.unregister (/home/devilunraveled/.vscode/extensions/eamodio.gitlens-13.5.0/dist/gitlens.js:1:36129)
    at RegisteredActionRunner.dispose (/home/devilunraveled/.vscode/extensions/eamodio.gitlens-13.5.0/dist/gitlens.js:1:34794)
    at Object.dispose (/home/devilunraveled/.vscode/extensions/eamodio.gitlens-13.5.0/dist/gitlens.js:1:36226)
    at T (/var/lib/snapd/snap/code/129/usr/share/code/resources/app/out/vs/workbench/api/node/extensionHostProcess.js:10:12080)
    at v.Y (/var/lib/snapd/snap/code/129/usr/share/code/resources/app/out/vs/workbench/api/node/extensionHostProcess.js:112:11173)
    at /var/lib/snapd/snap/code/129/usr/share/code/resources/app/out/vs/workbench/api/node/extensionHostProcess.js:112:9157
    at Array.map (<anonymous>)
    at v.R (/var/lib/snapd/snap/code/129/usr/share/code/resources/app/out/vs/workbench/api/node/extensionHostProcess.js:112:9144)
    at v.terminate (/var/lib/snapd/snap/code/129/usr/share/code/resources/app/out/vs/workbench/api/node/extensionHostProcess.js:112:9415)
    at d.terminate (/var/lib/snapd/snap/code/129/usr/share/code/resources/app/out/vs/workbench/api/node/extensionHostProcess.js:116:1544)
    at g (/var/lib/snapd/snap/code/129/usr/share/code/resources/app/out/vs/workbench/api/node/extensionHostProcess.js:126:34439)
    at MessagePortMain.<anonymous> (/var/lib/snapd/snap/code/129/usr/share/code/resources/app/out/vs/workbench/api/node/extensionHostProcess.js:126:30578)
    at MessagePortMain.emit (node:events:513:28)
    at Object.MessagePortMain._internalPort.emit (node:electron/js2c/utility_init:2:367) setContext undefined
2023-05-12 12:46:00.204 [error] Canceled: Canceled
    at new l (/var/lib/snapd/snap/code/129/usr/share/code/resources/app/out/vs/workbench/api/node/extensionHostProcess.js:98:104563)
    at a.O (/var/lib/snapd/snap/code/129/usr/share/code/resources/app/out/vs/workbench/api/node/extensionHostProcess.js:110:11657)
    at Proxy.H.<computed>.V.charCodeAt.H.<computed> (/var/lib/snapd/snap/code/129/usr/share/code/resources/app/out/vs/workbench/api/node/extensionHostProcess.js:110:8947)
    at e.ExtHostCommands.g (/var/lib/snapd/snap/code/129/usr/share/code/resources/app/out/vs/workbench/api/node/extensionHostProcess.js:98:124729)
    at e.ExtHostCommands.executeCommand (/var/lib/snapd/snap/code/129/usr/share/code/resources/app/out/vs/workbench/api/node/extensionHostProcess.js:98:124105)
    at C.registerCommand.description (/var/lib/snapd/snap/code/129/usr/share/code/resources/app/out/vs/workbench/api/node/extensionHostProcess.js:98:123398)
    at e.ExtHostCommands.h (/var/lib/snapd/snap/code/129/usr/share/code/resources/app/out/vs/workbench/api/node/extensionHostProcess.js:98:125315)
    at e.ExtHostCommands.g (/var/lib/snapd/snap/code/129/usr/share/code/resources/app/out/vs/workbench/api/node/extensionHostProcess.js:98:124205)
    at e.ExtHostCommands.executeCommand (/var/lib/snapd/snap/code/129/usr/share/code/resources/app/out/vs/workbench/api/node/extensionHostProcess.js:98:124105)
    at Object.executeCommand (/var/lib/snapd/snap/code/129/usr/share/code/resources/app/out/vs/workbench/api/node/extensionHostProcess.js:116:24043)
    at Object.dispose (/home/devilunraveled/.vscode/extensions/tabnine.tabnine-vscode-3.6.45/out/extension.js:17:101165)
    at /home/devilunraveled/.vscode/extensions/tabnine.tabnine-vscode-3.6.45/out/extension.js:17:30354
    at Array.forEach (<anonymous>)
    at f (/home/devilunraveled/.vscode/extensions/tabnine.tabnine-vscode-3.6.45/out/extension.js:17:30339)
    at Object.dispose (/home/devilunraveled/.vscode/extensions/tabnine.tabnine-vscode-3.6.45/out/extension.js:17:29757)
    at T (/var/lib/snapd/snap/code/129/usr/share/code/resources/app/out/vs/workbench/api/node/extensionHostProcess.js:10:12080)
    at v.Y (/var/lib/snapd/snap/code/129/usr/share/code/resources/app/out/vs/workbench/api/node/extensionHostProcess.js:112:11173)
    at /var/lib/snapd/snap/code/129/usr/share/code/resources/app/out/vs/workbench/api/node/extensionHostProcess.js:112:9157
    at Array.map (<anonymous>)
    at v.R (/var/lib/snapd/snap/code/129/usr/share/code/resources/app/out/vs/workbench/api/node/extensionHostProcess.js:112:9144)
    at v.terminate (/var/lib/snapd/snap/code/129/usr/share/code/resources/app/out/vs/workbench/api/node/extensionHostProcess.js:112:9415)
    at d.terminate (/var/lib/snapd/snap/code/129/usr/share/code/resources/app/out/vs/workbench/api/node/extensionHostProcess.js:116:1544)
    at g (/var/lib/snapd/snap/code/129/usr/share/code/resources/app/out/vs/workbench/api/node/extensionHostProcess.js:126:34439)
    at MessagePortMain.<anonymous> (/var/lib/snapd/snap/code/129/usr/share/code/resources/app/out/vs/workbench/api/node/extensionHostProcess.js:126:30578)
    at MessagePortMain.emit (node:events:513:28)
    at Object.MessagePortMain._internalPort.emit (node:electron/js2c/utility_init:2:367) setContext undefined
2023-05-12 12:46:00.208 [error] ProxyResolver#resolveProxy DIRECT Canceled: Canceled
    at new l (/var/lib/snapd/snap/code/129/usr/share/code/resources/app/out/vs/workbench/api/node/extensionHostProcess.js:98:104563)
    at a.O (/var/lib/snapd/snap/code/129/usr/share/code/resources/app/out/vs/workbench/api/node/extensionHostProcess.js:110:11657)
    at Proxy.H.<computed>.V.charCodeAt.H.<computed> (/var/lib/snapd/snap/code/129/usr/share/code/resources/app/out/vs/workbench/api/node/extensionHostProcess.js:110:8947)
    at e.ExtHostWorkspace.resolveProxy (/var/lib/snapd/snap/code/129/usr/share/code/resources/app/out/vs/workbench/api/node/extensionHostProcess.js:111:20361)
    at Object.resolveProxy (/var/lib/snapd/snap/code/129/usr/share/code/resources/app/out/vs/workbench/api/node/extensionHostProcess.js:90:22532)
    at useProxySettings (/var/lib/snapd/snap/code/129/usr/share/code/resources/app/node_modules.asar/@vscode/proxy-agent/out/index.js:159:16)
    at /var/lib/snapd/snap/code/129/usr/share/code/resources/app/node_modules.asar/@vscode/proxy-agent/out/index.js:107:13
    at /var/lib/snapd/snap/code/129/usr/share/code/resources/app/node_modules.asar/@vscode/proxy-agent/out/index.js:336:13 
2023-05-12 12:46:00.537 [info] Extension host with pid 9269 exiting with code 0
2023-05-12 12:46:00.894 [info] Extension host with pid 10191 started
2023-05-12 12:46:00.894 [info] Skipping acquiring lock for /home/devilunraveled/.config/Code/User/workspaceStorage/e044c97d71cda77814f1201696ef40a5.
2023-05-12 12:46:01.033 [info] ExtensionService#_doActivateExtension vscode.git-base, startup: true, activationEvent: '*'
2023-05-12 12:46:01.036 [info] ExtensionService#_doActivateExtension formulahendry.auto-close-tag, startup: true, activationEvent: '*'
2023-05-12 12:46:01.037 [info] ExtensionService#_doActivateExtension formulahendry.auto-rename-tag, startup: true, activationEvent: '*'
2023-05-12 12:46:01.045 [info] ExtensionService#_doActivateExtension TabNine.tabnine-vscode, startup: true, activationEvent: '*'
2023-05-12 12:46:01.108 [info] ExtensionService#_doActivateExtension vscodevim.vim, startup: true, activationEvent: '*'
2023-05-12 12:46:01.214 [info] ExtensionService#_doActivateExtension vscode.github, startup: true, activationEvent: '*'
2023-05-12 12:46:01.244 [info] ExtensionService#_doActivateExtension vscode.json-language-features, startup: false, activationEvent: 'onLanguage:jsonc'
2023-05-12 12:46:01.254 [info] ExtensionService#_doActivateExtension vscode.typescript-language-features, startup: false, activationEvent: 'onLanguage:jsonc'
2023-05-12 12:46:01.265 [info] ExtensionService#_doActivateExtension vscode.emmet, startup: false, activationEvent: 'onLanguage'
2023-05-12 12:46:01.331 [info] ExtensionService#_doActivateExtension vscode.github-authentication, startup: false, activationEvent: 'onAuthenticationRequest:github'
2023-05-12 12:46:01.369 [info] Eager extensions activated
2023-05-12 12:46:01.377 [info] ExtensionService#_doActivateExtension vscode.debug-auto-launch, startup: false, activationEvent: 'onStartupFinished'
2023-05-12 12:46:01.378 [info] ExtensionService#_doActivateExtension vscode.merge-conflict, startup: false, activationEvent: 'onStartupFinished'
2023-05-12 12:46:01.384 [info] ExtensionService#_doActivateExtension alefragnani.Bookmarks, startup: false, activationEvent: 'onStartupFinished'
2023-05-12 12:46:01.387 [info] ExtensionService#_doActivateExtension alefragnani.project-manager, startup: false, activationEvent: 'onStartupFinished'
2023-05-12 12:46:01.390 [info] ExtensionService#_doActivateExtension dsznajder.es7-react-js-snippets, startup: false, activationEvent: 'onStartupFinished'
2023-05-12 12:46:01.567 [info] ExtensionService#_doActivateExtension eamodio.gitlens, startup: false, activationEvent: 'onStartupFinished'
2023-05-12 12:46:01.652 [info] ExtensionService#_doActivateExtension vscode.npm, startup: false, activationEvent: 'onStartupFinished', root cause: esbenp.prettier-vscode
2023-05-12 12:46:01.657 [info] ExtensionService#_doActivateExtension ms-vscode-remote.remote-containers, startup: false, activationEvent: 'onStartupFinished'
2023-05-12 12:46:01.723 [info] ExtensionService#_doActivateExtension vscode-icons-team.vscode-icons, startup: false, activationEvent: 'onStartupFinished'
2023-05-12 12:46:01.833 [info] ExtensionService#_doActivateExtension vscode.microsoft-authentication, startup: false, activationEvent: 'onAuthenticationRequest:microsoft'
2023-05-12 12:46:01.994 [info] ExtensionService#_doActivateExtension esbenp.prettier-vscode, startup: false, activationEvent: 'onStartupFinished'
2023-05-12 12:46:04.722 [info] ExtensionService#_doActivateExtension vscode.git, startup: false, activationEvent: 'api', root cause: vscode.github
2023-05-12 12:46:04.812 [info] ExtensionService#_doActivateExtension aaron-bond.better-comments, startup: false, activationEvent: 'onStartupFinished'
2023-05-12 12:46:04.826 [info] ExtensionService#_doActivateExtension dbaeumer.vscode-eslint, startup: false, activationEvent: 'onStartupFinished'
2023-05-12 12:46:04.854 [info] ExtensionService#_doActivateExtension formulahendry.code-runner, startup: false, activationEvent: 'onStartupFinished'
2023-05-12 12:46:04.886 [info] ExtensionService#_doActivateExtension streetsidesoftware.code-spell-checker, startup: false, activationEvent: 'onStartupFinished'
2023-05-12 12:46:04.945 [info] ExtensionService#_doActivateExtension wayou.vscode-todo-highlight, startup: false, activationEvent: '*'
2023-05-12 12:46:13.534 [info] ExtensionService#_doActivateExtension mongodb.mongodb-vscode, startup: false, activationEvent: 'onLanguage:plaintext'
2023-05-12 12:47:14.911 [warning] TextEditor is closed/disposed
2023-05-12 12:47:14.942 [warning] TextEditor is closed/disposed
2023-05-12 12:47:14.942 [warning] TextEditor is closed/disposed
2023-05-12 12:47:14.965 [warning] ExtHostTextEditorOptions 'setCursorStyle' failed:'
2023-05-12 12:47:14.965 [warning] TextEditor(vs.editor.ICodeEditor:1,$model2) has been disposed
2023-05-12 12:52:26.639 [warning] TextEditor is closed/disposed
2023-05-12 12:52:26.755 [info] ExtensionService#_doActivateExtension vscode.extension-editing, startup: false, activationEvent: 'onLanguage:markdown'
2023-05-12 12:52:26.761 [info] ExtensionService#_doActivateExtension vscode.markdown-language-features, startup: false, activationEvent: 'onLanguage:markdown'
2023-05-12 12:52:27.048 [info] ExtensionService#_doActivateExtension vscode.markdown-math, startup: false, activationEvent: 'api', root cause: vscode.markdown-language-features
2023-05-12 12:57:44.566 [warning] TextEditor is closed/disposed
2023-05-12 12:58:05.929 [warning] TextEditor is closed/disposed
2023-05-12 12:58:20.561 [warning] TextEditor is closed/disposed
2023-05-12 12:59:04.723 [warning] TextEditor is closed/disposed
2023-05-12 12:59:30.690 [warning] TextEditor is closed/disposed
2023-05-12 13:00:51.541 [info] Extension host terminating: renderer closed the MessagePort
2023-05-12 13:00:51.623 [error] Canceled: Canceled
    at new l (/var/lib/snapd/snap/code/129/usr/share/code/resources/app/out/vs/workbench/api/node/extensionHostProcess.js:98:104563)
    at a.O (/var/lib/snapd/snap/code/129/usr/share/code/resources/app/out/vs/workbench/api/node/extensionHostProcess.js:110:11657)
    at Proxy.H.<computed>.V.charCodeAt.H.<computed> (/var/lib/snapd/snap/code/129/usr/share/code/resources/app/out/vs/workbench/api/node/extensionHostProcess.js:110:8947)
    at e.ExtHostCommands.g (/var/lib/snapd/snap/code/129/usr/share/code/resources/app/out/vs/workbench/api/node/extensionHostProcess.js:98:124729)
    at e.ExtHostCommands.executeCommand (/var/lib/snapd/snap/code/129/usr/share/code/resources/app/out/vs/workbench/api/node/extensionHostProcess.js:98:124105)
    at C.registerCommand.description (/var/lib/snapd/snap/code/129/usr/share/code/resources/app/out/vs/workbench/api/node/extensionHostProcess.js:98:123398)
    at e.ExtHostCommands.h (/var/lib/snapd/snap/code/129/usr/share/code/resources/app/out/vs/workbench/api/node/extensionHostProcess.js:98:125315)
    at e.ExtHostCommands.g (/var/lib/snapd/snap/code/129/usr/share/code/resources/app/out/vs/workbench/api/node/extensionHostProcess.js:98:124205)
    at e.ExtHostCommands.executeCommand (/var/lib/snapd/snap/code/129/usr/share/code/resources/app/out/vs/workbench/api/node/extensionHostProcess.js:98:124105)
    at Object.executeCommand (/var/lib/snapd/snap/code/129/usr/share/code/resources/app/out/vs/workbench/api/node/extensionHostProcess.js:116:24043)
    at D (/var/lib/snapd/snap/code/129/usr/share/code/resources/app/extensions/git/dist/main.js:2:1259661)
    at v.invoke (/var/lib/snapd/snap/code/129/usr/share/code/resources/app/out/vs/workbench/api/node/extensionHostProcess.js:63:145)
    at h.deliver (/var/lib/snapd/snap/code/129/usr/share/code/resources/app/out/vs/workbench/api/node/extensionHostProcess.js:63:2121)
    at i.fire (/var/lib/snapd/snap/code/129/usr/share/code/resources/app/out/vs/workbench/api/node/extensionHostProcess.js:63:1729)
    at Object.m [as dispose] (/var/lib/snapd/snap/code/129/usr/share/code/resources/app/extensions/git/dist/main.js:2:1274494)
    at /var/lib/snapd/snap/code/129/usr/share/code/resources/app/extensions/git/dist/main.js:2:1278940
    at Array.forEach (<anonymous>)
    at g.dispose (/var/lib/snapd/snap/code/129/usr/share/code/resources/app/extensions/git/dist/main.js:2:1278926)
    at t.<anonymous> (/var/lib/snapd/snap/code/129/usr/share/code/resources/app/out/vs/workbench/api/node/extensionHostProcess.js:96:12369)
    at t.dispose (/var/lib/snapd/snap/code/129/usr/share/code/resources/app/out/vs/workbench/api/node/extensionHostProcess.js:96:12504)
    at t.<anonymous> (/var/lib/snapd/snap/code/129/usr/share/code/resources/app/extensions/git/dist/main.js:2:1261791)
    at t.dispose (/var/lib/snapd/snap/code/129/usr/share/code/resources/app/out/vs/workbench/api/node/extensionHostProcess.js:96:12504)
    at T (/var/lib/snapd/snap/code/129/usr/share/code/resources/app/out/vs/workbench/api/node/extensionHostProcess.js:10:12080)
    at v.Y (/var/lib/snapd/snap/code/129/usr/share/code/resources/app/out/vs/workbench/api/node/extensionHostProcess.js:112:11173)
    at /var/lib/snapd/snap/code/129/usr/share/code/resources/app/out/vs/workbench/api/node/extensionHostProcess.js:112:9157
    at Array.map (<anonymous>)
    at v.R (/var/lib/snapd/snap/code/129/usr/share/code/resources/app/out/vs/workbench/api/node/extensionHostProcess.js:112:9144)
    at v.terminate (/var/lib/snapd/snap/code/129/usr/share/code/resources/app/out/vs/workbench/api/node/extensionHostProcess.js:112:9415)
    at d.terminate (/var/lib/snapd/snap/code/129/usr/share/code/resources/app/out/vs/workbench/api/node/extensionHostProcess.js:116:1544)
    at g (/var/lib/snapd/snap/code/129/usr/share/code/resources/app/out/vs/workbench/api/node/extensionHostProcess.js:126:34439)
    at MessagePortMain.<anonymous> (/var/lib/snapd/snap/code/129/usr/share/code/resources/app/out/vs/workbench/api/node/extensionHostProcess.js:126:30578)
    at MessagePortMain.emit (node:events:513:28)
    at Object.MessagePortMain._internalPort.emit (node:electron/js2c/utility_init:2:367) setContext undefined
2023-05-12 13:00:51.624 [error] Canceled: Canceled
    at new l (/var/lib/snapd/snap/code/129/usr/share/code/resources/app/out/vs/workbench/api/node/extensionHostProcess.js:98:104563)
    at a.O (/var/lib/snapd/snap/code/129/usr/share/code/resources/app/out/vs/workbench/api/node/extensionHostProcess.js:110:11657)
    at Proxy.H.<computed>.V.charCodeAt.H.<computed> (/var/lib/snapd/snap/code/129/usr/share/code/resources/app/out/vs/workbench/api/node/extensionHostProcess.js:110:8947)
    at e.ExtHostCommands.g (/var/lib/snapd/snap/code/129/usr/share/code/resources/app/out/vs/workbench/api/node/extensionHostProcess.js:98:124729)
    at e.ExtHostCommands.executeCommand (/var/lib/snapd/snap/code/129/usr/share/code/resources/app/out/vs/workbench/api/node/extensionHostProcess.js:98:124105)
    at C.registerCommand.description (/var/lib/snapd/snap/code/129/usr/share/code/resources/app/out/vs/workbench/api/node/extensionHostProcess.js:98:123398)
    at e.ExtHostCommands.h (/var/lib/snapd/snap/code/129/usr/share/code/resources/app/out/vs/workbench/api/node/extensionHostProcess.js:98:125315)
    at e.ExtHostCommands.g (/var/lib/snapd/snap/code/129/usr/share/code/resources/app/out/vs/workbench/api/node/extensionHostProcess.js:98:124205)
    at e.ExtHostCommands.executeCommand (/var/lib/snapd/snap/code/129/usr/share/code/resources/app/out/vs/workbench/api/node/extensionHostProcess.js:98:124105)
    at Object.executeCommand (/var/lib/snapd/snap/code/129/usr/share/code/resources/app/out/vs/workbench/api/node/extensionHostProcess.js:116:24043)
    at g (/home/devilunraveled/.vscode/extensions/eamodio.gitlens-13.6.0/dist/gitlens.js:1:878971)
    at c (/home/devilunraveled/.vscode/extensions/eamodio.gitlens-13.6.0/dist/gitlens.js:1:883651)
    at ActionRunners._updateContextKeys (/home/devilunraveled/.vscode/extensions/eamodio.gitlens-13.6.0/dist/gitlens.js:1:37690)
    at s (/home/devilunraveled/.vscode/extensions/eamodio.gitlens-13.6.0/dist/gitlens.js:1:36109)
    at RegisteredActionRunner.unregister (/home/devilunraveled/.vscode/extensions/eamodio.gitlens-13.6.0/dist/gitlens.js:1:36253)
    at RegisteredActionRunner.dispose (/home/devilunraveled/.vscode/extensions/eamodio.gitlens-13.6.0/dist/gitlens.js:1:34918)
    at ActionRunners.dispose (/home/devilunraveled/.vscode/extensions/eamodio.gitlens-13.6.0/dist/gitlens.js:1:35695)
    at /home/devilunraveled/.vscode/extensions/eamodio.gitlens-13.6.0/dist/gitlens.js:1:613387
    at Array.forEach (<anonymous>)
    at Object.dispose (/home/devilunraveled/.vscode/extensions/eamodio.gitlens-13.6.0/dist/gitlens.js:1:613372)
    at T (/var/lib/snapd/snap/code/129/usr/share/code/resources/app/out/vs/workbench/api/node/extensionHostProcess.js:10:12080)
    at v.Y (/var/lib/snapd/snap/code/129/usr/share/code/resources/app/out/vs/workbench/api/node/extensionHostProcess.js:112:11173)
    at /var/lib/snapd/snap/code/129/usr/share/code/resources/app/out/vs/workbench/api/node/extensionHostProcess.js:112:9157
    at Array.map (<anonymous>)
    at v.R (/var/lib/snapd/snap/code/129/usr/share/code/resources/app/out/vs/workbench/api/node/extensionHostProcess.js:112:9144)
    at v.terminate (/var/lib/snapd/snap/code/129/usr/share/code/resources/app/out/vs/workbench/api/node/extensionHostProcess.js:112:9415)
    at d.terminate (/var/lib/snapd/snap/code/129/usr/share/code/resources/app/out/vs/workbench/api/node/extensionHostProcess.js:116:1544)
    at g (/var/lib/snapd/snap/code/129/usr/share/code/resources/app/out/vs/workbench/api/node/extensionHostProcess.js:126:34439)
    at MessagePortMain.<anonymous> (/var/lib/snapd/snap/code/129/usr/share/code/resources/app/out/vs/workbench/api/node/extensionHostProcess.js:126:30578)
    at MessagePortMain.emit (node:events:513:28)
    at Object.MessagePortMain._internalPort.emit (node:electron/js2c/utility_init:2:367) setContext undefined
2023-05-12 13:00:51.625 [error] Canceled: Canceled
    at new l (/var/lib/snapd/snap/code/129/usr/share/code/resources/app/out/vs/workbench/api/node/extensionHostProcess.js:98:104563)
    at a.O (/var/lib/snapd/snap/code/129/usr/share/code/resources/app/out/vs/workbench/api/node/extensionHostProcess.js:110:11657)
    at Proxy.H.<computed>.V.charCodeAt.H.<computed> (/var/lib/snapd/snap/code/129/usr/share/code/resources/app/out/vs/workbench/api/node/extensionHostProcess.js:110:8947)
    at e.ExtHostCommands.g (/var/lib/snapd/snap/code/129/usr/share/code/resources/app/out/vs/workbench/api/node/extensionHostProcess.js:98:124729)
    at e.ExtHostCommands.executeCommand (/var/lib/snapd/snap/code/129/usr/share/code/resources/app/out/vs/workbench/api/node/extensionHostProcess.js:98:124105)
    at C.registerCommand.description (/var/lib/snapd/snap/code/129/usr/share/code/resources/app/out/vs/workbench/api/node/extensionHostProcess.js:98:123398)
    at e.ExtHostCommands.h (/var/lib/snapd/snap/code/129/usr/share/code/resources/app/out/vs/workbench/api/node/extensionHostProcess.js:98:125315)
    at e.ExtHostCommands.g (/var/lib/snapd/snap/code/129/usr/share/code/resources/app/out/vs/workbench/api/node/extensionHostProcess.js:98:124205)
    at e.ExtHostCommands.executeCommand (/var/lib/snapd/snap/code/129/usr/share/code/resources/app/out/vs/workbench/api/node/extensionHostProcess.js:98:124105)
    at Object.executeCommand (/var/lib/snapd/snap/code/129/usr/share/code/resources/app/out/vs/workbench/api/node/extensionHostProcess.js:116:24043)
    at g (/home/devilunraveled/.vscode/extensions/eamodio.gitlens-13.6.0/dist/gitlens.js:1:878971)
    at c (/home/devilunraveled/.vscode/extensions/eamodio.gitlens-13.6.0/dist/gitlens.js:1:883651)
    at ActionRunners._updateContextKeys (/home/devilunraveled/.vscode/extensions/eamodio.gitlens-13.6.0/dist/gitlens.js:1:37690)
    at s (/home/devilunraveled/.vscode/extensions/eamodio.gitlens-13.6.0/dist/gitlens.js:1:36109)
    at RegisteredActionRunner.unregister (/home/devilunraveled/.vscode/extensions/eamodio.gitlens-13.6.0/dist/gitlens.js:1:36253)
    at RegisteredActionRunner.dispose (/home/devilunraveled/.vscode/extensions/eamodio.gitlens-13.6.0/dist/gitlens.js:1:34918)
    at ActionRunners.dispose (/home/devilunraveled/.vscode/extensions/eamodio.gitlens-13.6.0/dist/gitlens.js:1:35695)
    at /home/devilunraveled/.vscode/extensions/eamodio.gitlens-13.6.0/dist/gitlens.js:1:613387
    at Array.forEach (<anonymous>)
    at Object.dispose (/home/devilunraveled/.vscode/extensions/eamodio.gitlens-13.6.0/dist/gitlens.js:1:613372)
    at T (/var/lib/snapd/snap/code/129/usr/share/code/resources/app/out/vs/workbench/api/node/extensionHostProcess.js:10:12080)
    at v.Y (/var/lib/snapd/snap/code/129/usr/share/code/resources/app/out/vs/workbench/api/node/extensionHostProcess.js:112:11173)
    at /var/lib/snapd/snap/code/129/usr/share/code/resources/app/out/vs/workbench/api/node/extensionHostProcess.js:112:9157
    at Array.map (<anonymous>)
    at v.R (/var/lib/snapd/snap/code/129/usr/share/code/resources/app/out/vs/workbench/api/node/extensionHostProcess.js:112:9144)
    at v.terminate (/var/lib/snapd/snap/code/129/usr/share/code/resources/app/out/vs/workbench/api/node/extensionHostProcess.js:112:9415)
    at d.terminate (/var/lib/snapd/snap/code/129/usr/share/code/resources/app/out/vs/workbench/api/node/extensionHostProcess.js:116:1544)
    at g (/var/lib/snapd/snap/code/129/usr/share/code/resources/app/out/vs/workbench/api/node/extensionHostProcess.js:126:34439)
    at MessagePortMain.<anonymous> (/var/lib/snapd/snap/code/129/usr/share/code/resources/app/out/vs/workbench/api/node/extensionHostProcess.js:126:30578)
    at MessagePortMain.emit (node:events:513:28)
    at Object.MessagePortMain._internalPort.emit (node:electron/js2c/utility_init:2:367) setContext undefined
2023-05-12 13:00:51.625 [error] Canceled: Canceled
    at new l (/var/lib/snapd/snap/code/129/usr/share/code/resources/app/out/vs/workbench/api/node/extensionHostProcess.js:98:104563)
    at a.O (/var/lib/snapd/snap/code/129/usr/share/code/resources/app/out/vs/workbench/api/node/extensionHostProcess.js:110:11657)
    at Proxy.H.<computed>.V.charCodeAt.H.<computed> (/var/lib/snapd/snap/code/129/usr/share/code/resources/app/out/vs/workbench/api/node/extensionHostProcess.js:110:8947)
    at e.ExtHostCommands.g (/var/lib/snapd/snap/code/129/usr/share/code/resources/app/out/vs/workbench/api/node/extensionHostProcess.js:98:124729)
    at e.ExtHostCommands.executeCommand (/var/lib/snapd/snap/code/129/usr/share/code/resources/app/out/vs/workbench/api/node/extensionHostProcess.js:98:124105)
    at C.registerCommand.description (/var/lib/snapd/snap/code/129/usr/share/code/resources/app/out/vs/workbench/api/node/extensionHostProcess.js:98:123398)
    at e.ExtHostCommands.h (/var/lib/snapd/snap/code/129/usr/share/code/resources/app/out/vs/workbench/api/node/extensionHostProcess.js:98:125315)
    at e.ExtHostCommands.g (/var/lib/snapd/snap/code/129/usr/share/code/resources/app/out/vs/workbench/api/node/extensionHostProcess.js:98:124205)
    at e.ExtHostCommands.executeCommand (/var/lib/snapd/snap/code/129/usr/share/code/resources/app/out/vs/workbench/api/node/extensionHostProcess.js:98:124105)
    at Object.executeCommand (/var/lib/snapd/snap/code/129/usr/share/code/resources/app/out/vs/workbench/api/node/extensionHostProcess.js:116:24043)
    at g (/home/devilunraveled/.vscode/extensions/eamodio.gitlens-13.6.0/dist/gitlens.js:1:878971)
    at c (/home/devilunraveled/.vscode/extensions/eamodio.gitlens-13.6.0/dist/gitlens.js:1:883651)
    at ActionRunners._updateContextKeys (/home/devilunraveled/.vscode/extensions/eamodio.gitlens-13.6.0/dist/gitlens.js:1:37690)
    at s (/home/devilunraveled/.vscode/extensions/eamodio.gitlens-13.6.0/dist/gitlens.js:1:36109)
    at RegisteredActionRunner.unregister (/home/devilunraveled/.vscode/extensions/eamodio.gitlens-13.6.0/dist/gitlens.js:1:36253)
    at RegisteredActionRunner.dispose (/home/devilunraveled/.vscode/extensions/eamodio.gitlens-13.6.0/dist/gitlens.js:1:34918)
    at ActionRunners.dispose (/home/devilunraveled/.vscode/extensions/eamodio.gitlens-13.6.0/dist/gitlens.js:1:35695)
    at /home/devilunraveled/.vscode/extensions/eamodio.gitlens-13.6.0/dist/gitlens.js:1:613387
    at Array.forEach (<anonymous>)
    at Object.dispose (/home/devilunraveled/.vscode/extensions/eamodio.gitlens-13.6.0/dist/gitlens.js:1:613372)
    at T (/var/lib/snapd/snap/code/129/usr/share/code/resources/app/out/vs/workbench/api/node/extensionHostProcess.js:10:12080)
    at v.Y (/var/lib/snapd/snap/code/129/usr/share/code/resources/app/out/vs/workbench/api/node/extensionHostProcess.js:112:11173)
    at /var/lib/snapd/snap/code/129/usr/share/code/resources/app/out/vs/workbench/api/node/extensionHostProcess.js:112:9157
    at Array.map (<anonymous>)
    at v.R (/var/lib/snapd/snap/code/129/usr/share/code/resources/app/out/vs/workbench/api/node/extensionHostProcess.js:112:9144)
    at v.terminate (/var/lib/snapd/snap/code/129/usr/share/code/resources/app/out/vs/workbench/api/node/extensionHostProcess.js:112:9415)
    at d.terminate (/var/lib/snapd/snap/code/129/usr/share/code/resources/app/out/vs/workbench/api/node/extensionHostProcess.js:116:1544)
    at g (/var/lib/snapd/snap/code/129/usr/share/code/resources/app/out/vs/workbench/api/node/extensionHostProcess.js:126:34439)
    at MessagePortMain.<anonymous> (/var/lib/snapd/snap/code/129/usr/share/code/resources/app/out/vs/workbench/api/node/extensionHostProcess.js:126:30578)
    at MessagePortMain.emit (node:events:513:28)
    at Object.MessagePortMain._internalPort.emit (node:electron/js2c/utility_init:2:367) setContext undefined
2023-05-12 13:00:51.626 [error] Canceled: Canceled
    at new l (/var/lib/snapd/snap/code/129/usr/share/code/resources/app/out/vs/workbench/api/node/extensionHostProcess.js:98:104563)
    at a.O (/var/lib/snapd/snap/code/129/usr/share/code/resources/app/out/vs/workbench/api/node/extensionHostProcess.js:110:11657)
    at Proxy.H.<computed>.V.charCodeAt.H.<computed> (/var/lib/snapd/snap/code/129/usr/share/code/resources/app/out/vs/workbench/api/node/extensionHostProcess.js:110:8947)
    at e.ExtHostCommands.g (/var/lib/snapd/snap/code/129/usr/share/code/resources/app/out/vs/workbench/api/node/extensionHostProcess.js:98:124729)
    at e.ExtHostCommands.executeCommand (/var/lib/snapd/snap/code/129/usr/share/code/resources/app/out/vs/workbench/api/node/extensionHostProcess.js:98:124105)
    at C.registerCommand.description (/var/lib/snapd/snap/code/129/usr/share/code/resources/app/out/vs/workbench/api/node/extensionHostProcess.js:98:123398)
    at e.ExtHostCommands.h (/var/lib/snapd/snap/code/129/usr/share/code/resources/app/out/vs/workbench/api/node/extensionHostProcess.js:98:125315)
    at e.ExtHostCommands.g (/var/lib/snapd/snap/code/129/usr/share/code/resources/app/out/vs/workbench/api/node/extensionHostProcess.js:98:124205)
    at e.ExtHostCommands.executeCommand (/var/lib/snapd/snap/code/129/usr/share/code/resources/app/out/vs/workbench/api/node/extensionHostProcess.js:98:124105)
    at Object.executeCommand (/var/lib/snapd/snap/code/129/usr/share/code/resources/app/out/vs/workbench/api/node/extensionHostProcess.js:116:24043)
    at g (/home/devilunraveled/.vscode/extensions/eamodio.gitlens-13.6.0/dist/gitlens.js:1:878971)
    at c (/home/devilunraveled/.vscode/extensions/eamodio.gitlens-13.6.0/dist/gitlens.js:1:883651)
    at ActionRunners._updateContextKeys (/home/devilunraveled/.vscode/extensions/eamodio.gitlens-13.6.0/dist/gitlens.js:1:37690)
    at s (/home/devilunraveled/.vscode/extensions/eamodio.gitlens-13.6.0/dist/gitlens.js:1:36109)
    at RegisteredActionRunner.unregister (/home/devilunraveled/.vscode/extensions/eamodio.gitlens-13.6.0/dist/gitlens.js:1:36253)
    at RegisteredActionRunner.dispose (/home/devilunraveled/.vscode/extensions/eamodio.gitlens-13.6.0/dist/gitlens.js:1:34918)
    at Object.dispose (/home/devilunraveled/.vscode/extensions/eamodio.gitlens-13.6.0/dist/gitlens.js:1:36350)
    at T (/var/lib/snapd/snap/code/129/usr/share/code/resources/app/out/vs/workbench/api/node/extensionHostProcess.js:10:12080)
    at v.Y (/var/lib/snapd/snap/code/129/usr/share/code/resources/app/out/vs/workbench/api/node/extensionHostProcess.js:112:11173)
    at /var/lib/snapd/snap/code/129/usr/share/code/resources/app/out/vs/workbench/api/node/extensionHostProcess.js:112:9157
    at Array.map (<anonymous>)
    at v.R (/var/lib/snapd/snap/code/129/usr/share/code/resources/app/out/vs/workbench/api/node/extensionHostProcess.js:112:9144)
    at v.terminate (/var/lib/snapd/snap/code/129/usr/share/code/resources/app/out/vs/workbench/api/node/extensionHostProcess.js:112:9415)
    at d.terminate (/var/lib/snapd/snap/code/129/usr/share/code/resources/app/out/vs/workbench/api/node/extensionHostProcess.js:116:1544)
    at g (/var/lib/snapd/snap/code/129/usr/share/code/resources/app/out/vs/workbench/api/node/extensionHostProcess.js:126:34439)
    at MessagePortMain.<anonymous> (/var/lib/snapd/snap/code/129/usr/share/code/resources/app/out/vs/workbench/api/node/extensionHostProcess.js:126:30578)
    at MessagePortMain.emit (node:events:513:28)
    at Object.MessagePortMain._internalPort.emit (node:electron/js2c/utility_init:2:367) setContext undefined
2023-05-12 13:00:51.626 [error] Canceled: Canceled
    at new l (/var/lib/snapd/snap/code/129/usr/share/code/resources/app/out/vs/workbench/api/node/extensionHostProcess.js:98:104563)
    at a.O (/var/lib/snapd/snap/code/129/usr/share/code/resources/app/out/vs/workbench/api/node/extensionHostProcess.js:110:11657)
    at Proxy.H.<computed>.V.charCodeAt.H.<computed> (/var/lib/snapd/snap/code/129/usr/share/code/resources/app/out/vs/workbench/api/node/extensionHostProcess.js:110:8947)
    at e.ExtHostCommands.g (/var/lib/snapd/snap/code/129/usr/share/code/resources/app/out/vs/workbench/api/node/extensionHostProcess.js:98:124729)
    at e.ExtHostCommands.executeCommand (/var/lib/snapd/snap/code/129/usr/share/code/resources/app/out/vs/workbench/api/node/extensionHostProcess.js:98:124105)
    at C.registerCommand.description (/var/lib/snapd/snap/code/129/usr/share/code/resources/app/out/vs/workbench/api/node/extensionHostProcess.js:98:123398)
    at e.ExtHostCommands.h (/var/lib/snapd/snap/code/129/usr/share/code/resources/app/out/vs/workbench/api/node/extensionHostProcess.js:98:125315)
    at e.ExtHostCommands.g (/var/lib/snapd/snap/code/129/usr/share/code/resources/app/out/vs/workbench/api/node/extensionHostProcess.js:98:124205)
    at e.ExtHostCommands.executeCommand (/var/lib/snapd/snap/code/129/usr/share/code/resources/app/out/vs/workbench/api/node/extensionHostProcess.js:98:124105)
    at Object.executeCommand (/var/lib/snapd/snap/code/129/usr/share/code/resources/app/out/vs/workbench/api/node/extensionHostProcess.js:116:24043)
    at g (/home/devilunraveled/.vscode/extensions/eamodio.gitlens-13.6.0/dist/gitlens.js:1:878971)
    at c (/home/devilunraveled/.vscode/extensions/eamodio.gitlens-13.6.0/dist/gitlens.js:1:883651)
    at ActionRunners._updateContextKeys (/home/devilunraveled/.vscode/extensions/eamodio.gitlens-13.6.0/dist/gitlens.js:1:37690)
    at s (/home/devilunraveled/.vscode/extensions/eamodio.gitlens-13.6.0/dist/gitlens.js:1:36109)
    at RegisteredActionRunner.unregister (/home/devilunraveled/.vscode/extensions/eamodio.gitlens-13.6.0/dist/gitlens.js:1:36253)
    at RegisteredActionRunner.dispose (/home/devilunraveled/.vscode/extensions/eamodio.gitlens-13.6.0/dist/gitlens.js:1:34918)
    at Object.dispose (/home/devilunraveled/.vscode/extensions/eamodio.gitlens-13.6.0/dist/gitlens.js:1:36350)
    at T (/var/lib/snapd/snap/code/129/usr/share/code/resources/app/out/vs/workbench/api/node/extensionHostProcess.js:10:12080)
    at v.Y (/var/lib/snapd/snap/code/129/usr/share/code/resources/app/out/vs/workbench/api/node/extensionHostProcess.js:112:11173)
    at /var/lib/snapd/snap/code/129/usr/share/code/resources/app/out/vs/workbench/api/node/extensionHostProcess.js:112:9157
    at Array.map (<anonymous>)
    at v.R (/var/lib/snapd/snap/code/129/usr/share/code/resources/app/out/vs/workbench/api/node/extensionHostProcess.js:112:9144)
    at v.terminate (/var/lib/snapd/snap/code/129/usr/share/code/resources/app/out/vs/workbench/api/node/extensionHostProcess.js:112:9415)
    at d.terminate (/var/lib/snapd/snap/code/129/usr/share/code/resources/app/out/vs/workbench/api/node/extensionHostProcess.js:116:1544)
    at g (/var/lib/snapd/snap/code/129/usr/share/code/resources/app/out/vs/workbench/api/node/extensionHostProcess.js:126:34439)
    at MessagePortMain.<anonymous> (/var/lib/snapd/snap/code/129/usr/share/code/resources/app/out/vs/workbench/api/node/extensionHostProcess.js:126:30578)
    at MessagePortMain.emit (node:events:513:28)
    at Object.MessagePortMain._internalPort.emit (node:electron/js2c/utility_init:2:367) setContext undefined
2023-05-12 13:00:51.627 [error] Canceled: Canceled
    at new l (/var/lib/snapd/snap/code/129/usr/share/code/resources/app/out/vs/workbench/api/node/extensionHostProcess.js:98:104563)
    at a.O (/var/lib/snapd/snap/code/129/usr/share/code/resources/app/out/vs/workbench/api/node/extensionHostProcess.js:110:11657)
    at Proxy.H.<computed>.V.charCodeAt.H.<computed> (/var/lib/snapd/snap/code/129/usr/share/code/resources/app/out/vs/workbench/api/node/extensionHostProcess.js:110:8947)
    at e.ExtHostCommands.g (/var/lib/snapd/snap/code/129/usr/share/code/resources/app/out/vs/workbench/api/node/extensionHostProcess.js:98:124729)
    at e.ExtHostCommands.executeCommand (/var/lib/snapd/snap/code/129/usr/share/code/resources/app/out/vs/workbench/api/node/extensionHostProcess.js:98:124105)
    at C.registerCommand.description (/var/lib/snapd/snap/code/129/usr/share/code/resources/app/out/vs/workbench/api/node/extensionHostProcess.js:98:123398)
    at e.ExtHostCommands.h (/var/lib/snapd/snap/code/129/usr/share/code/resources/app/out/vs/workbench/api/node/extensionHostProcess.js:98:125315)
    at e.ExtHostCommands.g (/var/lib/snapd/snap/code/129/usr/share/code/resources/app/out/vs/workbench/api/node/extensionHostProcess.js:98:124205)
    at e.ExtHostCommands.executeCommand (/var/lib/snapd/snap/code/129/usr/share/code/resources/app/out/vs/workbench/api/node/extensionHostProcess.js:98:124105)
    at Object.executeCommand (/var/lib/snapd/snap/code/129/usr/share/code/resources/app/out/vs/workbench/api/node/extensionHostProcess.js:116:24043)
    at g (/home/devilunraveled/.vscode/extensions/eamodio.gitlens-13.6.0/dist/gitlens.js:1:878971)
    at c (/home/devilunraveled/.vscode/extensions/eamodio.gitlens-13.6.0/dist/gitlens.js:1:883651)
    at ActionRunners._updateContextKeys (/home/devilunraveled/.vscode/extensions/eamodio.gitlens-13.6.0/dist/gitlens.js:1:37690)
    at s (/home/devilunraveled/.vscode/extensions/eamodio.gitlens-13.6.0/dist/gitlens.js:1:36109)
    at RegisteredActionRunner.unregister (/home/devilunraveled/.vscode/extensions/eamodio.gitlens-13.6.0/dist/gitlens.js:1:36253)
    at RegisteredActionRunner.dispose (/home/devilunraveled/.vscode/extensions/eamodio.gitlens-13.6.0/dist/gitlens.js:1:34918)
    at Object.dispose (/home/devilunraveled/.vscode/extensions/eamodio.gitlens-13.6.0/dist/gitlens.js:1:36350)
    at T (/var/lib/snapd/snap/code/129/usr/share/code/resources/app/out/vs/workbench/api/node/extensionHostProcess.js:10:12080)
    at v.Y (/var/lib/snapd/snap/code/129/usr/share/code/resources/app/out/vs/workbench/api/node/extensionHostProcess.js:112:11173)
    at /var/lib/snapd/snap/code/129/usr/share/code/resources/app/out/vs/workbench/api/node/extensionHostProcess.js:112:9157
    at Array.map (<anonymous>)
    at v.R (/var/lib/snapd/snap/code/129/usr/share/code/resources/app/out/vs/workbench/api/node/extensionHostProcess.js:112:9144)
    at v.terminate (/var/lib/snapd/snap/code/129/usr/share/code/resources/app/out/vs/workbench/api/node/extensionHostProcess.js:112:9415)
    at d.terminate (/var/lib/snapd/snap/code/129/usr/share/code/resources/app/out/vs/workbench/api/node/extensionHostProcess.js:116:1544)
    at g (/var/lib/snapd/snap/code/129/usr/share/code/resources/app/out/vs/workbench/api/node/extensionHostProcess.js:126:34439)
    at MessagePortMain.<anonymous> (/var/lib/snapd/snap/code/129/usr/share/code/resources/app/out/vs/workbench/api/node/extensionHostProcess.js:126:30578)
    at MessagePortMain.emit (node:events:513:28)
    at Object.MessagePortMain._internalPort.emit (node:electron/js2c/utility_init:2:367) setContext undefined
2023-05-12 13:00:51.628 [error] Canceled: Canceled
    at new l (/var/lib/snapd/snap/code/129/usr/share/code/resources/app/out/vs/workbench/api/node/extensionHostProcess.js:98:104563)
    at a.O (/var/lib/snapd/snap/code/129/usr/share/code/resources/app/out/vs/workbench/api/node/extensionHostProcess.js:110:11657)
    at Proxy.H.<computed>.V.charCodeAt.H.<computed> (/var/lib/snapd/snap/code/129/usr/share/code/resources/app/out/vs/workbench/api/node/extensionHostProcess.js:110:8947)
    at e.ExtHostCommands.g (/var/lib/snapd/snap/code/129/usr/share/code/resources/app/out/vs/workbench/api/node/extensionHostProcess.js:98:124729)
    at e.ExtHostCommands.executeCommand (/var/lib/snapd/snap/code/129/usr/share/code/resources/app/out/vs/workbench/api/node/extensionHostProcess.js:98:124105)
    at C.registerCommand.description (/var/lib/snapd/snap/code/129/usr/share/code/resources/app/out/vs/workbench/api/node/extensionHostProcess.js:98:123398)
    at e.ExtHostCommands.h (/var/lib/snapd/snap/code/129/usr/share/code/resources/app/out/vs/workbench/api/node/extensionHostProcess.js:98:125315)
    at e.ExtHostCommands.g (/var/lib/snapd/snap/code/129/usr/share/code/resources/app/out/vs/workbench/api/node/extensionHostProcess.js:98:124205)
    at e.ExtHostCommands.executeCommand (/var/lib/snapd/snap/code/129/usr/share/code/resources/app/out/vs/workbench/api/node/extensionHostProcess.js:98:124105)
    at Object.executeCommand (/var/lib/snapd/snap/code/129/usr/share/code/resources/app/out/vs/workbench/api/node/extensionHostProcess.js:116:24043)
    at Object.dispose (/home/devilunraveled/.vscode/extensions/tabnine.tabnine-vscode-3.6.46/out/extension.js:17:101310)
    at /home/devilunraveled/.vscode/extensions/tabnine.tabnine-vscode-3.6.46/out/extension.js:17:30354
    at Array.forEach (<anonymous>)
    at f (/home/devilunraveled/.vscode/extensions/tabnine.tabnine-vscode-3.6.46/out/extension.js:17:30339)
    at Object.dispose (/home/devilunraveled/.vscode/extensions/tabnine.tabnine-vscode-3.6.46/out/extension.js:17:29757)
    at T (/var/lib/snapd/snap/code/129/usr/share/code/resources/app/out/vs/workbench/api/node/extensionHostProcess.js:10:12080)
    at v.Y (/var/lib/snapd/snap/code/129/usr/share/code/resources/app/out/vs/workbench/api/node/extensionHostProcess.js:112:11173)
    at /var/lib/snapd/snap/code/129/usr/share/code/resources/app/out/vs/workbench/api/node/extensionHostProcess.js:112:9157
    at Array.map (<anonymous>)
    at v.R (/var/lib/snapd/snap/code/129/usr/share/code/resources/app/out/vs/workbench/api/node/extensionHostProcess.js:112:9144)
    at v.terminate (/var/lib/snapd/snap/code/129/usr/share/code/resources/app/out/vs/workbench/api/node/extensionHostProcess.js:112:9415)
    at d.terminate (/var/lib/snapd/snap/code/129/usr/share/code/resources/app/out/vs/workbench/api/node/extensionHostProcess.js:116:1544)
    at g (/var/lib/snapd/snap/code/129/usr/share/code/resources/app/out/vs/workbench/api/node/extensionHostProcess.js:126:34439)
    at MessagePortMain.<anonymous> (/var/lib/snapd/snap/code/129/usr/share/code/resources/app/out/vs/workbench/api/node/extensionHostProcess.js:126:30578)
    at MessagePortMain.emit (node:events:513:28)
    at Object.MessagePortMain._internalPort.emit (node:electron/js2c/utility_init:2:367) setContext undefined
2023-05-12 13:00:52.590 [info] Extension host with pid 10191 exiting with code 0
