2023-02-25 18:31:04.163 [info] Log level: Info
2023-02-25 18:31:04.163 [info] Validating found git in: "git"
2023-02-25 18:31:04.163 [info] Using git "2.39.2" from "git"
2023-02-25 18:31:04.163 [info] > git rev-parse --show-toplevel [35ms]
2023-02-25 18:31:04.163 [info] fatal: not a git repository (or any of the parent directories): .git
2023-02-25 18:31:04.163 [info] > git rev-parse --show-toplevel [46ms]
2023-02-25 18:31:04.286 [info] > git rev-parse --git-dir --git-common-dir [116ms]
2023-02-25 18:31:04.289 [info] Open repository: /home/devilunraveled/DASS/Assignment 1/frontend/frontend
2023-02-25 18:31:04.375 [info] > git rev-parse --show-toplevel [79ms]
2023-02-25 18:31:04.411 [info] > git rev-parse --show-toplevel [28ms]
2023-02-25 18:31:04.411 [info] fatal: not a git repository (or any of the parent directories): .git
2023-02-25 18:31:04.418 [info] > git config --get commit.template [64ms]
2023-02-25 18:31:04.432 [info] > git rev-parse --show-toplevel [14ms]
2023-02-25 18:31:04.432 [info] fatal: not a git repository (or any of the parent directories): .git
2023-02-25 18:31:04.461 [info] > git rev-parse --show-toplevel [21ms]
2023-02-25 18:31:04.461 [info] fatal: not a git repository (or any of the parent directories): .git
2023-02-25 18:31:04.474 [info] > git rev-parse --show-toplevel [4ms]
2023-02-25 18:31:04.474 [info] fatal: not a git repository (or any of the parent directories): .git
2023-02-25 18:31:04.482 [info] > git for-each-ref --format=%(refname)%00%(upstream:short)%00%(objectname)%00%(upstream:track)%00%(upstream:remotename)%00%(upstream:remoteref) refs/heads/main refs/remotes/main [22ms]
2023-02-25 18:31:04.511 [info] > git status -z -uall [22ms]
2023-02-25 18:31:04.512 [info] > git for-each-ref --sort -committerdate --format %(refname) %(objectname) %(*objectname) [15ms]
2023-02-25 18:31:04.517 [info] > git rev-parse --show-toplevel [37ms]
2023-02-25 18:31:04.517 [info] fatal: not a git repository (or any of the parent directories): .git
2023-02-25 18:31:04.554 [info] > git rev-parse --show-toplevel [28ms]
2023-02-25 18:31:04.554 [info] fatal: not a git repository (or any of the parent directories): .git
2023-02-25 18:31:04.556 [info] > git config --get commit.template [3ms]
2023-02-25 18:31:04.595 [info] > git for-each-ref --format=%(refname)%00%(upstream:short)%00%(objectname)%00%(upstream:track)%00%(upstream:remotename)%00%(upstream:remoteref) refs/heads/main refs/remotes/main [28ms]
2023-02-25 18:31:04.668 [info] > git status -z -uall [63ms]
2023-02-25 18:31:04.668 [info] > git for-each-ref --sort -committerdate --format %(refname) %(objectname) %(*objectname) [52ms]
2023-02-25 18:31:04.888 [info] > git rev-parse --show-toplevel [36ms]
2023-02-25 18:31:04.888 [info] fatal: not a git repository (or any of the parent directories): .git
2023-02-25 18:31:04.993 [info] > git check-ignore -v -z --stdin [5ms]
2023-02-25 18:31:05.271 [info] > git rev-parse --show-toplevel [3ms]
2023-02-25 18:31:05.271 [info] fatal: not a git repository (or any of the parent directories): .git
2023-02-25 18:31:05.412 [info] > git rev-parse --show-toplevel [2ms]
2023-02-25 18:31:05.412 [info] fatal: not a git repository (or any of the parent directories): .git
2023-02-25 18:31:05.618 [info] > git rev-parse --show-toplevel [3ms]
2023-02-25 18:31:05.618 [info] fatal: not a git repository (or any of the parent directories): .git
2023-02-25 18:31:05.662 [info] > git show --textconv :src/scenes/cards/FollowCard.jsx [34ms]
2023-02-25 18:31:05.662 [info] > git show --textconv :src/scenes/SubGreddiit/SubGreddiitPage.jsx [12ms]
2023-02-25 18:31:05.662 [info] > git ls-files --stage -- /home/devilunraveled/DASS/Assignment 1/frontend/frontend/src/scenes/SubGreddiit/SubGreddiitPage.jsx [2ms]
2023-02-25 18:31:05.673 [info] > git ls-files --stage -- /home/devilunraveled/DASS/Assignment 1/frontend/frontend/src/scenes/cards/FollowCard.jsx [34ms]
2023-02-25 18:31:05.685 [info] > git cat-file -s 74c9b14e77c23fb895ed4e30df9fb5f66ec4faec [4ms]
2023-02-25 18:31:05.686 [info] > git cat-file -s 17ffbc7b7c6ec18219782b62ec0b4f3c4c3c713d [14ms]
2023-02-25 18:31:09.626 [info] > git check-ignore -v -z --stdin [1ms]
2023-02-25 18:31:10.528 [info] > git show --textconv :src/scenes/cards/RequestCard.jsx [10ms]
2023-02-25 18:31:10.528 [info] > git ls-files --stage -- /home/devilunraveled/DASS/Assignment 1/frontend/frontend/src/scenes/cards/RequestCard.jsx [1ms]
2023-02-25 18:31:14.491 [info] > git config --get commit.template [1ms]
2023-02-25 18:31:14.502 [info] > git for-each-ref --format=%(refname)%00%(upstream:short)%00%(objectname)%00%(upstream:track)%00%(upstream:remotename)%00%(upstream:remoteref) refs/heads/main refs/remotes/main [1ms]
2023-02-25 18:31:14.523 [info] > git status -z -uall [11ms]
2023-02-25 18:31:14.524 [info] > git for-each-ref --sort -committerdate --format %(refname) %(objectname) %(*objectname) [2ms]
2023-02-25 18:31:23.032 [info] > git show --textconv :src/scenes/Dashboard/ProfilePage.jsx [11ms]
2023-02-25 18:31:23.032 [info] > git ls-files --stage -- /home/devilunraveled/DASS/Assignment 1/frontend/frontend/src/scenes/Dashboard/ProfilePage.jsx [2ms]
2023-02-25 18:31:23.043 [info] > git cat-file -s 31ff4a6e9a929a2cec9c3a33cd8eb9d4f0fad3e3 [4ms]
2023-02-25 18:31:23.792 [info] > git config --get commit.template [1ms]
2023-02-25 18:31:23.802 [info] > git for-each-ref --format=%(refname)%00%(upstream:short)%00%(objectname)%00%(upstream:track)%00%(upstream:remotename)%00%(upstream:remoteref) refs/heads/main refs/remotes/main [1ms]
2023-02-25 18:31:23.820 [info] > git status -z -uall [10ms]
2023-02-25 18:31:23.821 [info] > git for-each-ref --sort -committerdate --format %(refname) %(objectname) %(*objectname) [2ms]
2023-02-25 18:31:33.956 [info] > git show --textconv :src/scenes/SubGreddiit/SubGreddiitPages.jsx [9ms]
2023-02-25 18:31:33.957 [info] > git ls-files --stage -- /home/devilunraveled/DASS/Assignment 1/frontend/frontend/src/scenes/SubGreddiit/SubGreddiitPages.jsx [2ms]
2023-02-25 18:31:35.895 [info] > git show --textconv :src/scenes/SubGreddiit/MySubGreddiiitsPage.jsx [10ms]
2023-02-25 18:31:35.896 [info] > git ls-files --stage -- /home/devilunraveled/DASS/Assignment 1/frontend/frontend/src/scenes/SubGreddiit/MySubGreddiiitsPage.jsx [0ms]
2023-02-25 18:31:35.904 [info] > git cat-file -s bc20b54663370927153b6c91abec1f54ab62994b [1ms]
2023-02-25 18:32:03.502 [info] > git show --textconv :src/App.js [14ms]
2023-02-25 18:32:03.513 [info] > git ls-files --stage -- /home/devilunraveled/DASS/Assignment 1/frontend/frontend/src/App.js [2ms]
2023-02-25 18:32:03.526 [info] > git cat-file -s ffb5e11d88b294932a895f66e80b69a67ccb92ff [3ms]
2023-02-25 18:32:15.711 [info] > git config --get commit.template [10ms]
2023-02-25 18:32:15.726 [info] > git for-each-ref --format=%(refname)%00%(upstream:short)%00%(objectname)%00%(upstream:track)%00%(upstream:remotename)%00%(upstream:remoteref) refs/heads/main refs/remotes/main [2ms]
2023-02-25 18:32:15.753 [info] > git status -z -uall [15ms]
2023-02-25 18:32:15.756 [info] > git for-each-ref --sort -committerdate --format %(refname) %(objectname) %(*objectname) [4ms]
2023-02-25 18:32:49.622 [info] > git config --get commit.template [1ms]
2023-02-25 18:32:49.629 [info] > git for-each-ref --format=%(refname)%00%(upstream:short)%00%(objectname)%00%(upstream:track)%00%(upstream:remotename)%00%(upstream:remoteref) refs/heads/main refs/remotes/main [1ms]
2023-02-25 18:32:49.643 [info] > git status -z -uall [8ms]
2023-02-25 18:32:49.644 [info] > git for-each-ref --sort -committerdate --format %(refname) %(objectname) %(*objectname) [1ms]
2023-02-25 18:33:48.646 [info] > git show --textconv :src/scenes/SubGreddiit/MySubGreddiitsPage.jsx [17ms]
2023-02-25 18:33:48.646 [info] > git ls-files --stage -- /home/devilunraveled/DASS/Assignment 1/frontend/frontend/src/scenes/SubGreddiit/MySubGreddiitsPage.jsx [2ms]
2023-02-25 18:33:48.925 [info] > git check-ignore -v -z --stdin [12ms]
2023-02-25 18:33:49.382 [info] > git config --get commit.template [1ms]
2023-02-25 18:33:49.391 [info] > git for-each-ref --format=%(refname)%00%(upstream:short)%00%(objectname)%00%(upstream:track)%00%(upstream:remotename)%00%(upstream:remoteref) refs/heads/main refs/remotes/main [1ms]
2023-02-25 18:33:49.411 [info] > git status -z -uall [10ms]
2023-02-25 18:33:49.412 [info] > git for-each-ref --sort -committerdate --format %(refname) %(objectname) %(*objectname) [2ms]
2023-02-25 18:35:04.986 [info] > git show --textconv :src/scenes/cards/SubGreddiitCard.jsx [10ms]
2023-02-25 18:35:04.986 [info] > git ls-files --stage -- /home/devilunraveled/DASS/Assignment 1/frontend/frontend/src/scenes/cards/SubGreddiitCard.jsx [1ms]
2023-02-25 18:35:04.996 [info] > git cat-file -s e10e56b251392e8adeef17e59fe24ddc7a0da915 [1ms]
2023-02-25 18:35:09.055 [info] > git config --get commit.template [1ms]
2023-02-25 18:35:09.063 [info] > git for-each-ref --format=%(refname)%00%(upstream:short)%00%(objectname)%00%(upstream:track)%00%(upstream:remotename)%00%(upstream:remoteref) refs/heads/main refs/remotes/main [0ms]
2023-02-25 18:35:09.090 [info] > git status -z -uall [14ms]
2023-02-25 18:35:09.096 [info] > git for-each-ref --sort -committerdate --format %(refname) %(objectname) %(*objectname) [8ms]
2023-02-25 18:35:09.379 [info] > git check-ignore -v -z --stdin [1ms]
2023-02-25 18:35:11.349 [info] > git show --textconv :src/scenes/Dashboard/ProfilePage.jsx [11ms]
2023-02-25 18:35:11.350 [info] > git ls-files --stage -- /home/devilunraveled/DASS/Assignment 1/frontend/frontend/src/scenes/Dashboard/ProfilePage.jsx [2ms]
2023-02-25 18:35:11.360 [info] > git cat-file -s 31ff4a6e9a929a2cec9c3a33cd8eb9d4f0fad3e3 [1ms]
2023-02-25 18:35:28.245 [info] > git show --textconv :src/scenes/cards/ProfileCard.jsx [10ms]
2023-02-25 18:35:28.246 [info] > git ls-files --stage -- /home/devilunraveled/DASS/Assignment 1/frontend/frontend/src/scenes/cards/ProfileCard.jsx [2ms]
2023-02-25 18:35:28.255 [info] > git cat-file -s 8006ef0e32d8cf93f0f07b8650f9ec82096b4bc1 [1ms]
2023-02-25 18:35:40.220 [info] > git config --get commit.template [3ms]
2023-02-25 18:35:40.237 [info] > git for-each-ref --format=%(refname)%00%(upstream:short)%00%(objectname)%00%(upstream:track)%00%(upstream:remotename)%00%(upstream:remoteref) refs/heads/main refs/remotes/main [2ms]
2023-02-25 18:35:40.261 [info] > git status -z -uall [13ms]
2023-02-25 18:35:40.262 [info] > git for-each-ref --sort -committerdate --format %(refname) %(objectname) %(*objectname) [2ms]
2023-02-25 18:36:01.991 [info] > git config --get commit.template [3ms]
2023-02-25 18:36:02.007 [info] > git for-each-ref --format=%(refname)%00%(upstream:short)%00%(objectname)%00%(upstream:track)%00%(upstream:remotename)%00%(upstream:remoteref) refs/heads/main refs/remotes/main [1ms]
2023-02-25 18:36:02.034 [info] > git status -z -uall [15ms]
2023-02-25 18:36:02.036 [info] > git for-each-ref --sort -committerdate --format %(refname) %(objectname) %(*objectname) [4ms]
2023-02-25 18:36:38.687 [info] > git config --get commit.template [3ms]
2023-02-25 18:36:38.709 [info] > git for-each-ref --format=%(refname)%00%(upstream:short)%00%(objectname)%00%(upstream:track)%00%(upstream:remotename)%00%(upstream:remoteref) refs/heads/main refs/remotes/main [5ms]
2023-02-25 18:36:38.734 [info] > git status -z -uall [12ms]
2023-02-25 18:36:38.738 [info] > git for-each-ref --sort -committerdate --format %(refname) %(objectname) %(*objectname) [5ms]
2023-02-25 18:36:45.874 [info] > git config --get commit.template [1ms]
2023-02-25 18:36:45.882 [info] > git for-each-ref --format=%(refname)%00%(upstream:short)%00%(objectname)%00%(upstream:track)%00%(upstream:remotename)%00%(upstream:remoteref) refs/heads/main refs/remotes/main [1ms]
2023-02-25 18:36:45.897 [info] > git status -z -uall [8ms]
2023-02-25 18:36:45.897 [info] > git for-each-ref --sort -committerdate --format %(refname) %(objectname) %(*objectname) [1ms]
2023-02-25 18:36:52.427 [info] > git config --get commit.template [1ms]
2023-02-25 18:36:52.436 [info] > git for-each-ref --format=%(refname)%00%(upstream:short)%00%(objectname)%00%(upstream:track)%00%(upstream:remotename)%00%(upstream:remoteref) refs/heads/main refs/remotes/main [1ms]
2023-02-25 18:36:52.454 [info] > git status -z -uall [9ms]
2023-02-25 18:36:52.454 [info] > git for-each-ref --sort -committerdate --format %(refname) %(objectname) %(*objectname) [1ms]
2023-02-25 18:36:57.469 [info] > git config --get commit.template [1ms]
2023-02-25 18:36:57.478 [info] > git for-each-ref --format=%(refname)%00%(upstream:short)%00%(objectname)%00%(upstream:track)%00%(upstream:remotename)%00%(upstream:remoteref) refs/heads/main refs/remotes/main [1ms]
2023-02-25 18:36:57.496 [info] > git status -z -uall [9ms]
2023-02-25 18:36:57.497 [info] > git for-each-ref --sort -committerdate --format %(refname) %(objectname) %(*objectname) [2ms]
2023-02-25 18:37:05.680 [info] > git config --get commit.template [0ms]
2023-02-25 18:37:05.688 [info] > git for-each-ref --format=%(refname)%00%(upstream:short)%00%(objectname)%00%(upstream:track)%00%(upstream:remotename)%00%(upstream:remoteref) refs/heads/main refs/remotes/main [1ms]
2023-02-25 18:37:05.705 [info] > git status -z -uall [9ms]
2023-02-25 18:37:05.705 [info] > git for-each-ref --sort -committerdate --format %(refname) %(objectname) %(*objectname) [1ms]
2023-02-25 18:37:20.717 [info] > git config --get commit.template [1ms]
2023-02-25 18:37:20.738 [info] > git for-each-ref --format=%(refname)%00%(upstream:short)%00%(objectname)%00%(upstream:track)%00%(upstream:remotename)%00%(upstream:remoteref) refs/heads/main refs/remotes/main [3ms]
2023-02-25 18:37:20.762 [info] > git status -z -uall [9ms]
2023-02-25 18:37:20.763 [info] > git for-each-ref --sort -committerdate --format %(refname) %(objectname) %(*objectname) [1ms]
2023-02-25 18:37:42.551 [info] > git config --get commit.template [1ms]
2023-02-25 18:37:42.560 [info] > git for-each-ref --format=%(refname)%00%(upstream:short)%00%(objectname)%00%(upstream:track)%00%(upstream:remotename)%00%(upstream:remoteref) refs/heads/main refs/remotes/main [1ms]
2023-02-25 18:37:42.578 [info] > git status -z -uall [9ms]
2023-02-25 18:37:42.579 [info] > git for-each-ref --sort -committerdate --format %(refname) %(objectname) %(*objectname) [1ms]
2023-02-25 18:37:54.260 [info] > git config --get commit.template [0ms]
2023-02-25 18:37:54.268 [info] > git for-each-ref --format=%(refname)%00%(upstream:short)%00%(objectname)%00%(upstream:track)%00%(upstream:remotename)%00%(upstream:remoteref) refs/heads/main refs/remotes/main [1ms]
2023-02-25 18:37:54.287 [info] > git status -z -uall [11ms]
2023-02-25 18:37:54.289 [info] > git for-each-ref --sort -committerdate --format %(refname) %(objectname) %(*objectname) [2ms]
2023-02-25 18:38:07.629 [info] > git config --get commit.template [13ms]
2023-02-25 18:38:07.630 [info] > git for-each-ref --format=%(refname)%00%(upstream:short)%00%(objectname)%00%(upstream:track)%00%(upstream:remotename)%00%(upstream:remoteref) refs/heads/main refs/remotes/main [3ms]
2023-02-25 18:38:07.657 [info] > git status -z -uall [14ms]
2023-02-25 18:38:07.658 [info] > git for-each-ref --sort -committerdate --format %(refname) %(objectname) %(*objectname) [2ms]
2023-02-25 18:38:22.721 [info] > git config --get commit.template [1ms]
2023-02-25 18:38:22.733 [info] > git for-each-ref --format=%(refname)%00%(upstream:short)%00%(objectname)%00%(upstream:track)%00%(upstream:remotename)%00%(upstream:remoteref) refs/heads/main refs/remotes/main [2ms]
2023-02-25 18:38:22.754 [info] > git status -z -uall [11ms]
2023-02-25 18:38:22.755 [info] > git for-each-ref --sort -committerdate --format %(refname) %(objectname) %(*objectname) [1ms]
2023-02-25 18:38:30.453 [info] > git config --get commit.template [1ms]
2023-02-25 18:38:30.462 [info] > git for-each-ref --format=%(refname)%00%(upstream:short)%00%(objectname)%00%(upstream:track)%00%(upstream:remotename)%00%(upstream:remoteref) refs/heads/main refs/remotes/main [1ms]
2023-02-25 18:38:30.478 [info] > git status -z -uall [9ms]
2023-02-25 18:38:30.480 [info] > git for-each-ref --sort -committerdate --format %(refname) %(objectname) %(*objectname) [2ms]
2023-02-25 18:38:43.439 [info] > git config --get commit.template [1ms]
2023-02-25 18:38:43.448 [info] > git for-each-ref --format=%(refname)%00%(upstream:short)%00%(objectname)%00%(upstream:track)%00%(upstream:remotename)%00%(upstream:remoteref) refs/heads/main refs/remotes/main [1ms]
2023-02-25 18:38:43.465 [info] > git status -z -uall [9ms]
2023-02-25 18:38:43.466 [info] > git for-each-ref --sort -committerdate --format %(refname) %(objectname) %(*objectname) [2ms]
2023-02-25 18:38:54.239 [info] > git config --get commit.template [1ms]
2023-02-25 18:38:54.248 [info] > git for-each-ref --format=%(refname)%00%(upstream:short)%00%(objectname)%00%(upstream:track)%00%(upstream:remotename)%00%(upstream:remoteref) refs/heads/main refs/remotes/main [1ms]
2023-02-25 18:38:54.265 [info] > git status -z -uall [9ms]
2023-02-25 18:38:54.267 [info] > git for-each-ref --sort -committerdate --format %(refname) %(objectname) %(*objectname) [3ms]
2023-02-25 18:39:25.244 [info] > git config --get commit.template [1ms]
2023-02-25 18:39:25.254 [info] > git for-each-ref --format=%(refname)%00%(upstream:short)%00%(objectname)%00%(upstream:track)%00%(upstream:remotename)%00%(upstream:remoteref) refs/heads/main refs/remotes/main [2ms]
2023-02-25 18:39:25.276 [info] > git status -z -uall [11ms]
2023-02-25 18:39:25.277 [info] > git for-each-ref --sort -committerdate --format %(refname) %(objectname) %(*objectname) [2ms]
2023-02-25 18:39:34.896 [info] > git config --get commit.template [1ms]
2023-02-25 18:39:34.905 [info] > git for-each-ref --format=%(refname)%00%(upstream:short)%00%(objectname)%00%(upstream:track)%00%(upstream:remotename)%00%(upstream:remoteref) refs/heads/main refs/remotes/main [1ms]
2023-02-25 18:39:34.924 [info] > git status -z -uall [11ms]
2023-02-25 18:39:34.929 [info] > git for-each-ref --sort -committerdate --format %(refname) %(objectname) %(*objectname) [5ms]
2023-02-25 18:49:33.039 [info] > git check-ignore -v -z --stdin [2ms]
2023-02-25 18:49:33.937 [info] > git show --textconv :src/scenes/Forms/SignInForm.jsx [8ms]
2023-02-25 18:49:33.938 [info] > git ls-files --stage -- /home/devilunraveled/DASS/Assignment 1/frontend/frontend/src/scenes/Forms/SignInForm.jsx [2ms]
2023-02-25 18:49:33.945 [info] > git cat-file -s e2e7becc98e4b03cda5b897b7c7c4379d42626b1 [1ms]
2023-02-25 18:49:45.100 [info] > git config --get commit.template [3ms]
2023-02-25 18:49:45.118 [info] > git for-each-ref --format=%(refname)%00%(upstream:short)%00%(objectname)%00%(upstream:track)%00%(upstream:remotename)%00%(upstream:remoteref) refs/heads/main refs/remotes/main [2ms]
2023-02-25 18:49:45.152 [info] > git status -z -uall [18ms]
2023-02-25 18:49:45.154 [info] > git for-each-ref --sort -committerdate --format %(refname) %(objectname) %(*objectname) [4ms]
2023-02-25 18:49:50.393 [info] > git rev-parse --show-toplevel [2ms]
2023-02-25 18:49:50.393 [info] fatal: not a git repository (or any of the parent directories): .git
