[2023-02-24 20:15:31.911] [    119ms] [/home/devilunraveled/DASS/Assignment 1/frontend] git rev-parse --show-toplevel • FAILED

Error: Command failed: /usr/bin/git -c core.quotepath=false -c color.ui=false rev-parse --show-toplevel
fatal: not a git repository (or any of the parent directories): .git

[2023-02-24 20:15:31.969] [     12ms] [/home/devilunraveled/DASS/Assignment 1/frontend/frontend] git rev-parse --show-toplevel
[2023-02-24 20:15:31.969] [     36ms] [/home/devilunraveled/DASS/Assignment 1/frontend] git rev-parse --show-toplevel • FAILED

Error: Command failed: /usr/bin/git -c core.quotepath=false -c color.ui=false rev-parse --show-toplevel
fatal: not a git repository (or any of the parent directories): .git

[2023-02-24 20:15:32.195] [     26ms] [/home/devilunraveled/DASS/Assignment 1/frontend/frontend] git rev-parse --show-toplevel
[2023-02-24 20:15:32.206] [     26ms] [/home/devilunraveled/DASS/Assignment 1/frontend/frontend] git remote -v
[2023-02-24 20:15:32.209] [     29ms] [/home/devilunraveled/DASS/Assignment 1/frontend/frontend] git rev-parse --git-dir --git-common-dir
[2023-02-24 20:15:32.260] [     17ms] [/home/devilunraveled/DASS/Assignment 1/frontend/frontend] git remote -v
[2023-02-24 20:15:32.692] [      7ms] [/home/devilunraveled/DASS/Assignment 1/frontend/frontend] git remote -v
[2023-02-24 20:15:36.842] [     18ms] [/home/devilunraveled/DASS/Assignment 1/frontend/frontend] git for-each-ref --format=%3ch%3e%(HEAD)%3cn%3e%(refname)%3cu%3e%(upstream:short)%3ct%3e%(upstream:track)%3cr%3e%(objectname)%3cd%3e%(committerdate:iso8601) refs/heads refs/remotes
[2023-02-24 20:15:36.854] [     10ms] [/home/devilunraveled/DASS/Assignment 1/frontend/frontend] git tag -l --format=%3cn%3e%(refname)%3c*r%3e%(*objectname)%3cr%3e%(objectname)%3cd%3e%(creatordate:iso8601)%3cad%3e%(authordate:iso8601)%3cs%3e%(subject)
[2023-02-24 20:15:36.884] [     29ms] [/home/devilunraveled/DASS/Assignment 1/frontend/frontend] git rev-parse --verify --end-of-options d5bdfeed6dfa^{commit}
[2023-02-24 20:15:36.885] [     30ms] [/home/devilunraveled/DASS/Assignment 1/frontend/frontend] git rev-parse --verify --end-of-options 63b65145d645^{commit}
[2023-02-24 20:15:36.886] [     10ms] [/home/devilunraveled/DASS/Assignment 1/frontend/frontend] git rev-parse --verify --end-of-options a6f48326f540^{commit}
[2023-02-24 20:29:16.069] [     16ms] [/home/devilunraveled/DASS/Assignment 1/frontend/frontend] git ls-files -- logo.svg
[2023-02-24 20:29:16.418] [     68ms] [/home/devilunraveled/DASS/Assignment 1/frontend/frontend] git blame --root --incremental -- logo.svg
[2023-02-24 20:29:16.431] [     12ms] [/home/devilunraveled/DASS/Assignment 1/frontend/frontend] git config --get-regex ^user\.
[2023-02-24 20:29:16.452] [     20ms] [/home/devilunraveled/DASS/Assignment 1/frontend/frontend] git check-mailmap Hardik Sharma <hardiksharmah73@gmail.com>
[2023-02-24 20:29:17.013] [     47ms] [/home/devilunraveled/DASS/Assignment 1/frontend/frontend] git log -M -n1 --format=%H 3611536d9acec961b509bb3f43a42cc83b665012^ -- logo.svg
[2023-02-24 20:29:17.013] [     49ms] [/home/devilunraveled/DASS/Assignment 1/frontend/frontend] git log --format=%x3c%x2ff%x3e%n%x3cr%x3e%x20%H%n%x3ca%x3e%x20%aN%n%x3ce%x3e%x20%aE%n%x3cd%x3e%x20%at%n%x3cn%x3e%x20%cN%n%x3cm%x3e%x20%cE%n%x3cc%x3e%x20%ct%n%x3cp%x3e%x20%P%n%x3cs%x3e%n%B%n%x3c%x2fs%x3e%n%x3cf%x3e -M -m --name-status --full-history -n3 3611536d9acec961b509bb3f43a42cc83b665012 --
[2023-02-24 20:29:17.016] [     20ms] [/home/devilunraveled/DASS/Assignment 1/frontend/frontend] git rev-parse --verify --end-of-options 3611536d9acec961b509bb3f43a42cc83b665012^:./logo.svg
[2023-02-24 20:38:42.065] [     13ms] [/home/devilunraveled/DASS/Assignment 1/frontend/backend] git rev-parse --show-toplevel • FAILED

Error: Command failed: /usr/bin/git -c core.quotepath=false -c color.ui=false rev-parse --show-toplevel
fatal: not a git repository (or any of the parent directories): .git

[2023-02-24 20:40:38.759] [     17ms] [/home/devilunraveled/DASS/Assignment 1/frontend/.vscode] git rev-parse --show-toplevel • FAILED

Error: Command failed: /usr/bin/git -c core.quotepath=false -c color.ui=false rev-parse --show-toplevel
fatal: not a git repository (or any of the parent directories): .git

