2023-05-12 12:45:49.272 [info] Reading sessions from keychain...
2023-05-12 12:45:49.272 [info] Getting sessions for all scopes...
2023-05-12 12:45:49.272 [info] Getting sessions for user:email...
2023-05-12 12:45:49.272 [info] Getting sessions for all scopes...
2023-05-12 12:45:49.272 [info] Getting sessions for all scopes...
2023-05-12 12:45:49.287 [info] Getting sessions for all scopes...
2023-05-12 12:45:49.979 [info] Getting sessions for read:user,repo,user:email...
2023-05-12 12:45:51.655 [error] Getting token failed: Error: Unable to parse decrypted password
2023-05-12 12:45:51.655 [info] Got 0 sessions for ...
2023-05-12 12:45:51.655 [info] Got 0 sessions for user:email...
2023-05-12 12:45:51.655 [info] Got 0 sessions for ...
2023-05-12 12:45:51.655 [info] Got 0 sessions for ...
2023-05-12 12:45:51.655 [info] Got 0 sessions for ...
2023-05-12 12:45:51.655 [info] Got 0 sessions for read:user,repo,user:email...
2023-05-12 12:45:51.702 [info] Getting sessions for all scopes...
2023-05-12 12:45:51.703 [info] Got 0 sessions for ...
2023-05-12 12:46:01.744 [info] Reading sessions from keychain...
2023-05-12 12:46:01.744 [info] Getting sessions for all scopes...
2023-05-12 12:46:01.744 [error] Getting token failed: Error: Unable to parse decrypted password
2023-05-12 12:46:01.744 [info] Got 0 sessions for ...
2023-05-12 12:46:01.744 [info] Getting sessions for user:email...
2023-05-12 12:46:01.744 [info] Got 0 sessions for user:email...
2023-05-12 12:46:01.759 [info] Getting sessions for all scopes...
2023-05-12 12:46:01.759 [info] Got 0 sessions for ...
2023-05-12 12:46:01.944 [info] Getting sessions for all scopes...
2023-05-12 12:46:01.944 [info] Got 0 sessions for ...
2023-05-12 12:46:01.993 [info] Getting sessions for all scopes...
2023-05-12 12:46:01.993 [info] Got 0 sessions for ...
2023-05-12 12:46:02.043 [info] Getting sessions for read:user,repo,user:email...
2023-05-12 12:46:02.043 [info] Got 0 sessions for read:user,repo,user:email...
2023-05-12 12:46:02.059 [info] Getting sessions for all scopes...
2023-05-12 12:46:02.059 [info] Got 0 sessions for ...
