2023-10-25 21:29:51.459 [info] Extension host with pid 118084 started
2023-10-25 21:29:51.459 [info] Skipping acquiring lock for /home/devilunraveled/.config/Code/User/workspaceStorage/1f432e04f53107f6ae53176a7527fdf5.
2023-10-25 21:29:51.488 [info] ExtensionService#_doActivateExtension mongodb.mongodb-vscode, startup: false, activationEvent: 'onLanguage:plaintext'
2023-10-25 21:29:51.873 [info] ExtensionService#_doActivateExtension vscode.emmet, startup: false, activationEvent: 'onLanguage'
2023-10-25 21:29:51.938 [info] ExtensionService#_doActivateExtension vscode.github-authentication, startup: false, activationEvent: 'onAuthenticationRequest:github'
2023-10-25 21:29:52.004 [info] ExtensionService#_doActivateExtension vscode.microsoft-authentication, startup: false, activationEvent: 'onAuthenticationRequest:microsoft'
2023-10-25 21:29:52.308 [info] ExtensionService#_doActivateExtension vscode.git-base, startup: true, activationEvent: '*', root cause: vscode.git
2023-10-25 21:29:52.310 [info] ExtensionService#_doActivateExtension formulahendry.auto-close-tag, startup: true, activationEvent: '*'
2023-10-25 21:29:52.318 [info] ExtensionService#_doActivateExtension formulahendry.auto-rename-tag, startup: true, activationEvent: '*'
2023-10-25 21:29:52.323 [info] ExtensionService#_doActivateExtension wayou.vscode-todo-highlight, startup: true, activationEvent: '*'
2023-10-25 21:29:52.356 [info] ExtensionService#_doActivateExtension vscode.git, startup: true, activationEvent: '*'
2023-10-25 21:29:52.370 [info] ExtensionService#_doActivateExtension vscode.github, startup: true, activationEvent: '*'
2023-10-25 21:29:52.469 [info] Eager extensions activated
2023-10-25 21:29:52.478 [info] ExtensionService#_doActivateExtension vscode.debug-auto-launch, startup: false, activationEvent: 'onStartupFinished'
2023-10-25 21:29:52.479 [info] ExtensionService#_doActivateExtension vscode.merge-conflict, startup: false, activationEvent: 'onStartupFinished'
2023-10-25 21:29:52.484 [info] ExtensionService#_doActivateExtension aaron-bond.better-comments, startup: false, activationEvent: 'onStartupFinished'
2023-10-25 21:29:52.487 [info] ExtensionService#_doActivateExtension alefragnani.Bookmarks, startup: false, activationEvent: 'onStartupFinished'
2023-10-25 21:29:52.489 [info] ExtensionService#_doActivateExtension alefragnani.project-manager, startup: false, activationEvent: 'onStartupFinished'
2023-10-25 21:29:52.493 [info] ExtensionService#_doActivateExtension dbaeumer.vscode-eslint, startup: false, activationEvent: 'onStartupFinished'
2023-10-25 21:29:52.498 [info] ExtensionService#_doActivateExtension dsznajder.es7-react-js-snippets, startup: false, activationEvent: 'onStartupFinished'
2023-10-25 21:29:52.623 [info] ExtensionService#_doActivateExtension eamodio.gitlens, startup: false, activationEvent: 'onStartupFinished'
2023-10-25 21:29:52.639 [info] ExtensionService#_doActivateExtension esbenp.prettier-vscode, startup: false, activationEvent: 'onStartupFinished'
2023-10-25 21:29:52.659 [info] ExtensionService#_doActivateExtension formulahendry.code-runner, startup: false, activationEvent: 'onStartupFinished'
2023-10-25 21:29:52.670 [info] ExtensionService#_doActivateExtension ms-vscode-remote.remote-containers, startup: false, activationEvent: 'onStartupFinished'
2023-10-25 21:29:52.686 [info] ExtensionService#_doActivateExtension streetsidesoftware.code-spell-checker, startup: false, activationEvent: 'onStartupFinished'
2023-10-25 21:29:52.710 [info] ExtensionService#_doActivateExtension TabNine.tabnine-vscode, startup: false, activationEvent: 'onStartupFinished'
2023-10-25 21:29:52.720 [info] ExtensionService#_doActivateExtension vscode-icons-team.vscode-icons, startup: false, activationEvent: 'onStartupFinished'
2023-10-25 21:29:52.736 [info] ExtensionService#_doActivateExtension vscodevim.vim, startup: false, activationEvent: 'onStartupFinished'
2023-10-25 21:29:53.043 [info] ExtensionService#_doActivateExtension vscode.json-language-features, startup: false, activationEvent: 'onLanguage:jsonc'
2023-10-25 21:29:53.053 [info] ExtensionService#_doActivateExtension vscode.typescript-language-features, startup: false, activationEvent: 'onLanguage:jsonc'
2023-10-25 21:31:13.703 [info] ExtensionService#_doActivateExtension Codeium.codeium, startup: false, activationEvent: 'onStartupFinished'
2023-10-25 21:31:27.279 [info] ExtensionService#_doActivateExtension vscode.markdown-language-features, startup: false, activationEvent: 'onCommand:markdown.showPreview'
2023-10-25 21:31:27.630 [info] ExtensionService#_doActivateExtension vscode.extension-editing, startup: false, activationEvent: 'onLanguage:markdown'
2023-10-25 21:31:27.673 [info] ExtensionService#_doActivateExtension vscode.markdown-math, startup: false, activationEvent: 'api', root cause: vscode.markdown-language-features
2023-10-25 22:49:01.044 [info] Extension host terminating: renderer closed the MessagePort
2023-10-25 22:49:01.136 [error] Canceled: Canceled
    at new g (/var/lib/snapd/snap/code/143/usr/share/code/resources/app/out/vs/workbench/api/node/extensionHostProcess.js:125:57216)
    at i.U (/var/lib/snapd/snap/code/143/usr/share/code/resources/app/out/vs/workbench/api/node/extensionHostProcess.js:134:10864)
    at Proxy.M.<computed>.j.charCodeAt.M.<computed> (/var/lib/snapd/snap/code/143/usr/share/code/resources/app/out/vs/workbench/api/node/extensionHostProcess.js:134:8315)
    at n.g (/var/lib/snapd/snap/code/143/usr/share/code/resources/app/out/vs/workbench/api/node/extensionHostProcess.js:125:83747)
    at n.executeCommand (/var/lib/snapd/snap/code/143/usr/share/code/resources/app/out/vs/workbench/api/node/extensionHostProcess.js:125:83185)
    at b.registerCommand.description (/var/lib/snapd/snap/code/143/usr/share/code/resources/app/out/vs/workbench/api/node/extensionHostProcess.js:125:82506)
    at n.h (/var/lib/snapd/snap/code/143/usr/share/code/resources/app/out/vs/workbench/api/node/extensionHostProcess.js:125:84283)
    at n.g (/var/lib/snapd/snap/code/143/usr/share/code/resources/app/out/vs/workbench/api/node/extensionHostProcess.js:125:83278)
    at n.executeCommand (/var/lib/snapd/snap/code/143/usr/share/code/resources/app/out/vs/workbench/api/node/extensionHostProcess.js:125:83185)
    at Object.executeCommand (/var/lib/snapd/snap/code/143/usr/share/code/resources/app/out/vs/workbench/api/node/extensionHostProcess.js:140:21282)
    at s.D [as value] (/var/lib/snapd/snap/code/143/usr/share/code/resources/app/extensions/git/dist/main.js:2:1312800)
    at c.z (/var/lib/snapd/snap/code/143/usr/share/code/resources/app/out/vs/workbench/api/node/extensionHostProcess.js:80:1902)
    at c.A (/var/lib/snapd/snap/code/143/usr/share/code/resources/app/out/vs/workbench/api/node/extensionHostProcess.js:80:1972)
    at c.fire (/var/lib/snapd/snap/code/143/usr/share/code/resources/app/out/vs/workbench/api/node/extensionHostProcess.js:80:2188)
    at Object.m [as dispose] (/var/lib/snapd/snap/code/143/usr/share/code/resources/app/extensions/git/dist/main.js:2:1328588)
    at /var/lib/snapd/snap/code/143/usr/share/code/resources/app/extensions/git/dist/main.js:2:1333429
    at Array.forEach (<anonymous>)
    at g.dispose (/var/lib/snapd/snap/code/143/usr/share/code/resources/app/extensions/git/dist/main.js:2:1333415)
    at v.<anonymous> (/var/lib/snapd/snap/code/143/usr/share/code/resources/app/out/vs/workbench/api/node/extensionHostProcess.js:121:3521)
    at v.dispose (/var/lib/snapd/snap/code/143/usr/share/code/resources/app/out/vs/workbench/api/node/extensionHostProcess.js:121:3618)
    at v.<anonymous> (/var/lib/snapd/snap/code/143/usr/share/code/resources/app/extensions/git/dist/main.js:2:1314812)
    at v.dispose (/var/lib/snapd/snap/code/143/usr/share/code/resources/app/out/vs/workbench/api/node/extensionHostProcess.js:121:3618)
    at o (/var/lib/snapd/snap/code/143/usr/share/code/resources/app/out/vs/workbench/api/node/extensionHostProcess.js:30:754)
    at s.cb (/var/lib/snapd/snap/code/143/usr/share/code/resources/app/out/vs/workbench/api/node/extensionHostProcess.js:136:9846)
    at /var/lib/snapd/snap/code/143/usr/share/code/resources/app/out/vs/workbench/api/node/extensionHostProcess.js:136:7796
    at Array.map (<anonymous>)
    at s.Y (/var/lib/snapd/snap/code/143/usr/share/code/resources/app/out/vs/workbench/api/node/extensionHostProcess.js:136:7784)
    at s.terminate (/var/lib/snapd/snap/code/143/usr/share/code/resources/app/out/vs/workbench/api/node/extensionHostProcess.js:136:8054)
    at o.terminate (/var/lib/snapd/snap/code/143/usr/share/code/resources/app/out/vs/workbench/api/node/extensionHostProcess.js:140:1513)
    at l (/var/lib/snapd/snap/code/143/usr/share/code/resources/app/out/vs/workbench/api/node/extensionHostProcess.js:153:9801)
    at MessagePortMain.<anonymous> (/var/lib/snapd/snap/code/143/usr/share/code/resources/app/out/vs/workbench/api/node/extensionHostProcess.js:153:6226)
    at MessagePortMain.emit (node:events:513:28)
    at MessagePortMain.emit (node:domain:489:12)
    at Object.MessagePortMain._internalPort.emit (node:electron/js2c/utility_init:2:367) setContext undefined
2023-10-25 22:49:01.139 [error] Canceled: Canceled
    at new g (/var/lib/snapd/snap/code/143/usr/share/code/resources/app/out/vs/workbench/api/node/extensionHostProcess.js:125:57216)
    at i.U (/var/lib/snapd/snap/code/143/usr/share/code/resources/app/out/vs/workbench/api/node/extensionHostProcess.js:134:10864)
    at Proxy.M.<computed>.j.charCodeAt.M.<computed> (/var/lib/snapd/snap/code/143/usr/share/code/resources/app/out/vs/workbench/api/node/extensionHostProcess.js:134:8315)
    at n.g (/var/lib/snapd/snap/code/143/usr/share/code/resources/app/out/vs/workbench/api/node/extensionHostProcess.js:125:83747)
    at n.executeCommand (/var/lib/snapd/snap/code/143/usr/share/code/resources/app/out/vs/workbench/api/node/extensionHostProcess.js:125:83185)
    at b.registerCommand.description (/var/lib/snapd/snap/code/143/usr/share/code/resources/app/out/vs/workbench/api/node/extensionHostProcess.js:125:82506)
    at n.h (/var/lib/snapd/snap/code/143/usr/share/code/resources/app/out/vs/workbench/api/node/extensionHostProcess.js:125:84283)
    at n.g (/var/lib/snapd/snap/code/143/usr/share/code/resources/app/out/vs/workbench/api/node/extensionHostProcess.js:125:83278)
    at n.executeCommand (/var/lib/snapd/snap/code/143/usr/share/code/resources/app/out/vs/workbench/api/node/extensionHostProcess.js:125:83185)
    at Object.executeCommand (/var/lib/snapd/snap/code/143/usr/share/code/resources/app/out/vs/workbench/api/node/extensionHostProcess.js:140:21282)
    at t.$D.set b [as b] (/var/lib/snapd/snap/code/143/usr/share/code/resources/app/extensions/github/dist/extension.js:2:714415)
    at /var/lib/snapd/snap/code/143/usr/share/code/resources/app/extensions/github/dist/extension.js:2:715056
    at s.value (/var/lib/snapd/snap/code/143/usr/share/code/resources/app/extensions/git/dist/main.js:2:1402040)
    at c.z (/var/lib/snapd/snap/code/143/usr/share/code/resources/app/out/vs/workbench/api/node/extensionHostProcess.js:80:1902)
    at c.A (/var/lib/snapd/snap/code/143/usr/share/code/resources/app/out/vs/workbench/api/node/extensionHostProcess.js:80:1972)
    at c.fire (/var/lib/snapd/snap/code/143/usr/share/code/resources/app/out/vs/workbench/api/node/extensionHostProcess.js:80:2188)
    at Object.m [as dispose] (/var/lib/snapd/snap/code/143/usr/share/code/resources/app/extensions/git/dist/main.js:2:1328588)
    at /var/lib/snapd/snap/code/143/usr/share/code/resources/app/extensions/git/dist/main.js:2:1333429
    at Array.forEach (<anonymous>)
    at g.dispose (/var/lib/snapd/snap/code/143/usr/share/code/resources/app/extensions/git/dist/main.js:2:1333415)
    at v.<anonymous> (/var/lib/snapd/snap/code/143/usr/share/code/resources/app/out/vs/workbench/api/node/extensionHostProcess.js:121:3521)
    at v.dispose (/var/lib/snapd/snap/code/143/usr/share/code/resources/app/out/vs/workbench/api/node/extensionHostProcess.js:121:3618)
    at v.<anonymous> (/var/lib/snapd/snap/code/143/usr/share/code/resources/app/extensions/git/dist/main.js:2:1314812)
    at v.dispose (/var/lib/snapd/snap/code/143/usr/share/code/resources/app/out/vs/workbench/api/node/extensionHostProcess.js:121:3618)
    at o (/var/lib/snapd/snap/code/143/usr/share/code/resources/app/out/vs/workbench/api/node/extensionHostProcess.js:30:754)
    at s.cb (/var/lib/snapd/snap/code/143/usr/share/code/resources/app/out/vs/workbench/api/node/extensionHostProcess.js:136:9846)
    at /var/lib/snapd/snap/code/143/usr/share/code/resources/app/out/vs/workbench/api/node/extensionHostProcess.js:136:7796
    at Array.map (<anonymous>)
    at s.Y (/var/lib/snapd/snap/code/143/usr/share/code/resources/app/out/vs/workbench/api/node/extensionHostProcess.js:136:7784)
    at s.terminate (/var/lib/snapd/snap/code/143/usr/share/code/resources/app/out/vs/workbench/api/node/extensionHostProcess.js:136:8054)
    at o.terminate (/var/lib/snapd/snap/code/143/usr/share/code/resources/app/out/vs/workbench/api/node/extensionHostProcess.js:140:1513)
    at l (/var/lib/snapd/snap/code/143/usr/share/code/resources/app/out/vs/workbench/api/node/extensionHostProcess.js:153:9801)
    at MessagePortMain.<anonymous> (/var/lib/snapd/snap/code/143/usr/share/code/resources/app/out/vs/workbench/api/node/extensionHostProcess.js:153:6226)
    at MessagePortMain.emit (node:events:513:28)
    at MessagePortMain.emit (node:domain:489:12)
    at Object.MessagePortMain._internalPort.emit (node:electron/js2c/utility_init:2:367) setContext undefined
2023-10-25 22:49:01.146 [error] Canceled: Canceled
    at new g (/var/lib/snapd/snap/code/143/usr/share/code/resources/app/out/vs/workbench/api/node/extensionHostProcess.js:125:57216)
    at i.U (/var/lib/snapd/snap/code/143/usr/share/code/resources/app/out/vs/workbench/api/node/extensionHostProcess.js:134:10864)
    at Proxy.M.<computed>.j.charCodeAt.M.<computed> (/var/lib/snapd/snap/code/143/usr/share/code/resources/app/out/vs/workbench/api/node/extensionHostProcess.js:134:8315)
    at n.g (/var/lib/snapd/snap/code/143/usr/share/code/resources/app/out/vs/workbench/api/node/extensionHostProcess.js:125:83747)
    at n.executeCommand (/var/lib/snapd/snap/code/143/usr/share/code/resources/app/out/vs/workbench/api/node/extensionHostProcess.js:125:83185)
    at b.registerCommand.description (/var/lib/snapd/snap/code/143/usr/share/code/resources/app/out/vs/workbench/api/node/extensionHostProcess.js:125:82506)
    at n.h (/var/lib/snapd/snap/code/143/usr/share/code/resources/app/out/vs/workbench/api/node/extensionHostProcess.js:125:84283)
    at n.g (/var/lib/snapd/snap/code/143/usr/share/code/resources/app/out/vs/workbench/api/node/extensionHostProcess.js:125:83278)
    at n.executeCommand (/var/lib/snapd/snap/code/143/usr/share/code/resources/app/out/vs/workbench/api/node/extensionHostProcess.js:125:83185)
    at Object.executeCommand (/var/lib/snapd/snap/code/143/usr/share/code/resources/app/out/vs/workbench/api/node/extensionHostProcess.js:140:21282)
    at w (/home/devilunraveled/.vscode/extensions/eamodio.gitlens-14.4.0/dist/gitlens.js:1:1065334)
    at l (/home/devilunraveled/.vscode/extensions/eamodio.gitlens-14.4.0/dist/gitlens.js:1:1069962)
    at ActionRunners._updateContextKeys (/home/devilunraveled/.vscode/extensions/eamodio.gitlens-14.4.0/dist/gitlens.js:1:38884)
    at s (/home/devilunraveled/.vscode/extensions/eamodio.gitlens-14.4.0/dist/gitlens.js:1:37303)
    at RegisteredActionRunner.unregister (/home/devilunraveled/.vscode/extensions/eamodio.gitlens-14.4.0/dist/gitlens.js:1:37447)
    at RegisteredActionRunner.dispose (/home/devilunraveled/.vscode/extensions/eamodio.gitlens-14.4.0/dist/gitlens.js:1:36110)
    at ActionRunners.dispose (/home/devilunraveled/.vscode/extensions/eamodio.gitlens-14.4.0/dist/gitlens.js:1:36889)
    at /home/devilunraveled/.vscode/extensions/eamodio.gitlens-14.4.0/dist/gitlens.js:1:763849
    at Array.forEach (<anonymous>)
    at Object.dispose (/home/devilunraveled/.vscode/extensions/eamodio.gitlens-14.4.0/dist/gitlens.js:1:763834)
    at o (/var/lib/snapd/snap/code/143/usr/share/code/resources/app/out/vs/workbench/api/node/extensionHostProcess.js:30:754)
    at s.cb (/var/lib/snapd/snap/code/143/usr/share/code/resources/app/out/vs/workbench/api/node/extensionHostProcess.js:136:9846)
    at /var/lib/snapd/snap/code/143/usr/share/code/resources/app/out/vs/workbench/api/node/extensionHostProcess.js:136:7796
    at Array.map (<anonymous>)
    at s.Y (/var/lib/snapd/snap/code/143/usr/share/code/resources/app/out/vs/workbench/api/node/extensionHostProcess.js:136:7784)
    at s.terminate (/var/lib/snapd/snap/code/143/usr/share/code/resources/app/out/vs/workbench/api/node/extensionHostProcess.js:136:8054)
    at o.terminate (/var/lib/snapd/snap/code/143/usr/share/code/resources/app/out/vs/workbench/api/node/extensionHostProcess.js:140:1513)
    at l (/var/lib/snapd/snap/code/143/usr/share/code/resources/app/out/vs/workbench/api/node/extensionHostProcess.js:153:9801)
    at MessagePortMain.<anonymous> (/var/lib/snapd/snap/code/143/usr/share/code/resources/app/out/vs/workbench/api/node/extensionHostProcess.js:153:6226)
    at MessagePortMain.emit (node:events:513:28)
    at MessagePortMain.emit (node:domain:489:12)
    at Object.MessagePortMain._internalPort.emit (node:electron/js2c/utility_init:2:367) setContext undefined
2023-10-25 22:49:01.146 [error] Canceled: Canceled
    at new g (/var/lib/snapd/snap/code/143/usr/share/code/resources/app/out/vs/workbench/api/node/extensionHostProcess.js:125:57216)
    at i.U (/var/lib/snapd/snap/code/143/usr/share/code/resources/app/out/vs/workbench/api/node/extensionHostProcess.js:134:10864)
    at Proxy.M.<computed>.j.charCodeAt.M.<computed> (/var/lib/snapd/snap/code/143/usr/share/code/resources/app/out/vs/workbench/api/node/extensionHostProcess.js:134:8315)
    at n.g (/var/lib/snapd/snap/code/143/usr/share/code/resources/app/out/vs/workbench/api/node/extensionHostProcess.js:125:83747)
    at n.executeCommand (/var/lib/snapd/snap/code/143/usr/share/code/resources/app/out/vs/workbench/api/node/extensionHostProcess.js:125:83185)
    at b.registerCommand.description (/var/lib/snapd/snap/code/143/usr/share/code/resources/app/out/vs/workbench/api/node/extensionHostProcess.js:125:82506)
    at n.h (/var/lib/snapd/snap/code/143/usr/share/code/resources/app/out/vs/workbench/api/node/extensionHostProcess.js:125:84283)
    at n.g (/var/lib/snapd/snap/code/143/usr/share/code/resources/app/out/vs/workbench/api/node/extensionHostProcess.js:125:83278)
    at n.executeCommand (/var/lib/snapd/snap/code/143/usr/share/code/resources/app/out/vs/workbench/api/node/extensionHostProcess.js:125:83185)
    at Object.executeCommand (/var/lib/snapd/snap/code/143/usr/share/code/resources/app/out/vs/workbench/api/node/extensionHostProcess.js:140:21282)
    at w (/home/devilunraveled/.vscode/extensions/eamodio.gitlens-14.4.0/dist/gitlens.js:1:1065334)
    at l (/home/devilunraveled/.vscode/extensions/eamodio.gitlens-14.4.0/dist/gitlens.js:1:1069962)
    at ActionRunners._updateContextKeys (/home/devilunraveled/.vscode/extensions/eamodio.gitlens-14.4.0/dist/gitlens.js:1:38884)
    at s (/home/devilunraveled/.vscode/extensions/eamodio.gitlens-14.4.0/dist/gitlens.js:1:37303)
    at RegisteredActionRunner.unregister (/home/devilunraveled/.vscode/extensions/eamodio.gitlens-14.4.0/dist/gitlens.js:1:37447)
    at RegisteredActionRunner.dispose (/home/devilunraveled/.vscode/extensions/eamodio.gitlens-14.4.0/dist/gitlens.js:1:36110)
    at ActionRunners.dispose (/home/devilunraveled/.vscode/extensions/eamodio.gitlens-14.4.0/dist/gitlens.js:1:36889)
    at /home/devilunraveled/.vscode/extensions/eamodio.gitlens-14.4.0/dist/gitlens.js:1:763849
    at Array.forEach (<anonymous>)
    at Object.dispose (/home/devilunraveled/.vscode/extensions/eamodio.gitlens-14.4.0/dist/gitlens.js:1:763834)
    at o (/var/lib/snapd/snap/code/143/usr/share/code/resources/app/out/vs/workbench/api/node/extensionHostProcess.js:30:754)
    at s.cb (/var/lib/snapd/snap/code/143/usr/share/code/resources/app/out/vs/workbench/api/node/extensionHostProcess.js:136:9846)
    at /var/lib/snapd/snap/code/143/usr/share/code/resources/app/out/vs/workbench/api/node/extensionHostProcess.js:136:7796
    at Array.map (<anonymous>)
    at s.Y (/var/lib/snapd/snap/code/143/usr/share/code/resources/app/out/vs/workbench/api/node/extensionHostProcess.js:136:7784)
    at s.terminate (/var/lib/snapd/snap/code/143/usr/share/code/resources/app/out/vs/workbench/api/node/extensionHostProcess.js:136:8054)
    at o.terminate (/var/lib/snapd/snap/code/143/usr/share/code/resources/app/out/vs/workbench/api/node/extensionHostProcess.js:140:1513)
    at l (/var/lib/snapd/snap/code/143/usr/share/code/resources/app/out/vs/workbench/api/node/extensionHostProcess.js:153:9801)
    at MessagePortMain.<anonymous> (/var/lib/snapd/snap/code/143/usr/share/code/resources/app/out/vs/workbench/api/node/extensionHostProcess.js:153:6226)
    at MessagePortMain.emit (node:events:513:28)
    at MessagePortMain.emit (node:domain:489:12)
    at Object.MessagePortMain._internalPort.emit (node:electron/js2c/utility_init:2:367) setContext undefined
2023-10-25 22:49:01.147 [error] Canceled: Canceled
    at new g (/var/lib/snapd/snap/code/143/usr/share/code/resources/app/out/vs/workbench/api/node/extensionHostProcess.js:125:57216)
    at i.U (/var/lib/snapd/snap/code/143/usr/share/code/resources/app/out/vs/workbench/api/node/extensionHostProcess.js:134:10864)
    at Proxy.M.<computed>.j.charCodeAt.M.<computed> (/var/lib/snapd/snap/code/143/usr/share/code/resources/app/out/vs/workbench/api/node/extensionHostProcess.js:134:8315)
    at n.g (/var/lib/snapd/snap/code/143/usr/share/code/resources/app/out/vs/workbench/api/node/extensionHostProcess.js:125:83747)
    at n.executeCommand (/var/lib/snapd/snap/code/143/usr/share/code/resources/app/out/vs/workbench/api/node/extensionHostProcess.js:125:83185)
    at b.registerCommand.description (/var/lib/snapd/snap/code/143/usr/share/code/resources/app/out/vs/workbench/api/node/extensionHostProcess.js:125:82506)
    at n.h (/var/lib/snapd/snap/code/143/usr/share/code/resources/app/out/vs/workbench/api/node/extensionHostProcess.js:125:84283)
    at n.g (/var/lib/snapd/snap/code/143/usr/share/code/resources/app/out/vs/workbench/api/node/extensionHostProcess.js:125:83278)
    at n.executeCommand (/var/lib/snapd/snap/code/143/usr/share/code/resources/app/out/vs/workbench/api/node/extensionHostProcess.js:125:83185)
    at Object.executeCommand (/var/lib/snapd/snap/code/143/usr/share/code/resources/app/out/vs/workbench/api/node/extensionHostProcess.js:140:21282)
    at w (/home/devilunraveled/.vscode/extensions/eamodio.gitlens-14.4.0/dist/gitlens.js:1:1065334)
    at l (/home/devilunraveled/.vscode/extensions/eamodio.gitlens-14.4.0/dist/gitlens.js:1:1069962)
    at ActionRunners._updateContextKeys (/home/devilunraveled/.vscode/extensions/eamodio.gitlens-14.4.0/dist/gitlens.js:1:38884)
    at s (/home/devilunraveled/.vscode/extensions/eamodio.gitlens-14.4.0/dist/gitlens.js:1:37303)
    at RegisteredActionRunner.unregister (/home/devilunraveled/.vscode/extensions/eamodio.gitlens-14.4.0/dist/gitlens.js:1:37447)
    at RegisteredActionRunner.dispose (/home/devilunraveled/.vscode/extensions/eamodio.gitlens-14.4.0/dist/gitlens.js:1:36110)
    at ActionRunners.dispose (/home/devilunraveled/.vscode/extensions/eamodio.gitlens-14.4.0/dist/gitlens.js:1:36889)
    at /home/devilunraveled/.vscode/extensions/eamodio.gitlens-14.4.0/dist/gitlens.js:1:763849
    at Array.forEach (<anonymous>)
    at Object.dispose (/home/devilunraveled/.vscode/extensions/eamodio.gitlens-14.4.0/dist/gitlens.js:1:763834)
    at o (/var/lib/snapd/snap/code/143/usr/share/code/resources/app/out/vs/workbench/api/node/extensionHostProcess.js:30:754)
    at s.cb (/var/lib/snapd/snap/code/143/usr/share/code/resources/app/out/vs/workbench/api/node/extensionHostProcess.js:136:9846)
    at /var/lib/snapd/snap/code/143/usr/share/code/resources/app/out/vs/workbench/api/node/extensionHostProcess.js:136:7796
    at Array.map (<anonymous>)
    at s.Y (/var/lib/snapd/snap/code/143/usr/share/code/resources/app/out/vs/workbench/api/node/extensionHostProcess.js:136:7784)
    at s.terminate (/var/lib/snapd/snap/code/143/usr/share/code/resources/app/out/vs/workbench/api/node/extensionHostProcess.js:136:8054)
    at o.terminate (/var/lib/snapd/snap/code/143/usr/share/code/resources/app/out/vs/workbench/api/node/extensionHostProcess.js:140:1513)
    at l (/var/lib/snapd/snap/code/143/usr/share/code/resources/app/out/vs/workbench/api/node/extensionHostProcess.js:153:9801)
    at MessagePortMain.<anonymous> (/var/lib/snapd/snap/code/143/usr/share/code/resources/app/out/vs/workbench/api/node/extensionHostProcess.js:153:6226)
    at MessagePortMain.emit (node:events:513:28)
    at MessagePortMain.emit (node:domain:489:12)
    at Object.MessagePortMain._internalPort.emit (node:electron/js2c/utility_init:2:367) setContext undefined
2023-10-25 22:49:01.147 [error] Canceled: Canceled
    at new g (/var/lib/snapd/snap/code/143/usr/share/code/resources/app/out/vs/workbench/api/node/extensionHostProcess.js:125:57216)
    at i.U (/var/lib/snapd/snap/code/143/usr/share/code/resources/app/out/vs/workbench/api/node/extensionHostProcess.js:134:10864)
    at Proxy.M.<computed>.j.charCodeAt.M.<computed> (/var/lib/snapd/snap/code/143/usr/share/code/resources/app/out/vs/workbench/api/node/extensionHostProcess.js:134:8315)
    at n.g (/var/lib/snapd/snap/code/143/usr/share/code/resources/app/out/vs/workbench/api/node/extensionHostProcess.js:125:83747)
    at n.executeCommand (/var/lib/snapd/snap/code/143/usr/share/code/resources/app/out/vs/workbench/api/node/extensionHostProcess.js:125:83185)
    at b.registerCommand.description (/var/lib/snapd/snap/code/143/usr/share/code/resources/app/out/vs/workbench/api/node/extensionHostProcess.js:125:82506)
    at n.h (/var/lib/snapd/snap/code/143/usr/share/code/resources/app/out/vs/workbench/api/node/extensionHostProcess.js:125:84283)
    at n.g (/var/lib/snapd/snap/code/143/usr/share/code/resources/app/out/vs/workbench/api/node/extensionHostProcess.js:125:83278)
    at n.executeCommand (/var/lib/snapd/snap/code/143/usr/share/code/resources/app/out/vs/workbench/api/node/extensionHostProcess.js:125:83185)
    at Object.executeCommand (/var/lib/snapd/snap/code/143/usr/share/code/resources/app/out/vs/workbench/api/node/extensionHostProcess.js:140:21282)
    at w (/home/devilunraveled/.vscode/extensions/eamodio.gitlens-14.4.0/dist/gitlens.js:1:1065334)
    at l (/home/devilunraveled/.vscode/extensions/eamodio.gitlens-14.4.0/dist/gitlens.js:1:1069962)
    at ActionRunners._updateContextKeys (/home/devilunraveled/.vscode/extensions/eamodio.gitlens-14.4.0/dist/gitlens.js:1:38884)
    at s (/home/devilunraveled/.vscode/extensions/eamodio.gitlens-14.4.0/dist/gitlens.js:1:37303)
    at RegisteredActionRunner.unregister (/home/devilunraveled/.vscode/extensions/eamodio.gitlens-14.4.0/dist/gitlens.js:1:37447)
    at RegisteredActionRunner.dispose (/home/devilunraveled/.vscode/extensions/eamodio.gitlens-14.4.0/dist/gitlens.js:1:36110)
    at Object.dispose (/home/devilunraveled/.vscode/extensions/eamodio.gitlens-14.4.0/dist/gitlens.js:1:37544)
    at o (/var/lib/snapd/snap/code/143/usr/share/code/resources/app/out/vs/workbench/api/node/extensionHostProcess.js:30:754)
    at s.cb (/var/lib/snapd/snap/code/143/usr/share/code/resources/app/out/vs/workbench/api/node/extensionHostProcess.js:136:9846)
    at /var/lib/snapd/snap/code/143/usr/share/code/resources/app/out/vs/workbench/api/node/extensionHostProcess.js:136:7796
    at Array.map (<anonymous>)
    at s.Y (/var/lib/snapd/snap/code/143/usr/share/code/resources/app/out/vs/workbench/api/node/extensionHostProcess.js:136:7784)
    at s.terminate (/var/lib/snapd/snap/code/143/usr/share/code/resources/app/out/vs/workbench/api/node/extensionHostProcess.js:136:8054)
    at o.terminate (/var/lib/snapd/snap/code/143/usr/share/code/resources/app/out/vs/workbench/api/node/extensionHostProcess.js:140:1513)
    at l (/var/lib/snapd/snap/code/143/usr/share/code/resources/app/out/vs/workbench/api/node/extensionHostProcess.js:153:9801)
    at MessagePortMain.<anonymous> (/var/lib/snapd/snap/code/143/usr/share/code/resources/app/out/vs/workbench/api/node/extensionHostProcess.js:153:6226)
    at MessagePortMain.emit (node:events:513:28)
    at MessagePortMain.emit (node:domain:489:12)
    at Object.MessagePortMain._internalPort.emit (node:electron/js2c/utility_init:2:367) setContext undefined
2023-10-25 22:49:01.147 [error] Canceled: Canceled
    at new g (/var/lib/snapd/snap/code/143/usr/share/code/resources/app/out/vs/workbench/api/node/extensionHostProcess.js:125:57216)
    at i.U (/var/lib/snapd/snap/code/143/usr/share/code/resources/app/out/vs/workbench/api/node/extensionHostProcess.js:134:10864)
    at Proxy.M.<computed>.j.charCodeAt.M.<computed> (/var/lib/snapd/snap/code/143/usr/share/code/resources/app/out/vs/workbench/api/node/extensionHostProcess.js:134:8315)
    at n.g (/var/lib/snapd/snap/code/143/usr/share/code/resources/app/out/vs/workbench/api/node/extensionHostProcess.js:125:83747)
    at n.executeCommand (/var/lib/snapd/snap/code/143/usr/share/code/resources/app/out/vs/workbench/api/node/extensionHostProcess.js:125:83185)
    at b.registerCommand.description (/var/lib/snapd/snap/code/143/usr/share/code/resources/app/out/vs/workbench/api/node/extensionHostProcess.js:125:82506)
    at n.h (/var/lib/snapd/snap/code/143/usr/share/code/resources/app/out/vs/workbench/api/node/extensionHostProcess.js:125:84283)
    at n.g (/var/lib/snapd/snap/code/143/usr/share/code/resources/app/out/vs/workbench/api/node/extensionHostProcess.js:125:83278)
    at n.executeCommand (/var/lib/snapd/snap/code/143/usr/share/code/resources/app/out/vs/workbench/api/node/extensionHostProcess.js:125:83185)
    at Object.executeCommand (/var/lib/snapd/snap/code/143/usr/share/code/resources/app/out/vs/workbench/api/node/extensionHostProcess.js:140:21282)
    at w (/home/devilunraveled/.vscode/extensions/eamodio.gitlens-14.4.0/dist/gitlens.js:1:1065334)
    at l (/home/devilunraveled/.vscode/extensions/eamodio.gitlens-14.4.0/dist/gitlens.js:1:1069962)
    at ActionRunners._updateContextKeys (/home/devilunraveled/.vscode/extensions/eamodio.gitlens-14.4.0/dist/gitlens.js:1:38884)
    at s (/home/devilunraveled/.vscode/extensions/eamodio.gitlens-14.4.0/dist/gitlens.js:1:37303)
    at RegisteredActionRunner.unregister (/home/devilunraveled/.vscode/extensions/eamodio.gitlens-14.4.0/dist/gitlens.js:1:37447)
    at RegisteredActionRunner.dispose (/home/devilunraveled/.vscode/extensions/eamodio.gitlens-14.4.0/dist/gitlens.js:1:36110)
    at Object.dispose (/home/devilunraveled/.vscode/extensions/eamodio.gitlens-14.4.0/dist/gitlens.js:1:37544)
    at o (/var/lib/snapd/snap/code/143/usr/share/code/resources/app/out/vs/workbench/api/node/extensionHostProcess.js:30:754)
    at s.cb (/var/lib/snapd/snap/code/143/usr/share/code/resources/app/out/vs/workbench/api/node/extensionHostProcess.js:136:9846)
    at /var/lib/snapd/snap/code/143/usr/share/code/resources/app/out/vs/workbench/api/node/extensionHostProcess.js:136:7796
    at Array.map (<anonymous>)
    at s.Y (/var/lib/snapd/snap/code/143/usr/share/code/resources/app/out/vs/workbench/api/node/extensionHostProcess.js:136:7784)
    at s.terminate (/var/lib/snapd/snap/code/143/usr/share/code/resources/app/out/vs/workbench/api/node/extensionHostProcess.js:136:8054)
    at o.terminate (/var/lib/snapd/snap/code/143/usr/share/code/resources/app/out/vs/workbench/api/node/extensionHostProcess.js:140:1513)
    at l (/var/lib/snapd/snap/code/143/usr/share/code/resources/app/out/vs/workbench/api/node/extensionHostProcess.js:153:9801)
    at MessagePortMain.<anonymous> (/var/lib/snapd/snap/code/143/usr/share/code/resources/app/out/vs/workbench/api/node/extensionHostProcess.js:153:6226)
    at MessagePortMain.emit (node:events:513:28)
    at MessagePortMain.emit (node:domain:489:12)
    at Object.MessagePortMain._internalPort.emit (node:electron/js2c/utility_init:2:367) setContext undefined
2023-10-25 22:49:01.148 [error] Canceled: Canceled
    at new g (/var/lib/snapd/snap/code/143/usr/share/code/resources/app/out/vs/workbench/api/node/extensionHostProcess.js:125:57216)
    at i.U (/var/lib/snapd/snap/code/143/usr/share/code/resources/app/out/vs/workbench/api/node/extensionHostProcess.js:134:10864)
    at Proxy.M.<computed>.j.charCodeAt.M.<computed> (/var/lib/snapd/snap/code/143/usr/share/code/resources/app/out/vs/workbench/api/node/extensionHostProcess.js:134:8315)
    at n.g (/var/lib/snapd/snap/code/143/usr/share/code/resources/app/out/vs/workbench/api/node/extensionHostProcess.js:125:83747)
    at n.executeCommand (/var/lib/snapd/snap/code/143/usr/share/code/resources/app/out/vs/workbench/api/node/extensionHostProcess.js:125:83185)
    at b.registerCommand.description (/var/lib/snapd/snap/code/143/usr/share/code/resources/app/out/vs/workbench/api/node/extensionHostProcess.js:125:82506)
    at n.h (/var/lib/snapd/snap/code/143/usr/share/code/resources/app/out/vs/workbench/api/node/extensionHostProcess.js:125:84283)
    at n.g (/var/lib/snapd/snap/code/143/usr/share/code/resources/app/out/vs/workbench/api/node/extensionHostProcess.js:125:83278)
    at n.executeCommand (/var/lib/snapd/snap/code/143/usr/share/code/resources/app/out/vs/workbench/api/node/extensionHostProcess.js:125:83185)
    at Object.executeCommand (/var/lib/snapd/snap/code/143/usr/share/code/resources/app/out/vs/workbench/api/node/extensionHostProcess.js:140:21282)
    at w (/home/devilunraveled/.vscode/extensions/eamodio.gitlens-14.4.0/dist/gitlens.js:1:1065334)
    at l (/home/devilunraveled/.vscode/extensions/eamodio.gitlens-14.4.0/dist/gitlens.js:1:1069962)
    at ActionRunners._updateContextKeys (/home/devilunraveled/.vscode/extensions/eamodio.gitlens-14.4.0/dist/gitlens.js:1:38884)
    at s (/home/devilunraveled/.vscode/extensions/eamodio.gitlens-14.4.0/dist/gitlens.js:1:37303)
    at RegisteredActionRunner.unregister (/home/devilunraveled/.vscode/extensions/eamodio.gitlens-14.4.0/dist/gitlens.js:1:37447)
    at RegisteredActionRunner.dispose (/home/devilunraveled/.vscode/extensions/eamodio.gitlens-14.4.0/dist/gitlens.js:1:36110)
    at Object.dispose (/home/devilunraveled/.vscode/extensions/eamodio.gitlens-14.4.0/dist/gitlens.js:1:37544)
    at o (/var/lib/snapd/snap/code/143/usr/share/code/resources/app/out/vs/workbench/api/node/extensionHostProcess.js:30:754)
    at s.cb (/var/lib/snapd/snap/code/143/usr/share/code/resources/app/out/vs/workbench/api/node/extensionHostProcess.js:136:9846)
    at /var/lib/snapd/snap/code/143/usr/share/code/resources/app/out/vs/workbench/api/node/extensionHostProcess.js:136:7796
    at Array.map (<anonymous>)
    at s.Y (/var/lib/snapd/snap/code/143/usr/share/code/resources/app/out/vs/workbench/api/node/extensionHostProcess.js:136:7784)
    at s.terminate (/var/lib/snapd/snap/code/143/usr/share/code/resources/app/out/vs/workbench/api/node/extensionHostProcess.js:136:8054)
    at o.terminate (/var/lib/snapd/snap/code/143/usr/share/code/resources/app/out/vs/workbench/api/node/extensionHostProcess.js:140:1513)
    at l (/var/lib/snapd/snap/code/143/usr/share/code/resources/app/out/vs/workbench/api/node/extensionHostProcess.js:153:9801)
    at MessagePortMain.<anonymous> (/var/lib/snapd/snap/code/143/usr/share/code/resources/app/out/vs/workbench/api/node/extensionHostProcess.js:153:6226)
    at MessagePortMain.emit (node:events:513:28)
    at MessagePortMain.emit (node:domain:489:12)
    at Object.MessagePortMain._internalPort.emit (node:electron/js2c/utility_init:2:367) setContext undefined
2023-10-25 22:49:01.148 [error] Canceled: Canceled
    at new g (/var/lib/snapd/snap/code/143/usr/share/code/resources/app/out/vs/workbench/api/node/extensionHostProcess.js:125:57216)
    at i.U (/var/lib/snapd/snap/code/143/usr/share/code/resources/app/out/vs/workbench/api/node/extensionHostProcess.js:134:10864)
    at Proxy.M.<computed>.j.charCodeAt.M.<computed> (/var/lib/snapd/snap/code/143/usr/share/code/resources/app/out/vs/workbench/api/node/extensionHostProcess.js:134:8315)
    at n.g (/var/lib/snapd/snap/code/143/usr/share/code/resources/app/out/vs/workbench/api/node/extensionHostProcess.js:125:83747)
    at n.executeCommand (/var/lib/snapd/snap/code/143/usr/share/code/resources/app/out/vs/workbench/api/node/extensionHostProcess.js:125:83185)
    at b.registerCommand.description (/var/lib/snapd/snap/code/143/usr/share/code/resources/app/out/vs/workbench/api/node/extensionHostProcess.js:125:82506)
    at n.h (/var/lib/snapd/snap/code/143/usr/share/code/resources/app/out/vs/workbench/api/node/extensionHostProcess.js:125:84283)
    at n.g (/var/lib/snapd/snap/code/143/usr/share/code/resources/app/out/vs/workbench/api/node/extensionHostProcess.js:125:83278)
    at n.executeCommand (/var/lib/snapd/snap/code/143/usr/share/code/resources/app/out/vs/workbench/api/node/extensionHostProcess.js:125:83185)
    at Object.executeCommand (/var/lib/snapd/snap/code/143/usr/share/code/resources/app/out/vs/workbench/api/node/extensionHostProcess.js:140:21282)
    at Object.dispose (/home/devilunraveled/.vscode/extensions/tabnine.tabnine-vscode-3.21.1/out/extension.js:17:91643)
    at v.<anonymous> (/var/lib/snapd/snap/code/143/usr/share/code/resources/app/out/vs/workbench/api/node/extensionHostProcess.js:121:3521)
    at v.dispose (/var/lib/snapd/snap/code/143/usr/share/code/resources/app/out/vs/workbench/api/node/extensionHostProcess.js:121:3618)
    at v.<anonymous> (/var/lib/snapd/snap/code/143/usr/share/code/resources/app/out/vs/workbench/api/node/extensionHostProcess.js:121:3521)
    at v.dispose (/var/lib/snapd/snap/code/143/usr/share/code/resources/app/out/vs/workbench/api/node/extensionHostProcess.js:121:3618)
    at /home/devilunraveled/.vscode/extensions/tabnine.tabnine-vscode-3.21.1/out/extension.js:17:31425
    at Array.forEach (<anonymous>)
    at h (/home/devilunraveled/.vscode/extensions/tabnine.tabnine-vscode-3.21.1/out/extension.js:17:31410)
    at Object.dispose (/home/devilunraveled/.vscode/extensions/tabnine.tabnine-vscode-3.21.1/out/extension.js:17:30853)
    at o (/var/lib/snapd/snap/code/143/usr/share/code/resources/app/out/vs/workbench/api/node/extensionHostProcess.js:30:754)
    at s.cb (/var/lib/snapd/snap/code/143/usr/share/code/resources/app/out/vs/workbench/api/node/extensionHostProcess.js:136:9846)
    at /var/lib/snapd/snap/code/143/usr/share/code/resources/app/out/vs/workbench/api/node/extensionHostProcess.js:136:7796
    at Array.map (<anonymous>)
    at s.Y (/var/lib/snapd/snap/code/143/usr/share/code/resources/app/out/vs/workbench/api/node/extensionHostProcess.js:136:7784)
    at s.terminate (/var/lib/snapd/snap/code/143/usr/share/code/resources/app/out/vs/workbench/api/node/extensionHostProcess.js:136:8054)
    at o.terminate (/var/lib/snapd/snap/code/143/usr/share/code/resources/app/out/vs/workbench/api/node/extensionHostProcess.js:140:1513)
    at l (/var/lib/snapd/snap/code/143/usr/share/code/resources/app/out/vs/workbench/api/node/extensionHostProcess.js:153:9801)
    at MessagePortMain.<anonymous> (/var/lib/snapd/snap/code/143/usr/share/code/resources/app/out/vs/workbench/api/node/extensionHostProcess.js:153:6226)
    at MessagePortMain.emit (node:events:513:28)
    at MessagePortMain.emit (node:domain:489:12)
    at Object.MessagePortMain._internalPort.emit (node:electron/js2c/utility_init:2:367) setContext undefined
2023-10-25 22:49:02.126 [error] Error: Channel has been closed
    at r (/var/lib/snapd/snap/code/143/usr/share/code/resources/app/out/vs/workbench/api/node/extensionHostProcess.js:135:2490)
    at Object.appendLine (/var/lib/snapd/snap/code/143/usr/share/code/resources/app/out/vs/workbench/api/node/extensionHostProcess.js:135:2608)
    at Object.log (/home/devilunraveled/.vscode/extensions/tabnine.tabnine-vscode-3.21.1/out/extension.js:17:144772)
    at Object.error (/home/devilunraveled/.vscode/extensions/tabnine.tabnine-vscode-3.21.1/out/extension.js:17:145116)
    at t.default.request (/home/devilunraveled/.vscode/extensions/tabnine.tabnine-vscode-3.21.1/out/extension.js:17:32425)
    at async Promise.all (index 27)
    at s.Y (/var/lib/snapd/snap/code/143/usr/share/code/resources/app/out/vs/workbench/api/node/extensionHostProcess.js:136:7810)
2023-10-25 22:49:02.127 [info] Extension host with pid 118084 exiting with code 0
