2023-07-13 19:14:49.463 [info] Extension host with pid 11265 started
2023-07-13 19:14:49.463 [info] Skipping acquiring lock for /home/devilunraveled/.config/Code/User/workspaceStorage/e044c97d71cda77814f1201696ef40a5.
2023-07-13 19:14:49.618 [info] ExtensionService#_doActivateExtension vscode.git-base, startup: true, activationEvent: '*', root cause: vscode.git
2023-07-13 19:14:49.621 [info] ExtensionService#_doActivateExtension formulahendry.auto-close-tag, startup: true, activationEvent: '*'
2023-07-13 19:14:49.623 [info] ExtensionService#_doActivateExtension formulahendry.auto-rename-tag, startup: true, activationEvent: '*'
2023-07-13 19:14:49.630 [info] ExtensionService#_doActivateExtension TabNine.tabnine-vscode, startup: true, activationEvent: '*'
2023-07-13 19:14:49.682 [info] ExtensionService#_doActivateExtension vscodevim.vim, startup: true, activationEvent: '*'
2023-07-13 19:14:49.721 [info] ExtensionService#_doActivateExtension wayou.vscode-todo-highlight, startup: true, activationEvent: '*'
2023-07-13 19:14:49.873 [info] ExtensionService#_doActivateExtension mongodb.mongodb-vscode, startup: false, activationEvent: 'onLanguage:plaintext'
2023-07-13 19:14:50.638 [info] ExtensionService#_doActivateExtension vscode.emmet, startup: false, activationEvent: 'onLanguage'
2023-07-13 19:14:50.672 [info] ExtensionService#_doActivateExtension vscode.git, startup: true, activationEvent: '*'
2023-07-13 19:14:50.698 [info] ExtensionService#_doActivateExtension vscode.github, startup: true, activationEvent: '*'
2023-07-13 19:14:50.783 [info] ExtensionService#_doActivateExtension vscode.json-language-features, startup: false, activationEvent: 'onLanguage:jsonc'
2023-07-13 19:14:50.810 [info] ExtensionService#_doActivateExtension vscode.typescript-language-features, startup: false, activationEvent: 'onLanguage:jsonc'
2023-07-13 19:14:50.902 [info] Eager extensions activated
2023-07-13 19:14:50.943 [info] ExtensionService#_doActivateExtension vscode.debug-auto-launch, startup: false, activationEvent: 'onStartupFinished'
2023-07-13 19:14:50.945 [info] ExtensionService#_doActivateExtension vscode.merge-conflict, startup: false, activationEvent: 'onStartupFinished'
2023-07-13 19:14:50.956 [info] ExtensionService#_doActivateExtension aaron-bond.better-comments, startup: false, activationEvent: 'onStartupFinished'
2023-07-13 19:14:50.963 [info] ExtensionService#_doActivateExtension alefragnani.Bookmarks, startup: false, activationEvent: 'onStartupFinished'
2023-07-13 19:14:50.968 [info] ExtensionService#_doActivateExtension alefragnani.project-manager, startup: false, activationEvent: 'onStartupFinished'
2023-07-13 19:14:50.973 [info] ExtensionService#_doActivateExtension dbaeumer.vscode-eslint, startup: false, activationEvent: 'onStartupFinished'
2023-07-13 19:14:51.009 [info] ExtensionService#_doActivateExtension dsznajder.es7-react-js-snippets, startup: false, activationEvent: 'onStartupFinished'
2023-07-13 19:14:51.175 [info] ExtensionService#_doActivateExtension eamodio.gitlens, startup: false, activationEvent: 'onStartupFinished'
2023-07-13 19:14:51.279 [info] ExtensionService#_doActivateExtension esbenp.prettier-vscode, startup: false, activationEvent: 'onStartupFinished'
2023-07-13 19:14:51.349 [info] ExtensionService#_doActivateExtension formulahendry.code-runner, startup: false, activationEvent: 'onStartupFinished'
2023-07-13 19:14:51.378 [info] ExtensionService#_doActivateExtension ms-vscode-remote.remote-containers, startup: false, activationEvent: 'onStartupFinished'
2023-07-13 19:14:51.449 [info] ExtensionService#_doActivateExtension streetsidesoftware.code-spell-checker, startup: false, activationEvent: 'onStartupFinished'
2023-07-13 19:14:51.524 [info] ExtensionService#_doActivateExtension vscode-icons-team.vscode-icons, startup: false, activationEvent: 'onStartupFinished'
2023-07-13 19:14:51.793 [info] ExtensionService#_doActivateExtension vscode.github-authentication, startup: false, activationEvent: 'onAuthenticationRequest:github'
2023-07-13 19:14:58.419 [info] ExtensionService#_doActivateExtension vscode.microsoft-authentication, startup: false, activationEvent: 'onAuthenticationRequest:microsoft'
2023-07-13 19:15:17.651 [info] Extension host terminating: renderer closed the MessagePort
2023-07-13 19:15:17.682 [error] Canceled: Canceled
    at new h (/var/lib/snapd/snap/code/133/usr/share/code/resources/app/out/vs/workbench/api/node/extensionHostProcess.js:99:42413)
    at t.O (/var/lib/snapd/snap/code/133/usr/share/code/resources/app/out/vs/workbench/api/node/extensionHostProcess.js:111:11236)
    at Proxy.U.<computed>.q.charCodeAt.U.<computed> (/var/lib/snapd/snap/code/133/usr/share/code/resources/app/out/vs/workbench/api/node/extensionHostProcess.js:111:8675)
    at e.$vL.g (/var/lib/snapd/snap/code/133/usr/share/code/resources/app/out/vs/workbench/api/node/extensionHostProcess.js:99:63549)
    at e.$vL.executeCommand (/var/lib/snapd/snap/code/133/usr/share/code/resources/app/out/vs/workbench/api/node/extensionHostProcess.js:99:62973)
    at P.registerCommand.description (/var/lib/snapd/snap/code/133/usr/share/code/resources/app/out/vs/workbench/api/node/extensionHostProcess.js:99:62280)
    at e.$vL.h (/var/lib/snapd/snap/code/133/usr/share/code/resources/app/out/vs/workbench/api/node/extensionHostProcess.js:99:64085)
    at e.$vL.g (/var/lib/snapd/snap/code/133/usr/share/code/resources/app/out/vs/workbench/api/node/extensionHostProcess.js:99:63073)
    at e.$vL.executeCommand (/var/lib/snapd/snap/code/133/usr/share/code/resources/app/out/vs/workbench/api/node/extensionHostProcess.js:99:62973)
    at Object.executeCommand (/var/lib/snapd/snap/code/133/usr/share/code/resources/app/out/vs/workbench/api/node/extensionHostProcess.js:117:20971)
    at i.D [as value] (/var/lib/snapd/snap/code/133/usr/share/code/resources/app/extensions/git/dist/main.js:2:1260424)
    at p.w (/var/lib/snapd/snap/code/133/usr/share/code/resources/app/out/vs/workbench/api/node/extensionHostProcess.js:60:1902)
    at p.x (/var/lib/snapd/snap/code/133/usr/share/code/resources/app/out/vs/workbench/api/node/extensionHostProcess.js:60:1972)
    at p.fire (/var/lib/snapd/snap/code/133/usr/share/code/resources/app/out/vs/workbench/api/node/extensionHostProcess.js:60:2188)
    at Object.f [as dispose] (/var/lib/snapd/snap/code/133/usr/share/code/resources/app/extensions/git/dist/main.js:2:1275972)
    at /var/lib/snapd/snap/code/133/usr/share/code/resources/app/extensions/git/dist/main.js:2:1280539
    at Array.forEach (<anonymous>)
    at g.dispose (/var/lib/snapd/snap/code/133/usr/share/code/resources/app/extensions/git/dist/main.js:2:1280525)
    at o.<anonymous> (/var/lib/snapd/snap/code/133/usr/share/code/resources/app/out/vs/workbench/api/node/extensionHostProcess.js:95:4162)
    at o.dispose (/var/lib/snapd/snap/code/133/usr/share/code/resources/app/out/vs/workbench/api/node/extensionHostProcess.js:95:4297)
    at o.<anonymous> (/var/lib/snapd/snap/code/133/usr/share/code/resources/app/extensions/git/dist/main.js:2:1262437)
    at o.dispose (/var/lib/snapd/snap/code/133/usr/share/code/resources/app/out/vs/workbench/api/node/extensionHostProcess.js:95:4297)
    at S (/var/lib/snapd/snap/code/133/usr/share/code/resources/app/out/vs/workbench/api/node/extensionHostProcess.js:10:11731)
    at i.Z (/var/lib/snapd/snap/code/133/usr/share/code/resources/app/out/vs/workbench/api/node/extensionHostProcess.js:113:10370)
    at /var/lib/snapd/snap/code/133/usr/share/code/resources/app/out/vs/workbench/api/node/extensionHostProcess.js:113:8332
    at Array.map (<anonymous>)
    at i.S (/var/lib/snapd/snap/code/133/usr/share/code/resources/app/out/vs/workbench/api/node/extensionHostProcess.js:113:8319)
    at i.terminate (/var/lib/snapd/snap/code/133/usr/share/code/resources/app/out/vs/workbench/api/node/extensionHostProcess.js:113:8591)
    at u.terminate (/var/lib/snapd/snap/code/133/usr/share/code/resources/app/out/vs/workbench/api/node/extensionHostProcess.js:117:1532)
    at E (/var/lib/snapd/snap/code/133/usr/share/code/resources/app/out/vs/workbench/api/node/extensionHostProcess.js:127:32236)
    at MessagePortMain.<anonymous> (/var/lib/snapd/snap/code/133/usr/share/code/resources/app/out/vs/workbench/api/node/extensionHostProcess.js:127:28665)
    at MessagePortMain.emit (node:events:513:28)
    at Object.MessagePortMain._internalPort.emit (node:electron/js2c/utility_init:2:367) setContext undefined
2023-07-13 19:15:17.686 [error] Canceled: Canceled
    at new h (/var/lib/snapd/snap/code/133/usr/share/code/resources/app/out/vs/workbench/api/node/extensionHostProcess.js:99:42413)
    at t.O (/var/lib/snapd/snap/code/133/usr/share/code/resources/app/out/vs/workbench/api/node/extensionHostProcess.js:111:11236)
    at Proxy.U.<computed>.q.charCodeAt.U.<computed> (/var/lib/snapd/snap/code/133/usr/share/code/resources/app/out/vs/workbench/api/node/extensionHostProcess.js:111:8675)
    at e.$vL.g (/var/lib/snapd/snap/code/133/usr/share/code/resources/app/out/vs/workbench/api/node/extensionHostProcess.js:99:63549)
    at e.$vL.executeCommand (/var/lib/snapd/snap/code/133/usr/share/code/resources/app/out/vs/workbench/api/node/extensionHostProcess.js:99:62973)
    at P.registerCommand.description (/var/lib/snapd/snap/code/133/usr/share/code/resources/app/out/vs/workbench/api/node/extensionHostProcess.js:99:62280)
    at e.$vL.h (/var/lib/snapd/snap/code/133/usr/share/code/resources/app/out/vs/workbench/api/node/extensionHostProcess.js:99:64085)
    at e.$vL.g (/var/lib/snapd/snap/code/133/usr/share/code/resources/app/out/vs/workbench/api/node/extensionHostProcess.js:99:63073)
    at e.$vL.executeCommand (/var/lib/snapd/snap/code/133/usr/share/code/resources/app/out/vs/workbench/api/node/extensionHostProcess.js:99:62973)
    at Object.executeCommand (/var/lib/snapd/snap/code/133/usr/share/code/resources/app/out/vs/workbench/api/node/extensionHostProcess.js:117:20971)
    at t.$Ze.set b [as b] (/var/lib/snapd/snap/code/133/usr/share/code/resources/app/extensions/github/dist/extension.js:2:675669)
    at /var/lib/snapd/snap/code/133/usr/share/code/resources/app/extensions/github/dist/extension.js:2:676313
    at i.value (/var/lib/snapd/snap/code/133/usr/share/code/resources/app/extensions/git/dist/main.js:2:1347255)
    at p.w (/var/lib/snapd/snap/code/133/usr/share/code/resources/app/out/vs/workbench/api/node/extensionHostProcess.js:60:1902)
    at p.x (/var/lib/snapd/snap/code/133/usr/share/code/resources/app/out/vs/workbench/api/node/extensionHostProcess.js:60:1972)
    at p.fire (/var/lib/snapd/snap/code/133/usr/share/code/resources/app/out/vs/workbench/api/node/extensionHostProcess.js:60:2188)
    at Object.f [as dispose] (/var/lib/snapd/snap/code/133/usr/share/code/resources/app/extensions/git/dist/main.js:2:1275972)
    at /var/lib/snapd/snap/code/133/usr/share/code/resources/app/extensions/git/dist/main.js:2:1280539
    at Array.forEach (<anonymous>)
    at g.dispose (/var/lib/snapd/snap/code/133/usr/share/code/resources/app/extensions/git/dist/main.js:2:1280525)
    at o.<anonymous> (/var/lib/snapd/snap/code/133/usr/share/code/resources/app/out/vs/workbench/api/node/extensionHostProcess.js:95:4162)
    at o.dispose (/var/lib/snapd/snap/code/133/usr/share/code/resources/app/out/vs/workbench/api/node/extensionHostProcess.js:95:4297)
    at o.<anonymous> (/var/lib/snapd/snap/code/133/usr/share/code/resources/app/extensions/git/dist/main.js:2:1262437)
    at o.dispose (/var/lib/snapd/snap/code/133/usr/share/code/resources/app/out/vs/workbench/api/node/extensionHostProcess.js:95:4297)
    at S (/var/lib/snapd/snap/code/133/usr/share/code/resources/app/out/vs/workbench/api/node/extensionHostProcess.js:10:11731)
    at i.Z (/var/lib/snapd/snap/code/133/usr/share/code/resources/app/out/vs/workbench/api/node/extensionHostProcess.js:113:10370)
    at /var/lib/snapd/snap/code/133/usr/share/code/resources/app/out/vs/workbench/api/node/extensionHostProcess.js:113:8332
    at Array.map (<anonymous>)
    at i.S (/var/lib/snapd/snap/code/133/usr/share/code/resources/app/out/vs/workbench/api/node/extensionHostProcess.js:113:8319)
    at i.terminate (/var/lib/snapd/snap/code/133/usr/share/code/resources/app/out/vs/workbench/api/node/extensionHostProcess.js:113:8591)
    at u.terminate (/var/lib/snapd/snap/code/133/usr/share/code/resources/app/out/vs/workbench/api/node/extensionHostProcess.js:117:1532)
    at E (/var/lib/snapd/snap/code/133/usr/share/code/resources/app/out/vs/workbench/api/node/extensionHostProcess.js:127:32236)
    at MessagePortMain.<anonymous> (/var/lib/snapd/snap/code/133/usr/share/code/resources/app/out/vs/workbench/api/node/extensionHostProcess.js:127:28665)
    at MessagePortMain.emit (node:events:513:28)
    at Object.MessagePortMain._internalPort.emit (node:electron/js2c/utility_init:2:367) setContext undefined
2023-07-13 19:15:17.693 [error] Canceled: Canceled
    at new h (/var/lib/snapd/snap/code/133/usr/share/code/resources/app/out/vs/workbench/api/node/extensionHostProcess.js:99:42413)
    at t.O (/var/lib/snapd/snap/code/133/usr/share/code/resources/app/out/vs/workbench/api/node/extensionHostProcess.js:111:11236)
    at Proxy.U.<computed>.q.charCodeAt.U.<computed> (/var/lib/snapd/snap/code/133/usr/share/code/resources/app/out/vs/workbench/api/node/extensionHostProcess.js:111:8675)
    at e.$vL.g (/var/lib/snapd/snap/code/133/usr/share/code/resources/app/out/vs/workbench/api/node/extensionHostProcess.js:99:63549)
    at e.$vL.executeCommand (/var/lib/snapd/snap/code/133/usr/share/code/resources/app/out/vs/workbench/api/node/extensionHostProcess.js:99:62973)
    at P.registerCommand.description (/var/lib/snapd/snap/code/133/usr/share/code/resources/app/out/vs/workbench/api/node/extensionHostProcess.js:99:62280)
    at e.$vL.h (/var/lib/snapd/snap/code/133/usr/share/code/resources/app/out/vs/workbench/api/node/extensionHostProcess.js:99:64085)
    at e.$vL.g (/var/lib/snapd/snap/code/133/usr/share/code/resources/app/out/vs/workbench/api/node/extensionHostProcess.js:99:63073)
    at e.$vL.executeCommand (/var/lib/snapd/snap/code/133/usr/share/code/resources/app/out/vs/workbench/api/node/extensionHostProcess.js:99:62973)
    at Object.executeCommand (/var/lib/snapd/snap/code/133/usr/share/code/resources/app/out/vs/workbench/api/node/extensionHostProcess.js:117:20971)
    at g (/home/devilunraveled/.vscode/extensions/eamodio.gitlens-14.0.1/dist/gitlens.js:1:916739)
    at c (/home/devilunraveled/.vscode/extensions/eamodio.gitlens-14.0.1/dist/gitlens.js:1:921419)
    at ActionRunners._updateContextKeys (/home/devilunraveled/.vscode/extensions/eamodio.gitlens-14.0.1/dist/gitlens.js:1:37764)
    at s (/home/devilunraveled/.vscode/extensions/eamodio.gitlens-14.0.1/dist/gitlens.js:1:36183)
    at RegisteredActionRunner.unregister (/home/devilunraveled/.vscode/extensions/eamodio.gitlens-14.0.1/dist/gitlens.js:1:36327)
    at RegisteredActionRunner.dispose (/home/devilunraveled/.vscode/extensions/eamodio.gitlens-14.0.1/dist/gitlens.js:1:34992)
    at ActionRunners.dispose (/home/devilunraveled/.vscode/extensions/eamodio.gitlens-14.0.1/dist/gitlens.js:1:35769)
    at /home/devilunraveled/.vscode/extensions/eamodio.gitlens-14.0.1/dist/gitlens.js:1:647728
    at Array.forEach (<anonymous>)
    at Object.dispose (/home/devilunraveled/.vscode/extensions/eamodio.gitlens-14.0.1/dist/gitlens.js:1:647713)
    at S (/var/lib/snapd/snap/code/133/usr/share/code/resources/app/out/vs/workbench/api/node/extensionHostProcess.js:10:11731)
    at i.Z (/var/lib/snapd/snap/code/133/usr/share/code/resources/app/out/vs/workbench/api/node/extensionHostProcess.js:113:10370)
    at /var/lib/snapd/snap/code/133/usr/share/code/resources/app/out/vs/workbench/api/node/extensionHostProcess.js:113:8332
    at Array.map (<anonymous>)
    at i.S (/var/lib/snapd/snap/code/133/usr/share/code/resources/app/out/vs/workbench/api/node/extensionHostProcess.js:113:8319)
    at i.terminate (/var/lib/snapd/snap/code/133/usr/share/code/resources/app/out/vs/workbench/api/node/extensionHostProcess.js:113:8591)
    at u.terminate (/var/lib/snapd/snap/code/133/usr/share/code/resources/app/out/vs/workbench/api/node/extensionHostProcess.js:117:1532)
    at E (/var/lib/snapd/snap/code/133/usr/share/code/resources/app/out/vs/workbench/api/node/extensionHostProcess.js:127:32236)
    at MessagePortMain.<anonymous> (/var/lib/snapd/snap/code/133/usr/share/code/resources/app/out/vs/workbench/api/node/extensionHostProcess.js:127:28665)
    at MessagePortMain.emit (node:events:513:28)
    at Object.MessagePortMain._internalPort.emit (node:electron/js2c/utility_init:2:367) setContext undefined
2023-07-13 19:15:17.694 [error] Canceled: Canceled
    at new h (/var/lib/snapd/snap/code/133/usr/share/code/resources/app/out/vs/workbench/api/node/extensionHostProcess.js:99:42413)
    at t.O (/var/lib/snapd/snap/code/133/usr/share/code/resources/app/out/vs/workbench/api/node/extensionHostProcess.js:111:11236)
    at Proxy.U.<computed>.q.charCodeAt.U.<computed> (/var/lib/snapd/snap/code/133/usr/share/code/resources/app/out/vs/workbench/api/node/extensionHostProcess.js:111:8675)
    at e.$vL.g (/var/lib/snapd/snap/code/133/usr/share/code/resources/app/out/vs/workbench/api/node/extensionHostProcess.js:99:63549)
    at e.$vL.executeCommand (/var/lib/snapd/snap/code/133/usr/share/code/resources/app/out/vs/workbench/api/node/extensionHostProcess.js:99:62973)
    at P.registerCommand.description (/var/lib/snapd/snap/code/133/usr/share/code/resources/app/out/vs/workbench/api/node/extensionHostProcess.js:99:62280)
    at e.$vL.h (/var/lib/snapd/snap/code/133/usr/share/code/resources/app/out/vs/workbench/api/node/extensionHostProcess.js:99:64085)
    at e.$vL.g (/var/lib/snapd/snap/code/133/usr/share/code/resources/app/out/vs/workbench/api/node/extensionHostProcess.js:99:63073)
    at e.$vL.executeCommand (/var/lib/snapd/snap/code/133/usr/share/code/resources/app/out/vs/workbench/api/node/extensionHostProcess.js:99:62973)
    at Object.executeCommand (/var/lib/snapd/snap/code/133/usr/share/code/resources/app/out/vs/workbench/api/node/extensionHostProcess.js:117:20971)
    at g (/home/devilunraveled/.vscode/extensions/eamodio.gitlens-14.0.1/dist/gitlens.js:1:916739)
    at c (/home/devilunraveled/.vscode/extensions/eamodio.gitlens-14.0.1/dist/gitlens.js:1:921419)
    at ActionRunners._updateContextKeys (/home/devilunraveled/.vscode/extensions/eamodio.gitlens-14.0.1/dist/gitlens.js:1:37764)
    at s (/home/devilunraveled/.vscode/extensions/eamodio.gitlens-14.0.1/dist/gitlens.js:1:36183)
    at RegisteredActionRunner.unregister (/home/devilunraveled/.vscode/extensions/eamodio.gitlens-14.0.1/dist/gitlens.js:1:36327)
    at RegisteredActionRunner.dispose (/home/devilunraveled/.vscode/extensions/eamodio.gitlens-14.0.1/dist/gitlens.js:1:34992)
    at ActionRunners.dispose (/home/devilunraveled/.vscode/extensions/eamodio.gitlens-14.0.1/dist/gitlens.js:1:35769)
    at /home/devilunraveled/.vscode/extensions/eamodio.gitlens-14.0.1/dist/gitlens.js:1:647728
    at Array.forEach (<anonymous>)
    at Object.dispose (/home/devilunraveled/.vscode/extensions/eamodio.gitlens-14.0.1/dist/gitlens.js:1:647713)
    at S (/var/lib/snapd/snap/code/133/usr/share/code/resources/app/out/vs/workbench/api/node/extensionHostProcess.js:10:11731)
    at i.Z (/var/lib/snapd/snap/code/133/usr/share/code/resources/app/out/vs/workbench/api/node/extensionHostProcess.js:113:10370)
    at /var/lib/snapd/snap/code/133/usr/share/code/resources/app/out/vs/workbench/api/node/extensionHostProcess.js:113:8332
    at Array.map (<anonymous>)
    at i.S (/var/lib/snapd/snap/code/133/usr/share/code/resources/app/out/vs/workbench/api/node/extensionHostProcess.js:113:8319)
    at i.terminate (/var/lib/snapd/snap/code/133/usr/share/code/resources/app/out/vs/workbench/api/node/extensionHostProcess.js:113:8591)
    at u.terminate (/var/lib/snapd/snap/code/133/usr/share/code/resources/app/out/vs/workbench/api/node/extensionHostProcess.js:117:1532)
    at E (/var/lib/snapd/snap/code/133/usr/share/code/resources/app/out/vs/workbench/api/node/extensionHostProcess.js:127:32236)
    at MessagePortMain.<anonymous> (/var/lib/snapd/snap/code/133/usr/share/code/resources/app/out/vs/workbench/api/node/extensionHostProcess.js:127:28665)
    at MessagePortMain.emit (node:events:513:28)
    at Object.MessagePortMain._internalPort.emit (node:electron/js2c/utility_init:2:367) setContext undefined
2023-07-13 19:15:17.694 [error] Canceled: Canceled
    at new h (/var/lib/snapd/snap/code/133/usr/share/code/resources/app/out/vs/workbench/api/node/extensionHostProcess.js:99:42413)
    at t.O (/var/lib/snapd/snap/code/133/usr/share/code/resources/app/out/vs/workbench/api/node/extensionHostProcess.js:111:11236)
    at Proxy.U.<computed>.q.charCodeAt.U.<computed> (/var/lib/snapd/snap/code/133/usr/share/code/resources/app/out/vs/workbench/api/node/extensionHostProcess.js:111:8675)
    at e.$vL.g (/var/lib/snapd/snap/code/133/usr/share/code/resources/app/out/vs/workbench/api/node/extensionHostProcess.js:99:63549)
    at e.$vL.executeCommand (/var/lib/snapd/snap/code/133/usr/share/code/resources/app/out/vs/workbench/api/node/extensionHostProcess.js:99:62973)
    at P.registerCommand.description (/var/lib/snapd/snap/code/133/usr/share/code/resources/app/out/vs/workbench/api/node/extensionHostProcess.js:99:62280)
    at e.$vL.h (/var/lib/snapd/snap/code/133/usr/share/code/resources/app/out/vs/workbench/api/node/extensionHostProcess.js:99:64085)
    at e.$vL.g (/var/lib/snapd/snap/code/133/usr/share/code/resources/app/out/vs/workbench/api/node/extensionHostProcess.js:99:63073)
    at e.$vL.executeCommand (/var/lib/snapd/snap/code/133/usr/share/code/resources/app/out/vs/workbench/api/node/extensionHostProcess.js:99:62973)
    at Object.executeCommand (/var/lib/snapd/snap/code/133/usr/share/code/resources/app/out/vs/workbench/api/node/extensionHostProcess.js:117:20971)
    at g (/home/devilunraveled/.vscode/extensions/eamodio.gitlens-14.0.1/dist/gitlens.js:1:916739)
    at c (/home/devilunraveled/.vscode/extensions/eamodio.gitlens-14.0.1/dist/gitlens.js:1:921419)
    at ActionRunners._updateContextKeys (/home/devilunraveled/.vscode/extensions/eamodio.gitlens-14.0.1/dist/gitlens.js:1:37764)
    at s (/home/devilunraveled/.vscode/extensions/eamodio.gitlens-14.0.1/dist/gitlens.js:1:36183)
    at RegisteredActionRunner.unregister (/home/devilunraveled/.vscode/extensions/eamodio.gitlens-14.0.1/dist/gitlens.js:1:36327)
    at RegisteredActionRunner.dispose (/home/devilunraveled/.vscode/extensions/eamodio.gitlens-14.0.1/dist/gitlens.js:1:34992)
    at ActionRunners.dispose (/home/devilunraveled/.vscode/extensions/eamodio.gitlens-14.0.1/dist/gitlens.js:1:35769)
    at /home/devilunraveled/.vscode/extensions/eamodio.gitlens-14.0.1/dist/gitlens.js:1:647728
    at Array.forEach (<anonymous>)
    at Object.dispose (/home/devilunraveled/.vscode/extensions/eamodio.gitlens-14.0.1/dist/gitlens.js:1:647713)
    at S (/var/lib/snapd/snap/code/133/usr/share/code/resources/app/out/vs/workbench/api/node/extensionHostProcess.js:10:11731)
    at i.Z (/var/lib/snapd/snap/code/133/usr/share/code/resources/app/out/vs/workbench/api/node/extensionHostProcess.js:113:10370)
    at /var/lib/snapd/snap/code/133/usr/share/code/resources/app/out/vs/workbench/api/node/extensionHostProcess.js:113:8332
    at Array.map (<anonymous>)
    at i.S (/var/lib/snapd/snap/code/133/usr/share/code/resources/app/out/vs/workbench/api/node/extensionHostProcess.js:113:8319)
    at i.terminate (/var/lib/snapd/snap/code/133/usr/share/code/resources/app/out/vs/workbench/api/node/extensionHostProcess.js:113:8591)
    at u.terminate (/var/lib/snapd/snap/code/133/usr/share/code/resources/app/out/vs/workbench/api/node/extensionHostProcess.js:117:1532)
    at E (/var/lib/snapd/snap/code/133/usr/share/code/resources/app/out/vs/workbench/api/node/extensionHostProcess.js:127:32236)
    at MessagePortMain.<anonymous> (/var/lib/snapd/snap/code/133/usr/share/code/resources/app/out/vs/workbench/api/node/extensionHostProcess.js:127:28665)
    at MessagePortMain.emit (node:events:513:28)
    at Object.MessagePortMain._internalPort.emit (node:electron/js2c/utility_init:2:367) setContext undefined
2023-07-13 19:15:17.695 [error] Canceled: Canceled
    at new h (/var/lib/snapd/snap/code/133/usr/share/code/resources/app/out/vs/workbench/api/node/extensionHostProcess.js:99:42413)
    at t.O (/var/lib/snapd/snap/code/133/usr/share/code/resources/app/out/vs/workbench/api/node/extensionHostProcess.js:111:11236)
    at Proxy.U.<computed>.q.charCodeAt.U.<computed> (/var/lib/snapd/snap/code/133/usr/share/code/resources/app/out/vs/workbench/api/node/extensionHostProcess.js:111:8675)
    at e.$vL.g (/var/lib/snapd/snap/code/133/usr/share/code/resources/app/out/vs/workbench/api/node/extensionHostProcess.js:99:63549)
    at e.$vL.executeCommand (/var/lib/snapd/snap/code/133/usr/share/code/resources/app/out/vs/workbench/api/node/extensionHostProcess.js:99:62973)
    at P.registerCommand.description (/var/lib/snapd/snap/code/133/usr/share/code/resources/app/out/vs/workbench/api/node/extensionHostProcess.js:99:62280)
    at e.$vL.h (/var/lib/snapd/snap/code/133/usr/share/code/resources/app/out/vs/workbench/api/node/extensionHostProcess.js:99:64085)
    at e.$vL.g (/var/lib/snapd/snap/code/133/usr/share/code/resources/app/out/vs/workbench/api/node/extensionHostProcess.js:99:63073)
    at e.$vL.executeCommand (/var/lib/snapd/snap/code/133/usr/share/code/resources/app/out/vs/workbench/api/node/extensionHostProcess.js:99:62973)
    at Object.executeCommand (/var/lib/snapd/snap/code/133/usr/share/code/resources/app/out/vs/workbench/api/node/extensionHostProcess.js:117:20971)
    at g (/home/devilunraveled/.vscode/extensions/eamodio.gitlens-14.0.1/dist/gitlens.js:1:916739)
    at c (/home/devilunraveled/.vscode/extensions/eamodio.gitlens-14.0.1/dist/gitlens.js:1:921419)
    at ActionRunners._updateContextKeys (/home/devilunraveled/.vscode/extensions/eamodio.gitlens-14.0.1/dist/gitlens.js:1:37764)
    at s (/home/devilunraveled/.vscode/extensions/eamodio.gitlens-14.0.1/dist/gitlens.js:1:36183)
    at RegisteredActionRunner.unregister (/home/devilunraveled/.vscode/extensions/eamodio.gitlens-14.0.1/dist/gitlens.js:1:36327)
    at RegisteredActionRunner.dispose (/home/devilunraveled/.vscode/extensions/eamodio.gitlens-14.0.1/dist/gitlens.js:1:34992)
    at Object.dispose (/home/devilunraveled/.vscode/extensions/eamodio.gitlens-14.0.1/dist/gitlens.js:1:36424)
    at S (/var/lib/snapd/snap/code/133/usr/share/code/resources/app/out/vs/workbench/api/node/extensionHostProcess.js:10:11731)
    at i.Z (/var/lib/snapd/snap/code/133/usr/share/code/resources/app/out/vs/workbench/api/node/extensionHostProcess.js:113:10370)
    at /var/lib/snapd/snap/code/133/usr/share/code/resources/app/out/vs/workbench/api/node/extensionHostProcess.js:113:8332
    at Array.map (<anonymous>)
    at i.S (/var/lib/snapd/snap/code/133/usr/share/code/resources/app/out/vs/workbench/api/node/extensionHostProcess.js:113:8319)
    at i.terminate (/var/lib/snapd/snap/code/133/usr/share/code/resources/app/out/vs/workbench/api/node/extensionHostProcess.js:113:8591)
    at u.terminate (/var/lib/snapd/snap/code/133/usr/share/code/resources/app/out/vs/workbench/api/node/extensionHostProcess.js:117:1532)
    at E (/var/lib/snapd/snap/code/133/usr/share/code/resources/app/out/vs/workbench/api/node/extensionHostProcess.js:127:32236)
    at MessagePortMain.<anonymous> (/var/lib/snapd/snap/code/133/usr/share/code/resources/app/out/vs/workbench/api/node/extensionHostProcess.js:127:28665)
    at MessagePortMain.emit (node:events:513:28)
    at Object.MessagePortMain._internalPort.emit (node:electron/js2c/utility_init:2:367) setContext undefined
2023-07-13 19:15:17.696 [error] Canceled: Canceled
    at new h (/var/lib/snapd/snap/code/133/usr/share/code/resources/app/out/vs/workbench/api/node/extensionHostProcess.js:99:42413)
    at t.O (/var/lib/snapd/snap/code/133/usr/share/code/resources/app/out/vs/workbench/api/node/extensionHostProcess.js:111:11236)
    at Proxy.U.<computed>.q.charCodeAt.U.<computed> (/var/lib/snapd/snap/code/133/usr/share/code/resources/app/out/vs/workbench/api/node/extensionHostProcess.js:111:8675)
    at e.$vL.g (/var/lib/snapd/snap/code/133/usr/share/code/resources/app/out/vs/workbench/api/node/extensionHostProcess.js:99:63549)
    at e.$vL.executeCommand (/var/lib/snapd/snap/code/133/usr/share/code/resources/app/out/vs/workbench/api/node/extensionHostProcess.js:99:62973)
    at P.registerCommand.description (/var/lib/snapd/snap/code/133/usr/share/code/resources/app/out/vs/workbench/api/node/extensionHostProcess.js:99:62280)
    at e.$vL.h (/var/lib/snapd/snap/code/133/usr/share/code/resources/app/out/vs/workbench/api/node/extensionHostProcess.js:99:64085)
    at e.$vL.g (/var/lib/snapd/snap/code/133/usr/share/code/resources/app/out/vs/workbench/api/node/extensionHostProcess.js:99:63073)
    at e.$vL.executeCommand (/var/lib/snapd/snap/code/133/usr/share/code/resources/app/out/vs/workbench/api/node/extensionHostProcess.js:99:62973)
    at Object.executeCommand (/var/lib/snapd/snap/code/133/usr/share/code/resources/app/out/vs/workbench/api/node/extensionHostProcess.js:117:20971)
    at g (/home/devilunraveled/.vscode/extensions/eamodio.gitlens-14.0.1/dist/gitlens.js:1:916739)
    at c (/home/devilunraveled/.vscode/extensions/eamodio.gitlens-14.0.1/dist/gitlens.js:1:921419)
    at ActionRunners._updateContextKeys (/home/devilunraveled/.vscode/extensions/eamodio.gitlens-14.0.1/dist/gitlens.js:1:37764)
    at s (/home/devilunraveled/.vscode/extensions/eamodio.gitlens-14.0.1/dist/gitlens.js:1:36183)
    at RegisteredActionRunner.unregister (/home/devilunraveled/.vscode/extensions/eamodio.gitlens-14.0.1/dist/gitlens.js:1:36327)
    at RegisteredActionRunner.dispose (/home/devilunraveled/.vscode/extensions/eamodio.gitlens-14.0.1/dist/gitlens.js:1:34992)
    at Object.dispose (/home/devilunraveled/.vscode/extensions/eamodio.gitlens-14.0.1/dist/gitlens.js:1:36424)
    at S (/var/lib/snapd/snap/code/133/usr/share/code/resources/app/out/vs/workbench/api/node/extensionHostProcess.js:10:11731)
    at i.Z (/var/lib/snapd/snap/code/133/usr/share/code/resources/app/out/vs/workbench/api/node/extensionHostProcess.js:113:10370)
    at /var/lib/snapd/snap/code/133/usr/share/code/resources/app/out/vs/workbench/api/node/extensionHostProcess.js:113:8332
    at Array.map (<anonymous>)
    at i.S (/var/lib/snapd/snap/code/133/usr/share/code/resources/app/out/vs/workbench/api/node/extensionHostProcess.js:113:8319)
    at i.terminate (/var/lib/snapd/snap/code/133/usr/share/code/resources/app/out/vs/workbench/api/node/extensionHostProcess.js:113:8591)
    at u.terminate (/var/lib/snapd/snap/code/133/usr/share/code/resources/app/out/vs/workbench/api/node/extensionHostProcess.js:117:1532)
    at E (/var/lib/snapd/snap/code/133/usr/share/code/resources/app/out/vs/workbench/api/node/extensionHostProcess.js:127:32236)
    at MessagePortMain.<anonymous> (/var/lib/snapd/snap/code/133/usr/share/code/resources/app/out/vs/workbench/api/node/extensionHostProcess.js:127:28665)
    at MessagePortMain.emit (node:events:513:28)
    at Object.MessagePortMain._internalPort.emit (node:electron/js2c/utility_init:2:367) setContext undefined
2023-07-13 19:15:17.699 [error] Canceled: Canceled
    at new h (/var/lib/snapd/snap/code/133/usr/share/code/resources/app/out/vs/workbench/api/node/extensionHostProcess.js:99:42413)
    at t.O (/var/lib/snapd/snap/code/133/usr/share/code/resources/app/out/vs/workbench/api/node/extensionHostProcess.js:111:11236)
    at Proxy.U.<computed>.q.charCodeAt.U.<computed> (/var/lib/snapd/snap/code/133/usr/share/code/resources/app/out/vs/workbench/api/node/extensionHostProcess.js:111:8675)
    at e.$vL.g (/var/lib/snapd/snap/code/133/usr/share/code/resources/app/out/vs/workbench/api/node/extensionHostProcess.js:99:63549)
    at e.$vL.executeCommand (/var/lib/snapd/snap/code/133/usr/share/code/resources/app/out/vs/workbench/api/node/extensionHostProcess.js:99:62973)
    at P.registerCommand.description (/var/lib/snapd/snap/code/133/usr/share/code/resources/app/out/vs/workbench/api/node/extensionHostProcess.js:99:62280)
    at e.$vL.h (/var/lib/snapd/snap/code/133/usr/share/code/resources/app/out/vs/workbench/api/node/extensionHostProcess.js:99:64085)
    at e.$vL.g (/var/lib/snapd/snap/code/133/usr/share/code/resources/app/out/vs/workbench/api/node/extensionHostProcess.js:99:63073)
    at e.$vL.executeCommand (/var/lib/snapd/snap/code/133/usr/share/code/resources/app/out/vs/workbench/api/node/extensionHostProcess.js:99:62973)
    at Object.executeCommand (/var/lib/snapd/snap/code/133/usr/share/code/resources/app/out/vs/workbench/api/node/extensionHostProcess.js:117:20971)
    at g (/home/devilunraveled/.vscode/extensions/eamodio.gitlens-14.0.1/dist/gitlens.js:1:916739)
    at c (/home/devilunraveled/.vscode/extensions/eamodio.gitlens-14.0.1/dist/gitlens.js:1:921419)
    at ActionRunners._updateContextKeys (/home/devilunraveled/.vscode/extensions/eamodio.gitlens-14.0.1/dist/gitlens.js:1:37764)
    at s (/home/devilunraveled/.vscode/extensions/eamodio.gitlens-14.0.1/dist/gitlens.js:1:36183)
    at RegisteredActionRunner.unregister (/home/devilunraveled/.vscode/extensions/eamodio.gitlens-14.0.1/dist/gitlens.js:1:36327)
    at RegisteredActionRunner.dispose (/home/devilunraveled/.vscode/extensions/eamodio.gitlens-14.0.1/dist/gitlens.js:1:34992)
    at Object.dispose (/home/devilunraveled/.vscode/extensions/eamodio.gitlens-14.0.1/dist/gitlens.js:1:36424)
    at S (/var/lib/snapd/snap/code/133/usr/share/code/resources/app/out/vs/workbench/api/node/extensionHostProcess.js:10:11731)
    at i.Z (/var/lib/snapd/snap/code/133/usr/share/code/resources/app/out/vs/workbench/api/node/extensionHostProcess.js:113:10370)
    at /var/lib/snapd/snap/code/133/usr/share/code/resources/app/out/vs/workbench/api/node/extensionHostProcess.js:113:8332
    at Array.map (<anonymous>)
    at i.S (/var/lib/snapd/snap/code/133/usr/share/code/resources/app/out/vs/workbench/api/node/extensionHostProcess.js:113:8319)
    at i.terminate (/var/lib/snapd/snap/code/133/usr/share/code/resources/app/out/vs/workbench/api/node/extensionHostProcess.js:113:8591)
    at u.terminate (/var/lib/snapd/snap/code/133/usr/share/code/resources/app/out/vs/workbench/api/node/extensionHostProcess.js:117:1532)
    at E (/var/lib/snapd/snap/code/133/usr/share/code/resources/app/out/vs/workbench/api/node/extensionHostProcess.js:127:32236)
    at MessagePortMain.<anonymous> (/var/lib/snapd/snap/code/133/usr/share/code/resources/app/out/vs/workbench/api/node/extensionHostProcess.js:127:28665)
    at MessagePortMain.emit (node:events:513:28)
    at Object.MessagePortMain._internalPort.emit (node:electron/js2c/utility_init:2:367) setContext undefined
2023-07-13 19:15:17.699 [error] Canceled: Canceled
    at new h (/var/lib/snapd/snap/code/133/usr/share/code/resources/app/out/vs/workbench/api/node/extensionHostProcess.js:99:42413)
    at t.O (/var/lib/snapd/snap/code/133/usr/share/code/resources/app/out/vs/workbench/api/node/extensionHostProcess.js:111:11236)
    at Proxy.U.<computed>.q.charCodeAt.U.<computed> (/var/lib/snapd/snap/code/133/usr/share/code/resources/app/out/vs/workbench/api/node/extensionHostProcess.js:111:8675)
    at e.$vL.g (/var/lib/snapd/snap/code/133/usr/share/code/resources/app/out/vs/workbench/api/node/extensionHostProcess.js:99:63549)
    at e.$vL.executeCommand (/var/lib/snapd/snap/code/133/usr/share/code/resources/app/out/vs/workbench/api/node/extensionHostProcess.js:99:62973)
    at P.registerCommand.description (/var/lib/snapd/snap/code/133/usr/share/code/resources/app/out/vs/workbench/api/node/extensionHostProcess.js:99:62280)
    at e.$vL.h (/var/lib/snapd/snap/code/133/usr/share/code/resources/app/out/vs/workbench/api/node/extensionHostProcess.js:99:64085)
    at e.$vL.g (/var/lib/snapd/snap/code/133/usr/share/code/resources/app/out/vs/workbench/api/node/extensionHostProcess.js:99:63073)
    at e.$vL.executeCommand (/var/lib/snapd/snap/code/133/usr/share/code/resources/app/out/vs/workbench/api/node/extensionHostProcess.js:99:62973)
    at Object.executeCommand (/var/lib/snapd/snap/code/133/usr/share/code/resources/app/out/vs/workbench/api/node/extensionHostProcess.js:117:20971)
    at Object.dispose (/home/devilunraveled/.vscode/extensions/tabnine.tabnine-vscode-3.6.72/out/extension.js:17:87726)
    at o.<anonymous> (/var/lib/snapd/snap/code/133/usr/share/code/resources/app/out/vs/workbench/api/node/extensionHostProcess.js:95:4162)
    at o.dispose (/var/lib/snapd/snap/code/133/usr/share/code/resources/app/out/vs/workbench/api/node/extensionHostProcess.js:95:4297)
    at o.<anonymous> (/var/lib/snapd/snap/code/133/usr/share/code/resources/app/out/vs/workbench/api/node/extensionHostProcess.js:95:4162)
    at o.dispose (/var/lib/snapd/snap/code/133/usr/share/code/resources/app/out/vs/workbench/api/node/extensionHostProcess.js:95:4297)
    at /home/devilunraveled/.vscode/extensions/tabnine.tabnine-vscode-3.6.72/out/extension.js:17:30664
    at Array.forEach (<anonymous>)
    at h (/home/devilunraveled/.vscode/extensions/tabnine.tabnine-vscode-3.6.72/out/extension.js:17:30649)
    at Object.dispose (/home/devilunraveled/.vscode/extensions/tabnine.tabnine-vscode-3.6.72/out/extension.js:17:30092)
    at S (/var/lib/snapd/snap/code/133/usr/share/code/resources/app/out/vs/workbench/api/node/extensionHostProcess.js:10:11731)
    at i.Z (/var/lib/snapd/snap/code/133/usr/share/code/resources/app/out/vs/workbench/api/node/extensionHostProcess.js:113:10370)
    at /var/lib/snapd/snap/code/133/usr/share/code/resources/app/out/vs/workbench/api/node/extensionHostProcess.js:113:8332
    at Array.map (<anonymous>)
    at i.S (/var/lib/snapd/snap/code/133/usr/share/code/resources/app/out/vs/workbench/api/node/extensionHostProcess.js:113:8319)
    at i.terminate (/var/lib/snapd/snap/code/133/usr/share/code/resources/app/out/vs/workbench/api/node/extensionHostProcess.js:113:8591)
    at u.terminate (/var/lib/snapd/snap/code/133/usr/share/code/resources/app/out/vs/workbench/api/node/extensionHostProcess.js:117:1532)
    at E (/var/lib/snapd/snap/code/133/usr/share/code/resources/app/out/vs/workbench/api/node/extensionHostProcess.js:127:32236)
    at MessagePortMain.<anonymous> (/var/lib/snapd/snap/code/133/usr/share/code/resources/app/out/vs/workbench/api/node/extensionHostProcess.js:127:28665)
    at MessagePortMain.emit (node:events:513:28)
    at Object.MessagePortMain._internalPort.emit (node:electron/js2c/utility_init:2:367) setContext undefined
2023-07-13 19:15:18.183 [info] Extension host with pid 11265 exiting with code 0
2023-07-13 19:15:18.567 [info] Extension host with pid 12505 started
2023-07-13 19:15:18.567 [info] Skipping acquiring lock for /home/devilunraveled/.config/Code/User/workspaceStorage/cadf6683320abfc24da43bc0f08a91b8.
2023-07-13 19:15:18.660 [info] ExtensionService#_doActivateExtension vscode.git-base, startup: true, activationEvent: '*', root cause: vscode.git
2023-07-13 19:15:18.663 [info] ExtensionService#_doActivateExtension formulahendry.auto-close-tag, startup: true, activationEvent: '*'
2023-07-13 19:15:18.664 [info] ExtensionService#_doActivateExtension formulahendry.auto-rename-tag, startup: true, activationEvent: '*'
2023-07-13 19:15:18.672 [info] ExtensionService#_doActivateExtension TabNine.tabnine-vscode, startup: true, activationEvent: '*'
2023-07-13 19:15:18.685 [info] ExtensionService#_doActivateExtension vscodevim.vim, startup: true, activationEvent: '*'
2023-07-13 19:15:18.727 [info] ExtensionService#_doActivateExtension wayou.vscode-todo-highlight, startup: true, activationEvent: '*'
2023-07-13 19:15:18.779 [info] ExtensionService#_doActivateExtension vscode.git, startup: true, activationEvent: '*'
2023-07-13 19:15:18.840 [info] ExtensionService#_doActivateExtension vscode.github, startup: true, activationEvent: '*'
2023-07-13 19:15:18.883 [info] ExtensionService#_doActivateExtension vscode.json-language-features, startup: false, activationEvent: 'onLanguage:jsonc'
2023-07-13 19:15:18.897 [info] ExtensionService#_doActivateExtension vscode.typescript-language-features, startup: false, activationEvent: 'onLanguage:jsonc'
2023-07-13 19:15:18.906 [info] ExtensionService#_doActivateExtension vscode.emmet, startup: false, activationEvent: 'onLanguage'
2023-07-13 19:15:19.084 [info] ExtensionService#_doActivateExtension vscode.github-authentication, startup: false, activationEvent: 'onAuthenticationRequest:github'
2023-07-13 19:15:19.123 [info] Eager extensions activated
2023-07-13 19:15:19.143 [info] ExtensionService#_doActivateExtension vscode.debug-auto-launch, startup: false, activationEvent: 'onStartupFinished'
2023-07-13 19:15:19.152 [info] ExtensionService#_doActivateExtension vscode.merge-conflict, startup: false, activationEvent: 'onStartupFinished'
2023-07-13 19:15:19.157 [info] ExtensionService#_doActivateExtension aaron-bond.better-comments, startup: false, activationEvent: 'onStartupFinished'
2023-07-13 19:15:19.160 [info] ExtensionService#_doActivateExtension alefragnani.Bookmarks, startup: false, activationEvent: 'onStartupFinished'
2023-07-13 19:15:19.177 [info] ExtensionService#_doActivateExtension alefragnani.project-manager, startup: false, activationEvent: 'onStartupFinished'
2023-07-13 19:15:19.182 [info] ExtensionService#_doActivateExtension dbaeumer.vscode-eslint, startup: false, activationEvent: 'onStartupFinished'
2023-07-13 19:15:19.188 [info] ExtensionService#_doActivateExtension dsznajder.es7-react-js-snippets, startup: false, activationEvent: 'onStartupFinished'
2023-07-13 19:15:19.318 [info] ExtensionService#_doActivateExtension eamodio.gitlens, startup: false, activationEvent: 'onStartupFinished'
2023-07-13 19:15:19.340 [info] ExtensionService#_doActivateExtension esbenp.prettier-vscode, startup: false, activationEvent: 'onStartupFinished'
2023-07-13 19:15:19.367 [info] ExtensionService#_doActivateExtension formulahendry.code-runner, startup: false, activationEvent: 'onStartupFinished'
2023-07-13 19:15:19.381 [info] ExtensionService#_doActivateExtension ms-vscode-remote.remote-containers, startup: false, activationEvent: 'onStartupFinished'
2023-07-13 19:15:19.403 [info] ExtensionService#_doActivateExtension streetsidesoftware.code-spell-checker, startup: false, activationEvent: 'onStartupFinished'
2023-07-13 19:15:19.425 [info] ExtensionService#_doActivateExtension vscode-icons-team.vscode-icons, startup: false, activationEvent: 'onStartupFinished'
2023-07-13 19:15:19.651 [info] ExtensionService#_doActivateExtension vscode.microsoft-authentication, startup: false, activationEvent: 'onAuthenticationRequest:microsoft'
2023-07-13 19:17:17.460 [info] ExtensionService#_doActivateExtension mongodb.mongodb-vscode, startup: false, activationEvent: 'onLanguage:plaintext'
2023-07-13 20:04:32.858 [info] Extension host terminating: renderer closed the MessagePort
2023-07-13 20:04:32.911 [error] Canceled: Canceled
    at new h (/var/lib/snapd/snap/code/133/usr/share/code/resources/app/out/vs/workbench/api/node/extensionHostProcess.js:99:42413)
    at t.O (/var/lib/snapd/snap/code/133/usr/share/code/resources/app/out/vs/workbench/api/node/extensionHostProcess.js:111:11236)
    at Proxy.U.<computed>.q.charCodeAt.U.<computed> (/var/lib/snapd/snap/code/133/usr/share/code/resources/app/out/vs/workbench/api/node/extensionHostProcess.js:111:8675)
    at e.$vL.g (/var/lib/snapd/snap/code/133/usr/share/code/resources/app/out/vs/workbench/api/node/extensionHostProcess.js:99:63549)
    at e.$vL.executeCommand (/var/lib/snapd/snap/code/133/usr/share/code/resources/app/out/vs/workbench/api/node/extensionHostProcess.js:99:62973)
    at P.registerCommand.description (/var/lib/snapd/snap/code/133/usr/share/code/resources/app/out/vs/workbench/api/node/extensionHostProcess.js:99:62280)
    at e.$vL.h (/var/lib/snapd/snap/code/133/usr/share/code/resources/app/out/vs/workbench/api/node/extensionHostProcess.js:99:64085)
    at e.$vL.g (/var/lib/snapd/snap/code/133/usr/share/code/resources/app/out/vs/workbench/api/node/extensionHostProcess.js:99:63073)
    at e.$vL.executeCommand (/var/lib/snapd/snap/code/133/usr/share/code/resources/app/out/vs/workbench/api/node/extensionHostProcess.js:99:62973)
    at Object.executeCommand (/var/lib/snapd/snap/code/133/usr/share/code/resources/app/out/vs/workbench/api/node/extensionHostProcess.js:117:20971)
    at i.D [as value] (/var/lib/snapd/snap/code/133/usr/share/code/resources/app/extensions/git/dist/main.js:2:1260424)
    at p.w (/var/lib/snapd/snap/code/133/usr/share/code/resources/app/out/vs/workbench/api/node/extensionHostProcess.js:60:1902)
    at p.x (/var/lib/snapd/snap/code/133/usr/share/code/resources/app/out/vs/workbench/api/node/extensionHostProcess.js:60:1972)
    at p.fire (/var/lib/snapd/snap/code/133/usr/share/code/resources/app/out/vs/workbench/api/node/extensionHostProcess.js:60:2188)
    at Object.f [as dispose] (/var/lib/snapd/snap/code/133/usr/share/code/resources/app/extensions/git/dist/main.js:2:1275972)
    at /var/lib/snapd/snap/code/133/usr/share/code/resources/app/extensions/git/dist/main.js:2:1280539
    at Array.forEach (<anonymous>)
    at g.dispose (/var/lib/snapd/snap/code/133/usr/share/code/resources/app/extensions/git/dist/main.js:2:1280525)
    at o.<anonymous> (/var/lib/snapd/snap/code/133/usr/share/code/resources/app/out/vs/workbench/api/node/extensionHostProcess.js:95:4162)
    at o.dispose (/var/lib/snapd/snap/code/133/usr/share/code/resources/app/out/vs/workbench/api/node/extensionHostProcess.js:95:4297)
    at o.<anonymous> (/var/lib/snapd/snap/code/133/usr/share/code/resources/app/extensions/git/dist/main.js:2:1262437)
    at o.dispose (/var/lib/snapd/snap/code/133/usr/share/code/resources/app/out/vs/workbench/api/node/extensionHostProcess.js:95:4297)
    at S (/var/lib/snapd/snap/code/133/usr/share/code/resources/app/out/vs/workbench/api/node/extensionHostProcess.js:10:11731)
    at i.Z (/var/lib/snapd/snap/code/133/usr/share/code/resources/app/out/vs/workbench/api/node/extensionHostProcess.js:113:10370)
    at /var/lib/snapd/snap/code/133/usr/share/code/resources/app/out/vs/workbench/api/node/extensionHostProcess.js:113:8332
    at Array.map (<anonymous>)
    at i.S (/var/lib/snapd/snap/code/133/usr/share/code/resources/app/out/vs/workbench/api/node/extensionHostProcess.js:113:8319)
    at i.terminate (/var/lib/snapd/snap/code/133/usr/share/code/resources/app/out/vs/workbench/api/node/extensionHostProcess.js:113:8591)
    at u.terminate (/var/lib/snapd/snap/code/133/usr/share/code/resources/app/out/vs/workbench/api/node/extensionHostProcess.js:117:1532)
    at E (/var/lib/snapd/snap/code/133/usr/share/code/resources/app/out/vs/workbench/api/node/extensionHostProcess.js:127:32236)
    at MessagePortMain.<anonymous> (/var/lib/snapd/snap/code/133/usr/share/code/resources/app/out/vs/workbench/api/node/extensionHostProcess.js:127:28665)
    at MessagePortMain.emit (node:events:513:28)
    at Object.MessagePortMain._internalPort.emit (node:electron/js2c/utility_init:2:367) setContext undefined
2023-07-13 20:04:32.918 [error] Canceled: Canceled
    at new h (/var/lib/snapd/snap/code/133/usr/share/code/resources/app/out/vs/workbench/api/node/extensionHostProcess.js:99:42413)
    at t.O (/var/lib/snapd/snap/code/133/usr/share/code/resources/app/out/vs/workbench/api/node/extensionHostProcess.js:111:11236)
    at Proxy.U.<computed>.q.charCodeAt.U.<computed> (/var/lib/snapd/snap/code/133/usr/share/code/resources/app/out/vs/workbench/api/node/extensionHostProcess.js:111:8675)
    at e.$vL.g (/var/lib/snapd/snap/code/133/usr/share/code/resources/app/out/vs/workbench/api/node/extensionHostProcess.js:99:63549)
    at e.$vL.executeCommand (/var/lib/snapd/snap/code/133/usr/share/code/resources/app/out/vs/workbench/api/node/extensionHostProcess.js:99:62973)
    at P.registerCommand.description (/var/lib/snapd/snap/code/133/usr/share/code/resources/app/out/vs/workbench/api/node/extensionHostProcess.js:99:62280)
    at e.$vL.h (/var/lib/snapd/snap/code/133/usr/share/code/resources/app/out/vs/workbench/api/node/extensionHostProcess.js:99:64085)
    at e.$vL.g (/var/lib/snapd/snap/code/133/usr/share/code/resources/app/out/vs/workbench/api/node/extensionHostProcess.js:99:63073)
    at e.$vL.executeCommand (/var/lib/snapd/snap/code/133/usr/share/code/resources/app/out/vs/workbench/api/node/extensionHostProcess.js:99:62973)
    at Object.executeCommand (/var/lib/snapd/snap/code/133/usr/share/code/resources/app/out/vs/workbench/api/node/extensionHostProcess.js:117:20971)
    at t.$Ze.set b [as b] (/var/lib/snapd/snap/code/133/usr/share/code/resources/app/extensions/github/dist/extension.js:2:675669)
    at /var/lib/snapd/snap/code/133/usr/share/code/resources/app/extensions/github/dist/extension.js:2:676313
    at i.value (/var/lib/snapd/snap/code/133/usr/share/code/resources/app/extensions/git/dist/main.js:2:1347255)
    at p.w (/var/lib/snapd/snap/code/133/usr/share/code/resources/app/out/vs/workbench/api/node/extensionHostProcess.js:60:1902)
    at p.x (/var/lib/snapd/snap/code/133/usr/share/code/resources/app/out/vs/workbench/api/node/extensionHostProcess.js:60:1972)
    at p.fire (/var/lib/snapd/snap/code/133/usr/share/code/resources/app/out/vs/workbench/api/node/extensionHostProcess.js:60:2188)
    at Object.f [as dispose] (/var/lib/snapd/snap/code/133/usr/share/code/resources/app/extensions/git/dist/main.js:2:1275972)
    at /var/lib/snapd/snap/code/133/usr/share/code/resources/app/extensions/git/dist/main.js:2:1280539
    at Array.forEach (<anonymous>)
    at g.dispose (/var/lib/snapd/snap/code/133/usr/share/code/resources/app/extensions/git/dist/main.js:2:1280525)
    at o.<anonymous> (/var/lib/snapd/snap/code/133/usr/share/code/resources/app/out/vs/workbench/api/node/extensionHostProcess.js:95:4162)
    at o.dispose (/var/lib/snapd/snap/code/133/usr/share/code/resources/app/out/vs/workbench/api/node/extensionHostProcess.js:95:4297)
    at o.<anonymous> (/var/lib/snapd/snap/code/133/usr/share/code/resources/app/extensions/git/dist/main.js:2:1262437)
    at o.dispose (/var/lib/snapd/snap/code/133/usr/share/code/resources/app/out/vs/workbench/api/node/extensionHostProcess.js:95:4297)
    at S (/var/lib/snapd/snap/code/133/usr/share/code/resources/app/out/vs/workbench/api/node/extensionHostProcess.js:10:11731)
    at i.Z (/var/lib/snapd/snap/code/133/usr/share/code/resources/app/out/vs/workbench/api/node/extensionHostProcess.js:113:10370)
    at /var/lib/snapd/snap/code/133/usr/share/code/resources/app/out/vs/workbench/api/node/extensionHostProcess.js:113:8332
    at Array.map (<anonymous>)
    at i.S (/var/lib/snapd/snap/code/133/usr/share/code/resources/app/out/vs/workbench/api/node/extensionHostProcess.js:113:8319)
    at i.terminate (/var/lib/snapd/snap/code/133/usr/share/code/resources/app/out/vs/workbench/api/node/extensionHostProcess.js:113:8591)
    at u.terminate (/var/lib/snapd/snap/code/133/usr/share/code/resources/app/out/vs/workbench/api/node/extensionHostProcess.js:117:1532)
    at E (/var/lib/snapd/snap/code/133/usr/share/code/resources/app/out/vs/workbench/api/node/extensionHostProcess.js:127:32236)
    at MessagePortMain.<anonymous> (/var/lib/snapd/snap/code/133/usr/share/code/resources/app/out/vs/workbench/api/node/extensionHostProcess.js:127:28665)
    at MessagePortMain.emit (node:events:513:28)
    at Object.MessagePortMain._internalPort.emit (node:electron/js2c/utility_init:2:367) setContext undefined
2023-07-13 20:04:32.919 [error] Canceled: Canceled
    at new h (/var/lib/snapd/snap/code/133/usr/share/code/resources/app/out/vs/workbench/api/node/extensionHostProcess.js:99:42413)
    at t.O (/var/lib/snapd/snap/code/133/usr/share/code/resources/app/out/vs/workbench/api/node/extensionHostProcess.js:111:11236)
    at Proxy.U.<computed>.q.charCodeAt.U.<computed> (/var/lib/snapd/snap/code/133/usr/share/code/resources/app/out/vs/workbench/api/node/extensionHostProcess.js:111:8675)
    at e.$vL.g (/var/lib/snapd/snap/code/133/usr/share/code/resources/app/out/vs/workbench/api/node/extensionHostProcess.js:99:63549)
    at e.$vL.executeCommand (/var/lib/snapd/snap/code/133/usr/share/code/resources/app/out/vs/workbench/api/node/extensionHostProcess.js:99:62973)
    at P.registerCommand.description (/var/lib/snapd/snap/code/133/usr/share/code/resources/app/out/vs/workbench/api/node/extensionHostProcess.js:99:62280)
    at e.$vL.h (/var/lib/snapd/snap/code/133/usr/share/code/resources/app/out/vs/workbench/api/node/extensionHostProcess.js:99:64085)
    at e.$vL.g (/var/lib/snapd/snap/code/133/usr/share/code/resources/app/out/vs/workbench/api/node/extensionHostProcess.js:99:63073)
    at e.$vL.executeCommand (/var/lib/snapd/snap/code/133/usr/share/code/resources/app/out/vs/workbench/api/node/extensionHostProcess.js:99:62973)
    at Object.executeCommand (/var/lib/snapd/snap/code/133/usr/share/code/resources/app/out/vs/workbench/api/node/extensionHostProcess.js:117:20971)
    at g (/home/devilunraveled/.vscode/extensions/eamodio.gitlens-14.0.1/dist/gitlens.js:1:916739)
    at c (/home/devilunraveled/.vscode/extensions/eamodio.gitlens-14.0.1/dist/gitlens.js:1:921419)
    at ActionRunners._updateContextKeys (/home/devilunraveled/.vscode/extensions/eamodio.gitlens-14.0.1/dist/gitlens.js:1:37764)
    at s (/home/devilunraveled/.vscode/extensions/eamodio.gitlens-14.0.1/dist/gitlens.js:1:36183)
    at RegisteredActionRunner.unregister (/home/devilunraveled/.vscode/extensions/eamodio.gitlens-14.0.1/dist/gitlens.js:1:36327)
    at RegisteredActionRunner.dispose (/home/devilunraveled/.vscode/extensions/eamodio.gitlens-14.0.1/dist/gitlens.js:1:34992)
    at ActionRunners.dispose (/home/devilunraveled/.vscode/extensions/eamodio.gitlens-14.0.1/dist/gitlens.js:1:35769)
    at /home/devilunraveled/.vscode/extensions/eamodio.gitlens-14.0.1/dist/gitlens.js:1:647728
    at Array.forEach (<anonymous>)
    at Object.dispose (/home/devilunraveled/.vscode/extensions/eamodio.gitlens-14.0.1/dist/gitlens.js:1:647713)
    at S (/var/lib/snapd/snap/code/133/usr/share/code/resources/app/out/vs/workbench/api/node/extensionHostProcess.js:10:11731)
    at i.Z (/var/lib/snapd/snap/code/133/usr/share/code/resources/app/out/vs/workbench/api/node/extensionHostProcess.js:113:10370)
    at /var/lib/snapd/snap/code/133/usr/share/code/resources/app/out/vs/workbench/api/node/extensionHostProcess.js:113:8332
    at Array.map (<anonymous>)
    at i.S (/var/lib/snapd/snap/code/133/usr/share/code/resources/app/out/vs/workbench/api/node/extensionHostProcess.js:113:8319)
    at i.terminate (/var/lib/snapd/snap/code/133/usr/share/code/resources/app/out/vs/workbench/api/node/extensionHostProcess.js:113:8591)
    at u.terminate (/var/lib/snapd/snap/code/133/usr/share/code/resources/app/out/vs/workbench/api/node/extensionHostProcess.js:117:1532)
    at E (/var/lib/snapd/snap/code/133/usr/share/code/resources/app/out/vs/workbench/api/node/extensionHostProcess.js:127:32236)
    at MessagePortMain.<anonymous> (/var/lib/snapd/snap/code/133/usr/share/code/resources/app/out/vs/workbench/api/node/extensionHostProcess.js:127:28665)
    at MessagePortMain.emit (node:events:513:28)
    at Object.MessagePortMain._internalPort.emit (node:electron/js2c/utility_init:2:367) setContext undefined
2023-07-13 20:04:32.920 [error] Canceled: Canceled
    at new h (/var/lib/snapd/snap/code/133/usr/share/code/resources/app/out/vs/workbench/api/node/extensionHostProcess.js:99:42413)
    at t.O (/var/lib/snapd/snap/code/133/usr/share/code/resources/app/out/vs/workbench/api/node/extensionHostProcess.js:111:11236)
    at Proxy.U.<computed>.q.charCodeAt.U.<computed> (/var/lib/snapd/snap/code/133/usr/share/code/resources/app/out/vs/workbench/api/node/extensionHostProcess.js:111:8675)
    at e.$vL.g (/var/lib/snapd/snap/code/133/usr/share/code/resources/app/out/vs/workbench/api/node/extensionHostProcess.js:99:63549)
    at e.$vL.executeCommand (/var/lib/snapd/snap/code/133/usr/share/code/resources/app/out/vs/workbench/api/node/extensionHostProcess.js:99:62973)
    at P.registerCommand.description (/var/lib/snapd/snap/code/133/usr/share/code/resources/app/out/vs/workbench/api/node/extensionHostProcess.js:99:62280)
    at e.$vL.h (/var/lib/snapd/snap/code/133/usr/share/code/resources/app/out/vs/workbench/api/node/extensionHostProcess.js:99:64085)
    at e.$vL.g (/var/lib/snapd/snap/code/133/usr/share/code/resources/app/out/vs/workbench/api/node/extensionHostProcess.js:99:63073)
    at e.$vL.executeCommand (/var/lib/snapd/snap/code/133/usr/share/code/resources/app/out/vs/workbench/api/node/extensionHostProcess.js:99:62973)
    at Object.executeCommand (/var/lib/snapd/snap/code/133/usr/share/code/resources/app/out/vs/workbench/api/node/extensionHostProcess.js:117:20971)
    at g (/home/devilunraveled/.vscode/extensions/eamodio.gitlens-14.0.1/dist/gitlens.js:1:916739)
    at c (/home/devilunraveled/.vscode/extensions/eamodio.gitlens-14.0.1/dist/gitlens.js:1:921419)
    at ActionRunners._updateContextKeys (/home/devilunraveled/.vscode/extensions/eamodio.gitlens-14.0.1/dist/gitlens.js:1:37764)
    at s (/home/devilunraveled/.vscode/extensions/eamodio.gitlens-14.0.1/dist/gitlens.js:1:36183)
    at RegisteredActionRunner.unregister (/home/devilunraveled/.vscode/extensions/eamodio.gitlens-14.0.1/dist/gitlens.js:1:36327)
    at RegisteredActionRunner.dispose (/home/devilunraveled/.vscode/extensions/eamodio.gitlens-14.0.1/dist/gitlens.js:1:34992)
    at ActionRunners.dispose (/home/devilunraveled/.vscode/extensions/eamodio.gitlens-14.0.1/dist/gitlens.js:1:35769)
    at /home/devilunraveled/.vscode/extensions/eamodio.gitlens-14.0.1/dist/gitlens.js:1:647728
    at Array.forEach (<anonymous>)
    at Object.dispose (/home/devilunraveled/.vscode/extensions/eamodio.gitlens-14.0.1/dist/gitlens.js:1:647713)
    at S (/var/lib/snapd/snap/code/133/usr/share/code/resources/app/out/vs/workbench/api/node/extensionHostProcess.js:10:11731)
    at i.Z (/var/lib/snapd/snap/code/133/usr/share/code/resources/app/out/vs/workbench/api/node/extensionHostProcess.js:113:10370)
    at /var/lib/snapd/snap/code/133/usr/share/code/resources/app/out/vs/workbench/api/node/extensionHostProcess.js:113:8332
    at Array.map (<anonymous>)
    at i.S (/var/lib/snapd/snap/code/133/usr/share/code/resources/app/out/vs/workbench/api/node/extensionHostProcess.js:113:8319)
    at i.terminate (/var/lib/snapd/snap/code/133/usr/share/code/resources/app/out/vs/workbench/api/node/extensionHostProcess.js:113:8591)
    at u.terminate (/var/lib/snapd/snap/code/133/usr/share/code/resources/app/out/vs/workbench/api/node/extensionHostProcess.js:117:1532)
    at E (/var/lib/snapd/snap/code/133/usr/share/code/resources/app/out/vs/workbench/api/node/extensionHostProcess.js:127:32236)
    at MessagePortMain.<anonymous> (/var/lib/snapd/snap/code/133/usr/share/code/resources/app/out/vs/workbench/api/node/extensionHostProcess.js:127:28665)
    at MessagePortMain.emit (node:events:513:28)
    at Object.MessagePortMain._internalPort.emit (node:electron/js2c/utility_init:2:367) setContext undefined
2023-07-13 20:04:32.921 [error] Canceled: Canceled
    at new h (/var/lib/snapd/snap/code/133/usr/share/code/resources/app/out/vs/workbench/api/node/extensionHostProcess.js:99:42413)
    at t.O (/var/lib/snapd/snap/code/133/usr/share/code/resources/app/out/vs/workbench/api/node/extensionHostProcess.js:111:11236)
    at Proxy.U.<computed>.q.charCodeAt.U.<computed> (/var/lib/snapd/snap/code/133/usr/share/code/resources/app/out/vs/workbench/api/node/extensionHostProcess.js:111:8675)
    at e.$vL.g (/var/lib/snapd/snap/code/133/usr/share/code/resources/app/out/vs/workbench/api/node/extensionHostProcess.js:99:63549)
    at e.$vL.executeCommand (/var/lib/snapd/snap/code/133/usr/share/code/resources/app/out/vs/workbench/api/node/extensionHostProcess.js:99:62973)
    at P.registerCommand.description (/var/lib/snapd/snap/code/133/usr/share/code/resources/app/out/vs/workbench/api/node/extensionHostProcess.js:99:62280)
    at e.$vL.h (/var/lib/snapd/snap/code/133/usr/share/code/resources/app/out/vs/workbench/api/node/extensionHostProcess.js:99:64085)
    at e.$vL.g (/var/lib/snapd/snap/code/133/usr/share/code/resources/app/out/vs/workbench/api/node/extensionHostProcess.js:99:63073)
    at e.$vL.executeCommand (/var/lib/snapd/snap/code/133/usr/share/code/resources/app/out/vs/workbench/api/node/extensionHostProcess.js:99:62973)
    at Object.executeCommand (/var/lib/snapd/snap/code/133/usr/share/code/resources/app/out/vs/workbench/api/node/extensionHostProcess.js:117:20971)
    at g (/home/devilunraveled/.vscode/extensions/eamodio.gitlens-14.0.1/dist/gitlens.js:1:916739)
    at c (/home/devilunraveled/.vscode/extensions/eamodio.gitlens-14.0.1/dist/gitlens.js:1:921419)
    at ActionRunners._updateContextKeys (/home/devilunraveled/.vscode/extensions/eamodio.gitlens-14.0.1/dist/gitlens.js:1:37764)
    at s (/home/devilunraveled/.vscode/extensions/eamodio.gitlens-14.0.1/dist/gitlens.js:1:36183)
    at RegisteredActionRunner.unregister (/home/devilunraveled/.vscode/extensions/eamodio.gitlens-14.0.1/dist/gitlens.js:1:36327)
    at RegisteredActionRunner.dispose (/home/devilunraveled/.vscode/extensions/eamodio.gitlens-14.0.1/dist/gitlens.js:1:34992)
    at ActionRunners.dispose (/home/devilunraveled/.vscode/extensions/eamodio.gitlens-14.0.1/dist/gitlens.js:1:35769)
    at /home/devilunraveled/.vscode/extensions/eamodio.gitlens-14.0.1/dist/gitlens.js:1:647728
    at Array.forEach (<anonymous>)
    at Object.dispose (/home/devilunraveled/.vscode/extensions/eamodio.gitlens-14.0.1/dist/gitlens.js:1:647713)
    at S (/var/lib/snapd/snap/code/133/usr/share/code/resources/app/out/vs/workbench/api/node/extensionHostProcess.js:10:11731)
    at i.Z (/var/lib/snapd/snap/code/133/usr/share/code/resources/app/out/vs/workbench/api/node/extensionHostProcess.js:113:10370)
    at /var/lib/snapd/snap/code/133/usr/share/code/resources/app/out/vs/workbench/api/node/extensionHostProcess.js:113:8332
    at Array.map (<anonymous>)
    at i.S (/var/lib/snapd/snap/code/133/usr/share/code/resources/app/out/vs/workbench/api/node/extensionHostProcess.js:113:8319)
    at i.terminate (/var/lib/snapd/snap/code/133/usr/share/code/resources/app/out/vs/workbench/api/node/extensionHostProcess.js:113:8591)
    at u.terminate (/var/lib/snapd/snap/code/133/usr/share/code/resources/app/out/vs/workbench/api/node/extensionHostProcess.js:117:1532)
    at E (/var/lib/snapd/snap/code/133/usr/share/code/resources/app/out/vs/workbench/api/node/extensionHostProcess.js:127:32236)
    at MessagePortMain.<anonymous> (/var/lib/snapd/snap/code/133/usr/share/code/resources/app/out/vs/workbench/api/node/extensionHostProcess.js:127:28665)
    at MessagePortMain.emit (node:events:513:28)
    at Object.MessagePortMain._internalPort.emit (node:electron/js2c/utility_init:2:367) setContext undefined
2023-07-13 20:04:32.923 [error] Canceled: Canceled
    at new h (/var/lib/snapd/snap/code/133/usr/share/code/resources/app/out/vs/workbench/api/node/extensionHostProcess.js:99:42413)
    at t.O (/var/lib/snapd/snap/code/133/usr/share/code/resources/app/out/vs/workbench/api/node/extensionHostProcess.js:111:11236)
    at Proxy.U.<computed>.q.charCodeAt.U.<computed> (/var/lib/snapd/snap/code/133/usr/share/code/resources/app/out/vs/workbench/api/node/extensionHostProcess.js:111:8675)
    at e.$vL.g (/var/lib/snapd/snap/code/133/usr/share/code/resources/app/out/vs/workbench/api/node/extensionHostProcess.js:99:63549)
    at e.$vL.executeCommand (/var/lib/snapd/snap/code/133/usr/share/code/resources/app/out/vs/workbench/api/node/extensionHostProcess.js:99:62973)
    at P.registerCommand.description (/var/lib/snapd/snap/code/133/usr/share/code/resources/app/out/vs/workbench/api/node/extensionHostProcess.js:99:62280)
    at e.$vL.h (/var/lib/snapd/snap/code/133/usr/share/code/resources/app/out/vs/workbench/api/node/extensionHostProcess.js:99:64085)
    at e.$vL.g (/var/lib/snapd/snap/code/133/usr/share/code/resources/app/out/vs/workbench/api/node/extensionHostProcess.js:99:63073)
    at e.$vL.executeCommand (/var/lib/snapd/snap/code/133/usr/share/code/resources/app/out/vs/workbench/api/node/extensionHostProcess.js:99:62973)
    at Object.executeCommand (/var/lib/snapd/snap/code/133/usr/share/code/resources/app/out/vs/workbench/api/node/extensionHostProcess.js:117:20971)
    at g (/home/devilunraveled/.vscode/extensions/eamodio.gitlens-14.0.1/dist/gitlens.js:1:916739)
    at c (/home/devilunraveled/.vscode/extensions/eamodio.gitlens-14.0.1/dist/gitlens.js:1:921419)
    at ActionRunners._updateContextKeys (/home/devilunraveled/.vscode/extensions/eamodio.gitlens-14.0.1/dist/gitlens.js:1:37764)
    at s (/home/devilunraveled/.vscode/extensions/eamodio.gitlens-14.0.1/dist/gitlens.js:1:36183)
    at RegisteredActionRunner.unregister (/home/devilunraveled/.vscode/extensions/eamodio.gitlens-14.0.1/dist/gitlens.js:1:36327)
    at RegisteredActionRunner.dispose (/home/devilunraveled/.vscode/extensions/eamodio.gitlens-14.0.1/dist/gitlens.js:1:34992)
    at Object.dispose (/home/devilunraveled/.vscode/extensions/eamodio.gitlens-14.0.1/dist/gitlens.js:1:36424)
    at S (/var/lib/snapd/snap/code/133/usr/share/code/resources/app/out/vs/workbench/api/node/extensionHostProcess.js:10:11731)
    at i.Z (/var/lib/snapd/snap/code/133/usr/share/code/resources/app/out/vs/workbench/api/node/extensionHostProcess.js:113:10370)
    at /var/lib/snapd/snap/code/133/usr/share/code/resources/app/out/vs/workbench/api/node/extensionHostProcess.js:113:8332
    at Array.map (<anonymous>)
    at i.S (/var/lib/snapd/snap/code/133/usr/share/code/resources/app/out/vs/workbench/api/node/extensionHostProcess.js:113:8319)
    at i.terminate (/var/lib/snapd/snap/code/133/usr/share/code/resources/app/out/vs/workbench/api/node/extensionHostProcess.js:113:8591)
    at u.terminate (/var/lib/snapd/snap/code/133/usr/share/code/resources/app/out/vs/workbench/api/node/extensionHostProcess.js:117:1532)
    at E (/var/lib/snapd/snap/code/133/usr/share/code/resources/app/out/vs/workbench/api/node/extensionHostProcess.js:127:32236)
    at MessagePortMain.<anonymous> (/var/lib/snapd/snap/code/133/usr/share/code/resources/app/out/vs/workbench/api/node/extensionHostProcess.js:127:28665)
    at MessagePortMain.emit (node:events:513:28)
    at Object.MessagePortMain._internalPort.emit (node:electron/js2c/utility_init:2:367) setContext undefined
2023-07-13 20:04:32.924 [error] Canceled: Canceled
    at new h (/var/lib/snapd/snap/code/133/usr/share/code/resources/app/out/vs/workbench/api/node/extensionHostProcess.js:99:42413)
    at t.O (/var/lib/snapd/snap/code/133/usr/share/code/resources/app/out/vs/workbench/api/node/extensionHostProcess.js:111:11236)
    at Proxy.U.<computed>.q.charCodeAt.U.<computed> (/var/lib/snapd/snap/code/133/usr/share/code/resources/app/out/vs/workbench/api/node/extensionHostProcess.js:111:8675)
    at e.$vL.g (/var/lib/snapd/snap/code/133/usr/share/code/resources/app/out/vs/workbench/api/node/extensionHostProcess.js:99:63549)
    at e.$vL.executeCommand (/var/lib/snapd/snap/code/133/usr/share/code/resources/app/out/vs/workbench/api/node/extensionHostProcess.js:99:62973)
    at P.registerCommand.description (/var/lib/snapd/snap/code/133/usr/share/code/resources/app/out/vs/workbench/api/node/extensionHostProcess.js:99:62280)
    at e.$vL.h (/var/lib/snapd/snap/code/133/usr/share/code/resources/app/out/vs/workbench/api/node/extensionHostProcess.js:99:64085)
    at e.$vL.g (/var/lib/snapd/snap/code/133/usr/share/code/resources/app/out/vs/workbench/api/node/extensionHostProcess.js:99:63073)
    at e.$vL.executeCommand (/var/lib/snapd/snap/code/133/usr/share/code/resources/app/out/vs/workbench/api/node/extensionHostProcess.js:99:62973)
    at Object.executeCommand (/var/lib/snapd/snap/code/133/usr/share/code/resources/app/out/vs/workbench/api/node/extensionHostProcess.js:117:20971)
    at g (/home/devilunraveled/.vscode/extensions/eamodio.gitlens-14.0.1/dist/gitlens.js:1:916739)
    at c (/home/devilunraveled/.vscode/extensions/eamodio.gitlens-14.0.1/dist/gitlens.js:1:921419)
    at ActionRunners._updateContextKeys (/home/devilunraveled/.vscode/extensions/eamodio.gitlens-14.0.1/dist/gitlens.js:1:37764)
    at s (/home/devilunraveled/.vscode/extensions/eamodio.gitlens-14.0.1/dist/gitlens.js:1:36183)
    at RegisteredActionRunner.unregister (/home/devilunraveled/.vscode/extensions/eamodio.gitlens-14.0.1/dist/gitlens.js:1:36327)
    at RegisteredActionRunner.dispose (/home/devilunraveled/.vscode/extensions/eamodio.gitlens-14.0.1/dist/gitlens.js:1:34992)
    at Object.dispose (/home/devilunraveled/.vscode/extensions/eamodio.gitlens-14.0.1/dist/gitlens.js:1:36424)
    at S (/var/lib/snapd/snap/code/133/usr/share/code/resources/app/out/vs/workbench/api/node/extensionHostProcess.js:10:11731)
    at i.Z (/var/lib/snapd/snap/code/133/usr/share/code/resources/app/out/vs/workbench/api/node/extensionHostProcess.js:113:10370)
    at /var/lib/snapd/snap/code/133/usr/share/code/resources/app/out/vs/workbench/api/node/extensionHostProcess.js:113:8332
    at Array.map (<anonymous>)
    at i.S (/var/lib/snapd/snap/code/133/usr/share/code/resources/app/out/vs/workbench/api/node/extensionHostProcess.js:113:8319)
    at i.terminate (/var/lib/snapd/snap/code/133/usr/share/code/resources/app/out/vs/workbench/api/node/extensionHostProcess.js:113:8591)
    at u.terminate (/var/lib/snapd/snap/code/133/usr/share/code/resources/app/out/vs/workbench/api/node/extensionHostProcess.js:117:1532)
    at E (/var/lib/snapd/snap/code/133/usr/share/code/resources/app/out/vs/workbench/api/node/extensionHostProcess.js:127:32236)
    at MessagePortMain.<anonymous> (/var/lib/snapd/snap/code/133/usr/share/code/resources/app/out/vs/workbench/api/node/extensionHostProcess.js:127:28665)
    at MessagePortMain.emit (node:events:513:28)
    at Object.MessagePortMain._internalPort.emit (node:electron/js2c/utility_init:2:367) setContext undefined
2023-07-13 20:04:32.928 [error] Canceled: Canceled
    at new h (/var/lib/snapd/snap/code/133/usr/share/code/resources/app/out/vs/workbench/api/node/extensionHostProcess.js:99:42413)
    at t.O (/var/lib/snapd/snap/code/133/usr/share/code/resources/app/out/vs/workbench/api/node/extensionHostProcess.js:111:11236)
    at Proxy.U.<computed>.q.charCodeAt.U.<computed> (/var/lib/snapd/snap/code/133/usr/share/code/resources/app/out/vs/workbench/api/node/extensionHostProcess.js:111:8675)
    at e.$vL.g (/var/lib/snapd/snap/code/133/usr/share/code/resources/app/out/vs/workbench/api/node/extensionHostProcess.js:99:63549)
    at e.$vL.executeCommand (/var/lib/snapd/snap/code/133/usr/share/code/resources/app/out/vs/workbench/api/node/extensionHostProcess.js:99:62973)
    at P.registerCommand.description (/var/lib/snapd/snap/code/133/usr/share/code/resources/app/out/vs/workbench/api/node/extensionHostProcess.js:99:62280)
    at e.$vL.h (/var/lib/snapd/snap/code/133/usr/share/code/resources/app/out/vs/workbench/api/node/extensionHostProcess.js:99:64085)
    at e.$vL.g (/var/lib/snapd/snap/code/133/usr/share/code/resources/app/out/vs/workbench/api/node/extensionHostProcess.js:99:63073)
    at e.$vL.executeCommand (/var/lib/snapd/snap/code/133/usr/share/code/resources/app/out/vs/workbench/api/node/extensionHostProcess.js:99:62973)
    at Object.executeCommand (/var/lib/snapd/snap/code/133/usr/share/code/resources/app/out/vs/workbench/api/node/extensionHostProcess.js:117:20971)
    at g (/home/devilunraveled/.vscode/extensions/eamodio.gitlens-14.0.1/dist/gitlens.js:1:916739)
    at c (/home/devilunraveled/.vscode/extensions/eamodio.gitlens-14.0.1/dist/gitlens.js:1:921419)
    at ActionRunners._updateContextKeys (/home/devilunraveled/.vscode/extensions/eamodio.gitlens-14.0.1/dist/gitlens.js:1:37764)
    at s (/home/devilunraveled/.vscode/extensions/eamodio.gitlens-14.0.1/dist/gitlens.js:1:36183)
    at RegisteredActionRunner.unregister (/home/devilunraveled/.vscode/extensions/eamodio.gitlens-14.0.1/dist/gitlens.js:1:36327)
    at RegisteredActionRunner.dispose (/home/devilunraveled/.vscode/extensions/eamodio.gitlens-14.0.1/dist/gitlens.js:1:34992)
    at Object.dispose (/home/devilunraveled/.vscode/extensions/eamodio.gitlens-14.0.1/dist/gitlens.js:1:36424)
    at S (/var/lib/snapd/snap/code/133/usr/share/code/resources/app/out/vs/workbench/api/node/extensionHostProcess.js:10:11731)
    at i.Z (/var/lib/snapd/snap/code/133/usr/share/code/resources/app/out/vs/workbench/api/node/extensionHostProcess.js:113:10370)
    at /var/lib/snapd/snap/code/133/usr/share/code/resources/app/out/vs/workbench/api/node/extensionHostProcess.js:113:8332
    at Array.map (<anonymous>)
    at i.S (/var/lib/snapd/snap/code/133/usr/share/code/resources/app/out/vs/workbench/api/node/extensionHostProcess.js:113:8319)
    at i.terminate (/var/lib/snapd/snap/code/133/usr/share/code/resources/app/out/vs/workbench/api/node/extensionHostProcess.js:113:8591)
    at u.terminate (/var/lib/snapd/snap/code/133/usr/share/code/resources/app/out/vs/workbench/api/node/extensionHostProcess.js:117:1532)
    at E (/var/lib/snapd/snap/code/133/usr/share/code/resources/app/out/vs/workbench/api/node/extensionHostProcess.js:127:32236)
    at MessagePortMain.<anonymous> (/var/lib/snapd/snap/code/133/usr/share/code/resources/app/out/vs/workbench/api/node/extensionHostProcess.js:127:28665)
    at MessagePortMain.emit (node:events:513:28)
    at Object.MessagePortMain._internalPort.emit (node:electron/js2c/utility_init:2:367) setContext undefined
2023-07-13 20:04:32.929 [error] Canceled: Canceled
    at new h (/var/lib/snapd/snap/code/133/usr/share/code/resources/app/out/vs/workbench/api/node/extensionHostProcess.js:99:42413)
    at t.O (/var/lib/snapd/snap/code/133/usr/share/code/resources/app/out/vs/workbench/api/node/extensionHostProcess.js:111:11236)
    at Proxy.U.<computed>.q.charCodeAt.U.<computed> (/var/lib/snapd/snap/code/133/usr/share/code/resources/app/out/vs/workbench/api/node/extensionHostProcess.js:111:8675)
    at e.$vL.g (/var/lib/snapd/snap/code/133/usr/share/code/resources/app/out/vs/workbench/api/node/extensionHostProcess.js:99:63549)
    at e.$vL.executeCommand (/var/lib/snapd/snap/code/133/usr/share/code/resources/app/out/vs/workbench/api/node/extensionHostProcess.js:99:62973)
    at P.registerCommand.description (/var/lib/snapd/snap/code/133/usr/share/code/resources/app/out/vs/workbench/api/node/extensionHostProcess.js:99:62280)
    at e.$vL.h (/var/lib/snapd/snap/code/133/usr/share/code/resources/app/out/vs/workbench/api/node/extensionHostProcess.js:99:64085)
    at e.$vL.g (/var/lib/snapd/snap/code/133/usr/share/code/resources/app/out/vs/workbench/api/node/extensionHostProcess.js:99:63073)
    at e.$vL.executeCommand (/var/lib/snapd/snap/code/133/usr/share/code/resources/app/out/vs/workbench/api/node/extensionHostProcess.js:99:62973)
    at Object.executeCommand (/var/lib/snapd/snap/code/133/usr/share/code/resources/app/out/vs/workbench/api/node/extensionHostProcess.js:117:20971)
    at Object.dispose (/home/devilunraveled/.vscode/extensions/tabnine.tabnine-vscode-3.6.72/out/extension.js:17:87726)
    at o.<anonymous> (/var/lib/snapd/snap/code/133/usr/share/code/resources/app/out/vs/workbench/api/node/extensionHostProcess.js:95:4162)
    at o.dispose (/var/lib/snapd/snap/code/133/usr/share/code/resources/app/out/vs/workbench/api/node/extensionHostProcess.js:95:4297)
    at o.<anonymous> (/var/lib/snapd/snap/code/133/usr/share/code/resources/app/out/vs/workbench/api/node/extensionHostProcess.js:95:4162)
    at o.dispose (/var/lib/snapd/snap/code/133/usr/share/code/resources/app/out/vs/workbench/api/node/extensionHostProcess.js:95:4297)
    at /home/devilunraveled/.vscode/extensions/tabnine.tabnine-vscode-3.6.72/out/extension.js:17:30664
    at Array.forEach (<anonymous>)
    at h (/home/devilunraveled/.vscode/extensions/tabnine.tabnine-vscode-3.6.72/out/extension.js:17:30649)
    at Object.dispose (/home/devilunraveled/.vscode/extensions/tabnine.tabnine-vscode-3.6.72/out/extension.js:17:30092)
    at S (/var/lib/snapd/snap/code/133/usr/share/code/resources/app/out/vs/workbench/api/node/extensionHostProcess.js:10:11731)
    at i.Z (/var/lib/snapd/snap/code/133/usr/share/code/resources/app/out/vs/workbench/api/node/extensionHostProcess.js:113:10370)
    at /var/lib/snapd/snap/code/133/usr/share/code/resources/app/out/vs/workbench/api/node/extensionHostProcess.js:113:8332
    at Array.map (<anonymous>)
    at i.S (/var/lib/snapd/snap/code/133/usr/share/code/resources/app/out/vs/workbench/api/node/extensionHostProcess.js:113:8319)
    at i.terminate (/var/lib/snapd/snap/code/133/usr/share/code/resources/app/out/vs/workbench/api/node/extensionHostProcess.js:113:8591)
    at u.terminate (/var/lib/snapd/snap/code/133/usr/share/code/resources/app/out/vs/workbench/api/node/extensionHostProcess.js:117:1532)
    at E (/var/lib/snapd/snap/code/133/usr/share/code/resources/app/out/vs/workbench/api/node/extensionHostProcess.js:127:32236)
    at MessagePortMain.<anonymous> (/var/lib/snapd/snap/code/133/usr/share/code/resources/app/out/vs/workbench/api/node/extensionHostProcess.js:127:28665)
    at MessagePortMain.emit (node:events:513:28)
    at Object.MessagePortMain._internalPort.emit (node:electron/js2c/utility_init:2:367) setContext undefined
2023-07-13 20:04:33.964 [info] Extension host with pid 12505 exiting with code 0
