2023-04-27 15:55:01.436 [info] Using settings sync service https://vscode-sync.trafficmanager.net/
2023-04-27 15:55:01.436 [info] Auto Sync is enabled.
2023-04-27 15:55:01.436 [info] Auto Sync: Suspended until auth token is available.
2023-04-27 15:55:05.612 [info] Auto Sync: Triggered by Interval
2023-04-27 15:55:05.612 [info] Sync started.
2023-04-27 15:55:06.528 [info] Settings: Last sync resource does not exist locally.
2023-04-27 15:55:06.648 [info] Settings: No changes found during synchronizing settings.
2023-04-27 15:55:06.650 [info] Keybindings: Last sync resource does not exist locally.
2023-04-27 15:55:06.790 [info] Keybindings: No changes found during synchronizing keybindings.
2023-04-27 15:55:06.792 [info] Snippets: Last sync resource does not exist locally.
2023-04-27 15:55:07.195 [info] Snippets: No changes found during synchronizing snippets.
2023-04-27 15:55:07.197 [info] Tasks: Last sync resource does not exist locally.
2023-04-27 15:55:07.315 [info] Tasks: No changes found during synchronizing tasks.
2023-04-27 15:55:07.323 [info] GlobalState: Last sync resource does not exist locally.
2023-04-27 15:55:07.714 [info] GlobalState: Updated remote ui state. Updated: cpp.1.lastSessionDate,cpp.1.sessionCount,java.2.lastSessionDate,java.2.sessionCount,typescript.1.lastSessionDate,typescript.1.sessionCount,csharp.1.lastSessionDate,csharp.1.sessionCount.
2023-04-27 15:55:07.723 [info] GlobalState: Updated last synchronized ui state
2023-04-27 15:55:07.728 [info] Extensions: Last sync resource does not exist locally.
2023-04-27 15:55:07.926 [info] Extensions: No changes found during synchronizing extensions.
2023-04-27 15:55:07.929 [info] Profiles: Last sync resource does not exist locally.
2023-04-27 15:55:08.026 [info] Profiles: No changes found during synchronizing profiles.
2023-04-27 15:55:08.029 [info] Sync done. Took 2417ms
2023-04-27 16:00:08.032 [info] Auto Sync: Triggered by Interval
2023-04-27 16:00:08.033 [info] Sync started.
2023-04-27 16:00:08.356 [info] Settings: No changes found during synchronizing settings.
2023-04-27 16:00:08.360 [info] Keybindings: No changes found during synchronizing keybindings.
2023-04-27 16:00:08.365 [info] Snippets: No changes found during synchronizing snippets.
2023-04-27 16:00:08.368 [info] Tasks: No changes found during synchronizing tasks.
2023-04-27 16:00:08.375 [info] GlobalState: No changes found during synchronizing ui state.
2023-04-27 16:00:08.501 [info] Extensions: No changes found during synchronizing extensions.
2023-04-27 16:00:08.503 [info] Profiles: No changes found during synchronizing profiles.
2023-04-27 16:00:08.506 [info] Sync done. Took 474ms
2023-04-27 16:05:08.509 [info] Auto Sync: Triggered by Interval
2023-04-27 16:05:08.509 [info] Sync started.
2023-04-27 16:05:08.847 [info] Settings: No changes found during synchronizing settings.
2023-04-27 16:05:08.859 [info] Keybindings: No changes found during synchronizing keybindings.
2023-04-27 16:05:08.870 [info] Snippets: No changes found during synchronizing snippets.
2023-04-27 16:05:08.878 [info] Tasks: No changes found during synchronizing tasks.
2023-04-27 16:05:08.889 [info] GlobalState: No changes found during synchronizing ui state.
2023-04-27 16:05:09.007 [info] Extensions: No changes found during synchronizing extensions.
2023-04-27 16:05:09.011 [info] Profiles: No changes found during synchronizing profiles.
2023-04-27 16:05:09.013 [info] Sync done. Took 505ms
2023-04-27 16:10:09.015 [info] Auto Sync: Triggered by Interval
2023-04-27 16:10:09.016 [info] Sync started.
2023-04-27 16:10:09.454 [info] Settings: No changes found during synchronizing settings.
2023-04-27 16:10:09.462 [info] Keybindings: No changes found during synchronizing keybindings.
2023-04-27 16:10:09.470 [info] Snippets: No changes found during synchronizing snippets.
2023-04-27 16:10:09.475 [info] Tasks: No changes found during synchronizing tasks.
2023-04-27 16:10:09.486 [info] GlobalState: No changes found during synchronizing ui state.
2023-04-27 16:10:09.605 [info] Extensions: No changes found during synchronizing extensions.
2023-04-27 16:10:09.607 [info] Profiles: No changes found during synchronizing profiles.
2023-04-27 16:10:09.609 [info] Sync done. Took 595ms
2023-04-27 16:15:09.614 [info] Auto Sync: Triggered by Interval
2023-04-27 16:15:09.614 [info] Sync started.
2023-04-27 16:15:09.949 [info] Settings: No changes found during synchronizing settings.
2023-04-27 16:15:09.956 [info] Keybindings: No changes found during synchronizing keybindings.
2023-04-27 16:15:09.966 [info] Snippets: No changes found during synchronizing snippets.
2023-04-27 16:15:09.973 [info] Tasks: No changes found during synchronizing tasks.
2023-04-27 16:15:09.984 [info] GlobalState: No changes found during synchronizing ui state.
2023-04-27 16:15:10.090 [info] Extensions: No changes found during synchronizing extensions.
2023-04-27 16:15:10.095 [info] Profiles: No changes found during synchronizing profiles.
2023-04-27 16:15:10.098 [info] Sync done. Took 485ms
2023-04-27 16:20:11.023 [info] Auto Sync: Triggered by Interval
2023-04-27 16:20:11.023 [info] Sync started.
2023-04-27 16:20:11.392 [info] Settings: No changes found during synchronizing settings.
2023-04-27 16:20:11.399 [info] Keybindings: No changes found during synchronizing keybindings.
2023-04-27 16:20:11.406 [info] Snippets: No changes found during synchronizing snippets.
2023-04-27 16:20:11.409 [info] Tasks: No changes found during synchronizing tasks.
2023-04-27 16:20:11.414 [info] GlobalState: No changes found during synchronizing ui state.
2023-04-27 16:20:11.491 [info] Extensions: No changes found during synchronizing extensions.
2023-04-27 16:20:11.497 [info] Profiles: No changes found during synchronizing profiles.
2023-04-27 16:20:11.499 [info] Sync done. Took 478ms
2023-04-27 16:25:11.504 [info] Auto Sync: Triggered by Interval
2023-04-27 16:25:11.504 [info] Sync started.
2023-04-27 16:25:11.820 [info] Settings: No changes found during synchronizing settings.
2023-04-27 16:25:11.824 [info] Keybindings: No changes found during synchronizing keybindings.
2023-04-27 16:25:11.828 [info] Snippets: No changes found during synchronizing snippets.
2023-04-27 16:25:11.831 [info] Tasks: No changes found during synchronizing tasks.
2023-04-27 16:25:11.835 [info] GlobalState: No changes found during synchronizing ui state.
2023-04-27 16:25:11.948 [info] Extensions: No changes found during synchronizing extensions.
2023-04-27 16:25:11.951 [info] Profiles: No changes found during synchronizing profiles.
2023-04-27 16:25:11.953 [info] Sync done. Took 450ms
2023-04-27 16:29:45.278 [info] Auto Sync: Triggered by Activity
2023-04-27 16:29:45.278 [info] Sync started.
2023-04-27 16:29:45.604 [info] Settings: No changes found during synchronizing settings.
2023-04-27 16:29:45.608 [info] Keybindings: No changes found during synchronizing keybindings.
2023-04-27 16:29:45.615 [info] Snippets: No changes found during synchronizing snippets.
2023-04-27 16:29:45.621 [info] Tasks: No changes found during synchronizing tasks.
2023-04-27 16:29:45.633 [info] GlobalState: No changes found during synchronizing ui state.
2023-04-27 16:29:45.736 [info] Extensions: No changes found during synchronizing extensions.
2023-04-27 16:29:45.739 [info] Profiles: No changes found during synchronizing profiles.
2023-04-27 16:29:45.741 [info] Sync done. Took 464ms
