2023-04-27 16:40:44.588 [info] Using settings sync service https://vscode-sync.trafficmanager.net/
2023-04-27 16:40:44.588 [info] Auto Sync is enabled.
2023-04-27 16:40:44.588 [info] Auto Sync: Suspended until auth token is available.
2023-04-27 16:40:44.690 [info] Deleting non existing profile from backup /home/devilunraveled/.config/Code/User/sync/extensions
2023-04-27 16:40:44.696 [info] Deleting non existing profile from backup /home/devilunraveled/.config/Code/User/sync/globalState
2023-04-27 16:40:44.698 [info] Deleting non existing profile from backup /home/devilunraveled/.config/Code/User/sync/keybindings
2023-04-27 16:40:44.700 [info] Deleting non existing profile from backup /home/devilunraveled/.config/Code/User/sync/profiles
2023-04-27 16:40:44.701 [info] Deleting non existing profile from backup /home/devilunraveled/.config/Code/User/sync/settings
2023-04-27 16:40:44.703 [info] Deleting non existing profile from backup /home/devilunraveled/.config/Code/User/sync/snippets
2023-04-27 16:40:44.704 [info] Deleting non existing profile from backup /home/devilunraveled/.config/Code/User/sync/tasks
2023-04-27 16:40:48.194 [info] Auto Sync: Triggered by Interval
2023-04-27 16:40:48.194 [info] Sync started.
2023-04-27 16:40:55.772 [info] Settings: Last sync resource does not exist locally.
2023-04-27 16:40:55.939 [info] Settings: No changes found during synchronizing settings.
2023-04-27 16:40:55.944 [info] Keybindings: Last sync resource does not exist locally.
2023-04-27 16:40:56.302 [info] Keybindings: No changes found during synchronizing keybindings.
2023-04-27 16:40:56.306 [info] Snippets: Last sync resource does not exist locally.
2023-04-27 16:40:56.418 [info] GlobalState: Last sync resource does not exist locally.
2023-04-27 16:40:56.452 [info] Snippets: No changes found during synchronizing snippets.
2023-04-27 16:40:56.454 [info] Tasks: Last sync resource does not exist locally.
2023-04-27 16:40:56.597 [info] Tasks: No changes found during synchronizing tasks.
2023-04-27 16:40:56.601 [info] GlobalState: Last sync resource does not exist locally.
2023-04-27 16:40:56.800 [info] GlobalState: No changes found during synchronizing ui state.
2023-04-27 16:40:56.803 [info] Extensions: Last sync resource does not exist locally.
2023-04-27 16:40:57.096 [info] Extensions: No changes found during synchronizing extensions.
2023-04-27 16:40:57.099 [info] Profiles: Last sync resource does not exist locally.
2023-04-27 16:40:57.219 [info] Profiles: No changes found during synchronizing profiles.
2023-04-27 16:40:57.223 [info] Sync done. Took 9029ms
2023-04-27 16:42:33.241 [info] Auto Sync: Triggered by Activity
2023-04-27 16:42:33.242 [info] Sync started.
2023-04-27 16:42:33.436 [info] Settings: No changes found during synchronizing settings.
2023-04-27 16:42:33.442 [info] Keybindings: No changes found during synchronizing keybindings.
2023-04-27 16:42:33.445 [info] Snippets: No changes found during synchronizing snippets.
2023-04-27 16:42:33.449 [info] Tasks: No changes found during synchronizing tasks.
2023-04-27 16:42:33.458 [info] GlobalState: No changes found during synchronizing ui state.
2023-04-27 16:42:33.559 [info] Extensions: No changes found during synchronizing extensions.
2023-04-27 16:42:33.561 [info] Profiles: No changes found during synchronizing profiles.
2023-04-27 16:42:33.563 [info] Sync done. Took 323ms
2023-04-27 16:47:33.568 [info] Auto Sync: Triggered by Interval
2023-04-27 16:47:33.568 [info] Sync started.
2023-04-27 16:47:34.029 [info] Settings: No changes found during synchronizing settings.
2023-04-27 16:47:34.038 [info] Keybindings: No changes found during synchronizing keybindings.
2023-04-27 16:47:34.044 [info] Snippets: No changes found during synchronizing snippets.
2023-04-27 16:47:34.049 [info] Tasks: No changes found during synchronizing tasks.
2023-04-27 16:47:34.057 [info] GlobalState: No changes found during synchronizing ui state.
2023-04-27 16:47:34.171 [info] Extensions: No changes found during synchronizing extensions.
2023-04-27 16:47:34.172 [info] Profiles: No changes found during synchronizing profiles.
2023-04-27 16:47:34.174 [info] Sync done. Took 608ms
2023-04-27 16:52:34.179 [info] Auto Sync: Triggered by Interval
2023-04-27 16:52:34.180 [info] Sync started.
2023-04-27 16:52:34.648 [info] Settings: No changes found during synchronizing settings.
2023-04-27 16:52:34.654 [info] Keybindings: No changes found during synchronizing keybindings.
2023-04-27 16:52:34.657 [info] Snippets: No changes found during synchronizing snippets.
2023-04-27 16:52:34.659 [info] Tasks: No changes found during synchronizing tasks.
2023-04-27 16:52:34.662 [info] GlobalState: No changes found during synchronizing ui state.
2023-04-27 16:52:34.768 [info] Extensions: No changes found during synchronizing extensions.
2023-04-27 16:52:34.769 [info] Profiles: No changes found during synchronizing profiles.
2023-04-27 16:52:34.771 [info] Sync done. Took 592ms
2023-04-27 16:57:34.777 [info] Auto Sync: Triggered by Interval
2023-04-27 16:57:34.777 [info] Sync started.
2023-04-27 16:57:35.537 [info] Settings: No changes found during synchronizing settings.
2023-04-27 16:57:35.546 [info] Keybindings: No changes found during synchronizing keybindings.
2023-04-27 16:57:35.553 [info] Snippets: No changes found during synchronizing snippets.
2023-04-27 16:57:35.560 [info] Tasks: No changes found during synchronizing tasks.
2023-04-27 16:57:35.570 [info] GlobalState: No changes found during synchronizing ui state.
2023-04-27 16:57:35.681 [info] Extensions: No changes found during synchronizing extensions.
2023-04-27 16:57:35.683 [info] Profiles: No changes found during synchronizing profiles.
2023-04-27 16:57:35.684 [info] Sync done. Took 908ms
2023-04-27 17:02:35.686 [info] Auto Sync: Triggered by Interval
2023-04-27 17:02:35.687 [info] Sync started.
2023-04-27 17:02:36.315 [info] Settings: No changes found during synchronizing settings.
2023-04-27 17:02:36.322 [info] Keybindings: No changes found during synchronizing keybindings.
2023-04-27 17:02:36.330 [info] Snippets: No changes found during synchronizing snippets.
2023-04-27 17:02:36.336 [info] Tasks: No changes found during synchronizing tasks.
2023-04-27 17:02:36.345 [info] GlobalState: No changes found during synchronizing ui state.
2023-04-27 17:02:36.423 [info] Extensions: No changes found during synchronizing extensions.
2023-04-27 17:02:36.424 [info] Profiles: No changes found during synchronizing profiles.
2023-04-27 17:02:36.426 [info] Sync done. Took 741ms
2023-04-27 17:03:51.726 [info] Auto Sync: Triggered by Activity
2023-04-27 17:03:51.727 [info] Sync started.
2023-04-27 17:03:51.905 [info] Settings: No changes found during synchronizing settings.
2023-04-27 17:03:51.913 [info] Keybindings: No changes found during synchronizing keybindings.
2023-04-27 17:03:51.918 [info] Snippets: No changes found during synchronizing snippets.
2023-04-27 17:03:51.920 [info] Tasks: No changes found during synchronizing tasks.
2023-04-27 17:03:51.923 [info] GlobalState: No changes found during synchronizing ui state.
2023-04-27 17:03:51.969 [info] Extensions: No changes found during synchronizing extensions.
2023-04-27 17:03:51.972 [info] Profiles: No changes found during synchronizing profiles.
2023-04-27 17:03:51.973 [info] Sync done. Took 248ms
