2024-05-08 12:52:19.971 [info] Log level: Info
2024-05-08 12:52:19.971 [info] Validating found git in: "git"
2024-05-08 12:52:19.971 [info] Using git "2.44.0" from "git"
2024-05-08 12:52:19.971 [info] > git rev-parse --show-toplevel [32ms]
2024-05-08 12:52:19.971 [info] > git rev-parse --git-dir --git-common-dir [7ms]
2024-05-08 12:52:19.971 [info] Open repository: /home/devilunraveled/College/Sem6/IntroToNLP/Project/WordSenseDisambiguation
2024-05-08 12:52:19.972 [info] > git config --get commit.template [6ms]
2024-05-08 12:52:19.978 [info] > git rev-parse --show-toplevel [9ms]
2024-05-08 12:52:19.988 [info] > git for-each-ref --format=%(refname)%00%(upstream:short)%00%(objectname)%00%(upstream:track)%00%(upstream:remotename)%00%(upstream:remoteref) refs/heads/novelApproach refs/remotes/novelApproach [5ms]
2024-05-08 12:52:19.993 [info] > git rev-parse --show-toplevel [6ms]
2024-05-08 12:52:20.005 [info] > git status -z -uall [13ms]
2024-05-08 12:52:20.005 [info] > git rev-parse --show-toplevel [7ms]
2024-05-08 12:52:20.019 [info] > git rev-parse --show-toplevel [5ms]
2024-05-08 12:52:20.025 [info] > git config --get commit.template [6ms]
2024-05-08 12:52:20.030 [info] > git rev-parse --show-toplevel [5ms]
2024-05-08 12:52:20.034 [info] > git for-each-ref --format=%(refname)%00%(upstream:short)%00%(objectname)%00%(upstream:track)%00%(upstream:remotename)%00%(upstream:remoteref) refs/heads/novelApproach refs/remotes/novelApproach [5ms]
2024-05-08 12:52:20.038 [info] > git rev-parse --show-toplevel [5ms]
2024-05-08 12:52:20.044 [info] > git status -z -uall [7ms]
2024-05-08 12:52:20.486 [info] > git check-ignore -v -z --stdin [2ms]
2024-05-08 12:52:20.554 [info] > git rev-parse --show-toplevel [3ms]
2024-05-08 12:52:20.563 [info] > git rev-parse --git-dir --git-common-dir [4ms]
2024-05-08 12:52:20.568 [info] Open repository: /home/devilunraveled/College/Sem6/IntroToNLP/Project/WordSenseDisambiguation/baselines/SREF
2024-05-08 12:52:20.581 [info] > git config --get commit.template [6ms]
2024-05-08 12:52:20.584 [info] > git for-each-ref --format=%(refname)%00%(upstream:short)%00%(objectname)%00%(upstream:track)%00%(upstream:remotename)%00%(upstream:remoteref) refs/heads/master refs/remotes/master [4ms]
2024-05-08 12:52:20.589 [warning] ENOENT: no such file or directory, open '/home/devilunraveled/College/.git/modules/Sem6/IntroToNLP/Project/WordSenseDisambiguation/modules/baselines/SREF/refs/remotes/origin/master'
2024-05-08 12:52:20.591 [info] > git rev-parse refs/remotes/origin/master [2ms]
2024-05-08 12:52:20.600 [info] > git status -z -uall [4ms]
2024-05-08 12:52:20.611 [info] > git merge-base refs/heads/master refs/remotes/origin/master [6ms]
2024-05-08 12:52:20.615 [info] > git config --get commit.template [4ms]
2024-05-08 12:52:20.620 [info] > git rev-list --count --left-right refs/heads/master...refs/remotes/origin/master [5ms]
2024-05-08 12:52:20.624 [info] > git for-each-ref --format=%(refname)%00%(upstream:short)%00%(objectname)%00%(upstream:track)%00%(upstream:remotename)%00%(upstream:remoteref) refs/heads/master refs/remotes/master [5ms]
2024-05-08 12:52:20.627 [warning] ENOENT: no such file or directory, open '/home/devilunraveled/College/.git/modules/Sem6/IntroToNLP/Project/WordSenseDisambiguation/modules/baselines/SREF/refs/remotes/origin/master'
2024-05-08 12:52:20.628 [info] > git diff --name-status -z --diff-filter=ADMR 5ba727a4d01c341cf33a4c72bc363d2906edbc3b...refs/remotes/origin/master [5ms]
2024-05-08 12:52:20.629 [info] > git rev-parse refs/remotes/origin/master [2ms]
2024-05-08 12:52:20.637 [info] > git status -z -uall [3ms]
2024-05-08 12:52:21.100 [info] > git check-ignore -v -z --stdin [7ms]
2024-05-08 12:52:32.284 [info] > git show --textconv :gettingStarted.ju.py [6ms]
2024-05-08 12:52:32.287 [info] > git ls-files --stage -- /home/devilunraveled/College/Sem6/IntroToNLP/Project/WordSenseDisambiguation/gettingStarted.ju.py [3ms]
2024-05-08 12:52:32.294 [info] > git cat-file -s 0a2cba01b001004a663d3778b8d30eb8df0cd1fc [3ms]
2024-05-08 12:52:39.864 [info] > git show --textconv :gettingStarted.ju.py [6ms]
2024-05-08 12:52:39.865 [info] > git ls-files --stage -- /home/devilunraveled/College/Sem6/IntroToNLP/Project/WordSenseDisambiguation/gettingStarted.ju.py [2ms]
2024-05-08 12:52:39.872 [info] > git cat-file -s 0a2cba01b001004a663d3778b8d30eb8df0cd1fc [3ms]
