2023-10-25 21:31:13.959 [INFO]: No proxy settings found
2023-10-25 21:31:13.987 [INFO]: Creating manager directory: /tmp/51271a2c-e23a-4cad-a566-ee71fa37eaab/codeium/manager
2023-10-25 21:31:13.988 [INFO]: a3052dba993afbbe90c01c0591b1f5dc198b5158 not found, downloading language server
2023-10-25 21:31:13.990 [INFO]: No proxy settings found
2023-10-25 21:31:24.468 [INFO]: Language server started
2023-10-25 21:31:24.588 [INFO]: [Language Server (stderr)]:
I1025 21:31:24.587650 119130 main.go:507] Release 1.4.1 (a3052dba993afbbe90c01c0591b1f5dc198b5158)
I1025 21:31:24.587709 119130 main.go:521] Starting language server manager with pid 119130
I1025 21:31:24.587757 119130 main.go:110] Manager acquired its lock file /tmp/51271a2c-e23a-4cad-a566-ee71fa37eaab/codeium/manager/locks/manager.lock
2023-10-25 21:31:24.589 [INFO]: [Language Server (stderr)]:
I1025 21:31:24.588202 119130 main.go:248] Waiting for random port file in /tmp/51271a2c-e23a-4cad-a566-ee71fa37eaab/codeium/manager/child_random_port_1698249684587827164_6792860195775429839 to be created
2023-10-25 21:31:24.690 [INFO]: [Language Server (stderr)]:
I1025 21:31:24.690076 119146 main.go:515] Starting language server process with pid 119146
2023-10-25 21:31:24.691 [INFO]: [Language Server (stderr)]:
I1025 21:31:24.691078 119146 proxy.go:93] proxyplease.proxy> No proxy provided. Attempting to infer from system.
I1025 21:31:24.691109 119146 proxy.go:93] proxyplease.proxy> No proxy could be determined. Assuming a direct connection.
I1025 21:31:24.691137 119146 client.go:589] [DEBUG] GET https://server.codeium.com/exa.api_server_pb.ApiServerService/GetCompletions
2023-10-25 21:31:25.627 [INFO]: [Language Server (stderr)]:
I1025 21:31:25.626977 119146 api_server_client.go:125] Successfully dialed proxy
2023-10-25 21:31:25.627 [INFO]: [Language Server (stderr)]:
I1025 21:31:25.627305 119146 server.go:418] Successfully created API server client
I1025 21:31:25.627317 119146 api_server_client.go:125] Successfully dialed proxy
I1025 21:31:25.627461 119146 server.go:424] Successfully created API streaming client
2023-10-25 21:31:25.677 [INFO]: [Language Server (stderr)]:
I1025 21:31:25.677066 119146 server.go:433] Successfully initialized tokenizer
I1025 21:31:25.677152 119146 unleash.go:62] Initializing Unleash with production environment
2023-10-25 21:31:26.479 [INFO]: [Language Server (stderr)]:
I1025 21:31:26.478771 119146 unleash.go:77] Successfully initialized unleash
2023-10-25 21:31:26.502 [INFO]: [Language Server (stderr)]:
I1025 21:31:26.502160 119146 server.go:509] Successfully created completion provider
I1025 21:31:26.502187 119146 server.go:540] Child process attempting to acquire lock file /tmp/51271a2c-e23a-4cad-a566-ee71fa37eaab/codeium/manager/locks/child_lock_1698249684587860059_5635938440561946891
I1025 21:31:26.502220 119146 server.go:550] Child process acquired lock file /tmp/51271a2c-e23a-4cad-a566-ee71fa37eaab/codeium/manager/locks/child_lock_1698249684587860059_5635938440561946891
2023-10-25 21:31:26.503 [INFO]: [Language Server (stderr)]:
I1025 21:31:26.502636 119146 server.go:207] Language server will attempt to listen on host 127.0.0.1
I1025 21:31:26.502776 119146 server.go:251] Language server listening on random port at 34959
I1025 21:31:26.502786 119146 server.go:253] LSP listening on random port at 35405
2023-10-25 21:31:26.503 [INFO]: [Language Server (stderr)]:
I1025 21:31:26.502951 119146 lsp.go:385] Force added workspace folder file:///codeium/codeium_repo
I1025 21:31:26.503121 119146 web_server.go:150] Chat Web Server listening at ws://127.0.0.1:35127
2023-10-25 21:31:26.597 [INFO]: [Language Server (stdout)]:
35405
2023-10-25 21:31:26.597 [INFO]: [Language Server (stderr)]:
I1025 21:31:26.596425 119130 main.go:284] Language server manager found random server port 34959
I1025 21:31:26.596465 119130 main.go:285] Language server manager found random lsp port 35405
I1025 21:31:26.596483 119130 main.go:292] Language server manager attempting to connect to language server at 127.0.0.1:34959
2023-10-25 21:31:26.609 [INFO]: [Language Server (stderr)]:
I1025 21:31:26.609235 119130 main.go:163] Fixing language server port at 34959
I1025 21:31:26.609263 119130 main.go:343] Language server manager successfully connected to new language server at 127.0.0.1:34959
2023-10-25 21:31:26.678 [INFO]: Found language server running on port 34959
2023-10-25 21:31:26.712 [INFO]: No proxy settings found
2023-10-25 21:31:26.733 [INFO]: [Language Server (stderr)]:
I1025 21:31:26.730857 119146 server.go:1498] Downloading changelog from https://codeium.com/api/changelog?version=1.4.2
2023-10-25 21:31:27.344 [INFO]: [Language Server (stderr)]:
I1025 21:31:27.343603 119146 lsp.go:203] Analyzing workspace files for /home/devilunraveled/Projects/DUAManager/
2023-10-25 21:31:27.689 [WARN]: User not logged in
2023-10-25 21:31:28.150 [INFO]: Successfully downloaded ripgrep binary with valid crc
2023-10-25 21:31:28.151 [INFO]: Downloaded binary: /home/devilunraveled/.codeium/bin/af6b6c543b224d348a8876f0c06245d9ea7929c5/ripgrep_linux_x64
2023-10-25 22:49:01.093 [INFO]: Disposing language server process
2023-10-25 22:49:01.093 [INFO]: Deleting manager directory: /tmp/51271a2c-e23a-4cad-a566-ee71fa37eaab/codeium/manager
2023-10-25 22:49:01.094 [INFO]: Successfully disposed language server
2023-10-25 22:49:01.135 [ERROR]: Canceled
2023-10-25 22:49:01.156 [INFO]: [Language Server (stderr)]:
W1025 22:49:01.093224 119130 main.go:114] Language server manager got signal terminated, shutting down
2023-10-25 22:49:01.170 [INFO]: [Language Server (stderr)]:
E1025 22:49:01.163112 119130 main.go:357] Failed to acquire lock on /tmp/51271a2c-e23a-4cad-a566-ee71fa37eaab/codeium/manager/locks/child_lock_1698249684587860059_5635938440561946891: open /tmp/51271a2c-e23a-4cad-a566-ee71fa37eaab/codeium/manager/locks/child_lock_1698249684587860059_5635938440561946891: no such file or directory
I1025 22:49:01.163945 119146 server.go:882] Exit requested on language server process 119146
I1025 22:49:01.164105 119146 server.go:628] Language server shutting down
2023-10-25 22:49:01.201 [INFO]: [Language Server (stderr)]:
I1025 22:49:01.195868 119130 cmd_wrapper.go:267] LanguageServer exited with: success
2023-10-25 22:49:01.203 [ERROR]: Failed to stop lsp
2023-10-25 22:49:01.205 [ERROR]: Failed to stop exit
2023-10-25 22:49:01.212 [INFO]: Language server exited with code 0
