2024-08-31 16:41:36.445 [info] Starting Python Locator /home/devilunraveled/.vscode/extensions/ms-python.python-2024.12.3-linux-x64/python-env-tools/bin/pet server
2024-08-31 16:41:37.012 [info] Discovered manager: (Pyenv) /home/devilunraveled/.pyenv/bin/pyenv
2024-08-31 16:41:37.015 [info] Discovered env: /home/devilunraveled/.pyenv/versions/3.6.15/bin/python
2024-08-31 16:41:37.020 [info] Discovered env: /home/devilunraveled/.pyenv/versions/3.12.2/bin/python
2024-08-31 16:41:37.046 [info] Discovered env: /home/devilunraveled/.pyenv/versions/venv/bin/python
2024-08-31 16:41:37.068 [info] Discovered env: /home/devilunraveled/.pyenv/versions/3.11.8/bin/python
2024-08-31 16:41:37.069 [info] Discovered env: /home/devilunraveled/.pyenv/versions/3.7.3/bin/python
2024-08-31 16:41:37.069 [info] Discovered env: /home/devilunraveled/.pyenv/versions/diff/bin/python
2024-08-31 16:41:37.070 [info] Discovered env: /home/devilunraveled/.pyenv/versions/serf/bin/python
2024-08-31 16:41:37.071 [info] Discovered env: /home/devilunraveled/.pyenv/versions/tdl/bin/python
2024-08-31 16:41:37.072 [info] Discovered env: /home/devilunraveled/.pyenv/versions/elmo/bin/python
2024-08-31 16:41:37.083 [info] Discovered env: /home/devilunraveled/.pyenv/versions/gsmn/bin/python
2024-08-31 16:41:37.086 [info] Discovered env: /home/devilunraveled/.pyenv/versions/myEnvUMHQA/bin/python
2024-08-31 16:41:37.087 [info] Discovered env: /home/devilunraveled/.pyenv/versions/dip/bin/python
2024-08-31 16:41:37.088 [info] Discovered env: /home/devilunraveled/.pyenv/versions/UnsupervisedQAG/bin/python
2024-08-31 16:41:37.088 [info] Discovered env: /home/devilunraveled/.pyenv/versions/wordvectorization/bin/python
2024-08-31 16:41:37.090 [info] Discovered env: /home/devilunraveled/.pyenv/versions/nlp/bin/python
2024-08-31 16:41:37.152 [info] Discovered manager: (Conda) /home/devilunraveled/anaconda3/bin/conda
2024-08-31 16:41:37.154 [info] Discovered env: /home/devilunraveled/anaconda3/envs/pytorch/bin/python
2024-08-31 16:41:37.154 [info] Discovered manager: (Conda) /home/devilunraveled/miniconda3/bin/conda
2024-08-31 16:41:37.155 [info] Discovered env: /home/devilunraveled/miniconda3/envs/d2l/bin/python
2024-08-31 16:41:37.155 [info] Discovered env: /home/devilunraveled/miniconda3/envs/vEmbedKGQA/bin/python
2024-08-31 16:41:37.155 [info] Discovered env: /home/devilunraveled/miniconda3/bin/python
2024-08-31 16:41:37.155 [info] Discovered env: /home/devilunraveled/anaconda3/bin/python
2024-08-31 16:41:37.167 [info] Discovered env: /bin/python
2024-08-31 16:41:37.168 [info] Discovered env: /usr/bin/python
2024-08-31 16:41:37.171 [info] Env ("/usr/sbin/python") in Path resolved as ResolvedPythonEnv { executable: "/usr/sbin/python", prefix: "/usr", version: "3.12.4.final.0", is64_bit: true, symlinks: Some(["/usr/sbin/python"]) } and reported as Some(GlobalPaths)
2024-08-31 16:41:37.171 [info] Discovered env: /usr/sbin/python
2024-08-31 16:41:37.172 [info] Env ("/sbin/python") in Path resolved as ResolvedPythonEnv { executable: "/sbin/python", prefix: "/usr", version: "3.12.4.final.0", is64_bit: true, symlinks: Some(["/sbin/python"]) } and reported as Some(GlobalPaths)
2024-08-31 16:41:37.172 [info] Discovered env: /sbin/python
2024-08-31 16:41:37.173 [info] Env ("/usr/sbin/python3") in Path resolved as ResolvedPythonEnv { executable: "/usr/sbin/python3", prefix: "/usr", version: "3.12.4.final.0", is64_bit: true, symlinks: Some(["/usr/sbin/python3"]) } and reported as Some(GlobalPaths)
2024-08-31 16:41:37.173 [info] Discovered env: /usr/sbin/python3
2024-08-31 16:41:37.173 [info] Env ("/sbin/python3") in Path resolved as ResolvedPythonEnv { executable: "/sbin/python3", prefix: "/usr", version: "3.12.4.final.0", is64_bit: true, symlinks: Some(["/sbin/python3"]) } and reported as Some(GlobalPaths)
2024-08-31 16:41:37.173 [info] Discovered env: /sbin/python3
2024-08-31 16:41:37.174 [info] Env ("/usr/sbin/python3.12") in Path resolved as ResolvedPythonEnv { executable: "/usr/sbin/python3.12", prefix: "/usr", version: "3.12.4.final.0", is64_bit: true, symlinks: Some(["/usr/sbin/python3.12"]) } and reported as Some(GlobalPaths)
2024-08-31 16:41:37.174 [info] Discovered env: /usr/sbin/python3.12
2024-08-31 16:41:37.174 [info] Env ("/sbin/python3.12") in Path resolved as ResolvedPythonEnv { executable: "/sbin/python3.12", prefix: "/usr", version: "3.12.4.final.0", is64_bit: true, symlinks: Some(["/sbin/python3.12"]) } and reported as Some(GlobalPaths)
2024-08-31 16:41:37.175 [info] Discovered env: /sbin/python3.12
2024-08-31 16:41:37.177 [info] Locator Conda took 184.928313ms
2024-08-31 16:41:37.185 [info] Locator Homebrew took 4.894007ms
2024-08-31 16:41:37.185 [info] Locator LinuxGlobal took 210.605317ms
2024-08-31 16:41:37.185 [info] Locator PipEnv took 75.357µs
2024-08-31 16:41:37.185 [info] Locator Poetry took 549.079µs
2024-08-31 16:41:37.185 [info] Locator PyEnv took 22.940829ms
2024-08-31 16:41:37.185 [info] Locator Venv took 76.824µs
2024-08-31 16:41:37.186 [info] Locator VirtualEnv took 15.295µs
2024-08-31 16:41:37.187 [info] Locator VirtualEnvWrapper took 117.749µs
2024-08-31 16:41:37.187 [info] Locator GlobalVirtualEnvs took 273.981µs
2024-08-31 16:41:37.187 [info] Locator Locators took 212.441679ms
2024-08-31 16:41:37.188 [info] Locator Path took 480.803335ms
2024-08-31 16:41:37.188 [info] Locator Workspaces took 2.375µs
2024-08-31 16:41:37.189 [info] Refresh completed in 481ms
