2023-10-25 13:58:40.716 [info] Added views:workbench.panel.markers.view in workbench.panel.markers
2023-10-25 13:58:40.716 [info] Added views:workbench.panel.output in workbench.panel.output
2023-10-25 13:58:40.716 [info] Added views:terminal in terminal
2023-10-25 13:58:40.716 [info] Added views:outline in workbench.view.explorer
2023-10-25 13:58:40.716 [info] Added views:workbench.scm in workbench.view.scm
2023-10-25 13:58:40.716 [info] Added views:workbench.view.search in workbench.view.search
2023-10-25 13:58:40.716 [info] Added views:timeline in workbench.view.explorer
2023-10-25 13:58:40.716 [info] Added views:workbench.explorer.fileView in workbench.view.explorer
2023-10-25 13:58:41.114 [info] Added views:workbench.debug.welcome in workbench.view.debug
2023-10-25 13:58:41.959 [info] Added views:bookmarksExplorer,bookmarksHelpAndFeedback in workbench.view.extension.bookmarks
2023-10-25 13:58:41.959 [info] Added views:projectsExplorerFavorites,projectManagerHelpAndFeedback in workbench.view.extension.project-manager
2023-10-25 13:58:41.960 [info] Added views:gitlens.views.home,gitlens.views.workspaces,gitlens.views.account in workbench.view.extension.gitlens
2023-10-25 13:58:41.960 [info] Added views:gitlens.views.commitDetails,gitlens.views.lineHistory,gitlens.views.fileHistory,gitlens.views.searchAndCompare in workbench.view.extension.gitlensInspect
2023-10-25 13:58:41.961 [info] Added views:gitlens.views.commits,gitlens.views.branches,gitlens.views.remotes,gitlens.views.stashes,gitlens.views.tags in workbench.view.scm
2023-10-25 13:58:41.962 [info] Added views:mongoDBConnectionExplorer,mongoDBPlaygroundsExplorer,mongoDBHelpExplorer in workbench.view.extension.mongoDB
2023-10-25 13:58:41.962 [info] Added views:dockerContainers,dockerImages,dockerRegistries,dockerNetworks,dockerVolumes,vscode-docker.views.dockerContexts,vscode-docker.views.help in workbench.view.extension.dockerView
2023-10-25 13:58:41.963 [info] Added views:targetsContainers,devVolumes in workbench.view.remote
2023-10-25 13:58:42.320 [info] Added views:workbench.panel.repl.view in workbench.panel.repl
2023-10-25 13:58:43.115 [info] Added views:~remote.forwardedPorts in ~remote.forwardedPortsContainer
2023-10-25 13:58:44.467 [info] Added views:workbench.panel.comments in workbench.panel.comments
2023-10-25 13:58:46.037 [info] Added views:projectsExplorerGit in workbench.view.extension.project-manager
2023-10-25 13:58:46.057 [info] Removed views:gitlens.views.searchAndCompare,gitlens.views.fileHistory,gitlens.views.lineHistory,gitlens.views.commitDetails from workbench.view.extension.gitlensInspect
2023-10-25 13:58:46.059 [info] Removed views:gitlens.views.tags,gitlens.views.stashes,gitlens.views.remotes,gitlens.views.branches,gitlens.views.commits from workbench.view.scm
2023-10-25 13:58:49.171 [info] Added views:tabnine-home in workbench.view.extension.tabnine-access
2023-10-25 13:58:49.172 [info] Added views:tabnine-notifications in workbench.view.extension.tabnine-access
2023-10-25 13:58:49.173 [info] Added views:tabnine-today in workbench.view.extension.tabnine-access
2023-10-25 13:59:26.727 [info] Added views:workbench.panel.markers.view in workbench.panel.markers
2023-10-25 13:59:26.727 [info] Added views:workbench.panel.output in workbench.panel.output
2023-10-25 13:59:26.727 [info] Added views:terminal in terminal
2023-10-25 13:59:26.727 [info] Added views:outline in workbench.view.explorer
2023-10-25 13:59:26.727 [info] Added views:workbench.scm in workbench.view.scm
2023-10-25 13:59:26.727 [info] Added views:workbench.view.search in workbench.view.search
2023-10-25 13:59:26.727 [info] Added views:timeline in workbench.view.explorer
2023-10-25 13:59:26.727 [info] Added views:workbench.explorer.fileView in workbench.view.explorer
2023-10-25 13:59:27.095 [info] Added views:bookmarksExplorer,bookmarksHelpAndFeedback in workbench.view.extension.bookmarks
2023-10-25 13:59:27.096 [info] Added views:projectsExplorerFavorites,projectManagerHelpAndFeedback in workbench.view.extension.project-manager
2023-10-25 13:59:27.097 [info] Added views:gitlens.views.home,gitlens.views.workspaces,gitlens.views.account in workbench.view.extension.gitlens
2023-10-25 13:59:27.097 [info] Added views:gitlens.views.commitDetails,gitlens.views.lineHistory,gitlens.views.fileHistory,gitlens.views.searchAndCompare in workbench.view.extension.gitlensInspect
2023-10-25 13:59:27.098 [info] Added views:gitlens.views.commits,gitlens.views.branches,gitlens.views.remotes,gitlens.views.stashes,gitlens.views.tags in workbench.view.scm
2023-10-25 13:59:27.099 [info] Added views:mongoDBConnectionExplorer,mongoDBPlaygroundsExplorer,mongoDBHelpExplorer in workbench.view.extension.mongoDB
2023-10-25 13:59:27.099 [info] Added views:dockerContainers,dockerImages,dockerRegistries,dockerNetworks,dockerVolumes,vscode-docker.views.dockerContexts,vscode-docker.views.help in workbench.view.extension.dockerView
2023-10-25 13:59:27.100 [info] Added views:targetsContainers,devVolumes in workbench.view.remote
2023-10-25 13:59:27.101 [info] Added views:tabnine.loading in workbench.view.extension.tabnine
2023-10-25 13:59:27.295 [info] Added views:workbench.debug.variablesView,workbench.debug.watchExpressionsView,workbench.debug.callStackView,workbench.debug.breakPointsView in workbench.view.debug
2023-10-25 13:59:27.349 [info] Added views:workbench.panel.repl.view in workbench.panel.repl
2023-10-25 13:59:27.350 [info] Removed views:workbench.debug.breakPointsView,workbench.debug.callStackView,workbench.debug.watchExpressionsView,workbench.debug.variablesView from workbench.view.debug
2023-10-25 13:59:27.350 [info] Added views:workbench.debug.welcome in workbench.view.debug
2023-10-25 13:59:27.629 [info] Added views:~remote.forwardedPorts in ~remote.forwardedPortsContainer
2023-10-25 13:59:28.522 [info] Added views:projectsExplorerGit in workbench.view.extension.project-manager
2023-10-25 13:59:28.528 [info] Removed views:gitlens.views.searchAndCompare,gitlens.views.fileHistory,gitlens.views.lineHistory,gitlens.views.commitDetails from workbench.view.extension.gitlensInspect
2023-10-25 13:59:28.529 [info] Removed views:gitlens.views.tags,gitlens.views.stashes,gitlens.views.remotes,gitlens.views.branches,gitlens.views.commits from workbench.view.scm
2023-10-25 13:59:28.654 [info] Added views:workbench.panel.comments in workbench.panel.comments
2023-10-25 13:59:29.147 [info] Added views:gitlens.views.graph,gitlens.views.graphDetails in workbench.view.extension.gitlensPanel
2023-10-25 13:59:29.150 [info] Added views:gitlens.views.commitDetails,gitlens.views.lineHistory,gitlens.views.fileHistory,gitlens.views.timeline,gitlens.views.searchAndCompare in workbench.view.extension.gitlensInspect
2023-10-25 13:59:29.151 [info] Added views:gitlens.views.commits,gitlens.views.branches,gitlens.views.remotes,gitlens.views.stashes,gitlens.views.tags,gitlens.views.worktrees in workbench.view.scm
2023-10-25 13:59:39.578 [info] Removed views:tabnine.loading from workbench.view.extension.tabnine
2023-10-25 13:59:39.578 [info] Added views:tabnine.authenticate in workbench.view.extension.tabnine
