LS current symbol position: { line: 33, character: 14 }
VISITOR completion state: {
  databaseName: null,
  collectionName: null,
  isObjectSelection: false,
  isArraySelection: false,
  isObjectKey: false,
  isIdentifierObjectValue: false,
  isTextObjectValue: false,
  isStage: false,
  stageOperator: null,
  isCollectionSymbol: false,
  isUseCallExpression: false,
  isGlobalSymbol: false,
  isDbSymbol: false,
  isCollectionName: false,
  isAggregationCursor: false,
  isFindCursor: false
}
VISITOR no completion
LS current symbol position: { line: 33, character: 22 }
VISITOR completion state: {
  databaseName: null,
  collectionName: null,
  isObjectSelection: false,
  isArraySelection: false,
  isObjectKey: false,
  isIdentifierObjectValue: false,
  isTextObjectValue: false,
  isStage: false,
  stageOperator: null,
  isCollectionSymbol: false,
  isUseCallExpression: false,
  isGlobalSymbol: false,
  isDbSymbol: false,
  isCollectionName: false,
  isAggregationCursor: false,
  isFindCursor: false
}
VISITOR no completion
LS current symbol position: { line: 33, character: 30 }
VISITOR completion state: {
  databaseName: null,
  collectionName: null,
  isObjectSelection: false,
  isArraySelection: false,
  isObjectKey: false,
  isIdentifierObjectValue: false,
  isTextObjectValue: false,
  isStage: false,
  stageOperator: null,
  isCollectionSymbol: false,
  isUseCallExpression: false,
  isGlobalSymbol: false,
  isDbSymbol: false,
  isCollectionName: false,
  isAggregationCursor: false,
  isFindCursor: false
}
VISITOR no completion
LS current symbol position: { line: 34, character: 13 }
VISITOR completion state: {
  databaseName: null,
  collectionName: null,
  isObjectSelection: false,
  isArraySelection: false,
  isObjectKey: false,
  isIdentifierObjectValue: false,
  isTextObjectValue: false,
  isStage: false,
  stageOperator: null,
  isCollectionSymbol: false,
  isUseCallExpression: false,
  isGlobalSymbol: true,
  isDbSymbol: false,
  isCollectionName: false,
  isAggregationCursor: false,
  isFindCursor: false
}
VISITOR found global symbol completions
LS current symbol position: { line: 24, character: 4 }
VISITOR completion state: {
  databaseName: null,
  collectionName: null,
  isObjectSelection: false,
  isArraySelection: false,
  isObjectKey: true,
  isIdentifierObjectValue: true,
  isTextObjectValue: false,
  isStage: false,
  stageOperator: null,
  isCollectionSymbol: false,
  isUseCallExpression: false,
  isGlobalSymbol: false,
  isDbSymbol: false,
  isCollectionName: false,
  isAggregationCursor: false,
  isFindCursor: false
}
VISITOR found query operator  completions
LS current symbol position: { line: 24, character: 7 }
VISITOR completion state: {
  databaseName: null,
  collectionName: null,
  isObjectSelection: false,
  isArraySelection: false,
  isObjectKey: true,
  isIdentifierObjectValue: true,
  isTextObjectValue: false,
  isStage: false,
  stageOperator: null,
  isCollectionSymbol: false,
  isUseCallExpression: false,
  isGlobalSymbol: false,
  isDbSymbol: false,
  isCollectionName: false,
  isAggregationCursor: false,
  isFindCursor: false
}
VISITOR found query operator  completions
LS current symbol position: { line: 24, character: 8 }
VISITOR completion state: {
  databaseName: null,
  collectionName: null,
  isObjectSelection: false,
  isArraySelection: false,
  isObjectKey: true,
  isIdentifierObjectValue: true,
  isTextObjectValue: false,
  isStage: false,
  stageOperator: null,
  isCollectionSymbol: false,
  isUseCallExpression: false,
  isGlobalSymbol: false,
  isDbSymbol: false,
  isCollectionName: false,
  isAggregationCursor: false,
  isFindCursor: false
}
VISITOR found query operator  completions
