2023-03-11 15:45:17.275 [info] Extension host with pid 4803 started
2023-03-11 15:45:17.336 [info] ExtensionService#_doActivateExtension vscode.emmet, startup: false, activationEvent: 'onLanguage'
2023-03-11 15:45:17.354 [info] ExtensionService#_doActivateExtension vscode.github-authentication, startup: false, activationEvent: 'onAuthenticationRequest:github'
2023-03-11 15:45:17.389 [info] ExtensionService#_doActivateExtension vscode.git-base, startup: true, activationEvent: '*', root cause: vscode.git
2023-03-11 15:45:17.391 [info] ExtensionService#_doActivateExtension donjayamanne.githistory, startup: true, activationEvent: '*'
2023-03-11 15:45:17.428 [info] ExtensionService#_doActivateExtension formulahendry.auto-close-tag, startup: true, activationEvent: '*'
2023-03-11 15:45:17.430 [info] ExtensionService#_doActivateExtension formulahendry.auto-rename-tag, startup: true, activationEvent: '*'
2023-03-11 15:45:17.457 [info] ExtensionService#_doActivateExtension vscodevim.vim, startup: true, activationEvent: '*'
2023-03-11 15:45:17.549 [info] ExtensionService#_doActivateExtension wayou.vscode-todo-highlight, startup: true, activationEvent: '*'
2023-03-11 15:45:17.641 [info] ExtensionService#_doActivateExtension vscode.git, startup: true, activationEvent: '*'
2023-03-11 15:45:17.695 [info] ExtensionService#_doActivateExtension vscode.github, startup: true, activationEvent: '*'
2023-03-11 15:45:17.978 [info] ExtensionService#_doActivateExtension ms-vscode.js-debug, startup: false, activationEvent: 'onLanguage:ReactNativeToolsOutput', root cause: msjsdiag.vscode-react-native
2023-03-11 15:45:18.103 [info] Eager extensions activated
2023-03-11 15:45:18.124 [info] ExtensionService#_doActivateExtension vscode.debug-auto-launch, startup: false, activationEvent: 'onStartupFinished'
2023-03-11 15:45:18.126 [info] ExtensionService#_doActivateExtension vscode.merge-conflict, startup: false, activationEvent: 'onStartupFinished'
2023-03-11 15:45:18.141 [info] ExtensionService#_doActivateExtension aaron-bond.better-comments, startup: false, activationEvent: 'onStartupFinished'
2023-03-11 15:45:18.147 [info] ExtensionService#_doActivateExtension alefragnani.Bookmarks, startup: false, activationEvent: 'onStartupFinished'
2023-03-11 15:45:18.156 [info] ExtensionService#_doActivateExtension alefragnani.project-manager, startup: false, activationEvent: 'onStartupFinished'
2023-03-11 15:45:18.168 [info] ExtensionService#_doActivateExtension dbaeumer.vscode-eslint, startup: false, activationEvent: 'onStartupFinished'
2023-03-11 15:45:18.193 [info] ExtensionService#_doActivateExtension dsznajder.es7-react-js-snippets, startup: false, activationEvent: 'onStartupFinished'
2023-03-11 15:45:18.515 [info] ExtensionService#_doActivateExtension eamodio.gitlens, startup: false, activationEvent: 'onStartupFinished'
2023-03-11 15:45:18.599 [info] ExtensionService#_doActivateExtension vscode.npm, startup: false, activationEvent: 'onStartupFinished', root cause: esbenp.prettier-vscode
2023-03-11 15:45:18.624 [info] ExtensionService#_doActivateExtension formulahendry.code-runner, startup: false, activationEvent: 'onStartupFinished'
2023-03-11 15:45:18.647 [info] ExtensionService#_doActivateExtension streetsidesoftware.code-spell-checker, startup: false, activationEvent: 'onStartupFinished'
2023-03-11 15:45:18.704 [info] ExtensionService#_doActivateExtension vscode-icons-team.vscode-icons, startup: false, activationEvent: 'onStartupFinished'
2023-03-11 15:45:18.744 [info] ExtensionService#_doActivateExtension msjsdiag.vscode-react-native, startup: false, activationEvent: 'onLanguage:ReactNativeToolsOutput'
2023-03-11 15:45:18.981 [info] ExtensionService#_doActivateExtension esbenp.prettier-vscode, startup: false, activationEvent: 'onStartupFinished'
2023-03-11 15:45:22.997 [info] ExtensionService#_doActivateExtension vscode.microsoft-authentication, startup: false, activationEvent: 'onAuthenticationRequest:microsoft'
2023-03-11 15:45:36.867 [info] Extension host terminating: renderer closed the MessagePort
2023-03-11 15:45:36.922 [error] Canceled: Canceled
    at new l (/var/lib/snapd/snap/code/121/usr/share/code/resources/app/out/vs/workbench/api/node/extensionHostProcess.js:96:88793)
    at a.O (/var/lib/snapd/snap/code/121/usr/share/code/resources/app/out/vs/workbench/api/node/extensionHostProcess.js:106:11260)
    at Proxy.V.<computed>.Q.charCodeAt.V.<computed> (/var/lib/snapd/snap/code/121/usr/share/code/resources/app/out/vs/workbench/api/node/extensionHostProcess.js:106:8550)
    at c.g (/var/lib/snapd/snap/code/121/usr/share/code/resources/app/out/vs/workbench/api/node/extensionHostProcess.js:96:108198)
    at c.executeCommand (/var/lib/snapd/snap/code/121/usr/share/code/resources/app/out/vs/workbench/api/node/extensionHostProcess.js:96:107574)
    at N.registerCommand.description (/var/lib/snapd/snap/code/121/usr/share/code/resources/app/out/vs/workbench/api/node/extensionHostProcess.js:96:106867)
    at c.h (/var/lib/snapd/snap/code/121/usr/share/code/resources/app/out/vs/workbench/api/node/extensionHostProcess.js:96:108784)
    at c.g (/var/lib/snapd/snap/code/121/usr/share/code/resources/app/out/vs/workbench/api/node/extensionHostProcess.js:96:107674)
    at c.executeCommand (/var/lib/snapd/snap/code/121/usr/share/code/resources/app/out/vs/workbench/api/node/extensionHostProcess.js:96:107574)
    at Object.executeCommand (/var/lib/snapd/snap/code/121/usr/share/code/resources/app/out/vs/workbench/api/node/extensionHostProcess.js:117:30781)
    at c (/home/devilunraveled/.vscode/extensions/eamodio.gitlens-13.3.1/dist/gitlens.js:1:991281)
    at ActionRunners._updateContextKeys (/home/devilunraveled/.vscode/extensions/eamodio.gitlens-13.3.1/dist/gitlens.js:1:12768)
    at s (/home/devilunraveled/.vscode/extensions/eamodio.gitlens-13.3.1/dist/gitlens.js:1:11187)
    at RegisteredActionRunner.unregister (/home/devilunraveled/.vscode/extensions/eamodio.gitlens-13.3.1/dist/gitlens.js:1:11331)
    at RegisteredActionRunner.dispose (/home/devilunraveled/.vscode/extensions/eamodio.gitlens-13.3.1/dist/gitlens.js:1:9993)
    at ActionRunners.dispose (/home/devilunraveled/.vscode/extensions/eamodio.gitlens-13.3.1/dist/gitlens.js:1:10772)
    at k (/var/lib/snapd/snap/code/121/usr/share/code/resources/app/out/vs/workbench/api/node/extensionHostProcess.js:10:12074)
    at f.X (/var/lib/snapd/snap/code/121/usr/share/code/resources/app/out/vs/workbench/api/node/extensionHostProcess.js:108:11284)
    at /var/lib/snapd/snap/code/121/usr/share/code/resources/app/out/vs/workbench/api/node/extensionHostProcess.js:108:9088
    at Array.map (<anonymous>)
    at f.Q (/var/lib/snapd/snap/code/121/usr/share/code/resources/app/out/vs/workbench/api/node/extensionHostProcess.js:108:9075)
    at f.terminate (/var/lib/snapd/snap/code/121/usr/share/code/resources/app/out/vs/workbench/api/node/extensionHostProcess.js:108:9347)
    at u.terminate (/var/lib/snapd/snap/code/121/usr/share/code/resources/app/out/vs/workbench/api/node/extensionHostProcess.js:112:1397)
    at p (/var/lib/snapd/snap/code/121/usr/share/code/resources/app/out/vs/workbench/api/node/extensionHostProcess.js:122:18592)
    at MessagePortMain.<anonymous> (/var/lib/snapd/snap/code/121/usr/share/code/resources/app/out/vs/workbench/api/node/extensionHostProcess.js:122:14731)
    at MessagePortMain.emit (node:events:526:28)
    at Object.MessagePortMain._internalPort.emit (node:electron/js2c/utility_init:5:364) setContext undefined
2023-03-11 15:45:36.922 [error] Canceled: Canceled
    at new l (/var/lib/snapd/snap/code/121/usr/share/code/resources/app/out/vs/workbench/api/node/extensionHostProcess.js:96:88793)
    at a.O (/var/lib/snapd/snap/code/121/usr/share/code/resources/app/out/vs/workbench/api/node/extensionHostProcess.js:106:11260)
    at Proxy.V.<computed>.Q.charCodeAt.V.<computed> (/var/lib/snapd/snap/code/121/usr/share/code/resources/app/out/vs/workbench/api/node/extensionHostProcess.js:106:8550)
    at c.g (/var/lib/snapd/snap/code/121/usr/share/code/resources/app/out/vs/workbench/api/node/extensionHostProcess.js:96:108198)
    at c.executeCommand (/var/lib/snapd/snap/code/121/usr/share/code/resources/app/out/vs/workbench/api/node/extensionHostProcess.js:96:107574)
    at N.registerCommand.description (/var/lib/snapd/snap/code/121/usr/share/code/resources/app/out/vs/workbench/api/node/extensionHostProcess.js:96:106867)
    at c.h (/var/lib/snapd/snap/code/121/usr/share/code/resources/app/out/vs/workbench/api/node/extensionHostProcess.js:96:108784)
    at c.g (/var/lib/snapd/snap/code/121/usr/share/code/resources/app/out/vs/workbench/api/node/extensionHostProcess.js:96:107674)
    at c.executeCommand (/var/lib/snapd/snap/code/121/usr/share/code/resources/app/out/vs/workbench/api/node/extensionHostProcess.js:96:107574)
    at Object.executeCommand (/var/lib/snapd/snap/code/121/usr/share/code/resources/app/out/vs/workbench/api/node/extensionHostProcess.js:117:30781)
    at c (/home/devilunraveled/.vscode/extensions/eamodio.gitlens-13.3.1/dist/gitlens.js:1:991281)
    at ActionRunners._updateContextKeys (/home/devilunraveled/.vscode/extensions/eamodio.gitlens-13.3.1/dist/gitlens.js:1:12768)
    at s (/home/devilunraveled/.vscode/extensions/eamodio.gitlens-13.3.1/dist/gitlens.js:1:11187)
    at RegisteredActionRunner.unregister (/home/devilunraveled/.vscode/extensions/eamodio.gitlens-13.3.1/dist/gitlens.js:1:11331)
    at RegisteredActionRunner.dispose (/home/devilunraveled/.vscode/extensions/eamodio.gitlens-13.3.1/dist/gitlens.js:1:9993)
    at ActionRunners.dispose (/home/devilunraveled/.vscode/extensions/eamodio.gitlens-13.3.1/dist/gitlens.js:1:10772)
    at k (/var/lib/snapd/snap/code/121/usr/share/code/resources/app/out/vs/workbench/api/node/extensionHostProcess.js:10:12074)
    at f.X (/var/lib/snapd/snap/code/121/usr/share/code/resources/app/out/vs/workbench/api/node/extensionHostProcess.js:108:11284)
    at /var/lib/snapd/snap/code/121/usr/share/code/resources/app/out/vs/workbench/api/node/extensionHostProcess.js:108:9088
    at Array.map (<anonymous>)
    at f.Q (/var/lib/snapd/snap/code/121/usr/share/code/resources/app/out/vs/workbench/api/node/extensionHostProcess.js:108:9075)
    at f.terminate (/var/lib/snapd/snap/code/121/usr/share/code/resources/app/out/vs/workbench/api/node/extensionHostProcess.js:108:9347)
    at u.terminate (/var/lib/snapd/snap/code/121/usr/share/code/resources/app/out/vs/workbench/api/node/extensionHostProcess.js:112:1397)
    at p (/var/lib/snapd/snap/code/121/usr/share/code/resources/app/out/vs/workbench/api/node/extensionHostProcess.js:122:18592)
    at MessagePortMain.<anonymous> (/var/lib/snapd/snap/code/121/usr/share/code/resources/app/out/vs/workbench/api/node/extensionHostProcess.js:122:14731)
    at MessagePortMain.emit (node:events:526:28)
    at Object.MessagePortMain._internalPort.emit (node:electron/js2c/utility_init:5:364) setContext undefined
2023-03-11 15:45:36.922 [error] Canceled: Canceled
    at new l (/var/lib/snapd/snap/code/121/usr/share/code/resources/app/out/vs/workbench/api/node/extensionHostProcess.js:96:88793)
    at a.O (/var/lib/snapd/snap/code/121/usr/share/code/resources/app/out/vs/workbench/api/node/extensionHostProcess.js:106:11260)
    at Proxy.V.<computed>.Q.charCodeAt.V.<computed> (/var/lib/snapd/snap/code/121/usr/share/code/resources/app/out/vs/workbench/api/node/extensionHostProcess.js:106:8550)
    at c.g (/var/lib/snapd/snap/code/121/usr/share/code/resources/app/out/vs/workbench/api/node/extensionHostProcess.js:96:108198)
    at c.executeCommand (/var/lib/snapd/snap/code/121/usr/share/code/resources/app/out/vs/workbench/api/node/extensionHostProcess.js:96:107574)
    at N.registerCommand.description (/var/lib/snapd/snap/code/121/usr/share/code/resources/app/out/vs/workbench/api/node/extensionHostProcess.js:96:106867)
    at c.h (/var/lib/snapd/snap/code/121/usr/share/code/resources/app/out/vs/workbench/api/node/extensionHostProcess.js:96:108784)
    at c.g (/var/lib/snapd/snap/code/121/usr/share/code/resources/app/out/vs/workbench/api/node/extensionHostProcess.js:96:107674)
    at c.executeCommand (/var/lib/snapd/snap/code/121/usr/share/code/resources/app/out/vs/workbench/api/node/extensionHostProcess.js:96:107574)
    at Object.executeCommand (/var/lib/snapd/snap/code/121/usr/share/code/resources/app/out/vs/workbench/api/node/extensionHostProcess.js:117:30781)
    at c (/home/devilunraveled/.vscode/extensions/eamodio.gitlens-13.3.1/dist/gitlens.js:1:991281)
    at ActionRunners._updateContextKeys (/home/devilunraveled/.vscode/extensions/eamodio.gitlens-13.3.1/dist/gitlens.js:1:12768)
    at s (/home/devilunraveled/.vscode/extensions/eamodio.gitlens-13.3.1/dist/gitlens.js:1:11187)
    at RegisteredActionRunner.unregister (/home/devilunraveled/.vscode/extensions/eamodio.gitlens-13.3.1/dist/gitlens.js:1:11331)
    at RegisteredActionRunner.dispose (/home/devilunraveled/.vscode/extensions/eamodio.gitlens-13.3.1/dist/gitlens.js:1:9993)
    at ActionRunners.dispose (/home/devilunraveled/.vscode/extensions/eamodio.gitlens-13.3.1/dist/gitlens.js:1:10772)
    at k (/var/lib/snapd/snap/code/121/usr/share/code/resources/app/out/vs/workbench/api/node/extensionHostProcess.js:10:12074)
    at f.X (/var/lib/snapd/snap/code/121/usr/share/code/resources/app/out/vs/workbench/api/node/extensionHostProcess.js:108:11284)
    at /var/lib/snapd/snap/code/121/usr/share/code/resources/app/out/vs/workbench/api/node/extensionHostProcess.js:108:9088
    at Array.map (<anonymous>)
    at f.Q (/var/lib/snapd/snap/code/121/usr/share/code/resources/app/out/vs/workbench/api/node/extensionHostProcess.js:108:9075)
    at f.terminate (/var/lib/snapd/snap/code/121/usr/share/code/resources/app/out/vs/workbench/api/node/extensionHostProcess.js:108:9347)
    at u.terminate (/var/lib/snapd/snap/code/121/usr/share/code/resources/app/out/vs/workbench/api/node/extensionHostProcess.js:112:1397)
    at p (/var/lib/snapd/snap/code/121/usr/share/code/resources/app/out/vs/workbench/api/node/extensionHostProcess.js:122:18592)
    at MessagePortMain.<anonymous> (/var/lib/snapd/snap/code/121/usr/share/code/resources/app/out/vs/workbench/api/node/extensionHostProcess.js:122:14731)
    at MessagePortMain.emit (node:events:526:28)
    at Object.MessagePortMain._internalPort.emit (node:electron/js2c/utility_init:5:364) setContext undefined
2023-03-11 15:45:36.923 [error] Canceled: Canceled
    at new l (/var/lib/snapd/snap/code/121/usr/share/code/resources/app/out/vs/workbench/api/node/extensionHostProcess.js:96:88793)
    at a.O (/var/lib/snapd/snap/code/121/usr/share/code/resources/app/out/vs/workbench/api/node/extensionHostProcess.js:106:11260)
    at Proxy.V.<computed>.Q.charCodeAt.V.<computed> (/var/lib/snapd/snap/code/121/usr/share/code/resources/app/out/vs/workbench/api/node/extensionHostProcess.js:106:8550)
    at c.g (/var/lib/snapd/snap/code/121/usr/share/code/resources/app/out/vs/workbench/api/node/extensionHostProcess.js:96:108198)
    at c.executeCommand (/var/lib/snapd/snap/code/121/usr/share/code/resources/app/out/vs/workbench/api/node/extensionHostProcess.js:96:107574)
    at N.registerCommand.description (/var/lib/snapd/snap/code/121/usr/share/code/resources/app/out/vs/workbench/api/node/extensionHostProcess.js:96:106867)
    at c.h (/var/lib/snapd/snap/code/121/usr/share/code/resources/app/out/vs/workbench/api/node/extensionHostProcess.js:96:108784)
    at c.g (/var/lib/snapd/snap/code/121/usr/share/code/resources/app/out/vs/workbench/api/node/extensionHostProcess.js:96:107674)
    at c.executeCommand (/var/lib/snapd/snap/code/121/usr/share/code/resources/app/out/vs/workbench/api/node/extensionHostProcess.js:96:107574)
    at Object.executeCommand (/var/lib/snapd/snap/code/121/usr/share/code/resources/app/out/vs/workbench/api/node/extensionHostProcess.js:117:30781)
    at c (/home/devilunraveled/.vscode/extensions/eamodio.gitlens-13.3.1/dist/gitlens.js:1:991281)
    at ActionRunners._updateContextKeys (/home/devilunraveled/.vscode/extensions/eamodio.gitlens-13.3.1/dist/gitlens.js:1:12768)
    at s (/home/devilunraveled/.vscode/extensions/eamodio.gitlens-13.3.1/dist/gitlens.js:1:11187)
    at RegisteredActionRunner.unregister (/home/devilunraveled/.vscode/extensions/eamodio.gitlens-13.3.1/dist/gitlens.js:1:11331)
    at RegisteredActionRunner.dispose (/home/devilunraveled/.vscode/extensions/eamodio.gitlens-13.3.1/dist/gitlens.js:1:9993)
    at Object.dispose (/home/devilunraveled/.vscode/extensions/eamodio.gitlens-13.3.1/dist/gitlens.js:1:11428)
    at k (/var/lib/snapd/snap/code/121/usr/share/code/resources/app/out/vs/workbench/api/node/extensionHostProcess.js:10:12074)
    at f.X (/var/lib/snapd/snap/code/121/usr/share/code/resources/app/out/vs/workbench/api/node/extensionHostProcess.js:108:11284)
    at /var/lib/snapd/snap/code/121/usr/share/code/resources/app/out/vs/workbench/api/node/extensionHostProcess.js:108:9088
    at Array.map (<anonymous>)
    at f.Q (/var/lib/snapd/snap/code/121/usr/share/code/resources/app/out/vs/workbench/api/node/extensionHostProcess.js:108:9075)
    at f.terminate (/var/lib/snapd/snap/code/121/usr/share/code/resources/app/out/vs/workbench/api/node/extensionHostProcess.js:108:9347)
    at u.terminate (/var/lib/snapd/snap/code/121/usr/share/code/resources/app/out/vs/workbench/api/node/extensionHostProcess.js:112:1397)
    at p (/var/lib/snapd/snap/code/121/usr/share/code/resources/app/out/vs/workbench/api/node/extensionHostProcess.js:122:18592)
    at MessagePortMain.<anonymous> (/var/lib/snapd/snap/code/121/usr/share/code/resources/app/out/vs/workbench/api/node/extensionHostProcess.js:122:14731)
    at MessagePortMain.emit (node:events:526:28)
    at Object.MessagePortMain._internalPort.emit (node:electron/js2c/utility_init:5:364) setContext undefined
2023-03-11 15:45:36.923 [error] Canceled: Canceled
    at new l (/var/lib/snapd/snap/code/121/usr/share/code/resources/app/out/vs/workbench/api/node/extensionHostProcess.js:96:88793)
    at a.O (/var/lib/snapd/snap/code/121/usr/share/code/resources/app/out/vs/workbench/api/node/extensionHostProcess.js:106:11260)
    at Proxy.V.<computed>.Q.charCodeAt.V.<computed> (/var/lib/snapd/snap/code/121/usr/share/code/resources/app/out/vs/workbench/api/node/extensionHostProcess.js:106:8550)
    at c.g (/var/lib/snapd/snap/code/121/usr/share/code/resources/app/out/vs/workbench/api/node/extensionHostProcess.js:96:108198)
    at c.executeCommand (/var/lib/snapd/snap/code/121/usr/share/code/resources/app/out/vs/workbench/api/node/extensionHostProcess.js:96:107574)
    at N.registerCommand.description (/var/lib/snapd/snap/code/121/usr/share/code/resources/app/out/vs/workbench/api/node/extensionHostProcess.js:96:106867)
    at c.h (/var/lib/snapd/snap/code/121/usr/share/code/resources/app/out/vs/workbench/api/node/extensionHostProcess.js:96:108784)
    at c.g (/var/lib/snapd/snap/code/121/usr/share/code/resources/app/out/vs/workbench/api/node/extensionHostProcess.js:96:107674)
    at c.executeCommand (/var/lib/snapd/snap/code/121/usr/share/code/resources/app/out/vs/workbench/api/node/extensionHostProcess.js:96:107574)
    at Object.executeCommand (/var/lib/snapd/snap/code/121/usr/share/code/resources/app/out/vs/workbench/api/node/extensionHostProcess.js:117:30781)
    at c (/home/devilunraveled/.vscode/extensions/eamodio.gitlens-13.3.1/dist/gitlens.js:1:991281)
    at ActionRunners._updateContextKeys (/home/devilunraveled/.vscode/extensions/eamodio.gitlens-13.3.1/dist/gitlens.js:1:12768)
    at s (/home/devilunraveled/.vscode/extensions/eamodio.gitlens-13.3.1/dist/gitlens.js:1:11187)
    at RegisteredActionRunner.unregister (/home/devilunraveled/.vscode/extensions/eamodio.gitlens-13.3.1/dist/gitlens.js:1:11331)
    at RegisteredActionRunner.dispose (/home/devilunraveled/.vscode/extensions/eamodio.gitlens-13.3.1/dist/gitlens.js:1:9993)
    at Object.dispose (/home/devilunraveled/.vscode/extensions/eamodio.gitlens-13.3.1/dist/gitlens.js:1:11428)
    at k (/var/lib/snapd/snap/code/121/usr/share/code/resources/app/out/vs/workbench/api/node/extensionHostProcess.js:10:12074)
    at f.X (/var/lib/snapd/snap/code/121/usr/share/code/resources/app/out/vs/workbench/api/node/extensionHostProcess.js:108:11284)
    at /var/lib/snapd/snap/code/121/usr/share/code/resources/app/out/vs/workbench/api/node/extensionHostProcess.js:108:9088
    at Array.map (<anonymous>)
    at f.Q (/var/lib/snapd/snap/code/121/usr/share/code/resources/app/out/vs/workbench/api/node/extensionHostProcess.js:108:9075)
    at f.terminate (/var/lib/snapd/snap/code/121/usr/share/code/resources/app/out/vs/workbench/api/node/extensionHostProcess.js:108:9347)
    at u.terminate (/var/lib/snapd/snap/code/121/usr/share/code/resources/app/out/vs/workbench/api/node/extensionHostProcess.js:112:1397)
    at p (/var/lib/snapd/snap/code/121/usr/share/code/resources/app/out/vs/workbench/api/node/extensionHostProcess.js:122:18592)
    at MessagePortMain.<anonymous> (/var/lib/snapd/snap/code/121/usr/share/code/resources/app/out/vs/workbench/api/node/extensionHostProcess.js:122:14731)
    at MessagePortMain.emit (node:events:526:28)
    at Object.MessagePortMain._internalPort.emit (node:electron/js2c/utility_init:5:364) setContext undefined
2023-03-11 15:45:36.923 [error] Canceled: Canceled
    at new l (/var/lib/snapd/snap/code/121/usr/share/code/resources/app/out/vs/workbench/api/node/extensionHostProcess.js:96:88793)
    at a.O (/var/lib/snapd/snap/code/121/usr/share/code/resources/app/out/vs/workbench/api/node/extensionHostProcess.js:106:11260)
    at Proxy.V.<computed>.Q.charCodeAt.V.<computed> (/var/lib/snapd/snap/code/121/usr/share/code/resources/app/out/vs/workbench/api/node/extensionHostProcess.js:106:8550)
    at c.g (/var/lib/snapd/snap/code/121/usr/share/code/resources/app/out/vs/workbench/api/node/extensionHostProcess.js:96:108198)
    at c.executeCommand (/var/lib/snapd/snap/code/121/usr/share/code/resources/app/out/vs/workbench/api/node/extensionHostProcess.js:96:107574)
    at N.registerCommand.description (/var/lib/snapd/snap/code/121/usr/share/code/resources/app/out/vs/workbench/api/node/extensionHostProcess.js:96:106867)
    at c.h (/var/lib/snapd/snap/code/121/usr/share/code/resources/app/out/vs/workbench/api/node/extensionHostProcess.js:96:108784)
    at c.g (/var/lib/snapd/snap/code/121/usr/share/code/resources/app/out/vs/workbench/api/node/extensionHostProcess.js:96:107674)
    at c.executeCommand (/var/lib/snapd/snap/code/121/usr/share/code/resources/app/out/vs/workbench/api/node/extensionHostProcess.js:96:107574)
    at Object.executeCommand (/var/lib/snapd/snap/code/121/usr/share/code/resources/app/out/vs/workbench/api/node/extensionHostProcess.js:117:30781)
    at c (/home/devilunraveled/.vscode/extensions/eamodio.gitlens-13.3.1/dist/gitlens.js:1:991281)
    at ActionRunners._updateContextKeys (/home/devilunraveled/.vscode/extensions/eamodio.gitlens-13.3.1/dist/gitlens.js:1:12768)
    at s (/home/devilunraveled/.vscode/extensions/eamodio.gitlens-13.3.1/dist/gitlens.js:1:11187)
    at RegisteredActionRunner.unregister (/home/devilunraveled/.vscode/extensions/eamodio.gitlens-13.3.1/dist/gitlens.js:1:11331)
    at RegisteredActionRunner.dispose (/home/devilunraveled/.vscode/extensions/eamodio.gitlens-13.3.1/dist/gitlens.js:1:9993)
    at Object.dispose (/home/devilunraveled/.vscode/extensions/eamodio.gitlens-13.3.1/dist/gitlens.js:1:11428)
    at k (/var/lib/snapd/snap/code/121/usr/share/code/resources/app/out/vs/workbench/api/node/extensionHostProcess.js:10:12074)
    at f.X (/var/lib/snapd/snap/code/121/usr/share/code/resources/app/out/vs/workbench/api/node/extensionHostProcess.js:108:11284)
    at /var/lib/snapd/snap/code/121/usr/share/code/resources/app/out/vs/workbench/api/node/extensionHostProcess.js:108:9088
    at Array.map (<anonymous>)
    at f.Q (/var/lib/snapd/snap/code/121/usr/share/code/resources/app/out/vs/workbench/api/node/extensionHostProcess.js:108:9075)
    at f.terminate (/var/lib/snapd/snap/code/121/usr/share/code/resources/app/out/vs/workbench/api/node/extensionHostProcess.js:108:9347)
    at u.terminate (/var/lib/snapd/snap/code/121/usr/share/code/resources/app/out/vs/workbench/api/node/extensionHostProcess.js:112:1397)
    at p (/var/lib/snapd/snap/code/121/usr/share/code/resources/app/out/vs/workbench/api/node/extensionHostProcess.js:122:18592)
    at MessagePortMain.<anonymous> (/var/lib/snapd/snap/code/121/usr/share/code/resources/app/out/vs/workbench/api/node/extensionHostProcess.js:122:14731)
    at MessagePortMain.emit (node:events:526:28)
    at Object.MessagePortMain._internalPort.emit (node:electron/js2c/utility_init:5:364) setContext undefined
2023-03-11 15:45:36.935 [info] Extension host with pid 4803 exiting with code 0
2023-03-11 15:45:37.840 [info] Extension host with pid 5073 started
2023-03-11 15:45:37.840 [info] Skipping acquiring lock for /home/devilunraveled/.config/Code/User/workspaceStorage/639debceee6672fc0ff06ec475c026b8.
2023-03-11 15:45:37.905 [info] ExtensionService#_doActivateExtension vscode.emmet, startup: false, activationEvent: 'onLanguage'
2023-03-11 15:45:37.921 [info] ExtensionService#_doActivateExtension vscode.git-base, startup: true, activationEvent: '*'
2023-03-11 15:45:37.923 [info] ExtensionService#_doActivateExtension formulahendry.auto-close-tag, startup: true, activationEvent: '*'
2023-03-11 15:45:37.924 [info] ExtensionService#_doActivateExtension formulahendry.auto-rename-tag, startup: true, activationEvent: '*'
2023-03-11 15:45:37.934 [info] ExtensionService#_doActivateExtension vscodevim.vim, startup: true, activationEvent: '*'
2023-03-11 15:45:38.068 [info] ExtensionService#_doActivateExtension vscode.github, startup: true, activationEvent: '*'
2023-03-11 15:45:38.136 [info] ExtensionService#_doActivateExtension vscode.github-authentication, startup: false, activationEvent: 'onAuthenticationRequest:github'
2023-03-11 15:45:38.158 [info] Eager extensions activated
2023-03-11 15:45:38.235 [info] ExtensionService#_doActivateExtension vscode.debug-auto-launch, startup: false, activationEvent: 'onStartupFinished'
2023-03-11 15:45:38.237 [info] ExtensionService#_doActivateExtension vscode.merge-conflict, startup: false, activationEvent: 'onStartupFinished'
2023-03-11 15:45:38.256 [info] ExtensionService#_doActivateExtension alefragnani.Bookmarks, startup: false, activationEvent: 'onStartupFinished'
2023-03-11 15:45:38.268 [info] ExtensionService#_doActivateExtension alefragnani.project-manager, startup: false, activationEvent: 'onStartupFinished'
2023-03-11 15:45:38.283 [info] ExtensionService#_doActivateExtension dsznajder.es7-react-js-snippets, startup: false, activationEvent: 'onStartupFinished'
2023-03-11 15:45:38.434 [info] ExtensionService#_doActivateExtension eamodio.gitlens, startup: false, activationEvent: 'onStartupFinished'
2023-03-11 15:45:38.508 [info] ExtensionService#_doActivateExtension vscode.npm, startup: false, activationEvent: 'onStartupFinished', root cause: esbenp.prettier-vscode
2023-03-11 15:45:38.515 [info] ExtensionService#_doActivateExtension vscode-icons-team.vscode-icons, startup: false, activationEvent: 'onStartupFinished'
2023-03-11 15:45:38.707 [info] ExtensionService#_doActivateExtension vscode.microsoft-authentication, startup: false, activationEvent: 'onAuthenticationRequest:microsoft'
2023-03-11 15:45:38.758 [info] ExtensionService#_doActivateExtension esbenp.prettier-vscode, startup: false, activationEvent: 'onStartupFinished'
2023-03-11 15:45:41.412 [info] ExtensionService#_doActivateExtension vscode.git, startup: false, activationEvent: 'api', root cause: vscode.github
2023-03-11 15:45:41.498 [info] ExtensionService#_doActivateExtension aaron-bond.better-comments, startup: false, activationEvent: 'onStartupFinished'
2023-03-11 15:45:41.501 [info] ExtensionService#_doActivateExtension dbaeumer.vscode-eslint, startup: false, activationEvent: 'onStartupFinished'
2023-03-11 15:45:41.507 [info] ExtensionService#_doActivateExtension formulahendry.code-runner, startup: false, activationEvent: 'onStartupFinished'
2023-03-11 15:45:41.520 [info] ExtensionService#_doActivateExtension streetsidesoftware.code-spell-checker, startup: false, activationEvent: 'onStartupFinished'
2023-03-11 15:45:41.579 [info] ExtensionService#_doActivateExtension wayou.vscode-todo-highlight, startup: false, activationEvent: '*'
2023-03-11 15:46:06.725 [info] ExtensionService#_doActivateExtension vscode.typescript-language-features, startup: false, activationEvent: 'onLanguage:javascriptreact'
2023-03-11 15:48:42.179 [info] ExtensionService#_doActivateExtension vscode.simple-browser, startup: false, activationEvent: 'onOpenExternalUri:http'
2023-03-11 15:59:30.080 [info] ExtensionService#_doActivateExtension ms-azuretools.vscode-docker, startup: false, activationEvent: 'onLanguage:dockercompose'
2023-03-11 16:05:17.387 [info] Extension host terminating: renderer closed the MessagePort
2023-03-11 16:05:17.427 [error] Canceled: Canceled
    at new l (/var/lib/snapd/snap/code/121/usr/share/code/resources/app/out/vs/workbench/api/node/extensionHostProcess.js:96:88793)
    at a.O (/var/lib/snapd/snap/code/121/usr/share/code/resources/app/out/vs/workbench/api/node/extensionHostProcess.js:106:11260)
    at Proxy.V.<computed>.Q.charCodeAt.V.<computed> (/var/lib/snapd/snap/code/121/usr/share/code/resources/app/out/vs/workbench/api/node/extensionHostProcess.js:106:8550)
    at c.g (/var/lib/snapd/snap/code/121/usr/share/code/resources/app/out/vs/workbench/api/node/extensionHostProcess.js:96:108198)
    at c.executeCommand (/var/lib/snapd/snap/code/121/usr/share/code/resources/app/out/vs/workbench/api/node/extensionHostProcess.js:96:107574)
    at N.registerCommand.description (/var/lib/snapd/snap/code/121/usr/share/code/resources/app/out/vs/workbench/api/node/extensionHostProcess.js:96:106867)
    at c.h (/var/lib/snapd/snap/code/121/usr/share/code/resources/app/out/vs/workbench/api/node/extensionHostProcess.js:96:108784)
    at c.g (/var/lib/snapd/snap/code/121/usr/share/code/resources/app/out/vs/workbench/api/node/extensionHostProcess.js:96:107674)
    at c.executeCommand (/var/lib/snapd/snap/code/121/usr/share/code/resources/app/out/vs/workbench/api/node/extensionHostProcess.js:96:107574)
    at Object.executeCommand (/var/lib/snapd/snap/code/121/usr/share/code/resources/app/out/vs/workbench/api/node/extensionHostProcess.js:117:30781)
    at c (/home/devilunraveled/.vscode/extensions/eamodio.gitlens-13.3.2/dist/gitlens.js:1:978258)
    at ActionRunners._updateContextKeys (/home/devilunraveled/.vscode/extensions/eamodio.gitlens-13.3.2/dist/gitlens.js:1:7346)
    at r (/home/devilunraveled/.vscode/extensions/eamodio.gitlens-13.3.2/dist/gitlens.js:1:5765)
    at RegisteredActionRunner.unregister (/home/devilunraveled/.vscode/extensions/eamodio.gitlens-13.3.2/dist/gitlens.js:1:5909)
    at RegisteredActionRunner.dispose (/home/devilunraveled/.vscode/extensions/eamodio.gitlens-13.3.2/dist/gitlens.js:1:4574)
    at ActionRunners.dispose (/home/devilunraveled/.vscode/extensions/eamodio.gitlens-13.3.2/dist/gitlens.js:1:5351)
    at k (/var/lib/snapd/snap/code/121/usr/share/code/resources/app/out/vs/workbench/api/node/extensionHostProcess.js:10:12074)
    at f.X (/var/lib/snapd/snap/code/121/usr/share/code/resources/app/out/vs/workbench/api/node/extensionHostProcess.js:108:11284)
    at /var/lib/snapd/snap/code/121/usr/share/code/resources/app/out/vs/workbench/api/node/extensionHostProcess.js:108:9088
    at Array.map (<anonymous>)
    at f.Q (/var/lib/snapd/snap/code/121/usr/share/code/resources/app/out/vs/workbench/api/node/extensionHostProcess.js:108:9075)
    at f.terminate (/var/lib/snapd/snap/code/121/usr/share/code/resources/app/out/vs/workbench/api/node/extensionHostProcess.js:108:9347)
    at u.terminate (/var/lib/snapd/snap/code/121/usr/share/code/resources/app/out/vs/workbench/api/node/extensionHostProcess.js:112:1397)
    at p (/var/lib/snapd/snap/code/121/usr/share/code/resources/app/out/vs/workbench/api/node/extensionHostProcess.js:122:18592)
    at MessagePortMain.<anonymous> (/var/lib/snapd/snap/code/121/usr/share/code/resources/app/out/vs/workbench/api/node/extensionHostProcess.js:122:14731)
    at MessagePortMain.emit (node:events:526:28)
    at Object.MessagePortMain._internalPort.emit (node:electron/js2c/utility_init:5:364) setContext undefined
2023-03-11 16:05:17.427 [error] Canceled: Canceled
    at new l (/var/lib/snapd/snap/code/121/usr/share/code/resources/app/out/vs/workbench/api/node/extensionHostProcess.js:96:88793)
    at a.O (/var/lib/snapd/snap/code/121/usr/share/code/resources/app/out/vs/workbench/api/node/extensionHostProcess.js:106:11260)
    at Proxy.V.<computed>.Q.charCodeAt.V.<computed> (/var/lib/snapd/snap/code/121/usr/share/code/resources/app/out/vs/workbench/api/node/extensionHostProcess.js:106:8550)
    at c.g (/var/lib/snapd/snap/code/121/usr/share/code/resources/app/out/vs/workbench/api/node/extensionHostProcess.js:96:108198)
    at c.executeCommand (/var/lib/snapd/snap/code/121/usr/share/code/resources/app/out/vs/workbench/api/node/extensionHostProcess.js:96:107574)
    at N.registerCommand.description (/var/lib/snapd/snap/code/121/usr/share/code/resources/app/out/vs/workbench/api/node/extensionHostProcess.js:96:106867)
    at c.h (/var/lib/snapd/snap/code/121/usr/share/code/resources/app/out/vs/workbench/api/node/extensionHostProcess.js:96:108784)
    at c.g (/var/lib/snapd/snap/code/121/usr/share/code/resources/app/out/vs/workbench/api/node/extensionHostProcess.js:96:107674)
    at c.executeCommand (/var/lib/snapd/snap/code/121/usr/share/code/resources/app/out/vs/workbench/api/node/extensionHostProcess.js:96:107574)
    at Object.executeCommand (/var/lib/snapd/snap/code/121/usr/share/code/resources/app/out/vs/workbench/api/node/extensionHostProcess.js:117:30781)
    at c (/home/devilunraveled/.vscode/extensions/eamodio.gitlens-13.3.2/dist/gitlens.js:1:978258)
    at ActionRunners._updateContextKeys (/home/devilunraveled/.vscode/extensions/eamodio.gitlens-13.3.2/dist/gitlens.js:1:7346)
    at r (/home/devilunraveled/.vscode/extensions/eamodio.gitlens-13.3.2/dist/gitlens.js:1:5765)
    at RegisteredActionRunner.unregister (/home/devilunraveled/.vscode/extensions/eamodio.gitlens-13.3.2/dist/gitlens.js:1:5909)
    at RegisteredActionRunner.dispose (/home/devilunraveled/.vscode/extensions/eamodio.gitlens-13.3.2/dist/gitlens.js:1:4574)
    at ActionRunners.dispose (/home/devilunraveled/.vscode/extensions/eamodio.gitlens-13.3.2/dist/gitlens.js:1:5351)
    at k (/var/lib/snapd/snap/code/121/usr/share/code/resources/app/out/vs/workbench/api/node/extensionHostProcess.js:10:12074)
    at f.X (/var/lib/snapd/snap/code/121/usr/share/code/resources/app/out/vs/workbench/api/node/extensionHostProcess.js:108:11284)
    at /var/lib/snapd/snap/code/121/usr/share/code/resources/app/out/vs/workbench/api/node/extensionHostProcess.js:108:9088
    at Array.map (<anonymous>)
    at f.Q (/var/lib/snapd/snap/code/121/usr/share/code/resources/app/out/vs/workbench/api/node/extensionHostProcess.js:108:9075)
    at f.terminate (/var/lib/snapd/snap/code/121/usr/share/code/resources/app/out/vs/workbench/api/node/extensionHostProcess.js:108:9347)
    at u.terminate (/var/lib/snapd/snap/code/121/usr/share/code/resources/app/out/vs/workbench/api/node/extensionHostProcess.js:112:1397)
    at p (/var/lib/snapd/snap/code/121/usr/share/code/resources/app/out/vs/workbench/api/node/extensionHostProcess.js:122:18592)
    at MessagePortMain.<anonymous> (/var/lib/snapd/snap/code/121/usr/share/code/resources/app/out/vs/workbench/api/node/extensionHostProcess.js:122:14731)
    at MessagePortMain.emit (node:events:526:28)
    at Object.MessagePortMain._internalPort.emit (node:electron/js2c/utility_init:5:364) setContext undefined
2023-03-11 16:05:17.428 [error] Canceled: Canceled
    at new l (/var/lib/snapd/snap/code/121/usr/share/code/resources/app/out/vs/workbench/api/node/extensionHostProcess.js:96:88793)
    at a.O (/var/lib/snapd/snap/code/121/usr/share/code/resources/app/out/vs/workbench/api/node/extensionHostProcess.js:106:11260)
    at Proxy.V.<computed>.Q.charCodeAt.V.<computed> (/var/lib/snapd/snap/code/121/usr/share/code/resources/app/out/vs/workbench/api/node/extensionHostProcess.js:106:8550)
    at c.g (/var/lib/snapd/snap/code/121/usr/share/code/resources/app/out/vs/workbench/api/node/extensionHostProcess.js:96:108198)
    at c.executeCommand (/var/lib/snapd/snap/code/121/usr/share/code/resources/app/out/vs/workbench/api/node/extensionHostProcess.js:96:107574)
    at N.registerCommand.description (/var/lib/snapd/snap/code/121/usr/share/code/resources/app/out/vs/workbench/api/node/extensionHostProcess.js:96:106867)
    at c.h (/var/lib/snapd/snap/code/121/usr/share/code/resources/app/out/vs/workbench/api/node/extensionHostProcess.js:96:108784)
    at c.g (/var/lib/snapd/snap/code/121/usr/share/code/resources/app/out/vs/workbench/api/node/extensionHostProcess.js:96:107674)
    at c.executeCommand (/var/lib/snapd/snap/code/121/usr/share/code/resources/app/out/vs/workbench/api/node/extensionHostProcess.js:96:107574)
    at Object.executeCommand (/var/lib/snapd/snap/code/121/usr/share/code/resources/app/out/vs/workbench/api/node/extensionHostProcess.js:117:30781)
    at c (/home/devilunraveled/.vscode/extensions/eamodio.gitlens-13.3.2/dist/gitlens.js:1:978258)
    at ActionRunners._updateContextKeys (/home/devilunraveled/.vscode/extensions/eamodio.gitlens-13.3.2/dist/gitlens.js:1:7346)
    at r (/home/devilunraveled/.vscode/extensions/eamodio.gitlens-13.3.2/dist/gitlens.js:1:5765)
    at RegisteredActionRunner.unregister (/home/devilunraveled/.vscode/extensions/eamodio.gitlens-13.3.2/dist/gitlens.js:1:5909)
    at RegisteredActionRunner.dispose (/home/devilunraveled/.vscode/extensions/eamodio.gitlens-13.3.2/dist/gitlens.js:1:4574)
    at ActionRunners.dispose (/home/devilunraveled/.vscode/extensions/eamodio.gitlens-13.3.2/dist/gitlens.js:1:5351)
    at k (/var/lib/snapd/snap/code/121/usr/share/code/resources/app/out/vs/workbench/api/node/extensionHostProcess.js:10:12074)
    at f.X (/var/lib/snapd/snap/code/121/usr/share/code/resources/app/out/vs/workbench/api/node/extensionHostProcess.js:108:11284)
    at /var/lib/snapd/snap/code/121/usr/share/code/resources/app/out/vs/workbench/api/node/extensionHostProcess.js:108:9088
    at Array.map (<anonymous>)
    at f.Q (/var/lib/snapd/snap/code/121/usr/share/code/resources/app/out/vs/workbench/api/node/extensionHostProcess.js:108:9075)
    at f.terminate (/var/lib/snapd/snap/code/121/usr/share/code/resources/app/out/vs/workbench/api/node/extensionHostProcess.js:108:9347)
    at u.terminate (/var/lib/snapd/snap/code/121/usr/share/code/resources/app/out/vs/workbench/api/node/extensionHostProcess.js:112:1397)
    at p (/var/lib/snapd/snap/code/121/usr/share/code/resources/app/out/vs/workbench/api/node/extensionHostProcess.js:122:18592)
    at MessagePortMain.<anonymous> (/var/lib/snapd/snap/code/121/usr/share/code/resources/app/out/vs/workbench/api/node/extensionHostProcess.js:122:14731)
    at MessagePortMain.emit (node:events:526:28)
    at Object.MessagePortMain._internalPort.emit (node:electron/js2c/utility_init:5:364) setContext undefined
2023-03-11 16:05:17.428 [error] Canceled: Canceled
    at new l (/var/lib/snapd/snap/code/121/usr/share/code/resources/app/out/vs/workbench/api/node/extensionHostProcess.js:96:88793)
    at a.O (/var/lib/snapd/snap/code/121/usr/share/code/resources/app/out/vs/workbench/api/node/extensionHostProcess.js:106:11260)
    at Proxy.V.<computed>.Q.charCodeAt.V.<computed> (/var/lib/snapd/snap/code/121/usr/share/code/resources/app/out/vs/workbench/api/node/extensionHostProcess.js:106:8550)
    at c.g (/var/lib/snapd/snap/code/121/usr/share/code/resources/app/out/vs/workbench/api/node/extensionHostProcess.js:96:108198)
    at c.executeCommand (/var/lib/snapd/snap/code/121/usr/share/code/resources/app/out/vs/workbench/api/node/extensionHostProcess.js:96:107574)
    at N.registerCommand.description (/var/lib/snapd/snap/code/121/usr/share/code/resources/app/out/vs/workbench/api/node/extensionHostProcess.js:96:106867)
    at c.h (/var/lib/snapd/snap/code/121/usr/share/code/resources/app/out/vs/workbench/api/node/extensionHostProcess.js:96:108784)
    at c.g (/var/lib/snapd/snap/code/121/usr/share/code/resources/app/out/vs/workbench/api/node/extensionHostProcess.js:96:107674)
    at c.executeCommand (/var/lib/snapd/snap/code/121/usr/share/code/resources/app/out/vs/workbench/api/node/extensionHostProcess.js:96:107574)
    at Object.executeCommand (/var/lib/snapd/snap/code/121/usr/share/code/resources/app/out/vs/workbench/api/node/extensionHostProcess.js:117:30781)
    at c (/home/devilunraveled/.vscode/extensions/eamodio.gitlens-13.3.2/dist/gitlens.js:1:978258)
    at ActionRunners._updateContextKeys (/home/devilunraveled/.vscode/extensions/eamodio.gitlens-13.3.2/dist/gitlens.js:1:7346)
    at r (/home/devilunraveled/.vscode/extensions/eamodio.gitlens-13.3.2/dist/gitlens.js:1:5765)
    at RegisteredActionRunner.unregister (/home/devilunraveled/.vscode/extensions/eamodio.gitlens-13.3.2/dist/gitlens.js:1:5909)
    at RegisteredActionRunner.dispose (/home/devilunraveled/.vscode/extensions/eamodio.gitlens-13.3.2/dist/gitlens.js:1:4574)
    at Object.dispose (/home/devilunraveled/.vscode/extensions/eamodio.gitlens-13.3.2/dist/gitlens.js:1:6006)
    at k (/var/lib/snapd/snap/code/121/usr/share/code/resources/app/out/vs/workbench/api/node/extensionHostProcess.js:10:12074)
    at f.X (/var/lib/snapd/snap/code/121/usr/share/code/resources/app/out/vs/workbench/api/node/extensionHostProcess.js:108:11284)
    at /var/lib/snapd/snap/code/121/usr/share/code/resources/app/out/vs/workbench/api/node/extensionHostProcess.js:108:9088
    at Array.map (<anonymous>)
    at f.Q (/var/lib/snapd/snap/code/121/usr/share/code/resources/app/out/vs/workbench/api/node/extensionHostProcess.js:108:9075)
    at f.terminate (/var/lib/snapd/snap/code/121/usr/share/code/resources/app/out/vs/workbench/api/node/extensionHostProcess.js:108:9347)
    at u.terminate (/var/lib/snapd/snap/code/121/usr/share/code/resources/app/out/vs/workbench/api/node/extensionHostProcess.js:112:1397)
    at p (/var/lib/snapd/snap/code/121/usr/share/code/resources/app/out/vs/workbench/api/node/extensionHostProcess.js:122:18592)
    at MessagePortMain.<anonymous> (/var/lib/snapd/snap/code/121/usr/share/code/resources/app/out/vs/workbench/api/node/extensionHostProcess.js:122:14731)
    at MessagePortMain.emit (node:events:526:28)
    at Object.MessagePortMain._internalPort.emit (node:electron/js2c/utility_init:5:364) setContext undefined
2023-03-11 16:05:17.429 [error] Canceled: Canceled
    at new l (/var/lib/snapd/snap/code/121/usr/share/code/resources/app/out/vs/workbench/api/node/extensionHostProcess.js:96:88793)
    at a.O (/var/lib/snapd/snap/code/121/usr/share/code/resources/app/out/vs/workbench/api/node/extensionHostProcess.js:106:11260)
    at Proxy.V.<computed>.Q.charCodeAt.V.<computed> (/var/lib/snapd/snap/code/121/usr/share/code/resources/app/out/vs/workbench/api/node/extensionHostProcess.js:106:8550)
    at c.g (/var/lib/snapd/snap/code/121/usr/share/code/resources/app/out/vs/workbench/api/node/extensionHostProcess.js:96:108198)
    at c.executeCommand (/var/lib/snapd/snap/code/121/usr/share/code/resources/app/out/vs/workbench/api/node/extensionHostProcess.js:96:107574)
    at N.registerCommand.description (/var/lib/snapd/snap/code/121/usr/share/code/resources/app/out/vs/workbench/api/node/extensionHostProcess.js:96:106867)
    at c.h (/var/lib/snapd/snap/code/121/usr/share/code/resources/app/out/vs/workbench/api/node/extensionHostProcess.js:96:108784)
    at c.g (/var/lib/snapd/snap/code/121/usr/share/code/resources/app/out/vs/workbench/api/node/extensionHostProcess.js:96:107674)
    at c.executeCommand (/var/lib/snapd/snap/code/121/usr/share/code/resources/app/out/vs/workbench/api/node/extensionHostProcess.js:96:107574)
    at Object.executeCommand (/var/lib/snapd/snap/code/121/usr/share/code/resources/app/out/vs/workbench/api/node/extensionHostProcess.js:117:30781)
    at c (/home/devilunraveled/.vscode/extensions/eamodio.gitlens-13.3.2/dist/gitlens.js:1:978258)
    at ActionRunners._updateContextKeys (/home/devilunraveled/.vscode/extensions/eamodio.gitlens-13.3.2/dist/gitlens.js:1:7346)
    at r (/home/devilunraveled/.vscode/extensions/eamodio.gitlens-13.3.2/dist/gitlens.js:1:5765)
    at RegisteredActionRunner.unregister (/home/devilunraveled/.vscode/extensions/eamodio.gitlens-13.3.2/dist/gitlens.js:1:5909)
    at RegisteredActionRunner.dispose (/home/devilunraveled/.vscode/extensions/eamodio.gitlens-13.3.2/dist/gitlens.js:1:4574)
    at Object.dispose (/home/devilunraveled/.vscode/extensions/eamodio.gitlens-13.3.2/dist/gitlens.js:1:6006)
    at k (/var/lib/snapd/snap/code/121/usr/share/code/resources/app/out/vs/workbench/api/node/extensionHostProcess.js:10:12074)
    at f.X (/var/lib/snapd/snap/code/121/usr/share/code/resources/app/out/vs/workbench/api/node/extensionHostProcess.js:108:11284)
    at /var/lib/snapd/snap/code/121/usr/share/code/resources/app/out/vs/workbench/api/node/extensionHostProcess.js:108:9088
    at Array.map (<anonymous>)
    at f.Q (/var/lib/snapd/snap/code/121/usr/share/code/resources/app/out/vs/workbench/api/node/extensionHostProcess.js:108:9075)
    at f.terminate (/var/lib/snapd/snap/code/121/usr/share/code/resources/app/out/vs/workbench/api/node/extensionHostProcess.js:108:9347)
    at u.terminate (/var/lib/snapd/snap/code/121/usr/share/code/resources/app/out/vs/workbench/api/node/extensionHostProcess.js:112:1397)
    at p (/var/lib/snapd/snap/code/121/usr/share/code/resources/app/out/vs/workbench/api/node/extensionHostProcess.js:122:18592)
    at MessagePortMain.<anonymous> (/var/lib/snapd/snap/code/121/usr/share/code/resources/app/out/vs/workbench/api/node/extensionHostProcess.js:122:14731)
    at MessagePortMain.emit (node:events:526:28)
    at Object.MessagePortMain._internalPort.emit (node:electron/js2c/utility_init:5:364) setContext undefined
2023-03-11 16:05:17.429 [error] Canceled: Canceled
    at new l (/var/lib/snapd/snap/code/121/usr/share/code/resources/app/out/vs/workbench/api/node/extensionHostProcess.js:96:88793)
    at a.O (/var/lib/snapd/snap/code/121/usr/share/code/resources/app/out/vs/workbench/api/node/extensionHostProcess.js:106:11260)
    at Proxy.V.<computed>.Q.charCodeAt.V.<computed> (/var/lib/snapd/snap/code/121/usr/share/code/resources/app/out/vs/workbench/api/node/extensionHostProcess.js:106:8550)
    at c.g (/var/lib/snapd/snap/code/121/usr/share/code/resources/app/out/vs/workbench/api/node/extensionHostProcess.js:96:108198)
    at c.executeCommand (/var/lib/snapd/snap/code/121/usr/share/code/resources/app/out/vs/workbench/api/node/extensionHostProcess.js:96:107574)
    at N.registerCommand.description (/var/lib/snapd/snap/code/121/usr/share/code/resources/app/out/vs/workbench/api/node/extensionHostProcess.js:96:106867)
    at c.h (/var/lib/snapd/snap/code/121/usr/share/code/resources/app/out/vs/workbench/api/node/extensionHostProcess.js:96:108784)
    at c.g (/var/lib/snapd/snap/code/121/usr/share/code/resources/app/out/vs/workbench/api/node/extensionHostProcess.js:96:107674)
    at c.executeCommand (/var/lib/snapd/snap/code/121/usr/share/code/resources/app/out/vs/workbench/api/node/extensionHostProcess.js:96:107574)
    at Object.executeCommand (/var/lib/snapd/snap/code/121/usr/share/code/resources/app/out/vs/workbench/api/node/extensionHostProcess.js:117:30781)
    at c (/home/devilunraveled/.vscode/extensions/eamodio.gitlens-13.3.2/dist/gitlens.js:1:978258)
    at ActionRunners._updateContextKeys (/home/devilunraveled/.vscode/extensions/eamodio.gitlens-13.3.2/dist/gitlens.js:1:7346)
    at r (/home/devilunraveled/.vscode/extensions/eamodio.gitlens-13.3.2/dist/gitlens.js:1:5765)
    at RegisteredActionRunner.unregister (/home/devilunraveled/.vscode/extensions/eamodio.gitlens-13.3.2/dist/gitlens.js:1:5909)
    at RegisteredActionRunner.dispose (/home/devilunraveled/.vscode/extensions/eamodio.gitlens-13.3.2/dist/gitlens.js:1:4574)
    at Object.dispose (/home/devilunraveled/.vscode/extensions/eamodio.gitlens-13.3.2/dist/gitlens.js:1:6006)
    at k (/var/lib/snapd/snap/code/121/usr/share/code/resources/app/out/vs/workbench/api/node/extensionHostProcess.js:10:12074)
    at f.X (/var/lib/snapd/snap/code/121/usr/share/code/resources/app/out/vs/workbench/api/node/extensionHostProcess.js:108:11284)
    at /var/lib/snapd/snap/code/121/usr/share/code/resources/app/out/vs/workbench/api/node/extensionHostProcess.js:108:9088
    at Array.map (<anonymous>)
    at f.Q (/var/lib/snapd/snap/code/121/usr/share/code/resources/app/out/vs/workbench/api/node/extensionHostProcess.js:108:9075)
    at f.terminate (/var/lib/snapd/snap/code/121/usr/share/code/resources/app/out/vs/workbench/api/node/extensionHostProcess.js:108:9347)
    at u.terminate (/var/lib/snapd/snap/code/121/usr/share/code/resources/app/out/vs/workbench/api/node/extensionHostProcess.js:112:1397)
    at p (/var/lib/snapd/snap/code/121/usr/share/code/resources/app/out/vs/workbench/api/node/extensionHostProcess.js:122:18592)
    at MessagePortMain.<anonymous> (/var/lib/snapd/snap/code/121/usr/share/code/resources/app/out/vs/workbench/api/node/extensionHostProcess.js:122:14731)
    at MessagePortMain.emit (node:events:526:28)
    at Object.MessagePortMain._internalPort.emit (node:electron/js2c/utility_init:5:364) setContext undefined
2023-03-11 16:05:17.456 [info] Extension host with pid 5073 exiting with code 0
