2023-10-16T17:16:41.003Z 0: 

----------------------------------------------
2023-10-16T17:16:41.039Z 1: Discord starting: {"releaseChannel":"stable","version":"0.0.31"}, modulepath: /home/devilunraveled/.config/discord/0.0.31/modules
2023-10-16T17:16:41.046Z 2: ✅ webContents.created web1 ""
2023-10-16T17:16:41.065Z 3: ✅ window.created win1 "discord"
2023-10-16T17:16:41.238Z 4: ✅ webContents.did-finish-load web1
2023-10-16T17:16:53.102Z 5: ✅ webContents.created web2 ""
2023-10-16T17:16:53.162Z 6: ✅ window.created win2 "Discord"
2023-10-16T17:16:55.115Z 7: ✅ webContents.did-finish-load web2
2023-10-16T17:16:55.215Z 8: window.close win1
2023-10-16T17:16:55.284Z 9: webContents.destroyed web1
2023-10-16T17:16:55.288Z 10: window.closed win1
2023-10-16T18:57:06.228Z 11: window.close win2
2023-10-16T20:59:21.354Z 12: window.close win2
2023-10-17T17:49:17.236Z 0: 

----------------------------------------------
2023-10-17T17:49:17.298Z 1: Discord starting: {"releaseChannel":"stable","version":"0.0.31"}, modulepath: /home/devilunraveled/.config/discord/0.0.31/modules
2023-10-17T17:49:17.304Z 2: ✅ webContents.created web1 ""
2023-10-17T17:49:17.309Z 3: ✅ window.created win1 "discord"
2023-10-17T17:49:17.467Z 4: ✅ webContents.did-finish-load web1
2023-10-17T17:49:17.753Z 5: ✅ webContents.created web2 ""
2023-10-17T17:49:17.784Z 6: ✅ window.created win2 "Discord"
2023-10-17T17:49:21.310Z 7: ✅ webContents.did-finish-load web2
2023-10-17T17:49:21.410Z 8: window.close win1
2023-10-17T17:49:21.467Z 9: webContents.destroyed web1
2023-10-17T17:49:21.473Z 10: window.closed win1
2023-10-17T17:52:15.721Z 11: window.close win2
2023-10-18T17:10:23.285Z 0: 

----------------------------------------------
2023-10-18T17:10:23.322Z 1: Discord starting: {"releaseChannel":"stable","version":"0.0.31"}, modulepath: /home/devilunraveled/.config/discord/0.0.31/modules
2023-10-18T17:10:23.334Z 2: ✅ webContents.created web1 ""
2023-10-18T17:10:23.338Z 3: ✅ window.created win1 "discord"
2023-10-18T17:10:23.577Z 4: ✅ webContents.did-finish-load web1
2023-10-18T17:10:24.145Z 5: ✅ webContents.created web2 ""
2023-10-18T17:10:24.160Z 6: ✅ window.created win2 "Discord"
2023-10-18T17:10:27.800Z 7: ✅ webContents.did-finish-load web2
2023-10-18T17:10:27.896Z 8: window.close win1
2023-10-18T17:10:27.911Z 9: webContents.destroyed web1
2023-10-18T17:10:27.914Z 10: window.closed win1
2023-10-18T17:53:21.085Z 11: window.close win2
2023-10-18T17:53:22.439Z 12: window.close win2
2023-10-21T17:56:51.388Z 0: 

----------------------------------------------
2023-10-21T17:56:51.442Z 1: Discord starting: {"releaseChannel":"stable","version":"0.0.31"}, modulepath: /home/devilunraveled/.config/discord/0.0.31/modules
2023-10-21T17:56:51.453Z 2: ✅ webContents.created web1 ""
2023-10-21T17:56:51.460Z 3: ✅ window.created win1 "discord"
2023-10-21T17:56:51.693Z 4: ✅ webContents.did-finish-load web1
2023-10-21T17:56:52.183Z 5: ✅ webContents.created web2 ""
2023-10-21T17:56:52.214Z 6: ✅ window.created win2 "Discord"
2023-10-21T17:56:55.793Z 7: ✅ webContents.did-finish-load web2
2023-10-21T17:56:55.893Z 8: window.close win1
2023-10-21T17:56:55.908Z 9: webContents.destroyed web1
2023-10-21T17:56:55.911Z 10: window.closed win1
2023-10-21T18:49:20.821Z 11: window.close win2
2023-10-21T19:50:22.511Z 12: window.close win2
2023-10-22T18:07:49.439Z 0: 

----------------------------------------------
2023-10-22T18:07:49.502Z 1: Discord starting: {"releaseChannel":"stable","version":"0.0.31"}, modulepath: /home/devilunraveled/.config/discord/0.0.31/modules
2023-10-22T18:07:49.508Z 2: ✅ webContents.created web1 ""
2023-10-22T18:07:49.513Z 3: ✅ window.created win1 "discord"
2023-10-22T18:07:49.767Z 4: ✅ webContents.did-finish-load web1
2023-10-22T18:07:50.280Z 5: ✅ webContents.created web2 ""
2023-10-22T18:07:50.293Z 6: ✅ window.created win2 "Discord"
2023-10-22T18:07:53.734Z 7: ✅ webContents.did-finish-load web2
2023-10-22T18:07:53.836Z 8: window.close win1
2023-10-22T18:07:53.849Z 9: webContents.destroyed web1
2023-10-22T18:07:53.853Z 10: window.closed win1
2023-10-22T18:26:33.183Z 11: window.close win2
2023-10-22T18:26:35.098Z 12: window.close win2
