2023-03-27 23:15:29.032 [info] Added views:workbench.panel.markers.view in workbench.panel.markers
2023-03-27 23:15:29.032 [info] Added views:workbench.panel.output in workbench.panel.output
2023-03-27 23:15:29.032 [info] Added views:terminal in terminal
2023-03-27 23:15:29.032 [info] Added views:outline in workbench.view.explorer
2023-03-27 23:15:29.032 [info] Added views:workbench.scm in workbench.view.scm
2023-03-27 23:15:29.032 [info] Added views:workbench.view.search in workbench.view.search
2023-03-27 23:15:29.032 [info] Added views:timeline in workbench.view.explorer
2023-03-27 23:15:29.032 [info] Added views:workbench.explorer.emptyView in workbench.view.explorer
2023-03-27 23:15:29.214 [info] Added views:workbench.debug.variablesView,workbench.debug.watchExpressionsView,workbench.debug.callStackView,workbench.debug.breakPointsView in workbench.view.debug
2023-03-27 23:15:29.475 [info] Added views:bookmarksExplorer,bookmarksHelpAndFeedback in workbench.view.extension.bookmarks
2023-03-27 23:15:29.475 [info] Added views:projectsExplorerFavorites,projectManagerHelpAndFeedback in workbench.view.extension.project-manager
2023-03-27 23:15:29.476 [info] Added views:gitlens.views.home,gitlens.views.contributors in workbench.view.extension.gitlens
2023-03-27 23:15:29.476 [info] Added views:gitlens.views.commits,gitlens.views.commitDetails,gitlens.views.fileHistory,gitlens.views.branches,gitlens.views.remotes,gitlens.views.stashes,gitlens.views.tags,gitlens.views.searchAndCompare in workbench.view.scm
2023-03-27 23:15:29.477 [info] Added views:dockerContainers,dockerImages,dockerRegistries,dockerNetworks,dockerVolumes,vscode-docker.views.dockerContexts,vscode-docker.views.help in workbench.view.extension.dockerView
2023-03-27 23:15:29.706 [info] Added views:workbench.panel.repl.view in workbench.panel.repl
2023-03-27 23:15:29.707 [info] Removed views:workbench.debug.breakPointsView,workbench.debug.callStackView,workbench.debug.watchExpressionsView,workbench.debug.variablesView from workbench.view.debug
2023-03-27 23:15:29.708 [info] Added views:workbench.debug.welcome in workbench.view.debug
2023-03-27 23:15:30.510 [info] Added views:projectsExplorerGit in workbench.view.extension.project-manager
2023-03-27 23:15:30.554 [info] Removed views:gitlens.views.searchAndCompare,gitlens.views.tags,gitlens.views.stashes,gitlens.views.remotes,gitlens.views.branches,gitlens.views.fileHistory,gitlens.views.commitDetails,gitlens.views.commits from workbench.view.scm
2023-03-27 23:15:30.555 [info] Removed views:gitlens.views.contributors from workbench.view.extension.gitlens
2023-03-27 23:15:30.688 [info] Added views:gitlens.views.contributors in workbench.view.extension.gitlens
2023-03-27 23:15:30.689 [info] Added views:gitlens.views.commits,gitlens.views.commitDetails,gitlens.views.fileHistory,gitlens.views.branches,gitlens.views.remotes,gitlens.views.stashes,gitlens.views.tags,gitlens.views.searchAndCompare in workbench.view.scm
2023-03-27 23:15:31.942 [info] Added views:gitlens.views.timeline in workbench.view.extension.gitlensPanel
2023-03-27 23:15:31.942 [info] Added views:gitlens.views.worktrees in workbench.view.scm
2023-03-27 23:15:37.886 [info] Added views:workbench.views.extensions.installed,workbench.views.extensions.popular,extensions.recommendedList in workbench.view.extensions
2023-03-27 23:15:37.889 [info] Removed views:workbench.views.extensions.popular from workbench.view.extensions
2023-03-27 23:15:38.536 [info] Removed views:extensions.recommendedList,workbench.views.extensions.installed from workbench.view.extensions
2023-03-27 23:15:38.564 [info] Added views:workbench.views.extensions.marketplace in workbench.view.extensions
2023-03-27 23:15:46.525 [info] Added views:targetsContainers,devVolumes in workbench.view.remote
