2023-04-25 09:12:09.487 [warning] Via 'product.json#extensionEnabledApiProposals' extension 'ms-vscode.vscode-selfhost-test-provider' wants API proposal 'testContinuousRun' but that proposal DOES NOT EXIST. Likely, the proposal has been finalized (check 'vscode.d.ts') or was abandoned.
2023-04-25 09:12:09.495 [warning] Via 'product.json#extensionEnabledApiProposals' extension 'ms-vscode.remote-repositories' wants API proposal 'contribEditorGutterMenu' but that proposal DOES NOT EXIST. Likely, the proposal has been finalized (check 'vscode.d.ts') or was abandoned.
2023-04-25 09:12:09.495 [warning] Via 'product.json#extensionEnabledApiProposals' extension 'github.vscode-pull-request-github' wants API proposal 'contribEditorGutterMenu' but that proposal DOES NOT EXIST. Likely, the proposal has been finalized (check 'vscode.d.ts') or was abandoned.
2023-04-25 09:12:09.495 [warning] Via 'product.json#extensionEnabledApiProposals' extension 'ms-toolsai.jupyter' wants API proposal 'notebookControllerKind' but that proposal DOES NOT EXIST. Likely, the proposal has been finalized (check 'vscode.d.ts') or was abandoned.
2023-04-25 09:12:10.068 [error] Extension 'tabnine.tabnine-vscode' wants API proposal 'inlineCompletions' but that proposal DOES NOT EXIST. Likely, the proposal has been finalized (check 'vscode.d.ts') or was abandoned.
2023-04-25 09:12:11.089 [error] [Extension Host] (node:2030) [DEP0005] DeprecationWarning: Buffer() is deprecated due to security and usability issues. Please use the Buffer.alloc(), Buffer.allocUnsafe(), or Buffer.from() methods instead.
(Use `exe --trace-deprecation ...` to show where the warning was created)
2023-04-25 09:12:12.992 [info] [perf] Render performance baseline is 190ms
2023-04-25 09:12:14.449 [error] [Extension Host] Error: Binary request timed out. {"State":{}}
    at Timeout._onTimeout (/home/devilunraveled/.vscode/extensions/tabnine.tabnine-vscode-3.6.45/out/extension.js:17:33113)
    at listOnTimeout (node:internal/timers:559:17)
    at processTimers (node:internal/timers:502:7)
2023-04-25 09:13:12.712 [error] [Extension Host] Error: Binary request timed out. {"Autocomplete":{"filename":"/home/devilunraveled/Projects/DASS/Product Labs/DASS2k23-Team-5/backend/.env","before":"BOT_API='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'\nORG_API='org-OxzUWIRt3quzunKrH1rCCPRa'\nTWILIO_ACCOUNT_SID='AC87e2b8b932916de9013dfb685c767ea0'\nTWILIO_AUTH_TOKEN='ae9b21f86ca8575fd9732e32b5c6ce3f'\nMONGODB_URL='mongodb+srv://hardiksharma:sSNnnUWowcn5Pfwt@userdata.7ybyykl.mongodb.net/?retryWrites=true&w=majority'\nPORT=4000\nTRANSLATION_TOKEN='","after":"\n'eyJ4NXQiOiJZV1kxTm1Sa1pHSTVNekU0T0RCbFpEUmlNV0k0WldKbE5qRXhaV1ZpWmpFek1tTm1ORFUzWVEiLCJraWQiOiJNV1E1TldVd1lXWmlNbU16WlRJek16ZG1NekJoTVdNNFlqUXlNalZoTldNNE5qaGtNR1JtTnpGbE1HSTNaRGxtWW1Rek5tRXlNemhoWWpCaU5tWmhZd19SUzI1NiIsImFsZyI6IlJTMjU2In0.eyJzdWIiOiI5YzkzMDQ3YS0zOTllLTRjNTgtOTUyOS00MDc2ZmRhNDBhNzQiLCJhdXQiOiJBUFBMSUNBVElPTiIsImF1ZCI6InBHZUg1UzJhNDV2TkdnVTl4QnFNZWpjSEpKa2EiLCJuYmYiOjE2ODIzNjAzMjAsImF6cCI6InBHZUg1UzJhNDV2TkdnVTl4QnFNZWpjSEpKa2EiLCJzY29wZSI6ImRlZmF1bHQiLCJvcmdhbml6YXRpb24iOnsidXVpZCI6IjExZmMwNDY4LTY0NGMtNGNjNi1iZTdkLTQ2YjViZmZjZDkxNCJ9LCJpc3MiOiJodHRwczpcL1wvc3RzLmNob3Jlby5kZXY6NDQzXC9vYXV0aDJcL3Rva2VuIiwiZXhwIjoxNjgyMzYzOTIwLCJpYXQiOjE2ODIzNjAzMjAsImp0aSI6ImZiYzFjMDkyLTVjY2QtNDAyNS05YjUyLTVkYWVhYTJkOWI0YiJ9.AwkH1b7J9Mmqo6XheJZxRySMZosJ8zJh5n8VNAn_7rlG5Utdh38cGQreE65IHgRmjzJTHiceRmS4ftoxz0I1S_NX816yhd0RRZpVa2fX0HG8ciQLQsA3AhpdZSrT2OhaKooPzTzc0XBmD-Mw0nylOWAtAJyp_Io9PnTM05C7pzg8PDOAk003wNJ3F6Ab2JGwlIKm6GmA8FCVDfho5o0k06SgvhAKaTypjwSqXwEUZhhE9875cXkPBdPDhqdPvGFoPoCn1M-WRGL9G3A71yIknxJSQS2j6VmoBWsLQe16IzD18fK_b8fnsEoRu10TYN4gX7HBMrSbSnWCLzwgyq0QxpOCHj3TVnN3m2y_47ubNCW6ihu0oqtS3pnjNp3WFLbTwrLgcsK4M0tALm2rqkTQlicuQrAEpcqEOrPuJXvnxUfmXWYvGIL5mYc5wIHaLhpMaoXakH6nLzXBhiE2hiZJYIr8EzRg29N_SkbPjfkfqJq0avN2RgP431wiHVT8imMIAVR2ShxvtJU0NTXi0L98kaOeBSPU-e3cp4kdFEPHSjESkdbi7Awkb0jtLQngC5ikzcyGHPUSgFXNn5DOA3loAZlhRO-7LeW-v4kp1IqFx7fz3kvBnGquS-hv1RR0eqA8HvH-KXm0_AGJEPUEKMO5g-uinjsMkjRePbSfqz4-CAM'","region_includes_beginning":true,"region_includes_end":true,"max_num_results":5,"offset":355,"line":6,"character":19,"indentation_size":4}}
    at Timeout._onTimeout (/home/devilunraveled/.vscode/extensions/tabnine.tabnine-vscode-3.6.45/out/extension.js:17:33113)
    at listOnTimeout (node:internal/timers:559:17)
    at processTimers (node:internal/timers:502:7)
2023-04-25 09:13:13.719 [error] [Extension Host] Error: Binary request timed out. {"Autocomplete":{"filename":"/home/devilunraveled/Projects/DASS/Product Labs/DASS2k23-Team-5/backend/.env","before":"BOT_API='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'\nORG_API='org-OxzUWIRt3quzunKrH1rCCPRa'\nTWILIO_ACCOUNT_SID='AC87e2b8b932916de9013dfb685c767ea0'\nTWILIO_AUTH_TOKEN='ae9b21f86ca8575fd9732e32b5c6ce3f'\nMONGODB_URL='mongodb+srv://hardiksharma:sSNnnUWowcn5Pfwt@userdata.7ybyykl.mongodb.net/?retryWrites=true&w=majority'\nPORT=4000\nTRANSLATION_TOKEN=''","after":"\n'eyJ4NXQiOiJZV1kxTm1Sa1pHSTVNekU0T0RCbFpEUmlNV0k0WldKbE5qRXhaV1ZpWmpFek1tTm1ORFUzWVEiLCJraWQiOiJNV1E1TldVd1lXWmlNbU16WlRJek16ZG1NekJoTVdNNFlqUXlNalZoTldNNE5qaGtNR1JtTnpGbE1HSTNaRGxtWW1Rek5tRXlNemhoWWpCaU5tWmhZd19SUzI1NiIsImFsZyI6IlJTMjU2In0.eyJzdWIiOiI5YzkzMDQ3YS0zOTllLTRjNTgtOTUyOS00MDc2ZmRhNDBhNzQiLCJhdXQiOiJBUFBMSUNBVElPTiIsImF1ZCI6InBHZUg1UzJhNDV2TkdnVTl4QnFNZWpjSEpKa2EiLCJuYmYiOjE2ODIzNjAzMjAsImF6cCI6InBHZUg1UzJhNDV2TkdnVTl4QnFNZWpjSEpKa2EiLCJzY29wZSI6ImRlZmF1bHQiLCJvcmdhbml6YXRpb24iOnsidXVpZCI6IjExZmMwNDY4LTY0NGMtNGNjNi1iZTdkLTQ2YjViZmZjZDkxNCJ9LCJpc3MiOiJodHRwczpcL1wvc3RzLmNob3Jlby5kZXY6NDQzXC9vYXV0aDJcL3Rva2VuIiwiZXhwIjoxNjgyMzYzOTIwLCJpYXQiOjE2ODIzNjAzMjAsImp0aSI6ImZiYzFjMDkyLTVjY2QtNDAyNS05YjUyLTVkYWVhYTJkOWI0YiJ9.AwkH1b7J9Mmqo6XheJZxRySMZosJ8zJh5n8VNAn_7rlG5Utdh38cGQreE65IHgRmjzJTHiceRmS4ftoxz0I1S_NX816yhd0RRZpVa2fX0HG8ciQLQsA3AhpdZSrT2OhaKooPzTzc0XBmD-Mw0nylOWAtAJyp_Io9PnTM05C7pzg8PDOAk003wNJ3F6Ab2JGwlIKm6GmA8FCVDfho5o0k06SgvhAKaTypjwSqXwEUZhhE9875cXkPBdPDhqdPvGFoPoCn1M-WRGL9G3A71yIknxJSQS2j6VmoBWsLQe16IzD18fK_b8fnsEoRu10TYN4gX7HBMrSbSnWCLzwgyq0QxpOCHj3TVnN3m2y_47ubNCW6ihu0oqtS3pnjNp3WFLbTwrLgcsK4M0tALm2rqkTQlicuQrAEpcqEOrPuJXvnxUfmXWYvGIL5mYc5wIHaLhpMaoXakH6nLzXBhiE2hiZJYIr8EzRg29N_SkbPjfkfqJq0avN2RgP431wiHVT8imMIAVR2ShxvtJU0NTXi0L98kaOeBSPU-e3cp4kdFEPHSjESkdbi7Awkb0jtLQngC5ikzcyGHPUSgFXNn5DOA3loAZlhRO-7LeW-v4kp1IqFx7fz3kvBnGquS-hv1RR0eqA8HvH-KXm0_AGJEPUEKMO5g-uinjsMkjRePbSfqz4-CAM'","region_includes_beginning":true,"region_includes_end":true,"max_num_results":5,"offset":356,"line":6,"character":20,"indentation_size":4}}
    at Timeout._onTimeout (/home/devilunraveled/.vscode/extensions/tabnine.tabnine-vscode-3.6.45/out/extension.js:17:33113)
    at listOnTimeout (node:internal/timers:559:17)
    at processTimers (node:internal/timers:502:7)
2023-04-25 09:13:14.717 [error] [Extension Host] Error: Binary request timed out. {"State":{}}
    at Timeout._onTimeout (/home/devilunraveled/.vscode/extensions/tabnine.tabnine-vscode-3.6.45/out/extension.js:17:33113)
    at listOnTimeout (node:internal/timers:559:17)
    at processTimers (node:internal/timers:502:7)
2023-04-25 09:13:15.718 [error] [Extension Host] Error: Binary request timed out. {"Notifications":{}}
    at Timeout._onTimeout (/home/devilunraveled/.vscode/extensions/tabnine.tabnine-vscode-3.6.45/out/extension.js:17:33113)
    at listOnTimeout (node:internal/timers:559:17)
    at processTimers (node:internal/timers:502:7)
2023-04-25 09:13:54.448 [error] [Extension Host] Error: Binary request timed out. {"State":{}}
    at Timeout._onTimeout (/home/devilunraveled/.vscode/extensions/tabnine.tabnine-vscode-3.6.45/out/extension.js:17:33113)
    at listOnTimeout (node:internal/timers:559:17)
    at processTimers (node:internal/timers:502:7)
2023-04-25 09:13:55.449 [error] [Extension Host] Error: Binary request timed out. {"Notifications":{}}
    at Timeout._onTimeout (/home/devilunraveled/.vscode/extensions/tabnine.tabnine-vscode-3.6.45/out/extension.js:17:33113)
    at listOnTimeout (node:internal/timers:559:17)
    at processTimers (node:internal/timers:502:7)
2023-04-25 09:20:52.409 [info] Webgl lost context, disposing of webgl renderer
2023-04-25 09:20:55.175 [error] [Extension Host] Error: Binary request timed out. {"Features":{}}
    at Timeout._onTimeout (/home/devilunraveled/.vscode/extensions/tabnine.tabnine-vscode-3.6.45/out/extension.js:17:33113)
    at listOnTimeout (node:internal/timers:559:17)
    at processTimers (node:internal/timers:502:7)
2023-04-25 09:20:55.177 [error] [Extension Host] Error: Could not get enabled capabilities
    at Object.t.getCapabilities (/home/devilunraveled/.vscode/extensions/tabnine.tabnine-vscode-3.6.45/out/extension.js:17:44691)
    at l (/home/devilunraveled/.vscode/extensions/tabnine.tabnine-vscode-3.6.45/out/extension.js:17:52726)
2023-04-25 09:20:56.181 [error] [Extension Host] Error: Binary request timed out. {"State":{}}
    at Timeout._onTimeout (/home/devilunraveled/.vscode/extensions/tabnine.tabnine-vscode-3.6.45/out/extension.js:17:33113)
    at listOnTimeout (node:internal/timers:559:17)
    at processTimers (node:internal/timers:502:7)
