2023-04-25 09:12:09.801 [info] Added views:workbench.panel.markers.view in workbench.panel.markers
2023-04-25 09:12:09.801 [info] Added views:workbench.panel.output in workbench.panel.output
2023-04-25 09:12:09.801 [info] Added views:terminal in terminal
2023-04-25 09:12:09.801 [info] Added views:outline in workbench.view.explorer
2023-04-25 09:12:09.801 [info] Added views:workbench.scm in workbench.view.scm
2023-04-25 09:12:09.801 [info] Added views:workbench.view.search in workbench.view.search
2023-04-25 09:12:09.801 [info] Added views:timeline in workbench.view.explorer
2023-04-25 09:12:09.801 [info] Added views:workbench.explorer.fileView in workbench.view.explorer
2023-04-25 09:12:10.005 [info] Added views:workbench.debug.welcome in workbench.view.debug
2023-04-25 09:12:10.216 [info] Added views:bookmarksExplorer,bookmarksHelpAndFeedback in workbench.view.extension.bookmarks
2023-04-25 09:12:10.217 [info] Added views:projectsExplorerFavorites,projectManagerHelpAndFeedback in workbench.view.extension.project-manager
2023-04-25 09:12:10.218 [info] Added views:gitlens.views.home,gitlens.views.contributors in workbench.view.extension.gitlens
2023-04-25 09:12:10.218 [info] Added views:gitlens.views.commits,gitlens.views.commitDetails,gitlens.views.fileHistory,gitlens.views.branches,gitlens.views.remotes,gitlens.views.stashes,gitlens.views.tags,gitlens.views.searchAndCompare in workbench.view.scm
2023-04-25 09:12:10.219 [info] Added views:mongoDBConnectionExplorer,mongoDBPlaygroundsExplorer,mongoDBHelpExplorer in workbench.view.extension.mongoDB
2023-04-25 09:12:10.220 [info] Added views:dockerContainers,dockerImages,dockerRegistries,dockerNetworks,dockerVolumes,vscode-docker.views.dockerContexts,vscode-docker.views.help in workbench.view.extension.dockerView
2023-04-25 09:12:10.220 [info] Added views:targetsContainers,devVolumes in workbench.view.remote
2023-04-25 09:12:10.603 [info] Added views:workbench.panel.repl.view in workbench.panel.repl
2023-04-25 09:12:11.470 [info] Added views:workbench.panel.comments in workbench.panel.comments
2023-04-25 09:12:12.333 [info] Added views:projectsExplorerGit in workbench.view.extension.project-manager
2023-04-25 09:12:13.170 [info] Added views:gitlens.views.timeline in workbench.view.extension.gitlensPanel
2023-04-25 09:12:13.170 [info] Added views:gitlens.views.worktrees in workbench.view.scm
2023-04-25 09:12:13.448 [info] Added views:tabnine-home in workbench.view.extension.tabnine-access
2023-04-25 09:12:13.450 [info] Added views:tabnine-notifications in workbench.view.extension.tabnine-access
2023-04-25 09:12:13.451 [info] Added views:tabnine-today in workbench.view.extension.tabnine-access
