[2023-02-25 03:22:28.421] [     50ms] [/home/devilunraveled/DASS/Assignment 1/frontend] git rev-parse --show-toplevel • FAILED

Error: Command failed: /usr/bin/git -c core.quotepath=false -c color.ui=false rev-parse --show-toplevel
fatal: not a git repository (or any of the parent directories): .git

[2023-02-25 03:22:28.483] [      8ms] [/home/devilunraveled/DASS/Assignment 1/frontend/frontend] git rev-parse --show-toplevel
[2023-02-25 03:22:28.483] [     15ms] [/home/devilunraveled/DASS/Assignment 1/frontend] git rev-parse --show-toplevel • FAILED

Error: Command failed: /usr/bin/git -c core.quotepath=false -c color.ui=false rev-parse --show-toplevel
fatal: not a git repository (or any of the parent directories): .git

[2023-02-25 03:22:28.547] [     28ms] [/home/devilunraveled/DASS/Assignment 1/frontend/frontend] git rev-parse --show-toplevel
[2023-02-25 03:22:28.569] [     18ms] [/home/devilunraveled/DASS/Assignment 1/frontend/frontend] git remote -v
[2023-02-25 03:22:28.570] [     19ms] [/home/devilunraveled/DASS/Assignment 1/frontend/frontend] git rev-parse --git-dir --git-common-dir
[2023-02-25 03:22:28.712] [      9ms] [/home/devilunraveled/DASS/Assignment 1/frontend/frontend] git remote -v
[2023-02-25 03:22:29.060] [      7ms] [/home/devilunraveled/DASS/Assignment 1/frontend/frontend] git remote -v
[2023-02-25 03:22:32.527] [     16ms] [/home/devilunraveled/DASS/Assignment 1/frontend/frontend] git for-each-ref --format=%3ch%3e%(HEAD)%3cn%3e%(refname)%3cu%3e%(upstream:short)%3ct%3e%(upstream:track)%3cr%3e%(objectname)%3cd%3e%(committerdate:iso8601) refs/heads refs/remotes
[2023-02-25 03:22:32.540] [     11ms] [/home/devilunraveled/DASS/Assignment 1/frontend/frontend] git tag -l --format=%3cn%3e%(refname)%3c*r%3e%(*objectname)%3cr%3e%(objectname)%3cd%3e%(creatordate:iso8601)%3cad%3e%(authordate:iso8601)%3cs%3e%(subject)
[2023-02-25 03:24:30.735] [     30ms] [/home/devilunraveled/DASS/Assignment 1/frontend/backend] git rev-parse --show-toplevel • FAILED

Error: Command failed: /usr/bin/git -c core.quotepath=false -c color.ui=false rev-parse --show-toplevel
fatal: not a git repository (or any of the parent directories): .git

[2023-02-25 03:27:28.673] [     18ms] [/home/devilunraveled/DASS/Assignment 1/frontend/nginx] git rev-parse --show-toplevel • FAILED

Error: Command failed: /usr/bin/git -c core.quotepath=false -c color.ui=false rev-parse --show-toplevel
fatal: not a git repository (or any of the parent directories): .git

[2023-02-25 03:31:03.478] [     18ms] [/home/devilunraveled/DASS/Assignment 1/frontend/frontend] git ls-files -- src/scenes/cards/FollowCard.jsx
[2023-02-25 03:31:03.763] [     32ms] [/home/devilunraveled/DASS/Assignment 1/frontend/frontend] git blame --root --incremental -- src/scenes/cards/FollowCard.jsx
[2023-02-25 03:31:03.779] [     15ms] [/home/devilunraveled/DASS/Assignment 1/frontend/frontend] git config --get-regex ^user\.
[2023-02-25 03:31:03.793] [     12ms] [/home/devilunraveled/DASS/Assignment 1/frontend/frontend] git check-mailmap Hardik Sharma <hardiksharmah73@gmail.com>
[2023-02-25 03:31:04.348] [     46ms] [/home/devilunraveled/DASS/Assignment 1/frontend/frontend] git log -M -n1 --format=%H f858cabfd1447e9c14f2e357f2b3c8f16f1315f7^ -- src/scenes/cards/FollowCard.jsx
[2023-02-25 03:31:04.348] [     47ms] [/home/devilunraveled/DASS/Assignment 1/frontend/frontend] git log --format=%x3c%x2ff%x3e%n%x3cr%x3e%x20%H%n%x3ca%x3e%x20%aN%n%x3ce%x3e%x20%aE%n%x3cd%x3e%x20%at%n%x3cn%x3e%x20%cN%n%x3cm%x3e%x20%cE%n%x3cc%x3e%x20%ct%n%x3cp%x3e%x20%P%n%x3cs%x3e%n%B%n%x3c%x2fs%x3e%n%x3cf%x3e -M -m --name-status --full-history -n3 f858cabfd1447e9c14f2e357f2b3c8f16f1315f7 --
[2023-02-25 03:31:04.350] [     16ms] [/home/devilunraveled/DASS/Assignment 1/frontend/frontend] git rev-parse --verify --end-of-options f858cabfd1447e9c14f2e357f2b3c8f16f1315f7^:./src/scenes/cards/FollowCard.jsx
[2023-02-25 03:31:17.604] [     18ms] [/home/devilunraveled/DASS/Assignment 1/frontend/frontend] git blame --root --incremental -- src/scenes/cards/FollowCard.jsx
[2023-02-25 03:31:18.455] [     17ms] [/home/devilunraveled/DASS/Assignment 1/frontend/frontend] git log --format=%x3cr%x3e%x20%H -n3 -m -L 14,14:src/scenes/cards/FollowCard.jsx f858cabfd1447e9c14f2e357f2b3c8f16f1315f7
[2023-02-25 03:31:21.947] [     19ms] [/home/devilunraveled/DASS/Assignment 1/frontend/frontend] git ls-files -- src/scenes/cards/NewSubGreddiitCard.jsx
[2023-02-25 03:31:22.199] [     17ms] [/home/devilunraveled/DASS/Assignment 1/frontend/frontend] git blame --root --incremental -- src/scenes/cards/NewSubGreddiitCard.jsx
[2023-02-25 03:31:22.741] [     38ms] [/home/devilunraveled/DASS/Assignment 1/frontend/frontend] git log -M -n1 --format=%H f858cabfd1447e9c14f2e357f2b3c8f16f1315f7^ -- src/scenes/cards/NewSubGreddiitCard.jsx
[2023-02-25 03:31:22.741] [     38ms] [/home/devilunraveled/DASS/Assignment 1/frontend/frontend] git log --format=%x3c%x2ff%x3e%n%x3cr%x3e%x20%H%n%x3ca%x3e%x20%aN%n%x3ce%x3e%x20%aE%n%x3cd%x3e%x20%at%n%x3cn%x3e%x20%cN%n%x3cm%x3e%x20%cE%n%x3cc%x3e%x20%ct%n%x3cp%x3e%x20%P%n%x3cs%x3e%n%B%n%x3c%x2fs%x3e%n%x3cf%x3e -M -m --name-status --full-history -n3 f858cabfd1447e9c14f2e357f2b3c8f16f1315f7 --
[2023-02-25 03:31:22.743] [     14ms] [/home/devilunraveled/DASS/Assignment 1/frontend/frontend] git rev-parse --verify --end-of-options f858cabfd1447e9c14f2e357f2b3c8f16f1315f7^:./src/scenes/cards/NewSubGreddiitCard.jsx
[2023-02-25 03:31:31.404] [     16ms] [/home/devilunraveled/DASS/Assignment 1/frontend/frontend] git blame --root --incremental -- src/scenes/cards/NewSubGreddiitCard.jsx
[2023-02-25 03:31:32.243] [      9ms] [/home/devilunraveled/DASS/Assignment 1/frontend/frontend] git log --format=%x3cr%x3e%x20%H -n3 -m -L 54,54:src/scenes/cards/NewSubGreddiitCard.jsx f858cabfd1447e9c14f2e357f2b3c8f16f1315f7
[2023-02-25 03:31:33.997] [     10ms] [/home/devilunraveled/DASS/Assignment 1/frontend/frontend] git ls-files -- src/scenes/cards/PostCard.jsx
[2023-02-25 03:31:34.239] [      9ms] [/home/devilunraveled/DASS/Assignment 1/frontend/frontend] git blame --root --incremental -- src/scenes/cards/PostCard.jsx
[2023-02-25 03:31:34.770] [     22ms] [/home/devilunraveled/DASS/Assignment 1/frontend/frontend] git log --format=%x3c%x2ff%x3e%n%x3cr%x3e%x20%H%n%x3ca%x3e%x20%aN%n%x3ce%x3e%x20%aE%n%x3cd%x3e%x20%at%n%x3cn%x3e%x20%cN%n%x3cm%x3e%x20%cE%n%x3cc%x3e%x20%ct%n%x3cp%x3e%x20%P%n%x3cs%x3e%n%B%n%x3c%x2fs%x3e%n%x3cf%x3e -M -m --name-status --full-history -n3 f858cabfd1447e9c14f2e357f2b3c8f16f1315f7 --
[2023-02-25 03:31:37.219] [     20ms] [/home/devilunraveled/DASS/Assignment 1/frontend/frontend] git ls-files -- src/scenes/cards/ProfileCard.jsx
[2023-02-25 03:31:37.540] [     68ms] [/home/devilunraveled/DASS/Assignment 1/frontend/frontend] git blame --root --incremental -- src/scenes/cards/ProfileCard.jsx
[2023-02-25 03:31:38.082] [     39ms] [/home/devilunraveled/DASS/Assignment 1/frontend/frontend] git log -M -n1 --format=%H bb624c9322472c55d50c0be6b2113876701869db^ -- src/scenes/cards/ProfileCard.jsx
[2023-02-25 03:31:38.083] [     14ms] [/home/devilunraveled/DASS/Assignment 1/frontend/frontend] git rev-parse --verify --end-of-options bb624c9322472c55d50c0be6b2113876701869db^:./src/scenes/cards/ProfileCard.jsx
[2023-02-25 03:31:38.102] [     60ms] [/home/devilunraveled/DASS/Assignment 1/frontend/frontend] git log --format=%x3c%x2ff%x3e%n%x3cr%x3e%x20%H%n%x3ca%x3e%x20%aN%n%x3ce%x3e%x20%aE%n%x3cd%x3e%x20%at%n%x3cn%x3e%x20%cN%n%x3cm%x3e%x20%cE%n%x3cc%x3e%x20%ct%n%x3cp%x3e%x20%P%n%x3cs%x3e%n%B%n%x3c%x2fs%x3e%n%x3cf%x3e -M -m --name-status --full-history -n3 bb624c9322472c55d50c0be6b2113876701869db --
[2023-02-25 03:31:40.263] [     22ms] [/home/devilunraveled/DASS/Assignment 1/frontend/frontend] git log --format=%x3c%x2ff%x3e%n%x3cr%x3e%x20%H%n%x3ca%x3e%x20%aN%n%x3ce%x3e%x20%aE%n%x3cd%x3e%x20%at%n%x3cn%x3e%x20%cN%n%x3cm%x3e%x20%cE%n%x3cc%x3e%x20%ct%n%x3cp%x3e%x20%P%n%x3cs%x3e%n%B%n%x3c%x2fs%x3e%n%x3cf%x3e -M -m --name-status --full-history -n3 f858cabfd1447e9c14f2e357f2b3c8f16f1315f7 --
[2023-02-25 03:31:43.058] [     11ms] [/home/devilunraveled/DASS/Assignment 1/frontend/frontend] git blame --root --incremental -- src/scenes/cards/ProfileCard.jsx
[2023-02-25 03:31:44.800] [     13ms] [/home/devilunraveled/DASS/Assignment 1/frontend/frontend] git ls-files -- src/scenes/cards/SubGreddiitCard.jsx
[2023-02-25 03:31:45.185] [     44ms] [/home/devilunraveled/DASS/Assignment 1/frontend/frontend] git blame --root --incremental -- src/scenes/cards/SubGreddiitCard.jsx
[2023-02-25 03:31:45.702] [     15ms] [/home/devilunraveled/DASS/Assignment 1/frontend/frontend] git log --format=%x3c%x2ff%x3e%n%x3cr%x3e%x20%H%n%x3ca%x3e%x20%aN%n%x3ce%x3e%x20%aE%n%x3cd%x3e%x20%at%n%x3cn%x3e%x20%cN%n%x3cm%x3e%x20%cE%n%x3cc%x3e%x20%ct%n%x3cp%x3e%x20%P%n%x3cs%x3e%n%B%n%x3c%x2fs%x3e%n%x3cf%x3e -M -m --name-status --full-history -n3 f858cabfd1447e9c14f2e357f2b3c8f16f1315f7 --
[2023-02-25 03:32:00.445] [     12ms] [/home/devilunraveled/DASS/Assignment 1/frontend/frontend] git blame --root --incremental -- src/scenes/cards/SubGreddiitCard.jsx
[2023-02-25 03:32:10.558] [     26ms] [/home/devilunraveled/DASS/Assignment 1/frontend/frontend] git ls-files -- src/scenes/Dashboard/Follow.jsx
[2023-02-25 03:32:10.859] [     21ms] [/home/devilunraveled/DASS/Assignment 1/frontend/frontend] git blame --root --incremental -- src/scenes/Dashboard/Follow.jsx
[2023-02-25 03:32:11.396] [     33ms] [/home/devilunraveled/DASS/Assignment 1/frontend/frontend] git log -M -n1 --format=%H f858cabfd1447e9c14f2e357f2b3c8f16f1315f7^ -- src/scenes/Dashboard/Follow.jsx
[2023-02-25 03:32:11.396] [     34ms] [/home/devilunraveled/DASS/Assignment 1/frontend/frontend] git log --format=%x3c%x2ff%x3e%n%x3cr%x3e%x20%H%n%x3ca%x3e%x20%aN%n%x3ce%x3e%x20%aE%n%x3cd%x3e%x20%at%n%x3cn%x3e%x20%cN%n%x3cm%x3e%x20%cE%n%x3cc%x3e%x20%ct%n%x3cp%x3e%x20%P%n%x3cs%x3e%n%B%n%x3c%x2fs%x3e%n%x3cf%x3e -M -m --name-status --full-history -n3 f858cabfd1447e9c14f2e357f2b3c8f16f1315f7 --
[2023-02-25 03:32:11.397] [     11ms] [/home/devilunraveled/DASS/Assignment 1/frontend/frontend] git rev-parse --verify --end-of-options f858cabfd1447e9c14f2e357f2b3c8f16f1315f7^:./src/scenes/Dashboard/Follow.jsx
[2023-02-25 03:32:11.762] [     22ms] [/home/devilunraveled/DASS/Assignment 1/frontend/frontend] git ls-files -- src/scenes/Dashboard/MenuSection.jsx
[2023-02-25 03:32:12.073] [     46ms] [/home/devilunraveled/DASS/Assignment 1/frontend/frontend] git blame --root --incremental -- src/scenes/Dashboard/MenuSection.jsx
[2023-02-25 03:32:12.604] [     27ms] [/home/devilunraveled/DASS/Assignment 1/frontend/frontend] git log -M -n1 --format=%H f858cabfd1447e9c14f2e357f2b3c8f16f1315f7^ -- src/scenes/Dashboard/MenuSection.jsx
[2023-02-25 03:32:12.604] [     28ms] [/home/devilunraveled/DASS/Assignment 1/frontend/frontend] git log --format=%x3c%x2ff%x3e%n%x3cr%x3e%x20%H%n%x3ca%x3e%x20%aN%n%x3ce%x3e%x20%aE%n%x3cd%x3e%x20%at%n%x3cn%x3e%x20%cN%n%x3cm%x3e%x20%cE%n%x3cc%x3e%x20%ct%n%x3cp%x3e%x20%P%n%x3cs%x3e%n%B%n%x3c%x2fs%x3e%n%x3cf%x3e -M -m --name-status --full-history -n3 f858cabfd1447e9c14f2e357f2b3c8f16f1315f7 --
[2023-02-25 03:32:12.605] [     10ms] [/home/devilunraveled/DASS/Assignment 1/frontend/frontend] git rev-parse --verify --end-of-options f858cabfd1447e9c14f2e357f2b3c8f16f1315f7^:./src/scenes/Dashboard/MenuSection.jsx
[2023-02-25 03:32:15.669] [     22ms] [/home/devilunraveled/DASS/Assignment 1/frontend/frontend] git ls-files -- src/scenes/Dashboard/ProfilePage.jsx
[2023-02-25 03:32:15.972] [     48ms] [/home/devilunraveled/DASS/Assignment 1/frontend/frontend] git blame --root --incremental -- src/scenes/Dashboard/ProfilePage.jsx
[2023-02-25 03:32:16.532] [     56ms] [/home/devilunraveled/DASS/Assignment 1/frontend/frontend] git log -M -n1 --format=%H bb624c9322472c55d50c0be6b2113876701869db^ -- src/scenes/Dashboard/ProfilePage.jsx
[2023-02-25 03:32:16.533] [     19ms] [/home/devilunraveled/DASS/Assignment 1/frontend/frontend] git rev-parse --verify --end-of-options bb624c9322472c55d50c0be6b2113876701869db^:./src/scenes/Dashboard/ProfilePage.jsx
[2023-02-25 03:32:16.533] [     58ms] [/home/devilunraveled/DASS/Assignment 1/frontend/frontend] git log --format=%x3c%x2ff%x3e%n%x3cr%x3e%x20%H%n%x3ca%x3e%x20%aN%n%x3ce%x3e%x20%aE%n%x3cd%x3e%x20%at%n%x3cn%x3e%x20%cN%n%x3cm%x3e%x20%cE%n%x3cc%x3e%x20%ct%n%x3cp%x3e%x20%P%n%x3cs%x3e%n%B%n%x3c%x2fs%x3e%n%x3cf%x3e -M -m --name-status --full-history -n3 bb624c9322472c55d50c0be6b2113876701869db --
[2023-02-25 03:32:23.237] [     19ms] [/home/devilunraveled/DASS/Assignment 1/frontend/frontend] git blame --root --incremental -- src/scenes/Dashboard/ProfilePage.jsx
[2023-02-25 03:32:24.038] [     22ms] [/home/devilunraveled/DASS/Assignment 1/frontend/frontend] git log --format=%x3cr%x3e%x20%H -n3 -m -L 23,23:src/scenes/Dashboard/ProfilePage.jsx bb624c9322472c55d50c0be6b2113876701869db
[2023-02-25 03:32:31.129] [     26ms] [/home/devilunraveled/DASS/Assignment 1/frontend/frontend] git ls-files -- src/scenes/Forms/SignUpForm.jsx
[2023-02-25 03:32:31.405] [     23ms] [/home/devilunraveled/DASS/Assignment 1/frontend/frontend] git blame --root --incremental -- src/scenes/Forms/SignUpForm.jsx
[2023-02-25 03:32:31.951] [     21ms] [/home/devilunraveled/DASS/Assignment 1/frontend/frontend] git ls-files -- src/scenes/Forms/SignInForm.jsx
[2023-02-25 03:32:31.979] [     71ms] [/home/devilunraveled/DASS/Assignment 1/frontend/frontend] git log --format=%x3c%x2ff%x3e%n%x3cr%x3e%x20%H%n%x3ca%x3e%x20%aN%n%x3ce%x3e%x20%aE%n%x3cd%x3e%x20%at%n%x3cn%x3e%x20%cN%n%x3cm%x3e%x20%cE%n%x3cc%x3e%x20%ct%n%x3cp%x3e%x20%P%n%x3cs%x3e%n%B%n%x3c%x2fs%x3e%n%x3cf%x3e -M -m --name-status --full-history -n3 bb624c9322472c55d50c0be6b2113876701869db --
[2023-02-25 03:32:32.231] [     27ms] [/home/devilunraveled/DASS/Assignment 1/frontend/frontend] git blame --root --incremental -- src/scenes/Forms/SignInForm.jsx
[2023-02-25 03:32:32.773] [     39ms] [/home/devilunraveled/DASS/Assignment 1/frontend/frontend] git log -M -n1 --format=%H 3611536d9acec961b509bb3f43a42cc83b665012^ -- src/components/Forms/SignInForm.js
[2023-02-25 03:32:32.773] [     39ms] [/home/devilunraveled/DASS/Assignment 1/frontend/frontend] git log --format=%x3c%x2ff%x3e%n%x3cr%x3e%x20%H%n%x3ca%x3e%x20%aN%n%x3ce%x3e%x20%aE%n%x3cd%x3e%x20%at%n%x3cn%x3e%x20%cN%n%x3cm%x3e%x20%cE%n%x3cc%x3e%x20%ct%n%x3cp%x3e%x20%P%n%x3cs%x3e%n%B%n%x3c%x2fs%x3e%n%x3cf%x3e -M -m --name-status --full-history -n3 3611536d9acec961b509bb3f43a42cc83b665012 --
[2023-02-25 03:32:32.774] [     14ms] [/home/devilunraveled/DASS/Assignment 1/frontend/frontend] git rev-parse --verify --end-of-options 3611536d9acec961b509bb3f43a42cc83b665012^:./src/components/Forms/SignInForm.js
[2023-02-25 03:32:39.766] [     56ms] [/home/devilunraveled/DASS/Assignment 1/frontend/frontend] git log --format=%x3c%x2ff%x3e%n%x3cr%x3e%x20%H%n%x3ca%x3e%x20%aN%n%x3ce%x3e%x20%aE%n%x3cd%x3e%x20%at%n%x3cn%x3e%x20%cN%n%x3cm%x3e%x20%cE%n%x3cc%x3e%x20%ct%n%x3cp%x3e%x20%P%n%x3cs%x3e%n%B%n%x3c%x2fs%x3e%n%x3cf%x3e -M -m --name-status --full-history -n3 bb624c9322472c55d50c0be6b2113876701869db --
[2023-02-25 03:32:42.573] [     24ms] [/home/devilunraveled/DASS/Assignment 1/frontend/frontend] git blame --root --incremental -- src/scenes/Forms/SignInForm.jsx
[2023-02-25 03:32:44.508] [     22ms] [/home/devilunraveled/DASS/Assignment 1/frontend/frontend] git blame --root --incremental -- src/scenes/Forms/SignUpForm.jsx
[2023-02-25 03:32:45.059] [     49ms] [/home/devilunraveled/DASS/Assignment 1/frontend/frontend] git log --format=%x3c%x2ff%x3e%n%x3cr%x3e%x20%H%n%x3ca%x3e%x20%aN%n%x3ce%x3e%x20%aE%n%x3cd%x3e%x20%at%n%x3cn%x3e%x20%cN%n%x3cm%x3e%x20%cE%n%x3cc%x3e%x20%ct%n%x3cp%x3e%x20%P%n%x3cs%x3e%n%B%n%x3c%x2fs%x3e%n%x3cf%x3e -M -m --name-status --full-history -n3 bb624c9322472c55d50c0be6b2113876701869db --
[2023-02-25 03:32:51.812] [     12ms] [/home/devilunraveled/DASS/Assignment 1/frontend/frontend] git blame --root --incremental -- src/scenes/Forms/SignUpForm.jsx
[2023-02-25 03:33:03.129] [     16ms] [/home/devilunraveled/DASS/Assignment 1/frontend/frontend] git ls-files -- src/scenes/HomePage/HomePage.jsx
[2023-02-25 03:33:03.410] [     33ms] [/home/devilunraveled/DASS/Assignment 1/frontend/frontend] git blame --root --incremental -- src/scenes/HomePage/HomePage.jsx
[2023-02-25 03:33:03.956] [     42ms] [/home/devilunraveled/DASS/Assignment 1/frontend/frontend] git log -M -n1 --format=%H bb624c9322472c55d50c0be6b2113876701869db^ -- src/scenes/HomePage/HomePage.jsx
[2023-02-25 03:33:03.957] [     13ms] [/home/devilunraveled/DASS/Assignment 1/frontend/frontend] git rev-parse --verify --end-of-options bb624c9322472c55d50c0be6b2113876701869db^:./src/scenes/HomePage/HomePage.jsx
[2023-02-25 03:33:03.969] [     56ms] [/home/devilunraveled/DASS/Assignment 1/frontend/frontend] git log --format=%x3c%x2ff%x3e%n%x3cr%x3e%x20%H%n%x3ca%x3e%x20%aN%n%x3ce%x3e%x20%aE%n%x3cd%x3e%x20%at%n%x3cn%x3e%x20%cN%n%x3cm%x3e%x20%cE%n%x3cc%x3e%x20%ct%n%x3cp%x3e%x20%P%n%x3cs%x3e%n%B%n%x3c%x2fs%x3e%n%x3cf%x3e -M -m --name-status --full-history -n3 bb624c9322472c55d50c0be6b2113876701869db --
[2023-02-25 03:33:09.725] [     23ms] [/home/devilunraveled/DASS/Assignment 1/frontend/frontend] git ls-files -- src/scenes/Navbar/index.jsx
[2023-02-25 03:33:10.023] [     38ms] [/home/devilunraveled/DASS/Assignment 1/frontend/frontend] git blame --root --incremental -- src/scenes/Navbar/index.jsx
[2023-02-25 03:33:10.569] [     43ms] [/home/devilunraveled/DASS/Assignment 1/frontend/frontend] git log -M -n1 --format=%H bed4fdd8fe8f129f2998ff142cf8dadde2f88b54^ -- src/scenes/Navbar/index.jsx
[2023-02-25 03:33:10.569] [     15ms] [/home/devilunraveled/DASS/Assignment 1/frontend/frontend] git rev-parse --verify --end-of-options bed4fdd8fe8f129f2998ff142cf8dadde2f88b54^:./src/scenes/Navbar/index.jsx
[2023-02-25 03:33:10.578] [     53ms] [/home/devilunraveled/DASS/Assignment 1/frontend/frontend] git log --format=%x3c%x2ff%x3e%n%x3cr%x3e%x20%H%n%x3ca%x3e%x20%aN%n%x3ce%x3e%x20%aE%n%x3cd%x3e%x20%at%n%x3cn%x3e%x20%cN%n%x3cm%x3e%x20%cE%n%x3cc%x3e%x20%ct%n%x3cp%x3e%x20%P%n%x3cs%x3e%n%B%n%x3c%x2fs%x3e%n%x3cf%x3e -M -m --name-status --full-history -n3 bed4fdd8fe8f129f2998ff142cf8dadde2f88b54 --
[2023-02-25 03:33:16.960] [     21ms] [/home/devilunraveled/DASS/Assignment 1/frontend/frontend] git ls-files -- src/scenes/SubGreddiit/MySubGreddiiitsPage.jsx
[2023-02-25 03:33:17.260] [     50ms] [/home/devilunraveled/DASS/Assignment 1/frontend/frontend] git blame --root --incremental -- src/scenes/SubGreddiit/MySubGreddiiitsPage.jsx
[2023-02-25 03:33:17.787] [     24ms] [/home/devilunraveled/DASS/Assignment 1/frontend/frontend] git log --format=%x3c%x2ff%x3e%n%x3cr%x3e%x20%H%n%x3ca%x3e%x20%aN%n%x3ce%x3e%x20%aE%n%x3cd%x3e%x20%at%n%x3cn%x3e%x20%cN%n%x3cm%x3e%x20%cE%n%x3cc%x3e%x20%ct%n%x3cp%x3e%x20%P%n%x3cs%x3e%n%B%n%x3c%x2fs%x3e%n%x3cf%x3e -M -m --name-status --full-history -n3 f858cabfd1447e9c14f2e357f2b3c8f16f1315f7 --
[2023-02-25 03:33:19.343] [     45ms] [/home/devilunraveled/DASS/Assignment 1/frontend/frontend] git log -M -n1 --format=%H bb624c9322472c55d50c0be6b2113876701869db^ -- src/scenes/SubGreddiit/SubGreddiitPage.js
[2023-02-25 03:33:19.343] [     14ms] [/home/devilunraveled/DASS/Assignment 1/frontend/frontend] git rev-parse --verify --end-of-options bb624c9322472c55d50c0be6b2113876701869db^:./src/scenes/SubGreddiit/SubGreddiitPage.js
[2023-02-25 03:33:19.378] [     81ms] [/home/devilunraveled/DASS/Assignment 1/frontend/frontend] git log --format=%x3c%x2ff%x3e%n%x3cr%x3e%x20%H%n%x3ca%x3e%x20%aN%n%x3ce%x3e%x20%aE%n%x3cd%x3e%x20%at%n%x3cn%x3e%x20%cN%n%x3cm%x3e%x20%cE%n%x3cc%x3e%x20%ct%n%x3cp%x3e%x20%P%n%x3cs%x3e%n%B%n%x3c%x2fs%x3e%n%x3cf%x3e -M -m --name-status --full-history -n3 bb624c9322472c55d50c0be6b2113876701869db --
[2023-02-25 03:33:22.089] [     15ms] [/home/devilunraveled/DASS/Assignment 1/frontend/frontend] git blame --root --incremental -- src/scenes/SubGreddiit/MySubGreddiiitsPage.jsx
[2023-02-25 03:33:22.895] [     24ms] [/home/devilunraveled/DASS/Assignment 1/frontend/frontend] git log --format=%x3cr%x3e%x20%H -n3 -m -L 17,17:src/scenes/SubGreddiit/SubGreddiitPage.js bb624c9322472c55d50c0be6b2113876701869db
[2023-02-25 03:33:23.766] [     19ms] [/home/devilunraveled/DASS/Assignment 1/frontend/frontend] git ls-files -- src/scenes/SubGreddiit/SubGreddiitPage.jsx
[2023-02-25 03:33:24.028] [     14ms] [/home/devilunraveled/DASS/Assignment 1/frontend/frontend] git blame --root --incremental -- src/scenes/SubGreddiit/SubGreddiitPage.jsx
[2023-02-25 03:33:24.567] [     35ms] [/home/devilunraveled/DASS/Assignment 1/frontend/frontend] git log -M -n1 --format=%H f858cabfd1447e9c14f2e357f2b3c8f16f1315f7^ -- src/scenes/SubGreddiit/SubGreddiitPage.jsx
[2023-02-25 03:33:24.567] [     36ms] [/home/devilunraveled/DASS/Assignment 1/frontend/frontend] git log --format=%x3c%x2ff%x3e%n%x3cr%x3e%x20%H%n%x3ca%x3e%x20%aN%n%x3ce%x3e%x20%aE%n%x3cd%x3e%x20%at%n%x3cn%x3e%x20%cN%n%x3cm%x3e%x20%cE%n%x3cc%x3e%x20%ct%n%x3cp%x3e%x20%P%n%x3cs%x3e%n%B%n%x3c%x2fs%x3e%n%x3cf%x3e -M -m --name-status --full-history -n3 f858cabfd1447e9c14f2e357f2b3c8f16f1315f7 --
[2023-02-25 03:33:24.568] [     10ms] [/home/devilunraveled/DASS/Assignment 1/frontend/frontend] git rev-parse --verify --end-of-options f858cabfd1447e9c14f2e357f2b3c8f16f1315f7^:./src/scenes/SubGreddiit/SubGreddiitPage.jsx
[2023-02-25 03:33:30.661] [     15ms] [/home/devilunraveled/DASS/Assignment 1/frontend/frontend] git blame --root --incremental -- src/scenes/SubGreddiit/SubGreddiitPage.jsx
[2023-02-25 03:33:31.431] [     13ms] [/home/devilunraveled/DASS/Assignment 1/frontend/frontend] git log --format=%x3cr%x3e%x20%H -n3 -m -L 18,18:src/scenes/SubGreddiit/SubGreddiitPage.jsx f858cabfd1447e9c14f2e357f2b3c8f16f1315f7
[2023-02-25 03:33:41.491] [     20ms] [/home/devilunraveled/DASS/Assignment 1/frontend/frontend] git ls-files -- src/scenes/Validation/SignUpValidation.js
[2023-02-25 03:33:41.829] [    105ms] [/home/devilunraveled/DASS/Assignment 1/frontend/frontend] git blame --root --incremental -- src/scenes/Validation/SignUpValidation.js
[2023-02-25 03:33:42.362] [     30ms] [/home/devilunraveled/DASS/Assignment 1/frontend/frontend] git log --format=%x3c%x2ff%x3e%n%x3cr%x3e%x20%H%n%x3ca%x3e%x20%aN%n%x3ce%x3e%x20%aE%n%x3cd%x3e%x20%at%n%x3cn%x3e%x20%cN%n%x3cm%x3e%x20%cE%n%x3cc%x3e%x20%ct%n%x3cp%x3e%x20%P%n%x3cs%x3e%n%B%n%x3c%x2fs%x3e%n%x3cf%x3e -M -m --name-status --full-history -n3 f858cabfd1447e9c14f2e357f2b3c8f16f1315f7 --
[2023-02-25 03:38:15.072] [     37ms] [/home/devilunraveled/DASS/Assignment 1/frontend/frontend] git blame --root --incremental -- src/scenes/cards/FollowCard.jsx
[2023-02-25 03:38:15.597] [     21ms] [/home/devilunraveled/DASS/Assignment 1/frontend/frontend] git log --format=%x3cr%x3e%x20%H -n3 -m -L 14,14:src/scenes/cards/FollowCard.jsx f858cabfd1447e9c14f2e357f2b3c8f16f1315f7
[2023-02-25 03:38:19.990] [     65ms] [/home/devilunraveled/DASS/Assignment 1/frontend/frontend] git log -M -n1 --format=%H f858cabfd1447e9c14f2e357f2b3c8f16f1315f7^ -- src/scenes/cards/FollowCard.jsx
[2023-02-25 03:38:19.990] [     67ms] [/home/devilunraveled/DASS/Assignment 1/frontend/frontend] git log --format=%x3c%x2ff%x3e%n%x3cr%x3e%x20%H%n%x3ca%x3e%x20%aN%n%x3ce%x3e%x20%aE%n%x3cd%x3e%x20%at%n%x3cn%x3e%x20%cN%n%x3cm%x3e%x20%cE%n%x3cc%x3e%x20%ct%n%x3cp%x3e%x20%P%n%x3cs%x3e%n%B%n%x3c%x2fs%x3e%n%x3cf%x3e -M -m --name-status --full-history -n3 f858cabfd1447e9c14f2e357f2b3c8f16f1315f7 --
[2023-02-25 03:38:19.992] [     26ms] [/home/devilunraveled/DASS/Assignment 1/frontend/frontend] git rev-parse --verify --end-of-options f858cabfd1447e9c14f2e357f2b3c8f16f1315f7^:./src/scenes/cards/FollowCard.jsx
[2023-02-25 03:38:30.384] [     21ms] [/home/devilunraveled/DASS/Assignment 1/frontend/frontend] git blame --root --incremental -- src/scenes/cards/FollowCard.jsx
[2023-02-25 03:38:31.167] [     14ms] [/home/devilunraveled/DASS/Assignment 1/frontend/frontend] git log --format=%x3cr%x3e%x20%H -n3 -m -L 14,14:src/scenes/cards/FollowCard.jsx f858cabfd1447e9c14f2e357f2b3c8f16f1315f7
[2023-02-25 03:38:32.255] [     30ms] [/home/devilunraveled/DASS/Assignment 1/frontend/frontend] git blame --root --incremental -- src/scenes/cards/NewSubGreddiitCard.jsx
[2023-02-25 03:38:32.770] [     12ms] [/home/devilunraveled/DASS/Assignment 1/frontend/frontend] git log --format=%x3cr%x3e%x20%H -n3 -m -L 54,54:src/scenes/cards/NewSubGreddiitCard.jsx f858cabfd1447e9c14f2e357f2b3c8f16f1315f7
[2023-02-25 03:38:37.644] [     14ms] [/home/devilunraveled/DASS/Assignment 1/frontend/frontend] git blame --root --incremental -- src/scenes/cards/NewSubGreddiitCard.jsx
[2023-02-25 03:38:38.420] [     15ms] [/home/devilunraveled/DASS/Assignment 1/frontend/frontend] git log --format=%x3cr%x3e%x20%H -n3 -m -L 54,54:src/scenes/cards/NewSubGreddiitCard.jsx f858cabfd1447e9c14f2e357f2b3c8f16f1315f7
[2023-02-25 03:38:40.719] [      9ms] [/home/devilunraveled/DASS/Assignment 1/frontend/frontend] git blame --root --incremental -- src/scenes/cards/PostCard.jsx
[2023-02-25 03:38:41.241] [     20ms] [/home/devilunraveled/DASS/Assignment 1/frontend/frontend] git log --format=%x3c%x2ff%x3e%n%x3cr%x3e%x20%H%n%x3ca%x3e%x20%aN%n%x3ce%x3e%x20%aE%n%x3cd%x3e%x20%at%n%x3cn%x3e%x20%cN%n%x3cm%x3e%x20%cE%n%x3cc%x3e%x20%ct%n%x3cp%x3e%x20%P%n%x3cs%x3e%n%B%n%x3c%x2fs%x3e%n%x3cf%x3e -M -m --name-status --full-history -n3 f858cabfd1447e9c14f2e357f2b3c8f16f1315f7 --
[2023-02-25 03:38:43.207] [     40ms] [/home/devilunraveled/DASS/Assignment 1/frontend/frontend] git blame --root --incremental -- src/scenes/cards/ProfileCard.jsx
[2023-02-25 03:38:51.184] [     18ms] [/home/devilunraveled/DASS/Assignment 1/frontend/frontend] git blame --root --incremental -- src/scenes/cards/ProfileCard.jsx
[2023-02-25 03:38:56.020] [     59ms] [/home/devilunraveled/DASS/Assignment 1/frontend/frontend] git blame --root --incremental -- src/scenes/cards/SubGreddiitCard.jsx
[2023-02-25 03:39:03.873] [     21ms] [/home/devilunraveled/DASS/Assignment 1/frontend/frontend] git log --format=%x3c%x2ff%x3e%n%x3cr%x3e%x20%H%n%x3ca%x3e%x20%aN%n%x3ce%x3e%x20%aE%n%x3cd%x3e%x20%at%n%x3cn%x3e%x20%cN%n%x3cm%x3e%x20%cE%n%x3cc%x3e%x20%ct%n%x3cp%x3e%x20%P%n%x3cs%x3e%n%B%n%x3c%x2fs%x3e%n%x3cf%x3e -M -m --name-status --full-history -n3 f858cabfd1447e9c14f2e357f2b3c8f16f1315f7 --
[2023-02-25 03:39:11.972] [     17ms] [/home/devilunraveled/DASS/Assignment 1/frontend/frontend] git blame --root --incremental -- src/scenes/cards/SubGreddiitCard.jsx
[2023-02-25 03:39:16.006] [     32ms] [/home/devilunraveled/DASS/Assignment 1/frontend/frontend] git blame --root --incremental -- src/scenes/Dashboard/Follow.jsx
[2023-02-25 03:39:16.555] [     46ms] [/home/devilunraveled/DASS/Assignment 1/frontend/frontend] git log -M -n1 --format=%H f858cabfd1447e9c14f2e357f2b3c8f16f1315f7^ -- src/scenes/Dashboard/Follow.jsx
[2023-02-25 03:39:16.555] [     47ms] [/home/devilunraveled/DASS/Assignment 1/frontend/frontend] git log --format=%x3c%x2ff%x3e%n%x3cr%x3e%x20%H%n%x3ca%x3e%x20%aN%n%x3ce%x3e%x20%aE%n%x3cd%x3e%x20%at%n%x3cn%x3e%x20%cN%n%x3cm%x3e%x20%cE%n%x3cc%x3e%x20%ct%n%x3cp%x3e%x20%P%n%x3cs%x3e%n%B%n%x3c%x2fs%x3e%n%x3cf%x3e -M -m --name-status --full-history -n3 f858cabfd1447e9c14f2e357f2b3c8f16f1315f7 --
[2023-02-25 03:39:16.566] [     28ms] [/home/devilunraveled/DASS/Assignment 1/frontend/frontend] git rev-parse --verify --end-of-options f858cabfd1447e9c14f2e357f2b3c8f16f1315f7^:./src/scenes/Dashboard/Follow.jsx
[2023-02-25 03:39:16.868] [     45ms] [/home/devilunraveled/DASS/Assignment 1/frontend/frontend] git blame --root --incremental -- src/scenes/Dashboard/MenuSection.jsx
[2023-02-25 03:39:17.428] [     55ms] [/home/devilunraveled/DASS/Assignment 1/frontend/frontend] git log -M -n1 --format=%H f858cabfd1447e9c14f2e357f2b3c8f16f1315f7^ -- src/scenes/Dashboard/MenuSection.jsx
[2023-02-25 03:39:17.428] [     57ms] [/home/devilunraveled/DASS/Assignment 1/frontend/frontend] git log --format=%x3c%x2ff%x3e%n%x3cr%x3e%x20%H%n%x3ca%x3e%x20%aN%n%x3ce%x3e%x20%aE%n%x3cd%x3e%x20%at%n%x3cn%x3e%x20%cN%n%x3cm%x3e%x20%cE%n%x3cc%x3e%x20%ct%n%x3cp%x3e%x20%P%n%x3cs%x3e%n%B%n%x3c%x2fs%x3e%n%x3cf%x3e -M -m --name-status --full-history -n3 f858cabfd1447e9c14f2e357f2b3c8f16f1315f7 --
[2023-02-25 03:39:17.428] [     21ms] [/home/devilunraveled/DASS/Assignment 1/frontend/frontend] git rev-parse --verify --end-of-options f858cabfd1447e9c14f2e357f2b3c8f16f1315f7^:./src/scenes/Dashboard/MenuSection.jsx
[2023-02-25 03:39:18.317] [     45ms] [/home/devilunraveled/DASS/Assignment 1/frontend/frontend] git blame --root --incremental -- src/scenes/Dashboard/ProfilePage.jsx
[2023-02-25 03:39:18.845] [     25ms] [/home/devilunraveled/DASS/Assignment 1/frontend/frontend] git log --format=%x3cr%x3e%x20%H -n3 -m -L 23,23:src/scenes/Dashboard/ProfilePage.jsx bb624c9322472c55d50c0be6b2113876701869db
[2023-02-25 03:39:26.872] [     14ms] [/home/devilunraveled/DASS/Assignment 1/frontend/frontend] git blame --root --incremental -- src/scenes/Dashboard/ProfilePage.jsx
[2023-02-25 03:39:27.661] [     10ms] [/home/devilunraveled/DASS/Assignment 1/frontend/frontend] git log --format=%x3cr%x3e%x20%H -n3 -m -L 23,23:src/scenes/Dashboard/ProfilePage.jsx bb624c9322472c55d50c0be6b2113876701869db
[2023-02-25 03:39:27.817] [     10ms] [/home/devilunraveled/DASS/Assignment 1/frontend/frontend] git diff --no-ext-diff --minimal -U0 -M --diff-filter=M -- src/scenes/Dashboard/ProfilePage.jsx
[2023-02-25 03:39:27.828] [     10ms] [/home/devilunraveled/DASS/Assignment 1/frontend/frontend] git log --format=%x3cr%x3e%x20%H -n3 -m -L 23,23:src/scenes/Dashboard/ProfilePage.jsx
[2023-02-25 03:39:32.559] [     35ms] [/home/devilunraveled/DASS/Assignment 1/frontend/frontend] git blame --root --incremental -- src/scenes/Forms/SignInForm.jsx
[2023-02-25 03:39:38.666] [     21ms] [/home/devilunraveled/DASS/Assignment 1/frontend/frontend] git blame --root --incremental -- src/scenes/Forms/SignInForm.jsx
[2023-02-25 03:39:40.227] [     15ms] [/home/devilunraveled/DASS/Assignment 1/frontend/frontend] git blame --root --incremental -- src/scenes/Forms/SignUpForm.jsx
[2023-02-25 03:39:45.578] [     15ms] [/home/devilunraveled/DASS/Assignment 1/frontend/frontend] git blame --root --incremental -- src/scenes/Forms/SignUpForm.jsx
[2023-02-25 03:39:51.197] [     29ms] [/home/devilunraveled/DASS/Assignment 1/frontend/frontend] git blame --root --incremental -- src/scenes/SubGreddiit/MySubGreddiiitsPage.jsx
[2023-02-25 03:39:51.724] [     22ms] [/home/devilunraveled/DASS/Assignment 1/frontend/frontend] git log --format=%x3cr%x3e%x20%H -n3 -m -L 17,17:src/scenes/SubGreddiit/SubGreddiitPage.js bb624c9322472c55d50c0be6b2113876701869db
[2023-02-25 03:39:57.678] [     20ms] [/home/devilunraveled/DASS/Assignment 1/frontend/frontend] git blame --root --incremental -- src/scenes/SubGreddiit/MySubGreddiiitsPage.jsx
[2023-02-25 03:39:58.461] [     12ms] [/home/devilunraveled/DASS/Assignment 1/frontend/frontend] git log --format=%x3cr%x3e%x20%H -n3 -m -L 17,17:src/scenes/SubGreddiit/SubGreddiitPage.js bb624c9322472c55d50c0be6b2113876701869db
[2023-02-25 03:39:59.258] [     25ms] [/home/devilunraveled/DASS/Assignment 1/frontend/frontend] git blame --root --incremental -- src/scenes/SubGreddiit/SubGreddiitPage.jsx
[2023-02-25 03:39:59.771] [     11ms] [/home/devilunraveled/DASS/Assignment 1/frontend/frontend] git log --format=%x3cr%x3e%x20%H -n3 -m -L 18,18:src/scenes/SubGreddiit/SubGreddiitPage.jsx f858cabfd1447e9c14f2e357f2b3c8f16f1315f7
[2023-02-25 03:40:05.053] [     13ms] [/home/devilunraveled/DASS/Assignment 1/frontend/frontend] git blame --root --incremental -- src/scenes/SubGreddiit/SubGreddiitPage.jsx
[2023-02-25 03:40:05.844] [     11ms] [/home/devilunraveled/DASS/Assignment 1/frontend/frontend] git log --format=%x3cr%x3e%x20%H -n3 -m -L 18,18:src/scenes/SubGreddiit/SubGreddiitPage.jsx f858cabfd1447e9c14f2e357f2b3c8f16f1315f7
[2023-02-25 03:47:16.310] [     49ms] [/home/devilunraveled/DASS/Assignment 1/frontend/frontend] git blame --root --incremental -- src/scenes/cards/SubGreddiitCard.jsx
[2023-02-25 03:47:19.997] [     15ms] [/home/devilunraveled/DASS/Assignment 1/frontend/frontend] git log --format=%x3c%x2ff%x3e%n%x3cr%x3e%x20%H%n%x3ca%x3e%x20%aN%n%x3ce%x3e%x20%aE%n%x3cd%x3e%x20%at%n%x3cn%x3e%x20%cN%n%x3cm%x3e%x20%cE%n%x3cc%x3e%x20%ct%n%x3cp%x3e%x20%P%n%x3cs%x3e%n%B%n%x3c%x2fs%x3e%n%x3cf%x3e -M -m --name-status --full-history -n3 f858cabfd1447e9c14f2e357f2b3c8f16f1315f7 --
[2023-02-25 03:47:40.474] [     21ms] [/home/devilunraveled/DASS/Assignment 1/frontend/frontend] git blame --root --incremental --contents - -- src/scenes/cards/SubGreddiitCard.jsx
[2023-02-25 03:48:36.319] [     24ms] [/home/devilunraveled/DASS/Assignment 1/frontend/frontend] git blame --root --incremental --contents - -- src/scenes/cards/SubGreddiitCard.jsx
[2023-02-25 03:48:56.804] [     23ms] [/home/devilunraveled/DASS/Assignment 1/frontend/frontend] git blame --root --incremental --contents - -- src/scenes/cards/SubGreddiitCard.jsx
[2023-02-25 03:49:07.336] [     13ms] [/home/devilunraveled/DASS/Assignment 1/frontend/frontend] git diff --no-ext-diff --minimal -U0 -M --diff-filter=M -- src/scenes/cards/SubGreddiitCard.jsx
[2023-02-25 03:49:07.355] [     54ms] [/home/devilunraveled/DASS/Assignment 1/frontend/frontend] git status --porcelain=v2 --find-renames -- src/scenes/cards/SubGreddiitCard.jsx
[2023-02-25 03:49:07.373] [     36ms] [/home/devilunraveled/DASS/Assignment 1/frontend/frontend] git diff --no-ext-diff --minimal -U0 -M --diff-filter=M --staged -- src/scenes/cards/SubGreddiitCard.jsx
[2023-02-25 03:49:07.376] [     19ms] [/home/devilunraveled/DASS/Assignment 1/frontend/frontend] git log --format=%x3cr%x3e%x20%H -n3 -m -L 71,71:src/scenes/cards/SubGreddiitCard.jsx
[2023-02-25 03:49:15.190] [     19ms] [/home/devilunraveled/DASS/Assignment 1/frontend/frontend] git blame --root --incremental --contents - -- src/scenes/cards/SubGreddiitCard.jsx
[2023-02-25 03:49:19.068] [     15ms] [/home/devilunraveled/DASS/Assignment 1/frontend/backend/routes] git rev-parse --show-toplevel • FAILED

Error: Command failed: /usr/bin/git -c core.quotepath=false -c color.ui=false rev-parse --show-toplevel
fatal: not a git repository (or any of the parent directories): .git

[2023-02-25 03:49:50.042] [     35ms] [/home/devilunraveled/DASS/Assignment 1/frontend/frontend] git blame --root --incremental --contents - -- src/scenes/cards/SubGreddiitCard.jsx
[2023-02-25 03:49:58.199] [     20ms] [/home/devilunraveled/DASS/Assignment 1/frontend/frontend] git blame --root --incremental --contents - -- src/scenes/cards/SubGreddiitCard.jsx
[2023-02-25 03:51:19.644] [     15ms] [/home/devilunraveled/DASS/Assignment 1/frontend/frontend] git blame --root --incremental --contents - -- src/scenes/cards/SubGreddiitCard.jsx
[2023-02-25 03:51:57.954] [     17ms] [/home/devilunraveled/DASS/Assignment 1/frontend/frontend] git blame --root --incremental --contents - -- src/scenes/cards/SubGreddiitCard.jsx
[2023-02-25 03:52:26.643] [     26ms] [/home/devilunraveled/DASS/Assignment 1/frontend/frontend] git blame --root --incremental --contents - -- src/scenes/cards/SubGreddiitCard.jsx
[2023-02-25 03:52:27.175] [     28ms] [/home/devilunraveled/DASS/Assignment 1/frontend/frontend] git blame --root --incremental --contents - -- src/scenes/cards/SubGreddiitCard.jsx
[2023-02-25 03:52:46.707] [     27ms] [/home/devilunraveled/DASS/Assignment 1/frontend/frontend] git blame --root --incremental --contents - -- src/scenes/cards/SubGreddiitCard.jsx
[2023-02-25 03:52:47.246] [     33ms] [/home/devilunraveled/DASS/Assignment 1/frontend/frontend] git log --format=%x3c%x2ff%x3e%n%x3cr%x3e%x20%H%n%x3ca%x3e%x20%aN%n%x3ce%x3e%x20%aE%n%x3cd%x3e%x20%at%n%x3cn%x3e%x20%cN%n%x3cm%x3e%x20%cE%n%x3cc%x3e%x20%ct%n%x3cp%x3e%x20%P%n%x3cs%x3e%n%B%n%x3c%x2fs%x3e%n%x3cf%x3e -M -m --name-status --full-history -n3 f858cabfd1447e9c14f2e357f2b3c8f16f1315f7 --
[2023-02-25 03:53:01.945] [     16ms] [/home/devilunraveled/DASS/Assignment 1/frontend/frontend] git blame --root --incremental --contents - -- src/scenes/cards/SubGreddiitCard.jsx
[2023-02-25 03:53:05.638] [     19ms] [/home/devilunraveled/DASS/Assignment 1/frontend/frontend] git blame --root --incremental -- src/scenes/cards/SubGreddiitCard.jsx
[2023-02-25 03:53:31.605] [     27ms] [/home/devilunraveled/DASS/Assignment 1/frontend/frontend] git log --format=%x3c%x2ff%x3e%n%x3cr%x3e%x20%H%n%x3ca%x3e%x20%aN%n%x3ce%x3e%x20%aE%n%x3cd%x3e%x20%at%n%x3cn%x3e%x20%cN%n%x3cm%x3e%x20%cE%n%x3cc%x3e%x20%ct%n%x3cp%x3e%x20%P%n%x3cs%x3e%n%B%n%x3c%x2fs%x3e%n%x3cf%x3e -M -m --name-status --full-history -n3 f858cabfd1447e9c14f2e357f2b3c8f16f1315f7 --
[2023-02-25 03:54:05.697] [     28ms] [/home/devilunraveled/DASS/Assignment 1/frontend/frontend] git blame --root --incremental --contents - -- src/scenes/cards/SubGreddiitCard.jsx
[2023-02-25 03:54:14.418] [     23ms] [/home/devilunraveled/DASS/Assignment 1/frontend/frontend] git blame --root --incremental -- src/scenes/cards/SubGreddiitCard.jsx
[2023-02-25 03:54:50.587] [     25ms] [/home/devilunraveled/DASS/Assignment 1/frontend/frontend] git log --format=%x3c%x2ff%x3e%n%x3cr%x3e%x20%H%n%x3ca%x3e%x20%aN%n%x3ce%x3e%x20%aE%n%x3cd%x3e%x20%at%n%x3cn%x3e%x20%cN%n%x3cm%x3e%x20%cE%n%x3cc%x3e%x20%ct%n%x3cp%x3e%x20%P%n%x3cs%x3e%n%B%n%x3c%x2fs%x3e%n%x3cf%x3e -M -m --name-status --full-history -n3 f858cabfd1447e9c14f2e357f2b3c8f16f1315f7 --
[2023-02-25 03:55:37.987] [     19ms] [/home/devilunraveled/DASS/Assignment 1/frontend/frontend] git diff --no-ext-diff --minimal -U0 -M --diff-filter=M bb624c9322472c55d50c0be6b2113876701869db -- src/scenes/cards/SubGreddiitCard.jsx
[2023-02-25 03:56:12.319] [     27ms] [/home/devilunraveled/DASS/Assignment 1/frontend/backend/controllers] git rev-parse --show-toplevel • FAILED

Error: Command failed: /usr/bin/git -c core.quotepath=false -c color.ui=false rev-parse --show-toplevel
fatal: not a git repository (or any of the parent directories): .git

[2023-02-25 03:58:48.690] [     18ms] [/home/devilunraveled/DASS/Assignment 1/frontend/frontend] git rev-parse --verify --end-of-options 63e75a7349f01a06e0ba86d1^{commit}
[2023-02-25 03:58:48.704] [     13ms] [/home/devilunraveled/DASS/Assignment 1/frontend/frontend] git rev-parse --verify --end-of-options 63f6d9da0db2b9cb68927b78^{commit}
[2023-02-25 03:58:51.709] [     21ms] [/home/devilunraveled/DASS/Assignment 1/frontend/frontend] git rev-parse --verify --end-of-options 63e75a7349f01a06e0ba86d1^{commit}
[2023-02-25 03:58:51.726] [     15ms] [/home/devilunraveled/DASS/Assignment 1/frontend/frontend] git rev-parse --verify --end-of-options 63f6d9da0db2b9cb68927b78^{commit}
[2023-02-25 03:59:47.451] [     14ms] [/home/devilunraveled/DASS/Assignment 1/frontend/frontend] git rev-parse --verify --end-of-options 63e75a7349f01a06e0ba86d1^{commit}
[2023-02-25 03:59:47.463] [     12ms] [/home/devilunraveled/DASS/Assignment 1/frontend/frontend] git rev-parse --verify --end-of-options 63f6d9da0db2b9cb68927b78^{commit}
[2023-02-25 04:00:53.513] [     17ms] [/home/devilunraveled/DASS/Assignment 1/frontend/frontend] git rev-parse --verify --end-of-options 63e75a7349f01a06e0ba86d1^{commit}
[2023-02-25 04:00:53.526] [     12ms] [/home/devilunraveled/DASS/Assignment 1/frontend/frontend] git rev-parse --verify --end-of-options 63f6d9da0db2b9cb68927b78^{commit}
[2023-02-25 04:01:03.597] [     20ms] [/home/devilunraveled/DASS/Assignment 1/frontend/backend/controllers] git rev-parse --show-toplevel • FAILED

Error: Command failed: /usr/bin/git -c core.quotepath=false -c color.ui=false rev-parse --show-toplevel
fatal: not a git repository (or any of the parent directories): .git

[2023-02-25 04:02:45.582] [     18ms] [/home/devilunraveled/DASS/Assignment 1/frontend/frontend] git rev-parse --verify --end-of-options 63e75a7349f01a06e0ba86d1^{commit}
[2023-02-25 04:02:45.600] [     17ms] [/home/devilunraveled/DASS/Assignment 1/frontend/frontend] git rev-parse --verify --end-of-options 63f6d9da0db2b9cb68927b78^{commit}
[2023-02-25 04:04:38.053] [     23ms] [/home/devilunraveled/DASS/Assignment 1/frontend/frontend] git blame --root --incremental -- src/scenes/cards/FollowCard.jsx
[2023-02-25 04:04:38.616] [     59ms] [/home/devilunraveled/DASS/Assignment 1/frontend/frontend] git log -M -n1 --format=%H f858cabfd1447e9c14f2e357f2b3c8f16f1315f7^ -- src/scenes/cards/FollowCard.jsx
[2023-02-25 04:04:38.616] [     60ms] [/home/devilunraveled/DASS/Assignment 1/frontend/frontend] git log --format=%x3c%x2ff%x3e%n%x3cr%x3e%x20%H%n%x3ca%x3e%x20%aN%n%x3ce%x3e%x20%aE%n%x3cd%x3e%x20%at%n%x3cn%x3e%x20%cN%n%x3cm%x3e%x20%cE%n%x3cc%x3e%x20%ct%n%x3cp%x3e%x20%P%n%x3cs%x3e%n%B%n%x3c%x2fs%x3e%n%x3cf%x3e -M -m --name-status --full-history -n3 f858cabfd1447e9c14f2e357f2b3c8f16f1315f7 --
[2023-02-25 04:04:38.618] [     20ms] [/home/devilunraveled/DASS/Assignment 1/frontend/frontend] git rev-parse --verify --end-of-options f858cabfd1447e9c14f2e357f2b3c8f16f1315f7^:./src/scenes/cards/FollowCard.jsx
[2023-02-25 04:05:17.684] [     20ms] [/home/devilunraveled/DASS/Assignment 1/frontend/frontend] git ls-files -- src/scenes/cards/RequestCard.jsx
[2023-02-25 04:05:17.705] [     20ms] [/home/devilunraveled/DASS/Assignment 1/frontend/frontend/src/scenes/cards] git ls-files -- RequestCard.jsx
[2023-02-25 04:05:17.779] [     28ms] [/home/devilunraveled/DASS/Assignment 1/frontend/frontend/src/scenes/cards] git rev-parse --show-toplevel
[2023-02-25 04:06:04.172] [     32ms] [/home/devilunraveled/DASS/Assignment 1/frontend/frontend] git ls-files -- src/scenes/cards/RequestCard.jsx
[2023-02-25 04:06:04.206] [     34ms] [/home/devilunraveled/DASS/Assignment 1/frontend/frontend/src/scenes/cards] git ls-files -- RequestCard.jsx
[2023-02-25 04:09:27.186] [     25ms] [/home/devilunraveled/DASS/Assignment 1/frontend/frontend] git ls-files -- src/scenes/cards/RequestCard.jsx
[2023-02-25 04:09:27.205] [     19ms] [/home/devilunraveled/DASS/Assignment 1/frontend/frontend/src/scenes/cards] git ls-files -- RequestCard.jsx
[2023-02-25 04:09:55.716] [     23ms] [/home/devilunraveled/DASS/Assignment 1/frontend/frontend] git ls-files -- src/scenes/cards/RequestCard.jsx
[2023-02-25 04:09:55.741] [     25ms] [/home/devilunraveled/DASS/Assignment 1/frontend/frontend/src/scenes/cards] git ls-files -- RequestCard.jsx
[2023-02-25 04:13:15.653] [     18ms] [/home/devilunraveled/DASS/Assignment 1/frontend/frontend] git ls-files -- src/scenes/cards/RequestCard.jsx
[2023-02-25 04:13:15.672] [     18ms] [/home/devilunraveled/DASS/Assignment 1/frontend/frontend/src/scenes/cards] git ls-files -- RequestCard.jsx
[2023-02-25 04:15:51.461] [     16ms] [/home/devilunraveled/DASS/Assignment 1/frontend/frontend] git ls-files -- src/scenes/cards/RequestCard.jsx
[2023-02-25 04:15:51.480] [     18ms] [/home/devilunraveled/DASS/Assignment 1/frontend/frontend/src/scenes/cards] git ls-files -- RequestCard.jsx
[2023-02-25 04:19:53.049] [     14ms] [/home/devilunraveled/DASS/Assignment 1/frontend/frontend] git ls-files -- src/scenes/cards/RequestCard.jsx
[2023-02-25 04:19:53.061] [     12ms] [/home/devilunraveled/DASS/Assignment 1/frontend/frontend/src/scenes/cards] git ls-files -- RequestCard.jsx
[2023-02-25 04:20:07.585] [     11ms] [/home/devilunraveled/DASS/Assignment 1/frontend/frontend] git ls-files -- src/scenes/cards/RequestCard.jsx
[2023-02-25 04:20:07.603] [     17ms] [/home/devilunraveled/DASS/Assignment 1/frontend/frontend/src/scenes/cards] git ls-files -- RequestCard.jsx
[2023-02-25 04:21:08.556] [     17ms] [/home/devilunraveled/DASS/Assignment 1/frontend/frontend] git ls-files -- src/scenes/cards/RequestCard.jsx
[2023-02-25 04:21:08.574] [     17ms] [/home/devilunraveled/DASS/Assignment 1/frontend/frontend/src/scenes/cards] git ls-files -- RequestCard.jsx
[2023-02-25 04:22:13.234] [     27ms] [/home/devilunraveled/DASS/Assignment 1/frontend/frontend] git blame --root --incremental -- src/scenes/SubGreddiit/SubGreddiitPage.jsx
[2023-02-25 04:22:13.793] [     56ms] [/home/devilunraveled/DASS/Assignment 1/frontend/frontend] git log -M -n1 --format=%H f858cabfd1447e9c14f2e357f2b3c8f16f1315f7^ -- src/scenes/SubGreddiit/SubGreddiitPage.jsx
[2023-02-25 04:22:13.793] [     56ms] [/home/devilunraveled/DASS/Assignment 1/frontend/frontend] git log --format=%x3c%x2ff%x3e%n%x3cr%x3e%x20%H%n%x3ca%x3e%x20%aN%n%x3ce%x3e%x20%aE%n%x3cd%x3e%x20%at%n%x3cn%x3e%x20%cN%n%x3cm%x3e%x20%cE%n%x3cc%x3e%x20%ct%n%x3cp%x3e%x20%P%n%x3cs%x3e%n%B%n%x3c%x2fs%x3e%n%x3cf%x3e -M -m --name-status --full-history -n3 f858cabfd1447e9c14f2e357f2b3c8f16f1315f7 --
[2023-02-25 04:22:13.794] [     14ms] [/home/devilunraveled/DASS/Assignment 1/frontend/frontend] git rev-parse --verify --end-of-options f858cabfd1447e9c14f2e357f2b3c8f16f1315f7^:./src/scenes/SubGreddiit/SubGreddiitPage.jsx
[2023-02-25 04:22:16.611] [     27ms] [/home/devilunraveled/DASS/Assignment 1/frontend/frontend] git ls-files -- src/scenes/SubGreddiit/SubGreddiitPages.jsx
[2023-02-25 04:22:16.640] [     28ms] [/home/devilunraveled/DASS/Assignment 1/frontend/frontend/src/scenes/SubGreddiit] git ls-files -- SubGreddiitPages.jsx
[2023-02-25 04:22:16.783] [     32ms] [/home/devilunraveled/DASS/Assignment 1/frontend/frontend/src/scenes/SubGreddiit] git rev-parse --show-toplevel
[2023-02-25 04:22:23.991] [     21ms] [/home/devilunraveled/DASS/Assignment 1/frontend/frontend] git ls-files -- src/App.js
[2023-02-25 04:22:41.247] [     50ms] [/home/devilunraveled/DASS/Assignment 1/frontend/frontend] git blame --root --incremental -- src/scenes/SubGreddiit/SubGreddiitPage.jsx
[2023-02-25 04:26:13.361] [     29ms] [/home/devilunraveled/DASS/Assignment 1/frontend/frontend] git ls-files -- src/scenes/cards/RequestCard.jsx
[2023-02-25 04:26:13.384] [     22ms] [/home/devilunraveled/DASS/Assignment 1/frontend/frontend/src/scenes/cards] git ls-files -- RequestCard.jsx
[2023-02-25 04:28:08.389] [     24ms] [/home/devilunraveled/DASS/Assignment 1/frontend/frontend] git blame --root --incremental -- src/scenes/Dashboard/ProfilePage.jsx
[2023-02-25 04:28:08.957] [     65ms] [/home/devilunraveled/DASS/Assignment 1/frontend/frontend] git log -M -n1 --format=%H bb624c9322472c55d50c0be6b2113876701869db^ -- src/scenes/Dashboard/ProfilePage.jsx
[2023-02-25 04:28:08.958] [     19ms] [/home/devilunraveled/DASS/Assignment 1/frontend/frontend] git rev-parse --verify --end-of-options bb624c9322472c55d50c0be6b2113876701869db^:./src/scenes/Dashboard/ProfilePage.jsx
[2023-02-25 04:28:08.959] [     67ms] [/home/devilunraveled/DASS/Assignment 1/frontend/frontend] git log --format=%x3c%x2ff%x3e%n%x3cr%x3e%x20%H%n%x3ca%x3e%x20%aN%n%x3ce%x3e%x20%aE%n%x3cd%x3e%x20%at%n%x3cn%x3e%x20%cN%n%x3cm%x3e%x20%cE%n%x3cc%x3e%x20%ct%n%x3cp%x3e%x20%P%n%x3cs%x3e%n%B%n%x3c%x2fs%x3e%n%x3cf%x3e -M -m --name-status --full-history -n3 bb624c9322472c55d50c0be6b2113876701869db --
[2023-02-25 04:28:30.782] [     29ms] [/home/devilunraveled/DASS/Assignment 1/frontend/frontend] git blame --root --incremental --contents - -- src/scenes/SubGreddiit/SubGreddiitPage.jsx
[2023-02-25 04:28:31.314] [     24ms] [/home/devilunraveled/DASS/Assignment 1/frontend/frontend] git status --porcelain=v2 --find-renames -- src/scenes/SubGreddiit/SubGreddiitPage.jsx
[2023-02-25 04:28:31.341] [     25ms] [/home/devilunraveled/DASS/Assignment 1/frontend/frontend] git log --format=%x3cr%x3e%x20%H -n3 -m -L 2,2:src/scenes/SubGreddiit/SubGreddiitPage.jsx
[2023-02-25 04:28:42.283] [     28ms] [/home/devilunraveled/DASS/Assignment 1/frontend/frontend] git blame --root --incremental --contents - -- src/scenes/SubGreddiit/SubGreddiitPage.jsx
[2023-02-25 04:28:42.810] [     21ms] [/home/devilunraveled/DASS/Assignment 1/frontend/frontend] git status --porcelain=v2 --find-renames -- src/scenes/SubGreddiit/SubGreddiitPage.jsx
[2023-02-25 04:28:42.831] [     20ms] [/home/devilunraveled/DASS/Assignment 1/frontend/frontend] git log --format=%x3cr%x3e%x20%H -n3 -m -L 2,2:src/scenes/SubGreddiit/SubGreddiitPage.jsx
[2023-02-25 04:29:08.036] [     26ms] [/home/devilunraveled/DASS/Assignment 1/frontend/frontend] git blame --root --incremental --contents - -- src/scenes/SubGreddiit/SubGreddiitPage.jsx
[2023-02-25 04:29:08.565] [     21ms] [/home/devilunraveled/DASS/Assignment 1/frontend/frontend] git status --porcelain=v2 --find-renames -- src/scenes/SubGreddiit/SubGreddiitPage.jsx
[2023-02-25 04:29:08.583] [     16ms] [/home/devilunraveled/DASS/Assignment 1/frontend/frontend] git log --format=%x3cr%x3e%x20%H -n3 -m -L 2,2:src/scenes/SubGreddiit/SubGreddiitPage.jsx
[2023-02-25 04:29:23.117] [     12ms] [/home/devilunraveled/DASS/Assignment 1/frontend/frontend] git blame --root --incremental --contents - -- src/scenes/SubGreddiit/SubGreddiitPage.jsx
[2023-02-25 04:29:23.632] [     11ms] [/home/devilunraveled/DASS/Assignment 1/frontend/frontend] git status --porcelain=v2 --find-renames -- src/scenes/SubGreddiit/SubGreddiitPage.jsx
[2023-02-25 04:29:23.643] [     10ms] [/home/devilunraveled/DASS/Assignment 1/frontend/frontend] git log --format=%x3cr%x3e%x20%H -n3 -m -L 2,2:src/scenes/SubGreddiit/SubGreddiitPage.jsx
[2023-02-25 04:29:42.364] [     19ms] [/home/devilunraveled/DASS/Assignment 1/frontend/frontend] git blame --root --incremental --contents - -- src/scenes/SubGreddiit/SubGreddiitPage.jsx
[2023-02-25 04:29:42.892] [     23ms] [/home/devilunraveled/DASS/Assignment 1/frontend/frontend] git status --porcelain=v2 --find-renames -- src/scenes/SubGreddiit/SubGreddiitPage.jsx
[2023-02-25 04:29:42.917] [     22ms] [/home/devilunraveled/DASS/Assignment 1/frontend/frontend] git log --format=%x3cr%x3e%x20%H -n3 -m -L 2,2:src/scenes/SubGreddiit/SubGreddiitPage.jsx
[2023-02-25 04:29:43.614] [     15ms] [/home/devilunraveled/DASS/Assignment 1/frontend/frontend] git diff --no-ext-diff --minimal -U0 -M --diff-filter=M -- src/scenes/SubGreddiit/SubGreddiitPage.jsx
[2023-02-25 04:29:43.629] [     46ms] [/home/devilunraveled/DASS/Assignment 1/frontend/frontend] git status --porcelain=v2 --find-renames -- src/scenes/SubGreddiit/SubGreddiitPage.jsx
[2023-02-25 04:29:43.651] [     37ms] [/home/devilunraveled/DASS/Assignment 1/frontend/frontend] git diff --no-ext-diff --minimal -U0 -M --diff-filter=M --staged -- src/scenes/SubGreddiit/SubGreddiitPage.jsx
[2023-02-25 04:29:43.654] [     24ms] [/home/devilunraveled/DASS/Assignment 1/frontend/frontend] git log --format=%x3cr%x3e%x20%H -n3 -m -L 14,14:src/scenes/SubGreddiit/SubGreddiitPage.jsx
[2023-02-25 04:31:04.602] [     31ms] [/home/devilunraveled/DASS/Assignment 1/frontend/frontend] git blame --root --incremental --contents - -- src/scenes/SubGreddiit/SubGreddiitPage.jsx
[2023-02-25 04:31:05.124] [     19ms] [/home/devilunraveled/DASS/Assignment 1/frontend/frontend] git status --porcelain=v2 --find-renames -- src/scenes/SubGreddiit/SubGreddiitPage.jsx
[2023-02-25 04:31:05.149] [     22ms] [/home/devilunraveled/DASS/Assignment 1/frontend/frontend] git log --format=%x3cr%x3e%x20%H -n3 -m -L 2,2:src/scenes/SubGreddiit/SubGreddiitPage.jsx
[2023-02-25 04:31:23.295] [     22ms] [/home/devilunraveled/DASS/Assignment 1/frontend/frontend] git blame --root --incremental --contents - -- src/scenes/SubGreddiit/SubGreddiitPage.jsx
[2023-02-25 04:31:23.822] [     22ms] [/home/devilunraveled/DASS/Assignment 1/frontend/frontend] git status --porcelain=v2 --find-renames -- src/scenes/SubGreddiit/SubGreddiitPage.jsx
[2023-02-25 04:31:23.840] [     17ms] [/home/devilunraveled/DASS/Assignment 1/frontend/frontend] git log --format=%x3cr%x3e%x20%H -n3 -m -L 2,2:src/scenes/SubGreddiit/SubGreddiitPage.jsx
[2023-02-25 04:31:30.624] [     15ms] [/home/devilunraveled/DASS/Assignment 1/frontend/frontend] git blame --root --incremental -- src/scenes/SubGreddiit/SubGreddiitPage.jsx
[2023-02-25 04:31:31.533] [     19ms] [/home/devilunraveled/DASS/Assignment 1/frontend/frontend] git diff --no-ext-diff --minimal -U0 -M --diff-filter=M -- src/scenes/SubGreddiit/SubGreddiitPage.jsx
[2023-02-25 04:31:31.551] [     16ms] [/home/devilunraveled/DASS/Assignment 1/frontend/frontend] git log --format=%x3cr%x3e%x20%H -n3 -m -L 2,2:src/scenes/SubGreddiit/SubGreddiitPage.jsx
