2024-08-30 11:48:54.442 [info] Starting Python Locator /home/devilunraveled/.vscode/extensions/ms-python.python-2024.12.3-linux-x64/python-env-tools/bin/pet server
2024-08-30 11:48:54.586 [info] Discovered manager: (Pyenv) /home/devilunraveled/.pyenv/bin/pyenv
2024-08-30 11:48:54.586 [info] Discovered env: /home/devilunraveled/.pyenv/versions/3.6.15/bin/python
2024-08-30 11:48:54.586 [info] Discovered env: /home/devilunraveled/.pyenv/versions/venv/bin/python
2024-08-30 11:48:54.586 [info] Discovered env: /home/devilunraveled/.pyenv/versions/serf/bin/python
2024-08-30 11:48:54.586 [info] Discovered env: /home/devilunraveled/.pyenv/versions/3.11.8/bin/python
2024-08-30 11:48:54.586 [info] Discovered env: /home/devilunraveled/.pyenv/versions/3.7.3/bin/python
2024-08-30 11:48:54.586 [info] Discovered env: /home/devilunraveled/.pyenv/versions/tdl/bin/python
2024-08-30 11:48:54.586 [info] Discovered env: /home/devilunraveled/.pyenv/versions/3.12.2/bin/python
2024-08-30 11:48:54.586 [info] Discovered env: /home/devilunraveled/.pyenv/versions/gsmn/bin/python
2024-08-30 11:48:54.587 [info] Discovered env: /home/devilunraveled/.pyenv/versions/diff/bin/python
2024-08-30 11:48:54.587 [info] Discovered env: /home/devilunraveled/.pyenv/versions/UnsupervisedQAG/bin/python
2024-08-30 11:48:54.587 [info] Discovered env: /home/devilunraveled/.pyenv/versions/myEnvUMHQA/bin/python
2024-08-30 11:48:54.587 [info] Discovered env: /home/devilunraveled/.pyenv/versions/dip/bin/python
2024-08-30 11:48:54.587 [info] Discovered env: /home/devilunraveled/.pyenv/versions/elmo/bin/python
2024-08-30 11:48:54.587 [info] Discovered env: /home/devilunraveled/.pyenv/versions/nlp/bin/python
2024-08-30 11:48:54.587 [info] Discovered env: /home/devilunraveled/.pyenv/versions/wordvectorization/bin/python
2024-08-30 11:48:54.587 [info] Discovered manager: (Conda) /home/devilunraveled/miniconda3/bin/conda
2024-08-30 11:48:54.587 [info] Discovered env: /home/devilunraveled/miniconda3/envs/d2l/bin/python
2024-08-30 11:48:54.588 [info] Discovered manager: (Conda) /home/devilunraveled/anaconda3/bin/conda
2024-08-30 11:48:54.588 [info] Discovered env: /home/devilunraveled/anaconda3/envs/pytorch/bin/python
2024-08-30 11:48:54.588 [info] Discovered env: /home/devilunraveled/miniconda3/envs/vEmbedKGQA/bin/python
2024-08-30 11:48:54.588 [info] Discovered env: /home/devilunraveled/miniconda3/bin/python
2024-08-30 11:48:54.588 [info] Discovered env: /home/devilunraveled/anaconda3/bin/python
2024-08-30 11:48:54.588 [info] Discovered env: /bin/python
2024-08-30 11:48:54.588 [info] Discovered env: /usr/bin/python
2024-08-30 11:48:54.589 [info] Env ("/sbin/python") in Path resolved as ResolvedPythonEnv { executable: "/sbin/python", prefix: "/usr", version: "3.12.4.final.0", is64_bit: true, symlinks: Some(["/sbin/python"]) } and reported as Some(GlobalPaths)
2024-08-30 11:48:54.589 [info] Discovered env: /sbin/python
2024-08-30 11:48:54.589 [info] Env ("/usr/sbin/python") in Path resolved as ResolvedPythonEnv { executable: "/usr/sbin/python", prefix: "/usr", version: "3.12.4.final.0", is64_bit: true, symlinks: Some(["/usr/sbin/python"]) } and reported as Some(GlobalPaths)
2024-08-30 11:48:54.589 [info] Discovered env: /usr/sbin/python
2024-08-30 11:48:54.589 [info] Env ("/usr/sbin/python3") in Path resolved as ResolvedPythonEnv { executable: "/usr/sbin/python3", prefix: "/usr", version: "3.12.4.final.0", is64_bit: true, symlinks: Some(["/usr/sbin/python3"]) } and reported as Some(GlobalPaths)
2024-08-30 11:48:54.589 [info] Discovered env: /usr/sbin/python3
2024-08-30 11:48:54.589 [info] Env ("/sbin/python3") in Path resolved as ResolvedPythonEnv { executable: "/sbin/python3", prefix: "/usr", version: "3.12.4.final.0", is64_bit: true, symlinks: Some(["/sbin/python3"]) } and reported as Some(GlobalPaths)
2024-08-30 11:48:54.589 [info] Discovered env: /sbin/python3
2024-08-30 11:48:54.589 [info] Env ("/usr/sbin/python3.12") in Path resolved as ResolvedPythonEnv { executable: "/usr/sbin/python3.12", prefix: "/usr", version: "3.12.4.final.0", is64_bit: true, symlinks: Some(["/usr/sbin/python3.12"]) } and reported as Some(GlobalPaths)
2024-08-30 11:48:54.589 [info] Discovered env: /usr/sbin/python3.12
2024-08-30 11:48:54.589 [info] Env ("/sbin/python3.12") in Path resolved as ResolvedPythonEnv { executable: "/sbin/python3.12", prefix: "/usr", version: "3.12.4.final.0", is64_bit: true, symlinks: Some(["/sbin/python3.12"]) } and reported as Some(GlobalPaths)
2024-08-30 11:48:54.590 [info] Discovered env: /sbin/python3.12
2024-08-30 11:48:54.590 [info] Locator Conda took 186.147031ms
2024-08-30 11:48:54.590 [info] Locator Homebrew took 4.563074ms
2024-08-30 11:48:54.590 [info] Locator LinuxGlobal took 210.312992ms
2024-08-30 11:48:54.590 [info] Locator PipEnv took 345.086µs
2024-08-30 11:48:54.590 [info] Locator Poetry took 891.802µs
2024-08-30 11:48:54.590 [info] Locator PyEnv took 22.196927ms
2024-08-30 11:48:54.590 [info] Locator Venv took 90.584µs
2024-08-30 11:48:54.590 [info] Locator VirtualEnv took 28.635µs
2024-08-30 11:48:54.590 [info] Locator VirtualEnvWrapper took 50.704µs
2024-08-30 11:48:54.590 [info] Locator GlobalVirtualEnvs took 900.323µs
2024-08-30 11:48:54.590 [info] Locator Locators took 211.695987ms
2024-08-30 11:48:54.590 [info] Locator Path took 471.58519ms
2024-08-30 11:48:54.590 [info] Locator Workspaces took 482.113µs
2024-08-30 11:48:54.591 [info] Refresh completed in 472ms
