2023-05-12 12:45:46.689 [info] Added views:workbench.panel.markers.view in workbench.panel.markers
2023-05-12 12:45:46.689 [info] Added views:workbench.panel.output in workbench.panel.output
2023-05-12 12:45:46.689 [info] Added views:terminal in terminal
2023-05-12 12:45:46.689 [info] Added views:outline in workbench.view.explorer
2023-05-12 12:45:46.689 [info] Added views:workbench.scm in workbench.view.scm
2023-05-12 12:45:46.689 [info] Added views:workbench.view.search in workbench.view.search
2023-05-12 12:45:46.689 [info] Added views:timeline in workbench.view.explorer
2023-05-12 12:45:46.689 [info] Added views:workbench.explorer.emptyView in workbench.view.explorer
2023-05-12 12:45:46.887 [info] Added views:workbench.debug.welcome in workbench.view.debug
2023-05-12 12:45:47.169 [info] Added views:bookmarksExplorer,bookmarksHelpAndFeedback in workbench.view.extension.bookmarks
2023-05-12 12:45:47.169 [info] Added views:projectsExplorerFavorites,projectManagerHelpAndFeedback in workbench.view.extension.project-manager
2023-05-12 12:45:47.170 [info] Added views:gitlens.views.home,gitlens.views.contributors in workbench.view.extension.gitlens
2023-05-12 12:45:47.170 [info] Added views:gitlens.views.commits,gitlens.views.commitDetails,gitlens.views.fileHistory,gitlens.views.branches,gitlens.views.remotes,gitlens.views.stashes,gitlens.views.tags,gitlens.views.searchAndCompare in workbench.view.scm
2023-05-12 12:45:47.170 [info] Added views:dockerContainers,dockerImages,dockerRegistries,dockerNetworks,dockerVolumes,vscode-docker.views.dockerContexts,vscode-docker.views.help in workbench.view.extension.dockerView
2023-05-12 12:45:47.171 [info] Added views:targetsContainers,devVolumes in workbench.view.remote
2023-05-12 12:45:47.317 [info] Added views:workbench.panel.repl.view in workbench.panel.repl
2023-05-12 12:45:47.893 [info] Added views:workbench.panel.comments in workbench.panel.comments
2023-05-12 12:45:49.154 [info] Added views:projectsExplorerGit in workbench.view.extension.project-manager
2023-05-12 12:45:49.211 [info] Removed views:gitlens.views.contributors from workbench.view.extension.gitlens
2023-05-12 12:45:49.211 [info] Removed views:gitlens.views.searchAndCompare,gitlens.views.tags,gitlens.views.stashes,gitlens.views.remotes,gitlens.views.branches,gitlens.views.fileHistory,gitlens.views.commitDetails,gitlens.views.commits from workbench.view.scm
2023-05-12 12:45:49.429 [info] Added views:tabnine-home in workbench.view.extension.tabnine-access
2023-05-12 12:45:49.448 [info] Added views:tabnine-notifications in workbench.view.extension.tabnine-access
2023-05-12 12:45:49.451 [info] Added views:tabnine-today in workbench.view.extension.tabnine-access
2023-05-12 12:45:49.945 [info] Added views:gitlens.views.timeline in workbench.view.extension.gitlensPanel
2023-05-12 12:45:49.946 [info] Added views:gitlens.views.contributors in workbench.view.extension.gitlens
2023-05-12 12:45:49.948 [info] Added views:gitlens.views.commits,gitlens.views.commitDetails,gitlens.views.fileHistory,gitlens.views.branches,gitlens.views.remotes,gitlens.views.stashes,gitlens.views.tags,gitlens.views.worktrees,gitlens.views.searchAndCompare in workbench.view.scm
2023-05-12 12:46:00.546 [info] Added views:workbench.panel.markers.view in workbench.panel.markers
2023-05-12 12:46:00.546 [info] Added views:workbench.panel.output in workbench.panel.output
2023-05-12 12:46:00.546 [info] Added views:terminal in terminal
2023-05-12 12:46:00.546 [info] Added views:outline in workbench.view.explorer
2023-05-12 12:46:00.546 [info] Added views:workbench.scm in workbench.view.scm
2023-05-12 12:46:00.546 [info] Added views:workbench.view.search in workbench.view.search
2023-05-12 12:46:00.546 [info] Added views:timeline in workbench.view.explorer
2023-05-12 12:46:00.546 [info] Added views:workbench.explorer.fileView in workbench.view.explorer
2023-05-12 12:46:00.828 [info] Added views:workbench.debug.variablesView,workbench.debug.watchExpressionsView,workbench.debug.callStackView,workbench.debug.breakPointsView in workbench.view.debug
2023-05-12 12:46:00.926 [info] Added views:bookmarksExplorer,bookmarksHelpAndFeedback in workbench.view.extension.bookmarks
2023-05-12 12:46:00.927 [info] Added views:projectsExplorerFavorites,projectManagerHelpAndFeedback in workbench.view.extension.project-manager
2023-05-12 12:46:00.927 [info] Added views:gitlens.views.home,gitlens.views.contributors in workbench.view.extension.gitlens
2023-05-12 12:46:00.928 [info] Added views:gitlens.views.commits,gitlens.views.commitDetails,gitlens.views.fileHistory,gitlens.views.branches,gitlens.views.remotes,gitlens.views.stashes,gitlens.views.tags,gitlens.views.searchAndCompare in workbench.view.scm
2023-05-12 12:46:00.928 [info] Added views:dockerContainers,dockerImages,dockerRegistries,dockerNetworks,dockerVolumes,vscode-docker.views.dockerContexts,vscode-docker.views.help in workbench.view.extension.dockerView
2023-05-12 12:46:00.928 [info] Added views:targetsContainers,devVolumes in workbench.view.remote
2023-05-12 12:46:01.031 [info] Added views:workbench.panel.repl.view in workbench.panel.repl
2023-05-12 12:46:01.032 [info] Removed views:workbench.debug.breakPointsView,workbench.debug.callStackView,workbench.debug.watchExpressionsView,workbench.debug.variablesView from workbench.view.debug
2023-05-12 12:46:01.032 [info] Added views:workbench.debug.welcome in workbench.view.debug
2023-05-12 12:46:01.156 [info] Added views:workbench.panel.comments in workbench.panel.comments
2023-05-12 12:46:01.784 [info] Added views:projectsExplorerGit in workbench.view.extension.project-manager
2023-05-12 12:46:02.083 [info] Added views:tabnine-home in workbench.view.extension.tabnine-access
2023-05-12 12:46:02.084 [info] Added views:tabnine-notifications in workbench.view.extension.tabnine-access
2023-05-12 12:46:02.085 [info] Added views:tabnine-today in workbench.view.extension.tabnine-access
2023-05-12 12:46:03.384 [info] Added views:gitlens.views.timeline in workbench.view.extension.gitlensPanel
2023-05-12 12:46:03.385 [info] Added views:gitlens.views.worktrees in workbench.view.scm
2023-05-12 12:46:04.666 [info] Added views:mongoDBConnectionExplorer,mongoDBPlaygroundsExplorer,mongoDBHelpExplorer in workbench.view.extension.mongoDB
