2023-07-29 18:09:27.370 [info] Added views:workbench.panel.markers.view in workbench.panel.markers
2023-07-29 18:09:27.370 [info] Added views:workbench.panel.output in workbench.panel.output
2023-07-29 18:09:27.370 [info] Added views:terminal in terminal
2023-07-29 18:09:27.370 [info] Added views:outline in workbench.view.explorer
2023-07-29 18:09:27.370 [info] Added views:workbench.scm in workbench.view.scm
2023-07-29 18:09:27.370 [info] Added views:workbench.view.search in workbench.view.search
2023-07-29 18:09:27.370 [info] Added views:timeline in workbench.view.explorer
2023-07-29 18:09:27.370 [info] Added views:workbench.explorer.fileView in workbench.view.explorer
2023-07-29 18:09:27.587 [info] Added views:bookmarksExplorer,bookmarksHelpAndFeedback in workbench.view.extension.bookmarks
2023-07-29 18:09:27.587 [info] Added views:projectsExplorerFavorites,projectManagerHelpAndFeedback in workbench.view.extension.project-manager
2023-07-29 18:09:27.587 [info] Added views:gitlens.views.home,gitlens.views.workspaces,gitlens.views.account in workbench.view.extension.gitlens
2023-07-29 18:09:27.588 [info] Added views:gitlens.views.commitDetails,gitlens.views.lineHistory,gitlens.views.fileHistory,gitlens.views.searchAndCompare in workbench.view.extension.gitlensInspect
2023-07-29 18:09:27.588 [info] Added views:gitlens.views.commits,gitlens.views.branches,gitlens.views.remotes,gitlens.views.stashes,gitlens.views.tags in workbench.view.scm
2023-07-29 18:09:27.589 [info] Added views:mongoDBConnectionExplorer,mongoDBPlaygroundsExplorer,mongoDBHelpExplorer in workbench.view.extension.mongoDB
2023-07-29 18:09:27.589 [info] Added views:dockerContainers,dockerImages,dockerRegistries,dockerNetworks,dockerVolumes,vscode-docker.views.dockerContexts,vscode-docker.views.help in workbench.view.extension.dockerView
2023-07-29 18:09:27.589 [info] Added views:targetsContainers,devVolumes in workbench.view.remote
2023-07-29 18:09:27.762 [info] Added views:workbench.debug.welcome in workbench.view.debug
2023-07-29 18:09:28.167 [info] Added views:workbench.panel.repl.view in workbench.panel.repl
2023-07-29 18:09:29.291 [info] Added views:workbench.panel.comments in workbench.panel.comments
2023-07-29 18:09:29.796 [info] Added views:projectsExplorerGit in workbench.view.extension.project-manager
2023-07-29 18:09:29.807 [info] Removed views:gitlens.views.searchAndCompare,gitlens.views.fileHistory,gitlens.views.lineHistory,gitlens.views.commitDetails from workbench.view.extension.gitlensInspect
2023-07-29 18:09:29.809 [info] Removed views:gitlens.views.tags,gitlens.views.stashes,gitlens.views.remotes,gitlens.views.branches,gitlens.views.commits from workbench.view.scm
2023-07-29 18:09:33.974 [info] Added views:tabnine-home in workbench.view.extension.tabnine-access
2023-07-29 18:09:33.978 [info] Added views:tabnine-notifications in workbench.view.extension.tabnine-access
2023-07-29 18:09:33.979 [info] Added views:tabnine-today in workbench.view.extension.tabnine-access
