2023-10-25 21:29:50.776 [info] Added views:workbench.panel.markers.view in workbench.panel.markers
2023-10-25 21:29:50.776 [info] Added views:workbench.panel.output in workbench.panel.output
2023-10-25 21:29:50.776 [info] Added views:terminal in terminal
2023-10-25 21:29:50.776 [info] Added views:outline in workbench.view.explorer
2023-10-25 21:29:50.776 [info] Added views:workbench.scm in workbench.view.scm
2023-10-25 21:29:50.776 [info] Added views:workbench.view.search in workbench.view.search
2023-10-25 21:29:50.776 [info] Added views:timeline in workbench.view.explorer
2023-10-25 21:29:50.776 [info] Added views:workbench.explorer.fileView in workbench.view.explorer
2023-10-25 21:29:50.921 [info] Added views:workbench.debug.welcome in workbench.view.debug
2023-10-25 21:29:51.056 [info] Added views:bookmarksExplorer,bookmarksHelpAndFeedback in workbench.view.extension.bookmarks
2023-10-25 21:29:51.057 [info] Added views:projectsExplorerFavorites,projectManagerHelpAndFeedback in workbench.view.extension.project-manager
2023-10-25 21:29:51.057 [info] Added views:gitlens.views.home,gitlens.views.workspaces,gitlens.views.account in workbench.view.extension.gitlens
2023-10-25 21:29:51.057 [info] Added views:gitlens.views.commitDetails,gitlens.views.lineHistory,gitlens.views.fileHistory,gitlens.views.searchAndCompare in workbench.view.extension.gitlensInspect
2023-10-25 21:29:51.058 [info] Added views:gitlens.views.commits,gitlens.views.branches,gitlens.views.remotes,gitlens.views.stashes,gitlens.views.tags in workbench.view.scm
2023-10-25 21:29:51.058 [info] Added views:mongoDBConnectionExplorer,mongoDBPlaygroundsExplorer,mongoDBHelpExplorer in workbench.view.extension.mongoDB
2023-10-25 21:29:51.059 [info] Added views:dockerContainers,dockerImages,dockerRegistries,dockerNetworks,dockerVolumes,vscode-docker.views.dockerContexts,vscode-docker.views.help in workbench.view.extension.dockerView
2023-10-25 21:29:51.059 [info] Added views:targetsContainers,devVolumes in workbench.view.remote
2023-10-25 21:29:51.059 [info] Added views:tabnine.loading in workbench.view.extension.tabnine
2023-10-25 21:29:51.489 [info] Added views:workbench.panel.repl.view in workbench.panel.repl
2023-10-25 21:29:51.549 [info] Added views:~remote.forwardedPorts in ~remote.forwardedPortsContainer
2023-10-25 21:29:52.797 [info] Added views:projectsExplorerGit in workbench.view.extension.project-manager
2023-10-25 21:29:52.876 [info] Added views:workbench.panel.comments in workbench.panel.comments
2023-10-25 21:29:53.666 [info] Added views:workbench.views.extensions.installed,workbench.views.extensions.popular,extensions.recommendedList in workbench.view.extensions
2023-10-25 21:29:53.668 [info] Removed views:workbench.views.extensions.popular from workbench.view.extensions
2023-10-25 21:29:53.795 [info] Added views:gitlens.views.graph,gitlens.views.graphDetails in workbench.view.extension.gitlensPanel
2023-10-25 21:29:53.795 [info] Added views:gitlens.views.timeline in workbench.view.extension.gitlensInspect
2023-10-25 21:29:53.797 [info] Added views:gitlens.views.worktrees in workbench.view.scm
2023-10-25 21:30:04.049 [info] Removed views:tabnine.loading from workbench.view.extension.tabnine
2023-10-25 21:30:04.049 [info] Added views:tabnine.authenticate in workbench.view.extension.tabnine
2023-10-25 21:30:06.009 [info] Removed views:extensions.recommendedList,workbench.views.extensions.installed from workbench.view.extensions
2023-10-25 21:30:06.020 [info] Added views:workbench.views.extensions.marketplace in workbench.view.extensions
2023-10-25 21:30:12.770 [info] Removed views:workbench.views.extensions.marketplace from workbench.view.extensions
2023-10-25 21:30:12.805 [info] Added views:workbench.views.extensions.installed,extensions.recommendedList in workbench.view.extensions
2023-10-25 21:30:13.842 [info] Removed views:extensions.recommendedList,workbench.views.extensions.installed from workbench.view.extensions
2023-10-25 21:30:13.862 [info] Added views:workbench.views.extensions.marketplace in workbench.view.extensions
2023-10-25 21:30:35.087 [info] Removed views:workbench.views.extensions.marketplace from workbench.view.extensions
2023-10-25 21:30:35.134 [info] Added views:workbench.views.extensions.installed,extensions.recommendedList in workbench.view.extensions
2023-10-25 21:31:06.197 [info] Removed views:extensions.recommendedList,workbench.views.extensions.installed from workbench.view.extensions
2023-10-25 21:31:06.223 [info] Added views:workbench.views.extensions.marketplace in workbench.view.extensions
2023-10-25 21:31:13.632 [info] Added views:codeium.chatPanelView,codeium.searchPanelView in workbench.view.extension.codeium
