2024-08-31 17:15:45.668 [info] 2024-08-31T11:45:45.626Z extension INFO  Activating extension... [
  {
    id: 'mongodb.mongodb-vscode',
    version: '1.8.0',
    mode: 'Production',
    kind: 'UI',
    extensionPath: '/home/devilunraveled/.vscode/extensions/mongodb.mongodb-vscode-1.8.0',
    logPath: '/home/devilunraveled/.config/Code/logs/20240831T171431/window1/exthost/mongodb.mongodb-vscode',
    workspaceStoragePath: undefined,
    globalStoragePath: '/home/devilunraveled/.config/Code/User/globalStorage/mongodb.mongodb-vscode',
    defaultConnectionSavingLocation: 'Global',
    buildInfo: {
      nodeVersion: 'v20.14.0',
      runtimePlatform: 'linux',
      runtimeArch: 'x64'
    }
  }
]

2024-08-31 17:15:45.668 [info] 2024-08-31T11:45:45.634Z telemetry INFO  SegmentKey was found [ { type: 'string' } ]

2024-08-31 17:15:45.668 [info] 2024-08-31T11:45:45.634Z language server controller INFO  Creating MongoDB Language Server... [
  {
    extensionPath: '/home/devilunraveled/.vscode/extensions/mongodb.mongodb-vscode-1.8.0',
    languageServer: {
      id: 'mongodbLanguageServer',
      name: 'MongoDB Language Server',
      path: '/home/devilunraveled/.vscode/extensions/mongodb.mongodb-vscode-1.8.0/dist/languageServer.js',
      documentSelector: '[{"pattern":"**/*.mongodb.js"},{"pattern":"**/*.mongodb"}]'
    }
  }
]

2024-08-31 17:15:45.668 [info] 2024-08-31T11:45:45.638Z telemetry INFO  Segment analytics activated [ { anonymousId: '74d6cac2-09d5-4d14-b710-759e25c6ca60' } ]

2024-08-31 17:15:45.668 [info] 2024-08-31T11:45:45.638Z language server controller INFO  Starting the language server... []

2024-08-31 17:15:45.989 [info] 2024-08-31T11:45:45.989Z language server controller INFO  MongoDBService initialized. Sending default settings... {"extensionPath":"/home/devilunraveled/.vscode/extensions/mongodb.mongodb-vscode-1.8.0","connectionId":null,"hasConnectionString":false,"hasConnectionOptions":false} []

2024-08-31 18:31:11.431 [info] 2024-08-31T13:01:11.384Z extension INFO  Deactivating extension... []

2024-08-31 18:31:11.432 [info] 2024-08-31T13:01:11.384Z connection controller INFO  Disconnect called, currently connected to [ null ]

2024-08-31 18:31:11.432 [info] 2024-08-31T13:01:11.385Z language server controller INFO  Changing MongoDBService active connection... [ { connectionId: null } ]

2024-08-31 18:31:11.432 [info] 2024-08-31T13:01:11.385Z connection controller ERROR Unable to disconnect: no active connection []

2024-08-31 18:31:11.432 [info] 2024-08-31T13:01:11.386Z connection controller INFO  Disconnect called, currently connected to [ null ]

2024-08-31 18:31:11.432 [info] 2024-08-31T13:01:11.386Z language server controller INFO  Changing MongoDBService active connection... [ { connectionId: null } ]

2024-08-31 18:31:11.432 [info] 2024-08-31T13:01:11.386Z connection controller ERROR Unable to disconnect: no active connection []

2024-08-31 18:31:11.433 [info] 2024-08-31T13:01:11.432Z language server controller INFO  Deactivating the language server... []

2024-08-31 18:31:11.433 [info] 2024-08-31T13:01:11.432Z language server controller INFO  Deactivating the language server... []

