2023-07-13T13:44:50.710Z extension INFO  Activating extension... []

2023-07-13T13:44:50.713Z telemetry INFO  SegmentKey was found [ { type: 'string' } ]

2023-07-13T13:44:50.713Z language server controller INFO  Create MongoDB Language Server [
  {
    serverOptions: { run: [Object], debug: [Object] },
    clientOptions: {
      documentSelector: [Array],
      synchronize: [Object],
      outputChannel: [Object]
    }
  }
]

2023-07-13T13:44:50.721Z playground controller INFO  Active editor path [ undefined ]

2023-07-13T13:44:50.722Z explorer controller INFO  Activating explorer controller... []

2023-07-13T13:44:50.722Z explorer controller INFO  Explorer controller activated []

2023-07-13T13:44:50.722Z help and info explorer INFO  Activating help explorer... []

2023-07-13T13:44:50.723Z help and info explorer INFO  Help explorer activated []

2023-07-13T13:44:50.723Z playgrounds explorer INFO  Activating playgrounds explorer... []

2023-07-13T13:44:50.723Z playgrounds explorer INFO  Playgrounds explorer activated []

2023-07-13T13:44:50.723Z telemetry INFO  Activating segment analytics... []

2023-07-13T13:44:50.726Z telemetry INFO  Segment analytics activated with properties [ { anonymousId: '74d6cac2-09d5-4d14-b710-759e25c6ca60' } ]

2023-07-13T13:44:51.839Z commands INFO  Registering commands... []

2023-07-13T13:44:51.842Z commands INFO  Commands registered []

2023-07-13T13:44:51.842Z extension INFO  Extension activated []

2023-07-13T13:45:17.673Z connection controller INFO  Disconnect called, currently connected to [ null ]

2023-07-13T13:45:17.675Z connection controller INFO  Disconnect called, currently connected to [ null ]

