2023-10-25 13:58:51.250 [info] /home/devilunraveled/DASS/Assignment 1/2021101049/backend/index.js closed
2023-10-25 13:58:52.603 [info] Active editor: file:///home/devilunraveled/DASS/Assignment%201/2021101049/docker-compose.yml
2023-10-25 13:58:53.277 [info] /home/devilunraveled/DASS/Assignment 1/2021101049/docker-compose.yml closed
2023-10-25 13:59:36.533 [info] Active editor: file:///home/devilunraveled/Projects/DUAManager/dfs-backend/index.js
2023-10-25 14:00:23.261 [info] /home/devilunraveled/Projects/DUAManager/dfs-backend/index.js closed
2023-10-25 14:00:23.299 [info] Active editor: file:///home/devilunraveled/Projects/DUAManager/dfs-backend/db.js
2023-10-25 14:00:23.406 [info] /home/devilunraveled/Projects/DUAManager/dfs-backend/index.js.git closed
2023-10-25 14:09:52.057 [info] /home/devilunraveled/Projects/DUAManager/dfs-backend/db.js closed
2023-10-25 14:09:52.098 [info] Active editor: file:///home/devilunraveled/Projects/DUAManager/dfs-backend/docs.md
2023-10-25 14:09:52.112 [info] /home/devilunraveled/Projects/DUAManager/dfs-backend/db.js.git closed
2023-10-25 14:29:24.035 [info] /home/devilunraveled/Projects/DUAManager/dfs-backend/docs.md closed
2023-10-25 14:29:24.074 [info] Active editor: file:///home/devilunraveled/Projects/DUAManager/dfs-backend/dfsdata_latest_dump_Tables.sql
2023-10-25 14:29:24.101 [info] /home/devilunraveled/Projects/DUAManager/dfs-backend/docs.md.git closed
2023-10-25 14:35:18.266 [info] Active editor: file:///home/devilunraveled/Projects/DUAManager/dfs-backend/dfsdata_latest_dump_Tables.sql
2023-10-25 14:52:23.490 [info] Searching for user
2023-10-25 14:52:39.458 [info] Executing :189
2023-10-25 15:02:29.603 [info] Active editor: file:///home/devilunraveled/Projects/DUAManager/dfs-backend/db.js
2023-10-25 15:02:29.627 [info] /home/devilunraveled/Projects/DUAManager/dfs-backend/dfsdata_latest_dump_Tables.sql.git closed
2023-10-25 15:03:36.615 [info] Active editor: file:///home/devilunraveled/Projects/DUAManager/dfs-backend/.env
2023-10-25 15:03:36.659 [info] /home/devilunraveled/Projects/DUAManager/dfs-backend/db.js.git closed
2023-10-25 15:05:15.019 [info] Executing :w
2023-10-25 15:05:15.596 [info] Executing :w
2023-10-25 15:05:16.171 [info] Executing :w
