2024-08-19T14:53:03.939Z 0: 

----------------------------------------------
2024-08-19T14:53:03.948Z 1: Discord starting: {"releaseChannel":"stable","version":"0.0.64"}, modulepath: /home/devilunraveled/.config/discord/0.0.64/modules
2024-08-19T14:53:03.954Z 2: ✅ webContents.created web1 ""
2024-08-19T14:53:03.961Z 3: ✅ window.created win1 "discord"
2024-08-19T14:53:04.234Z 4: ✅ webContents.did-finish-load web1
2024-08-19T14:53:17.224Z 5: ✅ webContents.created web2 ""
2024-08-19T14:53:17.271Z 6: ✅ window.created win2 "Discord"
2024-08-19T14:53:19.765Z 7: ✅ webContents.did-finish-load web2
2024-08-19T14:53:19.865Z 8: window.close win1
2024-08-19T14:53:19.900Z 9: webContents.destroyed web1
2024-08-19T14:53:19.905Z 10: window.closed win1
2024-08-19T17:18:07.191Z 11: ❌ child-process-gone {
  type: 'GPU',
  reason: 'abnormal-exit',
  exitCode: 8704,
  serviceName: 'GPU'
}
2024-08-19T17:21:32.712Z 12: before-quit
2024-08-19T17:21:32.722Z 13: window.close win2
2024-08-19T17:21:32.744Z 14: ❌ child-process-gone {
  type: 'Utility',
  reason: 'killed',
  exitCode: 15,
  serviceName: 'audio.mojom.AudioService',
  name: 'Audio Service'
}
2024-08-19T17:21:32.747Z 15: ❌ child-process-gone {
  type: 'Utility',
  reason: 'killed',
  exitCode: 15,
  serviceName: 'network.mojom.NetworkService',
  name: 'Network Service'
}
2024-08-20T14:15:36.607Z 0: 

----------------------------------------------
2024-08-20T14:15:36.618Z 1: Discord starting: {"releaseChannel":"stable","version":"0.0.64"}, modulepath: /home/devilunraveled/.config/discord/0.0.64/modules
2024-08-20T14:15:36.622Z 2: ✅ webContents.created web1 ""
2024-08-20T14:15:36.625Z 3: ✅ window.created win1 "discord"
2024-08-20T14:15:36.826Z 4: ✅ webContents.did-finish-load web1
2024-08-20T14:15:38.770Z 5: window.close win1
2024-08-20T14:15:38.793Z 6: webContents.destroyed web1
2024-08-20T14:17:11.647Z 0: 

----------------------------------------------
2024-08-20T14:17:11.662Z 1: Discord starting: {"releaseChannel":"stable","version":"0.0.64"}, modulepath: /home/devilunraveled/.config/discord/0.0.64/modules
2024-08-20T14:17:11.665Z 2: ✅ webContents.created web1 ""
2024-08-20T14:17:11.668Z 3: ✅ window.created win1 "discord"
2024-08-20T14:17:11.859Z 4: ✅ webContents.did-finish-load web1
2024-08-20T14:17:16.162Z 5: ✅ webContents.created web2 ""
2024-08-20T14:17:16.210Z 6: ✅ window.created win2 "Discord"
2024-08-20T14:17:19.077Z 7: ✅ webContents.did-finish-load web2
2024-08-20T14:17:19.178Z 8: window.close win1
2024-08-20T14:17:19.212Z 9: webContents.destroyed web1
2024-08-20T14:17:19.216Z 10: window.closed win1
2024-08-20T14:59:18.220Z 11: window.close win2
2024-08-20T14:59:22.903Z 12: before-quit
2024-08-20T14:59:22.908Z 13: window.close win2
2024-08-24T14:51:54.536Z 0: 

----------------------------------------------
2024-08-24T14:51:54.549Z 1: Discord starting: {"releaseChannel":"stable","version":"0.0.64"}, modulepath: /home/devilunraveled/.config/discord/0.0.64/modules
2024-08-24T14:51:54.553Z 2: ✅ webContents.created web1 ""
2024-08-24T14:51:54.557Z 3: ✅ window.created win1 "discord"
2024-08-24T14:51:54.768Z 4: ✅ webContents.did-finish-load web1
2024-08-24T14:51:54.969Z 5: ✅ webContents.created web2 ""
2024-08-24T14:51:55.026Z 6: ✅ window.created win2 "Discord"
2024-08-24T14:51:57.898Z 7: ✅ webContents.did-finish-load web2
2024-08-24T14:51:57.997Z 8: window.close win1
2024-08-24T14:51:58.041Z 9: webContents.destroyed web1
2024-08-24T14:51:58.046Z 10: window.closed win1
2024-08-24T19:11:32.946Z 11: window.close win2
2024-08-24T20:18:15.849Z 12: before-quit
2024-08-24T20:18:15.880Z 13: window.close win2
2024-08-24T20:18:15.886Z 14: ❌ child-process-gone {
  type: 'Utility',
  reason: 'killed',
  exitCode: 15,
  serviceName: 'network.mojom.NetworkService',
  name: 'Network Service'
}
2024-08-28T14:38:32.939Z 0: 

----------------------------------------------
2024-08-28T14:38:32.953Z 1: Discord starting: {"releaseChannel":"stable","version":"0.0.64"}, modulepath: /home/devilunraveled/.config/discord/0.0.64/modules
2024-08-28T14:38:32.959Z 2: ✅ webContents.created web1 ""
2024-08-28T14:38:32.962Z 3: ✅ window.created win1 "discord"
2024-08-28T14:38:33.202Z 4: ✅ webContents.did-finish-load web1
2024-08-28T14:38:44.555Z 5: ✅ webContents.created web2 ""
2024-08-28T14:38:44.616Z 6: ✅ window.created win2 "Discord"
2024-08-28T14:38:47.389Z 7: ✅ webContents.did-finish-load web2
2024-08-28T14:38:47.488Z 8: window.close win1
2024-08-28T14:38:47.551Z 9: webContents.destroyed web1
2024-08-28T14:38:47.555Z 10: window.closed win1
2024-08-28T17:43:44.344Z 11: before-quit
2024-08-28T17:43:44.351Z 12: window.close win2
2024-08-28T17:43:44.360Z 13: ❌ child-process-gone {
  type: 'Utility',
  reason: 'killed',
  exitCode: 15,
  serviceName: 'audio.mojom.AudioService',
  name: 'Audio Service'
}
2024-09-04T16:43:45.345Z 0: 

----------------------------------------------
2024-09-04T16:43:45.358Z 1: Discord starting: {"releaseChannel":"stable","version":"0.0.64"}, modulepath: /home/devilunraveled/.config/discord/0.0.64/modules
2024-09-04T16:43:45.363Z 2: ✅ webContents.created web1 ""
2024-09-04T16:43:45.366Z 3: ✅ window.created win1 "discord"
2024-09-04T16:43:45.666Z 4: ✅ webContents.did-finish-load web1
2024-09-04T16:43:45.845Z 5: ✅ webContents.created web2 ""
2024-09-04T16:43:45.904Z 6: ✅ window.created win2 "Discord"
2024-09-04T16:43:48.957Z 7: ✅ webContents.did-finish-load web2
2024-09-04T16:43:49.052Z 8: window.close win1
2024-09-04T16:43:49.172Z 9: webContents.destroyed web1
2024-09-04T16:43:49.176Z 10: window.closed win1
2024-09-04T16:47:34.763Z 11: window.close win2
2024-09-04T17:34:59.351Z 12: before-quit
2024-09-06T14:36:46.170Z 0: 

----------------------------------------------
2024-09-06T14:36:46.181Z 1: Discord starting: {"releaseChannel":"stable","version":"0.0.64"}, modulepath: /home/devilunraveled/.config/discord/0.0.64/modules
2024-09-06T14:36:46.186Z 2: ✅ webContents.created web1 ""
2024-09-06T14:36:46.189Z 3: ✅ window.created win1 "discord"
2024-09-06T14:36:46.403Z 4: ✅ webContents.did-finish-load web1
2024-09-06T14:36:47.000Z 5: ✅ webContents.created web2 ""
2024-09-06T14:36:47.042Z 6: ✅ window.created win2 "Discord"
2024-09-06T14:36:49.786Z 7: ✅ webContents.did-finish-load web2
2024-09-06T14:36:49.880Z 8: window.close win1
2024-09-06T14:36:49.911Z 9: webContents.destroyed web1
2024-09-06T14:36:49.915Z 10: window.closed win1
2024-09-06T16:24:16.503Z 11: window.close win2
2024-09-07T07:41:10.355Z 12: before-quit
2024-09-07T09:11:50.617Z 0: 

----------------------------------------------
2024-09-07T09:11:50.635Z 1: Discord starting: {"releaseChannel":"stable","version":"0.0.64"}, modulepath: /home/devilunraveled/.config/discord/0.0.64/modules
2024-09-07T09:11:50.641Z 2: ✅ webContents.created web1 ""
2024-09-07T09:11:50.645Z 3: ✅ window.created win1 "discord"
2024-09-07T09:11:51.034Z 4: ✅ webContents.did-finish-load web1
2024-09-07T09:11:51.247Z 5: ✅ webContents.created web2 ""
2024-09-07T09:11:51.302Z 6: ✅ window.created win2 "Discord"
2024-09-07T09:11:54.450Z 7: ✅ webContents.did-finish-load web2
2024-09-07T09:11:54.548Z 8: window.close win1
2024-09-07T09:11:54.712Z 9: webContents.destroyed web1
2024-09-07T09:11:54.715Z 10: window.closed win1
2024-09-07T11:28:15.184Z 11: before-quit
2024-09-07T11:28:15.257Z 12: window.close win2
2024-09-07T11:28:15.270Z 13: ❌ child-process-gone {
  type: 'Utility',
  reason: 'killed',
  exitCode: 15,
  serviceName: 'audio.mojom.AudioService',
  name: 'Audio Service'
}
2024-09-09T18:06:26.775Z 0: 

----------------------------------------------
2024-09-09T18:06:26.786Z 1: Discord starting: {"releaseChannel":"stable","version":"0.0.64"}, modulepath: /home/devilunraveled/.config/discord/0.0.64/modules
2024-09-09T18:06:26.791Z 2: ✅ webContents.created web1 ""
2024-09-09T18:06:26.794Z 3: ✅ window.created win1 "discord"
2024-09-09T18:06:27.036Z 4: ✅ webContents.did-finish-load web1
2024-09-09T18:06:27.259Z 5: ✅ webContents.created web2 ""
2024-09-09T18:06:27.425Z 6: ✅ window.created win2 "Discord"
2024-09-09T18:06:30.120Z 7: ✅ webContents.did-finish-load web2
2024-09-09T18:06:30.192Z 8: window.close win1
2024-09-09T18:06:30.307Z 9: webContents.destroyed web1
2024-09-09T18:06:30.310Z 10: window.closed win1
2024-09-09T18:13:15.343Z 11: before-quit
2024-09-09T18:13:15.425Z 12: window.close win2
2024-09-09T18:13:15.444Z 13: ❌ child-process-gone {
  type: 'Utility',
  reason: 'killed',
  exitCode: 15,
  serviceName: 'audio.mojom.AudioService',
  name: 'Audio Service'
}
2024-09-14T09:50:08.304Z 0: 

----------------------------------------------
2024-09-14T09:50:08.316Z 1: Discord starting: {"releaseChannel":"stable","version":"0.0.64"}, modulepath: /home/devilunraveled/.config/discord/0.0.64/modules
2024-09-14T09:50:08.322Z 2: ✅ webContents.created web1 ""
2024-09-14T09:50:08.325Z 3: ✅ window.created win1 "discord"
2024-09-14T09:50:08.573Z 4: ✅ webContents.did-finish-load web1
2024-09-14T09:50:09.086Z 5: ✅ webContents.created web2 ""
2024-09-14T09:50:09.137Z 6: ✅ window.created win2 "Discord"
2024-09-14T09:50:11.995Z 7: ✅ webContents.did-finish-load web2
2024-09-14T09:50:12.094Z 8: window.close win1
2024-09-14T09:50:12.127Z 9: webContents.destroyed web1
2024-09-14T09:50:12.131Z 10: window.closed win1
2024-09-14T19:30:47.753Z 11: window.close win2
2024-09-14T20:19:22.183Z 12: before-quit
2024-09-14T20:19:22.217Z 13: window.close win2
2024-09-14T20:19:22.221Z 14: ❌ child-process-gone {
  type: 'Utility',
  reason: 'killed',
  exitCode: 15,
  serviceName: 'audio.mojom.AudioService',
  name: 'Audio Service'
}
2024-09-14T20:19:22.276Z 15: ❌ child-process-gone {
  type: 'Utility',
  reason: 'killed',
  exitCode: 15,
  serviceName: 'network.mojom.NetworkService',
  name: 'Network Service'
}
2024-09-15T10:51:44.124Z 0: 

----------------------------------------------
2024-09-15T10:51:44.136Z 1: Discord starting: {"releaseChannel":"stable","version":"0.0.64"}, modulepath: /home/devilunraveled/.config/discord/0.0.64/modules
2024-09-15T10:51:44.141Z 2: ✅ webContents.created web1 ""
2024-09-15T10:51:44.144Z 3: ✅ window.created win1 "discord"
2024-09-15T10:51:44.353Z 4: ✅ webContents.did-finish-load web1
2024-09-15T10:51:44.524Z 5: ✅ webContents.created web2 ""
2024-09-15T10:51:44.578Z 6: ✅ window.created win2 "Discord"
2024-09-15T10:51:47.178Z 7: ✅ webContents.did-finish-load web2
2024-09-15T10:51:47.277Z 8: window.close win1
2024-09-15T10:51:47.289Z 9: webContents.destroyed web1
2024-09-15T10:51:47.292Z 10: window.closed win1
2024-09-15T18:05:50.884Z 11: window.close win2
2024-09-15T18:05:52.196Z 12: before-quit
2024-09-15T18:05:52.200Z 13: window.close win2
2024-09-15T18:05:52.204Z 14: ❌ child-process-gone {
  type: 'Utility',
  reason: 'killed',
  exitCode: 15,
  serviceName: 'audio.mojom.AudioService',
  name: 'Audio Service'
}
2024-09-15T18:05:52.218Z 15: ❌ child-process-gone {
  type: 'Utility',
  reason: 'killed',
  exitCode: 15,
  serviceName: 'network.mojom.NetworkService',
  name: 'Network Service'
}
2024-09-16T07:26:18.697Z 0: 

----------------------------------------------
2024-09-16T07:26:18.710Z 1: Discord starting: {"releaseChannel":"stable","version":"0.0.64"}, modulepath: /home/devilunraveled/.config/discord/0.0.64/modules
2024-09-16T07:26:18.715Z 2: ✅ webContents.created web1 ""
2024-09-16T07:26:18.718Z 3: ✅ window.created win1 "discord"
2024-09-16T07:26:18.951Z 4: ✅ webContents.did-finish-load web1
2024-09-16T07:26:19.087Z 5: ✅ webContents.created web2 ""
2024-09-16T07:26:19.127Z 6: ✅ window.created win2 "Discord"
2024-09-16T07:26:20.997Z 7: ✅ webContents.did-finish-load web2
2024-09-16T07:26:21.097Z 8: window.close win1
2024-09-16T07:26:21.122Z 9: webContents.destroyed web1
2024-09-16T07:26:21.126Z 10: window.closed win1
2024-09-16T07:27:03.600Z 11: window.close win2
