2024-09-14 22:22:36.173 [info] Experiment 'pythonRecommendTensorboardExt' is active
2024-09-14 22:22:36.173 [info] Experiment 'pythonTerminalEnvVarActivation' is active
2024-09-14 22:22:36.173 [info] Experiment 'pythonTestAdapter' is active
2024-09-14 22:22:36.173 [warning] Dir "/home/devilunraveled/College/Sem7/IRE/Assignments/.pixi/envs" is not watchable (directory does not exist)
2024-09-14 22:22:36.173 [info] Default formatter is set to null for workspace /home/devilunraveled/College/Sem7/IRE/Assignments
2024-09-14 22:22:36.173 [info] Starting Environment refresh
2024-09-14 22:22:36.173 [info] Searching for interpreters in posix paths locator
2024-09-14 22:22:36.173 [info] Searching for pyenv environments
2024-09-14 22:22:36.173 [info] Searching for conda environments
2024-09-14 22:22:36.173 [info] Searching for global virtual environments
2024-09-14 22:22:36.173 [info] Searching for custom virtual environments
2024-09-14 22:22:36.173 [info] Finished searching for custom virtual envs: 111 milliseconds
2024-09-14 22:22:36.173 [info] > conda info --json
2024-09-14 22:22:36.173 [info] > pixi --version
2024-09-14 22:22:36.173 [info] > hatch env show --json
2024-09-14 22:22:36.173 [info] cwd: .
2024-09-14 22:22:36.173 [info] Python interpreter path: ~/.pyenv/versions/3.12.2/envs/dip/bin/python
2024-09-14 22:22:36.173 [info] Finished searching for global virtual envs: 482 milliseconds
2024-09-14 22:22:36.182 [info] > ~/.pyenv/bin/pyenv which python
2024-09-14 22:22:36.182 [info] cwd: .
2024-09-14 22:22:36.234 [info] > ~/.anaconda_backup/bin/conda info --json
2024-09-14 22:22:36.240 [info] > ~/.conda/bin/conda info --json
2024-09-14 22:22:36.248 [info] > ~/.condarc/bin/conda info --json
2024-09-14 22:22:36.255 [info] > ~/anaconda3/bin/conda info --json
2024-09-14 22:22:36.274 [info] Found: /bin/python --> /bin/python3.12
2024-09-14 22:22:36.384 [info] Found: /bin/python3 --> /bin/python3.12
2024-09-14 22:22:36.410 [warning] could not find a pixi interpreter for the interpreter at /home/devilunraveled/.pyenv/versions/3.12.2/envs/dip/bin/python
2024-09-14 22:22:36.429 [info] Found: /bin/python3.12 --> /bin/python3.12
2024-09-14 22:22:36.490 [info] > . ~/.pyenv/versions/3.12.2/envs/dip/bin/activate && echo 'e8b39361-0157-4923-80e1-22d70d46dee6' && python ~/.vscode/extensions/ms-python.python-2024.14.1-linux-x64/python_files/printEnvVariables.py
2024-09-14 22:22:36.490 [info] shell: zsh
2024-09-14 22:22:36.499 [info] > ~/.pyenv/versions/3.12.2/envs/dip/bin/python -I ~/.vscode/extensions/ms-python.python-2024.14.1-linux-x64/python_files/get_output_via_markers.py ~/.vscode/extensions/ms-python.python-2024.14.1-linux-x64/python_files/interpreterInfo.py
2024-09-14 22:22:36.576 [info] > ~/.pyenv/versions/3.11.8/bin/python ~/.vscode/extensions/ms-python.python-2024.14.1-linux-x64/python_files/printEnvVariables.py
2024-09-14 22:22:36.576 [info] shell: zsh
2024-09-14 22:22:36.581 [info] Found: /sbin/python --> /sbin/python3.12
2024-09-14 22:22:36.582 [info] Found: /sbin/python3 --> /sbin/python3.12
2024-09-14 22:22:36.583 [info] Found: /sbin/python3.12 --> /sbin/python3.12
2024-09-14 22:22:36.594 [info] > ~/.pyenv/versions/3.11.8/bin/python -I ~/.vscode/extensions/ms-python.python-2024.14.1-linux-x64/python_files/get_output_via_markers.py ~/.vscode/extensions/ms-python.python-2024.14.1-linux-x64/python_files/interpreterInfo.py
2024-09-14 22:22:36.608 [info] Found: /usr/bin/python --> /usr/bin/python3.12
2024-09-14 22:22:36.610 [info] Found: /usr/bin/python3 --> /usr/bin/python3.12
2024-09-14 22:22:36.610 [info] Found: /usr/bin/python3.12 --> /usr/bin/python3.12
2024-09-14 22:22:36.623 [info] > ~/.pyenv/versions/3.12.2/bin/python -I ~/.vscode/extensions/ms-python.python-2024.14.1-linux-x64/python_files/get_output_via_markers.py ~/.vscode/extensions/ms-python.python-2024.14.1-linux-x64/python_files/interpreterInfo.py
2024-09-14 22:22:36.639 [info] Prepending environment variable PATH in collection with /home/devilunraveled/.vscode/extensions/ms-python.python-2024.14.1-linux-x64/python_files/deactivate/zsh:/home/devilunraveled/.pyenv/versions/3.12.2/envs/dip/bin: {"applyAtShellIntegration":true,"applyAtProcessCreation":true}
2024-09-14 22:22:36.639 [info] Setting environment variable VIRTUAL_ENV in collection to /home/devilunraveled/.pyenv/versions/3.12.2/envs/dip {"applyAtShellIntegration":true,"applyAtProcessCreation":true}
2024-09-14 22:22:36.639 [info] Prepending environment variable PS1 in collection with (dip)  {"applyAtShellIntegration":true,"applyAtProcessCreation":false}
2024-09-14 22:22:36.639 [info] Setting environment variable VIRTUAL_ENV_PROMPT in collection to (dip)  {"applyAtShellIntegration":true,"applyAtProcessCreation":true}
2024-09-14 22:22:36.640 [info] Send text to terminal: /home/devilunraveled/.pyenv/versions/3.11.8/bin/python /home/devilunraveled/.vscode/extensions/ms-python.python-2024.14.1-linux-x64/python_files/printEnvVariablesToFile.py /home/devilunraveled/.vscode/extensions/ms-python.python-2024.14.1-linux-x64/python_files/deactivate/zsh/envVars.txt
2024-09-14 22:22:36.666 [info] > ~/.pyenv/versions/3.6.15/bin/python -I ~/.vscode/extensions/ms-python.python-2024.14.1-linux-x64/python_files/get_output_via_markers.py ~/.vscode/extensions/ms-python.python-2024.14.1-linux-x64/python_files/interpreterInfo.py
2024-09-14 22:22:36.688 [info] Found: /usr/sbin/python --> /usr/sbin/python3.12
2024-09-14 22:22:36.752 [info] Found: /usr/sbin/python3 --> /usr/sbin/python3.12
2024-09-14 22:22:36.762 [info] Found: /usr/sbin/python3.12 --> /usr/sbin/python3.12
2024-09-14 22:22:36.776 [warning] Looking for python binaries within /home/devilunraveled/git-filter-repo failed with [Error: ENOTDIR: not a directory, scandir '/home/devilunraveled/git-filter-repo'] {
  errno: -20,
  code: 'ENOTDIR',
  syscall: 'scandir',
  path: '/home/devilunraveled/git-filter-repo'
}
2024-09-14 22:22:36.784 [info] > ~/.pyenv/versions/3.7.3/bin/python -I ~/.vscode/extensions/ms-python.python-2024.14.1-linux-x64/python_files/get_output_via_markers.py ~/.vscode/extensions/ms-python.python-2024.14.1-linux-x64/python_files/interpreterInfo.py
2024-09-14 22:22:36.801 [info] > ~/.pyenv/versions/3.12.2/envs/UnsupervisedQAG/bin/python -I ~/.vscode/extensions/ms-python.python-2024.14.1-linux-x64/python_files/get_output_via_markers.py ~/.vscode/extensions/ms-python.python-2024.14.1-linux-x64/python_files/interpreterInfo.py
2024-09-14 22:22:36.872 [info] > ~/.pyenv/versions/3.12.2/envs/amazon/bin/python -I ~/.vscode/extensions/ms-python.python-2024.14.1-linux-x64/python_files/get_output_via_markers.py ~/.vscode/extensions/ms-python.python-2024.14.1-linux-x64/python_files/interpreterInfo.py
2024-09-14 22:22:36.893 [info] > ~/.pyenv/versions/3.12.2/envs/anlp/bin/python -I ~/.vscode/extensions/ms-python.python-2024.14.1-linux-x64/python_files/get_output_via_markers.py ~/.vscode/extensions/ms-python.python-2024.14.1-linux-x64/python_files/interpreterInfo.py
2024-09-14 22:22:36.900 [info] Finished searching for pyenv environments: 1265 milliseconds
2024-09-14 22:22:36.941 [info] > ~/.pyenv/versions/3.12.2/envs/diff/bin/python -I ~/.vscode/extensions/ms-python.python-2024.14.1-linux-x64/python_files/get_output_via_markers.py ~/.vscode/extensions/ms-python.python-2024.14.1-linux-x64/python_files/interpreterInfo.py
2024-09-14 22:22:36.966 [info] > /bin/python -I ~/.vscode/extensions/ms-python.python-2024.14.1-linux-x64/python_files/get_output_via_markers.py ~/.vscode/extensions/ms-python.python-2024.14.1-linux-x64/python_files/interpreterInfo.py
2024-09-14 22:22:36.982 [info] Finished searching for interpreters in posix paths locator: 1350 milliseconds
2024-09-14 22:22:37.000 [info] > ~/.pyenv/versions/3.12.2/envs/elmo/bin/python -I ~/.vscode/extensions/ms-python.python-2024.14.1-linux-x64/python_files/get_output_via_markers.py ~/.vscode/extensions/ms-python.python-2024.14.1-linux-x64/python_files/interpreterInfo.py
2024-09-14 22:22:37.068 [info] > ~/.pyenv/versions/3.12.2/envs/gsmn/bin/python -I ~/.vscode/extensions/ms-python.python-2024.14.1-linux-x64/python_files/get_output_via_markers.py ~/.vscode/extensions/ms-python.python-2024.14.1-linux-x64/python_files/interpreterInfo.py
2024-09-14 22:22:37.080 [info] > ~/.pyenv/versions/3.12.2/envs/mlops/bin/python -I ~/.vscode/extensions/ms-python.python-2024.14.1-linux-x64/python_files/get_output_via_markers.py ~/.vscode/extensions/ms-python.python-2024.14.1-linux-x64/python_files/interpreterInfo.py
2024-09-14 22:22:37.132 [info] > ~/.pyenv/versions/3.7.3/envs/myEnvUMHQA/bin/python -I ~/.vscode/extensions/ms-python.python-2024.14.1-linux-x64/python_files/get_output_via_markers.py ~/.vscode/extensions/ms-python.python-2024.14.1-linux-x64/python_files/interpreterInfo.py
2024-09-14 22:22:37.146 [info] > ~/.pyenv/versions/3.12.2/envs/nlp/bin/python -I ~/.vscode/extensions/ms-python.python-2024.14.1-linux-x64/python_files/get_output_via_markers.py ~/.vscode/extensions/ms-python.python-2024.14.1-linux-x64/python_files/interpreterInfo.py
2024-09-14 22:22:37.201 [info] > ~/.pyenv/versions/3.6.15/envs/serf/bin/python -I ~/.vscode/extensions/ms-python.python-2024.14.1-linux-x64/python_files/get_output_via_markers.py ~/.vscode/extensions/ms-python.python-2024.14.1-linux-x64/python_files/interpreterInfo.py
2024-09-14 22:22:37.238 [info] > ~/.pyenv/versions/3.12.2/envs/tdl/bin/python -I ~/.vscode/extensions/ms-python.python-2024.14.1-linux-x64/python_files/get_output_via_markers.py ~/.vscode/extensions/ms-python.python-2024.14.1-linux-x64/python_files/interpreterInfo.py
2024-09-14 22:22:37.253 [info] > ~/.pyenv/versions/3.6.15/envs/venv/bin/python -I ~/.vscode/extensions/ms-python.python-2024.14.1-linux-x64/python_files/get_output_via_markers.py ~/.vscode/extensions/ms-python.python-2024.14.1-linux-x64/python_files/interpreterInfo.py
2024-09-14 22:22:37.302 [info] > ~/.pyenv/versions/3.12.2/envs/wordvectorization/bin/python -I ~/.vscode/extensions/ms-python.python-2024.14.1-linux-x64/python_files/get_output_via_markers.py ~/.vscode/extensions/ms-python.python-2024.14.1-linux-x64/python_files/interpreterInfo.py
2024-09-14 22:22:37.310 [info] > /sbin/python -I ~/.vscode/extensions/ms-python.python-2024.14.1-linux-x64/python_files/get_output_via_markers.py ~/.vscode/extensions/ms-python.python-2024.14.1-linux-x64/python_files/interpreterInfo.py
2024-09-14 22:22:37.360 [info] > /usr/bin/python -I ~/.vscode/extensions/ms-python.python-2024.14.1-linux-x64/python_files/get_output_via_markers.py ~/.vscode/extensions/ms-python.python-2024.14.1-linux-x64/python_files/interpreterInfo.py
2024-09-14 22:22:37.370 [info] > /usr/sbin/python -I ~/.vscode/extensions/ms-python.python-2024.14.1-linux-x64/python_files/get_output_via_markers.py ~/.vscode/extensions/ms-python.python-2024.14.1-linux-x64/python_files/interpreterInfo.py
2024-09-14 22:22:37.593 [info] Starting Pylance language server.
2024-09-14 22:22:38.171 [info] > ~/anaconda3/bin/python -I ~/.vscode/extensions/ms-python.python-2024.14.1-linux-x64/python_files/get_output_via_markers.py ~/.vscode/extensions/ms-python.python-2024.14.1-linux-x64/python_files/interpreterInfo.py
2024-09-14 22:22:38.183 [info] > ~/anaconda3/envs/pytorch/bin/python -I ~/.vscode/extensions/ms-python.python-2024.14.1-linux-x64/python_files/get_output_via_markers.py ~/.vscode/extensions/ms-python.python-2024.14.1-linux-x64/python_files/interpreterInfo.py
2024-09-14 22:22:38.191 [info] Finished searching for conda environments: 2556 milliseconds
2024-09-14 22:22:38.194 [info] Environments refresh paths discovered (event): 2563 milliseconds
2024-09-14 22:22:38.194 [info] Environments refresh paths discovered: 2563 milliseconds
2024-09-14 22:22:38.225 [info] > ~/miniconda3/bin/python -I ~/.vscode/extensions/ms-python.python-2024.14.1-linux-x64/python_files/get_output_via_markers.py ~/.vscode/extensions/ms-python.python-2024.14.1-linux-x64/python_files/interpreterInfo.py
2024-09-14 22:22:38.243 [info] > ~/miniconda3/envs/d2l/bin/python -I ~/.vscode/extensions/ms-python.python-2024.14.1-linux-x64/python_files/get_output_via_markers.py ~/.vscode/extensions/ms-python.python-2024.14.1-linux-x64/python_files/interpreterInfo.py
2024-09-14 22:22:38.291 [info] > ~/miniconda3/envs/vEmbedKGQA/bin/python -I ~/.vscode/extensions/ms-python.python-2024.14.1-linux-x64/python_files/get_output_via_markers.py ~/.vscode/extensions/ms-python.python-2024.14.1-linux-x64/python_files/interpreterInfo.py
2024-09-14 22:22:38.339 [info] Environments refresh finished (event): 2708 milliseconds
2024-09-14 22:22:38.371 [info] Environment refresh took 2740 milliseconds
2024-09-14 22:22:38.424 [info] > ~/.pyenv/versions/venv/bin/python -I ~/.vscode/extensions/ms-python.python-2024.14.1-linux-x64/python_files/get_output_via_markers.py ~/.vscode/extensions/ms-python.python-2024.14.1-linux-x64/python_files/interpreterInfo.py
2024-09-14 22:22:38.434 [info] > ~/.pyenv/versions/dip/bin/python -I ~/.vscode/extensions/ms-python.python-2024.14.1-linux-x64/python_files/get_output_via_markers.py ~/.vscode/extensions/ms-python.python-2024.14.1-linux-x64/python_files/interpreterInfo.py
2024-09-14 22:22:38.483 [info] > ~/.pyenv/versions/diff/bin/python -I ~/.vscode/extensions/ms-python.python-2024.14.1-linux-x64/python_files/get_output_via_markers.py ~/.vscode/extensions/ms-python.python-2024.14.1-linux-x64/python_files/interpreterInfo.py
2024-09-14 22:22:38.500 [info] > ~/.pyenv/versions/gsmn/bin/python -I ~/.vscode/extensions/ms-python.python-2024.14.1-linux-x64/python_files/get_output_via_markers.py ~/.vscode/extensions/ms-python.python-2024.14.1-linux-x64/python_files/interpreterInfo.py
2024-09-14 22:22:38.541 [info] > ~/.pyenv/versions/mlops/bin/python -I ~/.vscode/extensions/ms-python.python-2024.14.1-linux-x64/python_files/get_output_via_markers.py ~/.vscode/extensions/ms-python.python-2024.14.1-linux-x64/python_files/interpreterInfo.py
2024-09-14 22:22:38.560 [info] > ~/.pyenv/versions/elmo/bin/python -I ~/.vscode/extensions/ms-python.python-2024.14.1-linux-x64/python_files/get_output_via_markers.py ~/.vscode/extensions/ms-python.python-2024.14.1-linux-x64/python_files/interpreterInfo.py
2024-09-14 22:22:38.587 [info] > ~/.pyenv/versions/serf/bin/python -I ~/.vscode/extensions/ms-python.python-2024.14.1-linux-x64/python_files/get_output_via_markers.py ~/.vscode/extensions/ms-python.python-2024.14.1-linux-x64/python_files/interpreterInfo.py
2024-09-14 22:22:38.622 [info] > ~/.pyenv/versions/amazon/bin/python -I ~/.vscode/extensions/ms-python.python-2024.14.1-linux-x64/python_files/get_output_via_markers.py ~/.vscode/extensions/ms-python.python-2024.14.1-linux-x64/python_files/interpreterInfo.py
2024-09-14 22:22:38.644 [info] > ~/.pyenv/versions/tdl/bin/python -I ~/.vscode/extensions/ms-python.python-2024.14.1-linux-x64/python_files/get_output_via_markers.py ~/.vscode/extensions/ms-python.python-2024.14.1-linux-x64/python_files/interpreterInfo.py
2024-09-14 22:22:38.676 [info] > ~/.pyenv/versions/UnsupervisedQAG/bin/python -I ~/.vscode/extensions/ms-python.python-2024.14.1-linux-x64/python_files/get_output_via_markers.py ~/.vscode/extensions/ms-python.python-2024.14.1-linux-x64/python_files/interpreterInfo.py
2024-09-14 22:22:38.697 [info] > ~/.pyenv/versions/myEnvUMHQA/bin/python -I ~/.vscode/extensions/ms-python.python-2024.14.1-linux-x64/python_files/get_output_via_markers.py ~/.vscode/extensions/ms-python.python-2024.14.1-linux-x64/python_files/interpreterInfo.py
2024-09-14 22:22:38.733 [info] > ~/.pyenv/versions/anlp/bin/python -I ~/.vscode/extensions/ms-python.python-2024.14.1-linux-x64/python_files/get_output_via_markers.py ~/.vscode/extensions/ms-python.python-2024.14.1-linux-x64/python_files/interpreterInfo.py
2024-09-14 22:22:38.769 [info] > ~/.pyenv/versions/nlp/bin/python -I ~/.vscode/extensions/ms-python.python-2024.14.1-linux-x64/python_files/get_output_via_markers.py ~/.vscode/extensions/ms-python.python-2024.14.1-linux-x64/python_files/interpreterInfo.py
2024-09-14 22:22:38.788 [info] > ~/.pyenv/versions/wordvectorization/bin/python -I ~/.vscode/extensions/ms-python.python-2024.14.1-linux-x64/python_files/get_output_via_markers.py ~/.vscode/extensions/ms-python.python-2024.14.1-linux-x64/python_files/interpreterInfo.py
2024-09-14 22:22:38.826 [info] > /sbin/python3.12 -I ~/.vscode/extensions/ms-python.python-2024.14.1-linux-x64/python_files/get_output_via_markers.py ~/.vscode/extensions/ms-python.python-2024.14.1-linux-x64/python_files/interpreterInfo.py
2024-09-14 22:22:38.847 [info] > ~/College/Sem6/IntroToNLP/Assignments/NeuralPOSTagging/neuralPosTagging/bin/python -I ~/.vscode/extensions/ms-python.python-2024.14.1-linux-x64/python_files/get_output_via_markers.py ~/.vscode/extensions/ms-python.python-2024.14.1-linux-x64/python_files/interpreterInfo.py
2024-09-14 22:22:38.869 [info] > /usr/sbin/python3.12 -I ~/.vscode/extensions/ms-python.python-2024.14.1-linux-x64/python_files/get_output_via_markers.py ~/.vscode/extensions/ms-python.python-2024.14.1-linux-x64/python_files/interpreterInfo.py
2024-09-14 22:22:38.892 [info] > /usr/sbin/python3 -I ~/.vscode/extensions/ms-python.python-2024.14.1-linux-x64/python_files/get_output_via_markers.py ~/.vscode/extensions/ms-python.python-2024.14.1-linux-x64/python_files/interpreterInfo.py
2024-09-14 22:22:38.925 [info] > /sbin/python3 -I ~/.vscode/extensions/ms-python.python-2024.14.1-linux-x64/python_files/get_output_via_markers.py ~/.vscode/extensions/ms-python.python-2024.14.1-linux-x64/python_files/interpreterInfo.py
