2023-07-28T15:22:15.114Z extension INFO  Activating extension... []

2023-07-28T15:22:15.116Z telemetry INFO  SegmentKey was found [ { type: 'string' } ]

2023-07-28T15:22:15.116Z language server controller INFO  Create MongoDB Language Server [
  {
    serverOptions: { run: [Object], debug: [Object] },
    clientOptions: {
      documentSelector: [Array],
      synchronize: [Object],
      outputChannel: [Object]
    }
  }
]

2023-07-28T15:22:15.119Z playground controller INFO  Active editor path [ undefined ]

2023-07-28T15:22:15.120Z explorer controller INFO  Activating explorer controller... []

2023-07-28T15:22:15.120Z explorer controller INFO  Explorer controller activated []

2023-07-28T15:22:15.120Z help and info explorer INFO  Activating help explorer... []

2023-07-28T15:22:15.120Z help and info explorer INFO  Help explorer activated []

2023-07-28T15:22:15.120Z playgrounds explorer INFO  Activating playgrounds explorer... []

2023-07-28T15:22:15.120Z playgrounds explorer INFO  Playgrounds explorer activated []

2023-07-28T15:22:15.120Z telemetry INFO  Activating segment analytics... []

2023-07-28T15:22:15.121Z telemetry INFO  Segment analytics activated with properties [ { anonymousId: '74d6cac2-09d5-4d14-b710-759e25c6ca60' } ]

2023-07-28T15:22:15.470Z commands INFO  Registering commands... []

2023-07-28T15:22:15.472Z commands INFO  Commands registered []

2023-07-28T15:22:15.472Z extension INFO  Extension activated []

2023-07-28T15:22:48.398Z connection controller INFO  Disconnect called, currently connected to [ null ]

2023-07-28T15:22:48.400Z connection controller INFO  Disconnect called, currently connected to [ null ]

