2023-07-13 19:15:47.705 [info] Extension host with pid 13298 started
2023-07-13 19:15:47.810 [info] ExtensionService#_doActivateExtension vscode.git-base, startup: true, activationEvent: '*', root cause: vscode.git
2023-07-13 19:15:47.813 [info] ExtensionService#_doActivateExtension formulahendry.auto-close-tag, startup: true, activationEvent: '*'
2023-07-13 19:15:47.815 [info] ExtensionService#_doActivateExtension formulahendry.auto-rename-tag, startup: true, activationEvent: '*'
2023-07-13 19:15:47.825 [info] ExtensionService#_doActivateExtension TabNine.tabnine-vscode, startup: true, activationEvent: '*'
2023-07-13 19:15:47.844 [info] ExtensionService#_doActivateExtension vscodevim.vim, startup: true, activationEvent: '*'
2023-07-13 19:15:47.901 [info] ExtensionService#_doActivateExtension wayou.vscode-todo-highlight, startup: true, activationEvent: '*'
2023-07-13 19:15:47.997 [info] ExtensionService#_doActivateExtension vscode.git, startup: true, activationEvent: '*'
2023-07-13 19:15:48.013 [info] ExtensionService#_doActivateExtension vscode.github, startup: true, activationEvent: '*'
2023-07-13 19:15:48.059 [info] ExtensionService#_doActivateExtension vscode.json-language-features, startup: false, activationEvent: 'onLanguage:jsonc'
2023-07-13 19:15:48.073 [info] ExtensionService#_doActivateExtension vscode.typescript-language-features, startup: false, activationEvent: 'onLanguage:jsonc'
2023-07-13 19:15:48.096 [info] ExtensionService#_doActivateExtension vscode.emmet, startup: false, activationEvent: 'onLanguage'
2023-07-13 19:15:48.183 [info] Eager extensions activated
2023-07-13 19:15:48.199 [info] ExtensionService#_doActivateExtension vscode.debug-auto-launch, startup: false, activationEvent: 'onStartupFinished'
2023-07-13 19:15:48.200 [info] ExtensionService#_doActivateExtension vscode.merge-conflict, startup: false, activationEvent: 'onStartupFinished'
2023-07-13 19:15:48.204 [info] ExtensionService#_doActivateExtension aaron-bond.better-comments, startup: false, activationEvent: 'onStartupFinished'
2023-07-13 19:15:48.207 [info] ExtensionService#_doActivateExtension alefragnani.Bookmarks, startup: false, activationEvent: 'onStartupFinished'
2023-07-13 19:15:48.211 [info] ExtensionService#_doActivateExtension alefragnani.project-manager, startup: false, activationEvent: 'onStartupFinished'
2023-07-13 19:15:48.215 [info] ExtensionService#_doActivateExtension dbaeumer.vscode-eslint, startup: false, activationEvent: 'onStartupFinished'
2023-07-13 19:15:48.220 [info] ExtensionService#_doActivateExtension dsznajder.es7-react-js-snippets, startup: false, activationEvent: 'onStartupFinished'
2023-07-13 19:15:48.351 [info] ExtensionService#_doActivateExtension eamodio.gitlens, startup: false, activationEvent: 'onStartupFinished'
2023-07-13 19:15:48.377 [info] ExtensionService#_doActivateExtension esbenp.prettier-vscode, startup: false, activationEvent: 'onStartupFinished'
2023-07-13 19:15:48.401 [info] ExtensionService#_doActivateExtension formulahendry.code-runner, startup: false, activationEvent: 'onStartupFinished'
2023-07-13 19:15:48.417 [info] ExtensionService#_doActivateExtension ms-vscode-remote.remote-containers, startup: false, activationEvent: 'onStartupFinished'
2023-07-13 19:15:48.435 [info] ExtensionService#_doActivateExtension streetsidesoftware.code-spell-checker, startup: false, activationEvent: 'onStartupFinished'
2023-07-13 19:15:48.458 [info] ExtensionService#_doActivateExtension vscode-icons-team.vscode-icons, startup: false, activationEvent: 'onStartupFinished'
2023-07-13 19:15:48.588 [info] ExtensionService#_doActivateExtension vscode.github-authentication, startup: false, activationEvent: 'onAuthenticationRequest:github'
2023-07-13 19:15:48.932 [info] ExtensionService#_doActivateExtension vscode.microsoft-authentication, startup: false, activationEvent: 'onAuthenticationRequest:microsoft'
2023-07-13 19:16:27.112 [info] Extension host terminating: renderer closed the MessagePort
2023-07-13 19:16:27.157 [error] Canceled: Canceled
    at new h (/var/lib/snapd/snap/code/133/usr/share/code/resources/app/out/vs/workbench/api/node/extensionHostProcess.js:99:42413)
    at t.O (/var/lib/snapd/snap/code/133/usr/share/code/resources/app/out/vs/workbench/api/node/extensionHostProcess.js:111:11236)
    at Proxy.U.<computed>.q.charCodeAt.U.<computed> (/var/lib/snapd/snap/code/133/usr/share/code/resources/app/out/vs/workbench/api/node/extensionHostProcess.js:111:8675)
    at e.$vL.g (/var/lib/snapd/snap/code/133/usr/share/code/resources/app/out/vs/workbench/api/node/extensionHostProcess.js:99:63549)
    at e.$vL.executeCommand (/var/lib/snapd/snap/code/133/usr/share/code/resources/app/out/vs/workbench/api/node/extensionHostProcess.js:99:62973)
    at P.registerCommand.description (/var/lib/snapd/snap/code/133/usr/share/code/resources/app/out/vs/workbench/api/node/extensionHostProcess.js:99:62280)
    at e.$vL.h (/var/lib/snapd/snap/code/133/usr/share/code/resources/app/out/vs/workbench/api/node/extensionHostProcess.js:99:64085)
    at e.$vL.g (/var/lib/snapd/snap/code/133/usr/share/code/resources/app/out/vs/workbench/api/node/extensionHostProcess.js:99:63073)
    at e.$vL.executeCommand (/var/lib/snapd/snap/code/133/usr/share/code/resources/app/out/vs/workbench/api/node/extensionHostProcess.js:99:62973)
    at Object.executeCommand (/var/lib/snapd/snap/code/133/usr/share/code/resources/app/out/vs/workbench/api/node/extensionHostProcess.js:117:20971)
    at g (/home/devilunraveled/.vscode/extensions/eamodio.gitlens-14.0.1/dist/gitlens.js:1:916739)
    at c (/home/devilunraveled/.vscode/extensions/eamodio.gitlens-14.0.1/dist/gitlens.js:1:921419)
    at ActionRunners._updateContextKeys (/home/devilunraveled/.vscode/extensions/eamodio.gitlens-14.0.1/dist/gitlens.js:1:37764)
    at s (/home/devilunraveled/.vscode/extensions/eamodio.gitlens-14.0.1/dist/gitlens.js:1:36183)
    at RegisteredActionRunner.unregister (/home/devilunraveled/.vscode/extensions/eamodio.gitlens-14.0.1/dist/gitlens.js:1:36327)
    at RegisteredActionRunner.dispose (/home/devilunraveled/.vscode/extensions/eamodio.gitlens-14.0.1/dist/gitlens.js:1:34992)
    at ActionRunners.dispose (/home/devilunraveled/.vscode/extensions/eamodio.gitlens-14.0.1/dist/gitlens.js:1:35769)
    at /home/devilunraveled/.vscode/extensions/eamodio.gitlens-14.0.1/dist/gitlens.js:1:647728
    at Array.forEach (<anonymous>)
    at Object.dispose (/home/devilunraveled/.vscode/extensions/eamodio.gitlens-14.0.1/dist/gitlens.js:1:647713)
    at S (/var/lib/snapd/snap/code/133/usr/share/code/resources/app/out/vs/workbench/api/node/extensionHostProcess.js:10:11731)
    at i.Z (/var/lib/snapd/snap/code/133/usr/share/code/resources/app/out/vs/workbench/api/node/extensionHostProcess.js:113:10370)
    at /var/lib/snapd/snap/code/133/usr/share/code/resources/app/out/vs/workbench/api/node/extensionHostProcess.js:113:8332
    at Array.map (<anonymous>)
    at i.S (/var/lib/snapd/snap/code/133/usr/share/code/resources/app/out/vs/workbench/api/node/extensionHostProcess.js:113:8319)
    at i.terminate (/var/lib/snapd/snap/code/133/usr/share/code/resources/app/out/vs/workbench/api/node/extensionHostProcess.js:113:8591)
    at u.terminate (/var/lib/snapd/snap/code/133/usr/share/code/resources/app/out/vs/workbench/api/node/extensionHostProcess.js:117:1532)
    at E (/var/lib/snapd/snap/code/133/usr/share/code/resources/app/out/vs/workbench/api/node/extensionHostProcess.js:127:32236)
    at MessagePortMain.<anonymous> (/var/lib/snapd/snap/code/133/usr/share/code/resources/app/out/vs/workbench/api/node/extensionHostProcess.js:127:28665)
    at MessagePortMain.emit (node:events:513:28)
    at Object.MessagePortMain._internalPort.emit (node:electron/js2c/utility_init:2:367) setContext undefined
2023-07-13 19:16:27.157 [error] Canceled: Canceled
    at new h (/var/lib/snapd/snap/code/133/usr/share/code/resources/app/out/vs/workbench/api/node/extensionHostProcess.js:99:42413)
    at t.O (/var/lib/snapd/snap/code/133/usr/share/code/resources/app/out/vs/workbench/api/node/extensionHostProcess.js:111:11236)
    at Proxy.U.<computed>.q.charCodeAt.U.<computed> (/var/lib/snapd/snap/code/133/usr/share/code/resources/app/out/vs/workbench/api/node/extensionHostProcess.js:111:8675)
    at e.$vL.g (/var/lib/snapd/snap/code/133/usr/share/code/resources/app/out/vs/workbench/api/node/extensionHostProcess.js:99:63549)
    at e.$vL.executeCommand (/var/lib/snapd/snap/code/133/usr/share/code/resources/app/out/vs/workbench/api/node/extensionHostProcess.js:99:62973)
    at P.registerCommand.description (/var/lib/snapd/snap/code/133/usr/share/code/resources/app/out/vs/workbench/api/node/extensionHostProcess.js:99:62280)
    at e.$vL.h (/var/lib/snapd/snap/code/133/usr/share/code/resources/app/out/vs/workbench/api/node/extensionHostProcess.js:99:64085)
    at e.$vL.g (/var/lib/snapd/snap/code/133/usr/share/code/resources/app/out/vs/workbench/api/node/extensionHostProcess.js:99:63073)
    at e.$vL.executeCommand (/var/lib/snapd/snap/code/133/usr/share/code/resources/app/out/vs/workbench/api/node/extensionHostProcess.js:99:62973)
    at Object.executeCommand (/var/lib/snapd/snap/code/133/usr/share/code/resources/app/out/vs/workbench/api/node/extensionHostProcess.js:117:20971)
    at g (/home/devilunraveled/.vscode/extensions/eamodio.gitlens-14.0.1/dist/gitlens.js:1:916739)
    at c (/home/devilunraveled/.vscode/extensions/eamodio.gitlens-14.0.1/dist/gitlens.js:1:921419)
    at ActionRunners._updateContextKeys (/home/devilunraveled/.vscode/extensions/eamodio.gitlens-14.0.1/dist/gitlens.js:1:37764)
    at s (/home/devilunraveled/.vscode/extensions/eamodio.gitlens-14.0.1/dist/gitlens.js:1:36183)
    at RegisteredActionRunner.unregister (/home/devilunraveled/.vscode/extensions/eamodio.gitlens-14.0.1/dist/gitlens.js:1:36327)
    at RegisteredActionRunner.dispose (/home/devilunraveled/.vscode/extensions/eamodio.gitlens-14.0.1/dist/gitlens.js:1:34992)
    at ActionRunners.dispose (/home/devilunraveled/.vscode/extensions/eamodio.gitlens-14.0.1/dist/gitlens.js:1:35769)
    at /home/devilunraveled/.vscode/extensions/eamodio.gitlens-14.0.1/dist/gitlens.js:1:647728
    at Array.forEach (<anonymous>)
    at Object.dispose (/home/devilunraveled/.vscode/extensions/eamodio.gitlens-14.0.1/dist/gitlens.js:1:647713)
    at S (/var/lib/snapd/snap/code/133/usr/share/code/resources/app/out/vs/workbench/api/node/extensionHostProcess.js:10:11731)
    at i.Z (/var/lib/snapd/snap/code/133/usr/share/code/resources/app/out/vs/workbench/api/node/extensionHostProcess.js:113:10370)
    at /var/lib/snapd/snap/code/133/usr/share/code/resources/app/out/vs/workbench/api/node/extensionHostProcess.js:113:8332
    at Array.map (<anonymous>)
    at i.S (/var/lib/snapd/snap/code/133/usr/share/code/resources/app/out/vs/workbench/api/node/extensionHostProcess.js:113:8319)
    at i.terminate (/var/lib/snapd/snap/code/133/usr/share/code/resources/app/out/vs/workbench/api/node/extensionHostProcess.js:113:8591)
    at u.terminate (/var/lib/snapd/snap/code/133/usr/share/code/resources/app/out/vs/workbench/api/node/extensionHostProcess.js:117:1532)
    at E (/var/lib/snapd/snap/code/133/usr/share/code/resources/app/out/vs/workbench/api/node/extensionHostProcess.js:127:32236)
    at MessagePortMain.<anonymous> (/var/lib/snapd/snap/code/133/usr/share/code/resources/app/out/vs/workbench/api/node/extensionHostProcess.js:127:28665)
    at MessagePortMain.emit (node:events:513:28)
    at Object.MessagePortMain._internalPort.emit (node:electron/js2c/utility_init:2:367) setContext undefined
2023-07-13 19:16:27.158 [error] Canceled: Canceled
    at new h (/var/lib/snapd/snap/code/133/usr/share/code/resources/app/out/vs/workbench/api/node/extensionHostProcess.js:99:42413)
    at t.O (/var/lib/snapd/snap/code/133/usr/share/code/resources/app/out/vs/workbench/api/node/extensionHostProcess.js:111:11236)
    at Proxy.U.<computed>.q.charCodeAt.U.<computed> (/var/lib/snapd/snap/code/133/usr/share/code/resources/app/out/vs/workbench/api/node/extensionHostProcess.js:111:8675)
    at e.$vL.g (/var/lib/snapd/snap/code/133/usr/share/code/resources/app/out/vs/workbench/api/node/extensionHostProcess.js:99:63549)
    at e.$vL.executeCommand (/var/lib/snapd/snap/code/133/usr/share/code/resources/app/out/vs/workbench/api/node/extensionHostProcess.js:99:62973)
    at P.registerCommand.description (/var/lib/snapd/snap/code/133/usr/share/code/resources/app/out/vs/workbench/api/node/extensionHostProcess.js:99:62280)
    at e.$vL.h (/var/lib/snapd/snap/code/133/usr/share/code/resources/app/out/vs/workbench/api/node/extensionHostProcess.js:99:64085)
    at e.$vL.g (/var/lib/snapd/snap/code/133/usr/share/code/resources/app/out/vs/workbench/api/node/extensionHostProcess.js:99:63073)
    at e.$vL.executeCommand (/var/lib/snapd/snap/code/133/usr/share/code/resources/app/out/vs/workbench/api/node/extensionHostProcess.js:99:62973)
    at Object.executeCommand (/var/lib/snapd/snap/code/133/usr/share/code/resources/app/out/vs/workbench/api/node/extensionHostProcess.js:117:20971)
    at g (/home/devilunraveled/.vscode/extensions/eamodio.gitlens-14.0.1/dist/gitlens.js:1:916739)
    at c (/home/devilunraveled/.vscode/extensions/eamodio.gitlens-14.0.1/dist/gitlens.js:1:921419)
    at ActionRunners._updateContextKeys (/home/devilunraveled/.vscode/extensions/eamodio.gitlens-14.0.1/dist/gitlens.js:1:37764)
    at s (/home/devilunraveled/.vscode/extensions/eamodio.gitlens-14.0.1/dist/gitlens.js:1:36183)
    at RegisteredActionRunner.unregister (/home/devilunraveled/.vscode/extensions/eamodio.gitlens-14.0.1/dist/gitlens.js:1:36327)
    at RegisteredActionRunner.dispose (/home/devilunraveled/.vscode/extensions/eamodio.gitlens-14.0.1/dist/gitlens.js:1:34992)
    at ActionRunners.dispose (/home/devilunraveled/.vscode/extensions/eamodio.gitlens-14.0.1/dist/gitlens.js:1:35769)
    at /home/devilunraveled/.vscode/extensions/eamodio.gitlens-14.0.1/dist/gitlens.js:1:647728
    at Array.forEach (<anonymous>)
    at Object.dispose (/home/devilunraveled/.vscode/extensions/eamodio.gitlens-14.0.1/dist/gitlens.js:1:647713)
    at S (/var/lib/snapd/snap/code/133/usr/share/code/resources/app/out/vs/workbench/api/node/extensionHostProcess.js:10:11731)
    at i.Z (/var/lib/snapd/snap/code/133/usr/share/code/resources/app/out/vs/workbench/api/node/extensionHostProcess.js:113:10370)
    at /var/lib/snapd/snap/code/133/usr/share/code/resources/app/out/vs/workbench/api/node/extensionHostProcess.js:113:8332
    at Array.map (<anonymous>)
    at i.S (/var/lib/snapd/snap/code/133/usr/share/code/resources/app/out/vs/workbench/api/node/extensionHostProcess.js:113:8319)
    at i.terminate (/var/lib/snapd/snap/code/133/usr/share/code/resources/app/out/vs/workbench/api/node/extensionHostProcess.js:113:8591)
    at u.terminate (/var/lib/snapd/snap/code/133/usr/share/code/resources/app/out/vs/workbench/api/node/extensionHostProcess.js:117:1532)
    at E (/var/lib/snapd/snap/code/133/usr/share/code/resources/app/out/vs/workbench/api/node/extensionHostProcess.js:127:32236)
    at MessagePortMain.<anonymous> (/var/lib/snapd/snap/code/133/usr/share/code/resources/app/out/vs/workbench/api/node/extensionHostProcess.js:127:28665)
    at MessagePortMain.emit (node:events:513:28)
    at Object.MessagePortMain._internalPort.emit (node:electron/js2c/utility_init:2:367) setContext undefined
2023-07-13 19:16:27.161 [error] Canceled: Canceled
    at new h (/var/lib/snapd/snap/code/133/usr/share/code/resources/app/out/vs/workbench/api/node/extensionHostProcess.js:99:42413)
    at t.O (/var/lib/snapd/snap/code/133/usr/share/code/resources/app/out/vs/workbench/api/node/extensionHostProcess.js:111:11236)
    at Proxy.U.<computed>.q.charCodeAt.U.<computed> (/var/lib/snapd/snap/code/133/usr/share/code/resources/app/out/vs/workbench/api/node/extensionHostProcess.js:111:8675)
    at e.$vL.g (/var/lib/snapd/snap/code/133/usr/share/code/resources/app/out/vs/workbench/api/node/extensionHostProcess.js:99:63549)
    at e.$vL.executeCommand (/var/lib/snapd/snap/code/133/usr/share/code/resources/app/out/vs/workbench/api/node/extensionHostProcess.js:99:62973)
    at P.registerCommand.description (/var/lib/snapd/snap/code/133/usr/share/code/resources/app/out/vs/workbench/api/node/extensionHostProcess.js:99:62280)
    at e.$vL.h (/var/lib/snapd/snap/code/133/usr/share/code/resources/app/out/vs/workbench/api/node/extensionHostProcess.js:99:64085)
    at e.$vL.g (/var/lib/snapd/snap/code/133/usr/share/code/resources/app/out/vs/workbench/api/node/extensionHostProcess.js:99:63073)
    at e.$vL.executeCommand (/var/lib/snapd/snap/code/133/usr/share/code/resources/app/out/vs/workbench/api/node/extensionHostProcess.js:99:62973)
    at Object.executeCommand (/var/lib/snapd/snap/code/133/usr/share/code/resources/app/out/vs/workbench/api/node/extensionHostProcess.js:117:20971)
    at g (/home/devilunraveled/.vscode/extensions/eamodio.gitlens-14.0.1/dist/gitlens.js:1:916739)
    at c (/home/devilunraveled/.vscode/extensions/eamodio.gitlens-14.0.1/dist/gitlens.js:1:921419)
    at ActionRunners._updateContextKeys (/home/devilunraveled/.vscode/extensions/eamodio.gitlens-14.0.1/dist/gitlens.js:1:37764)
    at s (/home/devilunraveled/.vscode/extensions/eamodio.gitlens-14.0.1/dist/gitlens.js:1:36183)
    at RegisteredActionRunner.unregister (/home/devilunraveled/.vscode/extensions/eamodio.gitlens-14.0.1/dist/gitlens.js:1:36327)
    at RegisteredActionRunner.dispose (/home/devilunraveled/.vscode/extensions/eamodio.gitlens-14.0.1/dist/gitlens.js:1:34992)
    at Object.dispose (/home/devilunraveled/.vscode/extensions/eamodio.gitlens-14.0.1/dist/gitlens.js:1:36424)
    at S (/var/lib/snapd/snap/code/133/usr/share/code/resources/app/out/vs/workbench/api/node/extensionHostProcess.js:10:11731)
    at i.Z (/var/lib/snapd/snap/code/133/usr/share/code/resources/app/out/vs/workbench/api/node/extensionHostProcess.js:113:10370)
    at /var/lib/snapd/snap/code/133/usr/share/code/resources/app/out/vs/workbench/api/node/extensionHostProcess.js:113:8332
    at Array.map (<anonymous>)
    at i.S (/var/lib/snapd/snap/code/133/usr/share/code/resources/app/out/vs/workbench/api/node/extensionHostProcess.js:113:8319)
    at i.terminate (/var/lib/snapd/snap/code/133/usr/share/code/resources/app/out/vs/workbench/api/node/extensionHostProcess.js:113:8591)
    at u.terminate (/var/lib/snapd/snap/code/133/usr/share/code/resources/app/out/vs/workbench/api/node/extensionHostProcess.js:117:1532)
    at E (/var/lib/snapd/snap/code/133/usr/share/code/resources/app/out/vs/workbench/api/node/extensionHostProcess.js:127:32236)
    at MessagePortMain.<anonymous> (/var/lib/snapd/snap/code/133/usr/share/code/resources/app/out/vs/workbench/api/node/extensionHostProcess.js:127:28665)
    at MessagePortMain.emit (node:events:513:28)
    at Object.MessagePortMain._internalPort.emit (node:electron/js2c/utility_init:2:367) setContext undefined
2023-07-13 19:16:27.161 [error] Canceled: Canceled
    at new h (/var/lib/snapd/snap/code/133/usr/share/code/resources/app/out/vs/workbench/api/node/extensionHostProcess.js:99:42413)
    at t.O (/var/lib/snapd/snap/code/133/usr/share/code/resources/app/out/vs/workbench/api/node/extensionHostProcess.js:111:11236)
    at Proxy.U.<computed>.q.charCodeAt.U.<computed> (/var/lib/snapd/snap/code/133/usr/share/code/resources/app/out/vs/workbench/api/node/extensionHostProcess.js:111:8675)
    at e.$vL.g (/var/lib/snapd/snap/code/133/usr/share/code/resources/app/out/vs/workbench/api/node/extensionHostProcess.js:99:63549)
    at e.$vL.executeCommand (/var/lib/snapd/snap/code/133/usr/share/code/resources/app/out/vs/workbench/api/node/extensionHostProcess.js:99:62973)
    at P.registerCommand.description (/var/lib/snapd/snap/code/133/usr/share/code/resources/app/out/vs/workbench/api/node/extensionHostProcess.js:99:62280)
    at e.$vL.h (/var/lib/snapd/snap/code/133/usr/share/code/resources/app/out/vs/workbench/api/node/extensionHostProcess.js:99:64085)
    at e.$vL.g (/var/lib/snapd/snap/code/133/usr/share/code/resources/app/out/vs/workbench/api/node/extensionHostProcess.js:99:63073)
    at e.$vL.executeCommand (/var/lib/snapd/snap/code/133/usr/share/code/resources/app/out/vs/workbench/api/node/extensionHostProcess.js:99:62973)
    at Object.executeCommand (/var/lib/snapd/snap/code/133/usr/share/code/resources/app/out/vs/workbench/api/node/extensionHostProcess.js:117:20971)
    at g (/home/devilunraveled/.vscode/extensions/eamodio.gitlens-14.0.1/dist/gitlens.js:1:916739)
    at c (/home/devilunraveled/.vscode/extensions/eamodio.gitlens-14.0.1/dist/gitlens.js:1:921419)
    at ActionRunners._updateContextKeys (/home/devilunraveled/.vscode/extensions/eamodio.gitlens-14.0.1/dist/gitlens.js:1:37764)
    at s (/home/devilunraveled/.vscode/extensions/eamodio.gitlens-14.0.1/dist/gitlens.js:1:36183)
    at RegisteredActionRunner.unregister (/home/devilunraveled/.vscode/extensions/eamodio.gitlens-14.0.1/dist/gitlens.js:1:36327)
    at RegisteredActionRunner.dispose (/home/devilunraveled/.vscode/extensions/eamodio.gitlens-14.0.1/dist/gitlens.js:1:34992)
    at Object.dispose (/home/devilunraveled/.vscode/extensions/eamodio.gitlens-14.0.1/dist/gitlens.js:1:36424)
    at S (/var/lib/snapd/snap/code/133/usr/share/code/resources/app/out/vs/workbench/api/node/extensionHostProcess.js:10:11731)
    at i.Z (/var/lib/snapd/snap/code/133/usr/share/code/resources/app/out/vs/workbench/api/node/extensionHostProcess.js:113:10370)
    at /var/lib/snapd/snap/code/133/usr/share/code/resources/app/out/vs/workbench/api/node/extensionHostProcess.js:113:8332
    at Array.map (<anonymous>)
    at i.S (/var/lib/snapd/snap/code/133/usr/share/code/resources/app/out/vs/workbench/api/node/extensionHostProcess.js:113:8319)
    at i.terminate (/var/lib/snapd/snap/code/133/usr/share/code/resources/app/out/vs/workbench/api/node/extensionHostProcess.js:113:8591)
    at u.terminate (/var/lib/snapd/snap/code/133/usr/share/code/resources/app/out/vs/workbench/api/node/extensionHostProcess.js:117:1532)
    at E (/var/lib/snapd/snap/code/133/usr/share/code/resources/app/out/vs/workbench/api/node/extensionHostProcess.js:127:32236)
    at MessagePortMain.<anonymous> (/var/lib/snapd/snap/code/133/usr/share/code/resources/app/out/vs/workbench/api/node/extensionHostProcess.js:127:28665)
    at MessagePortMain.emit (node:events:513:28)
    at Object.MessagePortMain._internalPort.emit (node:electron/js2c/utility_init:2:367) setContext undefined
2023-07-13 19:16:27.162 [error] Canceled: Canceled
    at new h (/var/lib/snapd/snap/code/133/usr/share/code/resources/app/out/vs/workbench/api/node/extensionHostProcess.js:99:42413)
    at t.O (/var/lib/snapd/snap/code/133/usr/share/code/resources/app/out/vs/workbench/api/node/extensionHostProcess.js:111:11236)
    at Proxy.U.<computed>.q.charCodeAt.U.<computed> (/var/lib/snapd/snap/code/133/usr/share/code/resources/app/out/vs/workbench/api/node/extensionHostProcess.js:111:8675)
    at e.$vL.g (/var/lib/snapd/snap/code/133/usr/share/code/resources/app/out/vs/workbench/api/node/extensionHostProcess.js:99:63549)
    at e.$vL.executeCommand (/var/lib/snapd/snap/code/133/usr/share/code/resources/app/out/vs/workbench/api/node/extensionHostProcess.js:99:62973)
    at P.registerCommand.description (/var/lib/snapd/snap/code/133/usr/share/code/resources/app/out/vs/workbench/api/node/extensionHostProcess.js:99:62280)
    at e.$vL.h (/var/lib/snapd/snap/code/133/usr/share/code/resources/app/out/vs/workbench/api/node/extensionHostProcess.js:99:64085)
    at e.$vL.g (/var/lib/snapd/snap/code/133/usr/share/code/resources/app/out/vs/workbench/api/node/extensionHostProcess.js:99:63073)
    at e.$vL.executeCommand (/var/lib/snapd/snap/code/133/usr/share/code/resources/app/out/vs/workbench/api/node/extensionHostProcess.js:99:62973)
    at Object.executeCommand (/var/lib/snapd/snap/code/133/usr/share/code/resources/app/out/vs/workbench/api/node/extensionHostProcess.js:117:20971)
    at g (/home/devilunraveled/.vscode/extensions/eamodio.gitlens-14.0.1/dist/gitlens.js:1:916739)
    at c (/home/devilunraveled/.vscode/extensions/eamodio.gitlens-14.0.1/dist/gitlens.js:1:921419)
    at ActionRunners._updateContextKeys (/home/devilunraveled/.vscode/extensions/eamodio.gitlens-14.0.1/dist/gitlens.js:1:37764)
    at s (/home/devilunraveled/.vscode/extensions/eamodio.gitlens-14.0.1/dist/gitlens.js:1:36183)
    at RegisteredActionRunner.unregister (/home/devilunraveled/.vscode/extensions/eamodio.gitlens-14.0.1/dist/gitlens.js:1:36327)
    at RegisteredActionRunner.dispose (/home/devilunraveled/.vscode/extensions/eamodio.gitlens-14.0.1/dist/gitlens.js:1:34992)
    at Object.dispose (/home/devilunraveled/.vscode/extensions/eamodio.gitlens-14.0.1/dist/gitlens.js:1:36424)
    at S (/var/lib/snapd/snap/code/133/usr/share/code/resources/app/out/vs/workbench/api/node/extensionHostProcess.js:10:11731)
    at i.Z (/var/lib/snapd/snap/code/133/usr/share/code/resources/app/out/vs/workbench/api/node/extensionHostProcess.js:113:10370)
    at /var/lib/snapd/snap/code/133/usr/share/code/resources/app/out/vs/workbench/api/node/extensionHostProcess.js:113:8332
    at Array.map (<anonymous>)
    at i.S (/var/lib/snapd/snap/code/133/usr/share/code/resources/app/out/vs/workbench/api/node/extensionHostProcess.js:113:8319)
    at i.terminate (/var/lib/snapd/snap/code/133/usr/share/code/resources/app/out/vs/workbench/api/node/extensionHostProcess.js:113:8591)
    at u.terminate (/var/lib/snapd/snap/code/133/usr/share/code/resources/app/out/vs/workbench/api/node/extensionHostProcess.js:117:1532)
    at E (/var/lib/snapd/snap/code/133/usr/share/code/resources/app/out/vs/workbench/api/node/extensionHostProcess.js:127:32236)
    at MessagePortMain.<anonymous> (/var/lib/snapd/snap/code/133/usr/share/code/resources/app/out/vs/workbench/api/node/extensionHostProcess.js:127:28665)
    at MessagePortMain.emit (node:events:513:28)
    at Object.MessagePortMain._internalPort.emit (node:electron/js2c/utility_init:2:367) setContext undefined
2023-07-13 19:16:27.162 [error] Canceled: Canceled
    at new h (/var/lib/snapd/snap/code/133/usr/share/code/resources/app/out/vs/workbench/api/node/extensionHostProcess.js:99:42413)
    at t.O (/var/lib/snapd/snap/code/133/usr/share/code/resources/app/out/vs/workbench/api/node/extensionHostProcess.js:111:11236)
    at Proxy.U.<computed>.q.charCodeAt.U.<computed> (/var/lib/snapd/snap/code/133/usr/share/code/resources/app/out/vs/workbench/api/node/extensionHostProcess.js:111:8675)
    at e.$vL.g (/var/lib/snapd/snap/code/133/usr/share/code/resources/app/out/vs/workbench/api/node/extensionHostProcess.js:99:63549)
    at e.$vL.executeCommand (/var/lib/snapd/snap/code/133/usr/share/code/resources/app/out/vs/workbench/api/node/extensionHostProcess.js:99:62973)
    at P.registerCommand.description (/var/lib/snapd/snap/code/133/usr/share/code/resources/app/out/vs/workbench/api/node/extensionHostProcess.js:99:62280)
    at e.$vL.h (/var/lib/snapd/snap/code/133/usr/share/code/resources/app/out/vs/workbench/api/node/extensionHostProcess.js:99:64085)
    at e.$vL.g (/var/lib/snapd/snap/code/133/usr/share/code/resources/app/out/vs/workbench/api/node/extensionHostProcess.js:99:63073)
    at e.$vL.executeCommand (/var/lib/snapd/snap/code/133/usr/share/code/resources/app/out/vs/workbench/api/node/extensionHostProcess.js:99:62973)
    at Object.executeCommand (/var/lib/snapd/snap/code/133/usr/share/code/resources/app/out/vs/workbench/api/node/extensionHostProcess.js:117:20971)
    at Object.dispose (/home/devilunraveled/.vscode/extensions/tabnine.tabnine-vscode-3.6.72/out/extension.js:17:87726)
    at o.<anonymous> (/var/lib/snapd/snap/code/133/usr/share/code/resources/app/out/vs/workbench/api/node/extensionHostProcess.js:95:4162)
    at o.dispose (/var/lib/snapd/snap/code/133/usr/share/code/resources/app/out/vs/workbench/api/node/extensionHostProcess.js:95:4297)
    at o.<anonymous> (/var/lib/snapd/snap/code/133/usr/share/code/resources/app/out/vs/workbench/api/node/extensionHostProcess.js:95:4162)
    at o.dispose (/var/lib/snapd/snap/code/133/usr/share/code/resources/app/out/vs/workbench/api/node/extensionHostProcess.js:95:4297)
    at /home/devilunraveled/.vscode/extensions/tabnine.tabnine-vscode-3.6.72/out/extension.js:17:30664
    at Array.forEach (<anonymous>)
    at h (/home/devilunraveled/.vscode/extensions/tabnine.tabnine-vscode-3.6.72/out/extension.js:17:30649)
    at Object.dispose (/home/devilunraveled/.vscode/extensions/tabnine.tabnine-vscode-3.6.72/out/extension.js:17:30092)
    at S (/var/lib/snapd/snap/code/133/usr/share/code/resources/app/out/vs/workbench/api/node/extensionHostProcess.js:10:11731)
    at i.Z (/var/lib/snapd/snap/code/133/usr/share/code/resources/app/out/vs/workbench/api/node/extensionHostProcess.js:113:10370)
    at /var/lib/snapd/snap/code/133/usr/share/code/resources/app/out/vs/workbench/api/node/extensionHostProcess.js:113:8332
    at Array.map (<anonymous>)
    at i.S (/var/lib/snapd/snap/code/133/usr/share/code/resources/app/out/vs/workbench/api/node/extensionHostProcess.js:113:8319)
    at i.terminate (/var/lib/snapd/snap/code/133/usr/share/code/resources/app/out/vs/workbench/api/node/extensionHostProcess.js:113:8591)
    at u.terminate (/var/lib/snapd/snap/code/133/usr/share/code/resources/app/out/vs/workbench/api/node/extensionHostProcess.js:117:1532)
    at E (/var/lib/snapd/snap/code/133/usr/share/code/resources/app/out/vs/workbench/api/node/extensionHostProcess.js:127:32236)
    at MessagePortMain.<anonymous> (/var/lib/snapd/snap/code/133/usr/share/code/resources/app/out/vs/workbench/api/node/extensionHostProcess.js:127:28665)
    at MessagePortMain.emit (node:events:513:28)
    at Object.MessagePortMain._internalPort.emit (node:electron/js2c/utility_init:2:367) setContext undefined
2023-07-13 19:16:27.611 [info] Extension host with pid 13298 exiting with code 0
2023-07-13 19:16:28.025 [info] Extension host with pid 13917 started
2023-07-13 19:16:28.025 [info] Skipping acquiring lock for /home/devilunraveled/.config/Code/User/workspaceStorage/f8d73a25f9eb0ae59723782aa92cf87d.
2023-07-13 19:16:28.144 [info] ExtensionService#_doActivateExtension vscode.git-base, startup: true, activationEvent: '*', root cause: vscode.git
2023-07-13 19:16:28.147 [info] ExtensionService#_doActivateExtension formulahendry.auto-close-tag, startup: true, activationEvent: '*'
2023-07-13 19:16:28.148 [info] ExtensionService#_doActivateExtension formulahendry.auto-rename-tag, startup: true, activationEvent: '*'
2023-07-13 19:16:28.155 [info] ExtensionService#_doActivateExtension TabNine.tabnine-vscode, startup: true, activationEvent: '*'
2023-07-13 19:16:28.168 [info] ExtensionService#_doActivateExtension vscodevim.vim, startup: true, activationEvent: '*'
2023-07-13 19:16:28.216 [info] ExtensionService#_doActivateExtension wayou.vscode-todo-highlight, startup: true, activationEvent: '*'
2023-07-13 19:16:28.296 [info] ExtensionService#_doActivateExtension vscode.git, startup: true, activationEvent: '*'
2023-07-13 19:16:28.312 [info] ExtensionService#_doActivateExtension vscode.github, startup: true, activationEvent: '*'
2023-07-13 19:16:28.353 [info] ExtensionService#_doActivateExtension vscode.json-language-features, startup: false, activationEvent: 'onLanguage:jsonc'
2023-07-13 19:16:28.365 [info] ExtensionService#_doActivateExtension vscode.typescript-language-features, startup: false, activationEvent: 'onLanguage:jsonc'
2023-07-13 19:16:28.376 [info] ExtensionService#_doActivateExtension vscode.emmet, startup: false, activationEvent: 'onLanguage'
2023-07-13 19:16:28.510 [info] Eager extensions activated
2023-07-13 19:16:28.537 [info] ExtensionService#_doActivateExtension vscode.debug-auto-launch, startup: false, activationEvent: 'onStartupFinished'
2023-07-13 19:16:28.538 [info] ExtensionService#_doActivateExtension vscode.merge-conflict, startup: false, activationEvent: 'onStartupFinished'
2023-07-13 19:16:28.544 [info] ExtensionService#_doActivateExtension aaron-bond.better-comments, startup: false, activationEvent: 'onStartupFinished'
2023-07-13 19:16:28.547 [info] ExtensionService#_doActivateExtension alefragnani.Bookmarks, startup: false, activationEvent: 'onStartupFinished'
2023-07-13 19:16:28.550 [info] ExtensionService#_doActivateExtension alefragnani.project-manager, startup: false, activationEvent: 'onStartupFinished'
2023-07-13 19:16:28.554 [info] ExtensionService#_doActivateExtension dbaeumer.vscode-eslint, startup: false, activationEvent: 'onStartupFinished'
2023-07-13 19:16:28.559 [info] ExtensionService#_doActivateExtension dsznajder.es7-react-js-snippets, startup: false, activationEvent: 'onStartupFinished'
2023-07-13 19:16:28.702 [info] ExtensionService#_doActivateExtension eamodio.gitlens, startup: false, activationEvent: 'onStartupFinished'
2023-07-13 19:16:28.726 [info] ExtensionService#_doActivateExtension esbenp.prettier-vscode, startup: false, activationEvent: 'onStartupFinished'
2023-07-13 19:16:28.750 [info] ExtensionService#_doActivateExtension formulahendry.code-runner, startup: false, activationEvent: 'onStartupFinished'
2023-07-13 19:16:28.763 [info] ExtensionService#_doActivateExtension ms-vscode-remote.remote-containers, startup: false, activationEvent: 'onStartupFinished'
2023-07-13 19:16:28.782 [info] ExtensionService#_doActivateExtension streetsidesoftware.code-spell-checker, startup: false, activationEvent: 'onStartupFinished'
2023-07-13 19:16:28.801 [info] ExtensionService#_doActivateExtension vscode-icons-team.vscode-icons, startup: false, activationEvent: 'onStartupFinished'
2023-07-13 19:16:28.823 [info] ExtensionService#_doActivateExtension vscode.github-authentication, startup: false, activationEvent: 'onAuthenticationRequest:github'
2023-07-13 19:16:29.294 [info] ExtensionService#_doActivateExtension vscode.microsoft-authentication, startup: false, activationEvent: 'onAuthenticationRequest:microsoft'
2023-07-13 19:16:47.512 [info] ExtensionService#_doActivateExtension vscode.html-language-features, startup: false, activationEvent: 'onLanguage:html'
2023-07-13 20:04:36.388 [info] Extension host terminating: renderer closed the MessagePort
2023-07-13 20:04:36.441 [error] Canceled: Canceled
    at new h (/var/lib/snapd/snap/code/133/usr/share/code/resources/app/out/vs/workbench/api/node/extensionHostProcess.js:99:42413)
    at t.O (/var/lib/snapd/snap/code/133/usr/share/code/resources/app/out/vs/workbench/api/node/extensionHostProcess.js:111:11236)
    at Proxy.U.<computed>.q.charCodeAt.U.<computed> (/var/lib/snapd/snap/code/133/usr/share/code/resources/app/out/vs/workbench/api/node/extensionHostProcess.js:111:8675)
    at e.$vL.g (/var/lib/snapd/snap/code/133/usr/share/code/resources/app/out/vs/workbench/api/node/extensionHostProcess.js:99:63549)
    at e.$vL.executeCommand (/var/lib/snapd/snap/code/133/usr/share/code/resources/app/out/vs/workbench/api/node/extensionHostProcess.js:99:62973)
    at P.registerCommand.description (/var/lib/snapd/snap/code/133/usr/share/code/resources/app/out/vs/workbench/api/node/extensionHostProcess.js:99:62280)
    at e.$vL.h (/var/lib/snapd/snap/code/133/usr/share/code/resources/app/out/vs/workbench/api/node/extensionHostProcess.js:99:64085)
    at e.$vL.g (/var/lib/snapd/snap/code/133/usr/share/code/resources/app/out/vs/workbench/api/node/extensionHostProcess.js:99:63073)
    at e.$vL.executeCommand (/var/lib/snapd/snap/code/133/usr/share/code/resources/app/out/vs/workbench/api/node/extensionHostProcess.js:99:62973)
    at Object.executeCommand (/var/lib/snapd/snap/code/133/usr/share/code/resources/app/out/vs/workbench/api/node/extensionHostProcess.js:117:20971)
    at g (/home/devilunraveled/.vscode/extensions/eamodio.gitlens-14.0.1/dist/gitlens.js:1:916739)
    at c (/home/devilunraveled/.vscode/extensions/eamodio.gitlens-14.0.1/dist/gitlens.js:1:921419)
    at ActionRunners._updateContextKeys (/home/devilunraveled/.vscode/extensions/eamodio.gitlens-14.0.1/dist/gitlens.js:1:37764)
    at s (/home/devilunraveled/.vscode/extensions/eamodio.gitlens-14.0.1/dist/gitlens.js:1:36183)
    at RegisteredActionRunner.unregister (/home/devilunraveled/.vscode/extensions/eamodio.gitlens-14.0.1/dist/gitlens.js:1:36327)
    at RegisteredActionRunner.dispose (/home/devilunraveled/.vscode/extensions/eamodio.gitlens-14.0.1/dist/gitlens.js:1:34992)
    at ActionRunners.dispose (/home/devilunraveled/.vscode/extensions/eamodio.gitlens-14.0.1/dist/gitlens.js:1:35769)
    at /home/devilunraveled/.vscode/extensions/eamodio.gitlens-14.0.1/dist/gitlens.js:1:647728
    at Array.forEach (<anonymous>)
    at Object.dispose (/home/devilunraveled/.vscode/extensions/eamodio.gitlens-14.0.1/dist/gitlens.js:1:647713)
    at S (/var/lib/snapd/snap/code/133/usr/share/code/resources/app/out/vs/workbench/api/node/extensionHostProcess.js:10:11731)
    at i.Z (/var/lib/snapd/snap/code/133/usr/share/code/resources/app/out/vs/workbench/api/node/extensionHostProcess.js:113:10370)
    at /var/lib/snapd/snap/code/133/usr/share/code/resources/app/out/vs/workbench/api/node/extensionHostProcess.js:113:8332
    at Array.map (<anonymous>)
    at i.S (/var/lib/snapd/snap/code/133/usr/share/code/resources/app/out/vs/workbench/api/node/extensionHostProcess.js:113:8319)
    at i.terminate (/var/lib/snapd/snap/code/133/usr/share/code/resources/app/out/vs/workbench/api/node/extensionHostProcess.js:113:8591)
    at u.terminate (/var/lib/snapd/snap/code/133/usr/share/code/resources/app/out/vs/workbench/api/node/extensionHostProcess.js:117:1532)
    at E (/var/lib/snapd/snap/code/133/usr/share/code/resources/app/out/vs/workbench/api/node/extensionHostProcess.js:127:32236)
    at MessagePortMain.<anonymous> (/var/lib/snapd/snap/code/133/usr/share/code/resources/app/out/vs/workbench/api/node/extensionHostProcess.js:127:28665)
    at MessagePortMain.emit (node:events:513:28)
    at Object.MessagePortMain._internalPort.emit (node:electron/js2c/utility_init:2:367) setContext undefined
2023-07-13 20:04:36.442 [error] Canceled: Canceled
    at new h (/var/lib/snapd/snap/code/133/usr/share/code/resources/app/out/vs/workbench/api/node/extensionHostProcess.js:99:42413)
    at t.O (/var/lib/snapd/snap/code/133/usr/share/code/resources/app/out/vs/workbench/api/node/extensionHostProcess.js:111:11236)
    at Proxy.U.<computed>.q.charCodeAt.U.<computed> (/var/lib/snapd/snap/code/133/usr/share/code/resources/app/out/vs/workbench/api/node/extensionHostProcess.js:111:8675)
    at e.$vL.g (/var/lib/snapd/snap/code/133/usr/share/code/resources/app/out/vs/workbench/api/node/extensionHostProcess.js:99:63549)
    at e.$vL.executeCommand (/var/lib/snapd/snap/code/133/usr/share/code/resources/app/out/vs/workbench/api/node/extensionHostProcess.js:99:62973)
    at P.registerCommand.description (/var/lib/snapd/snap/code/133/usr/share/code/resources/app/out/vs/workbench/api/node/extensionHostProcess.js:99:62280)
    at e.$vL.h (/var/lib/snapd/snap/code/133/usr/share/code/resources/app/out/vs/workbench/api/node/extensionHostProcess.js:99:64085)
    at e.$vL.g (/var/lib/snapd/snap/code/133/usr/share/code/resources/app/out/vs/workbench/api/node/extensionHostProcess.js:99:63073)
    at e.$vL.executeCommand (/var/lib/snapd/snap/code/133/usr/share/code/resources/app/out/vs/workbench/api/node/extensionHostProcess.js:99:62973)
    at Object.executeCommand (/var/lib/snapd/snap/code/133/usr/share/code/resources/app/out/vs/workbench/api/node/extensionHostProcess.js:117:20971)
    at g (/home/devilunraveled/.vscode/extensions/eamodio.gitlens-14.0.1/dist/gitlens.js:1:916739)
    at c (/home/devilunraveled/.vscode/extensions/eamodio.gitlens-14.0.1/dist/gitlens.js:1:921419)
    at ActionRunners._updateContextKeys (/home/devilunraveled/.vscode/extensions/eamodio.gitlens-14.0.1/dist/gitlens.js:1:37764)
    at s (/home/devilunraveled/.vscode/extensions/eamodio.gitlens-14.0.1/dist/gitlens.js:1:36183)
    at RegisteredActionRunner.unregister (/home/devilunraveled/.vscode/extensions/eamodio.gitlens-14.0.1/dist/gitlens.js:1:36327)
    at RegisteredActionRunner.dispose (/home/devilunraveled/.vscode/extensions/eamodio.gitlens-14.0.1/dist/gitlens.js:1:34992)
    at ActionRunners.dispose (/home/devilunraveled/.vscode/extensions/eamodio.gitlens-14.0.1/dist/gitlens.js:1:35769)
    at /home/devilunraveled/.vscode/extensions/eamodio.gitlens-14.0.1/dist/gitlens.js:1:647728
    at Array.forEach (<anonymous>)
    at Object.dispose (/home/devilunraveled/.vscode/extensions/eamodio.gitlens-14.0.1/dist/gitlens.js:1:647713)
    at S (/var/lib/snapd/snap/code/133/usr/share/code/resources/app/out/vs/workbench/api/node/extensionHostProcess.js:10:11731)
    at i.Z (/var/lib/snapd/snap/code/133/usr/share/code/resources/app/out/vs/workbench/api/node/extensionHostProcess.js:113:10370)
    at /var/lib/snapd/snap/code/133/usr/share/code/resources/app/out/vs/workbench/api/node/extensionHostProcess.js:113:8332
    at Array.map (<anonymous>)
    at i.S (/var/lib/snapd/snap/code/133/usr/share/code/resources/app/out/vs/workbench/api/node/extensionHostProcess.js:113:8319)
    at i.terminate (/var/lib/snapd/snap/code/133/usr/share/code/resources/app/out/vs/workbench/api/node/extensionHostProcess.js:113:8591)
    at u.terminate (/var/lib/snapd/snap/code/133/usr/share/code/resources/app/out/vs/workbench/api/node/extensionHostProcess.js:117:1532)
    at E (/var/lib/snapd/snap/code/133/usr/share/code/resources/app/out/vs/workbench/api/node/extensionHostProcess.js:127:32236)
    at MessagePortMain.<anonymous> (/var/lib/snapd/snap/code/133/usr/share/code/resources/app/out/vs/workbench/api/node/extensionHostProcess.js:127:28665)
    at MessagePortMain.emit (node:events:513:28)
    at Object.MessagePortMain._internalPort.emit (node:electron/js2c/utility_init:2:367) setContext undefined
2023-07-13 20:04:36.442 [error] Canceled: Canceled
    at new h (/var/lib/snapd/snap/code/133/usr/share/code/resources/app/out/vs/workbench/api/node/extensionHostProcess.js:99:42413)
    at t.O (/var/lib/snapd/snap/code/133/usr/share/code/resources/app/out/vs/workbench/api/node/extensionHostProcess.js:111:11236)
    at Proxy.U.<computed>.q.charCodeAt.U.<computed> (/var/lib/snapd/snap/code/133/usr/share/code/resources/app/out/vs/workbench/api/node/extensionHostProcess.js:111:8675)
    at e.$vL.g (/var/lib/snapd/snap/code/133/usr/share/code/resources/app/out/vs/workbench/api/node/extensionHostProcess.js:99:63549)
    at e.$vL.executeCommand (/var/lib/snapd/snap/code/133/usr/share/code/resources/app/out/vs/workbench/api/node/extensionHostProcess.js:99:62973)
    at P.registerCommand.description (/var/lib/snapd/snap/code/133/usr/share/code/resources/app/out/vs/workbench/api/node/extensionHostProcess.js:99:62280)
    at e.$vL.h (/var/lib/snapd/snap/code/133/usr/share/code/resources/app/out/vs/workbench/api/node/extensionHostProcess.js:99:64085)
    at e.$vL.g (/var/lib/snapd/snap/code/133/usr/share/code/resources/app/out/vs/workbench/api/node/extensionHostProcess.js:99:63073)
    at e.$vL.executeCommand (/var/lib/snapd/snap/code/133/usr/share/code/resources/app/out/vs/workbench/api/node/extensionHostProcess.js:99:62973)
    at Object.executeCommand (/var/lib/snapd/snap/code/133/usr/share/code/resources/app/out/vs/workbench/api/node/extensionHostProcess.js:117:20971)
    at g (/home/devilunraveled/.vscode/extensions/eamodio.gitlens-14.0.1/dist/gitlens.js:1:916739)
    at c (/home/devilunraveled/.vscode/extensions/eamodio.gitlens-14.0.1/dist/gitlens.js:1:921419)
    at ActionRunners._updateContextKeys (/home/devilunraveled/.vscode/extensions/eamodio.gitlens-14.0.1/dist/gitlens.js:1:37764)
    at s (/home/devilunraveled/.vscode/extensions/eamodio.gitlens-14.0.1/dist/gitlens.js:1:36183)
    at RegisteredActionRunner.unregister (/home/devilunraveled/.vscode/extensions/eamodio.gitlens-14.0.1/dist/gitlens.js:1:36327)
    at RegisteredActionRunner.dispose (/home/devilunraveled/.vscode/extensions/eamodio.gitlens-14.0.1/dist/gitlens.js:1:34992)
    at ActionRunners.dispose (/home/devilunraveled/.vscode/extensions/eamodio.gitlens-14.0.1/dist/gitlens.js:1:35769)
    at /home/devilunraveled/.vscode/extensions/eamodio.gitlens-14.0.1/dist/gitlens.js:1:647728
    at Array.forEach (<anonymous>)
    at Object.dispose (/home/devilunraveled/.vscode/extensions/eamodio.gitlens-14.0.1/dist/gitlens.js:1:647713)
    at S (/var/lib/snapd/snap/code/133/usr/share/code/resources/app/out/vs/workbench/api/node/extensionHostProcess.js:10:11731)
    at i.Z (/var/lib/snapd/snap/code/133/usr/share/code/resources/app/out/vs/workbench/api/node/extensionHostProcess.js:113:10370)
    at /var/lib/snapd/snap/code/133/usr/share/code/resources/app/out/vs/workbench/api/node/extensionHostProcess.js:113:8332
    at Array.map (<anonymous>)
    at i.S (/var/lib/snapd/snap/code/133/usr/share/code/resources/app/out/vs/workbench/api/node/extensionHostProcess.js:113:8319)
    at i.terminate (/var/lib/snapd/snap/code/133/usr/share/code/resources/app/out/vs/workbench/api/node/extensionHostProcess.js:113:8591)
    at u.terminate (/var/lib/snapd/snap/code/133/usr/share/code/resources/app/out/vs/workbench/api/node/extensionHostProcess.js:117:1532)
    at E (/var/lib/snapd/snap/code/133/usr/share/code/resources/app/out/vs/workbench/api/node/extensionHostProcess.js:127:32236)
    at MessagePortMain.<anonymous> (/var/lib/snapd/snap/code/133/usr/share/code/resources/app/out/vs/workbench/api/node/extensionHostProcess.js:127:28665)
    at MessagePortMain.emit (node:events:513:28)
    at Object.MessagePortMain._internalPort.emit (node:electron/js2c/utility_init:2:367) setContext undefined
2023-07-13 20:04:36.444 [error] Canceled: Canceled
    at new h (/var/lib/snapd/snap/code/133/usr/share/code/resources/app/out/vs/workbench/api/node/extensionHostProcess.js:99:42413)
    at t.O (/var/lib/snapd/snap/code/133/usr/share/code/resources/app/out/vs/workbench/api/node/extensionHostProcess.js:111:11236)
    at Proxy.U.<computed>.q.charCodeAt.U.<computed> (/var/lib/snapd/snap/code/133/usr/share/code/resources/app/out/vs/workbench/api/node/extensionHostProcess.js:111:8675)
    at e.$vL.g (/var/lib/snapd/snap/code/133/usr/share/code/resources/app/out/vs/workbench/api/node/extensionHostProcess.js:99:63549)
    at e.$vL.executeCommand (/var/lib/snapd/snap/code/133/usr/share/code/resources/app/out/vs/workbench/api/node/extensionHostProcess.js:99:62973)
    at P.registerCommand.description (/var/lib/snapd/snap/code/133/usr/share/code/resources/app/out/vs/workbench/api/node/extensionHostProcess.js:99:62280)
    at e.$vL.h (/var/lib/snapd/snap/code/133/usr/share/code/resources/app/out/vs/workbench/api/node/extensionHostProcess.js:99:64085)
    at e.$vL.g (/var/lib/snapd/snap/code/133/usr/share/code/resources/app/out/vs/workbench/api/node/extensionHostProcess.js:99:63073)
    at e.$vL.executeCommand (/var/lib/snapd/snap/code/133/usr/share/code/resources/app/out/vs/workbench/api/node/extensionHostProcess.js:99:62973)
    at Object.executeCommand (/var/lib/snapd/snap/code/133/usr/share/code/resources/app/out/vs/workbench/api/node/extensionHostProcess.js:117:20971)
    at g (/home/devilunraveled/.vscode/extensions/eamodio.gitlens-14.0.1/dist/gitlens.js:1:916739)
    at c (/home/devilunraveled/.vscode/extensions/eamodio.gitlens-14.0.1/dist/gitlens.js:1:921419)
    at ActionRunners._updateContextKeys (/home/devilunraveled/.vscode/extensions/eamodio.gitlens-14.0.1/dist/gitlens.js:1:37764)
    at s (/home/devilunraveled/.vscode/extensions/eamodio.gitlens-14.0.1/dist/gitlens.js:1:36183)
    at RegisteredActionRunner.unregister (/home/devilunraveled/.vscode/extensions/eamodio.gitlens-14.0.1/dist/gitlens.js:1:36327)
    at RegisteredActionRunner.dispose (/home/devilunraveled/.vscode/extensions/eamodio.gitlens-14.0.1/dist/gitlens.js:1:34992)
    at Object.dispose (/home/devilunraveled/.vscode/extensions/eamodio.gitlens-14.0.1/dist/gitlens.js:1:36424)
    at S (/var/lib/snapd/snap/code/133/usr/share/code/resources/app/out/vs/workbench/api/node/extensionHostProcess.js:10:11731)
    at i.Z (/var/lib/snapd/snap/code/133/usr/share/code/resources/app/out/vs/workbench/api/node/extensionHostProcess.js:113:10370)
    at /var/lib/snapd/snap/code/133/usr/share/code/resources/app/out/vs/workbench/api/node/extensionHostProcess.js:113:8332
    at Array.map (<anonymous>)
    at i.S (/var/lib/snapd/snap/code/133/usr/share/code/resources/app/out/vs/workbench/api/node/extensionHostProcess.js:113:8319)
    at i.terminate (/var/lib/snapd/snap/code/133/usr/share/code/resources/app/out/vs/workbench/api/node/extensionHostProcess.js:113:8591)
    at u.terminate (/var/lib/snapd/snap/code/133/usr/share/code/resources/app/out/vs/workbench/api/node/extensionHostProcess.js:117:1532)
    at E (/var/lib/snapd/snap/code/133/usr/share/code/resources/app/out/vs/workbench/api/node/extensionHostProcess.js:127:32236)
    at MessagePortMain.<anonymous> (/var/lib/snapd/snap/code/133/usr/share/code/resources/app/out/vs/workbench/api/node/extensionHostProcess.js:127:28665)
    at MessagePortMain.emit (node:events:513:28)
    at Object.MessagePortMain._internalPort.emit (node:electron/js2c/utility_init:2:367) setContext undefined
2023-07-13 20:04:36.445 [error] Canceled: Canceled
    at new h (/var/lib/snapd/snap/code/133/usr/share/code/resources/app/out/vs/workbench/api/node/extensionHostProcess.js:99:42413)
    at t.O (/var/lib/snapd/snap/code/133/usr/share/code/resources/app/out/vs/workbench/api/node/extensionHostProcess.js:111:11236)
    at Proxy.U.<computed>.q.charCodeAt.U.<computed> (/var/lib/snapd/snap/code/133/usr/share/code/resources/app/out/vs/workbench/api/node/extensionHostProcess.js:111:8675)
    at e.$vL.g (/var/lib/snapd/snap/code/133/usr/share/code/resources/app/out/vs/workbench/api/node/extensionHostProcess.js:99:63549)
    at e.$vL.executeCommand (/var/lib/snapd/snap/code/133/usr/share/code/resources/app/out/vs/workbench/api/node/extensionHostProcess.js:99:62973)
    at P.registerCommand.description (/var/lib/snapd/snap/code/133/usr/share/code/resources/app/out/vs/workbench/api/node/extensionHostProcess.js:99:62280)
    at e.$vL.h (/var/lib/snapd/snap/code/133/usr/share/code/resources/app/out/vs/workbench/api/node/extensionHostProcess.js:99:64085)
    at e.$vL.g (/var/lib/snapd/snap/code/133/usr/share/code/resources/app/out/vs/workbench/api/node/extensionHostProcess.js:99:63073)
    at e.$vL.executeCommand (/var/lib/snapd/snap/code/133/usr/share/code/resources/app/out/vs/workbench/api/node/extensionHostProcess.js:99:62973)
    at Object.executeCommand (/var/lib/snapd/snap/code/133/usr/share/code/resources/app/out/vs/workbench/api/node/extensionHostProcess.js:117:20971)
    at g (/home/devilunraveled/.vscode/extensions/eamodio.gitlens-14.0.1/dist/gitlens.js:1:916739)
    at c (/home/devilunraveled/.vscode/extensions/eamodio.gitlens-14.0.1/dist/gitlens.js:1:921419)
    at ActionRunners._updateContextKeys (/home/devilunraveled/.vscode/extensions/eamodio.gitlens-14.0.1/dist/gitlens.js:1:37764)
    at s (/home/devilunraveled/.vscode/extensions/eamodio.gitlens-14.0.1/dist/gitlens.js:1:36183)
    at RegisteredActionRunner.unregister (/home/devilunraveled/.vscode/extensions/eamodio.gitlens-14.0.1/dist/gitlens.js:1:36327)
    at RegisteredActionRunner.dispose (/home/devilunraveled/.vscode/extensions/eamodio.gitlens-14.0.1/dist/gitlens.js:1:34992)
    at Object.dispose (/home/devilunraveled/.vscode/extensions/eamodio.gitlens-14.0.1/dist/gitlens.js:1:36424)
    at S (/var/lib/snapd/snap/code/133/usr/share/code/resources/app/out/vs/workbench/api/node/extensionHostProcess.js:10:11731)
    at i.Z (/var/lib/snapd/snap/code/133/usr/share/code/resources/app/out/vs/workbench/api/node/extensionHostProcess.js:113:10370)
    at /var/lib/snapd/snap/code/133/usr/share/code/resources/app/out/vs/workbench/api/node/extensionHostProcess.js:113:8332
    at Array.map (<anonymous>)
    at i.S (/var/lib/snapd/snap/code/133/usr/share/code/resources/app/out/vs/workbench/api/node/extensionHostProcess.js:113:8319)
    at i.terminate (/var/lib/snapd/snap/code/133/usr/share/code/resources/app/out/vs/workbench/api/node/extensionHostProcess.js:113:8591)
    at u.terminate (/var/lib/snapd/snap/code/133/usr/share/code/resources/app/out/vs/workbench/api/node/extensionHostProcess.js:117:1532)
    at E (/var/lib/snapd/snap/code/133/usr/share/code/resources/app/out/vs/workbench/api/node/extensionHostProcess.js:127:32236)
    at MessagePortMain.<anonymous> (/var/lib/snapd/snap/code/133/usr/share/code/resources/app/out/vs/workbench/api/node/extensionHostProcess.js:127:28665)
    at MessagePortMain.emit (node:events:513:28)
    at Object.MessagePortMain._internalPort.emit (node:electron/js2c/utility_init:2:367) setContext undefined
2023-07-13 20:04:36.445 [error] Canceled: Canceled
    at new h (/var/lib/snapd/snap/code/133/usr/share/code/resources/app/out/vs/workbench/api/node/extensionHostProcess.js:99:42413)
    at t.O (/var/lib/snapd/snap/code/133/usr/share/code/resources/app/out/vs/workbench/api/node/extensionHostProcess.js:111:11236)
    at Proxy.U.<computed>.q.charCodeAt.U.<computed> (/var/lib/snapd/snap/code/133/usr/share/code/resources/app/out/vs/workbench/api/node/extensionHostProcess.js:111:8675)
    at e.$vL.g (/var/lib/snapd/snap/code/133/usr/share/code/resources/app/out/vs/workbench/api/node/extensionHostProcess.js:99:63549)
    at e.$vL.executeCommand (/var/lib/snapd/snap/code/133/usr/share/code/resources/app/out/vs/workbench/api/node/extensionHostProcess.js:99:62973)
    at P.registerCommand.description (/var/lib/snapd/snap/code/133/usr/share/code/resources/app/out/vs/workbench/api/node/extensionHostProcess.js:99:62280)
    at e.$vL.h (/var/lib/snapd/snap/code/133/usr/share/code/resources/app/out/vs/workbench/api/node/extensionHostProcess.js:99:64085)
    at e.$vL.g (/var/lib/snapd/snap/code/133/usr/share/code/resources/app/out/vs/workbench/api/node/extensionHostProcess.js:99:63073)
    at e.$vL.executeCommand (/var/lib/snapd/snap/code/133/usr/share/code/resources/app/out/vs/workbench/api/node/extensionHostProcess.js:99:62973)
    at Object.executeCommand (/var/lib/snapd/snap/code/133/usr/share/code/resources/app/out/vs/workbench/api/node/extensionHostProcess.js:117:20971)
    at g (/home/devilunraveled/.vscode/extensions/eamodio.gitlens-14.0.1/dist/gitlens.js:1:916739)
    at c (/home/devilunraveled/.vscode/extensions/eamodio.gitlens-14.0.1/dist/gitlens.js:1:921419)
    at ActionRunners._updateContextKeys (/home/devilunraveled/.vscode/extensions/eamodio.gitlens-14.0.1/dist/gitlens.js:1:37764)
    at s (/home/devilunraveled/.vscode/extensions/eamodio.gitlens-14.0.1/dist/gitlens.js:1:36183)
    at RegisteredActionRunner.unregister (/home/devilunraveled/.vscode/extensions/eamodio.gitlens-14.0.1/dist/gitlens.js:1:36327)
    at RegisteredActionRunner.dispose (/home/devilunraveled/.vscode/extensions/eamodio.gitlens-14.0.1/dist/gitlens.js:1:34992)
    at Object.dispose (/home/devilunraveled/.vscode/extensions/eamodio.gitlens-14.0.1/dist/gitlens.js:1:36424)
    at S (/var/lib/snapd/snap/code/133/usr/share/code/resources/app/out/vs/workbench/api/node/extensionHostProcess.js:10:11731)
    at i.Z (/var/lib/snapd/snap/code/133/usr/share/code/resources/app/out/vs/workbench/api/node/extensionHostProcess.js:113:10370)
    at /var/lib/snapd/snap/code/133/usr/share/code/resources/app/out/vs/workbench/api/node/extensionHostProcess.js:113:8332
    at Array.map (<anonymous>)
    at i.S (/var/lib/snapd/snap/code/133/usr/share/code/resources/app/out/vs/workbench/api/node/extensionHostProcess.js:113:8319)
    at i.terminate (/var/lib/snapd/snap/code/133/usr/share/code/resources/app/out/vs/workbench/api/node/extensionHostProcess.js:113:8591)
    at u.terminate (/var/lib/snapd/snap/code/133/usr/share/code/resources/app/out/vs/workbench/api/node/extensionHostProcess.js:117:1532)
    at E (/var/lib/snapd/snap/code/133/usr/share/code/resources/app/out/vs/workbench/api/node/extensionHostProcess.js:127:32236)
    at MessagePortMain.<anonymous> (/var/lib/snapd/snap/code/133/usr/share/code/resources/app/out/vs/workbench/api/node/extensionHostProcess.js:127:28665)
    at MessagePortMain.emit (node:events:513:28)
    at Object.MessagePortMain._internalPort.emit (node:electron/js2c/utility_init:2:367) setContext undefined
2023-07-13 20:04:36.445 [error] Canceled: Canceled
    at new h (/var/lib/snapd/snap/code/133/usr/share/code/resources/app/out/vs/workbench/api/node/extensionHostProcess.js:99:42413)
    at t.O (/var/lib/snapd/snap/code/133/usr/share/code/resources/app/out/vs/workbench/api/node/extensionHostProcess.js:111:11236)
    at Proxy.U.<computed>.q.charCodeAt.U.<computed> (/var/lib/snapd/snap/code/133/usr/share/code/resources/app/out/vs/workbench/api/node/extensionHostProcess.js:111:8675)
    at e.$vL.g (/var/lib/snapd/snap/code/133/usr/share/code/resources/app/out/vs/workbench/api/node/extensionHostProcess.js:99:63549)
    at e.$vL.executeCommand (/var/lib/snapd/snap/code/133/usr/share/code/resources/app/out/vs/workbench/api/node/extensionHostProcess.js:99:62973)
    at P.registerCommand.description (/var/lib/snapd/snap/code/133/usr/share/code/resources/app/out/vs/workbench/api/node/extensionHostProcess.js:99:62280)
    at e.$vL.h (/var/lib/snapd/snap/code/133/usr/share/code/resources/app/out/vs/workbench/api/node/extensionHostProcess.js:99:64085)
    at e.$vL.g (/var/lib/snapd/snap/code/133/usr/share/code/resources/app/out/vs/workbench/api/node/extensionHostProcess.js:99:63073)
    at e.$vL.executeCommand (/var/lib/snapd/snap/code/133/usr/share/code/resources/app/out/vs/workbench/api/node/extensionHostProcess.js:99:62973)
    at Object.executeCommand (/var/lib/snapd/snap/code/133/usr/share/code/resources/app/out/vs/workbench/api/node/extensionHostProcess.js:117:20971)
    at Object.dispose (/home/devilunraveled/.vscode/extensions/tabnine.tabnine-vscode-3.6.72/out/extension.js:17:87726)
    at o.<anonymous> (/var/lib/snapd/snap/code/133/usr/share/code/resources/app/out/vs/workbench/api/node/extensionHostProcess.js:95:4162)
    at o.dispose (/var/lib/snapd/snap/code/133/usr/share/code/resources/app/out/vs/workbench/api/node/extensionHostProcess.js:95:4297)
    at o.<anonymous> (/var/lib/snapd/snap/code/133/usr/share/code/resources/app/out/vs/workbench/api/node/extensionHostProcess.js:95:4162)
    at o.dispose (/var/lib/snapd/snap/code/133/usr/share/code/resources/app/out/vs/workbench/api/node/extensionHostProcess.js:95:4297)
    at /home/devilunraveled/.vscode/extensions/tabnine.tabnine-vscode-3.6.72/out/extension.js:17:30664
    at Array.forEach (<anonymous>)
    at h (/home/devilunraveled/.vscode/extensions/tabnine.tabnine-vscode-3.6.72/out/extension.js:17:30649)
    at Object.dispose (/home/devilunraveled/.vscode/extensions/tabnine.tabnine-vscode-3.6.72/out/extension.js:17:30092)
    at S (/var/lib/snapd/snap/code/133/usr/share/code/resources/app/out/vs/workbench/api/node/extensionHostProcess.js:10:11731)
    at i.Z (/var/lib/snapd/snap/code/133/usr/share/code/resources/app/out/vs/workbench/api/node/extensionHostProcess.js:113:10370)
    at /var/lib/snapd/snap/code/133/usr/share/code/resources/app/out/vs/workbench/api/node/extensionHostProcess.js:113:8332
    at Array.map (<anonymous>)
    at i.S (/var/lib/snapd/snap/code/133/usr/share/code/resources/app/out/vs/workbench/api/node/extensionHostProcess.js:113:8319)
    at i.terminate (/var/lib/snapd/snap/code/133/usr/share/code/resources/app/out/vs/workbench/api/node/extensionHostProcess.js:113:8591)
    at u.terminate (/var/lib/snapd/snap/code/133/usr/share/code/resources/app/out/vs/workbench/api/node/extensionHostProcess.js:117:1532)
    at E (/var/lib/snapd/snap/code/133/usr/share/code/resources/app/out/vs/workbench/api/node/extensionHostProcess.js:127:32236)
    at MessagePortMain.<anonymous> (/var/lib/snapd/snap/code/133/usr/share/code/resources/app/out/vs/workbench/api/node/extensionHostProcess.js:127:28665)
    at MessagePortMain.emit (node:events:513:28)
    at Object.MessagePortMain._internalPort.emit (node:electron/js2c/utility_init:2:367) setContext undefined
2023-07-13 20:04:37.435 [info] Extension host with pid 13917 exiting with code 0
