2023-06-22 10:21:11.692 [info] Extension host with pid 10945 started
2023-06-22 10:21:11.692 [info] Skipping acquiring lock for /home/devilunraveled/.config/Code/User/workspaceStorage/e044c97d71cda77814f1201696ef40a5.
2023-06-22 10:21:11.975 [info] ExtensionService#_doActivateExtension vscode.git-base, startup: true, activationEvent: '*', root cause: vscode.git
2023-06-22 10:21:11.981 [info] ExtensionService#_doActivateExtension formulahendry.auto-close-tag, startup: true, activationEvent: '*'
2023-06-22 10:21:11.984 [info] ExtensionService#_doActivateExtension formulahendry.auto-rename-tag, startup: true, activationEvent: '*'
2023-06-22 10:21:12.016 [info] ExtensionService#_doActivateExtension TabNine.tabnine-vscode, startup: true, activationEvent: '*'
2023-06-22 10:21:12.083 [info] ExtensionService#_doActivateExtension vscodevim.vim, startup: true, activationEvent: '*'
2023-06-22 10:21:12.175 [info] ExtensionService#_doActivateExtension wayou.vscode-todo-highlight, startup: true, activationEvent: '*'
2023-06-22 10:21:12.298 [info] ExtensionService#_doActivateExtension vscode.git, startup: true, activationEvent: '*'
2023-06-22 10:21:12.355 [info] ExtensionService#_doActivateExtension vscode.github, startup: true, activationEvent: '*'
2023-06-22 10:21:12.391 [info] ExtensionService#_doActivateExtension vscode.json-language-features, startup: false, activationEvent: 'onLanguage:jsonc'
2023-06-22 10:21:12.442 [info] ExtensionService#_doActivateExtension vscode.typescript-language-features, startup: false, activationEvent: 'onLanguage:jsonc'
2023-06-22 10:21:12.481 [info] ExtensionService#_doActivateExtension vscode.emmet, startup: false, activationEvent: 'onLanguage'
2023-06-22 10:21:12.501 [info] ExtensionService#_doActivateExtension vscode.github-authentication, startup: false, activationEvent: 'onAuthenticationRequest:github'
2023-06-22 10:21:12.773 [info] Eager extensions activated
2023-06-22 10:21:12.801 [info] ExtensionService#_doActivateExtension vscode.debug-auto-launch, startup: false, activationEvent: 'onStartupFinished'
2023-06-22 10:21:12.804 [info] ExtensionService#_doActivateExtension vscode.merge-conflict, startup: false, activationEvent: 'onStartupFinished'
2023-06-22 10:21:12.823 [info] ExtensionService#_doActivateExtension aaron-bond.better-comments, startup: false, activationEvent: 'onStartupFinished'
2023-06-22 10:21:12.831 [info] ExtensionService#_doActivateExtension alefragnani.Bookmarks, startup: false, activationEvent: 'onStartupFinished'
2023-06-22 10:21:12.843 [info] ExtensionService#_doActivateExtension alefragnani.project-manager, startup: false, activationEvent: 'onStartupFinished'
2023-06-22 10:21:12.861 [info] ExtensionService#_doActivateExtension dbaeumer.vscode-eslint, startup: false, activationEvent: 'onStartupFinished'
2023-06-22 10:21:12.891 [info] ExtensionService#_doActivateExtension dsznajder.es7-react-js-snippets, startup: false, activationEvent: 'onStartupFinished'
2023-06-22 10:21:13.232 [info] ExtensionService#_doActivateExtension eamodio.gitlens, startup: false, activationEvent: 'onStartupFinished'
2023-06-22 10:21:13.306 [info] ExtensionService#_doActivateExtension vscode.npm, startup: false, activationEvent: 'onStartupFinished', root cause: esbenp.prettier-vscode
2023-06-22 10:21:13.328 [info] ExtensionService#_doActivateExtension formulahendry.code-runner, startup: false, activationEvent: 'onStartupFinished'
2023-06-22 10:21:13.358 [info] ExtensionService#_doActivateExtension ms-vscode-remote.remote-containers, startup: false, activationEvent: 'onStartupFinished'
2023-06-22 10:21:13.418 [info] ExtensionService#_doActivateExtension streetsidesoftware.code-spell-checker, startup: false, activationEvent: 'onStartupFinished'
2023-06-22 10:21:13.476 [info] ExtensionService#_doActivateExtension vscode-icons-team.vscode-icons, startup: false, activationEvent: 'onStartupFinished'
2023-06-22 10:21:14.082 [info] ExtensionService#_doActivateExtension esbenp.prettier-vscode, startup: false, activationEvent: 'onStartupFinished'
2023-06-22 10:21:14.973 [info] ExtensionService#_doActivateExtension mongodb.mongodb-vscode, startup: false, activationEvent: 'onLanguage:plaintext'
2023-06-22 10:21:15.909 [info] ExtensionService#_doActivateExtension vscode.microsoft-authentication, startup: false, activationEvent: 'onAuthenticationRequest:microsoft'
2023-06-22 10:21:16.511 [info] Extension host terminating: renderer closed the MessagePort
2023-06-22 10:21:16.544 [error] Canceled: Canceled
    at new l (/var/lib/snapd/snap/code/132/usr/share/code/resources/app/out/vs/workbench/api/node/extensionHostProcess.js:99:105905)
    at s.O (/var/lib/snapd/snap/code/132/usr/share/code/resources/app/out/vs/workbench/api/node/extensionHostProcess.js:111:11754)
    at Proxy.$.<computed>.j.charCodeAt.$.<computed> (/var/lib/snapd/snap/code/132/usr/share/code/resources/app/out/vs/workbench/api/node/extensionHostProcess.js:111:9029)
    at e.ExtHostCommands.g (/var/lib/snapd/snap/code/132/usr/share/code/resources/app/out/vs/workbench/api/node/extensionHostProcess.js:99:130078)
    at e.ExtHostCommands.executeCommand (/var/lib/snapd/snap/code/132/usr/share/code/resources/app/out/vs/workbench/api/node/extensionHostProcess.js:99:129454)
    at k.registerCommand.description (/var/lib/snapd/snap/code/132/usr/share/code/resources/app/out/vs/workbench/api/node/extensionHostProcess.js:99:128747)
    at e.ExtHostCommands.h (/var/lib/snapd/snap/code/132/usr/share/code/resources/app/out/vs/workbench/api/node/extensionHostProcess.js:99:130664)
    at e.ExtHostCommands.g (/var/lib/snapd/snap/code/132/usr/share/code/resources/app/out/vs/workbench/api/node/extensionHostProcess.js:99:129554)
    at e.ExtHostCommands.executeCommand (/var/lib/snapd/snap/code/132/usr/share/code/resources/app/out/vs/workbench/api/node/extensionHostProcess.js:99:129454)
    at Object.executeCommand (/var/lib/snapd/snap/code/132/usr/share/code/resources/app/out/vs/workbench/api/node/extensionHostProcess.js:117:24230)
    at D (/var/lib/snapd/snap/code/132/usr/share/code/resources/app/extensions/git/dist/main.js:2:1261288)
    at b.invoke (/var/lib/snapd/snap/code/132/usr/share/code/resources/app/out/vs/workbench/api/node/extensionHostProcess.js:63:145)
    at deliver (/var/lib/snapd/snap/code/132/usr/share/code/resources/app/out/vs/workbench/api/node/extensionHostProcess.js:63:2121)
    at n.fire (/var/lib/snapd/snap/code/132/usr/share/code/resources/app/out/vs/workbench/api/node/extensionHostProcess.js:63:1729)
    at Object.m [as dispose] (/var/lib/snapd/snap/code/132/usr/share/code/resources/app/extensions/git/dist/main.js:2:1276121)
    at /var/lib/snapd/snap/code/132/usr/share/code/resources/app/extensions/git/dist/main.js:2:1280622
    at Array.forEach (<anonymous>)
    at g.dispose (/var/lib/snapd/snap/code/132/usr/share/code/resources/app/extensions/git/dist/main.js:2:1280608)
    at r.<anonymous> (/var/lib/snapd/snap/code/132/usr/share/code/resources/app/out/vs/workbench/api/node/extensionHostProcess.js:97:12552)
    at r.dispose (/var/lib/snapd/snap/code/132/usr/share/code/resources/app/out/vs/workbench/api/node/extensionHostProcess.js:97:12687)
    at r.<anonymous> (/var/lib/snapd/snap/code/132/usr/share/code/resources/app/extensions/git/dist/main.js:2:1263418)
    at r.dispose (/var/lib/snapd/snap/code/132/usr/share/code/resources/app/out/vs/workbench/api/node/extensionHostProcess.js:97:12687)
    at I (/var/lib/snapd/snap/code/132/usr/share/code/resources/app/out/vs/workbench/api/node/extensionHostProcess.js:10:12083)
    at n.Z (/var/lib/snapd/snap/code/132/usr/share/code/resources/app/out/vs/workbench/api/node/extensionHostProcess.js:113:11285)
    at /var/lib/snapd/snap/code/132/usr/share/code/resources/app/out/vs/workbench/api/node/extensionHostProcess.js:113:9187
    at Array.map (<anonymous>)
    at n.S (/var/lib/snapd/snap/code/132/usr/share/code/resources/app/out/vs/workbench/api/node/extensionHostProcess.js:113:9175)
    at n.terminate (/var/lib/snapd/snap/code/132/usr/share/code/resources/app/out/vs/workbench/api/node/extensionHostProcess.js:113:9445)
    at h.terminate (/var/lib/snapd/snap/code/132/usr/share/code/resources/app/out/vs/workbench/api/node/extensionHostProcess.js:117:1544)
    at p (/var/lib/snapd/snap/code/132/usr/share/code/resources/app/out/vs/workbench/api/node/extensionHostProcess.js:127:34497)
    at MessagePortMain.<anonymous> (/var/lib/snapd/snap/code/132/usr/share/code/resources/app/out/vs/workbench/api/node/extensionHostProcess.js:127:30636)
    at MessagePortMain.emit (node:events:513:28)
    at Object.MessagePortMain._internalPort.emit (node:electron/js2c/utility_init:2:367) setContext undefined
2023-06-22 10:21:16.546 [error] Canceled: Canceled
    at new l (/var/lib/snapd/snap/code/132/usr/share/code/resources/app/out/vs/workbench/api/node/extensionHostProcess.js:99:105905)
    at s.O (/var/lib/snapd/snap/code/132/usr/share/code/resources/app/out/vs/workbench/api/node/extensionHostProcess.js:111:11754)
    at Proxy.$.<computed>.j.charCodeAt.$.<computed> (/var/lib/snapd/snap/code/132/usr/share/code/resources/app/out/vs/workbench/api/node/extensionHostProcess.js:111:9029)
    at e.ExtHostCommands.g (/var/lib/snapd/snap/code/132/usr/share/code/resources/app/out/vs/workbench/api/node/extensionHostProcess.js:99:130078)
    at e.ExtHostCommands.executeCommand (/var/lib/snapd/snap/code/132/usr/share/code/resources/app/out/vs/workbench/api/node/extensionHostProcess.js:99:129454)
    at k.registerCommand.description (/var/lib/snapd/snap/code/132/usr/share/code/resources/app/out/vs/workbench/api/node/extensionHostProcess.js:99:128747)
    at e.ExtHostCommands.h (/var/lib/snapd/snap/code/132/usr/share/code/resources/app/out/vs/workbench/api/node/extensionHostProcess.js:99:130664)
    at e.ExtHostCommands.g (/var/lib/snapd/snap/code/132/usr/share/code/resources/app/out/vs/workbench/api/node/extensionHostProcess.js:99:129554)
    at e.ExtHostCommands.executeCommand (/var/lib/snapd/snap/code/132/usr/share/code/resources/app/out/vs/workbench/api/node/extensionHostProcess.js:99:129454)
    at Object.executeCommand (/var/lib/snapd/snap/code/132/usr/share/code/resources/app/out/vs/workbench/api/node/extensionHostProcess.js:117:24230)
    at p.VscodeDevShareProvider.set b [as b] (/var/lib/snapd/snap/code/132/usr/share/code/resources/app/extensions/github/dist/extension.js:2:152873)
    at /var/lib/snapd/snap/code/132/usr/share/code/resources/app/extensions/github/dist/extension.js:2:153583
    at /var/lib/snapd/snap/code/132/usr/share/code/resources/app/extensions/git/dist/main.js:2:1348881
    at b.invoke (/var/lib/snapd/snap/code/132/usr/share/code/resources/app/out/vs/workbench/api/node/extensionHostProcess.js:63:145)
    at deliver (/var/lib/snapd/snap/code/132/usr/share/code/resources/app/out/vs/workbench/api/node/extensionHostProcess.js:63:2121)
    at n.fire (/var/lib/snapd/snap/code/132/usr/share/code/resources/app/out/vs/workbench/api/node/extensionHostProcess.js:63:1729)
    at Object.m [as dispose] (/var/lib/snapd/snap/code/132/usr/share/code/resources/app/extensions/git/dist/main.js:2:1276121)
    at /var/lib/snapd/snap/code/132/usr/share/code/resources/app/extensions/git/dist/main.js:2:1280622
    at Array.forEach (<anonymous>)
    at g.dispose (/var/lib/snapd/snap/code/132/usr/share/code/resources/app/extensions/git/dist/main.js:2:1280608)
    at r.<anonymous> (/var/lib/snapd/snap/code/132/usr/share/code/resources/app/out/vs/workbench/api/node/extensionHostProcess.js:97:12552)
    at r.dispose (/var/lib/snapd/snap/code/132/usr/share/code/resources/app/out/vs/workbench/api/node/extensionHostProcess.js:97:12687)
    at r.<anonymous> (/var/lib/snapd/snap/code/132/usr/share/code/resources/app/extensions/git/dist/main.js:2:1263418)
    at r.dispose (/var/lib/snapd/snap/code/132/usr/share/code/resources/app/out/vs/workbench/api/node/extensionHostProcess.js:97:12687)
    at I (/var/lib/snapd/snap/code/132/usr/share/code/resources/app/out/vs/workbench/api/node/extensionHostProcess.js:10:12083)
    at n.Z (/var/lib/snapd/snap/code/132/usr/share/code/resources/app/out/vs/workbench/api/node/extensionHostProcess.js:113:11285)
    at /var/lib/snapd/snap/code/132/usr/share/code/resources/app/out/vs/workbench/api/node/extensionHostProcess.js:113:9187
    at Array.map (<anonymous>)
    at n.S (/var/lib/snapd/snap/code/132/usr/share/code/resources/app/out/vs/workbench/api/node/extensionHostProcess.js:113:9175)
    at n.terminate (/var/lib/snapd/snap/code/132/usr/share/code/resources/app/out/vs/workbench/api/node/extensionHostProcess.js:113:9445)
    at h.terminate (/var/lib/snapd/snap/code/132/usr/share/code/resources/app/out/vs/workbench/api/node/extensionHostProcess.js:117:1544)
    at p (/var/lib/snapd/snap/code/132/usr/share/code/resources/app/out/vs/workbench/api/node/extensionHostProcess.js:127:34497)
    at MessagePortMain.<anonymous> (/var/lib/snapd/snap/code/132/usr/share/code/resources/app/out/vs/workbench/api/node/extensionHostProcess.js:127:30636)
    at MessagePortMain.emit (node:events:513:28)
    at Object.MessagePortMain._internalPort.emit (node:electron/js2c/utility_init:2:367) setContext undefined
2023-06-22 10:21:16.546 [error] Canceled: Canceled
    at new l (/var/lib/snapd/snap/code/132/usr/share/code/resources/app/out/vs/workbench/api/node/extensionHostProcess.js:99:105905)
    at s.O (/var/lib/snapd/snap/code/132/usr/share/code/resources/app/out/vs/workbench/api/node/extensionHostProcess.js:111:11754)
    at Proxy.$.<computed>.j.charCodeAt.$.<computed> (/var/lib/snapd/snap/code/132/usr/share/code/resources/app/out/vs/workbench/api/node/extensionHostProcess.js:111:9029)
    at e.ExtHostCommands.g (/var/lib/snapd/snap/code/132/usr/share/code/resources/app/out/vs/workbench/api/node/extensionHostProcess.js:99:130078)
    at e.ExtHostCommands.executeCommand (/var/lib/snapd/snap/code/132/usr/share/code/resources/app/out/vs/workbench/api/node/extensionHostProcess.js:99:129454)
    at k.registerCommand.description (/var/lib/snapd/snap/code/132/usr/share/code/resources/app/out/vs/workbench/api/node/extensionHostProcess.js:99:128747)
    at e.ExtHostCommands.h (/var/lib/snapd/snap/code/132/usr/share/code/resources/app/out/vs/workbench/api/node/extensionHostProcess.js:99:130664)
    at e.ExtHostCommands.g (/var/lib/snapd/snap/code/132/usr/share/code/resources/app/out/vs/workbench/api/node/extensionHostProcess.js:99:129554)
    at e.ExtHostCommands.executeCommand (/var/lib/snapd/snap/code/132/usr/share/code/resources/app/out/vs/workbench/api/node/extensionHostProcess.js:99:129454)
    at Object.executeCommand (/var/lib/snapd/snap/code/132/usr/share/code/resources/app/out/vs/workbench/api/node/extensionHostProcess.js:117:24230)
    at g (/home/devilunraveled/.vscode/extensions/eamodio.gitlens-13.6.0/dist/gitlens.js:1:878971)
    at c (/home/devilunraveled/.vscode/extensions/eamodio.gitlens-13.6.0/dist/gitlens.js:1:883651)
    at ActionRunners._updateContextKeys (/home/devilunraveled/.vscode/extensions/eamodio.gitlens-13.6.0/dist/gitlens.js:1:37690)
    at s (/home/devilunraveled/.vscode/extensions/eamodio.gitlens-13.6.0/dist/gitlens.js:1:36109)
    at RegisteredActionRunner.unregister (/home/devilunraveled/.vscode/extensions/eamodio.gitlens-13.6.0/dist/gitlens.js:1:36253)
    at RegisteredActionRunner.dispose (/home/devilunraveled/.vscode/extensions/eamodio.gitlens-13.6.0/dist/gitlens.js:1:34918)
    at ActionRunners.dispose (/home/devilunraveled/.vscode/extensions/eamodio.gitlens-13.6.0/dist/gitlens.js:1:35695)
    at /home/devilunraveled/.vscode/extensions/eamodio.gitlens-13.6.0/dist/gitlens.js:1:613387
    at Array.forEach (<anonymous>)
    at Object.dispose (/home/devilunraveled/.vscode/extensions/eamodio.gitlens-13.6.0/dist/gitlens.js:1:613372)
    at I (/var/lib/snapd/snap/code/132/usr/share/code/resources/app/out/vs/workbench/api/node/extensionHostProcess.js:10:12083)
    at n.Z (/var/lib/snapd/snap/code/132/usr/share/code/resources/app/out/vs/workbench/api/node/extensionHostProcess.js:113:11285)
    at /var/lib/snapd/snap/code/132/usr/share/code/resources/app/out/vs/workbench/api/node/extensionHostProcess.js:113:9187
    at Array.map (<anonymous>)
    at n.S (/var/lib/snapd/snap/code/132/usr/share/code/resources/app/out/vs/workbench/api/node/extensionHostProcess.js:113:9175)
    at n.terminate (/var/lib/snapd/snap/code/132/usr/share/code/resources/app/out/vs/workbench/api/node/extensionHostProcess.js:113:9445)
    at h.terminate (/var/lib/snapd/snap/code/132/usr/share/code/resources/app/out/vs/workbench/api/node/extensionHostProcess.js:117:1544)
    at p (/var/lib/snapd/snap/code/132/usr/share/code/resources/app/out/vs/workbench/api/node/extensionHostProcess.js:127:34497)
    at MessagePortMain.<anonymous> (/var/lib/snapd/snap/code/132/usr/share/code/resources/app/out/vs/workbench/api/node/extensionHostProcess.js:127:30636)
    at MessagePortMain.emit (node:events:513:28)
    at Object.MessagePortMain._internalPort.emit (node:electron/js2c/utility_init:2:367) setContext undefined
2023-06-22 10:21:16.547 [error] Canceled: Canceled
    at new l (/var/lib/snapd/snap/code/132/usr/share/code/resources/app/out/vs/workbench/api/node/extensionHostProcess.js:99:105905)
    at s.O (/var/lib/snapd/snap/code/132/usr/share/code/resources/app/out/vs/workbench/api/node/extensionHostProcess.js:111:11754)
    at Proxy.$.<computed>.j.charCodeAt.$.<computed> (/var/lib/snapd/snap/code/132/usr/share/code/resources/app/out/vs/workbench/api/node/extensionHostProcess.js:111:9029)
    at e.ExtHostCommands.g (/var/lib/snapd/snap/code/132/usr/share/code/resources/app/out/vs/workbench/api/node/extensionHostProcess.js:99:130078)
    at e.ExtHostCommands.executeCommand (/var/lib/snapd/snap/code/132/usr/share/code/resources/app/out/vs/workbench/api/node/extensionHostProcess.js:99:129454)
    at k.registerCommand.description (/var/lib/snapd/snap/code/132/usr/share/code/resources/app/out/vs/workbench/api/node/extensionHostProcess.js:99:128747)
    at e.ExtHostCommands.h (/var/lib/snapd/snap/code/132/usr/share/code/resources/app/out/vs/workbench/api/node/extensionHostProcess.js:99:130664)
    at e.ExtHostCommands.g (/var/lib/snapd/snap/code/132/usr/share/code/resources/app/out/vs/workbench/api/node/extensionHostProcess.js:99:129554)
    at e.ExtHostCommands.executeCommand (/var/lib/snapd/snap/code/132/usr/share/code/resources/app/out/vs/workbench/api/node/extensionHostProcess.js:99:129454)
    at Object.executeCommand (/var/lib/snapd/snap/code/132/usr/share/code/resources/app/out/vs/workbench/api/node/extensionHostProcess.js:117:24230)
    at g (/home/devilunraveled/.vscode/extensions/eamodio.gitlens-13.6.0/dist/gitlens.js:1:878971)
    at c (/home/devilunraveled/.vscode/extensions/eamodio.gitlens-13.6.0/dist/gitlens.js:1:883651)
    at ActionRunners._updateContextKeys (/home/devilunraveled/.vscode/extensions/eamodio.gitlens-13.6.0/dist/gitlens.js:1:37690)
    at s (/home/devilunraveled/.vscode/extensions/eamodio.gitlens-13.6.0/dist/gitlens.js:1:36109)
    at RegisteredActionRunner.unregister (/home/devilunraveled/.vscode/extensions/eamodio.gitlens-13.6.0/dist/gitlens.js:1:36253)
    at RegisteredActionRunner.dispose (/home/devilunraveled/.vscode/extensions/eamodio.gitlens-13.6.0/dist/gitlens.js:1:34918)
    at ActionRunners.dispose (/home/devilunraveled/.vscode/extensions/eamodio.gitlens-13.6.0/dist/gitlens.js:1:35695)
    at /home/devilunraveled/.vscode/extensions/eamodio.gitlens-13.6.0/dist/gitlens.js:1:613387
    at Array.forEach (<anonymous>)
    at Object.dispose (/home/devilunraveled/.vscode/extensions/eamodio.gitlens-13.6.0/dist/gitlens.js:1:613372)
    at I (/var/lib/snapd/snap/code/132/usr/share/code/resources/app/out/vs/workbench/api/node/extensionHostProcess.js:10:12083)
    at n.Z (/var/lib/snapd/snap/code/132/usr/share/code/resources/app/out/vs/workbench/api/node/extensionHostProcess.js:113:11285)
    at /var/lib/snapd/snap/code/132/usr/share/code/resources/app/out/vs/workbench/api/node/extensionHostProcess.js:113:9187
    at Array.map (<anonymous>)
    at n.S (/var/lib/snapd/snap/code/132/usr/share/code/resources/app/out/vs/workbench/api/node/extensionHostProcess.js:113:9175)
    at n.terminate (/var/lib/snapd/snap/code/132/usr/share/code/resources/app/out/vs/workbench/api/node/extensionHostProcess.js:113:9445)
    at h.terminate (/var/lib/snapd/snap/code/132/usr/share/code/resources/app/out/vs/workbench/api/node/extensionHostProcess.js:117:1544)
    at p (/var/lib/snapd/snap/code/132/usr/share/code/resources/app/out/vs/workbench/api/node/extensionHostProcess.js:127:34497)
    at MessagePortMain.<anonymous> (/var/lib/snapd/snap/code/132/usr/share/code/resources/app/out/vs/workbench/api/node/extensionHostProcess.js:127:30636)
    at MessagePortMain.emit (node:events:513:28)
    at Object.MessagePortMain._internalPort.emit (node:electron/js2c/utility_init:2:367) setContext undefined
2023-06-22 10:21:16.547 [error] Canceled: Canceled
    at new l (/var/lib/snapd/snap/code/132/usr/share/code/resources/app/out/vs/workbench/api/node/extensionHostProcess.js:99:105905)
    at s.O (/var/lib/snapd/snap/code/132/usr/share/code/resources/app/out/vs/workbench/api/node/extensionHostProcess.js:111:11754)
    at Proxy.$.<computed>.j.charCodeAt.$.<computed> (/var/lib/snapd/snap/code/132/usr/share/code/resources/app/out/vs/workbench/api/node/extensionHostProcess.js:111:9029)
    at e.ExtHostCommands.g (/var/lib/snapd/snap/code/132/usr/share/code/resources/app/out/vs/workbench/api/node/extensionHostProcess.js:99:130078)
    at e.ExtHostCommands.executeCommand (/var/lib/snapd/snap/code/132/usr/share/code/resources/app/out/vs/workbench/api/node/extensionHostProcess.js:99:129454)
    at k.registerCommand.description (/var/lib/snapd/snap/code/132/usr/share/code/resources/app/out/vs/workbench/api/node/extensionHostProcess.js:99:128747)
    at e.ExtHostCommands.h (/var/lib/snapd/snap/code/132/usr/share/code/resources/app/out/vs/workbench/api/node/extensionHostProcess.js:99:130664)
    at e.ExtHostCommands.g (/var/lib/snapd/snap/code/132/usr/share/code/resources/app/out/vs/workbench/api/node/extensionHostProcess.js:99:129554)
    at e.ExtHostCommands.executeCommand (/var/lib/snapd/snap/code/132/usr/share/code/resources/app/out/vs/workbench/api/node/extensionHostProcess.js:99:129454)
    at Object.executeCommand (/var/lib/snapd/snap/code/132/usr/share/code/resources/app/out/vs/workbench/api/node/extensionHostProcess.js:117:24230)
    at g (/home/devilunraveled/.vscode/extensions/eamodio.gitlens-13.6.0/dist/gitlens.js:1:878971)
    at c (/home/devilunraveled/.vscode/extensions/eamodio.gitlens-13.6.0/dist/gitlens.js:1:883651)
    at ActionRunners._updateContextKeys (/home/devilunraveled/.vscode/extensions/eamodio.gitlens-13.6.0/dist/gitlens.js:1:37690)
    at s (/home/devilunraveled/.vscode/extensions/eamodio.gitlens-13.6.0/dist/gitlens.js:1:36109)
    at RegisteredActionRunner.unregister (/home/devilunraveled/.vscode/extensions/eamodio.gitlens-13.6.0/dist/gitlens.js:1:36253)
    at RegisteredActionRunner.dispose (/home/devilunraveled/.vscode/extensions/eamodio.gitlens-13.6.0/dist/gitlens.js:1:34918)
    at ActionRunners.dispose (/home/devilunraveled/.vscode/extensions/eamodio.gitlens-13.6.0/dist/gitlens.js:1:35695)
    at /home/devilunraveled/.vscode/extensions/eamodio.gitlens-13.6.0/dist/gitlens.js:1:613387
    at Array.forEach (<anonymous>)
    at Object.dispose (/home/devilunraveled/.vscode/extensions/eamodio.gitlens-13.6.0/dist/gitlens.js:1:613372)
    at I (/var/lib/snapd/snap/code/132/usr/share/code/resources/app/out/vs/workbench/api/node/extensionHostProcess.js:10:12083)
    at n.Z (/var/lib/snapd/snap/code/132/usr/share/code/resources/app/out/vs/workbench/api/node/extensionHostProcess.js:113:11285)
    at /var/lib/snapd/snap/code/132/usr/share/code/resources/app/out/vs/workbench/api/node/extensionHostProcess.js:113:9187
    at Array.map (<anonymous>)
    at n.S (/var/lib/snapd/snap/code/132/usr/share/code/resources/app/out/vs/workbench/api/node/extensionHostProcess.js:113:9175)
    at n.terminate (/var/lib/snapd/snap/code/132/usr/share/code/resources/app/out/vs/workbench/api/node/extensionHostProcess.js:113:9445)
    at h.terminate (/var/lib/snapd/snap/code/132/usr/share/code/resources/app/out/vs/workbench/api/node/extensionHostProcess.js:117:1544)
    at p (/var/lib/snapd/snap/code/132/usr/share/code/resources/app/out/vs/workbench/api/node/extensionHostProcess.js:127:34497)
    at MessagePortMain.<anonymous> (/var/lib/snapd/snap/code/132/usr/share/code/resources/app/out/vs/workbench/api/node/extensionHostProcess.js:127:30636)
    at MessagePortMain.emit (node:events:513:28)
    at Object.MessagePortMain._internalPort.emit (node:electron/js2c/utility_init:2:367) setContext undefined
2023-06-22 10:21:16.547 [error] Canceled: Canceled
    at new l (/var/lib/snapd/snap/code/132/usr/share/code/resources/app/out/vs/workbench/api/node/extensionHostProcess.js:99:105905)
    at s.O (/var/lib/snapd/snap/code/132/usr/share/code/resources/app/out/vs/workbench/api/node/extensionHostProcess.js:111:11754)
    at Proxy.$.<computed>.j.charCodeAt.$.<computed> (/var/lib/snapd/snap/code/132/usr/share/code/resources/app/out/vs/workbench/api/node/extensionHostProcess.js:111:9029)
    at e.ExtHostCommands.g (/var/lib/snapd/snap/code/132/usr/share/code/resources/app/out/vs/workbench/api/node/extensionHostProcess.js:99:130078)
    at e.ExtHostCommands.executeCommand (/var/lib/snapd/snap/code/132/usr/share/code/resources/app/out/vs/workbench/api/node/extensionHostProcess.js:99:129454)
    at k.registerCommand.description (/var/lib/snapd/snap/code/132/usr/share/code/resources/app/out/vs/workbench/api/node/extensionHostProcess.js:99:128747)
    at e.ExtHostCommands.h (/var/lib/snapd/snap/code/132/usr/share/code/resources/app/out/vs/workbench/api/node/extensionHostProcess.js:99:130664)
    at e.ExtHostCommands.g (/var/lib/snapd/snap/code/132/usr/share/code/resources/app/out/vs/workbench/api/node/extensionHostProcess.js:99:129554)
    at e.ExtHostCommands.executeCommand (/var/lib/snapd/snap/code/132/usr/share/code/resources/app/out/vs/workbench/api/node/extensionHostProcess.js:99:129454)
    at Object.executeCommand (/var/lib/snapd/snap/code/132/usr/share/code/resources/app/out/vs/workbench/api/node/extensionHostProcess.js:117:24230)
    at g (/home/devilunraveled/.vscode/extensions/eamodio.gitlens-13.6.0/dist/gitlens.js:1:878971)
    at c (/home/devilunraveled/.vscode/extensions/eamodio.gitlens-13.6.0/dist/gitlens.js:1:883651)
    at ActionRunners._updateContextKeys (/home/devilunraveled/.vscode/extensions/eamodio.gitlens-13.6.0/dist/gitlens.js:1:37690)
    at s (/home/devilunraveled/.vscode/extensions/eamodio.gitlens-13.6.0/dist/gitlens.js:1:36109)
    at RegisteredActionRunner.unregister (/home/devilunraveled/.vscode/extensions/eamodio.gitlens-13.6.0/dist/gitlens.js:1:36253)
    at RegisteredActionRunner.dispose (/home/devilunraveled/.vscode/extensions/eamodio.gitlens-13.6.0/dist/gitlens.js:1:34918)
    at Object.dispose (/home/devilunraveled/.vscode/extensions/eamodio.gitlens-13.6.0/dist/gitlens.js:1:36350)
    at I (/var/lib/snapd/snap/code/132/usr/share/code/resources/app/out/vs/workbench/api/node/extensionHostProcess.js:10:12083)
    at n.Z (/var/lib/snapd/snap/code/132/usr/share/code/resources/app/out/vs/workbench/api/node/extensionHostProcess.js:113:11285)
    at /var/lib/snapd/snap/code/132/usr/share/code/resources/app/out/vs/workbench/api/node/extensionHostProcess.js:113:9187
    at Array.map (<anonymous>)
    at n.S (/var/lib/snapd/snap/code/132/usr/share/code/resources/app/out/vs/workbench/api/node/extensionHostProcess.js:113:9175)
    at n.terminate (/var/lib/snapd/snap/code/132/usr/share/code/resources/app/out/vs/workbench/api/node/extensionHostProcess.js:113:9445)
    at h.terminate (/var/lib/snapd/snap/code/132/usr/share/code/resources/app/out/vs/workbench/api/node/extensionHostProcess.js:117:1544)
    at p (/var/lib/snapd/snap/code/132/usr/share/code/resources/app/out/vs/workbench/api/node/extensionHostProcess.js:127:34497)
    at MessagePortMain.<anonymous> (/var/lib/snapd/snap/code/132/usr/share/code/resources/app/out/vs/workbench/api/node/extensionHostProcess.js:127:30636)
    at MessagePortMain.emit (node:events:513:28)
    at Object.MessagePortMain._internalPort.emit (node:electron/js2c/utility_init:2:367) setContext undefined
2023-06-22 10:21:16.548 [error] Canceled: Canceled
    at new l (/var/lib/snapd/snap/code/132/usr/share/code/resources/app/out/vs/workbench/api/node/extensionHostProcess.js:99:105905)
    at s.O (/var/lib/snapd/snap/code/132/usr/share/code/resources/app/out/vs/workbench/api/node/extensionHostProcess.js:111:11754)
    at Proxy.$.<computed>.j.charCodeAt.$.<computed> (/var/lib/snapd/snap/code/132/usr/share/code/resources/app/out/vs/workbench/api/node/extensionHostProcess.js:111:9029)
    at e.ExtHostCommands.g (/var/lib/snapd/snap/code/132/usr/share/code/resources/app/out/vs/workbench/api/node/extensionHostProcess.js:99:130078)
    at e.ExtHostCommands.executeCommand (/var/lib/snapd/snap/code/132/usr/share/code/resources/app/out/vs/workbench/api/node/extensionHostProcess.js:99:129454)
    at k.registerCommand.description (/var/lib/snapd/snap/code/132/usr/share/code/resources/app/out/vs/workbench/api/node/extensionHostProcess.js:99:128747)
    at e.ExtHostCommands.h (/var/lib/snapd/snap/code/132/usr/share/code/resources/app/out/vs/workbench/api/node/extensionHostProcess.js:99:130664)
    at e.ExtHostCommands.g (/var/lib/snapd/snap/code/132/usr/share/code/resources/app/out/vs/workbench/api/node/extensionHostProcess.js:99:129554)
    at e.ExtHostCommands.executeCommand (/var/lib/snapd/snap/code/132/usr/share/code/resources/app/out/vs/workbench/api/node/extensionHostProcess.js:99:129454)
    at Object.executeCommand (/var/lib/snapd/snap/code/132/usr/share/code/resources/app/out/vs/workbench/api/node/extensionHostProcess.js:117:24230)
    at g (/home/devilunraveled/.vscode/extensions/eamodio.gitlens-13.6.0/dist/gitlens.js:1:878971)
    at c (/home/devilunraveled/.vscode/extensions/eamodio.gitlens-13.6.0/dist/gitlens.js:1:883651)
    at ActionRunners._updateContextKeys (/home/devilunraveled/.vscode/extensions/eamodio.gitlens-13.6.0/dist/gitlens.js:1:37690)
    at s (/home/devilunraveled/.vscode/extensions/eamodio.gitlens-13.6.0/dist/gitlens.js:1:36109)
    at RegisteredActionRunner.unregister (/home/devilunraveled/.vscode/extensions/eamodio.gitlens-13.6.0/dist/gitlens.js:1:36253)
    at RegisteredActionRunner.dispose (/home/devilunraveled/.vscode/extensions/eamodio.gitlens-13.6.0/dist/gitlens.js:1:34918)
    at Object.dispose (/home/devilunraveled/.vscode/extensions/eamodio.gitlens-13.6.0/dist/gitlens.js:1:36350)
    at I (/var/lib/snapd/snap/code/132/usr/share/code/resources/app/out/vs/workbench/api/node/extensionHostProcess.js:10:12083)
    at n.Z (/var/lib/snapd/snap/code/132/usr/share/code/resources/app/out/vs/workbench/api/node/extensionHostProcess.js:113:11285)
    at /var/lib/snapd/snap/code/132/usr/share/code/resources/app/out/vs/workbench/api/node/extensionHostProcess.js:113:9187
    at Array.map (<anonymous>)
    at n.S (/var/lib/snapd/snap/code/132/usr/share/code/resources/app/out/vs/workbench/api/node/extensionHostProcess.js:113:9175)
    at n.terminate (/var/lib/snapd/snap/code/132/usr/share/code/resources/app/out/vs/workbench/api/node/extensionHostProcess.js:113:9445)
    at h.terminate (/var/lib/snapd/snap/code/132/usr/share/code/resources/app/out/vs/workbench/api/node/extensionHostProcess.js:117:1544)
    at p (/var/lib/snapd/snap/code/132/usr/share/code/resources/app/out/vs/workbench/api/node/extensionHostProcess.js:127:34497)
    at MessagePortMain.<anonymous> (/var/lib/snapd/snap/code/132/usr/share/code/resources/app/out/vs/workbench/api/node/extensionHostProcess.js:127:30636)
    at MessagePortMain.emit (node:events:513:28)
    at Object.MessagePortMain._internalPort.emit (node:electron/js2c/utility_init:2:367) setContext undefined
2023-06-22 10:21:16.548 [error] Canceled: Canceled
    at new l (/var/lib/snapd/snap/code/132/usr/share/code/resources/app/out/vs/workbench/api/node/extensionHostProcess.js:99:105905)
    at s.O (/var/lib/snapd/snap/code/132/usr/share/code/resources/app/out/vs/workbench/api/node/extensionHostProcess.js:111:11754)
    at Proxy.$.<computed>.j.charCodeAt.$.<computed> (/var/lib/snapd/snap/code/132/usr/share/code/resources/app/out/vs/workbench/api/node/extensionHostProcess.js:111:9029)
    at e.ExtHostCommands.g (/var/lib/snapd/snap/code/132/usr/share/code/resources/app/out/vs/workbench/api/node/extensionHostProcess.js:99:130078)
    at e.ExtHostCommands.executeCommand (/var/lib/snapd/snap/code/132/usr/share/code/resources/app/out/vs/workbench/api/node/extensionHostProcess.js:99:129454)
    at k.registerCommand.description (/var/lib/snapd/snap/code/132/usr/share/code/resources/app/out/vs/workbench/api/node/extensionHostProcess.js:99:128747)
    at e.ExtHostCommands.h (/var/lib/snapd/snap/code/132/usr/share/code/resources/app/out/vs/workbench/api/node/extensionHostProcess.js:99:130664)
    at e.ExtHostCommands.g (/var/lib/snapd/snap/code/132/usr/share/code/resources/app/out/vs/workbench/api/node/extensionHostProcess.js:99:129554)
    at e.ExtHostCommands.executeCommand (/var/lib/snapd/snap/code/132/usr/share/code/resources/app/out/vs/workbench/api/node/extensionHostProcess.js:99:129454)
    at Object.executeCommand (/var/lib/snapd/snap/code/132/usr/share/code/resources/app/out/vs/workbench/api/node/extensionHostProcess.js:117:24230)
    at g (/home/devilunraveled/.vscode/extensions/eamodio.gitlens-13.6.0/dist/gitlens.js:1:878971)
    at c (/home/devilunraveled/.vscode/extensions/eamodio.gitlens-13.6.0/dist/gitlens.js:1:883651)
    at ActionRunners._updateContextKeys (/home/devilunraveled/.vscode/extensions/eamodio.gitlens-13.6.0/dist/gitlens.js:1:37690)
    at s (/home/devilunraveled/.vscode/extensions/eamodio.gitlens-13.6.0/dist/gitlens.js:1:36109)
    at RegisteredActionRunner.unregister (/home/devilunraveled/.vscode/extensions/eamodio.gitlens-13.6.0/dist/gitlens.js:1:36253)
    at RegisteredActionRunner.dispose (/home/devilunraveled/.vscode/extensions/eamodio.gitlens-13.6.0/dist/gitlens.js:1:34918)
    at Object.dispose (/home/devilunraveled/.vscode/extensions/eamodio.gitlens-13.6.0/dist/gitlens.js:1:36350)
    at I (/var/lib/snapd/snap/code/132/usr/share/code/resources/app/out/vs/workbench/api/node/extensionHostProcess.js:10:12083)
    at n.Z (/var/lib/snapd/snap/code/132/usr/share/code/resources/app/out/vs/workbench/api/node/extensionHostProcess.js:113:11285)
    at /var/lib/snapd/snap/code/132/usr/share/code/resources/app/out/vs/workbench/api/node/extensionHostProcess.js:113:9187
    at Array.map (<anonymous>)
    at n.S (/var/lib/snapd/snap/code/132/usr/share/code/resources/app/out/vs/workbench/api/node/extensionHostProcess.js:113:9175)
    at n.terminate (/var/lib/snapd/snap/code/132/usr/share/code/resources/app/out/vs/workbench/api/node/extensionHostProcess.js:113:9445)
    at h.terminate (/var/lib/snapd/snap/code/132/usr/share/code/resources/app/out/vs/workbench/api/node/extensionHostProcess.js:117:1544)
    at p (/var/lib/snapd/snap/code/132/usr/share/code/resources/app/out/vs/workbench/api/node/extensionHostProcess.js:127:34497)
    at MessagePortMain.<anonymous> (/var/lib/snapd/snap/code/132/usr/share/code/resources/app/out/vs/workbench/api/node/extensionHostProcess.js:127:30636)
    at MessagePortMain.emit (node:events:513:28)
    at Object.MessagePortMain._internalPort.emit (node:electron/js2c/utility_init:2:367) setContext undefined
2023-06-22 10:21:16.548 [error] Canceled: Canceled
    at new l (/var/lib/snapd/snap/code/132/usr/share/code/resources/app/out/vs/workbench/api/node/extensionHostProcess.js:99:105905)
    at s.O (/var/lib/snapd/snap/code/132/usr/share/code/resources/app/out/vs/workbench/api/node/extensionHostProcess.js:111:11754)
    at Proxy.$.<computed>.j.charCodeAt.$.<computed> (/var/lib/snapd/snap/code/132/usr/share/code/resources/app/out/vs/workbench/api/node/extensionHostProcess.js:111:9029)
    at e.ExtHostCommands.g (/var/lib/snapd/snap/code/132/usr/share/code/resources/app/out/vs/workbench/api/node/extensionHostProcess.js:99:130078)
    at e.ExtHostCommands.executeCommand (/var/lib/snapd/snap/code/132/usr/share/code/resources/app/out/vs/workbench/api/node/extensionHostProcess.js:99:129454)
    at k.registerCommand.description (/var/lib/snapd/snap/code/132/usr/share/code/resources/app/out/vs/workbench/api/node/extensionHostProcess.js:99:128747)
    at e.ExtHostCommands.h (/var/lib/snapd/snap/code/132/usr/share/code/resources/app/out/vs/workbench/api/node/extensionHostProcess.js:99:130664)
    at e.ExtHostCommands.g (/var/lib/snapd/snap/code/132/usr/share/code/resources/app/out/vs/workbench/api/node/extensionHostProcess.js:99:129554)
    at e.ExtHostCommands.executeCommand (/var/lib/snapd/snap/code/132/usr/share/code/resources/app/out/vs/workbench/api/node/extensionHostProcess.js:99:129454)
    at Object.executeCommand (/var/lib/snapd/snap/code/132/usr/share/code/resources/app/out/vs/workbench/api/node/extensionHostProcess.js:117:24230)
    at Object.dispose (/home/devilunraveled/.vscode/extensions/tabnine.tabnine-vscode-3.6.46/out/extension.js:17:101310)
    at /home/devilunraveled/.vscode/extensions/tabnine.tabnine-vscode-3.6.46/out/extension.js:17:30354
    at Array.forEach (<anonymous>)
    at f (/home/devilunraveled/.vscode/extensions/tabnine.tabnine-vscode-3.6.46/out/extension.js:17:30339)
    at Object.dispose (/home/devilunraveled/.vscode/extensions/tabnine.tabnine-vscode-3.6.46/out/extension.js:17:29757)
    at I (/var/lib/snapd/snap/code/132/usr/share/code/resources/app/out/vs/workbench/api/node/extensionHostProcess.js:10:12083)
    at n.Z (/var/lib/snapd/snap/code/132/usr/share/code/resources/app/out/vs/workbench/api/node/extensionHostProcess.js:113:11285)
    at /var/lib/snapd/snap/code/132/usr/share/code/resources/app/out/vs/workbench/api/node/extensionHostProcess.js:113:9187
    at Array.map (<anonymous>)
    at n.S (/var/lib/snapd/snap/code/132/usr/share/code/resources/app/out/vs/workbench/api/node/extensionHostProcess.js:113:9175)
    at n.terminate (/var/lib/snapd/snap/code/132/usr/share/code/resources/app/out/vs/workbench/api/node/extensionHostProcess.js:113:9445)
    at h.terminate (/var/lib/snapd/snap/code/132/usr/share/code/resources/app/out/vs/workbench/api/node/extensionHostProcess.js:117:1544)
    at p (/var/lib/snapd/snap/code/132/usr/share/code/resources/app/out/vs/workbench/api/node/extensionHostProcess.js:127:34497)
    at MessagePortMain.<anonymous> (/var/lib/snapd/snap/code/132/usr/share/code/resources/app/out/vs/workbench/api/node/extensionHostProcess.js:127:30636)
    at MessagePortMain.emit (node:events:513:28)
    at Object.MessagePortMain._internalPort.emit (node:electron/js2c/utility_init:2:367) setContext undefined
2023-06-22 10:21:16.997 [info] Extension host with pid 10945 exiting with code 0
