[32910:0313/161740.253214:ERROR:object_proxy.cc(623)] Failed to call method: org.freedesktop.DBus.Properties.Get: object_path= /org/freedesktop/portal/desktop: org.freedesktop.DBus.Error.InvalidArgs: No such interface “org.freedesktop.portal.FileChooser”
[32910:0313/161740.253299:ERROR:select_file_dialog_linux_portal.cc(242)] Failed to read portal version property
libva error: vaGetDriverNames() failed with unknown libva error
[32910:0313/161740.490797:ERROR:browser_main_loop.cc(271)] Gdk: gdk_window_thaw_toplevel_updates: assertion 'window->update_and_descendants_freeze_count > 0' failed
Error occurred in handler for 'keychain:get-password': Error: No stored credentials fetched from keytar.
    at /usr/share/skypeforlinux/resources/app.asar/main.js:2:514884
    at async node:electron/js2c/browser_init:193:551
Error occurred in handler for 'keychain:get-password': Error: No stored credentials fetched from keytar.
    at /usr/share/skypeforlinux/resources/app.asar/main.js:2:514884
    at async node:electron/js2c/browser_init:193:551
Error occurred in handler for 'keychain:get-password': Error: No stored credentials fetched from keytar.
    at /usr/share/skypeforlinux/resources/app.asar/main.js:2:514884
    at async node:electron/js2c/browser_init:193:551
Error occurred in handler for 'keychain:get-password': Error: No stored credentials fetched from keytar.
    at /usr/share/skypeforlinux/resources/app.asar/main.js:2:514884
    at async node:electron/js2c/browser_init:193:551
ioctl failed for wlan0, errno = 19 (No such device)
ioctl failed for wlp2s0, errno = 19 (No such device)
ioctl failed for wlp3s0, errno = 19 (No such device)
ioctl failed for wlan0, errno = 19 (No such device)
ioctl failed for wlp2s0, errno = 19 (No such device)
ioctl failed for wlp3s0, errno = 19 (No such device)
ioctl failed for wlan0, errno = 19 (No such device)
ioctl failed for wlp2s0, errno = 19 (No such device)
ioctl failed for wlp3s0, errno = 19 (No such device)
