2024-05-08 12:52:16.484 [info] Deleted uninstalled extension from disk tabnine.tabnine-vscode /home/devilunraveled/.vscode/extensions/tabnine.tabnine-vscode-3.21.1
2024-05-08 12:52:16.485 [info] Deleted uninstalled extension from disk vscjava.vscode-gradle /home/devilunraveled/.vscode/extensions/vscjava.vscode-gradle-3.13.1
2024-05-08 12:52:20.839 [info] Getting Manifest... alefragnani.bookmarks
2024-05-08 12:52:20.840 [info] Getting Manifest... alefragnani.project-manager
2024-05-08 12:52:20.841 [info] Getting Manifest... codeium.codeium
2024-05-08 12:52:20.843 [info] Getting Manifest... dart-code.dart-code
2024-05-08 12:52:20.844 [info] Getting Manifest... dart-code.flutter
2024-05-08 12:52:20.844 [info] Getting Manifest... dbaeumer.vscode-eslint
2024-05-08 12:52:20.845 [info] Getting Manifest... eamodio.gitlens
2024-05-08 12:52:20.846 [info] Getting Manifest... esbenp.prettier-vscode
2024-05-08 12:52:20.847 [info] Getting Manifest... formulahendry.auto-close-tag
2024-05-08 12:52:20.847 [info] Getting Manifest... formulahendry.code-runner
2024-05-08 12:52:20.848 [info] Getting Manifest... mongodb.mongodb-vscode
2024-05-08 12:52:20.849 [info] Getting Manifest... ms-azuretools.vscode-docker
2024-05-08 12:52:20.850 [info] Getting Manifest... ms-vscode-remote.remote-containers
2024-05-08 12:52:20.850 [info] Getting Manifest... msjsdiag.vscode-react-native
2024-05-08 12:52:20.851 [info] Getting Manifest... vscjava.vscode-gradle
2024-05-08 12:52:20.851 [info] Getting Manifest... vscode-icons-team.vscode-icons
2024-05-08 12:52:20.852 [info] Getting Manifest... vscodevim.vim
2024-05-08 12:52:21.114 [info] Installing extension: ms-vscode-remote.remote-containers
2024-05-08 12:52:21.115 [info] Installing extension: dbaeumer.vscode-eslint
2024-05-08 12:52:21.145 [info] Installing extension: codeium.codeium
2024-05-08 12:52:21.187 [info] Installing extension: eamodio.gitlens
2024-05-08 12:52:21.188 [info] Installing extension: formulahendry.code-runner
2024-05-08 12:52:21.188 [info] Installing extension: formulahendry.auto-close-tag
2024-05-08 12:52:21.196 [info] Installing extension: mongodb.mongodb-vscode
2024-05-08 12:52:21.223 [info] Installing extension: alefragnani.bookmarks
2024-05-08 12:52:21.246 [info] Installing extension: alefragnani.project-manager
2024-05-08 12:52:21.247 [info] Installing extension: vscjava.vscode-gradle
2024-05-08 12:52:21.247 [info] Installing extension: msjsdiag.vscode-react-native
2024-05-08 12:52:21.248 [info] Installing extension: esbenp.prettier-vscode
2024-05-08 12:52:21.249 [info] Installing extension: ms-azuretools.vscode-docker
2024-05-08 12:52:21.255 [info] Installing extension: dart-code.flutter
2024-05-08 12:52:21.256 [info] Installing extension: vscodevim.vim
2024-05-08 12:52:21.257 [info] Installing extension: dart-code.dart-code
2024-05-08 12:52:21.257 [info] Installing extension: vscode-icons-team.vscode-icons
2024-05-08 12:52:22.744 [info] Getting Manifest... ms-vscode.js-debug
2024-05-08 12:52:22.837 [info] Getting Manifest... dart-code.dart-code
2024-05-08 12:52:23.355 [info] Waiting for already requested installing extension dart-code.dart-code dart-code.flutter
2024-05-08 12:52:27.012 [info] Extension signature verification result for dart-code.flutter: Success. Duration: 2080ms.
2024-05-08 12:52:27.036 [info] Extension signature verification result for ms-azuretools.vscode-docker: Success. Duration: 1133ms.
2024-05-08 12:52:27.042 [info] Extracted extension to file:///home/devilunraveled/.vscode/extensions/dart-code.flutter-3.88.0: dart-code.flutter
2024-05-08 12:52:27.048 [info] Renamed to /home/devilunraveled/.vscode/extensions/dart-code.flutter-3.88.0
2024-05-08 12:52:27.049 [info] Extracting extension completed. dart-code.flutter
2024-05-08 12:52:27.061 [info] Marked extension as uninstalled dart-code.flutter-3.74.0
2024-05-08 12:52:27.073 [info] Extension signature verification result for vscodevim.vim: Success. Duration: 1319ms.
2024-05-08 12:52:27.121 [info] Extracted extension to file:///home/devilunraveled/.vscode/extensions/vscodevim.vim-1.27.2: vscodevim.vim
2024-05-08 12:52:27.126 [info] Renamed to /home/devilunraveled/.vscode/extensions/vscodevim.vim-1.27.2
2024-05-08 12:52:27.128 [info] Extracting extension completed. vscodevim.vim
2024-05-08 12:52:27.132 [error] [uncaught exception in sharedProcess]: Error: ENOENT: no such file or directory, stat '/home/devilunraveled/.vscode/extensions/extensions.json.vsctmp': EntryNotFound (FileSystemError): Error: ENOENT: no such file or directory, stat '/home/devilunraveled/.vscode/extensions/extensions.json.vsctmp'
    at a.create (/var/lib/snapd/snap/code/158/usr/share/code/resources/app/out/vs/code/node/sharedProcess/sharedProcessMain.js:53:30019)
    at b (/var/lib/snapd/snap/code/158/usr/share/code/resources/app/out/vs/code/node/sharedProcess/sharedProcessMain.js:53:30130)
    at t.hb (/var/lib/snapd/snap/code/158/usr/share/code/resources/app/out/vs/code/node/sharedProcess/sharedProcessMain.js:58:36600)
    at t.stat (/var/lib/snapd/snap/code/158/usr/share/code/resources/app/out/vs/code/node/sharedProcess/sharedProcessMain.js:58:29040)
    at async $.stat (/var/lib/snapd/snap/code/158/usr/share/code/resources/app/out/vs/code/node/sharedProcess/sharedProcessMain.js:58:16186)
    at async J.sb (/var/lib/snapd/snap/code/158/usr/share/code/resources/app/out/vs/code/node/sharedProcess/sharedProcessMain.js:104:109501)
2024-05-08 12:52:27.139 [info] Extension installed successfully: vscodevim.vim
2024-05-08 12:52:27.143 [info] Marked extension as uninstalled vscodevim.vim-1.26.2
2024-05-08 12:52:27.149 [info] Extracted extension to file:///home/devilunraveled/.vscode/extensions/ms-azuretools.vscode-docker-1.29.1: ms-azuretools.vscode-docker
2024-05-08 12:52:27.155 [info] Renamed to /home/devilunraveled/.vscode/extensions/ms-azuretools.vscode-docker-1.29.1
2024-05-08 12:52:27.158 [info] Extracting extension completed. ms-azuretools.vscode-docker
2024-05-08 12:52:27.167 [info] Extension installed successfully: ms-azuretools.vscode-docker
2024-05-08 12:52:27.171 [info] Marked extension as uninstalled ms-azuretools.vscode-docker-1.27.0
2024-05-08 12:52:28.604 [info] Extension signature verification result for esbenp.prettier-vscode: Success. Duration: 650ms.
2024-05-08 12:52:28.690 [info] Extracted extension to file:///home/devilunraveled/.vscode/extensions/esbenp.prettier-vscode-10.4.0: esbenp.prettier-vscode
2024-05-08 12:52:28.695 [info] Renamed to /home/devilunraveled/.vscode/extensions/esbenp.prettier-vscode-10.4.0
2024-05-08 12:52:28.696 [info] Extracting extension completed. esbenp.prettier-vscode
2024-05-08 12:52:28.705 [info] Extension installed successfully: esbenp.prettier-vscode
2024-05-08 12:52:28.707 [info] Marked extension as uninstalled esbenp.prettier-vscode-10.1.0
2024-05-08 12:52:28.777 [error] [uncaught exception in sharedProcess]: Error: ENOENT: no such file or directory, stat '/home/devilunraveled/.vscode/extensions/extensions.json.vsctmp': EntryNotFound (FileSystemError): Error: ENOENT: no such file or directory, stat '/home/devilunraveled/.vscode/extensions/extensions.json.vsctmp'
    at a.create (/var/lib/snapd/snap/code/158/usr/share/code/resources/app/out/vs/code/node/sharedProcess/sharedProcessMain.js:53:30019)
    at b (/var/lib/snapd/snap/code/158/usr/share/code/resources/app/out/vs/code/node/sharedProcess/sharedProcessMain.js:53:30130)
    at t.hb (/var/lib/snapd/snap/code/158/usr/share/code/resources/app/out/vs/code/node/sharedProcess/sharedProcessMain.js:58:36600)
    at t.stat (/var/lib/snapd/snap/code/158/usr/share/code/resources/app/out/vs/code/node/sharedProcess/sharedProcessMain.js:58:29040)
    at async $.stat (/var/lib/snapd/snap/code/158/usr/share/code/resources/app/out/vs/code/node/sharedProcess/sharedProcessMain.js:58:16186)
    at async J.sb (/var/lib/snapd/snap/code/158/usr/share/code/resources/app/out/vs/code/node/sharedProcess/sharedProcessMain.js:104:109501)
2024-05-08 12:52:30.783 [info] Extension signature verification result for vscode-icons-team.vscode-icons: Success. Duration: 613ms.
2024-05-08 12:52:31.385 [info] Extracted extension to file:///home/devilunraveled/.vscode/extensions/vscode-icons-team.vscode-icons-12.7.0: vscode-icons-team.vscode-icons
2024-05-08 12:52:31.399 [info] Renamed to /home/devilunraveled/.vscode/extensions/vscode-icons-team.vscode-icons-12.7.0
2024-05-08 12:52:31.401 [info] Extracting extension completed. vscode-icons-team.vscode-icons
2024-05-08 12:52:31.412 [info] Extension installed successfully: vscode-icons-team.vscode-icons
2024-05-08 12:52:31.416 [info] Marked extension as uninstalled vscode-icons-team.vscode-icons-12.6.0
2024-05-08 12:52:31.483 [error] [uncaught exception in sharedProcess]: Error: ENOENT: no such file or directory, stat '/home/devilunraveled/.vscode/extensions/extensions.json.vsctmp': EntryNotFound (FileSystemError): Error: ENOENT: no such file or directory, stat '/home/devilunraveled/.vscode/extensions/extensions.json.vsctmp'
    at a.create (/var/lib/snapd/snap/code/158/usr/share/code/resources/app/out/vs/code/node/sharedProcess/sharedProcessMain.js:53:30019)
    at b (/var/lib/snapd/snap/code/158/usr/share/code/resources/app/out/vs/code/node/sharedProcess/sharedProcessMain.js:53:30130)
    at t.hb (/var/lib/snapd/snap/code/158/usr/share/code/resources/app/out/vs/code/node/sharedProcess/sharedProcessMain.js:58:36600)
    at t.stat (/var/lib/snapd/snap/code/158/usr/share/code/resources/app/out/vs/code/node/sharedProcess/sharedProcessMain.js:58:29040)
    at async $.stat (/var/lib/snapd/snap/code/158/usr/share/code/resources/app/out/vs/code/node/sharedProcess/sharedProcessMain.js:58:16186)
    at async J.sb (/var/lib/snapd/snap/code/158/usr/share/code/resources/app/out/vs/code/node/sharedProcess/sharedProcessMain.js:104:109501)
2024-05-08 12:52:33.391 [info] Extension signature verification result for dbaeumer.vscode-eslint: Success. Duration: 618ms.
2024-05-08 12:52:33.404 [info] Extracted extension to file:///home/devilunraveled/.vscode/extensions/dbaeumer.vscode-eslint-2.4.4: dbaeumer.vscode-eslint
2024-05-08 12:52:33.417 [info] Renamed to /home/devilunraveled/.vscode/extensions/dbaeumer.vscode-eslint-2.4.4
2024-05-08 12:52:33.418 [info] Extracting extension completed. dbaeumer.vscode-eslint
2024-05-08 12:52:33.425 [info] Extension installed successfully: dbaeumer.vscode-eslint
2024-05-08 12:52:33.427 [info] Marked extension as uninstalled dbaeumer.vscode-eslint-2.4.2
2024-05-08 12:52:33.497 [error] [uncaught exception in sharedProcess]: Error: ENOENT: no such file or directory, stat '/home/devilunraveled/.vscode/extensions/extensions.json.vsctmp': EntryNotFound (FileSystemError): Error: ENOENT: no such file or directory, stat '/home/devilunraveled/.vscode/extensions/extensions.json.vsctmp'
    at a.create (/var/lib/snapd/snap/code/158/usr/share/code/resources/app/out/vs/code/node/sharedProcess/sharedProcessMain.js:53:30019)
    at b (/var/lib/snapd/snap/code/158/usr/share/code/resources/app/out/vs/code/node/sharedProcess/sharedProcessMain.js:53:30130)
    at t.hb (/var/lib/snapd/snap/code/158/usr/share/code/resources/app/out/vs/code/node/sharedProcess/sharedProcessMain.js:58:36600)
    at t.stat (/var/lib/snapd/snap/code/158/usr/share/code/resources/app/out/vs/code/node/sharedProcess/sharedProcessMain.js:58:29040)
    at async $.stat (/var/lib/snapd/snap/code/158/usr/share/code/resources/app/out/vs/code/node/sharedProcess/sharedProcessMain.js:58:16186)
    at async J.sb (/var/lib/snapd/snap/code/158/usr/share/code/resources/app/out/vs/code/node/sharedProcess/sharedProcessMain.js:104:109501)
2024-05-08 12:52:34.776 [info] Extension signature verification result for alefragnani.project-manager: Success. Duration: 594ms.
2024-05-08 12:52:34.842 [info] Extracted extension to file:///home/devilunraveled/.vscode/extensions/alefragnani.project-manager-12.8.0: alefragnani.project-manager
2024-05-08 12:52:34.854 [info] Renamed to /home/devilunraveled/.vscode/extensions/alefragnani.project-manager-12.8.0
2024-05-08 12:52:34.856 [info] Extracting extension completed. alefragnani.project-manager
2024-05-08 12:52:34.865 [info] Extension installed successfully: alefragnani.project-manager
2024-05-08 12:52:34.868 [info] Marked extension as uninstalled alefragnani.project-manager-12.7.0
2024-05-08 12:52:34.936 [error] [uncaught exception in sharedProcess]: Error: ENOENT: no such file or directory, stat '/home/devilunraveled/.vscode/extensions/extensions.json.vsctmp': EntryNotFound (FileSystemError): Error: ENOENT: no such file or directory, stat '/home/devilunraveled/.vscode/extensions/extensions.json.vsctmp'
    at a.create (/var/lib/snapd/snap/code/158/usr/share/code/resources/app/out/vs/code/node/sharedProcess/sharedProcessMain.js:53:30019)
    at b (/var/lib/snapd/snap/code/158/usr/share/code/resources/app/out/vs/code/node/sharedProcess/sharedProcessMain.js:53:30130)
    at t.hb (/var/lib/snapd/snap/code/158/usr/share/code/resources/app/out/vs/code/node/sharedProcess/sharedProcessMain.js:58:36600)
    at t.stat (/var/lib/snapd/snap/code/158/usr/share/code/resources/app/out/vs/code/node/sharedProcess/sharedProcessMain.js:58:29040)
    at async $.stat (/var/lib/snapd/snap/code/158/usr/share/code/resources/app/out/vs/code/node/sharedProcess/sharedProcessMain.js:58:16186)
    at async J.sb (/var/lib/snapd/snap/code/158/usr/share/code/resources/app/out/vs/code/node/sharedProcess/sharedProcessMain.js:104:109501)
2024-05-08 12:52:39.014 [info] Getting Manifest... ms-python.python
2024-05-08 12:52:39.022 [info] Installing extension: ms-python.python
2024-05-08 12:52:39.388 [info] Getting Manifest... ms-python.vscode-pylance
2024-05-08 12:52:40.122 [info] Extension signature verification result for mongodb.mongodb-vscode: Success. Duration: 668ms.
2024-05-08 12:52:40.396 [info] Extracted extension to file:///home/devilunraveled/.vscode/extensions/mongodb.mongodb-vscode-1.6.0: mongodb.mongodb-vscode
2024-05-08 12:52:40.408 [info] Renamed to /home/devilunraveled/.vscode/extensions/mongodb.mongodb-vscode-1.6.0
2024-05-08 12:52:40.410 [info] Extracting extension completed. mongodb.mongodb-vscode
2024-05-08 12:52:40.418 [info] Extension installed successfully: mongodb.mongodb-vscode
2024-05-08 12:52:40.420 [info] Marked extension as uninstalled mongodb.mongodb-vscode-1.3.1
2024-05-08 12:52:40.488 [error] [uncaught exception in sharedProcess]: Error: ENOENT: no such file or directory, stat '/home/devilunraveled/.vscode/extensions/extensions.json.vsctmp': EntryNotFound (FileSystemError): Error: ENOENT: no such file or directory, stat '/home/devilunraveled/.vscode/extensions/extensions.json.vsctmp'
    at a.create (/var/lib/snapd/snap/code/158/usr/share/code/resources/app/out/vs/code/node/sharedProcess/sharedProcessMain.js:53:30019)
    at b (/var/lib/snapd/snap/code/158/usr/share/code/resources/app/out/vs/code/node/sharedProcess/sharedProcessMain.js:53:30130)
    at t.hb (/var/lib/snapd/snap/code/158/usr/share/code/resources/app/out/vs/code/node/sharedProcess/sharedProcessMain.js:58:36600)
    at t.stat (/var/lib/snapd/snap/code/158/usr/share/code/resources/app/out/vs/code/node/sharedProcess/sharedProcessMain.js:58:29040)
    at async $.stat (/var/lib/snapd/snap/code/158/usr/share/code/resources/app/out/vs/code/node/sharedProcess/sharedProcessMain.js:58:16186)
    at async J.sb (/var/lib/snapd/snap/code/158/usr/share/code/resources/app/out/vs/code/node/sharedProcess/sharedProcessMain.js:104:109501)
2024-05-08 12:52:41.665 [info] Extension signature verification result for alefragnani.bookmarks: Success. Duration: 643ms.
2024-05-08 12:52:41.753 [info] Extracted extension to file:///home/devilunraveled/.vscode/extensions/alefragnani.bookmarks-13.5.0: alefragnani.bookmarks
2024-05-08 12:52:41.766 [info] Renamed to /home/devilunraveled/.vscode/extensions/alefragnani.bookmarks-13.5.0
2024-05-08 12:52:41.768 [info] Extracting extension completed. alefragnani.bookmarks
2024-05-08 12:52:41.778 [info] Extension installed successfully: alefragnani.bookmarks
2024-05-08 12:52:41.781 [info] Marked extension as uninstalled alefragnani.bookmarks-13.4.2
2024-05-08 12:52:41.850 [error] [uncaught exception in sharedProcess]: Error: ENOENT: no such file or directory, stat '/home/devilunraveled/.vscode/extensions/extensions.json.vsctmp': EntryNotFound (FileSystemError): Error: ENOENT: no such file or directory, stat '/home/devilunraveled/.vscode/extensions/extensions.json.vsctmp'
    at a.create (/var/lib/snapd/snap/code/158/usr/share/code/resources/app/out/vs/code/node/sharedProcess/sharedProcessMain.js:53:30019)
    at b (/var/lib/snapd/snap/code/158/usr/share/code/resources/app/out/vs/code/node/sharedProcess/sharedProcessMain.js:53:30130)
    at t.hb (/var/lib/snapd/snap/code/158/usr/share/code/resources/app/out/vs/code/node/sharedProcess/sharedProcessMain.js:58:36600)
    at t.stat (/var/lib/snapd/snap/code/158/usr/share/code/resources/app/out/vs/code/node/sharedProcess/sharedProcessMain.js:58:29040)
    at async $.stat (/var/lib/snapd/snap/code/158/usr/share/code/resources/app/out/vs/code/node/sharedProcess/sharedProcessMain.js:58:16186)
    at async J.sb (/var/lib/snapd/snap/code/158/usr/share/code/resources/app/out/vs/code/node/sharedProcess/sharedProcessMain.js:104:109501)
2024-05-08 12:52:42.754 [info] Extension signature verification result for formulahendry.auto-close-tag: Success. Duration: 595ms.
2024-05-08 12:52:42.770 [info] Extracted extension to file:///home/devilunraveled/.vscode/extensions/formulahendry.auto-close-tag-0.5.15: formulahendry.auto-close-tag
2024-05-08 12:52:42.783 [info] Renamed to /home/devilunraveled/.vscode/extensions/formulahendry.auto-close-tag-0.5.15
2024-05-08 12:52:42.784 [info] Extracting extension completed. formulahendry.auto-close-tag
2024-05-08 12:52:42.796 [info] Extension installed successfully: formulahendry.auto-close-tag
2024-05-08 12:52:42.799 [info] Marked extension as uninstalled formulahendry.auto-close-tag-0.5.14
2024-05-08 12:52:42.855 [info] Extension signature verification result for formulahendry.code-runner: Success. Duration: 622ms.
2024-05-08 12:52:42.863 [error] [uncaught exception in sharedProcess]: Error: ENOENT: no such file or directory, stat '/home/devilunraveled/.vscode/extensions/extensions.json.vsctmp': EntryNotFound (FileSystemError): Error: ENOENT: no such file or directory, stat '/home/devilunraveled/.vscode/extensions/extensions.json.vsctmp'
    at a.create (/var/lib/snapd/snap/code/158/usr/share/code/resources/app/out/vs/code/node/sharedProcess/sharedProcessMain.js:53:30019)
    at b (/var/lib/snapd/snap/code/158/usr/share/code/resources/app/out/vs/code/node/sharedProcess/sharedProcessMain.js:53:30130)
    at t.hb (/var/lib/snapd/snap/code/158/usr/share/code/resources/app/out/vs/code/node/sharedProcess/sharedProcessMain.js:58:36600)
    at t.stat (/var/lib/snapd/snap/code/158/usr/share/code/resources/app/out/vs/code/node/sharedProcess/sharedProcessMain.js:58:29040)
    at async $.stat (/var/lib/snapd/snap/code/158/usr/share/code/resources/app/out/vs/code/node/sharedProcess/sharedProcessMain.js:58:16186)
    at async J.sb (/var/lib/snapd/snap/code/158/usr/share/code/resources/app/out/vs/code/node/sharedProcess/sharedProcessMain.js:104:109501)
2024-05-08 12:52:42.945 [info] Extracted extension to file:///home/devilunraveled/.vscode/extensions/formulahendry.code-runner-0.12.2: formulahendry.code-runner
2024-05-08 12:52:42.957 [info] Renamed to /home/devilunraveled/.vscode/extensions/formulahendry.code-runner-0.12.2
2024-05-08 12:52:42.959 [info] Extracting extension completed. formulahendry.code-runner
2024-05-08 12:52:42.962 [info] Extension signature verification result for ms-vscode-remote.remote-containers: Success. Duration: 841ms.
2024-05-08 12:52:42.968 [info] Extension installed successfully: formulahendry.code-runner
2024-05-08 12:52:42.972 [info] Marked extension as uninstalled formulahendry.code-runner-0.12.1
2024-05-08 12:52:43.039 [error] [uncaught exception in sharedProcess]: Error: ENOENT: no such file or directory, stat '/home/devilunraveled/.vscode/extensions/extensions.json.vsctmp': EntryNotFound (FileSystemError): Error: ENOENT: no such file or directory, stat '/home/devilunraveled/.vscode/extensions/extensions.json.vsctmp'
    at a.create (/var/lib/snapd/snap/code/158/usr/share/code/resources/app/out/vs/code/node/sharedProcess/sharedProcessMain.js:53:30019)
    at b (/var/lib/snapd/snap/code/158/usr/share/code/resources/app/out/vs/code/node/sharedProcess/sharedProcessMain.js:53:30130)
    at t.hb (/var/lib/snapd/snap/code/158/usr/share/code/resources/app/out/vs/code/node/sharedProcess/sharedProcessMain.js:58:36600)
    at t.stat (/var/lib/snapd/snap/code/158/usr/share/code/resources/app/out/vs/code/node/sharedProcess/sharedProcessMain.js:58:29040)
    at async $.stat (/var/lib/snapd/snap/code/158/usr/share/code/resources/app/out/vs/code/node/sharedProcess/sharedProcessMain.js:58:16186)
    at async J.sb (/var/lib/snapd/snap/code/158/usr/share/code/resources/app/out/vs/code/node/sharedProcess/sharedProcessMain.js:104:109501)
2024-05-08 12:52:43.072 [info] Extracted extension to file:///home/devilunraveled/.vscode/extensions/ms-vscode-remote.remote-containers-0.362.0: ms-vscode-remote.remote-containers
2024-05-08 12:52:43.078 [info] Renamed to /home/devilunraveled/.vscode/extensions/ms-vscode-remote.remote-containers-0.362.0
2024-05-08 12:52:43.080 [info] Extracting extension completed. ms-vscode-remote.remote-containers
2024-05-08 12:52:43.090 [info] Extension installed successfully: ms-vscode-remote.remote-containers
2024-05-08 12:52:43.093 [info] Marked extension as uninstalled ms-vscode-remote.remote-containers-0.315.1
2024-05-08 12:52:44.559 [info] Getting Manifest... ms-python.debugpy
2024-05-08 12:52:49.913 [info] Installing extension: ms-python.vscode-pylance
2024-05-08 12:52:49.914 [info] Installing extension: ms-python.debugpy
