2023-06-22 10:21:11.829 [info] Deleted from disk tabnine.tabnine-vscode /home/devilunraveled/.vscode/extensions/tabnine.tabnine-vscode-3.6.45
2023-06-22 10:21:12.005 [info] Deleted from disk dart-code.flutter /home/devilunraveled/.vscode/extensions/dart-code.flutter-3.62.0
2023-06-22 10:21:12.006 [info] Deleted from disk eamodio.gitlens /home/devilunraveled/.vscode/extensions/eamodio.gitlens-13.5.0
2023-06-22 10:21:12.051 [info] Deleted from disk dart-code.dart-code /home/devilunraveled/.vscode/extensions/dart-code.dart-code-3.62.0
2023-06-22 10:21:12.092 [info] Deleted from disk ms-vscode-remote.remote-containers /home/devilunraveled/.vscode/extensions/ms-vscode-remote.remote-containers-0.288.1
2023-06-22 10:21:12.187 [info] Deleted from disk msjsdiag.vscode-react-native /home/devilunraveled/.vscode/extensions/msjsdiag.vscode-react-native-1.10.2
2023-06-22 10:21:15.963 [info] Getting Manifest... dart-code.dart-code
2023-06-22 10:21:15.964 [info] Getting Manifest... dart-code.flutter
2023-06-22 10:21:15.965 [info] Getting Manifest... eamodio.gitlens
2023-06-22 10:21:15.966 [info] Getting Manifest... esbenp.prettier-vscode
2023-06-22 10:21:15.968 [info] Getting Manifest... mongodb.mongodb-vscode
2023-06-22 10:21:15.968 [info] Getting Manifest... ms-azuretools.vscode-docker
2023-06-22 10:21:15.969 [info] Getting Manifest... ms-vscode-remote.remote-containers
2023-06-22 10:21:15.970 [info] Getting Manifest... streetsidesoftware.code-spell-checker
2023-06-22 10:21:15.971 [info] Getting Manifest... tabnine.tabnine-vscode
2023-06-22 10:21:16.119 [info] Installing extension: tabnine.tabnine-vscode
2023-06-22 10:21:16.146 [info] Installing extension: esbenp.prettier-vscode
2023-06-22 10:21:16.177 [info] Installing extension: dart-code.flutter
2023-06-22 10:21:16.178 [info] Installing extension: mongodb.mongodb-vscode
2023-06-22 10:21:16.188 [info] Installing extension: dart-code.dart-code
2023-06-22 10:21:16.190 [info] Installing extension: ms-azuretools.vscode-docker
2023-06-22 10:21:16.190 [info] Installing extension: ms-vscode-remote.remote-containers
2023-06-22 10:21:16.194 [info] Installing extension: streetsidesoftware.code-spell-checker
2023-06-22 10:21:16.200 [info] Installing extension: eamodio.gitlens
