2023-02-25 18:31:03.091 [info] Extension host with pid 10139 started
2023-02-25 18:31:03.091 [info] Skipping acquiring lock for /home/devilunraveled/.config/Code/User/workspaceStorage/d1bd6fcb2ce5cef3f00525bd17b1620d.
2023-02-25 18:31:03.249 [info] ExtensionService#_doActivateExtension vscode.typescript-language-features, startup: false, activationEvent: 'onLanguage:javascriptreact'
2023-02-25 18:31:03.263 [info] ExtensionService#_doActivateExtension vscode.emmet, startup: false, activationEvent: 'onLanguage'
2023-02-25 18:31:03.269 [info] ExtensionService#_doActivateExtension ms-vscode.js-debug, startup: false, activationEvent: 'onLanguage:ReactNativeToolsOutput', root cause: msjsdiag.vscode-react-native
2023-02-25 18:31:03.324 [info] ExtensionService#_doActivateExtension vscode.git-base, startup: true, activationEvent: '*', root cause: vscode.git
2023-02-25 18:31:03.326 [info] ExtensionService#_doActivateExtension donjayamanne.githistory, startup: true, activationEvent: '*'
2023-02-25 18:31:03.337 [info] ExtensionService#_doActivateExtension formulahendry.auto-close-tag, startup: true, activationEvent: '*'
2023-02-25 18:31:03.339 [info] ExtensionService#_doActivateExtension formulahendry.auto-rename-tag, startup: true, activationEvent: '*'
2023-02-25 18:31:03.346 [info] ExtensionService#_doActivateExtension vscodevim.vim, startup: true, activationEvent: '*'
2023-02-25 18:31:03.380 [info] ExtensionService#_doActivateExtension wayou.vscode-todo-highlight, startup: true, activationEvent: '*'
2023-02-25 18:31:03.495 [info] ExtensionService#_doActivateExtension dsznajder.es7-react-js-snippets, startup: false, activationEvent: 'onLanguage:javascript'
2023-02-25 18:31:03.700 [info] ExtensionService#_doActivateExtension msjsdiag.vscode-react-native, startup: false, activationEvent: 'onLanguage:ReactNativeToolsOutput'
2023-02-25 18:31:03.724 [info] ExtensionService#_doActivateExtension vscode.git, startup: true, activationEvent: '*'
2023-02-25 18:31:03.749 [info] ExtensionService#_doActivateExtension vscode.github, startup: true, activationEvent: '*'
2023-02-25 18:31:03.985 [info] Eager extensions activated
2023-02-25 18:31:04.030 [info] ExtensionService#_doActivateExtension vscode.debug-auto-launch, startup: false, activationEvent: 'onStartupFinished'
2023-02-25 18:31:04.032 [info] ExtensionService#_doActivateExtension vscode.merge-conflict, startup: false, activationEvent: 'onStartupFinished'
2023-02-25 18:31:04.044 [info] ExtensionService#_doActivateExtension aaron-bond.better-comments, startup: false, activationEvent: 'onStartupFinished'
2023-02-25 18:31:04.054 [info] ExtensionService#_doActivateExtension alefragnani.Bookmarks, startup: false, activationEvent: 'onStartupFinished'
2023-02-25 18:31:04.058 [info] ExtensionService#_doActivateExtension alefragnani.project-manager, startup: false, activationEvent: 'onStartupFinished'
2023-02-25 18:31:04.063 [info] ExtensionService#_doActivateExtension dbaeumer.vscode-eslint, startup: false, activationEvent: 'onStartupFinished'
2023-02-25 18:31:04.072 [info] ExtensionService#_doActivateExtension eamodio.gitlens, startup: false, activationEvent: 'onStartupFinished'
2023-02-25 18:31:04.099 [info] ExtensionService#_doActivateExtension vscode.npm, startup: false, activationEvent: 'onStartupFinished', root cause: esbenp.prettier-vscode
2023-02-25 18:31:04.108 [info] ExtensionService#_doActivateExtension formulahendry.code-runner, startup: false, activationEvent: 'onStartupFinished'
2023-02-25 18:31:04.130 [info] ExtensionService#_doActivateExtension streetsidesoftware.code-spell-checker, startup: false, activationEvent: 'onStartupFinished'
2023-02-25 18:31:04.147 [info] ExtensionService#_doActivateExtension vscode-icons-team.vscode-icons, startup: false, activationEvent: 'onStartupFinished'
2023-02-25 18:31:04.726 [info] ExtensionService#_doActivateExtension esbenp.prettier-vscode, startup: false, activationEvent: 'onStartupFinished'
2023-02-25 18:31:04.795 [info] ExtensionService#_doActivateExtension vscode.github-authentication, startup: false, activationEvent: 'onAuthenticationRequest:github'
2023-02-25 18:31:06.635 [info] ExtensionService#_doActivateExtension vscode.microsoft-authentication, startup: false, activationEvent: 'onAuthenticationRequest:microsoft'
2023-02-25 18:31:10.248 [warning] TextEditor is closed/disposed
2023-02-25 18:31:22.697 [warning] TextEditor is closed/disposed
2023-02-25 18:31:33.646 [warning] TextEditor is closed/disposed
2023-02-25 18:32:03.182 [warning] TextEditor is closed/disposed
2023-02-25 18:32:21.434 [error] TypeError: s.tmpDir is not a function
    at e._sendFirstFileOnDisk (/home/devilunraveled/.vscode/extensions/msjsdiag.vscode-react-native-1.10.0/dist/rn-extension.js:1:25358)
    at Timeout._onTimeout (/home/devilunraveled/.vscode/extensions/msjsdiag.vscode-react-native-1.10.0/dist/rn-extension.js:1:24162)
    at listOnTimeout (node:internal/timers:559:17)
    at processTimers (node:internal/timers:502:7)
2023-02-25 18:33:42.502 [warning] TextEditor is closed/disposed
2023-02-25 18:33:48.313 [warning] TextEditor is closed/disposed
2023-02-25 18:33:48.538 [info] ExtensionService#_doActivateExtension vscode.configuration-editing, startup: false, activationEvent: 'onLanguage:jsonc'
2023-02-25 18:33:48.544 [info] ExtensionService#_doActivateExtension vscode.json-language-features, startup: false, activationEvent: 'onLanguage:jsonc'
2023-02-25 18:35:04.718 [warning] TextEditor is closed/disposed
2023-02-25 18:35:05.341 [warning] TextEditor is closed/disposed
2023-02-25 18:35:27.986 [warning] TextEditor is closed/disposed
2023-02-25 18:35:28.023 [warning] TextEditor is closed/disposed
2023-02-25 18:35:28.023 [warning] TextEditor is closed/disposed
2023-02-25 18:40:20.333 [warning] TextEditor is closed/disposed
2023-02-25 18:40:21.511 [warning] TextEditor is closed/disposed
2023-02-25 18:49:50.309 [warning] TextEditor is closed/disposed
2023-02-25 18:49:50.409 [info] ExtensionService#_doActivateExtension vscode.extension-editing, startup: false, activationEvent: 'onLanguage:markdown'
2023-02-25 18:49:50.413 [info] ExtensionService#_doActivateExtension vscode.markdown-language-features, startup: false, activationEvent: 'onLanguage:markdown'
2023-02-25 18:49:50.745 [info] ExtensionService#_doActivateExtension vscode.markdown-math, startup: false, activationEvent: 'api', root cause: vscode.markdown-language-features
2023-02-25 18:50:53.173 [warning] TextEditor is closed/disposed
2023-02-25 18:50:56.089 [info] Extension host terminating: renderer closed the MessagePort
2023-02-25 18:50:56.126 [error] Canceled: Canceled
    at new u (/var/lib/snapd/snap/code/119/usr/share/code/resources/app/out/vs/workbench/api/node/extensionHostProcess.js:96:88070)
    at l.O (/var/lib/snapd/snap/code/119/usr/share/code/resources/app/out/vs/workbench/api/node/extensionHostProcess.js:106:11276)
    at Proxy.V.<computed>.M.charCodeAt.V.<computed> (/var/lib/snapd/snap/code/119/usr/share/code/resources/app/out/vs/workbench/api/node/extensionHostProcess.js:106:8557)
    at s.g (/var/lib/snapd/snap/code/119/usr/share/code/resources/app/out/vs/workbench/api/node/extensionHostProcess.js:96:107430)
    at s.executeCommand (/var/lib/snapd/snap/code/119/usr/share/code/resources/app/out/vs/workbench/api/node/extensionHostProcess.js:96:106806)
    at w.registerCommand.description (/var/lib/snapd/snap/code/119/usr/share/code/resources/app/out/vs/workbench/api/node/extensionHostProcess.js:96:106099)
    at s.h (/var/lib/snapd/snap/code/119/usr/share/code/resources/app/out/vs/workbench/api/node/extensionHostProcess.js:96:108016)
    at s.g (/var/lib/snapd/snap/code/119/usr/share/code/resources/app/out/vs/workbench/api/node/extensionHostProcess.js:96:106906)
    at s.executeCommand (/var/lib/snapd/snap/code/119/usr/share/code/resources/app/out/vs/workbench/api/node/extensionHostProcess.js:96:106806)
    at Object.executeCommand (/var/lib/snapd/snap/code/119/usr/share/code/resources/app/out/vs/workbench/api/node/extensionHostProcess.js:117:30778)
    at D (/var/lib/snapd/snap/code/119/usr/share/code/resources/app/extensions/git/dist/main.js:2:2055373)
    at f.invoke (/var/lib/snapd/snap/code/119/usr/share/code/resources/app/out/vs/workbench/api/node/extensionHostProcess.js:63:145)
    at g.deliver (/var/lib/snapd/snap/code/119/usr/share/code/resources/app/out/vs/workbench/api/node/extensionHostProcess.js:63:2029)
    at d.fire (/var/lib/snapd/snap/code/119/usr/share/code/resources/app/out/vs/workbench/api/node/extensionHostProcess.js:63:1667)
    at Object.h [as dispose] (/var/lib/snapd/snap/code/119/usr/share/code/resources/app/extensions/git/dist/main.js:2:2070210)
    at /var/lib/snapd/snap/code/119/usr/share/code/resources/app/extensions/git/dist/main.js:2:2074277
    at Array.forEach (<anonymous>)
    at g.dispose (/var/lib/snapd/snap/code/119/usr/share/code/resources/app/extensions/git/dist/main.js:2:2074263)
    at C.<anonymous> (/var/lib/snapd/snap/code/119/usr/share/code/resources/app/out/vs/workbench/api/node/extensionHostProcess.js:94:12431)
    at C.dispose (/var/lib/snapd/snap/code/119/usr/share/code/resources/app/out/vs/workbench/api/node/extensionHostProcess.js:94:12566)
    at C.<anonymous> (/var/lib/snapd/snap/code/119/usr/share/code/resources/app/extensions/git/dist/main.js:2:2057503)
    at C.dispose (/var/lib/snapd/snap/code/119/usr/share/code/resources/app/out/vs/workbench/api/node/extensionHostProcess.js:94:12566)
    at T (/var/lib/snapd/snap/code/119/usr/share/code/resources/app/out/vs/workbench/api/node/extensionHostProcess.js:10:12072)
    at f.X (/var/lib/snapd/snap/code/119/usr/share/code/resources/app/out/vs/workbench/api/node/extensionHostProcess.js:108:11242)
    at /var/lib/snapd/snap/code/119/usr/share/code/resources/app/out/vs/workbench/api/node/extensionHostProcess.js:108:9037
    at Array.map (<anonymous>)
    at f.Q (/var/lib/snapd/snap/code/119/usr/share/code/resources/app/out/vs/workbench/api/node/extensionHostProcess.js:108:9024)
    at f.terminate (/var/lib/snapd/snap/code/119/usr/share/code/resources/app/out/vs/workbench/api/node/extensionHostProcess.js:108:9298)
    at h.terminate (/var/lib/snapd/snap/code/119/usr/share/code/resources/app/out/vs/workbench/api/node/extensionHostProcess.js:112:1397)
    at p (/var/lib/snapd/snap/code/119/usr/share/code/resources/app/out/vs/workbench/api/node/extensionHostProcess.js:122:17851)
    at MessagePortMain.<anonymous> (/var/lib/snapd/snap/code/119/usr/share/code/resources/app/out/vs/workbench/api/node/extensionHostProcess.js:122:13990)
    at MessagePortMain.emit (node:events:526:28)
    at Object.MessagePortMain._internalPort.emit (node:electron/js2c/utility_init:5:364) setContext undefined
2023-02-25 18:50:56.127 [error] Canceled: Canceled
    at new u (/var/lib/snapd/snap/code/119/usr/share/code/resources/app/out/vs/workbench/api/node/extensionHostProcess.js:96:88070)
    at l.O (/var/lib/snapd/snap/code/119/usr/share/code/resources/app/out/vs/workbench/api/node/extensionHostProcess.js:106:11276)
    at Proxy.V.<computed>.M.charCodeAt.V.<computed> (/var/lib/snapd/snap/code/119/usr/share/code/resources/app/out/vs/workbench/api/node/extensionHostProcess.js:106:8557)
    at s.g (/var/lib/snapd/snap/code/119/usr/share/code/resources/app/out/vs/workbench/api/node/extensionHostProcess.js:96:107430)
    at s.executeCommand (/var/lib/snapd/snap/code/119/usr/share/code/resources/app/out/vs/workbench/api/node/extensionHostProcess.js:96:106806)
    at w.registerCommand.description (/var/lib/snapd/snap/code/119/usr/share/code/resources/app/out/vs/workbench/api/node/extensionHostProcess.js:96:106099)
    at s.h (/var/lib/snapd/snap/code/119/usr/share/code/resources/app/out/vs/workbench/api/node/extensionHostProcess.js:96:108016)
    at s.g (/var/lib/snapd/snap/code/119/usr/share/code/resources/app/out/vs/workbench/api/node/extensionHostProcess.js:96:106906)
    at s.executeCommand (/var/lib/snapd/snap/code/119/usr/share/code/resources/app/out/vs/workbench/api/node/extensionHostProcess.js:96:106806)
    at Object.executeCommand (/var/lib/snapd/snap/code/119/usr/share/code/resources/app/out/vs/workbench/api/node/extensionHostProcess.js:117:30778)
    at c (/home/devilunraveled/.vscode/extensions/eamodio.gitlens-13.3.1/dist/gitlens.js:1:991281)
    at GitProviderService.setEnabledContext (/home/devilunraveled/.vscode/extensions/eamodio.gitlens-13.3.1/dist/gitlens.js:1:719772)
    at GitProviderService.S.<computed> (/home/devilunraveled/.vscode/extensions/eamodio.gitlens-13.3.1/dist/gitlens.js:1:1254640)
    at GitProviderService.updateContext (/home/devilunraveled/.vscode/extensions/eamodio.gitlens-13.3.1/dist/gitlens.js:1:720061)
    at /home/devilunraveled/.vscode/extensions/eamodio.gitlens-13.3.1/dist/gitlens.js:1:713767
    at f.invoke (/var/lib/snapd/snap/code/119/usr/share/code/resources/app/out/vs/workbench/api/node/extensionHostProcess.js:63:145)
    at g.deliver (/var/lib/snapd/snap/code/119/usr/share/code/resources/app/out/vs/workbench/api/node/extensionHostProcess.js:63:2029)
    at d.fire (/var/lib/snapd/snap/code/119/usr/share/code/resources/app/out/vs/workbench/api/node/extensionHostProcess.js:63:1667)
    at LocalGitProvider.onRepositoryChanged (/home/devilunraveled/.vscode/extensions/eamodio.gitlens-13.3.1/dist/gitlens.js:1:94150)
    at W.fireChange (/home/devilunraveled/.vscode/extensions/eamodio.gitlens-13.3.1/dist/gitlens.js:1:1178651)
    at W.S.<computed> (/home/devilunraveled/.vscode/extensions/eamodio.gitlens-13.3.1/dist/gitlens.js:1:1254640)
    at W.set closed [as closed] (/home/devilunraveled/.vscode/extensions/eamodio.gitlens-13.3.1/dist/gitlens.js:1:1168388)
    at /home/devilunraveled/.vscode/extensions/eamodio.gitlens-13.3.1/dist/gitlens.js:1:714025
    at f.invoke (/var/lib/snapd/snap/code/119/usr/share/code/resources/app/out/vs/workbench/api/node/extensionHostProcess.js:63:145)
    at g.deliver (/var/lib/snapd/snap/code/119/usr/share/code/resources/app/out/vs/workbench/api/node/extensionHostProcess.js:63:2029)
    at d.fire (/var/lib/snapd/snap/code/119/usr/share/code/resources/app/out/vs/workbench/api/node/extensionHostProcess.js:63:1667)
    at /home/devilunraveled/.vscode/extensions/eamodio.gitlens-13.3.1/dist/gitlens.js:1:94602
    at /var/lib/snapd/snap/code/119/usr/share/code/resources/app/extensions/git/dist/main.js:2:2141211
    at f.invoke (/var/lib/snapd/snap/code/119/usr/share/code/resources/app/out/vs/workbench/api/node/extensionHostProcess.js:63:145)
    at g.deliver (/var/lib/snapd/snap/code/119/usr/share/code/resources/app/out/vs/workbench/api/node/extensionHostProcess.js:63:2029)
    at d.fire (/var/lib/snapd/snap/code/119/usr/share/code/resources/app/out/vs/workbench/api/node/extensionHostProcess.js:63:1667)
    at Object.h [as dispose] (/var/lib/snapd/snap/code/119/usr/share/code/resources/app/extensions/git/dist/main.js:2:2070210)
    at /var/lib/snapd/snap/code/119/usr/share/code/resources/app/extensions/git/dist/main.js:2:2074277
    at Array.forEach (<anonymous>)
    at g.dispose (/var/lib/snapd/snap/code/119/usr/share/code/resources/app/extensions/git/dist/main.js:2:2074263)
    at C.<anonymous> (/var/lib/snapd/snap/code/119/usr/share/code/resources/app/out/vs/workbench/api/node/extensionHostProcess.js:94:12431)
    at C.dispose (/var/lib/snapd/snap/code/119/usr/share/code/resources/app/out/vs/workbench/api/node/extensionHostProcess.js:94:12566)
    at C.<anonymous> (/var/lib/snapd/snap/code/119/usr/share/code/resources/app/extensions/git/dist/main.js:2:2057503)
    at C.dispose (/var/lib/snapd/snap/code/119/usr/share/code/resources/app/out/vs/workbench/api/node/extensionHostProcess.js:94:12566)
    at T (/var/lib/snapd/snap/code/119/usr/share/code/resources/app/out/vs/workbench/api/node/extensionHostProcess.js:10:12072)
    at f.X (/var/lib/snapd/snap/code/119/usr/share/code/resources/app/out/vs/workbench/api/node/extensionHostProcess.js:108:11242)
    at /var/lib/snapd/snap/code/119/usr/share/code/resources/app/out/vs/workbench/api/node/extensionHostProcess.js:108:9037
    at Array.map (<anonymous>)
    at f.Q (/var/lib/snapd/snap/code/119/usr/share/code/resources/app/out/vs/workbench/api/node/extensionHostProcess.js:108:9024)
    at f.terminate (/var/lib/snapd/snap/code/119/usr/share/code/resources/app/out/vs/workbench/api/node/extensionHostProcess.js:108:9298)
    at h.terminate (/var/lib/snapd/snap/code/119/usr/share/code/resources/app/out/vs/workbench/api/node/extensionHostProcess.js:112:1397)
    at p (/var/lib/snapd/snap/code/119/usr/share/code/resources/app/out/vs/workbench/api/node/extensionHostProcess.js:122:17851)
    at MessagePortMain.<anonymous> (/var/lib/snapd/snap/code/119/usr/share/code/resources/app/out/vs/workbench/api/node/extensionHostProcess.js:122:13990)
    at MessagePortMain.emit (node:events:526:28)
    at Object.MessagePortMain._internalPort.emit (node:electron/js2c/utility_init:5:364) setContext undefined
2023-02-25 18:50:56.127 [error] Canceled: Canceled
    at new u (/var/lib/snapd/snap/code/119/usr/share/code/resources/app/out/vs/workbench/api/node/extensionHostProcess.js:96:88070)
    at l.O (/var/lib/snapd/snap/code/119/usr/share/code/resources/app/out/vs/workbench/api/node/extensionHostProcess.js:106:11276)
    at Proxy.V.<computed>.M.charCodeAt.V.<computed> (/var/lib/snapd/snap/code/119/usr/share/code/resources/app/out/vs/workbench/api/node/extensionHostProcess.js:106:8557)
    at s.g (/var/lib/snapd/snap/code/119/usr/share/code/resources/app/out/vs/workbench/api/node/extensionHostProcess.js:96:107430)
    at s.executeCommand (/var/lib/snapd/snap/code/119/usr/share/code/resources/app/out/vs/workbench/api/node/extensionHostProcess.js:96:106806)
    at w.registerCommand.description (/var/lib/snapd/snap/code/119/usr/share/code/resources/app/out/vs/workbench/api/node/extensionHostProcess.js:96:106099)
    at s.h (/var/lib/snapd/snap/code/119/usr/share/code/resources/app/out/vs/workbench/api/node/extensionHostProcess.js:96:108016)
    at s.g (/var/lib/snapd/snap/code/119/usr/share/code/resources/app/out/vs/workbench/api/node/extensionHostProcess.js:96:106906)
    at s.executeCommand (/var/lib/snapd/snap/code/119/usr/share/code/resources/app/out/vs/workbench/api/node/extensionHostProcess.js:96:106806)
    at Object.executeCommand (/var/lib/snapd/snap/code/119/usr/share/code/resources/app/out/vs/workbench/api/node/extensionHostProcess.js:117:30778)
    at c (/home/devilunraveled/.vscode/extensions/eamodio.gitlens-13.3.1/dist/gitlens.js:1:991281)
    at GitProviderService.setEnabledContext (/home/devilunraveled/.vscode/extensions/eamodio.gitlens-13.3.1/dist/gitlens.js:1:719860)
    at GitProviderService.S.<computed> (/home/devilunraveled/.vscode/extensions/eamodio.gitlens-13.3.1/dist/gitlens.js:1:1254640)
    at GitProviderService.updateContext (/home/devilunraveled/.vscode/extensions/eamodio.gitlens-13.3.1/dist/gitlens.js:1:720061)
    at /home/devilunraveled/.vscode/extensions/eamodio.gitlens-13.3.1/dist/gitlens.js:1:713767
    at f.invoke (/var/lib/snapd/snap/code/119/usr/share/code/resources/app/out/vs/workbench/api/node/extensionHostProcess.js:63:145)
    at g.deliver (/var/lib/snapd/snap/code/119/usr/share/code/resources/app/out/vs/workbench/api/node/extensionHostProcess.js:63:2029)
    at d.fire (/var/lib/snapd/snap/code/119/usr/share/code/resources/app/out/vs/workbench/api/node/extensionHostProcess.js:63:1667)
    at LocalGitProvider.onRepositoryChanged (/home/devilunraveled/.vscode/extensions/eamodio.gitlens-13.3.1/dist/gitlens.js:1:94150)
    at W.fireChange (/home/devilunraveled/.vscode/extensions/eamodio.gitlens-13.3.1/dist/gitlens.js:1:1178651)
    at W.S.<computed> (/home/devilunraveled/.vscode/extensions/eamodio.gitlens-13.3.1/dist/gitlens.js:1:1254640)
    at W.set closed [as closed] (/home/devilunraveled/.vscode/extensions/eamodio.gitlens-13.3.1/dist/gitlens.js:1:1168388)
    at /home/devilunraveled/.vscode/extensions/eamodio.gitlens-13.3.1/dist/gitlens.js:1:714025
    at f.invoke (/var/lib/snapd/snap/code/119/usr/share/code/resources/app/out/vs/workbench/api/node/extensionHostProcess.js:63:145)
    at g.deliver (/var/lib/snapd/snap/code/119/usr/share/code/resources/app/out/vs/workbench/api/node/extensionHostProcess.js:63:2029)
    at d.fire (/var/lib/snapd/snap/code/119/usr/share/code/resources/app/out/vs/workbench/api/node/extensionHostProcess.js:63:1667)
    at /home/devilunraveled/.vscode/extensions/eamodio.gitlens-13.3.1/dist/gitlens.js:1:94602
    at /var/lib/snapd/snap/code/119/usr/share/code/resources/app/extensions/git/dist/main.js:2:2141211
    at f.invoke (/var/lib/snapd/snap/code/119/usr/share/code/resources/app/out/vs/workbench/api/node/extensionHostProcess.js:63:145)
    at g.deliver (/var/lib/snapd/snap/code/119/usr/share/code/resources/app/out/vs/workbench/api/node/extensionHostProcess.js:63:2029)
    at d.fire (/var/lib/snapd/snap/code/119/usr/share/code/resources/app/out/vs/workbench/api/node/extensionHostProcess.js:63:1667)
    at Object.h [as dispose] (/var/lib/snapd/snap/code/119/usr/share/code/resources/app/extensions/git/dist/main.js:2:2070210)
    at /var/lib/snapd/snap/code/119/usr/share/code/resources/app/extensions/git/dist/main.js:2:2074277
    at Array.forEach (<anonymous>)
    at g.dispose (/var/lib/snapd/snap/code/119/usr/share/code/resources/app/extensions/git/dist/main.js:2:2074263)
    at C.<anonymous> (/var/lib/snapd/snap/code/119/usr/share/code/resources/app/out/vs/workbench/api/node/extensionHostProcess.js:94:12431)
    at C.dispose (/var/lib/snapd/snap/code/119/usr/share/code/resources/app/out/vs/workbench/api/node/extensionHostProcess.js:94:12566)
    at C.<anonymous> (/var/lib/snapd/snap/code/119/usr/share/code/resources/app/extensions/git/dist/main.js:2:2057503)
    at C.dispose (/var/lib/snapd/snap/code/119/usr/share/code/resources/app/out/vs/workbench/api/node/extensionHostProcess.js:94:12566)
    at T (/var/lib/snapd/snap/code/119/usr/share/code/resources/app/out/vs/workbench/api/node/extensionHostProcess.js:10:12072)
    at f.X (/var/lib/snapd/snap/code/119/usr/share/code/resources/app/out/vs/workbench/api/node/extensionHostProcess.js:108:11242)
    at /var/lib/snapd/snap/code/119/usr/share/code/resources/app/out/vs/workbench/api/node/extensionHostProcess.js:108:9037
    at Array.map (<anonymous>)
    at f.Q (/var/lib/snapd/snap/code/119/usr/share/code/resources/app/out/vs/workbench/api/node/extensionHostProcess.js:108:9024)
    at f.terminate (/var/lib/snapd/snap/code/119/usr/share/code/resources/app/out/vs/workbench/api/node/extensionHostProcess.js:108:9298)
    at h.terminate (/var/lib/snapd/snap/code/119/usr/share/code/resources/app/out/vs/workbench/api/node/extensionHostProcess.js:112:1397)
    at p (/var/lib/snapd/snap/code/119/usr/share/code/resources/app/out/vs/workbench/api/node/extensionHostProcess.js:122:17851)
    at MessagePortMain.<anonymous> (/var/lib/snapd/snap/code/119/usr/share/code/resources/app/out/vs/workbench/api/node/extensionHostProcess.js:122:13990)
    at MessagePortMain.emit (node:events:526:28)
    at Object.MessagePortMain._internalPort.emit (node:electron/js2c/utility_init:5:364) setContext undefined
2023-02-25 18:50:56.128 [error] Canceled: Canceled
    at new u (/var/lib/snapd/snap/code/119/usr/share/code/resources/app/out/vs/workbench/api/node/extensionHostProcess.js:96:88070)
    at l.O (/var/lib/snapd/snap/code/119/usr/share/code/resources/app/out/vs/workbench/api/node/extensionHostProcess.js:106:11276)
    at Proxy.V.<computed>.M.charCodeAt.V.<computed> (/var/lib/snapd/snap/code/119/usr/share/code/resources/app/out/vs/workbench/api/node/extensionHostProcess.js:106:8557)
    at s.g (/var/lib/snapd/snap/code/119/usr/share/code/resources/app/out/vs/workbench/api/node/extensionHostProcess.js:96:107430)
    at s.executeCommand (/var/lib/snapd/snap/code/119/usr/share/code/resources/app/out/vs/workbench/api/node/extensionHostProcess.js:96:106806)
    at w.registerCommand.description (/var/lib/snapd/snap/code/119/usr/share/code/resources/app/out/vs/workbench/api/node/extensionHostProcess.js:96:106099)
    at s.h (/var/lib/snapd/snap/code/119/usr/share/code/resources/app/out/vs/workbench/api/node/extensionHostProcess.js:96:108016)
    at s.g (/var/lib/snapd/snap/code/119/usr/share/code/resources/app/out/vs/workbench/api/node/extensionHostProcess.js:96:106906)
    at s.executeCommand (/var/lib/snapd/snap/code/119/usr/share/code/resources/app/out/vs/workbench/api/node/extensionHostProcess.js:96:106806)
    at Object.executeCommand (/var/lib/snapd/snap/code/119/usr/share/code/resources/app/out/vs/workbench/api/node/extensionHostProcess.js:117:30778)
    at c (/home/devilunraveled/.vscode/extensions/eamodio.gitlens-13.3.1/dist/gitlens.js:1:991281)
    at ActionRunners._updateContextKeys (/home/devilunraveled/.vscode/extensions/eamodio.gitlens-13.3.1/dist/gitlens.js:1:12768)
    at s (/home/devilunraveled/.vscode/extensions/eamodio.gitlens-13.3.1/dist/gitlens.js:1:11187)
    at RegisteredActionRunner.unregister (/home/devilunraveled/.vscode/extensions/eamodio.gitlens-13.3.1/dist/gitlens.js:1:11331)
    at RegisteredActionRunner.dispose (/home/devilunraveled/.vscode/extensions/eamodio.gitlens-13.3.1/dist/gitlens.js:1:9993)
    at ActionRunners.dispose (/home/devilunraveled/.vscode/extensions/eamodio.gitlens-13.3.1/dist/gitlens.js:1:10772)
    at T (/var/lib/snapd/snap/code/119/usr/share/code/resources/app/out/vs/workbench/api/node/extensionHostProcess.js:10:12072)
    at f.X (/var/lib/snapd/snap/code/119/usr/share/code/resources/app/out/vs/workbench/api/node/extensionHostProcess.js:108:11242)
    at /var/lib/snapd/snap/code/119/usr/share/code/resources/app/out/vs/workbench/api/node/extensionHostProcess.js:108:9037
    at Array.map (<anonymous>)
    at f.Q (/var/lib/snapd/snap/code/119/usr/share/code/resources/app/out/vs/workbench/api/node/extensionHostProcess.js:108:9024)
    at f.terminate (/var/lib/snapd/snap/code/119/usr/share/code/resources/app/out/vs/workbench/api/node/extensionHostProcess.js:108:9298)
    at h.terminate (/var/lib/snapd/snap/code/119/usr/share/code/resources/app/out/vs/workbench/api/node/extensionHostProcess.js:112:1397)
    at p (/var/lib/snapd/snap/code/119/usr/share/code/resources/app/out/vs/workbench/api/node/extensionHostProcess.js:122:17851)
    at MessagePortMain.<anonymous> (/var/lib/snapd/snap/code/119/usr/share/code/resources/app/out/vs/workbench/api/node/extensionHostProcess.js:122:13990)
    at MessagePortMain.emit (node:events:526:28)
    at Object.MessagePortMain._internalPort.emit (node:electron/js2c/utility_init:5:364) setContext undefined
2023-02-25 18:50:56.128 [error] Canceled: Canceled
    at new u (/var/lib/snapd/snap/code/119/usr/share/code/resources/app/out/vs/workbench/api/node/extensionHostProcess.js:96:88070)
    at l.O (/var/lib/snapd/snap/code/119/usr/share/code/resources/app/out/vs/workbench/api/node/extensionHostProcess.js:106:11276)
    at Proxy.V.<computed>.M.charCodeAt.V.<computed> (/var/lib/snapd/snap/code/119/usr/share/code/resources/app/out/vs/workbench/api/node/extensionHostProcess.js:106:8557)
    at s.g (/var/lib/snapd/snap/code/119/usr/share/code/resources/app/out/vs/workbench/api/node/extensionHostProcess.js:96:107430)
    at s.executeCommand (/var/lib/snapd/snap/code/119/usr/share/code/resources/app/out/vs/workbench/api/node/extensionHostProcess.js:96:106806)
    at w.registerCommand.description (/var/lib/snapd/snap/code/119/usr/share/code/resources/app/out/vs/workbench/api/node/extensionHostProcess.js:96:106099)
    at s.h (/var/lib/snapd/snap/code/119/usr/share/code/resources/app/out/vs/workbench/api/node/extensionHostProcess.js:96:108016)
    at s.g (/var/lib/snapd/snap/code/119/usr/share/code/resources/app/out/vs/workbench/api/node/extensionHostProcess.js:96:106906)
    at s.executeCommand (/var/lib/snapd/snap/code/119/usr/share/code/resources/app/out/vs/workbench/api/node/extensionHostProcess.js:96:106806)
    at Object.executeCommand (/var/lib/snapd/snap/code/119/usr/share/code/resources/app/out/vs/workbench/api/node/extensionHostProcess.js:117:30778)
    at c (/home/devilunraveled/.vscode/extensions/eamodio.gitlens-13.3.1/dist/gitlens.js:1:991281)
    at ActionRunners._updateContextKeys (/home/devilunraveled/.vscode/extensions/eamodio.gitlens-13.3.1/dist/gitlens.js:1:12768)
    at s (/home/devilunraveled/.vscode/extensions/eamodio.gitlens-13.3.1/dist/gitlens.js:1:11187)
    at RegisteredActionRunner.unregister (/home/devilunraveled/.vscode/extensions/eamodio.gitlens-13.3.1/dist/gitlens.js:1:11331)
    at RegisteredActionRunner.dispose (/home/devilunraveled/.vscode/extensions/eamodio.gitlens-13.3.1/dist/gitlens.js:1:9993)
    at ActionRunners.dispose (/home/devilunraveled/.vscode/extensions/eamodio.gitlens-13.3.1/dist/gitlens.js:1:10772)
    at T (/var/lib/snapd/snap/code/119/usr/share/code/resources/app/out/vs/workbench/api/node/extensionHostProcess.js:10:12072)
    at f.X (/var/lib/snapd/snap/code/119/usr/share/code/resources/app/out/vs/workbench/api/node/extensionHostProcess.js:108:11242)
    at /var/lib/snapd/snap/code/119/usr/share/code/resources/app/out/vs/workbench/api/node/extensionHostProcess.js:108:9037
    at Array.map (<anonymous>)
    at f.Q (/var/lib/snapd/snap/code/119/usr/share/code/resources/app/out/vs/workbench/api/node/extensionHostProcess.js:108:9024)
    at f.terminate (/var/lib/snapd/snap/code/119/usr/share/code/resources/app/out/vs/workbench/api/node/extensionHostProcess.js:108:9298)
    at h.terminate (/var/lib/snapd/snap/code/119/usr/share/code/resources/app/out/vs/workbench/api/node/extensionHostProcess.js:112:1397)
    at p (/var/lib/snapd/snap/code/119/usr/share/code/resources/app/out/vs/workbench/api/node/extensionHostProcess.js:122:17851)
    at MessagePortMain.<anonymous> (/var/lib/snapd/snap/code/119/usr/share/code/resources/app/out/vs/workbench/api/node/extensionHostProcess.js:122:13990)
    at MessagePortMain.emit (node:events:526:28)
    at Object.MessagePortMain._internalPort.emit (node:electron/js2c/utility_init:5:364) setContext undefined
2023-02-25 18:50:56.128 [error] Canceled: Canceled
    at new u (/var/lib/snapd/snap/code/119/usr/share/code/resources/app/out/vs/workbench/api/node/extensionHostProcess.js:96:88070)
    at l.O (/var/lib/snapd/snap/code/119/usr/share/code/resources/app/out/vs/workbench/api/node/extensionHostProcess.js:106:11276)
    at Proxy.V.<computed>.M.charCodeAt.V.<computed> (/var/lib/snapd/snap/code/119/usr/share/code/resources/app/out/vs/workbench/api/node/extensionHostProcess.js:106:8557)
    at s.g (/var/lib/snapd/snap/code/119/usr/share/code/resources/app/out/vs/workbench/api/node/extensionHostProcess.js:96:107430)
    at s.executeCommand (/var/lib/snapd/snap/code/119/usr/share/code/resources/app/out/vs/workbench/api/node/extensionHostProcess.js:96:106806)
    at w.registerCommand.description (/var/lib/snapd/snap/code/119/usr/share/code/resources/app/out/vs/workbench/api/node/extensionHostProcess.js:96:106099)
    at s.h (/var/lib/snapd/snap/code/119/usr/share/code/resources/app/out/vs/workbench/api/node/extensionHostProcess.js:96:108016)
    at s.g (/var/lib/snapd/snap/code/119/usr/share/code/resources/app/out/vs/workbench/api/node/extensionHostProcess.js:96:106906)
    at s.executeCommand (/var/lib/snapd/snap/code/119/usr/share/code/resources/app/out/vs/workbench/api/node/extensionHostProcess.js:96:106806)
    at Object.executeCommand (/var/lib/snapd/snap/code/119/usr/share/code/resources/app/out/vs/workbench/api/node/extensionHostProcess.js:117:30778)
    at c (/home/devilunraveled/.vscode/extensions/eamodio.gitlens-13.3.1/dist/gitlens.js:1:991281)
    at ActionRunners._updateContextKeys (/home/devilunraveled/.vscode/extensions/eamodio.gitlens-13.3.1/dist/gitlens.js:1:12768)
    at s (/home/devilunraveled/.vscode/extensions/eamodio.gitlens-13.3.1/dist/gitlens.js:1:11187)
    at RegisteredActionRunner.unregister (/home/devilunraveled/.vscode/extensions/eamodio.gitlens-13.3.1/dist/gitlens.js:1:11331)
    at RegisteredActionRunner.dispose (/home/devilunraveled/.vscode/extensions/eamodio.gitlens-13.3.1/dist/gitlens.js:1:9993)
    at ActionRunners.dispose (/home/devilunraveled/.vscode/extensions/eamodio.gitlens-13.3.1/dist/gitlens.js:1:10772)
    at T (/var/lib/snapd/snap/code/119/usr/share/code/resources/app/out/vs/workbench/api/node/extensionHostProcess.js:10:12072)
    at f.X (/var/lib/snapd/snap/code/119/usr/share/code/resources/app/out/vs/workbench/api/node/extensionHostProcess.js:108:11242)
    at /var/lib/snapd/snap/code/119/usr/share/code/resources/app/out/vs/workbench/api/node/extensionHostProcess.js:108:9037
    at Array.map (<anonymous>)
    at f.Q (/var/lib/snapd/snap/code/119/usr/share/code/resources/app/out/vs/workbench/api/node/extensionHostProcess.js:108:9024)
    at f.terminate (/var/lib/snapd/snap/code/119/usr/share/code/resources/app/out/vs/workbench/api/node/extensionHostProcess.js:108:9298)
    at h.terminate (/var/lib/snapd/snap/code/119/usr/share/code/resources/app/out/vs/workbench/api/node/extensionHostProcess.js:112:1397)
    at p (/var/lib/snapd/snap/code/119/usr/share/code/resources/app/out/vs/workbench/api/node/extensionHostProcess.js:122:17851)
    at MessagePortMain.<anonymous> (/var/lib/snapd/snap/code/119/usr/share/code/resources/app/out/vs/workbench/api/node/extensionHostProcess.js:122:13990)
    at MessagePortMain.emit (node:events:526:28)
    at Object.MessagePortMain._internalPort.emit (node:electron/js2c/utility_init:5:364) setContext undefined
2023-02-25 18:50:56.129 [error] Canceled: Canceled
    at new u (/var/lib/snapd/snap/code/119/usr/share/code/resources/app/out/vs/workbench/api/node/extensionHostProcess.js:96:88070)
    at l.O (/var/lib/snapd/snap/code/119/usr/share/code/resources/app/out/vs/workbench/api/node/extensionHostProcess.js:106:11276)
    at Proxy.V.<computed>.M.charCodeAt.V.<computed> (/var/lib/snapd/snap/code/119/usr/share/code/resources/app/out/vs/workbench/api/node/extensionHostProcess.js:106:8557)
    at s.g (/var/lib/snapd/snap/code/119/usr/share/code/resources/app/out/vs/workbench/api/node/extensionHostProcess.js:96:107430)
    at s.executeCommand (/var/lib/snapd/snap/code/119/usr/share/code/resources/app/out/vs/workbench/api/node/extensionHostProcess.js:96:106806)
    at w.registerCommand.description (/var/lib/snapd/snap/code/119/usr/share/code/resources/app/out/vs/workbench/api/node/extensionHostProcess.js:96:106099)
    at s.h (/var/lib/snapd/snap/code/119/usr/share/code/resources/app/out/vs/workbench/api/node/extensionHostProcess.js:96:108016)
    at s.g (/var/lib/snapd/snap/code/119/usr/share/code/resources/app/out/vs/workbench/api/node/extensionHostProcess.js:96:106906)
    at s.executeCommand (/var/lib/snapd/snap/code/119/usr/share/code/resources/app/out/vs/workbench/api/node/extensionHostProcess.js:96:106806)
    at Object.executeCommand (/var/lib/snapd/snap/code/119/usr/share/code/resources/app/out/vs/workbench/api/node/extensionHostProcess.js:117:30778)
    at c (/home/devilunraveled/.vscode/extensions/eamodio.gitlens-13.3.1/dist/gitlens.js:1:991281)
    at ActionRunners._updateContextKeys (/home/devilunraveled/.vscode/extensions/eamodio.gitlens-13.3.1/dist/gitlens.js:1:12768)
    at s (/home/devilunraveled/.vscode/extensions/eamodio.gitlens-13.3.1/dist/gitlens.js:1:11187)
    at RegisteredActionRunner.unregister (/home/devilunraveled/.vscode/extensions/eamodio.gitlens-13.3.1/dist/gitlens.js:1:11331)
    at RegisteredActionRunner.dispose (/home/devilunraveled/.vscode/extensions/eamodio.gitlens-13.3.1/dist/gitlens.js:1:9993)
    at Object.dispose (/home/devilunraveled/.vscode/extensions/eamodio.gitlens-13.3.1/dist/gitlens.js:1:11428)
    at T (/var/lib/snapd/snap/code/119/usr/share/code/resources/app/out/vs/workbench/api/node/extensionHostProcess.js:10:12072)
    at f.X (/var/lib/snapd/snap/code/119/usr/share/code/resources/app/out/vs/workbench/api/node/extensionHostProcess.js:108:11242)
    at /var/lib/snapd/snap/code/119/usr/share/code/resources/app/out/vs/workbench/api/node/extensionHostProcess.js:108:9037
    at Array.map (<anonymous>)
    at f.Q (/var/lib/snapd/snap/code/119/usr/share/code/resources/app/out/vs/workbench/api/node/extensionHostProcess.js:108:9024)
    at f.terminate (/var/lib/snapd/snap/code/119/usr/share/code/resources/app/out/vs/workbench/api/node/extensionHostProcess.js:108:9298)
    at h.terminate (/var/lib/snapd/snap/code/119/usr/share/code/resources/app/out/vs/workbench/api/node/extensionHostProcess.js:112:1397)
    at p (/var/lib/snapd/snap/code/119/usr/share/code/resources/app/out/vs/workbench/api/node/extensionHostProcess.js:122:17851)
    at MessagePortMain.<anonymous> (/var/lib/snapd/snap/code/119/usr/share/code/resources/app/out/vs/workbench/api/node/extensionHostProcess.js:122:13990)
    at MessagePortMain.emit (node:events:526:28)
    at Object.MessagePortMain._internalPort.emit (node:electron/js2c/utility_init:5:364) setContext undefined
2023-02-25 18:50:56.129 [error] Canceled: Canceled
    at new u (/var/lib/snapd/snap/code/119/usr/share/code/resources/app/out/vs/workbench/api/node/extensionHostProcess.js:96:88070)
    at l.O (/var/lib/snapd/snap/code/119/usr/share/code/resources/app/out/vs/workbench/api/node/extensionHostProcess.js:106:11276)
    at Proxy.V.<computed>.M.charCodeAt.V.<computed> (/var/lib/snapd/snap/code/119/usr/share/code/resources/app/out/vs/workbench/api/node/extensionHostProcess.js:106:8557)
    at s.g (/var/lib/snapd/snap/code/119/usr/share/code/resources/app/out/vs/workbench/api/node/extensionHostProcess.js:96:107430)
    at s.executeCommand (/var/lib/snapd/snap/code/119/usr/share/code/resources/app/out/vs/workbench/api/node/extensionHostProcess.js:96:106806)
    at w.registerCommand.description (/var/lib/snapd/snap/code/119/usr/share/code/resources/app/out/vs/workbench/api/node/extensionHostProcess.js:96:106099)
    at s.h (/var/lib/snapd/snap/code/119/usr/share/code/resources/app/out/vs/workbench/api/node/extensionHostProcess.js:96:108016)
    at s.g (/var/lib/snapd/snap/code/119/usr/share/code/resources/app/out/vs/workbench/api/node/extensionHostProcess.js:96:106906)
    at s.executeCommand (/var/lib/snapd/snap/code/119/usr/share/code/resources/app/out/vs/workbench/api/node/extensionHostProcess.js:96:106806)
    at Object.executeCommand (/var/lib/snapd/snap/code/119/usr/share/code/resources/app/out/vs/workbench/api/node/extensionHostProcess.js:117:30778)
    at c (/home/devilunraveled/.vscode/extensions/eamodio.gitlens-13.3.1/dist/gitlens.js:1:991281)
    at ActionRunners._updateContextKeys (/home/devilunraveled/.vscode/extensions/eamodio.gitlens-13.3.1/dist/gitlens.js:1:12768)
    at s (/home/devilunraveled/.vscode/extensions/eamodio.gitlens-13.3.1/dist/gitlens.js:1:11187)
    at RegisteredActionRunner.unregister (/home/devilunraveled/.vscode/extensions/eamodio.gitlens-13.3.1/dist/gitlens.js:1:11331)
    at RegisteredActionRunner.dispose (/home/devilunraveled/.vscode/extensions/eamodio.gitlens-13.3.1/dist/gitlens.js:1:9993)
    at Object.dispose (/home/devilunraveled/.vscode/extensions/eamodio.gitlens-13.3.1/dist/gitlens.js:1:11428)
    at T (/var/lib/snapd/snap/code/119/usr/share/code/resources/app/out/vs/workbench/api/node/extensionHostProcess.js:10:12072)
    at f.X (/var/lib/snapd/snap/code/119/usr/share/code/resources/app/out/vs/workbench/api/node/extensionHostProcess.js:108:11242)
    at /var/lib/snapd/snap/code/119/usr/share/code/resources/app/out/vs/workbench/api/node/extensionHostProcess.js:108:9037
    at Array.map (<anonymous>)
    at f.Q (/var/lib/snapd/snap/code/119/usr/share/code/resources/app/out/vs/workbench/api/node/extensionHostProcess.js:108:9024)
    at f.terminate (/var/lib/snapd/snap/code/119/usr/share/code/resources/app/out/vs/workbench/api/node/extensionHostProcess.js:108:9298)
    at h.terminate (/var/lib/snapd/snap/code/119/usr/share/code/resources/app/out/vs/workbench/api/node/extensionHostProcess.js:112:1397)
    at p (/var/lib/snapd/snap/code/119/usr/share/code/resources/app/out/vs/workbench/api/node/extensionHostProcess.js:122:17851)
    at MessagePortMain.<anonymous> (/var/lib/snapd/snap/code/119/usr/share/code/resources/app/out/vs/workbench/api/node/extensionHostProcess.js:122:13990)
    at MessagePortMain.emit (node:events:526:28)
    at Object.MessagePortMain._internalPort.emit (node:electron/js2c/utility_init:5:364) setContext undefined
2023-02-25 18:50:56.129 [error] Canceled: Canceled
    at new u (/var/lib/snapd/snap/code/119/usr/share/code/resources/app/out/vs/workbench/api/node/extensionHostProcess.js:96:88070)
    at l.O (/var/lib/snapd/snap/code/119/usr/share/code/resources/app/out/vs/workbench/api/node/extensionHostProcess.js:106:11276)
    at Proxy.V.<computed>.M.charCodeAt.V.<computed> (/var/lib/snapd/snap/code/119/usr/share/code/resources/app/out/vs/workbench/api/node/extensionHostProcess.js:106:8557)
    at s.g (/var/lib/snapd/snap/code/119/usr/share/code/resources/app/out/vs/workbench/api/node/extensionHostProcess.js:96:107430)
    at s.executeCommand (/var/lib/snapd/snap/code/119/usr/share/code/resources/app/out/vs/workbench/api/node/extensionHostProcess.js:96:106806)
    at w.registerCommand.description (/var/lib/snapd/snap/code/119/usr/share/code/resources/app/out/vs/workbench/api/node/extensionHostProcess.js:96:106099)
    at s.h (/var/lib/snapd/snap/code/119/usr/share/code/resources/app/out/vs/workbench/api/node/extensionHostProcess.js:96:108016)
    at s.g (/var/lib/snapd/snap/code/119/usr/share/code/resources/app/out/vs/workbench/api/node/extensionHostProcess.js:96:106906)
    at s.executeCommand (/var/lib/snapd/snap/code/119/usr/share/code/resources/app/out/vs/workbench/api/node/extensionHostProcess.js:96:106806)
    at Object.executeCommand (/var/lib/snapd/snap/code/119/usr/share/code/resources/app/out/vs/workbench/api/node/extensionHostProcess.js:117:30778)
    at c (/home/devilunraveled/.vscode/extensions/eamodio.gitlens-13.3.1/dist/gitlens.js:1:991281)
    at ActionRunners._updateContextKeys (/home/devilunraveled/.vscode/extensions/eamodio.gitlens-13.3.1/dist/gitlens.js:1:12768)
    at s (/home/devilunraveled/.vscode/extensions/eamodio.gitlens-13.3.1/dist/gitlens.js:1:11187)
    at RegisteredActionRunner.unregister (/home/devilunraveled/.vscode/extensions/eamodio.gitlens-13.3.1/dist/gitlens.js:1:11331)
    at RegisteredActionRunner.dispose (/home/devilunraveled/.vscode/extensions/eamodio.gitlens-13.3.1/dist/gitlens.js:1:9993)
    at Object.dispose (/home/devilunraveled/.vscode/extensions/eamodio.gitlens-13.3.1/dist/gitlens.js:1:11428)
    at T (/var/lib/snapd/snap/code/119/usr/share/code/resources/app/out/vs/workbench/api/node/extensionHostProcess.js:10:12072)
    at f.X (/var/lib/snapd/snap/code/119/usr/share/code/resources/app/out/vs/workbench/api/node/extensionHostProcess.js:108:11242)
    at /var/lib/snapd/snap/code/119/usr/share/code/resources/app/out/vs/workbench/api/node/extensionHostProcess.js:108:9037
    at Array.map (<anonymous>)
    at f.Q (/var/lib/snapd/snap/code/119/usr/share/code/resources/app/out/vs/workbench/api/node/extensionHostProcess.js:108:9024)
    at f.terminate (/var/lib/snapd/snap/code/119/usr/share/code/resources/app/out/vs/workbench/api/node/extensionHostProcess.js:108:9298)
    at h.terminate (/var/lib/snapd/snap/code/119/usr/share/code/resources/app/out/vs/workbench/api/node/extensionHostProcess.js:112:1397)
    at p (/var/lib/snapd/snap/code/119/usr/share/code/resources/app/out/vs/workbench/api/node/extensionHostProcess.js:122:17851)
    at MessagePortMain.<anonymous> (/var/lib/snapd/snap/code/119/usr/share/code/resources/app/out/vs/workbench/api/node/extensionHostProcess.js:122:13990)
    at MessagePortMain.emit (node:events:526:28)
    at Object.MessagePortMain._internalPort.emit (node:electron/js2c/utility_init:5:364) setContext undefined
2023-02-25 18:50:56.336 [error] TypeError: Converting circular structure to JSON
    --> starting at object with constructor 't'
    |     property '_readableState' -> object with constructor 'M'
    |     property 'pipes' -> object with constructor 'Array'
    |     index 0 -> object with constructor 't.ConsoleForElectron'
    --- property 'parent' closes the circle
    at JSON.stringify (<anonymous>)
    at /home/devilunraveled/.vscode/extensions/vscodevim.vim-1.24.3/src/register/register.ts:333:16
    at process.async (node:internal/process/task_queues:96:5)
    at Object.e.deactivate (/home/devilunraveled/.vscode/extensions/vscodevim.vim-1.24.3/extension.ts:64:8)
    at async Promise.all (index 30)
    at f.Q (/var/lib/snapd/snap/code/119/usr/share/code/resources/app/out/vs/workbench/api/node/extensionHostProcess.js:108:9051)
2023-02-25 18:50:56.351 [info] Extension host with pid 10139 exiting with code 0
