2023-04-27 16:40:43.824 [warning] Via 'product.json#extensionEnabledApiProposals' extension 'ms-vscode.vscode-selfhost-test-provider' wants API proposal 'testContinuousRun' but that proposal DOES NOT EXIST. Likely, the proposal has been finalized (check 'vscode.d.ts') or was abandoned.
2023-04-27 16:40:43.832 [warning] Via 'product.json#extensionEnabledApiProposals' extension 'ms-vscode.remote-repositories' wants API proposal 'contribEditorGutterMenu' but that proposal DOES NOT EXIST. Likely, the proposal has been finalized (check 'vscode.d.ts') or was abandoned.
2023-04-27 16:40:43.833 [warning] Via 'product.json#extensionEnabledApiProposals' extension 'github.vscode-pull-request-github' wants API proposal 'contribEditorGutterMenu' but that proposal DOES NOT EXIST. Likely, the proposal has been finalized (check 'vscode.d.ts') or was abandoned.
2023-04-27 16:40:43.833 [warning] Via 'product.json#extensionEnabledApiProposals' extension 'ms-toolsai.jupyter' wants API proposal 'notebookControllerKind' but that proposal DOES NOT EXIST. Likely, the proposal has been finalized (check 'vscode.d.ts') or was abandoned.
2023-04-27 16:40:44.422 [error] Extension 'tabnine.tabnine-vscode' wants API proposal 'inlineCompletions' but that proposal DOES NOT EXIST. Likely, the proposal has been finalized (check 'vscode.d.ts') or was abandoned.
2023-04-27 16:40:45.438 [error] [Extension Host] (node:2531) [DEP0005] DeprecationWarning: Buffer() is deprecated due to security and usability issues. Please use the Buffer.alloc(), Buffer.allocUnsafe(), or Buffer.from() methods instead.
(Use `exe --trace-deprecation ...` to show where the warning was created)
2023-04-27 16:40:47.326 [info] [perf] Render performance baseline is 147ms
2023-04-27 16:40:51.686 [error] [Extension Host] Error: Binary request timed out. {"State":{}}
    at Timeout._onTimeout (/home/devilunraveled/.vscode/extensions/tabnine.tabnine-vscode-3.6.45/out/extension.js:17:33113)
    at listOnTimeout (node:internal/timers:559:17)
    at processTimers (node:internal/timers:502:7)
2023-04-27 16:42:37.627 [error] [Extension Host] Error: Binary request timed out. {"Autocomplete":{"filename":"/home/devilunraveled/Projects/DASS/Product Labs/DASS2k23-Team-5/backend/.env","before":"BOT_API='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'\nORG_API='org-OxzUWIRt3quzunKrH1rCCPRa'\nTWILIO_ACCOUNT_SID='AC87e2b8b932916de9013dfb685c767ea0'\nTWILIO_AUTH_TOKEN='ae9b21f86ca8575fd9732e32b5c6ce3f'\nMONGODB_URL='mongodb+srv://hardiksharma:sSNnnUWowcn5Pfwt@userdata.7ybyykl.mongodb.net/?retryWrites=true&w=majority'\nPORT=4000\nTRANSLATION_TOKEN='","after":"\n'eyJ4NXQiOiJZV1kxTm1Sa1pHSTVNekU0T0RCbFpEUmlNV0k0WldKbE5qRXhaV1ZpWmpFek1tTm1ORFUzWVEiLCJraWQiOiJNV1E1TldVd1lXWmlNbU16WlRJek16ZG1NekJoTVdNNFlqUXlNalZoTldNNE5qaGtNR1JtTnpGbE1HSTNaRGxtWW1Rek5tRXlNemhoWWpCaU5tWmhZd19SUzI1NiIsImFsZyI6IlJTMjU2In0.eyJzdWIiOiI5YzkzMDQ3YS0zOTllLTRjNTgtOTUyOS00MDc2ZmRhNDBhNzQiLCJhdXQiOiJBUFBMSUNBVElPTiIsImF1ZCI6InBHZUg1UzJhNDV2TkdnVTl4QnFNZWpjSEpKa2EiLCJuYmYiOjE2ODIzOTQxNzEsImF6cCI6InBHZUg1UzJhNDV2TkdnVTl4QnFNZWpjSEpKa2EiLCJzY29wZSI6ImRlZmF1bHQiLCJvcmdhbml6YXRpb24iOnsidXVpZCI6IjExZmMwNDY4LTY0NGMtNGNjNi1iZTdkLTQ2YjViZmZjZDkxNCJ9LCJpc3MiOiJodHRwczpcL1wvc3RzLmNob3Jlby5kZXY6NDQzXC9vYXV0aDJcL3Rva2VuIiwiZXhwIjoxNjgyMzk3NzcxLCJpYXQiOjE2ODIzOTQxNzEsImp0aSI6ImRlNDNiMmEzLWI2OTQtNDg2NS1iOWVkLTFhNjA5ZGYwNTFhYyJ9.Rih_c0T5KjuNBjsJqabMusNTAG16KLnZmNt-ykDC2TSWlNpP_bkM599tPCpm-Iz441trmtQE-gYgbebBlagayVfTF88zQRYOECTzmvhmUfLqV7uZOQh2luTCujayb1Caw3Lg-zAX9LhwnIohqRlqZlk7dJOPNXZcdb09ecimrQ6gHoGFD7vpgqZaOp8HaSqleNqd2F-_nHRgGnV4JRpA5vnp5RXKbqU79_7xleV0hKmlBmGxZCmb-1OMHcJXRDRM0h_ud6fTLbZz8sD7wyXG7Qdhh-Vcj7-s-LkrpQ9zlt7LF_CKhnP2gqnXx_ZGyNBUWC4kB7g6Kd2BuwO_WQlWSemWwaihkM96fGK6A_iLWbEv6VOO6Z40MA5O3l97oMRbUV2hqJZuJQDtuZw7UNHYQXUYH4kXYWVRwzlMkOLJbTOC5ldpbknt0v5GLzSCQOfqnk0B46F4u1hkaHCELdJrjGgRIxx3PwSZ0V6iEo4NRpJjNm4YILj5LUDg1xLhAbDoH_Ls3Iouy83-Fr7C3V18SQeFxrk9L0QkNEWzB4hZmPQ3V5hNS7xMxW3_AJqXSQuYp8qXcBDx8v92W34c5z60W-pdG5GpADr87fI9RFk6-GKMFf7X4QqQTqbJUSVJQWE0XUZ_jFcfAzPBTNhyXz8fp_2EAzsDGoLm6Bd4dTHmyKY'","region_includes_beginning":true,"region_includes_end":true,"max_num_results":5,"offset":355,"line":6,"character":19,"indentation_size":4}}
    at Timeout._onTimeout (/home/devilunraveled/.vscode/extensions/tabnine.tabnine-vscode-3.6.45/out/extension.js:17:33113)
    at listOnTimeout (node:internal/timers:559:17)
    at processTimers (node:internal/timers:502:7)
2023-04-27 16:42:38.629 [error] [Extension Host] Error: Binary request timed out. {"Autocomplete":{"filename":"/home/devilunraveled/Projects/DASS/Product Labs/DASS2k23-Team-5/backend/.env","before":"BOT_API='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'\nORG_API='org-OxzUWIRt3quzunKrH1rCCPRa'\nTWILIO_ACCOUNT_SID='AC87e2b8b932916de9013dfb685c767ea0'\nTWILIO_AUTH_TOKEN='ae9b21f86ca8575fd9732e32b5c6ce3f'\nMONGODB_URL='mongodb+srv://hardiksharma:sSNnnUWowcn5Pfwt@userdata.7ybyykl.mongodb.net/?retryWrites=true&w=majority'\nPORT=4000\nTRANSLATION_TOKEN=''","after":"\n'eyJ4NXQiOiJZV1kxTm1Sa1pHSTVNekU0T0RCbFpEUmlNV0k0WldKbE5qRXhaV1ZpWmpFek1tTm1ORFUzWVEiLCJraWQiOiJNV1E1TldVd1lXWmlNbU16WlRJek16ZG1NekJoTVdNNFlqUXlNalZoTldNNE5qaGtNR1JtTnpGbE1HSTNaRGxtWW1Rek5tRXlNemhoWWpCaU5tWmhZd19SUzI1NiIsImFsZyI6IlJTMjU2In0.eyJzdWIiOiI5YzkzMDQ3YS0zOTllLTRjNTgtOTUyOS00MDc2ZmRhNDBhNzQiLCJhdXQiOiJBUFBMSUNBVElPTiIsImF1ZCI6InBHZUg1UzJhNDV2TkdnVTl4QnFNZWpjSEpKa2EiLCJuYmYiOjE2ODIzOTQxNzEsImF6cCI6InBHZUg1UzJhNDV2TkdnVTl4QnFNZWpjSEpKa2EiLCJzY29wZSI6ImRlZmF1bHQiLCJvcmdhbml6YXRpb24iOnsidXVpZCI6IjExZmMwNDY4LTY0NGMtNGNjNi1iZTdkLTQ2YjViZmZjZDkxNCJ9LCJpc3MiOiJodHRwczpcL1wvc3RzLmNob3Jlby5kZXY6NDQzXC9vYXV0aDJcL3Rva2VuIiwiZXhwIjoxNjgyMzk3NzcxLCJpYXQiOjE2ODIzOTQxNzEsImp0aSI6ImRlNDNiMmEzLWI2OTQtNDg2NS1iOWVkLTFhNjA5ZGYwNTFhYyJ9.Rih_c0T5KjuNBjsJqabMusNTAG16KLnZmNt-ykDC2TSWlNpP_bkM599tPCpm-Iz441trmtQE-gYgbebBlagayVfTF88zQRYOECTzmvhmUfLqV7uZOQh2luTCujayb1Caw3Lg-zAX9LhwnIohqRlqZlk7dJOPNXZcdb09ecimrQ6gHoGFD7vpgqZaOp8HaSqleNqd2F-_nHRgGnV4JRpA5vnp5RXKbqU79_7xleV0hKmlBmGxZCmb-1OMHcJXRDRM0h_ud6fTLbZz8sD7wyXG7Qdhh-Vcj7-s-LkrpQ9zlt7LF_CKhnP2gqnXx_ZGyNBUWC4kB7g6Kd2BuwO_WQlWSemWwaihkM96fGK6A_iLWbEv6VOO6Z40MA5O3l97oMRbUV2hqJZuJQDtuZw7UNHYQXUYH4kXYWVRwzlMkOLJbTOC5ldpbknt0v5GLzSCQOfqnk0B46F4u1hkaHCELdJrjGgRIxx3PwSZ0V6iEo4NRpJjNm4YILj5LUDg1xLhAbDoH_Ls3Iouy83-Fr7C3V18SQeFxrk9L0QkNEWzB4hZmPQ3V5hNS7xMxW3_AJqXSQuYp8qXcBDx8v92W34c5z60W-pdG5GpADr87fI9RFk6-GKMFf7X4QqQTqbJUSVJQWE0XUZ_jFcfAzPBTNhyXz8fp_2EAzsDGoLm6Bd4dTHmyKY'","region_includes_beginning":true,"region_includes_end":true,"max_num_results":5,"offset":356,"line":6,"character":20,"indentation_size":4}}
    at Timeout._onTimeout (/home/devilunraveled/.vscode/extensions/tabnine.tabnine-vscode-3.6.45/out/extension.js:17:33113)
    at listOnTimeout (node:internal/timers:559:17)
    at processTimers (node:internal/timers:502:7)
2023-04-27 16:42:41.696 [error] [Extension Host] Error: Binary request timed out. {"State":{}}
    at Timeout._onTimeout (/home/devilunraveled/.vscode/extensions/tabnine.tabnine-vscode-3.6.45/out/extension.js:17:33113)
    at listOnTimeout (node:internal/timers:559:17)
    at processTimers (node:internal/timers:502:7)
2023-04-27 17:20:20.537 [info] Webgl lost context, disposing of webgl renderer
