2023-02-25 01:45:30.165 [info] Added views:workbench.panel.markers.view in workbench.panel.markers
2023-02-25 01:45:30.166 [info] Added views:workbench.panel.output in workbench.panel.output
2023-02-25 01:45:30.166 [info] Added views:terminal in terminal
2023-02-25 01:45:30.166 [info] Added views:outline in workbench.view.explorer
2023-02-25 01:45:30.166 [info] Added views:workbench.scm in workbench.view.scm
2023-02-25 01:45:30.166 [info] Added views:workbench.view.search in workbench.view.search
2023-02-25 01:45:30.166 [info] Added views:timeline in workbench.view.explorer
2023-02-25 01:45:30.166 [info] Added views:workbench.explorer.fileView in workbench.view.explorer
2023-02-25 01:45:30.411 [info] Added views:workbench.debug.welcome in workbench.view.debug
2023-02-25 01:45:30.412 [info] Added views:workbench.debug.breakPointsView in workbench.view.debug
2023-02-25 01:45:30.684 [info] Added views:bookmarksExplorer,bookmarksHelpAndFeedback in workbench.view.extension.bookmarks
2023-02-25 01:45:30.685 [info] Added views:projectsExplorerFavorites,projectManagerHelpAndFeedback in workbench.view.extension.project-manager
2023-02-25 01:45:30.685 [info] Added views:gitlens.views.home,gitlens.views.contributors in workbench.view.extension.gitlens
2023-02-25 01:45:30.686 [info] Added views:gitlens.views.commits,gitlens.views.commitDetails,gitlens.views.fileHistory,gitlens.views.branches,gitlens.views.remotes,gitlens.views.stashes,gitlens.views.tags,gitlens.views.searchAndCompare in workbench.view.scm
2023-02-25 01:45:30.687 [info] Added views:mongoDBConnectionExplorer,mongoDBPlaygroundsExplorer,mongoDBHelpExplorer in workbench.view.extension.mongoDB
2023-02-25 01:45:30.993 [info] Added views:workbench.panel.repl.view in workbench.panel.repl
2023-02-25 01:45:31.702 [info] Added views:projectsExplorerGit in workbench.view.extension.project-manager
2023-02-25 01:45:33.109 [info] Added views:gitlens.views.timeline in workbench.view.extension.gitlensPanel
2023-02-25 01:45:33.112 [info] Added views:gitlens.views.worktrees in workbench.view.scm
2023-02-25 01:49:09.152 [info] Added views:workbench.views.extensions.installed,workbench.views.extensions.popular,extensions.recommendedList in workbench.view.extensions
2023-02-25 01:49:09.159 [info] Removed views:workbench.views.extensions.popular from workbench.view.extensions
2023-02-25 01:49:09.832 [info] Removed views:extensions.recommendedList,workbench.views.extensions.installed from workbench.view.extensions
2023-02-25 01:49:09.867 [info] Added views:workbench.views.extensions.marketplace in workbench.view.extensions
2023-02-25 01:49:18.997 [info] Added views:dockerContainers,dockerImages,dockerRegistries,dockerNetworks,dockerVolumes,vscode-docker.views.dockerContexts,vscode-docker.views.help in workbench.view.extension.dockerView
