2024-05-08T07:22:32.972Z extension INFO  Activating extension... [
  {
    id: 'mongodb.mongodb-vscode',
    version: '1.3.1',
    mode: 'Production',
    kind: 'UI',
    extensionPath: '/home/devilunraveled/.vscode/extensions/mongodb.mongodb-vscode-1.3.1',
    logPath: '/home/devilunraveled/.config/Code/logs/20240508T125214/window1/exthost/mongodb.mongodb-vscode',
    workspaceStoragePath: '/home/devilunraveled/.config/Code/User/workspaceStorage/02d7c141031c21a2770221e808c3f42f/mongodb.mongodb-vscode',
    globalStoragePath: '/home/devilunraveled/.config/Code/User/globalStorage/mongodb.mongodb-vscode',
    defaultConnectionSavingLocation: 'Global',
    buildInfo: {
      nodeVersion: 'v18.18.2',
      runtimePlatform: 'linux',
      runtimeArch: 'x64'
    }
  }
]

2024-05-08T07:22:32.977Z telemetry INFO  SegmentKey was found [ { type: 'string' } ]

2024-05-08T07:22:32.978Z language server controller INFO  Creating MongoDB Language Server... [
  {
    extensionPath: '/home/devilunraveled/.vscode/extensions/mongodb.mongodb-vscode-1.3.1',
    languageServer: {
      id: 'mongodbLanguageServer',
      name: 'MongoDB Language Server',
      path: '/home/devilunraveled/.vscode/extensions/mongodb.mongodb-vscode-1.3.1/dist/languageServer.js',
      documentSelector: '[{"pattern":"**/*.mongodb.js"},{"pattern":"**/*.mongodb"}]'
    }
  }
]

2024-05-08T07:22:32.987Z telemetry INFO  Segment analytics activated [ { anonymousId: '74d6cac2-09d5-4d14-b710-759e25c6ca60' } ]

2024-05-08T07:22:32.989Z language server controller INFO  Starting the language server... []

2024-05-08T07:22:33.370Z language server controller INFO  MongoDBService initialized. Sending default settings... {"extensionPath":"/home/devilunraveled/.vscode/extensions/mongodb.mongodb-vscode-1.3.1","connectionId":null,"hasConnectionString":false,"hasConnectionOptions":false} []

2024-05-08T07:22:53.187Z extension INFO  Deactivating extension... []

2024-05-08T07:22:53.187Z connection controller INFO  Disconnect called, currently connected to [ null ]

2024-05-08T07:22:53.188Z language server controller INFO  Changing MongoDBService active connection... [ { connectionId: null } ]

2024-05-08T07:22:53.190Z connection controller INFO  Disconnect called, currently connected to [ null ]

2024-05-08T07:22:53.190Z language server controller INFO  Changing MongoDBService active connection... [ { connectionId: null } ]

2024-05-08T07:22:53.198Z language server controller INFO  Deactivating the language server... []

2024-05-08T07:22:53.198Z language server controller INFO  Deactivating the language server... []

