2024-08-30 11:47:16.033 [info] Reading sessions from keychain...
2024-08-30 11:47:16.033 [info] Getting sessions for all scopes...
2024-08-30 11:47:16.033 [info] Getting sessions for all scopes...
2024-08-30 11:47:16.033 [info] Got 0 sessions for ...
2024-08-30 11:47:16.033 [info] Got 0 sessions for ...
2024-08-30 11:47:16.033 [info] Getting sessions for user:email...
2024-08-30 11:47:16.033 [info] Got 0 sessions for user:email...
2024-08-30 11:47:16.033 [info] Getting sessions for read:user,repo,user:email...
2024-08-30 11:47:16.033 [info] Got 0 sessions for read:user,repo,user:email...
2024-08-30 11:47:51.657 [info] Reading sessions from keychain...
2024-08-30 11:47:51.657 [info] Getting sessions for all scopes...
2024-08-30 11:47:51.657 [info] Got 0 sessions for ...
2024-08-30 11:47:51.657 [info] Getting sessions for all scopes...
2024-08-30 11:47:51.657 [info] Got 0 sessions for ...
2024-08-30 11:47:51.657 [info] Getting sessions for user:email...
2024-08-30 11:47:51.657 [info] Got 0 sessions for user:email...
2024-08-30 11:47:51.657 [info] Getting sessions for user:email...
2024-08-30 11:47:51.657 [info] Got 0 sessions for user:email...
2024-08-30 11:47:52.738 [info] Getting sessions for read:user,repo,user:email...
2024-08-30 11:47:52.738 [info] Got 0 sessions for read:user,repo,user:email...
