2023-05-12 12:46:04.984 [info] Log level: Info
2023-05-12 12:46:04.984 [info] Validating found git in: "git"
2023-05-12 12:46:04.984 [info] Using git "2.40.1" from "git"
2023-05-12 12:46:04.997 [info] > git rev-parse --show-toplevel [26ms]
2023-05-12 12:46:05.013 [info] > git rev-parse --git-dir --git-common-dir [2ms]
2023-05-12 12:46:05.020 [info] Open repository: /home/devilunraveled/Projects/CFParser
2023-05-12 12:46:05.037 [info] > git config --get commit.template [3ms]
2023-05-12 12:46:05.037 [info] > git rev-parse --show-toplevel [10ms]
2023-05-12 12:46:05.048 [info] > git rev-parse --show-toplevel [5ms]
2023-05-12 12:46:05.056 [info] > git for-each-ref --format=%(refname)%00%(upstream:short)%00%(objectname)%00%(upstream:track)%00%(upstream:remotename)%00%(upstream:remoteref) refs/heads/main refs/remotes/main [9ms]
2023-05-12 12:46:05.064 [info] > git rev-parse --show-toplevel [10ms]
2023-05-12 12:46:05.066 [info] > git status -z -uall [3ms]
2023-05-12 12:46:05.080 [info] > git config --get commit.template [2ms]
2023-05-12 12:46:05.089 [info] > git for-each-ref --format=%(refname)%00%(upstream:short)%00%(objectname)%00%(upstream:track)%00%(upstream:remotename)%00%(upstream:remoteref) refs/heads/main refs/remotes/main [2ms]
2023-05-12 12:46:05.096 [info] > git status -z -uall [2ms]
2023-05-12 12:46:05.551 [info] > git check-ignore -v -z --stdin [1ms]
2023-05-12 12:46:09.059 [info] > git check-ignore -v -z --stdin [2ms]
2023-05-12 12:46:10.228 [info] > git check-ignore -v -z --stdin [5ms]
2023-05-12 12:46:13.510 [info] > git show --textconv :src/parser/siteparser.py [10ms]
2023-05-12 12:46:13.511 [info] > git ls-files --stage -- /home/devilunraveled/Projects/CFParser/src/parser/siteparser.py [2ms]
2023-05-12 12:46:13.521 [info] > git cat-file -s 9d5d9676d48b8a16b344cc21a05571f6b3a91304 [2ms]
2023-05-12 12:47:09.639 [info] > git config --get commit.template [11ms]
2023-05-12 12:47:09.662 [info] > git for-each-ref --format=%(refname)%00%(upstream:short)%00%(objectname)%00%(upstream:track)%00%(upstream:remotename)%00%(upstream:remoteref) refs/heads/main refs/remotes/main [6ms]
2023-05-12 12:47:09.685 [info] > git status -z -uall [6ms]
2023-05-12 12:47:14.730 [info] > git config --get commit.template [13ms]
2023-05-12 12:47:14.730 [info] > git for-each-ref --format=%(refname)%00%(upstream:short)%00%(objectname)%00%(upstream:track)%00%(upstream:remotename)%00%(upstream:remoteref) refs/heads/main refs/remotes/main [1ms]
2023-05-12 12:47:14.751 [info] > git status -z -uall [5ms]
2023-05-12 12:47:21.681 [info] > git config --get commit.template [15ms]
2023-05-12 12:47:21.682 [info] > git for-each-ref --format=%(refname)%00%(upstream:short)%00%(objectname)%00%(upstream:track)%00%(upstream:remotename)%00%(upstream:remoteref) refs/heads/main refs/remotes/main [2ms]
2023-05-12 12:47:21.702 [info] > git status -z -uall [6ms]
2023-05-12 12:47:28.162 [info] > git config --get commit.template [16ms]
2023-05-12 12:47:28.165 [info] > git for-each-ref --format=%(refname)%00%(upstream:short)%00%(objectname)%00%(upstream:track)%00%(upstream:remotename)%00%(upstream:remoteref) refs/heads/main refs/remotes/main [5ms]
2023-05-12 12:47:28.182 [info] > git status -z -uall [5ms]
2023-05-12 12:47:33.207 [info] > git config --get commit.template [8ms]
2023-05-12 12:47:33.209 [info] > git for-each-ref --format=%(refname)%00%(upstream:short)%00%(objectname)%00%(upstream:track)%00%(upstream:remotename)%00%(upstream:remoteref) refs/heads/main refs/remotes/main [3ms]
2023-05-12 12:47:33.219 [info] > git status -z -uall [2ms]
2023-05-12 12:49:23.094 [info] > git show --textconv :src/parser/siteparser.py [9ms]
2023-05-12 12:49:23.095 [info] > git ls-files --stage -- /home/devilunraveled/Projects/CFParser/src/parser/siteparser.py [2ms]
2023-05-12 12:49:23.104 [info] > git cat-file -s 9d5d9676d48b8a16b344cc21a05571f6b3a91304 [2ms]
2023-05-12 12:49:59.066 [info] > git config --get commit.template [14ms]
2023-05-12 12:49:59.067 [info] > git for-each-ref --format=%(refname)%00%(upstream:short)%00%(objectname)%00%(upstream:track)%00%(upstream:remotename)%00%(upstream:remoteref) refs/heads/main refs/remotes/main [3ms]
2023-05-12 12:49:59.084 [info] > git status -z -uall [3ms]
2023-05-12 12:50:03.772 [info] > git ls-files --stage -- /home/devilunraveled/Projects/CFParser/src/parser/siteparser.py [5ms]
2023-05-12 12:50:03.793 [info] > git cat-file -s 9d5d9676d48b8a16b344cc21a05571f6b3a91304 [3ms]
2023-05-12 12:50:03.818 [info] > git show --textconv :src/parser/siteparser.py [5ms]
2023-05-12 12:50:04.126 [info] > git config --get commit.template [18ms]
2023-05-12 12:50:04.127 [info] > git for-each-ref --format=%(refname)%00%(upstream:short)%00%(objectname)%00%(upstream:track)%00%(upstream:remotename)%00%(upstream:remoteref) refs/heads/main refs/remotes/main [3ms]
2023-05-12 12:50:04.140 [info] > git status -z -uall [3ms]
2023-05-12 12:50:09.185 [info] > git config --get commit.template [19ms]
2023-05-12 12:50:09.189 [info] > git for-each-ref --format=%(refname)%00%(upstream:short)%00%(objectname)%00%(upstream:track)%00%(upstream:remotename)%00%(upstream:remoteref) refs/heads/main refs/remotes/main [5ms]
2023-05-12 12:50:09.213 [info] > git status -z -uall [6ms]
2023-05-12 12:51:17.981 [info] > git config --get commit.template [2ms]
2023-05-12 12:51:17.992 [info] > git for-each-ref --format=%(refname)%00%(upstream:short)%00%(objectname)%00%(upstream:track)%00%(upstream:remotename)%00%(upstream:remoteref) refs/heads/main refs/remotes/main [2ms]
2023-05-12 12:51:18.006 [info] > git status -z -uall [4ms]
2023-05-12 12:51:18.643 [info] > git ls-files --stage -- /home/devilunraveled/Projects/CFParser/src/parser/siteparser.py [2ms]
2023-05-12 12:51:18.659 [info] > git cat-file -s 9d5d9676d48b8a16b344cc21a05571f6b3a91304 [4ms]
2023-05-12 12:51:18.671 [info] > git show --textconv :src/parser/siteparser.py [1ms]
2023-05-12 12:51:23.025 [info] > git config --get commit.template [7ms]
2023-05-12 12:51:23.026 [info] > git for-each-ref --format=%(refname)%00%(upstream:short)%00%(objectname)%00%(upstream:track)%00%(upstream:remotename)%00%(upstream:remoteref) refs/heads/main refs/remotes/main [2ms]
2023-05-12 12:51:23.036 [info] > git status -z -uall [1ms]
2023-05-12 12:52:27.059 [info] > git show --textconv :README.md [23ms]
2023-05-12 12:52:27.059 [info] > git ls-files --stage -- /home/devilunraveled/Projects/CFParser/README.md [12ms]
2023-05-12 12:52:27.086 [info] > git cat-file -s 599fe978c9d7fea5e6c106636fd30e7411cdc3cb [16ms]
2023-05-12 12:56:33.493 [info] > git config --get commit.template [17ms]
2023-05-12 12:56:33.496 [info] > git for-each-ref --format=%(refname)%00%(upstream:short)%00%(objectname)%00%(upstream:track)%00%(upstream:remotename)%00%(upstream:remoteref) refs/heads/main refs/remotes/main [5ms]
2023-05-12 12:56:33.519 [info] > git status -z -uall [6ms]
2023-05-12 12:57:44.840 [info] > git show --textconv :test.py [8ms]
2023-05-12 12:57:44.841 [info] > git ls-files --stage -- /home/devilunraveled/Projects/CFParser/test.py [2ms]
2023-05-12 12:57:45.109 [info] > git check-ignore -v -z --stdin [2ms]
2023-05-12 12:57:45.660 [info] > git config --get commit.template [11ms]
2023-05-12 12:57:45.660 [info] > git for-each-ref --format=%(refname)%00%(upstream:short)%00%(objectname)%00%(upstream:track)%00%(upstream:remotename)%00%(upstream:remoteref) refs/heads/main refs/remotes/main [1ms]
2023-05-12 12:57:45.672 [info] > git status -z -uall [2ms]
2023-05-12 12:59:53.112 [info] > git config --get commit.template [21ms]
2023-05-12 12:59:53.113 [info] > git for-each-ref --format=%(refname)%00%(upstream:short)%00%(objectname)%00%(upstream:track)%00%(upstream:remotename)%00%(upstream:remoteref) refs/heads/main refs/remotes/main [2ms]
2023-05-12 12:59:53.127 [info] > git status -z -uall [2ms]
