2023-07-28T09:03:30.864Z extension INFO  Activating extension... []

2023-07-28T09:03:30.866Z telemetry INFO  SegmentKey was found [ { type: 'string' } ]

2023-07-28T09:03:30.867Z language server controller INFO  Create MongoDB Language Server [
  {
    serverOptions: { run: [Object], debug: [Object] },
    clientOptions: {
      documentSelector: [Array],
      synchronize: [Object],
      outputChannel: [Object]
    }
  }
]

2023-07-28T09:03:30.875Z playground controller INFO  Active editor path [
  '/home/devilunraveled/DASS/Assignment 1/2021101049/frontend/public/index.html'
]

2023-07-28T09:03:30.878Z explorer controller INFO  Activating explorer controller... []

2023-07-28T09:03:30.879Z explorer controller INFO  Explorer controller activated []

2023-07-28T09:03:30.879Z help and info explorer INFO  Activating help explorer... []

2023-07-28T09:03:30.879Z help and info explorer INFO  Help explorer activated []

2023-07-28T09:03:30.879Z playgrounds explorer INFO  Activating playgrounds explorer... []

2023-07-28T09:03:30.879Z playgrounds explorer INFO  Playgrounds explorer activated []

2023-07-28T09:03:30.879Z telemetry INFO  Activating segment analytics... []

2023-07-28T09:03:30.882Z telemetry INFO  Segment analytics activated with properties [ { anonymousId: '74d6cac2-09d5-4d14-b710-759e25c6ca60' } ]

2023-07-28T09:03:31.696Z commands INFO  Registering commands... []

2023-07-28T09:03:31.698Z commands INFO  Commands registered []

2023-07-28T09:03:31.698Z extension INFO  Extension activated []

2023-07-28T09:03:39.865Z playground controller INFO  Active editor path [ undefined ]

2023-07-28T09:04:07.686Z connection controller INFO  Disconnect called, currently connected to [ null ]

2023-07-28T09:04:07.688Z connection controller INFO  Disconnect called, currently connected to [ null ]

