2023-03-20 15:17:51.510 [info] Extension host with pid 2893 started
2023-03-20 15:17:51.510 [info] Skipping acquiring lock for /home/devilunraveled/.config/Code/User/workspaceStorage/639debceee6672fc0ff06ec475c026b8.
2023-03-20 15:17:51.622 [info] Extension host terminating: renderer closed the MessagePort
2023-03-20 15:17:51.623 [info] Extension host with pid 2893 exiting with code 0
2023-03-20 15:17:51.628 [error] [ExtHostStorage] {"code":"Unknown","name":"Canceled (FileSystemError)"}
2023-03-20 15:17:51.628 [info] Eager extensions activated
2023-03-20 15:17:51.630 [error] Activating extension vscode.debug-auto-launch failed due to an error:
2023-03-20 15:17:51.630 [error] Canceled: Canceled
	at new l (/var/lib/snapd/snap/code/122/usr/share/code/resources/app/out/vs/workbench/api/node/extensionHostProcess.js:96:88793)
	at a.O (/var/lib/snapd/snap/code/122/usr/share/code/resources/app/out/vs/workbench/api/node/extensionHostProcess.js:106:11260)
	at V.<computed>.Q.charCodeAt.V.<computed> (/var/lib/snapd/snap/code/122/usr/share/code/resources/app/out/vs/workbench/api/node/extensionHostProcess.js:106:8550)
	at f.Y (/var/lib/snapd/snap/code/122/usr/share/code/resources/app/out/vs/workbench/api/node/extensionHostProcess.js:108:11539)
	at Object.actualActivateExtension (/var/lib/snapd/snap/code/122/usr/share/code/resources/app/out/vs/workbench/api/node/extensionHostProcess.js:108:8591)
	at f.n (/var/lib/snapd/snap/code/122/usr/share/code/resources/app/out/vs/workbench/api/node/extensionHostProcess.js:94:6831)
	at f.m (/var/lib/snapd/snap/code/122/usr/share/code/resources/app/out/vs/workbench/api/node/extensionHostProcess.js:94:6792)
	at f.l (/var/lib/snapd/snap/code/122/usr/share/code/resources/app/out/vs/workbench/api/node/extensionHostProcess.js:94:6249)
	at new f (/var/lib/snapd/snap/code/122/usr/share/code/resources/app/out/vs/workbench/api/node/extensionHostProcess.js:94:6176)
	at D.k (/var/lib/snapd/snap/code/122/usr/share/code/resources/app/out/vs/workbench/api/node/extensionHostProcess.js:94:5656)
	at D.j (/var/lib/snapd/snap/code/122/usr/share/code/resources/app/out/vs/workbench/api/node/extensionHostProcess.js:94:5611)
	at /var/lib/snapd/snap/code/122/usr/share/code/resources/app/out/vs/workbench/api/node/extensionHostProcess.js:94:4445
	at Array.map (<anonymous>)
	at D.h (/var/lib/snapd/snap/code/122/usr/share/code/resources/app/out/vs/workbench/api/node/extensionHostProcess.js:94:4433)
	at D.activateById (/var/lib/snapd/snap/code/122/usr/share/code/resources/app/out/vs/workbench/api/node/extensionHostProcess.js:94:4345)
	at f.S (/var/lib/snapd/snap/code/122/usr/share/code/resources/app/out/vs/workbench/api/node/extensionHostProcess.js:108:10068)
	at f.eb (/var/lib/snapd/snap/code/122/usr/share/code/resources/app/out/vs/workbench/api/node/extensionHostProcess.js:108:15044)
	at /var/lib/snapd/snap/code/122/usr/share/code/resources/app/out/vs/workbench/api/node/extensionHostProcess.js:108:15733
2023-03-20 15:17:51.630 [error] Activating extension vscode.merge-conflict failed due to an error:
2023-03-20 15:17:51.630 [error] Canceled: Canceled
	at new l (/var/lib/snapd/snap/code/122/usr/share/code/resources/app/out/vs/workbench/api/node/extensionHostProcess.js:96:88793)
	at a.O (/var/lib/snapd/snap/code/122/usr/share/code/resources/app/out/vs/workbench/api/node/extensionHostProcess.js:106:11260)
	at V.<computed>.Q.charCodeAt.V.<computed> (/var/lib/snapd/snap/code/122/usr/share/code/resources/app/out/vs/workbench/api/node/extensionHostProcess.js:106:8550)
	at f.Y (/var/lib/snapd/snap/code/122/usr/share/code/resources/app/out/vs/workbench/api/node/extensionHostProcess.js:108:11539)
	at Object.actualActivateExtension (/var/lib/snapd/snap/code/122/usr/share/code/resources/app/out/vs/workbench/api/node/extensionHostProcess.js:108:8591)
	at f.n (/var/lib/snapd/snap/code/122/usr/share/code/resources/app/out/vs/workbench/api/node/extensionHostProcess.js:94:6831)
	at f.m (/var/lib/snapd/snap/code/122/usr/share/code/resources/app/out/vs/workbench/api/node/extensionHostProcess.js:94:6792)
	at f.l (/var/lib/snapd/snap/code/122/usr/share/code/resources/app/out/vs/workbench/api/node/extensionHostProcess.js:94:6249)
	at new f (/var/lib/snapd/snap/code/122/usr/share/code/resources/app/out/vs/workbench/api/node/extensionHostProcess.js:94:6176)
	at D.k (/var/lib/snapd/snap/code/122/usr/share/code/resources/app/out/vs/workbench/api/node/extensionHostProcess.js:94:5656)
	at D.j (/var/lib/snapd/snap/code/122/usr/share/code/resources/app/out/vs/workbench/api/node/extensionHostProcess.js:94:5611)
	at /var/lib/snapd/snap/code/122/usr/share/code/resources/app/out/vs/workbench/api/node/extensionHostProcess.js:94:4445
	at Array.map (<anonymous>)
	at D.h (/var/lib/snapd/snap/code/122/usr/share/code/resources/app/out/vs/workbench/api/node/extensionHostProcess.js:94:4433)
	at D.activateById (/var/lib/snapd/snap/code/122/usr/share/code/resources/app/out/vs/workbench/api/node/extensionHostProcess.js:94:4345)
	at f.S (/var/lib/snapd/snap/code/122/usr/share/code/resources/app/out/vs/workbench/api/node/extensionHostProcess.js:108:10068)
	at f.eb (/var/lib/snapd/snap/code/122/usr/share/code/resources/app/out/vs/workbench/api/node/extensionHostProcess.js:108:15044)
	at /var/lib/snapd/snap/code/122/usr/share/code/resources/app/out/vs/workbench/api/node/extensionHostProcess.js:108:15733
2023-03-20 15:17:51.631 [error] Activating extension aaron-bond.better-comments failed due to an error:
2023-03-20 15:17:51.631 [error] Canceled: Canceled
	at new l (/var/lib/snapd/snap/code/122/usr/share/code/resources/app/out/vs/workbench/api/node/extensionHostProcess.js:96:88793)
	at a.O (/var/lib/snapd/snap/code/122/usr/share/code/resources/app/out/vs/workbench/api/node/extensionHostProcess.js:106:11260)
	at V.<computed>.Q.charCodeAt.V.<computed> (/var/lib/snapd/snap/code/122/usr/share/code/resources/app/out/vs/workbench/api/node/extensionHostProcess.js:106:8550)
	at f.Y (/var/lib/snapd/snap/code/122/usr/share/code/resources/app/out/vs/workbench/api/node/extensionHostProcess.js:108:11539)
	at Object.actualActivateExtension (/var/lib/snapd/snap/code/122/usr/share/code/resources/app/out/vs/workbench/api/node/extensionHostProcess.js:108:8591)
	at f.n (/var/lib/snapd/snap/code/122/usr/share/code/resources/app/out/vs/workbench/api/node/extensionHostProcess.js:94:6831)
	at f.m (/var/lib/snapd/snap/code/122/usr/share/code/resources/app/out/vs/workbench/api/node/extensionHostProcess.js:94:6792)
	at f.l (/var/lib/snapd/snap/code/122/usr/share/code/resources/app/out/vs/workbench/api/node/extensionHostProcess.js:94:6249)
	at new f (/var/lib/snapd/snap/code/122/usr/share/code/resources/app/out/vs/workbench/api/node/extensionHostProcess.js:94:6176)
	at D.k (/var/lib/snapd/snap/code/122/usr/share/code/resources/app/out/vs/workbench/api/node/extensionHostProcess.js:94:5656)
	at D.j (/var/lib/snapd/snap/code/122/usr/share/code/resources/app/out/vs/workbench/api/node/extensionHostProcess.js:94:5611)
	at /var/lib/snapd/snap/code/122/usr/share/code/resources/app/out/vs/workbench/api/node/extensionHostProcess.js:94:4445
	at Array.map (<anonymous>)
	at D.h (/var/lib/snapd/snap/code/122/usr/share/code/resources/app/out/vs/workbench/api/node/extensionHostProcess.js:94:4433)
	at D.activateById (/var/lib/snapd/snap/code/122/usr/share/code/resources/app/out/vs/workbench/api/node/extensionHostProcess.js:94:4345)
	at f.S (/var/lib/snapd/snap/code/122/usr/share/code/resources/app/out/vs/workbench/api/node/extensionHostProcess.js:108:10068)
	at f.eb (/var/lib/snapd/snap/code/122/usr/share/code/resources/app/out/vs/workbench/api/node/extensionHostProcess.js:108:15044)
	at /var/lib/snapd/snap/code/122/usr/share/code/resources/app/out/vs/workbench/api/node/extensionHostProcess.js:108:15733
2023-03-20 15:17:51.631 [error] Activating extension alefragnani.Bookmarks failed due to an error:
2023-03-20 15:17:51.631 [error] Canceled: Canceled
	at new l (/var/lib/snapd/snap/code/122/usr/share/code/resources/app/out/vs/workbench/api/node/extensionHostProcess.js:96:88793)
	at a.O (/var/lib/snapd/snap/code/122/usr/share/code/resources/app/out/vs/workbench/api/node/extensionHostProcess.js:106:11260)
	at V.<computed>.Q.charCodeAt.V.<computed> (/var/lib/snapd/snap/code/122/usr/share/code/resources/app/out/vs/workbench/api/node/extensionHostProcess.js:106:8550)
	at f.Y (/var/lib/snapd/snap/code/122/usr/share/code/resources/app/out/vs/workbench/api/node/extensionHostProcess.js:108:11539)
	at Object.actualActivateExtension (/var/lib/snapd/snap/code/122/usr/share/code/resources/app/out/vs/workbench/api/node/extensionHostProcess.js:108:8591)
	at f.n (/var/lib/snapd/snap/code/122/usr/share/code/resources/app/out/vs/workbench/api/node/extensionHostProcess.js:94:6831)
	at f.m (/var/lib/snapd/snap/code/122/usr/share/code/resources/app/out/vs/workbench/api/node/extensionHostProcess.js:94:6792)
	at f.l (/var/lib/snapd/snap/code/122/usr/share/code/resources/app/out/vs/workbench/api/node/extensionHostProcess.js:94:6249)
	at new f (/var/lib/snapd/snap/code/122/usr/share/code/resources/app/out/vs/workbench/api/node/extensionHostProcess.js:94:6176)
	at D.k (/var/lib/snapd/snap/code/122/usr/share/code/resources/app/out/vs/workbench/api/node/extensionHostProcess.js:94:5656)
	at D.j (/var/lib/snapd/snap/code/122/usr/share/code/resources/app/out/vs/workbench/api/node/extensionHostProcess.js:94:5611)
	at /var/lib/snapd/snap/code/122/usr/share/code/resources/app/out/vs/workbench/api/node/extensionHostProcess.js:94:4445
	at Array.map (<anonymous>)
	at D.h (/var/lib/snapd/snap/code/122/usr/share/code/resources/app/out/vs/workbench/api/node/extensionHostProcess.js:94:4433)
	at D.activateById (/var/lib/snapd/snap/code/122/usr/share/code/resources/app/out/vs/workbench/api/node/extensionHostProcess.js:94:4345)
	at f.S (/var/lib/snapd/snap/code/122/usr/share/code/resources/app/out/vs/workbench/api/node/extensionHostProcess.js:108:10068)
	at f.eb (/var/lib/snapd/snap/code/122/usr/share/code/resources/app/out/vs/workbench/api/node/extensionHostProcess.js:108:15044)
	at /var/lib/snapd/snap/code/122/usr/share/code/resources/app/out/vs/workbench/api/node/extensionHostProcess.js:108:15733
2023-03-20 15:17:51.631 [error] Activating extension alefragnani.project-manager failed due to an error:
2023-03-20 15:17:51.631 [error] Canceled: Canceled
	at new l (/var/lib/snapd/snap/code/122/usr/share/code/resources/app/out/vs/workbench/api/node/extensionHostProcess.js:96:88793)
	at a.O (/var/lib/snapd/snap/code/122/usr/share/code/resources/app/out/vs/workbench/api/node/extensionHostProcess.js:106:11260)
	at V.<computed>.Q.charCodeAt.V.<computed> (/var/lib/snapd/snap/code/122/usr/share/code/resources/app/out/vs/workbench/api/node/extensionHostProcess.js:106:8550)
	at f.Y (/var/lib/snapd/snap/code/122/usr/share/code/resources/app/out/vs/workbench/api/node/extensionHostProcess.js:108:11539)
	at Object.actualActivateExtension (/var/lib/snapd/snap/code/122/usr/share/code/resources/app/out/vs/workbench/api/node/extensionHostProcess.js:108:8591)
	at f.n (/var/lib/snapd/snap/code/122/usr/share/code/resources/app/out/vs/workbench/api/node/extensionHostProcess.js:94:6831)
	at f.m (/var/lib/snapd/snap/code/122/usr/share/code/resources/app/out/vs/workbench/api/node/extensionHostProcess.js:94:6792)
	at f.l (/var/lib/snapd/snap/code/122/usr/share/code/resources/app/out/vs/workbench/api/node/extensionHostProcess.js:94:6249)
	at new f (/var/lib/snapd/snap/code/122/usr/share/code/resources/app/out/vs/workbench/api/node/extensionHostProcess.js:94:6176)
	at D.k (/var/lib/snapd/snap/code/122/usr/share/code/resources/app/out/vs/workbench/api/node/extensionHostProcess.js:94:5656)
	at D.j (/var/lib/snapd/snap/code/122/usr/share/code/resources/app/out/vs/workbench/api/node/extensionHostProcess.js:94:5611)
	at /var/lib/snapd/snap/code/122/usr/share/code/resources/app/out/vs/workbench/api/node/extensionHostProcess.js:94:4445
	at Array.map (<anonymous>)
	at D.h (/var/lib/snapd/snap/code/122/usr/share/code/resources/app/out/vs/workbench/api/node/extensionHostProcess.js:94:4433)
	at D.activateById (/var/lib/snapd/snap/code/122/usr/share/code/resources/app/out/vs/workbench/api/node/extensionHostProcess.js:94:4345)
	at f.S (/var/lib/snapd/snap/code/122/usr/share/code/resources/app/out/vs/workbench/api/node/extensionHostProcess.js:108:10068)
	at f.eb (/var/lib/snapd/snap/code/122/usr/share/code/resources/app/out/vs/workbench/api/node/extensionHostProcess.js:108:15044)
	at /var/lib/snapd/snap/code/122/usr/share/code/resources/app/out/vs/workbench/api/node/extensionHostProcess.js:108:15733
2023-03-20 15:17:51.632 [error] Activating extension dbaeumer.vscode-eslint failed due to an error:
2023-03-20 15:17:51.632 [error] Canceled: Canceled
	at new l (/var/lib/snapd/snap/code/122/usr/share/code/resources/app/out/vs/workbench/api/node/extensionHostProcess.js:96:88793)
	at a.O (/var/lib/snapd/snap/code/122/usr/share/code/resources/app/out/vs/workbench/api/node/extensionHostProcess.js:106:11260)
	at V.<computed>.Q.charCodeAt.V.<computed> (/var/lib/snapd/snap/code/122/usr/share/code/resources/app/out/vs/workbench/api/node/extensionHostProcess.js:106:8550)
	at f.Y (/var/lib/snapd/snap/code/122/usr/share/code/resources/app/out/vs/workbench/api/node/extensionHostProcess.js:108:11539)
	at Object.actualActivateExtension (/var/lib/snapd/snap/code/122/usr/share/code/resources/app/out/vs/workbench/api/node/extensionHostProcess.js:108:8591)
	at f.n (/var/lib/snapd/snap/code/122/usr/share/code/resources/app/out/vs/workbench/api/node/extensionHostProcess.js:94:6831)
	at f.m (/var/lib/snapd/snap/code/122/usr/share/code/resources/app/out/vs/workbench/api/node/extensionHostProcess.js:94:6792)
	at f.l (/var/lib/snapd/snap/code/122/usr/share/code/resources/app/out/vs/workbench/api/node/extensionHostProcess.js:94:6249)
	at new f (/var/lib/snapd/snap/code/122/usr/share/code/resources/app/out/vs/workbench/api/node/extensionHostProcess.js:94:6176)
	at D.k (/var/lib/snapd/snap/code/122/usr/share/code/resources/app/out/vs/workbench/api/node/extensionHostProcess.js:94:5656)
	at D.j (/var/lib/snapd/snap/code/122/usr/share/code/resources/app/out/vs/workbench/api/node/extensionHostProcess.js:94:5611)
	at /var/lib/snapd/snap/code/122/usr/share/code/resources/app/out/vs/workbench/api/node/extensionHostProcess.js:94:4445
	at Array.map (<anonymous>)
	at D.h (/var/lib/snapd/snap/code/122/usr/share/code/resources/app/out/vs/workbench/api/node/extensionHostProcess.js:94:4433)
	at D.activateById (/var/lib/snapd/snap/code/122/usr/share/code/resources/app/out/vs/workbench/api/node/extensionHostProcess.js:94:4345)
	at f.S (/var/lib/snapd/snap/code/122/usr/share/code/resources/app/out/vs/workbench/api/node/extensionHostProcess.js:108:10068)
	at f.eb (/var/lib/snapd/snap/code/122/usr/share/code/resources/app/out/vs/workbench/api/node/extensionHostProcess.js:108:15044)
	at /var/lib/snapd/snap/code/122/usr/share/code/resources/app/out/vs/workbench/api/node/extensionHostProcess.js:108:15733
2023-03-20 15:17:51.632 [error] Activating extension eamodio.gitlens failed due to an error:
2023-03-20 15:17:51.632 [error] Canceled: Canceled
	at new l (/var/lib/snapd/snap/code/122/usr/share/code/resources/app/out/vs/workbench/api/node/extensionHostProcess.js:96:88793)
	at a.O (/var/lib/snapd/snap/code/122/usr/share/code/resources/app/out/vs/workbench/api/node/extensionHostProcess.js:106:11260)
	at V.<computed>.Q.charCodeAt.V.<computed> (/var/lib/snapd/snap/code/122/usr/share/code/resources/app/out/vs/workbench/api/node/extensionHostProcess.js:106:8550)
	at f.Y (/var/lib/snapd/snap/code/122/usr/share/code/resources/app/out/vs/workbench/api/node/extensionHostProcess.js:108:11539)
	at Object.actualActivateExtension (/var/lib/snapd/snap/code/122/usr/share/code/resources/app/out/vs/workbench/api/node/extensionHostProcess.js:108:8591)
	at f.n (/var/lib/snapd/snap/code/122/usr/share/code/resources/app/out/vs/workbench/api/node/extensionHostProcess.js:94:6831)
	at f.m (/var/lib/snapd/snap/code/122/usr/share/code/resources/app/out/vs/workbench/api/node/extensionHostProcess.js:94:6792)
	at f.l (/var/lib/snapd/snap/code/122/usr/share/code/resources/app/out/vs/workbench/api/node/extensionHostProcess.js:94:6249)
	at new f (/var/lib/snapd/snap/code/122/usr/share/code/resources/app/out/vs/workbench/api/node/extensionHostProcess.js:94:6176)
	at D.k (/var/lib/snapd/snap/code/122/usr/share/code/resources/app/out/vs/workbench/api/node/extensionHostProcess.js:94:5656)
	at D.j (/var/lib/snapd/snap/code/122/usr/share/code/resources/app/out/vs/workbench/api/node/extensionHostProcess.js:94:5611)
	at /var/lib/snapd/snap/code/122/usr/share/code/resources/app/out/vs/workbench/api/node/extensionHostProcess.js:94:4445
	at Array.map (<anonymous>)
	at D.h (/var/lib/snapd/snap/code/122/usr/share/code/resources/app/out/vs/workbench/api/node/extensionHostProcess.js:94:4433)
	at D.activateById (/var/lib/snapd/snap/code/122/usr/share/code/resources/app/out/vs/workbench/api/node/extensionHostProcess.js:94:4345)
	at f.S (/var/lib/snapd/snap/code/122/usr/share/code/resources/app/out/vs/workbench/api/node/extensionHostProcess.js:108:10068)
	at f.eb (/var/lib/snapd/snap/code/122/usr/share/code/resources/app/out/vs/workbench/api/node/extensionHostProcess.js:108:15044)
	at /var/lib/snapd/snap/code/122/usr/share/code/resources/app/out/vs/workbench/api/node/extensionHostProcess.js:108:15733
2023-03-20 15:17:51.632 [error] Activating extension vscode.npm failed due to an error:
2023-03-20 15:17:51.632 [error] Canceled: Canceled
	at new l (/var/lib/snapd/snap/code/122/usr/share/code/resources/app/out/vs/workbench/api/node/extensionHostProcess.js:96:88793)
	at a.O (/var/lib/snapd/snap/code/122/usr/share/code/resources/app/out/vs/workbench/api/node/extensionHostProcess.js:106:11260)
	at V.<computed>.Q.charCodeAt.V.<computed> (/var/lib/snapd/snap/code/122/usr/share/code/resources/app/out/vs/workbench/api/node/extensionHostProcess.js:106:8550)
	at f.Y (/var/lib/snapd/snap/code/122/usr/share/code/resources/app/out/vs/workbench/api/node/extensionHostProcess.js:108:11539)
	at Object.actualActivateExtension (/var/lib/snapd/snap/code/122/usr/share/code/resources/app/out/vs/workbench/api/node/extensionHostProcess.js:108:8591)
	at f.n (/var/lib/snapd/snap/code/122/usr/share/code/resources/app/out/vs/workbench/api/node/extensionHostProcess.js:94:6831)
	at f.m (/var/lib/snapd/snap/code/122/usr/share/code/resources/app/out/vs/workbench/api/node/extensionHostProcess.js:94:6792)
	at f.l (/var/lib/snapd/snap/code/122/usr/share/code/resources/app/out/vs/workbench/api/node/extensionHostProcess.js:94:6249)
	at new f (/var/lib/snapd/snap/code/122/usr/share/code/resources/app/out/vs/workbench/api/node/extensionHostProcess.js:94:6176)
	at D.k (/var/lib/snapd/snap/code/122/usr/share/code/resources/app/out/vs/workbench/api/node/extensionHostProcess.js:94:5656)
	at D.j (/var/lib/snapd/snap/code/122/usr/share/code/resources/app/out/vs/workbench/api/node/extensionHostProcess.js:94:5611)
	at D.j (/var/lib/snapd/snap/code/122/usr/share/code/resources/app/out/vs/workbench/api/node/extensionHostProcess.js:94:5278)
	at /var/lib/snapd/snap/code/122/usr/share/code/resources/app/out/vs/workbench/api/node/extensionHostProcess.js:94:4445
	at Array.map (<anonymous>)
	at D.h (/var/lib/snapd/snap/code/122/usr/share/code/resources/app/out/vs/workbench/api/node/extensionHostProcess.js:94:4433)
	at D.activateById (/var/lib/snapd/snap/code/122/usr/share/code/resources/app/out/vs/workbench/api/node/extensionHostProcess.js:94:4345)
	at f.S (/var/lib/snapd/snap/code/122/usr/share/code/resources/app/out/vs/workbench/api/node/extensionHostProcess.js:108:10068)
	at f.eb (/var/lib/snapd/snap/code/122/usr/share/code/resources/app/out/vs/workbench/api/node/extensionHostProcess.js:108:15044)
	at /var/lib/snapd/snap/code/122/usr/share/code/resources/app/out/vs/workbench/api/node/extensionHostProcess.js:108:15733
2023-03-20 15:17:51.633 [error] Activating extension formulahendry.code-runner failed due to an error:
2023-03-20 15:17:51.633 [error] Canceled: Canceled
	at new l (/var/lib/snapd/snap/code/122/usr/share/code/resources/app/out/vs/workbench/api/node/extensionHostProcess.js:96:88793)
	at a.O (/var/lib/snapd/snap/code/122/usr/share/code/resources/app/out/vs/workbench/api/node/extensionHostProcess.js:106:11260)
	at V.<computed>.Q.charCodeAt.V.<computed> (/var/lib/snapd/snap/code/122/usr/share/code/resources/app/out/vs/workbench/api/node/extensionHostProcess.js:106:8550)
	at f.Y (/var/lib/snapd/snap/code/122/usr/share/code/resources/app/out/vs/workbench/api/node/extensionHostProcess.js:108:11539)
	at Object.actualActivateExtension (/var/lib/snapd/snap/code/122/usr/share/code/resources/app/out/vs/workbench/api/node/extensionHostProcess.js:108:8591)
	at f.n (/var/lib/snapd/snap/code/122/usr/share/code/resources/app/out/vs/workbench/api/node/extensionHostProcess.js:94:6831)
	at f.m (/var/lib/snapd/snap/code/122/usr/share/code/resources/app/out/vs/workbench/api/node/extensionHostProcess.js:94:6792)
	at f.l (/var/lib/snapd/snap/code/122/usr/share/code/resources/app/out/vs/workbench/api/node/extensionHostProcess.js:94:6249)
	at new f (/var/lib/snapd/snap/code/122/usr/share/code/resources/app/out/vs/workbench/api/node/extensionHostProcess.js:94:6176)
	at D.k (/var/lib/snapd/snap/code/122/usr/share/code/resources/app/out/vs/workbench/api/node/extensionHostProcess.js:94:5656)
	at D.j (/var/lib/snapd/snap/code/122/usr/share/code/resources/app/out/vs/workbench/api/node/extensionHostProcess.js:94:5611)
	at /var/lib/snapd/snap/code/122/usr/share/code/resources/app/out/vs/workbench/api/node/extensionHostProcess.js:94:4445
	at Array.map (<anonymous>)
	at D.h (/var/lib/snapd/snap/code/122/usr/share/code/resources/app/out/vs/workbench/api/node/extensionHostProcess.js:94:4433)
	at D.activateById (/var/lib/snapd/snap/code/122/usr/share/code/resources/app/out/vs/workbench/api/node/extensionHostProcess.js:94:4345)
	at f.S (/var/lib/snapd/snap/code/122/usr/share/code/resources/app/out/vs/workbench/api/node/extensionHostProcess.js:108:10068)
	at f.eb (/var/lib/snapd/snap/code/122/usr/share/code/resources/app/out/vs/workbench/api/node/extensionHostProcess.js:108:15044)
	at /var/lib/snapd/snap/code/122/usr/share/code/resources/app/out/vs/workbench/api/node/extensionHostProcess.js:108:15733
2023-03-20 15:17:51.633 [error] Activating extension streetsidesoftware.code-spell-checker failed due to an error:
2023-03-20 15:17:51.633 [error] Canceled: Canceled
	at new l (/var/lib/snapd/snap/code/122/usr/share/code/resources/app/out/vs/workbench/api/node/extensionHostProcess.js:96:88793)
	at a.O (/var/lib/snapd/snap/code/122/usr/share/code/resources/app/out/vs/workbench/api/node/extensionHostProcess.js:106:11260)
	at V.<computed>.Q.charCodeAt.V.<computed> (/var/lib/snapd/snap/code/122/usr/share/code/resources/app/out/vs/workbench/api/node/extensionHostProcess.js:106:8550)
	at f.Y (/var/lib/snapd/snap/code/122/usr/share/code/resources/app/out/vs/workbench/api/node/extensionHostProcess.js:108:11539)
	at Object.actualActivateExtension (/var/lib/snapd/snap/code/122/usr/share/code/resources/app/out/vs/workbench/api/node/extensionHostProcess.js:108:8591)
	at f.n (/var/lib/snapd/snap/code/122/usr/share/code/resources/app/out/vs/workbench/api/node/extensionHostProcess.js:94:6831)
	at f.m (/var/lib/snapd/snap/code/122/usr/share/code/resources/app/out/vs/workbench/api/node/extensionHostProcess.js:94:6792)
	at f.l (/var/lib/snapd/snap/code/122/usr/share/code/resources/app/out/vs/workbench/api/node/extensionHostProcess.js:94:6249)
	at new f (/var/lib/snapd/snap/code/122/usr/share/code/resources/app/out/vs/workbench/api/node/extensionHostProcess.js:94:6176)
	at D.k (/var/lib/snapd/snap/code/122/usr/share/code/resources/app/out/vs/workbench/api/node/extensionHostProcess.js:94:5656)
	at D.j (/var/lib/snapd/snap/code/122/usr/share/code/resources/app/out/vs/workbench/api/node/extensionHostProcess.js:94:5611)
	at /var/lib/snapd/snap/code/122/usr/share/code/resources/app/out/vs/workbench/api/node/extensionHostProcess.js:94:4445
	at Array.map (<anonymous>)
	at D.h (/var/lib/snapd/snap/code/122/usr/share/code/resources/app/out/vs/workbench/api/node/extensionHostProcess.js:94:4433)
	at D.activateById (/var/lib/snapd/snap/code/122/usr/share/code/resources/app/out/vs/workbench/api/node/extensionHostProcess.js:94:4345)
	at f.S (/var/lib/snapd/snap/code/122/usr/share/code/resources/app/out/vs/workbench/api/node/extensionHostProcess.js:108:10068)
	at f.eb (/var/lib/snapd/snap/code/122/usr/share/code/resources/app/out/vs/workbench/api/node/extensionHostProcess.js:108:15044)
	at /var/lib/snapd/snap/code/122/usr/share/code/resources/app/out/vs/workbench/api/node/extensionHostProcess.js:108:15733
2023-03-20 15:17:51.633 [error] Activating extension vscode-icons-team.vscode-icons failed due to an error:
2023-03-20 15:17:51.633 [error] Canceled: Canceled
	at new l (/var/lib/snapd/snap/code/122/usr/share/code/resources/app/out/vs/workbench/api/node/extensionHostProcess.js:96:88793)
	at a.O (/var/lib/snapd/snap/code/122/usr/share/code/resources/app/out/vs/workbench/api/node/extensionHostProcess.js:106:11260)
	at V.<computed>.Q.charCodeAt.V.<computed> (/var/lib/snapd/snap/code/122/usr/share/code/resources/app/out/vs/workbench/api/node/extensionHostProcess.js:106:8550)
	at f.Y (/var/lib/snapd/snap/code/122/usr/share/code/resources/app/out/vs/workbench/api/node/extensionHostProcess.js:108:11539)
	at Object.actualActivateExtension (/var/lib/snapd/snap/code/122/usr/share/code/resources/app/out/vs/workbench/api/node/extensionHostProcess.js:108:8591)
	at f.n (/var/lib/snapd/snap/code/122/usr/share/code/resources/app/out/vs/workbench/api/node/extensionHostProcess.js:94:6831)
	at f.m (/var/lib/snapd/snap/code/122/usr/share/code/resources/app/out/vs/workbench/api/node/extensionHostProcess.js:94:6792)
	at f.l (/var/lib/snapd/snap/code/122/usr/share/code/resources/app/out/vs/workbench/api/node/extensionHostProcess.js:94:6249)
	at new f (/var/lib/snapd/snap/code/122/usr/share/code/resources/app/out/vs/workbench/api/node/extensionHostProcess.js:94:6176)
	at D.k (/var/lib/snapd/snap/code/122/usr/share/code/resources/app/out/vs/workbench/api/node/extensionHostProcess.js:94:5656)
	at D.j (/var/lib/snapd/snap/code/122/usr/share/code/resources/app/out/vs/workbench/api/node/extensionHostProcess.js:94:5611)
	at /var/lib/snapd/snap/code/122/usr/share/code/resources/app/out/vs/workbench/api/node/extensionHostProcess.js:94:4445
	at Array.map (<anonymous>)
	at D.h (/var/lib/snapd/snap/code/122/usr/share/code/resources/app/out/vs/workbench/api/node/extensionHostProcess.js:94:4433)
	at D.activateById (/var/lib/snapd/snap/code/122/usr/share/code/resources/app/out/vs/workbench/api/node/extensionHostProcess.js:94:4345)
	at f.S (/var/lib/snapd/snap/code/122/usr/share/code/resources/app/out/vs/workbench/api/node/extensionHostProcess.js:108:10068)
	at f.eb (/var/lib/snapd/snap/code/122/usr/share/code/resources/app/out/vs/workbench/api/node/extensionHostProcess.js:108:15044)
	at /var/lib/snapd/snap/code/122/usr/share/code/resources/app/out/vs/workbench/api/node/extensionHostProcess.js:108:15733
