2023-07-12 19:59:58.285 [info] Extension host with pid 4148 started
2023-07-12 19:59:58.285 [info] Skipping acquiring lock for /home/devilunraveled/.config/Code/User/workspaceStorage/e044c97d71cda77814f1201696ef40a5.
2023-07-12 19:59:58.686 [info] ExtensionService#_doActivateExtension mongodb.mongodb-vscode, startup: false, activationEvent: 'onLanguage:plaintext'
2023-07-12 19:59:59.368 [info] ExtensionService#_doActivateExtension vscode.emmet, startup: false, activationEvent: 'onLanguage'
2023-07-12 19:59:59.450 [info] ExtensionService#_doActivateExtension vscode.github-authentication, startup: false, activationEvent: 'onAuthenticationRequest:github'
2023-07-12 19:59:59.504 [info] ExtensionService#_doActivateExtension vscode.git-base, startup: true, activationEvent: '*', root cause: vscode.git
2023-07-12 19:59:59.507 [info] ExtensionService#_doActivateExtension formulahendry.auto-close-tag, startup: true, activationEvent: '*'
2023-07-12 19:59:59.509 [info] ExtensionService#_doActivateExtension formulahendry.auto-rename-tag, startup: true, activationEvent: '*'
2023-07-12 19:59:59.532 [info] ExtensionService#_doActivateExtension TabNine.tabnine-vscode, startup: true, activationEvent: '*'
2023-07-12 19:59:59.585 [info] ExtensionService#_doActivateExtension vscodevim.vim, startup: true, activationEvent: '*'
2023-07-12 19:59:59.675 [info] ExtensionService#_doActivateExtension wayou.vscode-todo-highlight, startup: true, activationEvent: '*'
2023-07-12 19:59:59.790 [info] ExtensionService#_doActivateExtension vscode.git, startup: true, activationEvent: '*'
2023-07-12 19:59:59.846 [info] ExtensionService#_doActivateExtension vscode.github, startup: true, activationEvent: '*'
2023-07-12 19:59:59.890 [info] ExtensionService#_doActivateExtension vscode.json-language-features, startup: false, activationEvent: 'onLanguage:jsonc'
2023-07-12 19:59:59.949 [info] ExtensionService#_doActivateExtension vscode.typescript-language-features, startup: false, activationEvent: 'onLanguage:jsonc'
2023-07-12 20:00:00.126 [info] Eager extensions activated
2023-07-12 20:00:00.178 [info] ExtensionService#_doActivateExtension vscode.debug-auto-launch, startup: false, activationEvent: 'onStartupFinished'
2023-07-12 20:00:00.181 [info] ExtensionService#_doActivateExtension vscode.merge-conflict, startup: false, activationEvent: 'onStartupFinished'
2023-07-12 20:00:00.200 [info] ExtensionService#_doActivateExtension aaron-bond.better-comments, startup: false, activationEvent: 'onStartupFinished'
2023-07-12 20:00:00.206 [info] ExtensionService#_doActivateExtension alefragnani.Bookmarks, startup: false, activationEvent: 'onStartupFinished'
2023-07-12 20:00:00.217 [info] ExtensionService#_doActivateExtension alefragnani.project-manager, startup: false, activationEvent: 'onStartupFinished'
2023-07-12 20:00:00.233 [info] ExtensionService#_doActivateExtension dbaeumer.vscode-eslint, startup: false, activationEvent: 'onStartupFinished'
2023-07-12 20:00:00.258 [info] ExtensionService#_doActivateExtension dsznajder.es7-react-js-snippets, startup: false, activationEvent: 'onStartupFinished'
2023-07-12 20:00:00.791 [info] ExtensionService#_doActivateExtension eamodio.gitlens, startup: false, activationEvent: 'onStartupFinished'
2023-07-12 20:00:00.880 [info] ExtensionService#_doActivateExtension vscode.npm, startup: false, activationEvent: 'onStartupFinished', root cause: esbenp.prettier-vscode
2023-07-12 20:00:00.904 [info] ExtensionService#_doActivateExtension formulahendry.code-runner, startup: false, activationEvent: 'onStartupFinished'
2023-07-12 20:00:00.930 [info] ExtensionService#_doActivateExtension ms-vscode-remote.remote-containers, startup: false, activationEvent: 'onStartupFinished'
2023-07-12 20:00:01.002 [info] ExtensionService#_doActivateExtension streetsidesoftware.code-spell-checker, startup: false, activationEvent: 'onStartupFinished'
2023-07-12 20:00:01.066 [info] ExtensionService#_doActivateExtension vscode-icons-team.vscode-icons, startup: false, activationEvent: 'onStartupFinished'
2023-07-12 20:00:01.411 [info] ExtensionService#_doActivateExtension vscode.microsoft-authentication, startup: false, activationEvent: 'onAuthenticationRequest:microsoft'
2023-07-12 20:00:01.578 [info] ExtensionService#_doActivateExtension esbenp.prettier-vscode, startup: false, activationEvent: 'onStartupFinished'
2023-07-12 20:00:26.129 [info] Extension host terminating: renderer closed the MessagePort
2023-07-12 20:00:26.180 [error] Canceled: Canceled
    at new h (/var/lib/snapd/snap/code/133/usr/share/code/resources/app/out/vs/workbench/api/node/extensionHostProcess.js:99:42413)
    at t.O (/var/lib/snapd/snap/code/133/usr/share/code/resources/app/out/vs/workbench/api/node/extensionHostProcess.js:111:11236)
    at Proxy.U.<computed>.q.charCodeAt.U.<computed> (/var/lib/snapd/snap/code/133/usr/share/code/resources/app/out/vs/workbench/api/node/extensionHostProcess.js:111:8675)
    at e.$vL.g (/var/lib/snapd/snap/code/133/usr/share/code/resources/app/out/vs/workbench/api/node/extensionHostProcess.js:99:63549)
    at e.$vL.executeCommand (/var/lib/snapd/snap/code/133/usr/share/code/resources/app/out/vs/workbench/api/node/extensionHostProcess.js:99:62973)
    at P.registerCommand.description (/var/lib/snapd/snap/code/133/usr/share/code/resources/app/out/vs/workbench/api/node/extensionHostProcess.js:99:62280)
    at e.$vL.h (/var/lib/snapd/snap/code/133/usr/share/code/resources/app/out/vs/workbench/api/node/extensionHostProcess.js:99:64085)
    at e.$vL.g (/var/lib/snapd/snap/code/133/usr/share/code/resources/app/out/vs/workbench/api/node/extensionHostProcess.js:99:63073)
    at e.$vL.executeCommand (/var/lib/snapd/snap/code/133/usr/share/code/resources/app/out/vs/workbench/api/node/extensionHostProcess.js:99:62973)
    at Object.executeCommand (/var/lib/snapd/snap/code/133/usr/share/code/resources/app/out/vs/workbench/api/node/extensionHostProcess.js:117:20971)
    at i.D [as value] (/var/lib/snapd/snap/code/133/usr/share/code/resources/app/extensions/git/dist/main.js:2:1260424)
    at p.w (/var/lib/snapd/snap/code/133/usr/share/code/resources/app/out/vs/workbench/api/node/extensionHostProcess.js:60:1902)
    at p.x (/var/lib/snapd/snap/code/133/usr/share/code/resources/app/out/vs/workbench/api/node/extensionHostProcess.js:60:1972)
    at p.fire (/var/lib/snapd/snap/code/133/usr/share/code/resources/app/out/vs/workbench/api/node/extensionHostProcess.js:60:2188)
    at Object.f [as dispose] (/var/lib/snapd/snap/code/133/usr/share/code/resources/app/extensions/git/dist/main.js:2:1275972)
    at /var/lib/snapd/snap/code/133/usr/share/code/resources/app/extensions/git/dist/main.js:2:1280539
    at Array.forEach (<anonymous>)
    at g.dispose (/var/lib/snapd/snap/code/133/usr/share/code/resources/app/extensions/git/dist/main.js:2:1280525)
    at o.<anonymous> (/var/lib/snapd/snap/code/133/usr/share/code/resources/app/out/vs/workbench/api/node/extensionHostProcess.js:95:4162)
    at o.dispose (/var/lib/snapd/snap/code/133/usr/share/code/resources/app/out/vs/workbench/api/node/extensionHostProcess.js:95:4297)
    at o.<anonymous> (/var/lib/snapd/snap/code/133/usr/share/code/resources/app/extensions/git/dist/main.js:2:1262437)
    at o.dispose (/var/lib/snapd/snap/code/133/usr/share/code/resources/app/out/vs/workbench/api/node/extensionHostProcess.js:95:4297)
    at S (/var/lib/snapd/snap/code/133/usr/share/code/resources/app/out/vs/workbench/api/node/extensionHostProcess.js:10:11731)
    at i.Z (/var/lib/snapd/snap/code/133/usr/share/code/resources/app/out/vs/workbench/api/node/extensionHostProcess.js:113:10370)
    at /var/lib/snapd/snap/code/133/usr/share/code/resources/app/out/vs/workbench/api/node/extensionHostProcess.js:113:8332
    at Array.map (<anonymous>)
    at i.S (/var/lib/snapd/snap/code/133/usr/share/code/resources/app/out/vs/workbench/api/node/extensionHostProcess.js:113:8319)
    at i.terminate (/var/lib/snapd/snap/code/133/usr/share/code/resources/app/out/vs/workbench/api/node/extensionHostProcess.js:113:8591)
    at u.terminate (/var/lib/snapd/snap/code/133/usr/share/code/resources/app/out/vs/workbench/api/node/extensionHostProcess.js:117:1532)
    at E (/var/lib/snapd/snap/code/133/usr/share/code/resources/app/out/vs/workbench/api/node/extensionHostProcess.js:127:32236)
    at MessagePortMain.<anonymous> (/var/lib/snapd/snap/code/133/usr/share/code/resources/app/out/vs/workbench/api/node/extensionHostProcess.js:127:28665)
    at MessagePortMain.emit (node:events:513:28)
    at Object.MessagePortMain._internalPort.emit (node:electron/js2c/utility_init:2:367) setContext undefined
2023-07-12 20:00:26.185 [error] Canceled: Canceled
    at new h (/var/lib/snapd/snap/code/133/usr/share/code/resources/app/out/vs/workbench/api/node/extensionHostProcess.js:99:42413)
    at t.O (/var/lib/snapd/snap/code/133/usr/share/code/resources/app/out/vs/workbench/api/node/extensionHostProcess.js:111:11236)
    at Proxy.U.<computed>.q.charCodeAt.U.<computed> (/var/lib/snapd/snap/code/133/usr/share/code/resources/app/out/vs/workbench/api/node/extensionHostProcess.js:111:8675)
    at e.$vL.g (/var/lib/snapd/snap/code/133/usr/share/code/resources/app/out/vs/workbench/api/node/extensionHostProcess.js:99:63549)
    at e.$vL.executeCommand (/var/lib/snapd/snap/code/133/usr/share/code/resources/app/out/vs/workbench/api/node/extensionHostProcess.js:99:62973)
    at P.registerCommand.description (/var/lib/snapd/snap/code/133/usr/share/code/resources/app/out/vs/workbench/api/node/extensionHostProcess.js:99:62280)
    at e.$vL.h (/var/lib/snapd/snap/code/133/usr/share/code/resources/app/out/vs/workbench/api/node/extensionHostProcess.js:99:64085)
    at e.$vL.g (/var/lib/snapd/snap/code/133/usr/share/code/resources/app/out/vs/workbench/api/node/extensionHostProcess.js:99:63073)
    at e.$vL.executeCommand (/var/lib/snapd/snap/code/133/usr/share/code/resources/app/out/vs/workbench/api/node/extensionHostProcess.js:99:62973)
    at Object.executeCommand (/var/lib/snapd/snap/code/133/usr/share/code/resources/app/out/vs/workbench/api/node/extensionHostProcess.js:117:20971)
    at t.$Ze.set b [as b] (/var/lib/snapd/snap/code/133/usr/share/code/resources/app/extensions/github/dist/extension.js:2:675669)
    at /var/lib/snapd/snap/code/133/usr/share/code/resources/app/extensions/github/dist/extension.js:2:676313
    at i.value (/var/lib/snapd/snap/code/133/usr/share/code/resources/app/extensions/git/dist/main.js:2:1347255)
    at p.w (/var/lib/snapd/snap/code/133/usr/share/code/resources/app/out/vs/workbench/api/node/extensionHostProcess.js:60:1902)
    at p.x (/var/lib/snapd/snap/code/133/usr/share/code/resources/app/out/vs/workbench/api/node/extensionHostProcess.js:60:1972)
    at p.fire (/var/lib/snapd/snap/code/133/usr/share/code/resources/app/out/vs/workbench/api/node/extensionHostProcess.js:60:2188)
    at Object.f [as dispose] (/var/lib/snapd/snap/code/133/usr/share/code/resources/app/extensions/git/dist/main.js:2:1275972)
    at /var/lib/snapd/snap/code/133/usr/share/code/resources/app/extensions/git/dist/main.js:2:1280539
    at Array.forEach (<anonymous>)
    at g.dispose (/var/lib/snapd/snap/code/133/usr/share/code/resources/app/extensions/git/dist/main.js:2:1280525)
    at o.<anonymous> (/var/lib/snapd/snap/code/133/usr/share/code/resources/app/out/vs/workbench/api/node/extensionHostProcess.js:95:4162)
    at o.dispose (/var/lib/snapd/snap/code/133/usr/share/code/resources/app/out/vs/workbench/api/node/extensionHostProcess.js:95:4297)
    at o.<anonymous> (/var/lib/snapd/snap/code/133/usr/share/code/resources/app/extensions/git/dist/main.js:2:1262437)
    at o.dispose (/var/lib/snapd/snap/code/133/usr/share/code/resources/app/out/vs/workbench/api/node/extensionHostProcess.js:95:4297)
    at S (/var/lib/snapd/snap/code/133/usr/share/code/resources/app/out/vs/workbench/api/node/extensionHostProcess.js:10:11731)
    at i.Z (/var/lib/snapd/snap/code/133/usr/share/code/resources/app/out/vs/workbench/api/node/extensionHostProcess.js:113:10370)
    at /var/lib/snapd/snap/code/133/usr/share/code/resources/app/out/vs/workbench/api/node/extensionHostProcess.js:113:8332
    at Array.map (<anonymous>)
    at i.S (/var/lib/snapd/snap/code/133/usr/share/code/resources/app/out/vs/workbench/api/node/extensionHostProcess.js:113:8319)
    at i.terminate (/var/lib/snapd/snap/code/133/usr/share/code/resources/app/out/vs/workbench/api/node/extensionHostProcess.js:113:8591)
    at u.terminate (/var/lib/snapd/snap/code/133/usr/share/code/resources/app/out/vs/workbench/api/node/extensionHostProcess.js:117:1532)
    at E (/var/lib/snapd/snap/code/133/usr/share/code/resources/app/out/vs/workbench/api/node/extensionHostProcess.js:127:32236)
    at MessagePortMain.<anonymous> (/var/lib/snapd/snap/code/133/usr/share/code/resources/app/out/vs/workbench/api/node/extensionHostProcess.js:127:28665)
    at MessagePortMain.emit (node:events:513:28)
    at Object.MessagePortMain._internalPort.emit (node:electron/js2c/utility_init:2:367) setContext undefined
2023-07-12 20:00:26.193 [error] Canceled: Canceled
    at new h (/var/lib/snapd/snap/code/133/usr/share/code/resources/app/out/vs/workbench/api/node/extensionHostProcess.js:99:42413)
    at t.O (/var/lib/snapd/snap/code/133/usr/share/code/resources/app/out/vs/workbench/api/node/extensionHostProcess.js:111:11236)
    at Proxy.U.<computed>.q.charCodeAt.U.<computed> (/var/lib/snapd/snap/code/133/usr/share/code/resources/app/out/vs/workbench/api/node/extensionHostProcess.js:111:8675)
    at e.$vL.g (/var/lib/snapd/snap/code/133/usr/share/code/resources/app/out/vs/workbench/api/node/extensionHostProcess.js:99:63549)
    at e.$vL.executeCommand (/var/lib/snapd/snap/code/133/usr/share/code/resources/app/out/vs/workbench/api/node/extensionHostProcess.js:99:62973)
    at P.registerCommand.description (/var/lib/snapd/snap/code/133/usr/share/code/resources/app/out/vs/workbench/api/node/extensionHostProcess.js:99:62280)
    at e.$vL.h (/var/lib/snapd/snap/code/133/usr/share/code/resources/app/out/vs/workbench/api/node/extensionHostProcess.js:99:64085)
    at e.$vL.g (/var/lib/snapd/snap/code/133/usr/share/code/resources/app/out/vs/workbench/api/node/extensionHostProcess.js:99:63073)
    at e.$vL.executeCommand (/var/lib/snapd/snap/code/133/usr/share/code/resources/app/out/vs/workbench/api/node/extensionHostProcess.js:99:62973)
    at Object.executeCommand (/var/lib/snapd/snap/code/133/usr/share/code/resources/app/out/vs/workbench/api/node/extensionHostProcess.js:117:20971)
    at g (/home/devilunraveled/.vscode/extensions/eamodio.gitlens-13.6.0/dist/gitlens.js:1:878971)
    at c (/home/devilunraveled/.vscode/extensions/eamodio.gitlens-13.6.0/dist/gitlens.js:1:883651)
    at ActionRunners._updateContextKeys (/home/devilunraveled/.vscode/extensions/eamodio.gitlens-13.6.0/dist/gitlens.js:1:37690)
    at s (/home/devilunraveled/.vscode/extensions/eamodio.gitlens-13.6.0/dist/gitlens.js:1:36109)
    at RegisteredActionRunner.unregister (/home/devilunraveled/.vscode/extensions/eamodio.gitlens-13.6.0/dist/gitlens.js:1:36253)
    at RegisteredActionRunner.dispose (/home/devilunraveled/.vscode/extensions/eamodio.gitlens-13.6.0/dist/gitlens.js:1:34918)
    at ActionRunners.dispose (/home/devilunraveled/.vscode/extensions/eamodio.gitlens-13.6.0/dist/gitlens.js:1:35695)
    at /home/devilunraveled/.vscode/extensions/eamodio.gitlens-13.6.0/dist/gitlens.js:1:613387
    at Array.forEach (<anonymous>)
    at Object.dispose (/home/devilunraveled/.vscode/extensions/eamodio.gitlens-13.6.0/dist/gitlens.js:1:613372)
    at S (/var/lib/snapd/snap/code/133/usr/share/code/resources/app/out/vs/workbench/api/node/extensionHostProcess.js:10:11731)
    at i.Z (/var/lib/snapd/snap/code/133/usr/share/code/resources/app/out/vs/workbench/api/node/extensionHostProcess.js:113:10370)
    at /var/lib/snapd/snap/code/133/usr/share/code/resources/app/out/vs/workbench/api/node/extensionHostProcess.js:113:8332
    at Array.map (<anonymous>)
    at i.S (/var/lib/snapd/snap/code/133/usr/share/code/resources/app/out/vs/workbench/api/node/extensionHostProcess.js:113:8319)
    at i.terminate (/var/lib/snapd/snap/code/133/usr/share/code/resources/app/out/vs/workbench/api/node/extensionHostProcess.js:113:8591)
    at u.terminate (/var/lib/snapd/snap/code/133/usr/share/code/resources/app/out/vs/workbench/api/node/extensionHostProcess.js:117:1532)
    at E (/var/lib/snapd/snap/code/133/usr/share/code/resources/app/out/vs/workbench/api/node/extensionHostProcess.js:127:32236)
    at MessagePortMain.<anonymous> (/var/lib/snapd/snap/code/133/usr/share/code/resources/app/out/vs/workbench/api/node/extensionHostProcess.js:127:28665)
    at MessagePortMain.emit (node:events:513:28)
    at Object.MessagePortMain._internalPort.emit (node:electron/js2c/utility_init:2:367) setContext undefined
2023-07-12 20:00:26.194 [error] Canceled: Canceled
    at new h (/var/lib/snapd/snap/code/133/usr/share/code/resources/app/out/vs/workbench/api/node/extensionHostProcess.js:99:42413)
    at t.O (/var/lib/snapd/snap/code/133/usr/share/code/resources/app/out/vs/workbench/api/node/extensionHostProcess.js:111:11236)
    at Proxy.U.<computed>.q.charCodeAt.U.<computed> (/var/lib/snapd/snap/code/133/usr/share/code/resources/app/out/vs/workbench/api/node/extensionHostProcess.js:111:8675)
    at e.$vL.g (/var/lib/snapd/snap/code/133/usr/share/code/resources/app/out/vs/workbench/api/node/extensionHostProcess.js:99:63549)
    at e.$vL.executeCommand (/var/lib/snapd/snap/code/133/usr/share/code/resources/app/out/vs/workbench/api/node/extensionHostProcess.js:99:62973)
    at P.registerCommand.description (/var/lib/snapd/snap/code/133/usr/share/code/resources/app/out/vs/workbench/api/node/extensionHostProcess.js:99:62280)
    at e.$vL.h (/var/lib/snapd/snap/code/133/usr/share/code/resources/app/out/vs/workbench/api/node/extensionHostProcess.js:99:64085)
    at e.$vL.g (/var/lib/snapd/snap/code/133/usr/share/code/resources/app/out/vs/workbench/api/node/extensionHostProcess.js:99:63073)
    at e.$vL.executeCommand (/var/lib/snapd/snap/code/133/usr/share/code/resources/app/out/vs/workbench/api/node/extensionHostProcess.js:99:62973)
    at Object.executeCommand (/var/lib/snapd/snap/code/133/usr/share/code/resources/app/out/vs/workbench/api/node/extensionHostProcess.js:117:20971)
    at g (/home/devilunraveled/.vscode/extensions/eamodio.gitlens-13.6.0/dist/gitlens.js:1:878971)
    at c (/home/devilunraveled/.vscode/extensions/eamodio.gitlens-13.6.0/dist/gitlens.js:1:883651)
    at ActionRunners._updateContextKeys (/home/devilunraveled/.vscode/extensions/eamodio.gitlens-13.6.0/dist/gitlens.js:1:37690)
    at s (/home/devilunraveled/.vscode/extensions/eamodio.gitlens-13.6.0/dist/gitlens.js:1:36109)
    at RegisteredActionRunner.unregister (/home/devilunraveled/.vscode/extensions/eamodio.gitlens-13.6.0/dist/gitlens.js:1:36253)
    at RegisteredActionRunner.dispose (/home/devilunraveled/.vscode/extensions/eamodio.gitlens-13.6.0/dist/gitlens.js:1:34918)
    at ActionRunners.dispose (/home/devilunraveled/.vscode/extensions/eamodio.gitlens-13.6.0/dist/gitlens.js:1:35695)
    at /home/devilunraveled/.vscode/extensions/eamodio.gitlens-13.6.0/dist/gitlens.js:1:613387
    at Array.forEach (<anonymous>)
    at Object.dispose (/home/devilunraveled/.vscode/extensions/eamodio.gitlens-13.6.0/dist/gitlens.js:1:613372)
    at S (/var/lib/snapd/snap/code/133/usr/share/code/resources/app/out/vs/workbench/api/node/extensionHostProcess.js:10:11731)
    at i.Z (/var/lib/snapd/snap/code/133/usr/share/code/resources/app/out/vs/workbench/api/node/extensionHostProcess.js:113:10370)
    at /var/lib/snapd/snap/code/133/usr/share/code/resources/app/out/vs/workbench/api/node/extensionHostProcess.js:113:8332
    at Array.map (<anonymous>)
    at i.S (/var/lib/snapd/snap/code/133/usr/share/code/resources/app/out/vs/workbench/api/node/extensionHostProcess.js:113:8319)
    at i.terminate (/var/lib/snapd/snap/code/133/usr/share/code/resources/app/out/vs/workbench/api/node/extensionHostProcess.js:113:8591)
    at u.terminate (/var/lib/snapd/snap/code/133/usr/share/code/resources/app/out/vs/workbench/api/node/extensionHostProcess.js:117:1532)
    at E (/var/lib/snapd/snap/code/133/usr/share/code/resources/app/out/vs/workbench/api/node/extensionHostProcess.js:127:32236)
    at MessagePortMain.<anonymous> (/var/lib/snapd/snap/code/133/usr/share/code/resources/app/out/vs/workbench/api/node/extensionHostProcess.js:127:28665)
    at MessagePortMain.emit (node:events:513:28)
    at Object.MessagePortMain._internalPort.emit (node:electron/js2c/utility_init:2:367) setContext undefined
2023-07-12 20:00:26.194 [error] Canceled: Canceled
    at new h (/var/lib/snapd/snap/code/133/usr/share/code/resources/app/out/vs/workbench/api/node/extensionHostProcess.js:99:42413)
    at t.O (/var/lib/snapd/snap/code/133/usr/share/code/resources/app/out/vs/workbench/api/node/extensionHostProcess.js:111:11236)
    at Proxy.U.<computed>.q.charCodeAt.U.<computed> (/var/lib/snapd/snap/code/133/usr/share/code/resources/app/out/vs/workbench/api/node/extensionHostProcess.js:111:8675)
    at e.$vL.g (/var/lib/snapd/snap/code/133/usr/share/code/resources/app/out/vs/workbench/api/node/extensionHostProcess.js:99:63549)
    at e.$vL.executeCommand (/var/lib/snapd/snap/code/133/usr/share/code/resources/app/out/vs/workbench/api/node/extensionHostProcess.js:99:62973)
    at P.registerCommand.description (/var/lib/snapd/snap/code/133/usr/share/code/resources/app/out/vs/workbench/api/node/extensionHostProcess.js:99:62280)
    at e.$vL.h (/var/lib/snapd/snap/code/133/usr/share/code/resources/app/out/vs/workbench/api/node/extensionHostProcess.js:99:64085)
    at e.$vL.g (/var/lib/snapd/snap/code/133/usr/share/code/resources/app/out/vs/workbench/api/node/extensionHostProcess.js:99:63073)
    at e.$vL.executeCommand (/var/lib/snapd/snap/code/133/usr/share/code/resources/app/out/vs/workbench/api/node/extensionHostProcess.js:99:62973)
    at Object.executeCommand (/var/lib/snapd/snap/code/133/usr/share/code/resources/app/out/vs/workbench/api/node/extensionHostProcess.js:117:20971)
    at g (/home/devilunraveled/.vscode/extensions/eamodio.gitlens-13.6.0/dist/gitlens.js:1:878971)
    at c (/home/devilunraveled/.vscode/extensions/eamodio.gitlens-13.6.0/dist/gitlens.js:1:883651)
    at ActionRunners._updateContextKeys (/home/devilunraveled/.vscode/extensions/eamodio.gitlens-13.6.0/dist/gitlens.js:1:37690)
    at s (/home/devilunraveled/.vscode/extensions/eamodio.gitlens-13.6.0/dist/gitlens.js:1:36109)
    at RegisteredActionRunner.unregister (/home/devilunraveled/.vscode/extensions/eamodio.gitlens-13.6.0/dist/gitlens.js:1:36253)
    at RegisteredActionRunner.dispose (/home/devilunraveled/.vscode/extensions/eamodio.gitlens-13.6.0/dist/gitlens.js:1:34918)
    at ActionRunners.dispose (/home/devilunraveled/.vscode/extensions/eamodio.gitlens-13.6.0/dist/gitlens.js:1:35695)
    at /home/devilunraveled/.vscode/extensions/eamodio.gitlens-13.6.0/dist/gitlens.js:1:613387
    at Array.forEach (<anonymous>)
    at Object.dispose (/home/devilunraveled/.vscode/extensions/eamodio.gitlens-13.6.0/dist/gitlens.js:1:613372)
    at S (/var/lib/snapd/snap/code/133/usr/share/code/resources/app/out/vs/workbench/api/node/extensionHostProcess.js:10:11731)
    at i.Z (/var/lib/snapd/snap/code/133/usr/share/code/resources/app/out/vs/workbench/api/node/extensionHostProcess.js:113:10370)
    at /var/lib/snapd/snap/code/133/usr/share/code/resources/app/out/vs/workbench/api/node/extensionHostProcess.js:113:8332
    at Array.map (<anonymous>)
    at i.S (/var/lib/snapd/snap/code/133/usr/share/code/resources/app/out/vs/workbench/api/node/extensionHostProcess.js:113:8319)
    at i.terminate (/var/lib/snapd/snap/code/133/usr/share/code/resources/app/out/vs/workbench/api/node/extensionHostProcess.js:113:8591)
    at u.terminate (/var/lib/snapd/snap/code/133/usr/share/code/resources/app/out/vs/workbench/api/node/extensionHostProcess.js:117:1532)
    at E (/var/lib/snapd/snap/code/133/usr/share/code/resources/app/out/vs/workbench/api/node/extensionHostProcess.js:127:32236)
    at MessagePortMain.<anonymous> (/var/lib/snapd/snap/code/133/usr/share/code/resources/app/out/vs/workbench/api/node/extensionHostProcess.js:127:28665)
    at MessagePortMain.emit (node:events:513:28)
    at Object.MessagePortMain._internalPort.emit (node:electron/js2c/utility_init:2:367) setContext undefined
2023-07-12 20:00:26.195 [error] Canceled: Canceled
    at new h (/var/lib/snapd/snap/code/133/usr/share/code/resources/app/out/vs/workbench/api/node/extensionHostProcess.js:99:42413)
    at t.O (/var/lib/snapd/snap/code/133/usr/share/code/resources/app/out/vs/workbench/api/node/extensionHostProcess.js:111:11236)
    at Proxy.U.<computed>.q.charCodeAt.U.<computed> (/var/lib/snapd/snap/code/133/usr/share/code/resources/app/out/vs/workbench/api/node/extensionHostProcess.js:111:8675)
    at e.$vL.g (/var/lib/snapd/snap/code/133/usr/share/code/resources/app/out/vs/workbench/api/node/extensionHostProcess.js:99:63549)
    at e.$vL.executeCommand (/var/lib/snapd/snap/code/133/usr/share/code/resources/app/out/vs/workbench/api/node/extensionHostProcess.js:99:62973)
    at P.registerCommand.description (/var/lib/snapd/snap/code/133/usr/share/code/resources/app/out/vs/workbench/api/node/extensionHostProcess.js:99:62280)
    at e.$vL.h (/var/lib/snapd/snap/code/133/usr/share/code/resources/app/out/vs/workbench/api/node/extensionHostProcess.js:99:64085)
    at e.$vL.g (/var/lib/snapd/snap/code/133/usr/share/code/resources/app/out/vs/workbench/api/node/extensionHostProcess.js:99:63073)
    at e.$vL.executeCommand (/var/lib/snapd/snap/code/133/usr/share/code/resources/app/out/vs/workbench/api/node/extensionHostProcess.js:99:62973)
    at Object.executeCommand (/var/lib/snapd/snap/code/133/usr/share/code/resources/app/out/vs/workbench/api/node/extensionHostProcess.js:117:20971)
    at g (/home/devilunraveled/.vscode/extensions/eamodio.gitlens-13.6.0/dist/gitlens.js:1:878971)
    at c (/home/devilunraveled/.vscode/extensions/eamodio.gitlens-13.6.0/dist/gitlens.js:1:883651)
    at ActionRunners._updateContextKeys (/home/devilunraveled/.vscode/extensions/eamodio.gitlens-13.6.0/dist/gitlens.js:1:37690)
    at s (/home/devilunraveled/.vscode/extensions/eamodio.gitlens-13.6.0/dist/gitlens.js:1:36109)
    at RegisteredActionRunner.unregister (/home/devilunraveled/.vscode/extensions/eamodio.gitlens-13.6.0/dist/gitlens.js:1:36253)
    at RegisteredActionRunner.dispose (/home/devilunraveled/.vscode/extensions/eamodio.gitlens-13.6.0/dist/gitlens.js:1:34918)
    at Object.dispose (/home/devilunraveled/.vscode/extensions/eamodio.gitlens-13.6.0/dist/gitlens.js:1:36350)
    at S (/var/lib/snapd/snap/code/133/usr/share/code/resources/app/out/vs/workbench/api/node/extensionHostProcess.js:10:11731)
    at i.Z (/var/lib/snapd/snap/code/133/usr/share/code/resources/app/out/vs/workbench/api/node/extensionHostProcess.js:113:10370)
    at /var/lib/snapd/snap/code/133/usr/share/code/resources/app/out/vs/workbench/api/node/extensionHostProcess.js:113:8332
    at Array.map (<anonymous>)
    at i.S (/var/lib/snapd/snap/code/133/usr/share/code/resources/app/out/vs/workbench/api/node/extensionHostProcess.js:113:8319)
    at i.terminate (/var/lib/snapd/snap/code/133/usr/share/code/resources/app/out/vs/workbench/api/node/extensionHostProcess.js:113:8591)
    at u.terminate (/var/lib/snapd/snap/code/133/usr/share/code/resources/app/out/vs/workbench/api/node/extensionHostProcess.js:117:1532)
    at E (/var/lib/snapd/snap/code/133/usr/share/code/resources/app/out/vs/workbench/api/node/extensionHostProcess.js:127:32236)
    at MessagePortMain.<anonymous> (/var/lib/snapd/snap/code/133/usr/share/code/resources/app/out/vs/workbench/api/node/extensionHostProcess.js:127:28665)
    at MessagePortMain.emit (node:events:513:28)
    at Object.MessagePortMain._internalPort.emit (node:electron/js2c/utility_init:2:367) setContext undefined
2023-07-12 20:00:26.195 [error] Canceled: Canceled
    at new h (/var/lib/snapd/snap/code/133/usr/share/code/resources/app/out/vs/workbench/api/node/extensionHostProcess.js:99:42413)
    at t.O (/var/lib/snapd/snap/code/133/usr/share/code/resources/app/out/vs/workbench/api/node/extensionHostProcess.js:111:11236)
    at Proxy.U.<computed>.q.charCodeAt.U.<computed> (/var/lib/snapd/snap/code/133/usr/share/code/resources/app/out/vs/workbench/api/node/extensionHostProcess.js:111:8675)
    at e.$vL.g (/var/lib/snapd/snap/code/133/usr/share/code/resources/app/out/vs/workbench/api/node/extensionHostProcess.js:99:63549)
    at e.$vL.executeCommand (/var/lib/snapd/snap/code/133/usr/share/code/resources/app/out/vs/workbench/api/node/extensionHostProcess.js:99:62973)
    at P.registerCommand.description (/var/lib/snapd/snap/code/133/usr/share/code/resources/app/out/vs/workbench/api/node/extensionHostProcess.js:99:62280)
    at e.$vL.h (/var/lib/snapd/snap/code/133/usr/share/code/resources/app/out/vs/workbench/api/node/extensionHostProcess.js:99:64085)
    at e.$vL.g (/var/lib/snapd/snap/code/133/usr/share/code/resources/app/out/vs/workbench/api/node/extensionHostProcess.js:99:63073)
    at e.$vL.executeCommand (/var/lib/snapd/snap/code/133/usr/share/code/resources/app/out/vs/workbench/api/node/extensionHostProcess.js:99:62973)
    at Object.executeCommand (/var/lib/snapd/snap/code/133/usr/share/code/resources/app/out/vs/workbench/api/node/extensionHostProcess.js:117:20971)
    at g (/home/devilunraveled/.vscode/extensions/eamodio.gitlens-13.6.0/dist/gitlens.js:1:878971)
    at c (/home/devilunraveled/.vscode/extensions/eamodio.gitlens-13.6.0/dist/gitlens.js:1:883651)
    at ActionRunners._updateContextKeys (/home/devilunraveled/.vscode/extensions/eamodio.gitlens-13.6.0/dist/gitlens.js:1:37690)
    at s (/home/devilunraveled/.vscode/extensions/eamodio.gitlens-13.6.0/dist/gitlens.js:1:36109)
    at RegisteredActionRunner.unregister (/home/devilunraveled/.vscode/extensions/eamodio.gitlens-13.6.0/dist/gitlens.js:1:36253)
    at RegisteredActionRunner.dispose (/home/devilunraveled/.vscode/extensions/eamodio.gitlens-13.6.0/dist/gitlens.js:1:34918)
    at Object.dispose (/home/devilunraveled/.vscode/extensions/eamodio.gitlens-13.6.0/dist/gitlens.js:1:36350)
    at S (/var/lib/snapd/snap/code/133/usr/share/code/resources/app/out/vs/workbench/api/node/extensionHostProcess.js:10:11731)
    at i.Z (/var/lib/snapd/snap/code/133/usr/share/code/resources/app/out/vs/workbench/api/node/extensionHostProcess.js:113:10370)
    at /var/lib/snapd/snap/code/133/usr/share/code/resources/app/out/vs/workbench/api/node/extensionHostProcess.js:113:8332
    at Array.map (<anonymous>)
    at i.S (/var/lib/snapd/snap/code/133/usr/share/code/resources/app/out/vs/workbench/api/node/extensionHostProcess.js:113:8319)
    at i.terminate (/var/lib/snapd/snap/code/133/usr/share/code/resources/app/out/vs/workbench/api/node/extensionHostProcess.js:113:8591)
    at u.terminate (/var/lib/snapd/snap/code/133/usr/share/code/resources/app/out/vs/workbench/api/node/extensionHostProcess.js:117:1532)
    at E (/var/lib/snapd/snap/code/133/usr/share/code/resources/app/out/vs/workbench/api/node/extensionHostProcess.js:127:32236)
    at MessagePortMain.<anonymous> (/var/lib/snapd/snap/code/133/usr/share/code/resources/app/out/vs/workbench/api/node/extensionHostProcess.js:127:28665)
    at MessagePortMain.emit (node:events:513:28)
    at Object.MessagePortMain._internalPort.emit (node:electron/js2c/utility_init:2:367) setContext undefined
2023-07-12 20:00:26.195 [error] Canceled: Canceled
    at new h (/var/lib/snapd/snap/code/133/usr/share/code/resources/app/out/vs/workbench/api/node/extensionHostProcess.js:99:42413)
    at t.O (/var/lib/snapd/snap/code/133/usr/share/code/resources/app/out/vs/workbench/api/node/extensionHostProcess.js:111:11236)
    at Proxy.U.<computed>.q.charCodeAt.U.<computed> (/var/lib/snapd/snap/code/133/usr/share/code/resources/app/out/vs/workbench/api/node/extensionHostProcess.js:111:8675)
    at e.$vL.g (/var/lib/snapd/snap/code/133/usr/share/code/resources/app/out/vs/workbench/api/node/extensionHostProcess.js:99:63549)
    at e.$vL.executeCommand (/var/lib/snapd/snap/code/133/usr/share/code/resources/app/out/vs/workbench/api/node/extensionHostProcess.js:99:62973)
    at P.registerCommand.description (/var/lib/snapd/snap/code/133/usr/share/code/resources/app/out/vs/workbench/api/node/extensionHostProcess.js:99:62280)
    at e.$vL.h (/var/lib/snapd/snap/code/133/usr/share/code/resources/app/out/vs/workbench/api/node/extensionHostProcess.js:99:64085)
    at e.$vL.g (/var/lib/snapd/snap/code/133/usr/share/code/resources/app/out/vs/workbench/api/node/extensionHostProcess.js:99:63073)
    at e.$vL.executeCommand (/var/lib/snapd/snap/code/133/usr/share/code/resources/app/out/vs/workbench/api/node/extensionHostProcess.js:99:62973)
    at Object.executeCommand (/var/lib/snapd/snap/code/133/usr/share/code/resources/app/out/vs/workbench/api/node/extensionHostProcess.js:117:20971)
    at g (/home/devilunraveled/.vscode/extensions/eamodio.gitlens-13.6.0/dist/gitlens.js:1:878971)
    at c (/home/devilunraveled/.vscode/extensions/eamodio.gitlens-13.6.0/dist/gitlens.js:1:883651)
    at ActionRunners._updateContextKeys (/home/devilunraveled/.vscode/extensions/eamodio.gitlens-13.6.0/dist/gitlens.js:1:37690)
    at s (/home/devilunraveled/.vscode/extensions/eamodio.gitlens-13.6.0/dist/gitlens.js:1:36109)
    at RegisteredActionRunner.unregister (/home/devilunraveled/.vscode/extensions/eamodio.gitlens-13.6.0/dist/gitlens.js:1:36253)
    at RegisteredActionRunner.dispose (/home/devilunraveled/.vscode/extensions/eamodio.gitlens-13.6.0/dist/gitlens.js:1:34918)
    at Object.dispose (/home/devilunraveled/.vscode/extensions/eamodio.gitlens-13.6.0/dist/gitlens.js:1:36350)
    at S (/var/lib/snapd/snap/code/133/usr/share/code/resources/app/out/vs/workbench/api/node/extensionHostProcess.js:10:11731)
    at i.Z (/var/lib/snapd/snap/code/133/usr/share/code/resources/app/out/vs/workbench/api/node/extensionHostProcess.js:113:10370)
    at /var/lib/snapd/snap/code/133/usr/share/code/resources/app/out/vs/workbench/api/node/extensionHostProcess.js:113:8332
    at Array.map (<anonymous>)
    at i.S (/var/lib/snapd/snap/code/133/usr/share/code/resources/app/out/vs/workbench/api/node/extensionHostProcess.js:113:8319)
    at i.terminate (/var/lib/snapd/snap/code/133/usr/share/code/resources/app/out/vs/workbench/api/node/extensionHostProcess.js:113:8591)
    at u.terminate (/var/lib/snapd/snap/code/133/usr/share/code/resources/app/out/vs/workbench/api/node/extensionHostProcess.js:117:1532)
    at E (/var/lib/snapd/snap/code/133/usr/share/code/resources/app/out/vs/workbench/api/node/extensionHostProcess.js:127:32236)
    at MessagePortMain.<anonymous> (/var/lib/snapd/snap/code/133/usr/share/code/resources/app/out/vs/workbench/api/node/extensionHostProcess.js:127:28665)
    at MessagePortMain.emit (node:events:513:28)
    at Object.MessagePortMain._internalPort.emit (node:electron/js2c/utility_init:2:367) setContext undefined
2023-07-12 20:00:26.197 [error] Canceled: Canceled
    at new h (/var/lib/snapd/snap/code/133/usr/share/code/resources/app/out/vs/workbench/api/node/extensionHostProcess.js:99:42413)
    at t.O (/var/lib/snapd/snap/code/133/usr/share/code/resources/app/out/vs/workbench/api/node/extensionHostProcess.js:111:11236)
    at Proxy.U.<computed>.q.charCodeAt.U.<computed> (/var/lib/snapd/snap/code/133/usr/share/code/resources/app/out/vs/workbench/api/node/extensionHostProcess.js:111:8675)
    at e.$vL.g (/var/lib/snapd/snap/code/133/usr/share/code/resources/app/out/vs/workbench/api/node/extensionHostProcess.js:99:63549)
    at e.$vL.executeCommand (/var/lib/snapd/snap/code/133/usr/share/code/resources/app/out/vs/workbench/api/node/extensionHostProcess.js:99:62973)
    at P.registerCommand.description (/var/lib/snapd/snap/code/133/usr/share/code/resources/app/out/vs/workbench/api/node/extensionHostProcess.js:99:62280)
    at e.$vL.h (/var/lib/snapd/snap/code/133/usr/share/code/resources/app/out/vs/workbench/api/node/extensionHostProcess.js:99:64085)
    at e.$vL.g (/var/lib/snapd/snap/code/133/usr/share/code/resources/app/out/vs/workbench/api/node/extensionHostProcess.js:99:63073)
    at e.$vL.executeCommand (/var/lib/snapd/snap/code/133/usr/share/code/resources/app/out/vs/workbench/api/node/extensionHostProcess.js:99:62973)
    at Object.executeCommand (/var/lib/snapd/snap/code/133/usr/share/code/resources/app/out/vs/workbench/api/node/extensionHostProcess.js:117:20971)
    at Object.dispose (/home/devilunraveled/.vscode/extensions/tabnine.tabnine-vscode-3.6.46/out/extension.js:17:101310)
    at /home/devilunraveled/.vscode/extensions/tabnine.tabnine-vscode-3.6.46/out/extension.js:17:30354
    at Array.forEach (<anonymous>)
    at f (/home/devilunraveled/.vscode/extensions/tabnine.tabnine-vscode-3.6.46/out/extension.js:17:30339)
    at Object.dispose (/home/devilunraveled/.vscode/extensions/tabnine.tabnine-vscode-3.6.46/out/extension.js:17:29757)
    at S (/var/lib/snapd/snap/code/133/usr/share/code/resources/app/out/vs/workbench/api/node/extensionHostProcess.js:10:11731)
    at i.Z (/var/lib/snapd/snap/code/133/usr/share/code/resources/app/out/vs/workbench/api/node/extensionHostProcess.js:113:10370)
    at /var/lib/snapd/snap/code/133/usr/share/code/resources/app/out/vs/workbench/api/node/extensionHostProcess.js:113:8332
    at Array.map (<anonymous>)
    at i.S (/var/lib/snapd/snap/code/133/usr/share/code/resources/app/out/vs/workbench/api/node/extensionHostProcess.js:113:8319)
    at i.terminate (/var/lib/snapd/snap/code/133/usr/share/code/resources/app/out/vs/workbench/api/node/extensionHostProcess.js:113:8591)
    at u.terminate (/var/lib/snapd/snap/code/133/usr/share/code/resources/app/out/vs/workbench/api/node/extensionHostProcess.js:117:1532)
    at E (/var/lib/snapd/snap/code/133/usr/share/code/resources/app/out/vs/workbench/api/node/extensionHostProcess.js:127:32236)
    at MessagePortMain.<anonymous> (/var/lib/snapd/snap/code/133/usr/share/code/resources/app/out/vs/workbench/api/node/extensionHostProcess.js:127:28665)
    at MessagePortMain.emit (node:events:513:28)
    at Object.MessagePortMain._internalPort.emit (node:electron/js2c/utility_init:2:367) setContext undefined
2023-07-12 20:00:27.051 [info] Extension host with pid 4148 exiting with code 0
