2024-09-09 19:30:44.867 [info] Extension host with pid 1102428 started
2024-09-09 19:30:45.058 [info] ExtensionService#_doActivateExtension vscode.git-base, startup: true, activationEvent: '*', root cause: vscode.git
2024-09-09 19:30:45.060 [info] ExtensionService#_doActivateExtension formulahendry.auto-close-tag, startup: true, activationEvent: '*'
2024-09-09 19:30:45.061 [info] ExtensionService#_doActivateExtension formulahendry.auto-rename-tag, startup: true, activationEvent: '*'
2024-09-09 19:30:45.069 [info] ExtensionService#_doActivateExtension wayou.vscode-todo-highlight, startup: true, activationEvent: '*'
2024-09-09 19:30:45.084 [info] ExtensionService#_doActivateExtension vscode.git, startup: true, activationEvent: '*'
2024-09-09 19:30:45.104 [info] ExtensionService#_doActivateExtension vscode.github, startup: true, activationEvent: '*'
2024-09-09 19:30:45.181 [info] Eager extensions activated
2024-09-09 19:30:45.182 [info] ExtensionService#_doActivateExtension vscode.debug-auto-launch, startup: false, activationEvent: 'onStartupFinished'
2024-09-09 19:30:45.184 [info] ExtensionService#_doActivateExtension vscode.merge-conflict, startup: false, activationEvent: 'onStartupFinished'
2024-09-09 19:30:45.191 [info] ExtensionService#_doActivateExtension aaron-bond.better-comments, startup: false, activationEvent: 'onStartupFinished'
2024-09-09 19:30:45.196 [info] ExtensionService#_doActivateExtension alefragnani.Bookmarks, startup: false, activationEvent: 'onStartupFinished'
2024-09-09 19:30:45.201 [info] ExtensionService#_doActivateExtension alefragnani.project-manager, startup: false, activationEvent: 'onStartupFinished'
2024-09-09 19:30:45.205 [info] ExtensionService#_doActivateExtension Codeium.codeium, startup: false, activationEvent: 'onStartupFinished'
2024-09-09 19:30:45.339 [info] ExtensionService#_doActivateExtension dbaeumer.vscode-eslint, startup: false, activationEvent: 'onStartupFinished'
2024-09-09 19:30:45.351 [info] ExtensionService#_doActivateExtension dsznajder.es7-react-js-snippets, startup: false, activationEvent: 'onStartupFinished'
2024-09-09 19:30:45.487 [info] ExtensionService#_doActivateExtension eamodio.gitlens, startup: false, activationEvent: 'onStartupFinished'
2024-09-09 19:30:45.595 [info] ExtensionService#_doActivateExtension esbenp.prettier-vscode, startup: false, activationEvent: 'onStartupFinished'
2024-09-09 19:30:45.626 [info] ExtensionService#_doActivateExtension formulahendry.code-runner, startup: false, activationEvent: 'onStartupFinished'
2024-09-09 19:30:45.650 [info] ExtensionService#_doActivateExtension ms-vscode-remote.remote-containers, startup: false, activationEvent: 'onStartupFinished'
2024-09-09 19:30:45.723 [info] ExtensionService#_doActivateExtension streetsidesoftware.code-spell-checker, startup: false, activationEvent: 'onStartupFinished'
2024-09-09 19:30:45.756 [info] ExtensionService#_doActivateExtension vscode-icons-team.vscode-icons, startup: false, activationEvent: 'onStartupFinished'
2024-09-09 19:30:45.775 [info] ExtensionService#_doActivateExtension vscodevim.vim, startup: false, activationEvent: 'onStartupFinished'
2024-09-09 19:30:45.979 [info] ExtensionService#_doActivateExtension vscode.github-authentication, startup: false, activationEvent: 'onAuthenticationRequest:github'
2024-09-09 19:30:46.398 [info] ExtensionService#_doActivateExtension vscode.ipynb, startup: false, activationEvent: 'onNotebookSerializer:jupyter-notebook'
2024-09-09 19:30:46.465 [info] ExtensionService#_doActivateExtension ms-toolsai.jupyter, startup: false, activationEvent: 'onNotebook:jupyter-notebook'
2024-09-09 19:30:46.467 [info] ExtensionService#_doActivateExtension ms-toolsai.vscode-jupyter-cell-tags, startup: false, activationEvent: 'onNotebook:jupyter-notebook'
2024-09-09 19:30:46.470 [info] ExtensionService#_doActivateExtension ms-toolsai.vscode-jupyter-slideshow, startup: false, activationEvent: 'onNotebook:jupyter-notebook'
2024-09-09 19:30:47.026 [info] ExtensionService#_doActivateExtension ms-python.python, startup: false, activationEvent: 'api', root cause: ms-toolsai.jupyter
2024-09-09 19:30:47.248 [info] ExtensionService#_doActivateExtension ms-toolsai.jupyter-renderers, startup: false, activationEvent: 'api', root cause: ms-toolsai.jupyter
2024-09-09 19:30:47.271 [info] ExtensionService#_doActivateExtension vscode.emmet, startup: false, activationEvent: 'onLanguage'
2024-09-09 19:30:47.645 [info] ExtensionService#_doActivateExtension ms-python.debugpy, startup: false, activationEvent: 'onLanguage:python'
2024-09-09 19:30:47.661 [info] ExtensionService#_doActivateExtension ms-python.vscode-pylance, startup: false, activationEvent: 'onLanguage:python'
2024-09-09 19:30:49.813 [info] ExtensionService#_doActivateExtension vscode.microsoft-authentication, startup: false, activationEvent: 'onAuthenticationRequest:microsoft'
2024-09-09 21:51:29.242 [info] Extension host terminating: renderer closed the MessagePort
2024-09-09 21:51:29.366 [error] Canceled: Canceled
    at new D (/var/lib/snapd/snap/code/168/usr/share/code/resources/app/out/vs/workbench/api/node/extensionHostProcess.js:151:35235)
    at y.U (/var/lib/snapd/snap/code/168/usr/share/code/resources/app/out/vs/workbench/api/node/extensionHostProcess.js:158:6005)
    at Proxy.V.<computed>.F.charCodeAt.A.CharCode.DollarSign.V.<computed> (/var/lib/snapd/snap/code/168/usr/share/code/resources/app/out/vs/workbench/api/node/extensionHostProcess.js:158:3107)
    at h.g (/var/lib/snapd/snap/code/168/usr/share/code/resources/app/out/vs/workbench/api/node/extensionHostProcess.js:161:210015)
    at h.executeCommand (/var/lib/snapd/snap/code/168/usr/share/code/resources/app/out/vs/workbench/api/node/extensionHostProcess.js:161:209453)
    at C.registerCommand.description (/var/lib/snapd/snap/code/168/usr/share/code/resources/app/out/vs/workbench/api/node/extensionHostProcess.js:161:208777)
    at h (/var/lib/snapd/snap/code/168/usr/share/code/resources/app/out/vs/workbench/api/node/extensionHostProcess.js:161:210554)
    at h.g (/var/lib/snapd/snap/code/168/usr/share/code/resources/app/out/vs/workbench/api/node/extensionHostProcess.js:161:209546)
    at h.executeCommand (/var/lib/snapd/snap/code/168/usr/share/code/resources/app/out/vs/workbench/api/node/extensionHostProcess.js:161:209453)
    at Object.executeCommand (/var/lib/snapd/snap/code/168/usr/share/code/resources/app/out/vs/workbench/api/node/extensionHostProcess.js:171:30683)
    at w (/home/devilunraveled/.vscode/extensions/eamodio.gitlens-15.4.0/dist/gitlens.js:1488:39641)
    at c (/home/devilunraveled/.vscode/extensions/eamodio.gitlens-15.4.0/dist/gitlens.js:1488:44700)
    at ActionRunners._updateContextKeys (/home/devilunraveled/.vscode/extensions/eamodio.gitlens-15.4.0/dist/gitlens.js:1120:19640)
    at s (/home/devilunraveled/.vscode/extensions/eamodio.gitlens-15.4.0/dist/gitlens.js:1120:18084)
    at RegisteredActionRunner.unregister (/home/devilunraveled/.vscode/extensions/eamodio.gitlens-15.4.0/dist/gitlens.js:1120:18227)
    at RegisteredActionRunner.dispose (/home/devilunraveled/.vscode/extensions/eamodio.gitlens-15.4.0/dist/gitlens.js:1120:16881)
    at ActionRunners.dispose (/home/devilunraveled/.vscode/extensions/eamodio.gitlens-15.4.0/dist/gitlens.js:1120:17667)
    at /home/devilunraveled/.vscode/extensions/eamodio.gitlens-15.4.0/dist/gitlens.js:1446:20188
    at Array.forEach (<anonymous>)
    at Object.dispose (/home/devilunraveled/.vscode/extensions/eamodio.gitlens-15.4.0/dist/gitlens.js:1446:20170)
    at $ (/var/lib/snapd/snap/code/168/usr/share/code/resources/app/out/vs/workbench/api/node/extensionHostProcess.js:30:744)
    at /var/lib/snapd/snap/code/168/usr/share/code/resources/app/out/vs/workbench/api/node/extensionHostProcess.js:167:13607
    at /var/lib/snapd/snap/code/168/usr/share/code/resources/app/out/vs/workbench/api/node/extensionHostProcess.js:30:1112
    at Object.dispose (/var/lib/snapd/snap/code/168/usr/share/code/resources/app/out/vs/workbench/api/node/extensionHostProcess.js:11:11463)
    at m.eb (/var/lib/snapd/snap/code/168/usr/share/code/resources/app/out/vs/workbench/api/node/extensionHostProcess.js:167:10282)
    at /var/lib/snapd/snap/code/168/usr/share/code/resources/app/out/vs/workbench/api/node/extensionHostProcess.js:167:8153
    at Array.map (<anonymous>)
    at m.$ (/var/lib/snapd/snap/code/168/usr/share/code/resources/app/out/vs/workbench/api/node/extensionHostProcess.js:167:8140)
    at m.terminate (/var/lib/snapd/snap/code/168/usr/share/code/resources/app/out/vs/workbench/api/node/extensionHostProcess.js:167:8413)
    at $.terminate (/var/lib/snapd/snap/code/168/usr/share/code/resources/app/out/vs/workbench/api/node/extensionHostProcess.js:171:1513)
    at n (/var/lib/snapd/snap/code/168/usr/share/code/resources/app/out/vs/workbench/api/node/extensionHostProcess.js:184:10613)
    at MessagePortMain.<anonymous> (/var/lib/snapd/snap/code/168/usr/share/code/resources/app/out/vs/workbench/api/node/extensionHostProcess.js:184:6805)
    at MessagePortMain.emit (node:events:519:28)
    at MessagePortMain.emit (node:domain:488:12)
    at Object.MessagePortMain._internalPort.emit (node:electron/js2c/utility_init:2:2619) setContext undefined
2024-09-09 21:51:29.367 [error] Canceled: Canceled
    at new D (/var/lib/snapd/snap/code/168/usr/share/code/resources/app/out/vs/workbench/api/node/extensionHostProcess.js:151:35235)
    at y.U (/var/lib/snapd/snap/code/168/usr/share/code/resources/app/out/vs/workbench/api/node/extensionHostProcess.js:158:6005)
    at Proxy.V.<computed>.F.charCodeAt.A.CharCode.DollarSign.V.<computed> (/var/lib/snapd/snap/code/168/usr/share/code/resources/app/out/vs/workbench/api/node/extensionHostProcess.js:158:3107)
    at h.g (/var/lib/snapd/snap/code/168/usr/share/code/resources/app/out/vs/workbench/api/node/extensionHostProcess.js:161:210015)
    at h.executeCommand (/var/lib/snapd/snap/code/168/usr/share/code/resources/app/out/vs/workbench/api/node/extensionHostProcess.js:161:209453)
    at C.registerCommand.description (/var/lib/snapd/snap/code/168/usr/share/code/resources/app/out/vs/workbench/api/node/extensionHostProcess.js:161:208777)
    at h (/var/lib/snapd/snap/code/168/usr/share/code/resources/app/out/vs/workbench/api/node/extensionHostProcess.js:161:210554)
    at h.g (/var/lib/snapd/snap/code/168/usr/share/code/resources/app/out/vs/workbench/api/node/extensionHostProcess.js:161:209546)
    at h.executeCommand (/var/lib/snapd/snap/code/168/usr/share/code/resources/app/out/vs/workbench/api/node/extensionHostProcess.js:161:209453)
    at Object.executeCommand (/var/lib/snapd/snap/code/168/usr/share/code/resources/app/out/vs/workbench/api/node/extensionHostProcess.js:171:30683)
    at w (/home/devilunraveled/.vscode/extensions/eamodio.gitlens-15.4.0/dist/gitlens.js:1488:39641)
    at c (/home/devilunraveled/.vscode/extensions/eamodio.gitlens-15.4.0/dist/gitlens.js:1488:44700)
    at ActionRunners._updateContextKeys (/home/devilunraveled/.vscode/extensions/eamodio.gitlens-15.4.0/dist/gitlens.js:1120:19640)
    at s (/home/devilunraveled/.vscode/extensions/eamodio.gitlens-15.4.0/dist/gitlens.js:1120:18084)
    at RegisteredActionRunner.unregister (/home/devilunraveled/.vscode/extensions/eamodio.gitlens-15.4.0/dist/gitlens.js:1120:18227)
    at RegisteredActionRunner.dispose (/home/devilunraveled/.vscode/extensions/eamodio.gitlens-15.4.0/dist/gitlens.js:1120:16881)
    at ActionRunners.dispose (/home/devilunraveled/.vscode/extensions/eamodio.gitlens-15.4.0/dist/gitlens.js:1120:17667)
    at /home/devilunraveled/.vscode/extensions/eamodio.gitlens-15.4.0/dist/gitlens.js:1446:20188
    at Array.forEach (<anonymous>)
    at Object.dispose (/home/devilunraveled/.vscode/extensions/eamodio.gitlens-15.4.0/dist/gitlens.js:1446:20170)
    at $ (/var/lib/snapd/snap/code/168/usr/share/code/resources/app/out/vs/workbench/api/node/extensionHostProcess.js:30:744)
    at /var/lib/snapd/snap/code/168/usr/share/code/resources/app/out/vs/workbench/api/node/extensionHostProcess.js:167:13607
    at /var/lib/snapd/snap/code/168/usr/share/code/resources/app/out/vs/workbench/api/node/extensionHostProcess.js:30:1112
    at Object.dispose (/var/lib/snapd/snap/code/168/usr/share/code/resources/app/out/vs/workbench/api/node/extensionHostProcess.js:11:11463)
    at m.eb (/var/lib/snapd/snap/code/168/usr/share/code/resources/app/out/vs/workbench/api/node/extensionHostProcess.js:167:10282)
    at /var/lib/snapd/snap/code/168/usr/share/code/resources/app/out/vs/workbench/api/node/extensionHostProcess.js:167:8153
    at Array.map (<anonymous>)
    at m.$ (/var/lib/snapd/snap/code/168/usr/share/code/resources/app/out/vs/workbench/api/node/extensionHostProcess.js:167:8140)
    at m.terminate (/var/lib/snapd/snap/code/168/usr/share/code/resources/app/out/vs/workbench/api/node/extensionHostProcess.js:167:8413)
    at $.terminate (/var/lib/snapd/snap/code/168/usr/share/code/resources/app/out/vs/workbench/api/node/extensionHostProcess.js:171:1513)
    at n (/var/lib/snapd/snap/code/168/usr/share/code/resources/app/out/vs/workbench/api/node/extensionHostProcess.js:184:10613)
    at MessagePortMain.<anonymous> (/var/lib/snapd/snap/code/168/usr/share/code/resources/app/out/vs/workbench/api/node/extensionHostProcess.js:184:6805)
    at MessagePortMain.emit (node:events:519:28)
    at MessagePortMain.emit (node:domain:488:12)
    at Object.MessagePortMain._internalPort.emit (node:electron/js2c/utility_init:2:2619) setContext undefined
2024-09-09 21:51:29.367 [error] Canceled: Canceled
    at new D (/var/lib/snapd/snap/code/168/usr/share/code/resources/app/out/vs/workbench/api/node/extensionHostProcess.js:151:35235)
    at y.U (/var/lib/snapd/snap/code/168/usr/share/code/resources/app/out/vs/workbench/api/node/extensionHostProcess.js:158:6005)
    at Proxy.V.<computed>.F.charCodeAt.A.CharCode.DollarSign.V.<computed> (/var/lib/snapd/snap/code/168/usr/share/code/resources/app/out/vs/workbench/api/node/extensionHostProcess.js:158:3107)
    at h.g (/var/lib/snapd/snap/code/168/usr/share/code/resources/app/out/vs/workbench/api/node/extensionHostProcess.js:161:210015)
    at h.executeCommand (/var/lib/snapd/snap/code/168/usr/share/code/resources/app/out/vs/workbench/api/node/extensionHostProcess.js:161:209453)
    at C.registerCommand.description (/var/lib/snapd/snap/code/168/usr/share/code/resources/app/out/vs/workbench/api/node/extensionHostProcess.js:161:208777)
    at h (/var/lib/snapd/snap/code/168/usr/share/code/resources/app/out/vs/workbench/api/node/extensionHostProcess.js:161:210554)
    at h.g (/var/lib/snapd/snap/code/168/usr/share/code/resources/app/out/vs/workbench/api/node/extensionHostProcess.js:161:209546)
    at h.executeCommand (/var/lib/snapd/snap/code/168/usr/share/code/resources/app/out/vs/workbench/api/node/extensionHostProcess.js:161:209453)
    at Object.executeCommand (/var/lib/snapd/snap/code/168/usr/share/code/resources/app/out/vs/workbench/api/node/extensionHostProcess.js:171:30683)
    at w (/home/devilunraveled/.vscode/extensions/eamodio.gitlens-15.4.0/dist/gitlens.js:1488:39641)
    at c (/home/devilunraveled/.vscode/extensions/eamodio.gitlens-15.4.0/dist/gitlens.js:1488:44700)
    at ActionRunners._updateContextKeys (/home/devilunraveled/.vscode/extensions/eamodio.gitlens-15.4.0/dist/gitlens.js:1120:19640)
    at s (/home/devilunraveled/.vscode/extensions/eamodio.gitlens-15.4.0/dist/gitlens.js:1120:18084)
    at RegisteredActionRunner.unregister (/home/devilunraveled/.vscode/extensions/eamodio.gitlens-15.4.0/dist/gitlens.js:1120:18227)
    at RegisteredActionRunner.dispose (/home/devilunraveled/.vscode/extensions/eamodio.gitlens-15.4.0/dist/gitlens.js:1120:16881)
    at ActionRunners.dispose (/home/devilunraveled/.vscode/extensions/eamodio.gitlens-15.4.0/dist/gitlens.js:1120:17667)
    at /home/devilunraveled/.vscode/extensions/eamodio.gitlens-15.4.0/dist/gitlens.js:1446:20188
    at Array.forEach (<anonymous>)
    at Object.dispose (/home/devilunraveled/.vscode/extensions/eamodio.gitlens-15.4.0/dist/gitlens.js:1446:20170)
    at $ (/var/lib/snapd/snap/code/168/usr/share/code/resources/app/out/vs/workbench/api/node/extensionHostProcess.js:30:744)
    at /var/lib/snapd/snap/code/168/usr/share/code/resources/app/out/vs/workbench/api/node/extensionHostProcess.js:167:13607
    at /var/lib/snapd/snap/code/168/usr/share/code/resources/app/out/vs/workbench/api/node/extensionHostProcess.js:30:1112
    at Object.dispose (/var/lib/snapd/snap/code/168/usr/share/code/resources/app/out/vs/workbench/api/node/extensionHostProcess.js:11:11463)
    at m.eb (/var/lib/snapd/snap/code/168/usr/share/code/resources/app/out/vs/workbench/api/node/extensionHostProcess.js:167:10282)
    at /var/lib/snapd/snap/code/168/usr/share/code/resources/app/out/vs/workbench/api/node/extensionHostProcess.js:167:8153
    at Array.map (<anonymous>)
    at m.$ (/var/lib/snapd/snap/code/168/usr/share/code/resources/app/out/vs/workbench/api/node/extensionHostProcess.js:167:8140)
    at m.terminate (/var/lib/snapd/snap/code/168/usr/share/code/resources/app/out/vs/workbench/api/node/extensionHostProcess.js:167:8413)
    at $.terminate (/var/lib/snapd/snap/code/168/usr/share/code/resources/app/out/vs/workbench/api/node/extensionHostProcess.js:171:1513)
    at n (/var/lib/snapd/snap/code/168/usr/share/code/resources/app/out/vs/workbench/api/node/extensionHostProcess.js:184:10613)
    at MessagePortMain.<anonymous> (/var/lib/snapd/snap/code/168/usr/share/code/resources/app/out/vs/workbench/api/node/extensionHostProcess.js:184:6805)
    at MessagePortMain.emit (node:events:519:28)
    at MessagePortMain.emit (node:domain:488:12)
    at Object.MessagePortMain._internalPort.emit (node:electron/js2c/utility_init:2:2619) setContext undefined
2024-09-09 21:51:29.368 [error] Canceled: Canceled
    at new D (/var/lib/snapd/snap/code/168/usr/share/code/resources/app/out/vs/workbench/api/node/extensionHostProcess.js:151:35235)
    at y.U (/var/lib/snapd/snap/code/168/usr/share/code/resources/app/out/vs/workbench/api/node/extensionHostProcess.js:158:6005)
    at Proxy.V.<computed>.F.charCodeAt.A.CharCode.DollarSign.V.<computed> (/var/lib/snapd/snap/code/168/usr/share/code/resources/app/out/vs/workbench/api/node/extensionHostProcess.js:158:3107)
    at h.g (/var/lib/snapd/snap/code/168/usr/share/code/resources/app/out/vs/workbench/api/node/extensionHostProcess.js:161:210015)
    at h.executeCommand (/var/lib/snapd/snap/code/168/usr/share/code/resources/app/out/vs/workbench/api/node/extensionHostProcess.js:161:209453)
    at C.registerCommand.description (/var/lib/snapd/snap/code/168/usr/share/code/resources/app/out/vs/workbench/api/node/extensionHostProcess.js:161:208777)
    at h (/var/lib/snapd/snap/code/168/usr/share/code/resources/app/out/vs/workbench/api/node/extensionHostProcess.js:161:210554)
    at h.g (/var/lib/snapd/snap/code/168/usr/share/code/resources/app/out/vs/workbench/api/node/extensionHostProcess.js:161:209546)
    at h.executeCommand (/var/lib/snapd/snap/code/168/usr/share/code/resources/app/out/vs/workbench/api/node/extensionHostProcess.js:161:209453)
    at Object.executeCommand (/var/lib/snapd/snap/code/168/usr/share/code/resources/app/out/vs/workbench/api/node/extensionHostProcess.js:171:30683)
    at zt.set (/home/devilunraveled/.vscode/extensions/ms-toolsai.jupyter-2024.8.0-linux-x64/dist/extension.node.js:304:165035)
    at eI.updateContextOfActiveNotebookKernel (/home/devilunraveled/.vscode/extensions/ms-toolsai.jupyter-2024.8.0-linux-x64/dist/extension.node.js:373:11480)
    at eI.onDidKernelStatusChange (/home/devilunraveled/.vscode/extensions/ms-toolsai.jupyter-2024.8.0-linux-x64/dist/extension.node.js:373:13070)
    at r.B (/var/lib/snapd/snap/code/168/usr/share/code/resources/app/out/vs/workbench/api/node/extensionHostProcess.js:90:732)
    at r.C (/var/lib/snapd/snap/code/168/usr/share/code/resources/app/out/vs/workbench/api/node/extensionHostProcess.js:90:802)
    at r.fire (/var/lib/snapd/snap/code/168/usr/share/code/resources/app/out/vs/workbench/api/node/extensionHostProcess.js:90:1018)
    at hy.<anonymous> (/home/devilunraveled/.vscode/extensions/ms-toolsai.jupyter-2024.8.0-linux-x64/dist/extension.node.js:299:2825)
    at r.B (/var/lib/snapd/snap/code/168/usr/share/code/resources/app/out/vs/workbench/api/node/extensionHostProcess.js:90:732)
    at r.C (/var/lib/snapd/snap/code/168/usr/share/code/resources/app/out/vs/workbench/api/node/extensionHostProcess.js:90:802)
    at r.fire (/var/lib/snapd/snap/code/168/usr/share/code/resources/app/out/vs/workbench/api/node/extensionHostProcess.js:90:1018)
    at e (/home/devilunraveled/.vscode/extensions/ms-toolsai.jupyter-2024.8.0-linux-x64/dist/extension.node.js:285:31911)
    at r_.dispose (/home/devilunraveled/.vscode/extensions/ms-toolsai.jupyter-2024.8.0-linux-x64/dist/extension.node.js:285:32034)
    at /home/devilunraveled/.vscode/extensions/ms-toolsai.jupyter-2024.8.0-linux-x64/dist/extension.node.js:183:1926
    at Array.map (<anonymous>)
    at vg.dispose (/home/devilunraveled/.vscode/extensions/ms-toolsai.jupyter-2024.8.0-linux-x64/dist/extension.node.js:183:1917)
    at Object.Yfe (/home/devilunraveled/.vscode/extensions/ms-toolsai.jupyter-2024.8.0-linux-x64/dist/extension.node.js:436:3754)
    at Object.m (/home/devilunraveled/.vscode/extensions/ms-toolsai.jupyter-2024.8.0-linux-x64/dist/extension.node.proxy.js:1:1025)
    at m.eb (/var/lib/snapd/snap/code/168/usr/share/code/resources/app/out/vs/workbench/api/node/extensionHostProcess.js:167:10082)
    at /var/lib/snapd/snap/code/168/usr/share/code/resources/app/out/vs/workbench/api/node/extensionHostProcess.js:167:8153
    at Array.map (<anonymous>)
    at m.$ (/var/lib/snapd/snap/code/168/usr/share/code/resources/app/out/vs/workbench/api/node/extensionHostProcess.js:167:8140)
    at m.terminate (/var/lib/snapd/snap/code/168/usr/share/code/resources/app/out/vs/workbench/api/node/extensionHostProcess.js:167:8413)
    at $.terminate (/var/lib/snapd/snap/code/168/usr/share/code/resources/app/out/vs/workbench/api/node/extensionHostProcess.js:171:1513)
    at n (/var/lib/snapd/snap/code/168/usr/share/code/resources/app/out/vs/workbench/api/node/extensionHostProcess.js:184:10613)
    at MessagePortMain.<anonymous> (/var/lib/snapd/snap/code/168/usr/share/code/resources/app/out/vs/workbench/api/node/extensionHostProcess.js:184:6805)
    at MessagePortMain.emit (node:events:519:28)
    at MessagePortMain.emit (node:domain:488:12)
    at Object.MessagePortMain._internalPort.emit (node:electron/js2c/utility_init:2:2619) setContext undefined
2024-09-09 21:51:29.369 [error] Canceled: Canceled
    at new D (/var/lib/snapd/snap/code/168/usr/share/code/resources/app/out/vs/workbench/api/node/extensionHostProcess.js:151:35235)
    at y.U (/var/lib/snapd/snap/code/168/usr/share/code/resources/app/out/vs/workbench/api/node/extensionHostProcess.js:158:6005)
    at Proxy.V.<computed>.F.charCodeAt.A.CharCode.DollarSign.V.<computed> (/var/lib/snapd/snap/code/168/usr/share/code/resources/app/out/vs/workbench/api/node/extensionHostProcess.js:158:3107)
    at h.g (/var/lib/snapd/snap/code/168/usr/share/code/resources/app/out/vs/workbench/api/node/extensionHostProcess.js:161:210015)
    at h.executeCommand (/var/lib/snapd/snap/code/168/usr/share/code/resources/app/out/vs/workbench/api/node/extensionHostProcess.js:161:209453)
    at C.registerCommand.description (/var/lib/snapd/snap/code/168/usr/share/code/resources/app/out/vs/workbench/api/node/extensionHostProcess.js:161:208777)
    at h (/var/lib/snapd/snap/code/168/usr/share/code/resources/app/out/vs/workbench/api/node/extensionHostProcess.js:161:210554)
    at h.g (/var/lib/snapd/snap/code/168/usr/share/code/resources/app/out/vs/workbench/api/node/extensionHostProcess.js:161:209546)
    at h.executeCommand (/var/lib/snapd/snap/code/168/usr/share/code/resources/app/out/vs/workbench/api/node/extensionHostProcess.js:161:209453)
    at Object.executeCommand (/var/lib/snapd/snap/code/168/usr/share/code/resources/app/out/vs/workbench/api/node/extensionHostProcess.js:171:30683)
    at zt.set (/home/devilunraveled/.vscode/extensions/ms-toolsai.jupyter-2024.8.0-linux-x64/dist/extension.node.js:304:165035)
    at Rb.dispose (/home/devilunraveled/.vscode/extensions/ms-toolsai.jupyter-2024.8.0-linux-x64/dist/extension.node.js:342:8095)
    at $ (/var/lib/snapd/snap/code/168/usr/share/code/resources/app/out/vs/workbench/api/node/extensionHostProcess.js:30:744)
    at /var/lib/snapd/snap/code/168/usr/share/code/resources/app/out/vs/workbench/api/node/extensionHostProcess.js:167:13607
    at /var/lib/snapd/snap/code/168/usr/share/code/resources/app/out/vs/workbench/api/node/extensionHostProcess.js:30:1112
    at Object.dispose (/var/lib/snapd/snap/code/168/usr/share/code/resources/app/out/vs/workbench/api/node/extensionHostProcess.js:11:11463)
    at m.eb (/var/lib/snapd/snap/code/168/usr/share/code/resources/app/out/vs/workbench/api/node/extensionHostProcess.js:167:10282)
    at /var/lib/snapd/snap/code/168/usr/share/code/resources/app/out/vs/workbench/api/node/extensionHostProcess.js:167:8153
    at Array.map (<anonymous>)
    at m.$ (/var/lib/snapd/snap/code/168/usr/share/code/resources/app/out/vs/workbench/api/node/extensionHostProcess.js:167:8140)
    at m.terminate (/var/lib/snapd/snap/code/168/usr/share/code/resources/app/out/vs/workbench/api/node/extensionHostProcess.js:167:8413)
    at $.terminate (/var/lib/snapd/snap/code/168/usr/share/code/resources/app/out/vs/workbench/api/node/extensionHostProcess.js:171:1513)
    at n (/var/lib/snapd/snap/code/168/usr/share/code/resources/app/out/vs/workbench/api/node/extensionHostProcess.js:184:10613)
    at MessagePortMain.<anonymous> (/var/lib/snapd/snap/code/168/usr/share/code/resources/app/out/vs/workbench/api/node/extensionHostProcess.js:184:6805)
    at MessagePortMain.emit (node:events:519:28)
    at MessagePortMain.emit (node:domain:488:12)
    at Object.MessagePortMain._internalPort.emit (node:electron/js2c/utility_init:2:2619) setContext undefined
2024-09-09 21:51:29.388 [info] Extension host with pid 1102428 exiting with code 0
