2023-02-25 08:45:57.091 [info] Log level: Info
2023-02-25 08:45:57.091 [info] Validating found git in: "git"
2023-02-25 08:45:57.091 [info] Using git "2.39.2" from "git"
2023-02-25 08:45:57.091 [info] > git rev-parse --show-toplevel [3ms]
2023-02-25 08:45:57.091 [info] fatal: not a git repository (or any of the parent directories): .git
2023-02-25 08:45:57.091 [info] > git rev-parse --show-toplevel [1ms]
2023-02-25 08:45:57.091 [info] fatal: not a git repository (or any of the parent directories): .git
2023-02-25 08:45:57.091 [info] > git rev-parse --show-toplevel [0ms]
2023-02-25 08:45:57.091 [info] fatal: not a git repository (or any of the parent directories): .git
2023-02-25 08:45:57.091 [info] > git rev-parse --show-toplevel [1ms]
2023-02-25 08:45:57.091 [info] fatal: not a git repository (or any of the parent directories): .git
2023-02-25 08:45:57.091 [info] > git rev-parse --show-toplevel [2ms]
2023-02-25 08:45:57.091 [info] > git rev-parse --git-dir --git-common-dir [1ms]
2023-02-25 08:45:57.091 [info] Open repository: /home/devilunraveled/DASS/Assignment 1/frontend/frontend
2023-02-25 08:45:57.091 [info] > git rev-parse --show-toplevel [4ms]
2023-02-25 08:45:57.091 [info] fatal: not a git repository (or any of the parent directories): .git
2023-02-25 08:45:57.091 [info] > git config --get commit.template [2ms]
2023-02-25 08:45:57.091 [info] > git for-each-ref --format=%(refname)%00%(upstream:short)%00%(objectname)%00%(upstream:track)%00%(upstream:remotename)%00%(upstream:remoteref) refs/heads/main refs/remotes/main [5ms]
2023-02-25 08:45:57.091 [info] > git for-each-ref --sort -committerdate --format %(refname) %(objectname) %(*objectname) [1ms]
2023-02-25 08:45:57.091 [info] > git status -z -uall [9ms]
2023-02-25 08:45:57.091 [info] > git config --get commit.template [1ms]
2023-02-25 08:45:57.091 [info] > git for-each-ref --format=%(refname)%00%(upstream:short)%00%(objectname)%00%(upstream:track)%00%(upstream:remotename)%00%(upstream:remoteref) refs/heads/main refs/remotes/main [2ms]
2023-02-25 08:45:57.091 [info] > git status -z -uall [7ms]
2023-02-25 08:45:57.091 [info] > git for-each-ref --sort -committerdate --format %(refname) %(objectname) %(*objectname) [3ms]
2023-02-25 08:45:57.091 [info] > git rev-parse --show-toplevel [6ms]
2023-02-25 08:45:57.091 [info] fatal: not a git repository (or any of the parent directories): .git
2023-02-25 08:45:57.436 [info] > git rev-parse --show-toplevel [77ms]
2023-02-25 08:45:57.436 [info] fatal: not a git repository (or any of the parent directories): .git
2023-02-25 08:45:57.598 [info] > git check-ignore -v -z --stdin [18ms]
2023-02-25 08:46:45.109 [info] > git config --get commit.template [2ms]
2023-02-25 08:46:45.123 [info] > git for-each-ref --format=%(refname)%00%(upstream:short)%00%(objectname)%00%(upstream:track)%00%(upstream:remotename)%00%(upstream:remoteref) refs/heads/main refs/remotes/main [2ms]
2023-02-25 08:46:45.142 [info] > git status -z -uall [9ms]
2023-02-25 08:46:45.144 [info] > git for-each-ref --sort -committerdate --format %(refname) %(objectname) %(*objectname) [4ms]
2023-02-25 08:46:53.821 [info] > git rev-parse --show-toplevel [20ms]
2023-02-25 08:46:53.821 [info] fatal: not a git repository (or any of the parent directories): .git
2023-02-25 08:47:25.454 [info] > git check-ignore -v -z --stdin [1ms]
