2023-02-25 01:45:31.275 [info] Log level: Info
2023-02-25 01:45:31.275 [info] Validating found git in: "git"
2023-02-25 01:45:31.275 [info] Using git "2.39.2" from "git"
2023-02-25 01:45:31.275 [info] > git rev-parse --show-toplevel [4ms]
2023-02-25 01:45:31.275 [info] fatal: not a git repository (or any of the parent directories): .git
2023-02-25 01:45:31.275 [info] > git rev-parse --show-toplevel [4ms]
2023-02-25 01:45:31.275 [info] fatal: not a git repository (or any of the parent directories): .git
2023-02-25 01:45:31.275 [info] > git rev-parse --show-toplevel [2ms]
2023-02-25 01:45:31.275 [info] fatal: not a git repository (or any of the parent directories): .git
2023-02-25 01:45:31.275 [info] > git rev-parse --show-toplevel [13ms]
2023-02-25 01:45:31.275 [info] fatal: not a git repository (or any of the parent directories): .git
2023-02-25 01:45:31.275 [info] > git rev-parse --show-toplevel [8ms]
2023-02-25 01:45:31.275 [info] fatal: not a git repository (or any of the parent directories): .git
2023-02-25 01:45:31.275 [info] > git rev-parse --show-toplevel [1ms]
2023-02-25 01:45:31.279 [info] > git rev-parse --git-dir --git-common-dir [0ms]
2023-02-25 01:45:31.283 [info] Open repository: /home/devilunraveled/DASS/Assignment 1/frontend/frontend
2023-02-25 01:45:31.291 [info] > git rev-parse --show-toplevel [3ms]
2023-02-25 01:45:31.291 [info] fatal: not a git repository (or any of the parent directories): .git
2023-02-25 01:45:31.292 [info] > git config --get commit.template [2ms]
2023-02-25 01:45:31.306 [info] > git rev-parse --show-toplevel [2ms]
2023-02-25 01:45:31.306 [info] fatal: not a git repository (or any of the parent directories): .git
2023-02-25 01:45:31.306 [info] > git for-each-ref --format=%(refname)%00%(upstream:short)%00%(objectname)%00%(upstream:track)%00%(upstream:remotename)%00%(upstream:remoteref) refs/heads/main refs/remotes/main [11ms]
2023-02-25 01:45:31.315 [info] > git for-each-ref --sort -committerdate --format %(refname) %(objectname) %(*objectname) [1ms]
2023-02-25 01:45:31.320 [info] > git status -z -uall [11ms]
2023-02-25 01:45:31.668 [info] > git config --get commit.template [341ms]
2023-02-25 01:45:31.798 [info] > git rev-parse --show-toplevel [94ms]
2023-02-25 01:45:31.798 [info] fatal: not a git repository (or any of the parent directories): .git
2023-02-25 01:45:31.910 [info] > git rev-parse --show-toplevel [106ms]
2023-02-25 01:45:31.910 [info] fatal: not a git repository (or any of the parent directories): .git
2023-02-25 01:45:31.912 [info] > git for-each-ref --format=%(refname)%00%(upstream:short)%00%(objectname)%00%(upstream:track)%00%(upstream:remotename)%00%(upstream:remoteref) refs/heads/main refs/remotes/main [135ms]
2023-02-25 01:45:31.969 [info] > git status -z -uall [50ms]
2023-02-25 01:45:31.970 [info] > git for-each-ref --sort -committerdate --format %(refname) %(objectname) %(*objectname) [44ms]
2023-02-25 01:45:32.081 [info] > git rev-parse --show-toplevel [17ms]
2023-02-25 01:45:32.081 [info] fatal: not a git repository (or any of the parent directories): .git
2023-02-25 01:45:32.217 [info] > git check-ignore -v -z --stdin [15ms]
2023-02-25 01:48:15.819 [info] > git check-ignore -v -z --stdin [4ms]
2023-02-25 01:48:19.013 [info] > git check-ignore -v -z --stdin [1ms]
2023-02-25 01:49:18.986 [info] > git rev-parse --show-toplevel [4ms]
2023-02-25 01:49:18.986 [info] fatal: not a git repository (or any of the parent directories): .git
2023-02-25 01:59:16.401 [info] > git show --textconv :logo.svg [18ms]
2023-02-25 01:59:16.402 [info] > git ls-files --stage -- /home/devilunraveled/DASS/Assignment 1/frontend/frontend/logo.svg [2ms]
2023-02-25 01:59:16.449 [info] > git cat-file -s 09496c774aae08f241b76b82e6d655aa5f940e37 [33ms]
2023-02-25 02:08:41.495 [info] > git rev-parse --show-toplevel [6ms]
2023-02-25 02:08:41.495 [info] fatal: not a git repository (or any of the parent directories): .git
2023-02-25 02:10:38.736 [info] > git rev-parse --show-toplevel [7ms]
2023-02-25 02:10:38.736 [info] fatal: not a git repository (or any of the parent directories): .git
2023-02-25 02:10:48.715 [info] > git rev-parse --show-toplevel [7ms]
2023-02-25 02:10:48.715 [info] fatal: not a git repository (or any of the parent directories): .git
