2023-10-25 13:58:41.868 [info] Extension host with pid 31767 started
2023-10-25 13:58:41.868 [info] Skipping acquiring lock for /home/devilunraveled/.config/Code/User/workspaceStorage/f8d73a25f9eb0ae59723782aa92cf87d.
2023-10-25 13:58:42.313 [info] ExtensionService#_doActivateExtension mongodb.mongodb-vscode, startup: false, activationEvent: 'onLanguage:plaintext'
2023-10-25 13:58:43.082 [info] ExtensionService#_doActivateExtension vscode.emmet, startup: false, activationEvent: 'onLanguage'
2023-10-25 13:58:43.105 [info] ExtensionService#_doActivateExtension ms-azuretools.vscode-docker, startup: false, activationEvent: 'onLanguage:dockercompose'
2023-10-25 13:58:43.321 [info] ExtensionService#_doActivateExtension vscode.typescript-language-features, startup: false, activationEvent: 'onLanguage:javascript'
2023-10-25 13:58:43.373 [info] ExtensionService#_doActivateExtension dsznajder.es7-react-js-snippets, startup: false, activationEvent: 'onLanguage:javascript'
2023-10-25 13:58:43.922 [info] ExtensionService#_doActivateExtension vscode.git-base, startup: true, activationEvent: '*', root cause: vscode.git
2023-10-25 13:58:43.927 [info] ExtensionService#_doActivateExtension formulahendry.auto-close-tag, startup: true, activationEvent: '*'
2023-10-25 13:58:43.931 [info] ExtensionService#_doActivateExtension formulahendry.auto-rename-tag, startup: true, activationEvent: '*'
2023-10-25 13:58:43.978 [info] ExtensionService#_doActivateExtension TabNine.tabnine-vscode, startup: true, activationEvent: '*'
2023-10-25 13:58:44.050 [info] ExtensionService#_doActivateExtension vscodevim.vim, startup: true, activationEvent: '*'
2023-10-25 13:58:44.150 [info] ExtensionService#_doActivateExtension wayou.vscode-todo-highlight, startup: true, activationEvent: '*'
2023-10-25 13:58:44.526 [info] ExtensionService#_doActivateExtension vscode.github-authentication, startup: false, activationEvent: 'onAuthenticationRequest:github'
2023-10-25 13:58:44.641 [info] ExtensionService#_doActivateExtension vscode.git, startup: true, activationEvent: '*'
2023-10-25 13:58:44.729 [info] ExtensionService#_doActivateExtension vscode.github, startup: true, activationEvent: '*'
2023-10-25 13:58:44.764 [info] ExtensionService#_doActivateExtension vscode.json-language-features, startup: false, activationEvent: 'onLanguage:jsonc'
2023-10-25 13:58:45.237 [info] ExtensionService#_doActivateExtension vscode.microsoft-authentication, startup: false, activationEvent: 'onAuthenticationRequest:microsoft'
2023-10-25 13:58:45.283 [info] Eager extensions activated
2023-10-25 13:58:45.346 [info] ExtensionService#_doActivateExtension vscode.debug-auto-launch, startup: false, activationEvent: 'onStartupFinished'
2023-10-25 13:58:45.350 [info] ExtensionService#_doActivateExtension vscode.merge-conflict, startup: false, activationEvent: 'onStartupFinished'
2023-10-25 13:58:45.375 [info] ExtensionService#_doActivateExtension aaron-bond.better-comments, startup: false, activationEvent: 'onStartupFinished'
2023-10-25 13:58:45.391 [info] ExtensionService#_doActivateExtension alefragnani.Bookmarks, startup: false, activationEvent: 'onStartupFinished'
2023-10-25 13:58:45.403 [info] ExtensionService#_doActivateExtension alefragnani.project-manager, startup: false, activationEvent: 'onStartupFinished'
2023-10-25 13:58:45.421 [info] ExtensionService#_doActivateExtension dbaeumer.vscode-eslint, startup: false, activationEvent: 'onStartupFinished'
2023-10-25 13:58:45.452 [info] ExtensionService#_doActivateExtension eamodio.gitlens, startup: false, activationEvent: 'onStartupFinished'
2023-10-25 13:58:45.568 [info] ExtensionService#_doActivateExtension esbenp.prettier-vscode, startup: false, activationEvent: 'onStartupFinished'
2023-10-25 13:58:45.662 [info] ExtensionService#_doActivateExtension formulahendry.code-runner, startup: false, activationEvent: 'onStartupFinished'
2023-10-25 13:58:45.706 [info] ExtensionService#_doActivateExtension ms-vscode-remote.remote-containers, startup: false, activationEvent: 'onStartupFinished'
2023-10-25 13:58:45.789 [info] ExtensionService#_doActivateExtension streetsidesoftware.code-spell-checker, startup: false, activationEvent: 'onStartupFinished'
2023-10-25 13:58:45.870 [info] ExtensionService#_doActivateExtension vscode-icons-team.vscode-icons, startup: false, activationEvent: 'onStartupFinished'
2023-10-25 13:58:51.340 [warning] TextEditor is closed/disposed
2023-10-25 13:58:51.340 [warning] TextEditor is closed/disposed
2023-10-25 13:58:51.340 [warning] TextEditor is closed/disposed
2023-10-25 13:59:26.251 [info] Extension host terminating: renderer closed the MessagePort
2023-10-25 13:59:26.314 [error] Canceled: Canceled
    at new g (/var/lib/snapd/snap/code/143/usr/share/code/resources/app/out/vs/workbench/api/node/extensionHostProcess.js:125:57216)
    at i.U (/var/lib/snapd/snap/code/143/usr/share/code/resources/app/out/vs/workbench/api/node/extensionHostProcess.js:134:10864)
    at Proxy.M.<computed>.j.charCodeAt.M.<computed> (/var/lib/snapd/snap/code/143/usr/share/code/resources/app/out/vs/workbench/api/node/extensionHostProcess.js:134:8315)
    at n.g (/var/lib/snapd/snap/code/143/usr/share/code/resources/app/out/vs/workbench/api/node/extensionHostProcess.js:125:83747)
    at n.executeCommand (/var/lib/snapd/snap/code/143/usr/share/code/resources/app/out/vs/workbench/api/node/extensionHostProcess.js:125:83185)
    at b.registerCommand.description (/var/lib/snapd/snap/code/143/usr/share/code/resources/app/out/vs/workbench/api/node/extensionHostProcess.js:125:82506)
    at n.h (/var/lib/snapd/snap/code/143/usr/share/code/resources/app/out/vs/workbench/api/node/extensionHostProcess.js:125:84283)
    at n.g (/var/lib/snapd/snap/code/143/usr/share/code/resources/app/out/vs/workbench/api/node/extensionHostProcess.js:125:83278)
    at n.executeCommand (/var/lib/snapd/snap/code/143/usr/share/code/resources/app/out/vs/workbench/api/node/extensionHostProcess.js:125:83185)
    at Object.executeCommand (/var/lib/snapd/snap/code/143/usr/share/code/resources/app/out/vs/workbench/api/node/extensionHostProcess.js:140:21282)
    at g (/home/devilunraveled/.vscode/extensions/eamodio.gitlens-14.1.1/dist/gitlens.js:1:941964)
    at c (/home/devilunraveled/.vscode/extensions/eamodio.gitlens-14.1.1/dist/gitlens.js:1:946605)
    at ActionRunners._updateContextKeys (/home/devilunraveled/.vscode/extensions/eamodio.gitlens-14.1.1/dist/gitlens.js:1:37873)
    at s (/home/devilunraveled/.vscode/extensions/eamodio.gitlens-14.1.1/dist/gitlens.js:1:36292)
    at RegisteredActionRunner.unregister (/home/devilunraveled/.vscode/extensions/eamodio.gitlens-14.1.1/dist/gitlens.js:1:36436)
    at RegisteredActionRunner.dispose (/home/devilunraveled/.vscode/extensions/eamodio.gitlens-14.1.1/dist/gitlens.js:1:35101)
    at ActionRunners.dispose (/home/devilunraveled/.vscode/extensions/eamodio.gitlens-14.1.1/dist/gitlens.js:1:35878)
    at /home/devilunraveled/.vscode/extensions/eamodio.gitlens-14.1.1/dist/gitlens.js:1:670473
    at Array.forEach (<anonymous>)
    at Object.dispose (/home/devilunraveled/.vscode/extensions/eamodio.gitlens-14.1.1/dist/gitlens.js:1:670458)
    at o (/var/lib/snapd/snap/code/143/usr/share/code/resources/app/out/vs/workbench/api/node/extensionHostProcess.js:30:754)
    at s.cb (/var/lib/snapd/snap/code/143/usr/share/code/resources/app/out/vs/workbench/api/node/extensionHostProcess.js:136:9846)
    at /var/lib/snapd/snap/code/143/usr/share/code/resources/app/out/vs/workbench/api/node/extensionHostProcess.js:136:7796
    at Array.map (<anonymous>)
    at s.Y (/var/lib/snapd/snap/code/143/usr/share/code/resources/app/out/vs/workbench/api/node/extensionHostProcess.js:136:7784)
    at s.terminate (/var/lib/snapd/snap/code/143/usr/share/code/resources/app/out/vs/workbench/api/node/extensionHostProcess.js:136:8054)
    at o.terminate (/var/lib/snapd/snap/code/143/usr/share/code/resources/app/out/vs/workbench/api/node/extensionHostProcess.js:140:1513)
    at l (/var/lib/snapd/snap/code/143/usr/share/code/resources/app/out/vs/workbench/api/node/extensionHostProcess.js:153:9801)
    at MessagePortMain.<anonymous> (/var/lib/snapd/snap/code/143/usr/share/code/resources/app/out/vs/workbench/api/node/extensionHostProcess.js:153:6226)
    at MessagePortMain.emit (node:events:513:28)
    at Object.MessagePortMain._internalPort.emit (node:electron/js2c/utility_init:2:367) setContext undefined
2023-10-25 13:59:26.315 [error] Canceled: Canceled
    at new g (/var/lib/snapd/snap/code/143/usr/share/code/resources/app/out/vs/workbench/api/node/extensionHostProcess.js:125:57216)
    at i.U (/var/lib/snapd/snap/code/143/usr/share/code/resources/app/out/vs/workbench/api/node/extensionHostProcess.js:134:10864)
    at Proxy.M.<computed>.j.charCodeAt.M.<computed> (/var/lib/snapd/snap/code/143/usr/share/code/resources/app/out/vs/workbench/api/node/extensionHostProcess.js:134:8315)
    at n.g (/var/lib/snapd/snap/code/143/usr/share/code/resources/app/out/vs/workbench/api/node/extensionHostProcess.js:125:83747)
    at n.executeCommand (/var/lib/snapd/snap/code/143/usr/share/code/resources/app/out/vs/workbench/api/node/extensionHostProcess.js:125:83185)
    at b.registerCommand.description (/var/lib/snapd/snap/code/143/usr/share/code/resources/app/out/vs/workbench/api/node/extensionHostProcess.js:125:82506)
    at n.h (/var/lib/snapd/snap/code/143/usr/share/code/resources/app/out/vs/workbench/api/node/extensionHostProcess.js:125:84283)
    at n.g (/var/lib/snapd/snap/code/143/usr/share/code/resources/app/out/vs/workbench/api/node/extensionHostProcess.js:125:83278)
    at n.executeCommand (/var/lib/snapd/snap/code/143/usr/share/code/resources/app/out/vs/workbench/api/node/extensionHostProcess.js:125:83185)
    at Object.executeCommand (/var/lib/snapd/snap/code/143/usr/share/code/resources/app/out/vs/workbench/api/node/extensionHostProcess.js:140:21282)
    at g (/home/devilunraveled/.vscode/extensions/eamodio.gitlens-14.1.1/dist/gitlens.js:1:941964)
    at c (/home/devilunraveled/.vscode/extensions/eamodio.gitlens-14.1.1/dist/gitlens.js:1:946605)
    at ActionRunners._updateContextKeys (/home/devilunraveled/.vscode/extensions/eamodio.gitlens-14.1.1/dist/gitlens.js:1:37873)
    at s (/home/devilunraveled/.vscode/extensions/eamodio.gitlens-14.1.1/dist/gitlens.js:1:36292)
    at RegisteredActionRunner.unregister (/home/devilunraveled/.vscode/extensions/eamodio.gitlens-14.1.1/dist/gitlens.js:1:36436)
    at RegisteredActionRunner.dispose (/home/devilunraveled/.vscode/extensions/eamodio.gitlens-14.1.1/dist/gitlens.js:1:35101)
    at ActionRunners.dispose (/home/devilunraveled/.vscode/extensions/eamodio.gitlens-14.1.1/dist/gitlens.js:1:35878)
    at /home/devilunraveled/.vscode/extensions/eamodio.gitlens-14.1.1/dist/gitlens.js:1:670473
    at Array.forEach (<anonymous>)
    at Object.dispose (/home/devilunraveled/.vscode/extensions/eamodio.gitlens-14.1.1/dist/gitlens.js:1:670458)
    at o (/var/lib/snapd/snap/code/143/usr/share/code/resources/app/out/vs/workbench/api/node/extensionHostProcess.js:30:754)
    at s.cb (/var/lib/snapd/snap/code/143/usr/share/code/resources/app/out/vs/workbench/api/node/extensionHostProcess.js:136:9846)
    at /var/lib/snapd/snap/code/143/usr/share/code/resources/app/out/vs/workbench/api/node/extensionHostProcess.js:136:7796
    at Array.map (<anonymous>)
    at s.Y (/var/lib/snapd/snap/code/143/usr/share/code/resources/app/out/vs/workbench/api/node/extensionHostProcess.js:136:7784)
    at s.terminate (/var/lib/snapd/snap/code/143/usr/share/code/resources/app/out/vs/workbench/api/node/extensionHostProcess.js:136:8054)
    at o.terminate (/var/lib/snapd/snap/code/143/usr/share/code/resources/app/out/vs/workbench/api/node/extensionHostProcess.js:140:1513)
    at l (/var/lib/snapd/snap/code/143/usr/share/code/resources/app/out/vs/workbench/api/node/extensionHostProcess.js:153:9801)
    at MessagePortMain.<anonymous> (/var/lib/snapd/snap/code/143/usr/share/code/resources/app/out/vs/workbench/api/node/extensionHostProcess.js:153:6226)
    at MessagePortMain.emit (node:events:513:28)
    at Object.MessagePortMain._internalPort.emit (node:electron/js2c/utility_init:2:367) setContext undefined
2023-10-25 13:59:26.316 [error] Canceled: Canceled
    at new g (/var/lib/snapd/snap/code/143/usr/share/code/resources/app/out/vs/workbench/api/node/extensionHostProcess.js:125:57216)
    at i.U (/var/lib/snapd/snap/code/143/usr/share/code/resources/app/out/vs/workbench/api/node/extensionHostProcess.js:134:10864)
    at Proxy.M.<computed>.j.charCodeAt.M.<computed> (/var/lib/snapd/snap/code/143/usr/share/code/resources/app/out/vs/workbench/api/node/extensionHostProcess.js:134:8315)
    at n.g (/var/lib/snapd/snap/code/143/usr/share/code/resources/app/out/vs/workbench/api/node/extensionHostProcess.js:125:83747)
    at n.executeCommand (/var/lib/snapd/snap/code/143/usr/share/code/resources/app/out/vs/workbench/api/node/extensionHostProcess.js:125:83185)
    at b.registerCommand.description (/var/lib/snapd/snap/code/143/usr/share/code/resources/app/out/vs/workbench/api/node/extensionHostProcess.js:125:82506)
    at n.h (/var/lib/snapd/snap/code/143/usr/share/code/resources/app/out/vs/workbench/api/node/extensionHostProcess.js:125:84283)
    at n.g (/var/lib/snapd/snap/code/143/usr/share/code/resources/app/out/vs/workbench/api/node/extensionHostProcess.js:125:83278)
    at n.executeCommand (/var/lib/snapd/snap/code/143/usr/share/code/resources/app/out/vs/workbench/api/node/extensionHostProcess.js:125:83185)
    at Object.executeCommand (/var/lib/snapd/snap/code/143/usr/share/code/resources/app/out/vs/workbench/api/node/extensionHostProcess.js:140:21282)
    at g (/home/devilunraveled/.vscode/extensions/eamodio.gitlens-14.1.1/dist/gitlens.js:1:941964)
    at c (/home/devilunraveled/.vscode/extensions/eamodio.gitlens-14.1.1/dist/gitlens.js:1:946605)
    at ActionRunners._updateContextKeys (/home/devilunraveled/.vscode/extensions/eamodio.gitlens-14.1.1/dist/gitlens.js:1:37873)
    at s (/home/devilunraveled/.vscode/extensions/eamodio.gitlens-14.1.1/dist/gitlens.js:1:36292)
    at RegisteredActionRunner.unregister (/home/devilunraveled/.vscode/extensions/eamodio.gitlens-14.1.1/dist/gitlens.js:1:36436)
    at RegisteredActionRunner.dispose (/home/devilunraveled/.vscode/extensions/eamodio.gitlens-14.1.1/dist/gitlens.js:1:35101)
    at ActionRunners.dispose (/home/devilunraveled/.vscode/extensions/eamodio.gitlens-14.1.1/dist/gitlens.js:1:35878)
    at /home/devilunraveled/.vscode/extensions/eamodio.gitlens-14.1.1/dist/gitlens.js:1:670473
    at Array.forEach (<anonymous>)
    at Object.dispose (/home/devilunraveled/.vscode/extensions/eamodio.gitlens-14.1.1/dist/gitlens.js:1:670458)
    at o (/var/lib/snapd/snap/code/143/usr/share/code/resources/app/out/vs/workbench/api/node/extensionHostProcess.js:30:754)
    at s.cb (/var/lib/snapd/snap/code/143/usr/share/code/resources/app/out/vs/workbench/api/node/extensionHostProcess.js:136:9846)
    at /var/lib/snapd/snap/code/143/usr/share/code/resources/app/out/vs/workbench/api/node/extensionHostProcess.js:136:7796
    at Array.map (<anonymous>)
    at s.Y (/var/lib/snapd/snap/code/143/usr/share/code/resources/app/out/vs/workbench/api/node/extensionHostProcess.js:136:7784)
    at s.terminate (/var/lib/snapd/snap/code/143/usr/share/code/resources/app/out/vs/workbench/api/node/extensionHostProcess.js:136:8054)
    at o.terminate (/var/lib/snapd/snap/code/143/usr/share/code/resources/app/out/vs/workbench/api/node/extensionHostProcess.js:140:1513)
    at l (/var/lib/snapd/snap/code/143/usr/share/code/resources/app/out/vs/workbench/api/node/extensionHostProcess.js:153:9801)
    at MessagePortMain.<anonymous> (/var/lib/snapd/snap/code/143/usr/share/code/resources/app/out/vs/workbench/api/node/extensionHostProcess.js:153:6226)
    at MessagePortMain.emit (node:events:513:28)
    at Object.MessagePortMain._internalPort.emit (node:electron/js2c/utility_init:2:367) setContext undefined
2023-10-25 13:59:26.316 [error] Canceled: Canceled
    at new g (/var/lib/snapd/snap/code/143/usr/share/code/resources/app/out/vs/workbench/api/node/extensionHostProcess.js:125:57216)
    at i.U (/var/lib/snapd/snap/code/143/usr/share/code/resources/app/out/vs/workbench/api/node/extensionHostProcess.js:134:10864)
    at Proxy.M.<computed>.j.charCodeAt.M.<computed> (/var/lib/snapd/snap/code/143/usr/share/code/resources/app/out/vs/workbench/api/node/extensionHostProcess.js:134:8315)
    at n.g (/var/lib/snapd/snap/code/143/usr/share/code/resources/app/out/vs/workbench/api/node/extensionHostProcess.js:125:83747)
    at n.executeCommand (/var/lib/snapd/snap/code/143/usr/share/code/resources/app/out/vs/workbench/api/node/extensionHostProcess.js:125:83185)
    at b.registerCommand.description (/var/lib/snapd/snap/code/143/usr/share/code/resources/app/out/vs/workbench/api/node/extensionHostProcess.js:125:82506)
    at n.h (/var/lib/snapd/snap/code/143/usr/share/code/resources/app/out/vs/workbench/api/node/extensionHostProcess.js:125:84283)
    at n.g (/var/lib/snapd/snap/code/143/usr/share/code/resources/app/out/vs/workbench/api/node/extensionHostProcess.js:125:83278)
    at n.executeCommand (/var/lib/snapd/snap/code/143/usr/share/code/resources/app/out/vs/workbench/api/node/extensionHostProcess.js:125:83185)
    at Object.executeCommand (/var/lib/snapd/snap/code/143/usr/share/code/resources/app/out/vs/workbench/api/node/extensionHostProcess.js:140:21282)
    at g (/home/devilunraveled/.vscode/extensions/eamodio.gitlens-14.1.1/dist/gitlens.js:1:941964)
    at c (/home/devilunraveled/.vscode/extensions/eamodio.gitlens-14.1.1/dist/gitlens.js:1:946605)
    at ActionRunners._updateContextKeys (/home/devilunraveled/.vscode/extensions/eamodio.gitlens-14.1.1/dist/gitlens.js:1:37873)
    at s (/home/devilunraveled/.vscode/extensions/eamodio.gitlens-14.1.1/dist/gitlens.js:1:36292)
    at RegisteredActionRunner.unregister (/home/devilunraveled/.vscode/extensions/eamodio.gitlens-14.1.1/dist/gitlens.js:1:36436)
    at RegisteredActionRunner.dispose (/home/devilunraveled/.vscode/extensions/eamodio.gitlens-14.1.1/dist/gitlens.js:1:35101)
    at Object.dispose (/home/devilunraveled/.vscode/extensions/eamodio.gitlens-14.1.1/dist/gitlens.js:1:36533)
    at o (/var/lib/snapd/snap/code/143/usr/share/code/resources/app/out/vs/workbench/api/node/extensionHostProcess.js:30:754)
    at s.cb (/var/lib/snapd/snap/code/143/usr/share/code/resources/app/out/vs/workbench/api/node/extensionHostProcess.js:136:9846)
    at /var/lib/snapd/snap/code/143/usr/share/code/resources/app/out/vs/workbench/api/node/extensionHostProcess.js:136:7796
    at Array.map (<anonymous>)
    at s.Y (/var/lib/snapd/snap/code/143/usr/share/code/resources/app/out/vs/workbench/api/node/extensionHostProcess.js:136:7784)
    at s.terminate (/var/lib/snapd/snap/code/143/usr/share/code/resources/app/out/vs/workbench/api/node/extensionHostProcess.js:136:8054)
    at o.terminate (/var/lib/snapd/snap/code/143/usr/share/code/resources/app/out/vs/workbench/api/node/extensionHostProcess.js:140:1513)
    at l (/var/lib/snapd/snap/code/143/usr/share/code/resources/app/out/vs/workbench/api/node/extensionHostProcess.js:153:9801)
    at MessagePortMain.<anonymous> (/var/lib/snapd/snap/code/143/usr/share/code/resources/app/out/vs/workbench/api/node/extensionHostProcess.js:153:6226)
    at MessagePortMain.emit (node:events:513:28)
    at Object.MessagePortMain._internalPort.emit (node:electron/js2c/utility_init:2:367) setContext undefined
2023-10-25 13:59:26.317 [error] Canceled: Canceled
    at new g (/var/lib/snapd/snap/code/143/usr/share/code/resources/app/out/vs/workbench/api/node/extensionHostProcess.js:125:57216)
    at i.U (/var/lib/snapd/snap/code/143/usr/share/code/resources/app/out/vs/workbench/api/node/extensionHostProcess.js:134:10864)
    at Proxy.M.<computed>.j.charCodeAt.M.<computed> (/var/lib/snapd/snap/code/143/usr/share/code/resources/app/out/vs/workbench/api/node/extensionHostProcess.js:134:8315)
    at n.g (/var/lib/snapd/snap/code/143/usr/share/code/resources/app/out/vs/workbench/api/node/extensionHostProcess.js:125:83747)
    at n.executeCommand (/var/lib/snapd/snap/code/143/usr/share/code/resources/app/out/vs/workbench/api/node/extensionHostProcess.js:125:83185)
    at b.registerCommand.description (/var/lib/snapd/snap/code/143/usr/share/code/resources/app/out/vs/workbench/api/node/extensionHostProcess.js:125:82506)
    at n.h (/var/lib/snapd/snap/code/143/usr/share/code/resources/app/out/vs/workbench/api/node/extensionHostProcess.js:125:84283)
    at n.g (/var/lib/snapd/snap/code/143/usr/share/code/resources/app/out/vs/workbench/api/node/extensionHostProcess.js:125:83278)
    at n.executeCommand (/var/lib/snapd/snap/code/143/usr/share/code/resources/app/out/vs/workbench/api/node/extensionHostProcess.js:125:83185)
    at Object.executeCommand (/var/lib/snapd/snap/code/143/usr/share/code/resources/app/out/vs/workbench/api/node/extensionHostProcess.js:140:21282)
    at g (/home/devilunraveled/.vscode/extensions/eamodio.gitlens-14.1.1/dist/gitlens.js:1:941964)
    at c (/home/devilunraveled/.vscode/extensions/eamodio.gitlens-14.1.1/dist/gitlens.js:1:946605)
    at ActionRunners._updateContextKeys (/home/devilunraveled/.vscode/extensions/eamodio.gitlens-14.1.1/dist/gitlens.js:1:37873)
    at s (/home/devilunraveled/.vscode/extensions/eamodio.gitlens-14.1.1/dist/gitlens.js:1:36292)
    at RegisteredActionRunner.unregister (/home/devilunraveled/.vscode/extensions/eamodio.gitlens-14.1.1/dist/gitlens.js:1:36436)
    at RegisteredActionRunner.dispose (/home/devilunraveled/.vscode/extensions/eamodio.gitlens-14.1.1/dist/gitlens.js:1:35101)
    at Object.dispose (/home/devilunraveled/.vscode/extensions/eamodio.gitlens-14.1.1/dist/gitlens.js:1:36533)
    at o (/var/lib/snapd/snap/code/143/usr/share/code/resources/app/out/vs/workbench/api/node/extensionHostProcess.js:30:754)
    at s.cb (/var/lib/snapd/snap/code/143/usr/share/code/resources/app/out/vs/workbench/api/node/extensionHostProcess.js:136:9846)
    at /var/lib/snapd/snap/code/143/usr/share/code/resources/app/out/vs/workbench/api/node/extensionHostProcess.js:136:7796
    at Array.map (<anonymous>)
    at s.Y (/var/lib/snapd/snap/code/143/usr/share/code/resources/app/out/vs/workbench/api/node/extensionHostProcess.js:136:7784)
    at s.terminate (/var/lib/snapd/snap/code/143/usr/share/code/resources/app/out/vs/workbench/api/node/extensionHostProcess.js:136:8054)
    at o.terminate (/var/lib/snapd/snap/code/143/usr/share/code/resources/app/out/vs/workbench/api/node/extensionHostProcess.js:140:1513)
    at l (/var/lib/snapd/snap/code/143/usr/share/code/resources/app/out/vs/workbench/api/node/extensionHostProcess.js:153:9801)
    at MessagePortMain.<anonymous> (/var/lib/snapd/snap/code/143/usr/share/code/resources/app/out/vs/workbench/api/node/extensionHostProcess.js:153:6226)
    at MessagePortMain.emit (node:events:513:28)
    at Object.MessagePortMain._internalPort.emit (node:electron/js2c/utility_init:2:367) setContext undefined
2023-10-25 13:59:26.317 [error] Canceled: Canceled
    at new g (/var/lib/snapd/snap/code/143/usr/share/code/resources/app/out/vs/workbench/api/node/extensionHostProcess.js:125:57216)
    at i.U (/var/lib/snapd/snap/code/143/usr/share/code/resources/app/out/vs/workbench/api/node/extensionHostProcess.js:134:10864)
    at Proxy.M.<computed>.j.charCodeAt.M.<computed> (/var/lib/snapd/snap/code/143/usr/share/code/resources/app/out/vs/workbench/api/node/extensionHostProcess.js:134:8315)
    at n.g (/var/lib/snapd/snap/code/143/usr/share/code/resources/app/out/vs/workbench/api/node/extensionHostProcess.js:125:83747)
    at n.executeCommand (/var/lib/snapd/snap/code/143/usr/share/code/resources/app/out/vs/workbench/api/node/extensionHostProcess.js:125:83185)
    at b.registerCommand.description (/var/lib/snapd/snap/code/143/usr/share/code/resources/app/out/vs/workbench/api/node/extensionHostProcess.js:125:82506)
    at n.h (/var/lib/snapd/snap/code/143/usr/share/code/resources/app/out/vs/workbench/api/node/extensionHostProcess.js:125:84283)
    at n.g (/var/lib/snapd/snap/code/143/usr/share/code/resources/app/out/vs/workbench/api/node/extensionHostProcess.js:125:83278)
    at n.executeCommand (/var/lib/snapd/snap/code/143/usr/share/code/resources/app/out/vs/workbench/api/node/extensionHostProcess.js:125:83185)
    at Object.executeCommand (/var/lib/snapd/snap/code/143/usr/share/code/resources/app/out/vs/workbench/api/node/extensionHostProcess.js:140:21282)
    at g (/home/devilunraveled/.vscode/extensions/eamodio.gitlens-14.1.1/dist/gitlens.js:1:941964)
    at c (/home/devilunraveled/.vscode/extensions/eamodio.gitlens-14.1.1/dist/gitlens.js:1:946605)
    at ActionRunners._updateContextKeys (/home/devilunraveled/.vscode/extensions/eamodio.gitlens-14.1.1/dist/gitlens.js:1:37873)
    at s (/home/devilunraveled/.vscode/extensions/eamodio.gitlens-14.1.1/dist/gitlens.js:1:36292)
    at RegisteredActionRunner.unregister (/home/devilunraveled/.vscode/extensions/eamodio.gitlens-14.1.1/dist/gitlens.js:1:36436)
    at RegisteredActionRunner.dispose (/home/devilunraveled/.vscode/extensions/eamodio.gitlens-14.1.1/dist/gitlens.js:1:35101)
    at Object.dispose (/home/devilunraveled/.vscode/extensions/eamodio.gitlens-14.1.1/dist/gitlens.js:1:36533)
    at o (/var/lib/snapd/snap/code/143/usr/share/code/resources/app/out/vs/workbench/api/node/extensionHostProcess.js:30:754)
    at s.cb (/var/lib/snapd/snap/code/143/usr/share/code/resources/app/out/vs/workbench/api/node/extensionHostProcess.js:136:9846)
    at /var/lib/snapd/snap/code/143/usr/share/code/resources/app/out/vs/workbench/api/node/extensionHostProcess.js:136:7796
    at Array.map (<anonymous>)
    at s.Y (/var/lib/snapd/snap/code/143/usr/share/code/resources/app/out/vs/workbench/api/node/extensionHostProcess.js:136:7784)
    at s.terminate (/var/lib/snapd/snap/code/143/usr/share/code/resources/app/out/vs/workbench/api/node/extensionHostProcess.js:136:8054)
    at o.terminate (/var/lib/snapd/snap/code/143/usr/share/code/resources/app/out/vs/workbench/api/node/extensionHostProcess.js:140:1513)
    at l (/var/lib/snapd/snap/code/143/usr/share/code/resources/app/out/vs/workbench/api/node/extensionHostProcess.js:153:9801)
    at MessagePortMain.<anonymous> (/var/lib/snapd/snap/code/143/usr/share/code/resources/app/out/vs/workbench/api/node/extensionHostProcess.js:153:6226)
    at MessagePortMain.emit (node:events:513:28)
    at Object.MessagePortMain._internalPort.emit (node:electron/js2c/utility_init:2:367) setContext undefined
2023-10-25 13:59:26.320 [error] Canceled: Canceled
    at new g (/var/lib/snapd/snap/code/143/usr/share/code/resources/app/out/vs/workbench/api/node/extensionHostProcess.js:125:57216)
    at i.U (/var/lib/snapd/snap/code/143/usr/share/code/resources/app/out/vs/workbench/api/node/extensionHostProcess.js:134:10864)
    at Proxy.M.<computed>.j.charCodeAt.M.<computed> (/var/lib/snapd/snap/code/143/usr/share/code/resources/app/out/vs/workbench/api/node/extensionHostProcess.js:134:8315)
    at n.g (/var/lib/snapd/snap/code/143/usr/share/code/resources/app/out/vs/workbench/api/node/extensionHostProcess.js:125:83747)
    at n.executeCommand (/var/lib/snapd/snap/code/143/usr/share/code/resources/app/out/vs/workbench/api/node/extensionHostProcess.js:125:83185)
    at b.registerCommand.description (/var/lib/snapd/snap/code/143/usr/share/code/resources/app/out/vs/workbench/api/node/extensionHostProcess.js:125:82506)
    at n.h (/var/lib/snapd/snap/code/143/usr/share/code/resources/app/out/vs/workbench/api/node/extensionHostProcess.js:125:84283)
    at n.g (/var/lib/snapd/snap/code/143/usr/share/code/resources/app/out/vs/workbench/api/node/extensionHostProcess.js:125:83278)
    at n.executeCommand (/var/lib/snapd/snap/code/143/usr/share/code/resources/app/out/vs/workbench/api/node/extensionHostProcess.js:125:83185)
    at Object.executeCommand (/var/lib/snapd/snap/code/143/usr/share/code/resources/app/out/vs/workbench/api/node/extensionHostProcess.js:140:21282)
    at Object.dispose (/home/devilunraveled/.vscode/extensions/tabnine.tabnine-vscode-3.6.77/out/extension.js:17:88165)
    at v.<anonymous> (/var/lib/snapd/snap/code/143/usr/share/code/resources/app/out/vs/workbench/api/node/extensionHostProcess.js:121:3521)
    at v.dispose (/var/lib/snapd/snap/code/143/usr/share/code/resources/app/out/vs/workbench/api/node/extensionHostProcess.js:121:3618)
    at v.<anonymous> (/var/lib/snapd/snap/code/143/usr/share/code/resources/app/out/vs/workbench/api/node/extensionHostProcess.js:121:3521)
    at v.dispose (/var/lib/snapd/snap/code/143/usr/share/code/resources/app/out/vs/workbench/api/node/extensionHostProcess.js:121:3618)
    at /home/devilunraveled/.vscode/extensions/tabnine.tabnine-vscode-3.6.77/out/extension.js:17:30759
    at Array.forEach (<anonymous>)
    at h (/home/devilunraveled/.vscode/extensions/tabnine.tabnine-vscode-3.6.77/out/extension.js:17:30744)
    at Object.dispose (/home/devilunraveled/.vscode/extensions/tabnine.tabnine-vscode-3.6.77/out/extension.js:17:30187)
    at o (/var/lib/snapd/snap/code/143/usr/share/code/resources/app/out/vs/workbench/api/node/extensionHostProcess.js:30:754)
    at s.cb (/var/lib/snapd/snap/code/143/usr/share/code/resources/app/out/vs/workbench/api/node/extensionHostProcess.js:136:9846)
    at /var/lib/snapd/snap/code/143/usr/share/code/resources/app/out/vs/workbench/api/node/extensionHostProcess.js:136:7796
    at Array.map (<anonymous>)
    at s.Y (/var/lib/snapd/snap/code/143/usr/share/code/resources/app/out/vs/workbench/api/node/extensionHostProcess.js:136:7784)
    at s.terminate (/var/lib/snapd/snap/code/143/usr/share/code/resources/app/out/vs/workbench/api/node/extensionHostProcess.js:136:8054)
    at o.terminate (/var/lib/snapd/snap/code/143/usr/share/code/resources/app/out/vs/workbench/api/node/extensionHostProcess.js:140:1513)
    at l (/var/lib/snapd/snap/code/143/usr/share/code/resources/app/out/vs/workbench/api/node/extensionHostProcess.js:153:9801)
    at MessagePortMain.<anonymous> (/var/lib/snapd/snap/code/143/usr/share/code/resources/app/out/vs/workbench/api/node/extensionHostProcess.js:153:6226)
    at MessagePortMain.emit (node:events:513:28)
    at Object.MessagePortMain._internalPort.emit (node:electron/js2c/utility_init:2:367) setContext undefined
2023-10-25 13:59:26.652 [info] Extension host with pid 31767 exiting with code 0
2023-10-25 13:59:27.202 [info] Extension host with pid 33637 started
2023-10-25 13:59:27.202 [info] Skipping acquiring lock for /home/devilunraveled/.config/Code/User/workspaceStorage/1f432e04f53107f6ae53176a7527fdf5.
2023-10-25 13:59:27.352 [info] ExtensionService#_doActivateExtension vscode.git-base, startup: true, activationEvent: '*', root cause: vscode.git
2023-10-25 13:59:27.355 [info] ExtensionService#_doActivateExtension formulahendry.auto-close-tag, startup: true, activationEvent: '*'
2023-10-25 13:59:27.357 [info] ExtensionService#_doActivateExtension formulahendry.auto-rename-tag, startup: true, activationEvent: '*'
2023-10-25 13:59:27.363 [info] ExtensionService#_doActivateExtension wayou.vscode-todo-highlight, startup: true, activationEvent: '*'
2023-10-25 13:59:27.391 [info] ExtensionService#_doActivateExtension vscode.git, startup: true, activationEvent: '*'
2023-10-25 13:59:27.408 [info] ExtensionService#_doActivateExtension vscode.github, startup: true, activationEvent: '*'
2023-10-25 13:59:27.574 [info] Eager extensions activated
2023-10-25 13:59:27.584 [info] ExtensionService#_doActivateExtension vscode.debug-auto-launch, startup: false, activationEvent: 'onStartupFinished'
2023-10-25 13:59:27.585 [info] ExtensionService#_doActivateExtension vscode.merge-conflict, startup: false, activationEvent: 'onStartupFinished'
2023-10-25 13:59:27.592 [info] ExtensionService#_doActivateExtension aaron-bond.better-comments, startup: false, activationEvent: 'onStartupFinished'
2023-10-25 13:59:27.597 [info] ExtensionService#_doActivateExtension alefragnani.Bookmarks, startup: false, activationEvent: 'onStartupFinished'
2023-10-25 13:59:27.608 [info] ExtensionService#_doActivateExtension alefragnani.project-manager, startup: false, activationEvent: 'onStartupFinished'
2023-10-25 13:59:27.612 [info] ExtensionService#_doActivateExtension dbaeumer.vscode-eslint, startup: false, activationEvent: 'onStartupFinished'
2023-10-25 13:59:27.620 [info] ExtensionService#_doActivateExtension dsznajder.es7-react-js-snippets, startup: false, activationEvent: 'onStartupFinished'
2023-10-25 13:59:27.811 [info] ExtensionService#_doActivateExtension eamodio.gitlens, startup: false, activationEvent: 'onStartupFinished'
2023-10-25 13:59:27.965 [info] ExtensionService#_doActivateExtension esbenp.prettier-vscode, startup: false, activationEvent: 'onStartupFinished'
2023-10-25 13:59:28.040 [info] ExtensionService#_doActivateExtension formulahendry.code-runner, startup: false, activationEvent: 'onStartupFinished'
2023-10-25 13:59:28.065 [info] ExtensionService#_doActivateExtension ms-vscode-remote.remote-containers, startup: false, activationEvent: 'onStartupFinished'
2023-10-25 13:59:28.143 [info] ExtensionService#_doActivateExtension streetsidesoftware.code-spell-checker, startup: false, activationEvent: 'onStartupFinished'
2023-10-25 13:59:28.228 [info] ExtensionService#_doActivateExtension TabNine.tabnine-vscode, startup: false, activationEvent: 'onStartupFinished'
2023-10-25 13:59:28.291 [info] ExtensionService#_doActivateExtension vscode-icons-team.vscode-icons, startup: false, activationEvent: 'onStartupFinished'
2023-10-25 13:59:28.346 [info] ExtensionService#_doActivateExtension vscodevim.vim, startup: false, activationEvent: 'onStartupFinished'
2023-10-25 13:59:28.471 [info] ExtensionService#_doActivateExtension vscode.github-authentication, startup: false, activationEvent: 'onAuthenticationRequest:github'
2023-10-25 13:59:28.883 [info] ExtensionService#_doActivateExtension vscode.json-language-features, startup: false, activationEvent: 'onLanguage:jsonc'
2023-10-25 13:59:28.898 [info] ExtensionService#_doActivateExtension vscode.typescript-language-features, startup: false, activationEvent: 'onLanguage:jsonc'
2023-10-25 13:59:28.918 [info] ExtensionService#_doActivateExtension vscode.emmet, startup: false, activationEvent: 'onLanguage'
2023-10-25 13:59:29.002 [info] ExtensionService#_doActivateExtension vscode.microsoft-authentication, startup: false, activationEvent: 'onAuthenticationRequest:microsoft'
2023-10-25 13:59:36.568 [info] ExtensionService#_doActivateExtension mongodb.mongodb-vscode, startup: false, activationEvent: 'onLanguage:javascript'
2023-10-25 14:00:23.249 [warning] TextEditor is closed/disposed
2023-10-25 14:09:52.040 [warning] TextEditor is closed/disposed
2023-10-25 14:09:52.158 [info] ExtensionService#_doActivateExtension vscode.extension-editing, startup: false, activationEvent: 'onLanguage:markdown'
2023-10-25 14:09:52.171 [info] ExtensionService#_doActivateExtension vscode.markdown-language-features, startup: false, activationEvent: 'onLanguage:markdown'
2023-10-25 14:09:52.725 [info] ExtensionService#_doActivateExtension vscode.markdown-math, startup: false, activationEvent: 'api', root cause: vscode.markdown-language-features
2023-10-25 14:29:24.018 [warning] TextEditor is closed/disposed
2023-10-25 15:02:29.563 [warning] TextEditor is closed/disposed
2023-10-25 15:03:36.571 [warning] TextEditor is closed/disposed
2023-10-25 15:13:21.782 [info] Extension host terminating: renderer closed the MessagePort
2023-10-25 15:13:21.837 [error] Canceled: Canceled
    at new g (/var/lib/snapd/snap/code/143/usr/share/code/resources/app/out/vs/workbench/api/node/extensionHostProcess.js:125:57216)
    at i.U (/var/lib/snapd/snap/code/143/usr/share/code/resources/app/out/vs/workbench/api/node/extensionHostProcess.js:134:10864)
    at Proxy.M.<computed>.j.charCodeAt.M.<computed> (/var/lib/snapd/snap/code/143/usr/share/code/resources/app/out/vs/workbench/api/node/extensionHostProcess.js:134:8315)
    at n.g (/var/lib/snapd/snap/code/143/usr/share/code/resources/app/out/vs/workbench/api/node/extensionHostProcess.js:125:83747)
    at n.executeCommand (/var/lib/snapd/snap/code/143/usr/share/code/resources/app/out/vs/workbench/api/node/extensionHostProcess.js:125:83185)
    at b.registerCommand.description (/var/lib/snapd/snap/code/143/usr/share/code/resources/app/out/vs/workbench/api/node/extensionHostProcess.js:125:82506)
    at n.h (/var/lib/snapd/snap/code/143/usr/share/code/resources/app/out/vs/workbench/api/node/extensionHostProcess.js:125:84283)
    at n.g (/var/lib/snapd/snap/code/143/usr/share/code/resources/app/out/vs/workbench/api/node/extensionHostProcess.js:125:83278)
    at n.executeCommand (/var/lib/snapd/snap/code/143/usr/share/code/resources/app/out/vs/workbench/api/node/extensionHostProcess.js:125:83185)
    at Object.executeCommand (/var/lib/snapd/snap/code/143/usr/share/code/resources/app/out/vs/workbench/api/node/extensionHostProcess.js:140:21282)
    at s.D [as value] (/var/lib/snapd/snap/code/143/usr/share/code/resources/app/extensions/git/dist/main.js:2:1312800)
    at c.z (/var/lib/snapd/snap/code/143/usr/share/code/resources/app/out/vs/workbench/api/node/extensionHostProcess.js:80:1902)
    at c.A (/var/lib/snapd/snap/code/143/usr/share/code/resources/app/out/vs/workbench/api/node/extensionHostProcess.js:80:1972)
    at c.fire (/var/lib/snapd/snap/code/143/usr/share/code/resources/app/out/vs/workbench/api/node/extensionHostProcess.js:80:2188)
    at Object.m [as dispose] (/var/lib/snapd/snap/code/143/usr/share/code/resources/app/extensions/git/dist/main.js:2:1328588)
    at /var/lib/snapd/snap/code/143/usr/share/code/resources/app/extensions/git/dist/main.js:2:1333429
    at Array.forEach (<anonymous>)
    at g.dispose (/var/lib/snapd/snap/code/143/usr/share/code/resources/app/extensions/git/dist/main.js:2:1333415)
    at v.<anonymous> (/var/lib/snapd/snap/code/143/usr/share/code/resources/app/out/vs/workbench/api/node/extensionHostProcess.js:121:3521)
    at v.dispose (/var/lib/snapd/snap/code/143/usr/share/code/resources/app/out/vs/workbench/api/node/extensionHostProcess.js:121:3618)
    at v.<anonymous> (/var/lib/snapd/snap/code/143/usr/share/code/resources/app/extensions/git/dist/main.js:2:1314812)
    at v.dispose (/var/lib/snapd/snap/code/143/usr/share/code/resources/app/out/vs/workbench/api/node/extensionHostProcess.js:121:3618)
    at o (/var/lib/snapd/snap/code/143/usr/share/code/resources/app/out/vs/workbench/api/node/extensionHostProcess.js:30:754)
    at s.cb (/var/lib/snapd/snap/code/143/usr/share/code/resources/app/out/vs/workbench/api/node/extensionHostProcess.js:136:9846)
    at /var/lib/snapd/snap/code/143/usr/share/code/resources/app/out/vs/workbench/api/node/extensionHostProcess.js:136:7796
    at Array.map (<anonymous>)
    at s.Y (/var/lib/snapd/snap/code/143/usr/share/code/resources/app/out/vs/workbench/api/node/extensionHostProcess.js:136:7784)
    at s.terminate (/var/lib/snapd/snap/code/143/usr/share/code/resources/app/out/vs/workbench/api/node/extensionHostProcess.js:136:8054)
    at o.terminate (/var/lib/snapd/snap/code/143/usr/share/code/resources/app/out/vs/workbench/api/node/extensionHostProcess.js:140:1513)
    at l (/var/lib/snapd/snap/code/143/usr/share/code/resources/app/out/vs/workbench/api/node/extensionHostProcess.js:153:9801)
    at MessagePortMain.<anonymous> (/var/lib/snapd/snap/code/143/usr/share/code/resources/app/out/vs/workbench/api/node/extensionHostProcess.js:153:6226)
    at MessagePortMain.emit (node:events:513:28)
    at Object.MessagePortMain._internalPort.emit (node:electron/js2c/utility_init:2:367) setContext undefined
2023-10-25 15:13:21.841 [error] Canceled: Canceled
    at new g (/var/lib/snapd/snap/code/143/usr/share/code/resources/app/out/vs/workbench/api/node/extensionHostProcess.js:125:57216)
    at i.U (/var/lib/snapd/snap/code/143/usr/share/code/resources/app/out/vs/workbench/api/node/extensionHostProcess.js:134:10864)
    at Proxy.M.<computed>.j.charCodeAt.M.<computed> (/var/lib/snapd/snap/code/143/usr/share/code/resources/app/out/vs/workbench/api/node/extensionHostProcess.js:134:8315)
    at n.g (/var/lib/snapd/snap/code/143/usr/share/code/resources/app/out/vs/workbench/api/node/extensionHostProcess.js:125:83747)
    at n.executeCommand (/var/lib/snapd/snap/code/143/usr/share/code/resources/app/out/vs/workbench/api/node/extensionHostProcess.js:125:83185)
    at b.registerCommand.description (/var/lib/snapd/snap/code/143/usr/share/code/resources/app/out/vs/workbench/api/node/extensionHostProcess.js:125:82506)
    at n.h (/var/lib/snapd/snap/code/143/usr/share/code/resources/app/out/vs/workbench/api/node/extensionHostProcess.js:125:84283)
    at n.g (/var/lib/snapd/snap/code/143/usr/share/code/resources/app/out/vs/workbench/api/node/extensionHostProcess.js:125:83278)
    at n.executeCommand (/var/lib/snapd/snap/code/143/usr/share/code/resources/app/out/vs/workbench/api/node/extensionHostProcess.js:125:83185)
    at Object.executeCommand (/var/lib/snapd/snap/code/143/usr/share/code/resources/app/out/vs/workbench/api/node/extensionHostProcess.js:140:21282)
    at t.$D.set b [as b] (/var/lib/snapd/snap/code/143/usr/share/code/resources/app/extensions/github/dist/extension.js:2:714415)
    at /var/lib/snapd/snap/code/143/usr/share/code/resources/app/extensions/github/dist/extension.js:2:715056
    at s.value (/var/lib/snapd/snap/code/143/usr/share/code/resources/app/extensions/git/dist/main.js:2:1402040)
    at c.z (/var/lib/snapd/snap/code/143/usr/share/code/resources/app/out/vs/workbench/api/node/extensionHostProcess.js:80:1902)
    at c.A (/var/lib/snapd/snap/code/143/usr/share/code/resources/app/out/vs/workbench/api/node/extensionHostProcess.js:80:1972)
    at c.fire (/var/lib/snapd/snap/code/143/usr/share/code/resources/app/out/vs/workbench/api/node/extensionHostProcess.js:80:2188)
    at Object.m [as dispose] (/var/lib/snapd/snap/code/143/usr/share/code/resources/app/extensions/git/dist/main.js:2:1328588)
    at /var/lib/snapd/snap/code/143/usr/share/code/resources/app/extensions/git/dist/main.js:2:1333429
    at Array.forEach (<anonymous>)
    at g.dispose (/var/lib/snapd/snap/code/143/usr/share/code/resources/app/extensions/git/dist/main.js:2:1333415)
    at v.<anonymous> (/var/lib/snapd/snap/code/143/usr/share/code/resources/app/out/vs/workbench/api/node/extensionHostProcess.js:121:3521)
    at v.dispose (/var/lib/snapd/snap/code/143/usr/share/code/resources/app/out/vs/workbench/api/node/extensionHostProcess.js:121:3618)
    at v.<anonymous> (/var/lib/snapd/snap/code/143/usr/share/code/resources/app/extensions/git/dist/main.js:2:1314812)
    at v.dispose (/var/lib/snapd/snap/code/143/usr/share/code/resources/app/out/vs/workbench/api/node/extensionHostProcess.js:121:3618)
    at o (/var/lib/snapd/snap/code/143/usr/share/code/resources/app/out/vs/workbench/api/node/extensionHostProcess.js:30:754)
    at s.cb (/var/lib/snapd/snap/code/143/usr/share/code/resources/app/out/vs/workbench/api/node/extensionHostProcess.js:136:9846)
    at /var/lib/snapd/snap/code/143/usr/share/code/resources/app/out/vs/workbench/api/node/extensionHostProcess.js:136:7796
    at Array.map (<anonymous>)
    at s.Y (/var/lib/snapd/snap/code/143/usr/share/code/resources/app/out/vs/workbench/api/node/extensionHostProcess.js:136:7784)
    at s.terminate (/var/lib/snapd/snap/code/143/usr/share/code/resources/app/out/vs/workbench/api/node/extensionHostProcess.js:136:8054)
    at o.terminate (/var/lib/snapd/snap/code/143/usr/share/code/resources/app/out/vs/workbench/api/node/extensionHostProcess.js:140:1513)
    at l (/var/lib/snapd/snap/code/143/usr/share/code/resources/app/out/vs/workbench/api/node/extensionHostProcess.js:153:9801)
    at MessagePortMain.<anonymous> (/var/lib/snapd/snap/code/143/usr/share/code/resources/app/out/vs/workbench/api/node/extensionHostProcess.js:153:6226)
    at MessagePortMain.emit (node:events:513:28)
    at Object.MessagePortMain._internalPort.emit (node:electron/js2c/utility_init:2:367) setContext undefined
2023-10-25 15:13:21.842 [error] Canceled: Canceled
    at new g (/var/lib/snapd/snap/code/143/usr/share/code/resources/app/out/vs/workbench/api/node/extensionHostProcess.js:125:57216)
    at i.U (/var/lib/snapd/snap/code/143/usr/share/code/resources/app/out/vs/workbench/api/node/extensionHostProcess.js:134:10864)
    at Proxy.M.<computed>.j.charCodeAt.M.<computed> (/var/lib/snapd/snap/code/143/usr/share/code/resources/app/out/vs/workbench/api/node/extensionHostProcess.js:134:8315)
    at n.g (/var/lib/snapd/snap/code/143/usr/share/code/resources/app/out/vs/workbench/api/node/extensionHostProcess.js:125:83747)
    at n.executeCommand (/var/lib/snapd/snap/code/143/usr/share/code/resources/app/out/vs/workbench/api/node/extensionHostProcess.js:125:83185)
    at b.registerCommand.description (/var/lib/snapd/snap/code/143/usr/share/code/resources/app/out/vs/workbench/api/node/extensionHostProcess.js:125:82506)
    at n.h (/var/lib/snapd/snap/code/143/usr/share/code/resources/app/out/vs/workbench/api/node/extensionHostProcess.js:125:84283)
    at n.g (/var/lib/snapd/snap/code/143/usr/share/code/resources/app/out/vs/workbench/api/node/extensionHostProcess.js:125:83278)
    at n.executeCommand (/var/lib/snapd/snap/code/143/usr/share/code/resources/app/out/vs/workbench/api/node/extensionHostProcess.js:125:83185)
    at Object.executeCommand (/var/lib/snapd/snap/code/143/usr/share/code/resources/app/out/vs/workbench/api/node/extensionHostProcess.js:140:21282)
    at w (/home/devilunraveled/.vscode/extensions/eamodio.gitlens-14.4.0/dist/gitlens.js:1:1065334)
    at l (/home/devilunraveled/.vscode/extensions/eamodio.gitlens-14.4.0/dist/gitlens.js:1:1069962)
    at ActionRunners._updateContextKeys (/home/devilunraveled/.vscode/extensions/eamodio.gitlens-14.4.0/dist/gitlens.js:1:38884)
    at s (/home/devilunraveled/.vscode/extensions/eamodio.gitlens-14.4.0/dist/gitlens.js:1:37303)
    at RegisteredActionRunner.unregister (/home/devilunraveled/.vscode/extensions/eamodio.gitlens-14.4.0/dist/gitlens.js:1:37447)
    at RegisteredActionRunner.dispose (/home/devilunraveled/.vscode/extensions/eamodio.gitlens-14.4.0/dist/gitlens.js:1:36110)
    at ActionRunners.dispose (/home/devilunraveled/.vscode/extensions/eamodio.gitlens-14.4.0/dist/gitlens.js:1:36889)
    at /home/devilunraveled/.vscode/extensions/eamodio.gitlens-14.4.0/dist/gitlens.js:1:763849
    at Array.forEach (<anonymous>)
    at Object.dispose (/home/devilunraveled/.vscode/extensions/eamodio.gitlens-14.4.0/dist/gitlens.js:1:763834)
    at o (/var/lib/snapd/snap/code/143/usr/share/code/resources/app/out/vs/workbench/api/node/extensionHostProcess.js:30:754)
    at s.cb (/var/lib/snapd/snap/code/143/usr/share/code/resources/app/out/vs/workbench/api/node/extensionHostProcess.js:136:9846)
    at /var/lib/snapd/snap/code/143/usr/share/code/resources/app/out/vs/workbench/api/node/extensionHostProcess.js:136:7796
    at Array.map (<anonymous>)
    at s.Y (/var/lib/snapd/snap/code/143/usr/share/code/resources/app/out/vs/workbench/api/node/extensionHostProcess.js:136:7784)
    at s.terminate (/var/lib/snapd/snap/code/143/usr/share/code/resources/app/out/vs/workbench/api/node/extensionHostProcess.js:136:8054)
    at o.terminate (/var/lib/snapd/snap/code/143/usr/share/code/resources/app/out/vs/workbench/api/node/extensionHostProcess.js:140:1513)
    at l (/var/lib/snapd/snap/code/143/usr/share/code/resources/app/out/vs/workbench/api/node/extensionHostProcess.js:153:9801)
    at MessagePortMain.<anonymous> (/var/lib/snapd/snap/code/143/usr/share/code/resources/app/out/vs/workbench/api/node/extensionHostProcess.js:153:6226)
    at MessagePortMain.emit (node:events:513:28)
    at Object.MessagePortMain._internalPort.emit (node:electron/js2c/utility_init:2:367) setContext undefined
2023-10-25 15:13:21.843 [error] Canceled: Canceled
    at new g (/var/lib/snapd/snap/code/143/usr/share/code/resources/app/out/vs/workbench/api/node/extensionHostProcess.js:125:57216)
    at i.U (/var/lib/snapd/snap/code/143/usr/share/code/resources/app/out/vs/workbench/api/node/extensionHostProcess.js:134:10864)
    at Proxy.M.<computed>.j.charCodeAt.M.<computed> (/var/lib/snapd/snap/code/143/usr/share/code/resources/app/out/vs/workbench/api/node/extensionHostProcess.js:134:8315)
    at n.g (/var/lib/snapd/snap/code/143/usr/share/code/resources/app/out/vs/workbench/api/node/extensionHostProcess.js:125:83747)
    at n.executeCommand (/var/lib/snapd/snap/code/143/usr/share/code/resources/app/out/vs/workbench/api/node/extensionHostProcess.js:125:83185)
    at b.registerCommand.description (/var/lib/snapd/snap/code/143/usr/share/code/resources/app/out/vs/workbench/api/node/extensionHostProcess.js:125:82506)
    at n.h (/var/lib/snapd/snap/code/143/usr/share/code/resources/app/out/vs/workbench/api/node/extensionHostProcess.js:125:84283)
    at n.g (/var/lib/snapd/snap/code/143/usr/share/code/resources/app/out/vs/workbench/api/node/extensionHostProcess.js:125:83278)
    at n.executeCommand (/var/lib/snapd/snap/code/143/usr/share/code/resources/app/out/vs/workbench/api/node/extensionHostProcess.js:125:83185)
    at Object.executeCommand (/var/lib/snapd/snap/code/143/usr/share/code/resources/app/out/vs/workbench/api/node/extensionHostProcess.js:140:21282)
    at w (/home/devilunraveled/.vscode/extensions/eamodio.gitlens-14.4.0/dist/gitlens.js:1:1065334)
    at l (/home/devilunraveled/.vscode/extensions/eamodio.gitlens-14.4.0/dist/gitlens.js:1:1069962)
    at ActionRunners._updateContextKeys (/home/devilunraveled/.vscode/extensions/eamodio.gitlens-14.4.0/dist/gitlens.js:1:38884)
    at s (/home/devilunraveled/.vscode/extensions/eamodio.gitlens-14.4.0/dist/gitlens.js:1:37303)
    at RegisteredActionRunner.unregister (/home/devilunraveled/.vscode/extensions/eamodio.gitlens-14.4.0/dist/gitlens.js:1:37447)
    at RegisteredActionRunner.dispose (/home/devilunraveled/.vscode/extensions/eamodio.gitlens-14.4.0/dist/gitlens.js:1:36110)
    at ActionRunners.dispose (/home/devilunraveled/.vscode/extensions/eamodio.gitlens-14.4.0/dist/gitlens.js:1:36889)
    at /home/devilunraveled/.vscode/extensions/eamodio.gitlens-14.4.0/dist/gitlens.js:1:763849
    at Array.forEach (<anonymous>)
    at Object.dispose (/home/devilunraveled/.vscode/extensions/eamodio.gitlens-14.4.0/dist/gitlens.js:1:763834)
    at o (/var/lib/snapd/snap/code/143/usr/share/code/resources/app/out/vs/workbench/api/node/extensionHostProcess.js:30:754)
    at s.cb (/var/lib/snapd/snap/code/143/usr/share/code/resources/app/out/vs/workbench/api/node/extensionHostProcess.js:136:9846)
    at /var/lib/snapd/snap/code/143/usr/share/code/resources/app/out/vs/workbench/api/node/extensionHostProcess.js:136:7796
    at Array.map (<anonymous>)
    at s.Y (/var/lib/snapd/snap/code/143/usr/share/code/resources/app/out/vs/workbench/api/node/extensionHostProcess.js:136:7784)
    at s.terminate (/var/lib/snapd/snap/code/143/usr/share/code/resources/app/out/vs/workbench/api/node/extensionHostProcess.js:136:8054)
    at o.terminate (/var/lib/snapd/snap/code/143/usr/share/code/resources/app/out/vs/workbench/api/node/extensionHostProcess.js:140:1513)
    at l (/var/lib/snapd/snap/code/143/usr/share/code/resources/app/out/vs/workbench/api/node/extensionHostProcess.js:153:9801)
    at MessagePortMain.<anonymous> (/var/lib/snapd/snap/code/143/usr/share/code/resources/app/out/vs/workbench/api/node/extensionHostProcess.js:153:6226)
    at MessagePortMain.emit (node:events:513:28)
    at Object.MessagePortMain._internalPort.emit (node:electron/js2c/utility_init:2:367) setContext undefined
2023-10-25 15:13:21.845 [error] Canceled: Canceled
    at new g (/var/lib/snapd/snap/code/143/usr/share/code/resources/app/out/vs/workbench/api/node/extensionHostProcess.js:125:57216)
    at i.U (/var/lib/snapd/snap/code/143/usr/share/code/resources/app/out/vs/workbench/api/node/extensionHostProcess.js:134:10864)
    at Proxy.M.<computed>.j.charCodeAt.M.<computed> (/var/lib/snapd/snap/code/143/usr/share/code/resources/app/out/vs/workbench/api/node/extensionHostProcess.js:134:8315)
    at n.g (/var/lib/snapd/snap/code/143/usr/share/code/resources/app/out/vs/workbench/api/node/extensionHostProcess.js:125:83747)
    at n.executeCommand (/var/lib/snapd/snap/code/143/usr/share/code/resources/app/out/vs/workbench/api/node/extensionHostProcess.js:125:83185)
    at b.registerCommand.description (/var/lib/snapd/snap/code/143/usr/share/code/resources/app/out/vs/workbench/api/node/extensionHostProcess.js:125:82506)
    at n.h (/var/lib/snapd/snap/code/143/usr/share/code/resources/app/out/vs/workbench/api/node/extensionHostProcess.js:125:84283)
    at n.g (/var/lib/snapd/snap/code/143/usr/share/code/resources/app/out/vs/workbench/api/node/extensionHostProcess.js:125:83278)
    at n.executeCommand (/var/lib/snapd/snap/code/143/usr/share/code/resources/app/out/vs/workbench/api/node/extensionHostProcess.js:125:83185)
    at Object.executeCommand (/var/lib/snapd/snap/code/143/usr/share/code/resources/app/out/vs/workbench/api/node/extensionHostProcess.js:140:21282)
    at w (/home/devilunraveled/.vscode/extensions/eamodio.gitlens-14.4.0/dist/gitlens.js:1:1065334)
    at l (/home/devilunraveled/.vscode/extensions/eamodio.gitlens-14.4.0/dist/gitlens.js:1:1069962)
    at ActionRunners._updateContextKeys (/home/devilunraveled/.vscode/extensions/eamodio.gitlens-14.4.0/dist/gitlens.js:1:38884)
    at s (/home/devilunraveled/.vscode/extensions/eamodio.gitlens-14.4.0/dist/gitlens.js:1:37303)
    at RegisteredActionRunner.unregister (/home/devilunraveled/.vscode/extensions/eamodio.gitlens-14.4.0/dist/gitlens.js:1:37447)
    at RegisteredActionRunner.dispose (/home/devilunraveled/.vscode/extensions/eamodio.gitlens-14.4.0/dist/gitlens.js:1:36110)
    at ActionRunners.dispose (/home/devilunraveled/.vscode/extensions/eamodio.gitlens-14.4.0/dist/gitlens.js:1:36889)
    at /home/devilunraveled/.vscode/extensions/eamodio.gitlens-14.4.0/dist/gitlens.js:1:763849
    at Array.forEach (<anonymous>)
    at Object.dispose (/home/devilunraveled/.vscode/extensions/eamodio.gitlens-14.4.0/dist/gitlens.js:1:763834)
    at o (/var/lib/snapd/snap/code/143/usr/share/code/resources/app/out/vs/workbench/api/node/extensionHostProcess.js:30:754)
    at s.cb (/var/lib/snapd/snap/code/143/usr/share/code/resources/app/out/vs/workbench/api/node/extensionHostProcess.js:136:9846)
    at /var/lib/snapd/snap/code/143/usr/share/code/resources/app/out/vs/workbench/api/node/extensionHostProcess.js:136:7796
    at Array.map (<anonymous>)
    at s.Y (/var/lib/snapd/snap/code/143/usr/share/code/resources/app/out/vs/workbench/api/node/extensionHostProcess.js:136:7784)
    at s.terminate (/var/lib/snapd/snap/code/143/usr/share/code/resources/app/out/vs/workbench/api/node/extensionHostProcess.js:136:8054)
    at o.terminate (/var/lib/snapd/snap/code/143/usr/share/code/resources/app/out/vs/workbench/api/node/extensionHostProcess.js:140:1513)
    at l (/var/lib/snapd/snap/code/143/usr/share/code/resources/app/out/vs/workbench/api/node/extensionHostProcess.js:153:9801)
    at MessagePortMain.<anonymous> (/var/lib/snapd/snap/code/143/usr/share/code/resources/app/out/vs/workbench/api/node/extensionHostProcess.js:153:6226)
    at MessagePortMain.emit (node:events:513:28)
    at Object.MessagePortMain._internalPort.emit (node:electron/js2c/utility_init:2:367) setContext undefined
2023-10-25 15:13:21.845 [error] Canceled: Canceled
    at new g (/var/lib/snapd/snap/code/143/usr/share/code/resources/app/out/vs/workbench/api/node/extensionHostProcess.js:125:57216)
    at i.U (/var/lib/snapd/snap/code/143/usr/share/code/resources/app/out/vs/workbench/api/node/extensionHostProcess.js:134:10864)
    at Proxy.M.<computed>.j.charCodeAt.M.<computed> (/var/lib/snapd/snap/code/143/usr/share/code/resources/app/out/vs/workbench/api/node/extensionHostProcess.js:134:8315)
    at n.g (/var/lib/snapd/snap/code/143/usr/share/code/resources/app/out/vs/workbench/api/node/extensionHostProcess.js:125:83747)
    at n.executeCommand (/var/lib/snapd/snap/code/143/usr/share/code/resources/app/out/vs/workbench/api/node/extensionHostProcess.js:125:83185)
    at b.registerCommand.description (/var/lib/snapd/snap/code/143/usr/share/code/resources/app/out/vs/workbench/api/node/extensionHostProcess.js:125:82506)
    at n.h (/var/lib/snapd/snap/code/143/usr/share/code/resources/app/out/vs/workbench/api/node/extensionHostProcess.js:125:84283)
    at n.g (/var/lib/snapd/snap/code/143/usr/share/code/resources/app/out/vs/workbench/api/node/extensionHostProcess.js:125:83278)
    at n.executeCommand (/var/lib/snapd/snap/code/143/usr/share/code/resources/app/out/vs/workbench/api/node/extensionHostProcess.js:125:83185)
    at Object.executeCommand (/var/lib/snapd/snap/code/143/usr/share/code/resources/app/out/vs/workbench/api/node/extensionHostProcess.js:140:21282)
    at w (/home/devilunraveled/.vscode/extensions/eamodio.gitlens-14.4.0/dist/gitlens.js:1:1065334)
    at l (/home/devilunraveled/.vscode/extensions/eamodio.gitlens-14.4.0/dist/gitlens.js:1:1069962)
    at ActionRunners._updateContextKeys (/home/devilunraveled/.vscode/extensions/eamodio.gitlens-14.4.0/dist/gitlens.js:1:38884)
    at s (/home/devilunraveled/.vscode/extensions/eamodio.gitlens-14.4.0/dist/gitlens.js:1:37303)
    at RegisteredActionRunner.unregister (/home/devilunraveled/.vscode/extensions/eamodio.gitlens-14.4.0/dist/gitlens.js:1:37447)
    at RegisteredActionRunner.dispose (/home/devilunraveled/.vscode/extensions/eamodio.gitlens-14.4.0/dist/gitlens.js:1:36110)
    at Object.dispose (/home/devilunraveled/.vscode/extensions/eamodio.gitlens-14.4.0/dist/gitlens.js:1:37544)
    at o (/var/lib/snapd/snap/code/143/usr/share/code/resources/app/out/vs/workbench/api/node/extensionHostProcess.js:30:754)
    at s.cb (/var/lib/snapd/snap/code/143/usr/share/code/resources/app/out/vs/workbench/api/node/extensionHostProcess.js:136:9846)
    at /var/lib/snapd/snap/code/143/usr/share/code/resources/app/out/vs/workbench/api/node/extensionHostProcess.js:136:7796
    at Array.map (<anonymous>)
    at s.Y (/var/lib/snapd/snap/code/143/usr/share/code/resources/app/out/vs/workbench/api/node/extensionHostProcess.js:136:7784)
    at s.terminate (/var/lib/snapd/snap/code/143/usr/share/code/resources/app/out/vs/workbench/api/node/extensionHostProcess.js:136:8054)
    at o.terminate (/var/lib/snapd/snap/code/143/usr/share/code/resources/app/out/vs/workbench/api/node/extensionHostProcess.js:140:1513)
    at l (/var/lib/snapd/snap/code/143/usr/share/code/resources/app/out/vs/workbench/api/node/extensionHostProcess.js:153:9801)
    at MessagePortMain.<anonymous> (/var/lib/snapd/snap/code/143/usr/share/code/resources/app/out/vs/workbench/api/node/extensionHostProcess.js:153:6226)
    at MessagePortMain.emit (node:events:513:28)
    at Object.MessagePortMain._internalPort.emit (node:electron/js2c/utility_init:2:367) setContext undefined
2023-10-25 15:13:21.847 [error] Canceled: Canceled
    at new g (/var/lib/snapd/snap/code/143/usr/share/code/resources/app/out/vs/workbench/api/node/extensionHostProcess.js:125:57216)
    at i.U (/var/lib/snapd/snap/code/143/usr/share/code/resources/app/out/vs/workbench/api/node/extensionHostProcess.js:134:10864)
    at Proxy.M.<computed>.j.charCodeAt.M.<computed> (/var/lib/snapd/snap/code/143/usr/share/code/resources/app/out/vs/workbench/api/node/extensionHostProcess.js:134:8315)
    at n.g (/var/lib/snapd/snap/code/143/usr/share/code/resources/app/out/vs/workbench/api/node/extensionHostProcess.js:125:83747)
    at n.executeCommand (/var/lib/snapd/snap/code/143/usr/share/code/resources/app/out/vs/workbench/api/node/extensionHostProcess.js:125:83185)
    at b.registerCommand.description (/var/lib/snapd/snap/code/143/usr/share/code/resources/app/out/vs/workbench/api/node/extensionHostProcess.js:125:82506)
    at n.h (/var/lib/snapd/snap/code/143/usr/share/code/resources/app/out/vs/workbench/api/node/extensionHostProcess.js:125:84283)
    at n.g (/var/lib/snapd/snap/code/143/usr/share/code/resources/app/out/vs/workbench/api/node/extensionHostProcess.js:125:83278)
    at n.executeCommand (/var/lib/snapd/snap/code/143/usr/share/code/resources/app/out/vs/workbench/api/node/extensionHostProcess.js:125:83185)
    at Object.executeCommand (/var/lib/snapd/snap/code/143/usr/share/code/resources/app/out/vs/workbench/api/node/extensionHostProcess.js:140:21282)
    at w (/home/devilunraveled/.vscode/extensions/eamodio.gitlens-14.4.0/dist/gitlens.js:1:1065334)
    at l (/home/devilunraveled/.vscode/extensions/eamodio.gitlens-14.4.0/dist/gitlens.js:1:1069962)
    at ActionRunners._updateContextKeys (/home/devilunraveled/.vscode/extensions/eamodio.gitlens-14.4.0/dist/gitlens.js:1:38884)
    at s (/home/devilunraveled/.vscode/extensions/eamodio.gitlens-14.4.0/dist/gitlens.js:1:37303)
    at RegisteredActionRunner.unregister (/home/devilunraveled/.vscode/extensions/eamodio.gitlens-14.4.0/dist/gitlens.js:1:37447)
    at RegisteredActionRunner.dispose (/home/devilunraveled/.vscode/extensions/eamodio.gitlens-14.4.0/dist/gitlens.js:1:36110)
    at Object.dispose (/home/devilunraveled/.vscode/extensions/eamodio.gitlens-14.4.0/dist/gitlens.js:1:37544)
    at o (/var/lib/snapd/snap/code/143/usr/share/code/resources/app/out/vs/workbench/api/node/extensionHostProcess.js:30:754)
    at s.cb (/var/lib/snapd/snap/code/143/usr/share/code/resources/app/out/vs/workbench/api/node/extensionHostProcess.js:136:9846)
    at /var/lib/snapd/snap/code/143/usr/share/code/resources/app/out/vs/workbench/api/node/extensionHostProcess.js:136:7796
    at Array.map (<anonymous>)
    at s.Y (/var/lib/snapd/snap/code/143/usr/share/code/resources/app/out/vs/workbench/api/node/extensionHostProcess.js:136:7784)
    at s.terminate (/var/lib/snapd/snap/code/143/usr/share/code/resources/app/out/vs/workbench/api/node/extensionHostProcess.js:136:8054)
    at o.terminate (/var/lib/snapd/snap/code/143/usr/share/code/resources/app/out/vs/workbench/api/node/extensionHostProcess.js:140:1513)
    at l (/var/lib/snapd/snap/code/143/usr/share/code/resources/app/out/vs/workbench/api/node/extensionHostProcess.js:153:9801)
    at MessagePortMain.<anonymous> (/var/lib/snapd/snap/code/143/usr/share/code/resources/app/out/vs/workbench/api/node/extensionHostProcess.js:153:6226)
    at MessagePortMain.emit (node:events:513:28)
    at Object.MessagePortMain._internalPort.emit (node:electron/js2c/utility_init:2:367) setContext undefined
2023-10-25 15:13:21.847 [error] Canceled: Canceled
    at new g (/var/lib/snapd/snap/code/143/usr/share/code/resources/app/out/vs/workbench/api/node/extensionHostProcess.js:125:57216)
    at i.U (/var/lib/snapd/snap/code/143/usr/share/code/resources/app/out/vs/workbench/api/node/extensionHostProcess.js:134:10864)
    at Proxy.M.<computed>.j.charCodeAt.M.<computed> (/var/lib/snapd/snap/code/143/usr/share/code/resources/app/out/vs/workbench/api/node/extensionHostProcess.js:134:8315)
    at n.g (/var/lib/snapd/snap/code/143/usr/share/code/resources/app/out/vs/workbench/api/node/extensionHostProcess.js:125:83747)
    at n.executeCommand (/var/lib/snapd/snap/code/143/usr/share/code/resources/app/out/vs/workbench/api/node/extensionHostProcess.js:125:83185)
    at b.registerCommand.description (/var/lib/snapd/snap/code/143/usr/share/code/resources/app/out/vs/workbench/api/node/extensionHostProcess.js:125:82506)
    at n.h (/var/lib/snapd/snap/code/143/usr/share/code/resources/app/out/vs/workbench/api/node/extensionHostProcess.js:125:84283)
    at n.g (/var/lib/snapd/snap/code/143/usr/share/code/resources/app/out/vs/workbench/api/node/extensionHostProcess.js:125:83278)
    at n.executeCommand (/var/lib/snapd/snap/code/143/usr/share/code/resources/app/out/vs/workbench/api/node/extensionHostProcess.js:125:83185)
    at Object.executeCommand (/var/lib/snapd/snap/code/143/usr/share/code/resources/app/out/vs/workbench/api/node/extensionHostProcess.js:140:21282)
    at w (/home/devilunraveled/.vscode/extensions/eamodio.gitlens-14.4.0/dist/gitlens.js:1:1065334)
    at l (/home/devilunraveled/.vscode/extensions/eamodio.gitlens-14.4.0/dist/gitlens.js:1:1069962)
    at ActionRunners._updateContextKeys (/home/devilunraveled/.vscode/extensions/eamodio.gitlens-14.4.0/dist/gitlens.js:1:38884)
    at s (/home/devilunraveled/.vscode/extensions/eamodio.gitlens-14.4.0/dist/gitlens.js:1:37303)
    at RegisteredActionRunner.unregister (/home/devilunraveled/.vscode/extensions/eamodio.gitlens-14.4.0/dist/gitlens.js:1:37447)
    at RegisteredActionRunner.dispose (/home/devilunraveled/.vscode/extensions/eamodio.gitlens-14.4.0/dist/gitlens.js:1:36110)
    at Object.dispose (/home/devilunraveled/.vscode/extensions/eamodio.gitlens-14.4.0/dist/gitlens.js:1:37544)
    at o (/var/lib/snapd/snap/code/143/usr/share/code/resources/app/out/vs/workbench/api/node/extensionHostProcess.js:30:754)
    at s.cb (/var/lib/snapd/snap/code/143/usr/share/code/resources/app/out/vs/workbench/api/node/extensionHostProcess.js:136:9846)
    at /var/lib/snapd/snap/code/143/usr/share/code/resources/app/out/vs/workbench/api/node/extensionHostProcess.js:136:7796
    at Array.map (<anonymous>)
    at s.Y (/var/lib/snapd/snap/code/143/usr/share/code/resources/app/out/vs/workbench/api/node/extensionHostProcess.js:136:7784)
    at s.terminate (/var/lib/snapd/snap/code/143/usr/share/code/resources/app/out/vs/workbench/api/node/extensionHostProcess.js:136:8054)
    at o.terminate (/var/lib/snapd/snap/code/143/usr/share/code/resources/app/out/vs/workbench/api/node/extensionHostProcess.js:140:1513)
    at l (/var/lib/snapd/snap/code/143/usr/share/code/resources/app/out/vs/workbench/api/node/extensionHostProcess.js:153:9801)
    at MessagePortMain.<anonymous> (/var/lib/snapd/snap/code/143/usr/share/code/resources/app/out/vs/workbench/api/node/extensionHostProcess.js:153:6226)
    at MessagePortMain.emit (node:events:513:28)
    at Object.MessagePortMain._internalPort.emit (node:electron/js2c/utility_init:2:367) setContext undefined
2023-10-25 15:13:21.848 [error] Canceled: Canceled
    at new g (/var/lib/snapd/snap/code/143/usr/share/code/resources/app/out/vs/workbench/api/node/extensionHostProcess.js:125:57216)
    at i.U (/var/lib/snapd/snap/code/143/usr/share/code/resources/app/out/vs/workbench/api/node/extensionHostProcess.js:134:10864)
    at Proxy.M.<computed>.j.charCodeAt.M.<computed> (/var/lib/snapd/snap/code/143/usr/share/code/resources/app/out/vs/workbench/api/node/extensionHostProcess.js:134:8315)
    at n.g (/var/lib/snapd/snap/code/143/usr/share/code/resources/app/out/vs/workbench/api/node/extensionHostProcess.js:125:83747)
    at n.executeCommand (/var/lib/snapd/snap/code/143/usr/share/code/resources/app/out/vs/workbench/api/node/extensionHostProcess.js:125:83185)
    at b.registerCommand.description (/var/lib/snapd/snap/code/143/usr/share/code/resources/app/out/vs/workbench/api/node/extensionHostProcess.js:125:82506)
    at n.h (/var/lib/snapd/snap/code/143/usr/share/code/resources/app/out/vs/workbench/api/node/extensionHostProcess.js:125:84283)
    at n.g (/var/lib/snapd/snap/code/143/usr/share/code/resources/app/out/vs/workbench/api/node/extensionHostProcess.js:125:83278)
    at n.executeCommand (/var/lib/snapd/snap/code/143/usr/share/code/resources/app/out/vs/workbench/api/node/extensionHostProcess.js:125:83185)
    at Object.executeCommand (/var/lib/snapd/snap/code/143/usr/share/code/resources/app/out/vs/workbench/api/node/extensionHostProcess.js:140:21282)
    at Object.dispose (/home/devilunraveled/.vscode/extensions/tabnine.tabnine-vscode-3.21.1/out/extension.js:17:91643)
    at v.<anonymous> (/var/lib/snapd/snap/code/143/usr/share/code/resources/app/out/vs/workbench/api/node/extensionHostProcess.js:121:3521)
    at v.dispose (/var/lib/snapd/snap/code/143/usr/share/code/resources/app/out/vs/workbench/api/node/extensionHostProcess.js:121:3618)
    at v.<anonymous> (/var/lib/snapd/snap/code/143/usr/share/code/resources/app/out/vs/workbench/api/node/extensionHostProcess.js:121:3521)
    at v.dispose (/var/lib/snapd/snap/code/143/usr/share/code/resources/app/out/vs/workbench/api/node/extensionHostProcess.js:121:3618)
    at /home/devilunraveled/.vscode/extensions/tabnine.tabnine-vscode-3.21.1/out/extension.js:17:31425
    at Array.forEach (<anonymous>)
    at h (/home/devilunraveled/.vscode/extensions/tabnine.tabnine-vscode-3.21.1/out/extension.js:17:31410)
    at Object.dispose (/home/devilunraveled/.vscode/extensions/tabnine.tabnine-vscode-3.21.1/out/extension.js:17:30853)
    at o (/var/lib/snapd/snap/code/143/usr/share/code/resources/app/out/vs/workbench/api/node/extensionHostProcess.js:30:754)
    at s.cb (/var/lib/snapd/snap/code/143/usr/share/code/resources/app/out/vs/workbench/api/node/extensionHostProcess.js:136:9846)
    at /var/lib/snapd/snap/code/143/usr/share/code/resources/app/out/vs/workbench/api/node/extensionHostProcess.js:136:7796
    at Array.map (<anonymous>)
    at s.Y (/var/lib/snapd/snap/code/143/usr/share/code/resources/app/out/vs/workbench/api/node/extensionHostProcess.js:136:7784)
    at s.terminate (/var/lib/snapd/snap/code/143/usr/share/code/resources/app/out/vs/workbench/api/node/extensionHostProcess.js:136:8054)
    at o.terminate (/var/lib/snapd/snap/code/143/usr/share/code/resources/app/out/vs/workbench/api/node/extensionHostProcess.js:140:1513)
    at l (/var/lib/snapd/snap/code/143/usr/share/code/resources/app/out/vs/workbench/api/node/extensionHostProcess.js:153:9801)
    at MessagePortMain.<anonymous> (/var/lib/snapd/snap/code/143/usr/share/code/resources/app/out/vs/workbench/api/node/extensionHostProcess.js:153:6226)
    at MessagePortMain.emit (node:events:513:28)
    at Object.MessagePortMain._internalPort.emit (node:electron/js2c/utility_init:2:367) setContext undefined
2023-10-25 15:13:22.833 [error] Error: Channel has been closed
    at r (/var/lib/snapd/snap/code/143/usr/share/code/resources/app/out/vs/workbench/api/node/extensionHostProcess.js:135:2490)
    at Object.appendLine (/var/lib/snapd/snap/code/143/usr/share/code/resources/app/out/vs/workbench/api/node/extensionHostProcess.js:135:2608)
    at Object.log (/home/devilunraveled/.vscode/extensions/tabnine.tabnine-vscode-3.21.1/out/extension.js:17:144772)
    at Object.error (/home/devilunraveled/.vscode/extensions/tabnine.tabnine-vscode-3.21.1/out/extension.js:17:145116)
    at t.default.request (/home/devilunraveled/.vscode/extensions/tabnine.tabnine-vscode-3.21.1/out/extension.js:17:32425)
    at async Promise.all (index 26)
    at s.Y (/var/lib/snapd/snap/code/143/usr/share/code/resources/app/out/vs/workbench/api/node/extensionHostProcess.js:136:7810)
2023-10-25 15:13:22.833 [info] Extension host with pid 33637 exiting with code 0
