(VSCode) 2024-08-31 16:41:36.055 [INFO]: No proxy settings found
(VSCode) 2024-08-31 16:41:38.905 [INFO]: Creating manager directory: /tmp/de4edd85-2046-4f66-a712-fd7ca0ef49d0/codeium/manager
(VSCode) 2024-08-31 16:41:39.263 [INFO]: Using cached LS with valid crc32: /home/devilunraveled/.vscode/extensions/codeium.codeium-1.14.12/dist/cee2c2c314ffa41c66be177dd11f9f894805e383/language_server_linux_x64
(VSCode) 2024-08-31 16:41:39.269 [INFO]: Language server started
2024/08/31 16:41:39 maxprocs: Leaving GOMAXPROCS=16: CPU quota undefined
I0831 16:41:39.390841 11939 main.go:416] [Logging] Initialized the logger
I0831 16:41:39.390893 11939 main.go:524] LS MANAGER: Setting GOMAXPROCS to 16
I0831 16:41:39.391007 11939 main.go:631] LS MANAGER: Release 1.14.12 (cee2c2c314ffa41c66be177dd11f9f894805e383)
I0831 16:41:39.391023 11939 main.go:708] LS MANAGER: Starting language server manager with pid 11939
I0831 16:41:39.391115 11939 main.go:119] LS MANAGER: Manager acquired its lock file /tmp/de4edd85-2046-4f66-a712-fd7ca0ef49d0/codeium/manager/locks/manager.lock
I0831 16:41:39.391595 11939 main.go:258] LS MANAGER: Waiting for random port file in /tmp/de4edd85-2046-4f66-a712-fd7ca0ef49d0/codeium/manager/child_random_port_1725102699391189961_4028980456345936207 to be created
2024/08/31 16:41:39 maxprocs: Leaving GOMAXPROCS=16: CPU quota undefined
I0831 16:41:39.517632 11965 main.go:416] [Logging] Initialized the logger
I0831 16:41:39.517670 11965 main.go:524] Setting GOMAXPROCS to 4
I0831 16:41:39.517839 11965 main.go:702] Starting language server process with pid 11965
I0831 16:41:39.517858 11965 server.go:167] Language server will attempt to listen on host 127.0.0.1
I0831 16:41:39.517968 11965 server.go:174] Language server listening on random port at 41209
I0831 16:41:39.518026 11965 proxy.go:113] proxyplease.proxy> No proxy provided. Attempting to infer from system.
I0831 16:41:39.518043 11965 proxy.go:113] proxyplease.proxy> No proxy could be determined. Assuming a direct connection.
I0831 16:41:39.518063 11965 client.go:589] [DEBUG] GET https://server.codeium.com/exa.api_server_pb.ApiServerService/GetCompletions
I0831 16:41:40.303807 11965 unleash.go:93] Initializing Unleash
I0831 16:41:41.085152 11965 unleash.go:113] Successfully initialized Unleash
E0831 16:41:41.094284 11965 client_manager.go:270] Metadata is nil when trying to refresh user JWT
I0831 16:41:41.094740 11965 server.go:371] Successfully created API server client
I0831 16:41:41.125906 11965 server.go:380] Successfully initialized tokenizer
E0831 16:41:41.126259 11965 context_module.go:374] unable to get default pinned context guideline: open /home/devilunraveled/.codeium/codeium_settings.yaml: no such file or directory
I0831 16:41:41.133843 11965 server.go:493] Local search is enabled, will index local files.
I0831 16:41:41.133858 11965 server.go:497] Using 4 indexer workers
I0831 16:41:41.134101 11965 sqlite_faiss_db_client.go:70] Using database at /home/devilunraveled/.codeium/database/9c0694567290725d9dcba14ade58e297/2/MODEL_EMBED_6591
I0831 16:41:41.148160 11965 sqlite_faiss_db_client.go:84] Successfully created embedding search database in 14ms
I0831 16:41:41.148349 11965 indexer.go:215] Using 4 embed workers
I0831 16:41:41.148379 11965 search_provider.go:269] Successfully created and started indexer
I0831 16:41:41.148398 11965 search_provider.go:299] Successfully created embedding search provider with db client: &{0xc001173600 0xc00177afa0}
I0831 16:41:41.574332 11965 server.go:572] Successfully created completion provider
I0831 16:41:41.574382 11965 server.go:622] Child process attempting to acquire lock file /tmp/de4edd85-2046-4f66-a712-fd7ca0ef49d0/codeium/manager/locks/child_lock_1725102699391228023_9190873503715038319
I0831 16:41:41.574434 11965 server.go:630] Child process acquired lock file /tmp/de4edd85-2046-4f66-a712-fd7ca0ef49d0/codeium/manager/locks/child_lock_1725102699391228023_9190873503715038319
I0831 16:41:41.577635 11965 server.go:194] LSP listening on random port at 37023
I0831 16:41:41.578014 11965 web_server.go:240] Chat Web Server listening at ws://127.0.0.1:35301
37023
I0831 16:41:41.607339 11939 main.go:294] LS MANAGER: Language server manager found random server port 41209
I0831 16:41:41.607367 11939 main.go:295] LS MANAGER: Language server manager found random lsp port 37023
I0831 16:41:41.607382 11939 main.go:302] LS MANAGER: Language server manager attempting to connect to language server at 127.0.0.1:41209
I0831 16:41:41.624080 11939 main.go:173] LS MANAGER: Fixing language server port at 41209
I0831 16:41:41.624114 11939 main.go:353] LS MANAGER: Language server manager successfully connected to new language server at 127.0.0.1:41209
(VSCode) 2024-08-31 16:41:41.688 [INFO]: Found language server running on port 41209
I0831 16:41:41.779598 11965 rpcs_miscellaneous.go:323] University version is up to date.
I0831 16:41:41.788686 11965 rpcs_miscellaneous.go:205] Downloading changelog from https://exafunction.github.io/public/changelog/1.14.md
I0831 16:41:41.805948 11965 rpcs_miscellaneous.go:209] No changelog found at https://exafunction.github.io/public/changelog/1.14.md
(VSCode) 2024-08-31 16:42:00.780 [INFO]: Completion request was cancelled by token (106.2ms)
(VSCode) 2024-08-31 16:42:00.945 [INFO]: Completion request was cancelled by token (81.35ms)
(VSCode) 2024-08-31 16:42:01.122 [INFO]: Completion request was cancelled by token (127.13ms)
(VSCode) 2024-08-31 16:42:01.282 [INFO]: Completion request was cancelled by token (110.15ms)
(VSCode) 2024-08-31 16:42:02.145 [INFO]: Completion request was cancelled by token (813.9ms)
(VSCode) 2024-08-31 16:42:02.406 [INFO]: Completion request was cancelled by token (210.39ms)
(VSCode) 2024-08-31 16:42:02.466 [INFO]: Completion request was cancelled by token (9.17ms)
(VSCode) 2024-08-31 16:42:02.682 [INFO]: Completion request was cancelled by token (165.68ms)
(VSCode) 2024-08-31 16:42:02.844 [INFO]: Completion request was cancelled by token (112.65ms)
(VSCode) 2024-08-31 16:42:02.999 [INFO]: Completion request was cancelled by token (107.34ms)
(VSCode) 2024-08-31 16:42:03.314 [INFO]: Completion request was cancelled by token (189.37ms)
(VSCode) 2024-08-31 16:42:03.902 [INFO]: Completion request succeeded (538.23ms)
(VSCode) 2024-08-31 16:42:03.905 [INFO]: Generated 1 completion
(VSCode) 2024-08-31 16:42:03.906 [INFO]: provideInlineCompletionItems request succeeded (542.56ms)
(VSCode) 2024-08-31 16:42:05.144 [INFO]: Completion request was cancelled by token (236.25ms)
(VSCode) 2024-08-31 16:42:11.278 [INFO]: Completion request was cancelled by token (138.42ms)
(VSCode) 2024-08-31 16:42:11.449 [INFO]: Completion request was cancelled by token (121.07ms)
(VSCode) 2024-08-31 16:42:11.608 [INFO]: Completion request was cancelled by token (109.43ms)
(VSCode) 2024-08-31 16:42:11.777 [INFO]: Completion request was cancelled by token (118.15ms)
(VSCode) 2024-08-31 16:42:11.977 [INFO]: Completion request was cancelled by token (150.05ms)
(VSCode) 2024-08-31 16:42:12.179 [INFO]: Completion request was cancelled by token (152.25ms)
(VSCode) 2024-08-31 16:42:12.673 [INFO]: Completion request succeeded (445.35ms)
(VSCode) 2024-08-31 16:42:12.675 [INFO]: Generated 1 completion
(VSCode) 2024-08-31 16:42:12.675 [INFO]: provideInlineCompletionItems request succeeded (448.58ms)
(VSCode) 2024-08-31 16:42:13.131 [INFO]: Completion request succeeded (3.96ms)
(VSCode) 2024-08-31 16:42:13.132 [INFO]: Generated 1 completion
(VSCode) 2024-08-31 16:42:13.133 [INFO]: provideInlineCompletionItems request succeeded (6.42ms)
(VSCode) 2024-08-31 16:42:13.618 [INFO]: Completion request succeeded (422.47ms)
(VSCode) 2024-08-31 16:42:13.620 [INFO]: Generated 1 completion
(VSCode) 2024-08-31 16:42:13.621 [INFO]: provideInlineCompletionItems request succeeded (425.94ms)
(VSCode) 2024-08-31 16:42:15.240 [INFO]: Completion request succeeded (869.71ms)
(VSCode) 2024-08-31 16:42:15.241 [INFO]: No completions were generated
(VSCode) 2024-08-31 16:42:15.241 [INFO]: provideInlineCompletionItems request succeeded (871.55ms)
(VSCode) 2024-08-31 16:42:46.190 [INFO]: Completion request was cancelled by token (610.76ms)
(VSCode) 2024-08-31 16:42:46.953 [INFO]: Completion request was cancelled by token (190.82ms)
(VSCode) 2024-08-31 16:42:47.522 [INFO]: Completion request succeeded (519.74ms)
(VSCode) 2024-08-31 16:42:47.523 [INFO]: Generated 1 completion
(VSCode) 2024-08-31 16:42:47.524 [INFO]: provideInlineCompletionItems request succeeded (521.82ms)
(VSCode) 2024-08-31 16:42:49.092 [INFO]: Completion request succeeded (1079.71ms)
(VSCode) 2024-08-31 16:42:49.093 [INFO]: Generated 4 completions
(VSCode) 2024-08-31 16:42:49.093 [INFO]: provideInlineCompletionItems request succeeded (1081.94ms)
(VSCode) 2024-08-31 16:43:06.797 [INFO]: Completion request was cancelled by token (609.74ms)
(VSCode) 2024-08-31 16:43:07.473 [INFO]: Completion request was cancelled by token (298.95ms)
(VSCode) 2024-08-31 16:43:07.571 [INFO]: Completion request was cancelled by token (50.35ms)
(VSCode) 2024-08-31 16:43:08.033 [INFO]: Completion request was cancelled by token (411.81ms)
(VSCode) 2024-08-31 16:43:08.999 [INFO]: Completion request succeeded (915.92ms)
(VSCode) 2024-08-31 16:43:09.000 [INFO]: Generated 1 completion
(VSCode) 2024-08-31 16:43:09.001 [INFO]: provideInlineCompletionItems request succeeded (917.91ms)
(VSCode) 2024-08-31 16:43:10.449 [INFO]: Completion request succeeded (413.17ms)
(VSCode) 2024-08-31 16:43:10.450 [INFO]: No completions were generated
(VSCode) 2024-08-31 16:43:10.450 [INFO]: provideInlineCompletionItems request succeeded (414.96ms)
(VSCode) 2024-08-31 16:43:13.317 [INFO]: Completion request was cancelled by token (610.66ms)
(VSCode) 2024-08-31 16:43:13.871 [INFO]: Completion request was cancelled by token (4.07ms)
(VSCode) 2024-08-31 16:43:14.494 [INFO]: Completion request was cancelled by token (282.5ms)
(VSCode) 2024-08-31 16:43:14.655 [INFO]: Completion request was cancelled by token (112.12ms)
(VSCode) 2024-08-31 16:43:14.807 [INFO]: Completion request was cancelled by token (102.43ms)
(VSCode) 2024-08-31 16:43:15.638 [INFO]: Completion request succeeded (780.81ms)
(VSCode) 2024-08-31 16:43:15.639 [INFO]: Generated 1 completion
(VSCode) 2024-08-31 16:43:15.640 [INFO]: provideInlineCompletionItems request succeeded (782.78ms)
(VSCode) 2024-08-31 16:43:17.431 [INFO]: Completion request was cancelled by token (351.95ms)
(VSCode) 2024-08-31 16:43:19.884 [INFO]: Completion request succeeded (466.11ms)
(VSCode) 2024-08-31 16:43:19.885 [INFO]: Generated 3 completions
(VSCode) 2024-08-31 16:43:19.885 [INFO]: provideInlineCompletionItems request succeeded (468.02ms)
(VSCode) 2024-08-31 16:43:20.615 [INFO]: Completion request succeeded (4.4ms)
(VSCode) 2024-08-31 16:43:20.617 [INFO]: Generated 1 completion
(VSCode) 2024-08-31 16:43:20.617 [INFO]: provideInlineCompletionItems request succeeded (7.09ms)
(VSCode) 2024-08-31 16:43:21.644 [INFO]: Completion request was cancelled by token (58.83ms)
(VSCode) 2024-08-31 16:43:22.071 [INFO]: Completion request was cancelled by token (377.68ms)
(VSCode) 2024-08-31 16:43:24.075 [INFO]: Completion request was cancelled by token (34.45ms)
(VSCode) 2024-08-31 16:43:24.227 [INFO]: Skipping completions because autocomplete is open
(VSCode) 2024-08-31 16:43:27.308 [INFO]: Skipping completions because autocomplete is open
(VSCode) 2024-08-31 16:43:27.508 [INFO]: Skipping completions because autocomplete is open
(VSCode) 2024-08-31 16:43:27.568 [INFO]: Skipping completions because autocomplete is open
(VSCode) 2024-08-31 16:43:27.659 [INFO]: Skipping completions because autocomplete is open
(VSCode) 2024-08-31 16:43:27.723 [INFO]: Skipping completions because autocomplete is open
(VSCode) 2024-08-31 16:43:27.953 [INFO]: Completion request was cancelled by token (119.01ms)
(VSCode) 2024-08-31 16:43:28.711 [INFO]: Completion request was cancelled by token (709.8ms)
(VSCode) 2024-08-31 16:43:29.055 [INFO]: Completion request succeeded (5.52ms)
(VSCode) 2024-08-31 16:43:29.058 [INFO]: Generated 1 completion
(VSCode) 2024-08-31 16:43:29.058 [INFO]: provideInlineCompletionItems request succeeded (8.92ms)
(VSCode) 2024-08-31 16:43:31.017 [INFO]: Completion request succeeded (3.58ms)
(VSCode) 2024-08-31 16:43:31.019 [INFO]: Generated 1 completion
(VSCode) 2024-08-31 16:43:31.019 [INFO]: provideInlineCompletionItems request succeeded (5.89ms)
(VSCode) 2024-08-31 16:43:31.133 [INFO]: Skipping completions because autocomplete is open
(VSCode) 2024-08-31 16:43:31.271 [INFO]: Skipping completions because autocomplete is open
(VSCode) 2024-08-31 16:43:32.055 [INFO]: Skipping completions because autocomplete is open
(VSCode) 2024-08-31 16:43:32.259 [INFO]: Completion request succeeded (3.77ms)
(VSCode) 2024-08-31 16:43:32.260 [INFO]: Generated 1 completion
(VSCode) 2024-08-31 16:43:32.261 [INFO]: provideInlineCompletionItems request succeeded (5.78ms)
(VSCode) 2024-08-31 16:43:32.319 [INFO]: Skipping completions because autocomplete is open
(VSCode) 2024-08-31 16:43:32.705 [INFO]: Completion request was cancelled by token (69.55ms)
(VSCode) 2024-08-31 16:43:33.192 [INFO]: Completion request succeeded (438.17ms)
(VSCode) 2024-08-31 16:43:33.193 [INFO]: Generated 1 completion
(VSCode) 2024-08-31 16:43:33.194 [INFO]: provideInlineCompletionItems request succeeded (440.09ms)
(VSCode) 2024-08-31 16:43:34.815 [INFO]: Completion request succeeded (870.71ms)
(VSCode) 2024-08-31 16:43:34.817 [INFO]: No completions were generated
(VSCode) 2024-08-31 16:43:34.817 [INFO]: provideInlineCompletionItems request succeeded (872.66ms)
(VSCode) 2024-08-31 16:44:15.668 [INFO]: Completion request was cancelled by token (26.49ms)
(VSCode) 2024-08-31 16:44:15.716 [INFO]: Skipping completions because autocomplete is open
(VSCode) 2024-08-31 16:44:15.856 [INFO]: Completion request was cancelled by token (69.18ms)
(VSCode) 2024-08-31 16:44:15.929 [INFO]: Completion request was cancelled by token (22.39ms)
(VSCode) 2024-08-31 16:44:16.016 [INFO]: Skipping completions because autocomplete is open
(VSCode) 2024-08-31 16:44:16.174 [INFO]: Skipping completions because autocomplete is open
(VSCode) 2024-08-31 16:44:16.246 [INFO]: Skipping completions because autocomplete is open
(VSCode) 2024-08-31 16:44:17.303 [INFO]: Completion request succeeded (421ms)
(VSCode) 2024-08-31 16:44:17.304 [INFO]: Generated 1 completion
(VSCode) 2024-08-31 16:44:17.305 [INFO]: provideInlineCompletionItems request succeeded (423.54ms)
(VSCode) 2024-08-31 16:44:18.124 [INFO]: Completion request succeeded (7.55ms)
(VSCode) 2024-08-31 16:44:18.126 [INFO]: Generated 1 completion
(VSCode) 2024-08-31 16:44:18.126 [INFO]: provideInlineCompletionItems request succeeded (10.02ms)
(VSCode) 2024-08-31 16:44:18.190 [INFO]: Skipping completions because autocomplete is open
(VSCode) 2024-08-31 16:44:18.818 [INFO]: Completion request succeeded (6.61ms)
(VSCode) 2024-08-31 16:44:18.819 [INFO]: Generated 1 completion
(VSCode) 2024-08-31 16:44:18.820 [INFO]: provideInlineCompletionItems request succeeded (8.81ms)
(VSCode) 2024-08-31 16:45:57.638 [INFO]: Completion request was cancelled by token (167.81ms)
(VSCode) 2024-08-31 16:45:58.369 [INFO]: Completion request was cancelled by token (24.91ms)
(VSCode) 2024-08-31 16:45:58.418 [INFO]: Skipping completions because autocomplete is open
(VSCode) 2024-08-31 16:45:58.605 [INFO]: Skipping completions because autocomplete is open
(VSCode) 2024-08-31 16:45:58.701 [INFO]: Skipping completions because autocomplete is open
(VSCode) 2024-08-31 16:45:58.757 [INFO]: Skipping completions because autocomplete is open
(VSCode) 2024-08-31 16:45:58.818 [INFO]: Skipping completions because autocomplete is open
(VSCode) 2024-08-31 16:45:59.279 [INFO]: Completion request was cancelled by token (10.44ms)
(VSCode) 2024-08-31 16:45:59.668 [INFO]: Completion request was cancelled by token (339.72ms)
(VSCode) 2024-08-31 16:46:00.070 [INFO]: Completion request was cancelled by token (27.04ms)
(VSCode) 2024-08-31 16:46:00.120 [INFO]: Skipping completions because autocomplete is open
(VSCode) 2024-08-31 16:46:00.388 [INFO]: Skipping completions because autocomplete is open
(VSCode) 2024-08-31 16:46:00.680 [INFO]: Skipping completions because autocomplete is open
(VSCode) 2024-08-31 16:46:00.739 [INFO]: Skipping completions because autocomplete is open
(VSCode) 2024-08-31 16:46:00.890 [INFO]: Skipping completions because autocomplete is open
(VSCode) 2024-08-31 16:46:01.184 [INFO]: Skipping completions because autocomplete is open
(VSCode) 2024-08-31 16:46:01.258 [INFO]: Skipping completions because autocomplete is open
(VSCode) 2024-08-31 16:46:01.750 [INFO]: Completion request was cancelled by token (24.81ms)
(VSCode) 2024-08-31 16:46:02.116 [INFO]: Completion request was cancelled by token (317.12ms)
(VSCode) 2024-08-31 16:46:02.514 [INFO]: Completion request was cancelled by token (24.4ms)
(VSCode) 2024-08-31 16:46:02.578 [INFO]: Skipping completions because autocomplete is open
(VSCode) 2024-08-31 16:46:02.692 [INFO]: Skipping completions because autocomplete is open
(VSCode) 2024-08-31 16:46:02.982 [INFO]: Skipping completions because autocomplete is open
(VSCode) 2024-08-31 16:46:03.114 [INFO]: Skipping completions because autocomplete is open
(VSCode) 2024-08-31 16:46:03.839 [INFO]: Completion request was cancelled by token (28.22ms)
(VSCode) 2024-08-31 16:46:04.353 [INFO]: Completion request succeeded (464.98ms)
(VSCode) 2024-08-31 16:46:04.355 [INFO]: Generated 3 completions
(VSCode) 2024-08-31 16:46:04.356 [INFO]: provideInlineCompletionItems request succeeded (468.05ms)
(VSCode) 2024-08-31 16:46:05.813 [INFO]: Completion request was cancelled by token (373.04ms)
(VSCode) 2024-08-31 16:46:06.331 [INFO]: Completion request was cancelled by token (71.1ms)
(VSCode) 2024-08-31 16:46:06.913 [INFO]: Completion request succeeded (532.08ms)
(VSCode) 2024-08-31 16:46:06.915 [INFO]: Generated 2 completions
(VSCode) 2024-08-31 16:46:06.915 [INFO]: provideInlineCompletionItems request succeeded (534.1ms)
(VSCode) 2024-08-31 16:46:08.581 [INFO]: Completion request succeeded (862.54ms)
(VSCode) 2024-08-31 16:46:08.582 [INFO]: No completions were generated
(VSCode) 2024-08-31 16:46:08.582 [INFO]: provideInlineCompletionItems request succeeded (864.8ms)
(VSCode) 2024-08-31 16:46:24.563 [INFO]: Completion request was cancelled by token (610.16ms)
(VSCode) 2024-08-31 16:46:25.404 [INFO]: Completion request was cancelled by token (267.07ms)
(VSCode) 2024-08-31 16:46:25.772 [INFO]: Completion request was cancelled by token (317.51ms)
(VSCode) 2024-08-31 16:46:26.414 [INFO]: Completion request was cancelled by token (354.53ms)
(VSCode) 2024-08-31 16:46:26.488 [INFO]: Completion request was cancelled by token (25.24ms)
(VSCode) 2024-08-31 16:46:26.575 [INFO]: Skipping completions because autocomplete is open
(VSCode) 2024-08-31 16:46:26.697 [INFO]: Skipping completions because autocomplete is open
(VSCode) 2024-08-31 16:46:26.754 [INFO]: Skipping completions because autocomplete is open
(VSCode) 2024-08-31 16:46:26.834 [INFO]: Skipping completions because autocomplete is open
(VSCode) 2024-08-31 16:46:27.358 [INFO]: Completion request was cancelled by token (40.32ms)
(VSCode) 2024-08-31 16:46:27.662 [INFO]: Completion request was cancelled by token (253.66ms)
(VSCode) 2024-08-31 16:46:28.049 [INFO]: Completion request was cancelled by token (17.83ms)
(VSCode) 2024-08-31 16:46:28.117 [INFO]: Skipping completions because autocomplete is open
(VSCode) 2024-08-31 16:46:28.289 [INFO]: Skipping completions because autocomplete is open
(VSCode) 2024-08-31 16:46:28.374 [INFO]: Skipping completions because autocomplete is open
(VSCode) 2024-08-31 16:46:29.155 [INFO]: Completion request succeeded (410.69ms)
(VSCode) 2024-08-31 16:46:29.156 [INFO]: No completions were generated
(VSCode) 2024-08-31 16:46:29.156 [INFO]: provideInlineCompletionItems request succeeded (412.63ms)
(VSCode) 2024-08-31 16:46:39.587 [INFO]: Completion request was cancelled by token (611.05ms)
(VSCode) 2024-08-31 16:46:39.869 [INFO]: Completion request was cancelled by token (153.64ms)
(VSCode) 2024-08-31 16:46:40.045 [INFO]: Completion request was cancelled by token (126.65ms)
(VSCode) 2024-08-31 16:46:40.424 [INFO]: Completion request was cancelled by token (329.35ms)
(VSCode) 2024-08-31 16:46:40.520 [INFO]: Completion request was cancelled by token (46.16ms)
(VSCode) 2024-08-31 16:46:40.592 [INFO]: Completion request was cancelled by token (22.58ms)
(VSCode) 2024-08-31 16:46:40.641 [INFO]: Skipping completions because autocomplete is open
(VSCode) 2024-08-31 16:46:40.762 [INFO]: Skipping completions because autocomplete is open
(VSCode) 2024-08-31 16:46:41.124 [INFO]: Completion request was cancelled by token (273.78ms)
(VSCode) 2024-08-31 16:46:41.720 [INFO]: Completion request succeeded (546.17ms)
(VSCode) 2024-08-31 16:46:41.721 [INFO]: Generated 1 completion
(VSCode) 2024-08-31 16:46:41.722 [INFO]: provideInlineCompletionItems request succeeded (548.31ms)
I0831 16:46:41.889194 11965 rpcs_miscellaneous.go:120] Memory stats: {"runtime":{"alloc":63356272,"heap_inuse":77398016,"heap_released":11591680,"heap_sys":140591104,"total_alloc":531882064,"stack_inuse":1507328,"sys":152923432,"num_goroutine":71},"proc":{"virt_size":2925408,"pss":384627}}
(VSCode) 2024-08-31 16:46:42.269 [INFO]: Completion request was cancelled by token (272.05ms)
(VSCode) 2024-08-31 16:46:42.413 [INFO]: Completion request was cancelled by token (94.18ms)
(VSCode) 2024-08-31 16:46:42.593 [INFO]: Completion request was cancelled by token (130.57ms)
(VSCode) 2024-08-31 16:46:42.908 [INFO]: Completion request was cancelled by token (221.23ms)
(VSCode) 2024-08-31 16:46:43.177 [INFO]: Completion request was cancelled by token (8.67ms)
(VSCode) 2024-08-31 16:46:43.470 [INFO]: Completion request was cancelled by token (244.85ms)
(VSCode) 2024-08-31 16:46:43.636 [INFO]: Completion request was cancelled by token (116.79ms)
(VSCode) 2024-08-31 16:46:43.751 [INFO]: Completion request was cancelled by token (65.6ms)
(VSCode) 2024-08-31 16:46:43.825 [INFO]: Completion request was cancelled by token (24.47ms)
(VSCode) 2024-08-31 16:46:43.932 [INFO]: Skipping completions because autocomplete is open
(VSCode) 2024-08-31 16:46:44.019 [INFO]: Skipping completions because autocomplete is open
(VSCode) 2024-08-31 16:46:44.205 [INFO]: Completion request was cancelled by token (83.28ms)
(VSCode) 2024-08-31 16:46:44.278 [INFO]: Completion request was cancelled by token (22.63ms)
(VSCode) 2024-08-31 16:46:44.374 [INFO]: Skipping completions because autocomplete is open
(VSCode) 2024-08-31 16:46:44.475 [INFO]: Skipping completions because autocomplete is open
(VSCode) 2024-08-31 16:46:44.775 [INFO]: Completion request was cancelled by token (237.57ms)
(VSCode) 2024-08-31 16:46:44.849 [INFO]: Completion request was cancelled by token (24.35ms)
(VSCode) 2024-08-31 16:46:44.919 [INFO]: Skipping completions because autocomplete is open
(VSCode) 2024-08-31 16:46:45.050 [INFO]: Skipping completions because autocomplete is open
(VSCode) 2024-08-31 16:46:45.152 [INFO]: Skipping completions because autocomplete is open
(VSCode) 2024-08-31 16:46:45.416 [INFO]: Completion request was cancelled by token (109.26ms)
(VSCode) 2024-08-31 16:46:45.481 [INFO]: Completion request was cancelled by token (15.86ms)
(VSCode) 2024-08-31 16:46:45.561 [INFO]: Skipping completions because autocomplete is open
(VSCode) 2024-08-31 16:46:45.861 [INFO]: Completion request was cancelled by token (163.04ms)
(VSCode) 2024-08-31 16:46:45.933 [INFO]: Completion request was cancelled by token (22.76ms)
(VSCode) 2024-08-31 16:46:45.983 [INFO]: Skipping completions because autocomplete is open
(VSCode) 2024-08-31 16:46:46.053 [INFO]: Skipping completions because autocomplete is open
(VSCode) 2024-08-31 16:46:46.252 [INFO]: Skipping completions because autocomplete is open
(VSCode) 2024-08-31 16:46:46.307 [INFO]: Skipping completions because autocomplete is open
(VSCode) 2024-08-31 16:46:47.021 [INFO]: Completion request succeeded (407.56ms)
(VSCode) 2024-08-31 16:46:47.023 [INFO]: No completions were generated
(VSCode) 2024-08-31 16:46:47.023 [INFO]: provideInlineCompletionItems request succeeded (409.81ms)
(VSCode) 2024-08-31 16:47:14.745 [INFO]: Completion request was cancelled by token (609.22ms)
(VSCode) 2024-08-31 16:47:15.116 [INFO]: Completion request was cancelled by token (117.76ms)
(VSCode) 2024-08-31 16:47:15.694 [INFO]: Completion request was cancelled by token (527.62ms)
(VSCode) 2024-08-31 16:47:16.038 [INFO]: Completion request was cancelled by token (246.34ms)
(VSCode) 2024-08-31 16:47:16.180 [INFO]: Completion request was cancelled by token (93.01ms)
(VSCode) 2024-08-31 16:47:16.301 [INFO]: Completion request was cancelled by token (70.78ms)
(VSCode) 2024-08-31 16:47:16.422 [INFO]: Completion request was cancelled by token (5.68ms)
(VSCode) 2024-08-31 16:47:16.573 [INFO]: Completion request was cancelled by token (20.97ms)
(VSCode) 2024-08-31 16:47:16.837 [INFO]: Completion request was cancelled by token (214.19ms)
(VSCode) 2024-08-31 16:47:17.512 [INFO]: Completion request succeeded (400.51ms)
(VSCode) 2024-08-31 16:47:17.513 [INFO]: No completions were generated
(VSCode) 2024-08-31 16:47:17.513 [INFO]: provideInlineCompletionItems request succeeded (402.36ms)
(VSCode) 2024-08-31 16:47:17.881 [INFO]: Completion request was cancelled by token (185.94ms)
(VSCode) 2024-08-31 16:47:17.946 [INFO]: Completion request was cancelled by token (14.2ms)
(VSCode) 2024-08-31 16:47:17.994 [INFO]: Skipping completions because autocomplete is open
(VSCode) 2024-08-31 16:47:18.330 [INFO]: Skipping completions because autocomplete is open
(VSCode) 2024-08-31 16:47:18.426 [INFO]: Skipping completions because autocomplete is open
(VSCode) 2024-08-31 16:47:18.556 [INFO]: Skipping completions because autocomplete is open
(VSCode) 2024-08-31 16:47:18.626 [INFO]: Skipping completions because autocomplete is open
(VSCode) 2024-08-31 16:47:19.300 [INFO]: Completion request was cancelled by token (292.81ms)
(VSCode) 2024-08-31 16:47:22.060 [INFO]: Completion request was cancelled by token (268.59ms)
(VSCode) 2024-08-31 16:47:23.009 [INFO]: Completion request was cancelled by token (18.98ms)
(VSCode) 2024-08-31 16:47:23.317 [INFO]: Completion request was cancelled by token (257.62ms)
(VSCode) 2024-08-31 16:47:24.682 [INFO]: Completion request was cancelled by token (20.56ms)
(VSCode) 2024-08-31 16:47:24.731 [INFO]: Skipping completions because autocomplete is open
(VSCode) 2024-08-31 16:47:27.595 [INFO]: Completion request was cancelled by token (21.91ms)
(VSCode) 2024-08-31 16:47:28.044 [INFO]: Completion request was cancelled by token (332.13ms)
(VSCode) 2024-08-31 16:47:28.788 [INFO]: Completion request was cancelled by token (694.97ms)
(VSCode) 2024-08-31 16:47:29.595 [INFO]: Skipping completions because autocomplete is open
(VSCode) 2024-08-31 16:47:30.873 [INFO]: Completion request succeeded (417.97ms)
(VSCode) 2024-08-31 16:47:30.875 [INFO]: Generated 1 completion
(VSCode) 2024-08-31 16:47:30.875 [INFO]: provideInlineCompletionItems request succeeded (420.22ms)
(VSCode) 2024-08-31 16:47:31.718 [INFO]: Completion request was cancelled by token (772.45ms)
(VSCode) 2024-08-31 16:47:31.792 [INFO]: Completion request was cancelled by token (24.39ms)
(VSCode) 2024-08-31 16:47:31.843 [INFO]: Skipping completions because autocomplete is open
(VSCode) 2024-08-31 16:47:37.427 [INFO]: Skipping completions because autocomplete is open
(VSCode) 2024-08-31 16:47:38.463 [INFO]: Skipping completions because autocomplete is open
(VSCode) 2024-08-31 16:47:39.480 [INFO]: Completion request was cancelled by token (8ms)
(VSCode) 2024-08-31 16:47:39.531 [INFO]: Skipping completions because autocomplete is open
(VSCode) 2024-08-31 16:47:41.952 [INFO]: Completion request succeeded (418.65ms)
(VSCode) 2024-08-31 16:47:41.954 [INFO]: No completions were generated
(VSCode) 2024-08-31 16:47:41.954 [INFO]: provideInlineCompletionItems request succeeded (420.4ms)
(VSCode) 2024-08-31 16:47:45.427 [INFO]: Skipping completions because autocomplete is open
(VSCode) 2024-08-31 16:48:03.525 [INFO]: Completion request was cancelled by token (142.55ms)
(VSCode) 2024-08-31 16:48:03.669 [INFO]: Completion request was cancelled by token (95.4ms)
(VSCode) 2024-08-31 16:48:03.788 [INFO]: Completion request was cancelled by token (70.2ms)
(VSCode) 2024-08-31 16:48:04.188 [INFO]: Completion request was cancelled by token (350.38ms)
(VSCode) 2024-08-31 16:48:04.440 [INFO]: Completion request was cancelled by token (203ms)
(VSCode) 2024-08-31 16:48:04.538 [INFO]: Completion request was cancelled by token (11.58ms)
(VSCode) 2024-08-31 16:48:04.617 [INFO]: Skipping completions because autocomplete is open
(VSCode) 2024-08-31 16:48:07.080 [INFO]: Completion request succeeded (416.95ms)
(VSCode) 2024-08-31 16:48:07.081 [INFO]: Generated 1 completion
(VSCode) 2024-08-31 16:48:07.082 [INFO]: provideInlineCompletionItems request succeeded (419.07ms)
(VSCode) 2024-08-31 16:48:07.715 [INFO]: Completion request was cancelled by token (125.86ms)
(VSCode) 2024-08-31 16:48:08.656 [INFO]: Completion request succeeded (891.21ms)
(VSCode) 2024-08-31 16:48:08.658 [INFO]: Generated 1 completion
(VSCode) 2024-08-31 16:48:08.658 [INFO]: provideInlineCompletionItems request succeeded (893.62ms)
(VSCode) 2024-08-31 16:48:09.060 [INFO]: Completion request succeeded (3.34ms)
(VSCode) 2024-08-31 16:48:09.061 [INFO]: Generated 1 completion
(VSCode) 2024-08-31 16:48:09.061 [INFO]: provideInlineCompletionItems request succeeded (5.03ms)
(VSCode) 2024-08-31 16:48:09.144 [INFO]: Skipping completions because autocomplete is open
(VSCode) 2024-08-31 16:48:10.411 [INFO]: Completion request succeeded (413.84ms)
(VSCode) 2024-08-31 16:48:10.412 [INFO]: No completions were generated
(VSCode) 2024-08-31 16:48:10.413 [INFO]: provideInlineCompletionItems request succeeded (415.79ms)
(VSCode) 2024-08-31 16:48:15.776 [INFO]: Completion request succeeded (862.45ms)
(VSCode) 2024-08-31 16:48:15.778 [INFO]: No completions were generated
(VSCode) 2024-08-31 16:48:15.778 [INFO]: provideInlineCompletionItems request succeeded (864.37ms)
(VSCode) 2024-08-31 16:48:24.746 [INFO]: Completion request succeeded (581.84ms)
(VSCode) 2024-08-31 16:48:24.747 [INFO]: No completions were generated
(VSCode) 2024-08-31 16:48:24.747 [INFO]: provideInlineCompletionItems request succeeded (583.79ms)
(VSCode) 2024-08-31 16:48:26.574 [INFO]: Completion request succeeded (572.35ms)
(VSCode) 2024-08-31 16:48:26.576 [INFO]: No completions were generated
(VSCode) 2024-08-31 16:48:26.576 [INFO]: provideInlineCompletionItems request succeeded (574.2ms)
(VSCode) 2024-08-31 16:48:38.038 [INFO]: Completion request succeeded (408.58ms)
(VSCode) 2024-08-31 16:48:38.039 [INFO]: No completions were generated
(VSCode) 2024-08-31 16:48:38.039 [INFO]: provideInlineCompletionItems request succeeded (410.33ms)
(VSCode) 2024-08-31 16:48:39.489 [INFO]: Completion request succeeded (407.19ms)
(VSCode) 2024-08-31 16:48:39.490 [INFO]: No completions were generated
(VSCode) 2024-08-31 16:48:39.490 [INFO]: provideInlineCompletionItems request succeeded (408.96ms)
(VSCode) 2024-08-31 16:48:47.404 [INFO]: Completion request was cancelled by token (494.08ms)
(VSCode) 2024-08-31 16:48:48.723 [INFO]: Completion request succeeded (476.97ms)
(VSCode) 2024-08-31 16:48:48.725 [INFO]: Generated 4 completions
(VSCode) 2024-08-31 16:48:48.725 [INFO]: provideInlineCompletionItems request succeeded (479.11ms)
(VSCode) 2024-08-31 16:48:57.050 [INFO]: Completion request was cancelled by token (25.22ms)
(VSCode) 2024-08-31 16:48:57.100 [INFO]: Skipping completions because autocomplete is open
(VSCode) 2024-08-31 16:48:57.231 [INFO]: Skipping completions because autocomplete is open
(VSCode) 2024-08-31 16:48:59.362 [INFO]: Completion request was cancelled by token (146.29ms)
(VSCode) 2024-08-31 16:48:59.812 [INFO]: Completion request was cancelled by token (406.89ms)
(VSCode) 2024-08-31 16:49:00.027 [INFO]: Completion request was cancelled by token (166.11ms)
(VSCode) 2024-08-31 16:49:00.840 [INFO]: Completion request succeeded (763.34ms)
(VSCode) 2024-08-31 16:49:00.842 [INFO]: Generated 1 completion
(VSCode) 2024-08-31 16:49:00.842 [INFO]: provideInlineCompletionItems request succeeded (765.17ms)
(VSCode) 2024-08-31 16:49:02.574 [INFO]: Completion request succeeded (409.67ms)
(VSCode) 2024-08-31 16:49:02.575 [INFO]: No completions were generated
(VSCode) 2024-08-31 16:49:02.575 [INFO]: provideInlineCompletionItems request succeeded (411.5ms)
(VSCode) 2024-08-31 16:49:17.060 [INFO]: Completion request was cancelled by token (149.57ms)
(VSCode) 2024-08-31 16:49:17.744 [INFO]: Completion request succeeded (681.89ms)
(VSCode) 2024-08-31 16:49:17.746 [INFO]: No completions were generated
(VSCode) 2024-08-31 16:49:17.746 [INFO]: provideInlineCompletionItems request succeeded (683.89ms)
(VSCode) 2024-08-31 16:49:50.835 [INFO]: Completion request succeeded (581.27ms)
(VSCode) 2024-08-31 16:49:50.836 [INFO]: Generated 1 completion
(VSCode) 2024-08-31 16:49:50.837 [INFO]: provideInlineCompletionItems request succeeded (583.62ms)
(VSCode) 2024-08-31 16:49:51.883 [INFO]: Completion request succeeded (447.56ms)
(VSCode) 2024-08-31 16:49:51.885 [INFO]: Generated 2 completions
(VSCode) 2024-08-31 16:49:51.885 [INFO]: provideInlineCompletionItems request succeeded (449.5ms)
(VSCode) 2024-08-31 16:49:53.978 [INFO]: Completion request succeeded (422.15ms)
(VSCode) 2024-08-31 16:49:53.979 [INFO]: No completions were generated
(VSCode) 2024-08-31 16:49:53.979 [INFO]: provideInlineCompletionItems request succeeded (423.81ms)
(VSCode) 2024-08-31 16:50:45.338 [INFO]: Disposing language server process
(VSCode) 2024-08-31 16:50:45.338 [INFO]: Deleting manager directory: /tmp/de4edd85-2046-4f66-a712-fd7ca0ef49d0/codeium/manager
(VSCode) 2024-08-31 16:50:45.339 [INFO]: Successfully disposed language server
W0831 16:50:45.338474 11939 main.go:123] LS MANAGER: Language server manager got signal terminated, shutting down
