2023-07-13 19:15:47.345 [info] Added views:workbench.panel.markers.view in workbench.panel.markers
2023-07-13 19:15:47.345 [info] Added views:workbench.panel.output in workbench.panel.output
2023-07-13 19:15:47.345 [info] Added views:terminal in terminal
2023-07-13 19:15:47.345 [info] Added views:outline in workbench.view.explorer
2023-07-13 19:15:47.345 [info] Added views:workbench.scm in workbench.view.scm
2023-07-13 19:15:47.345 [info] Added views:workbench.view.search in workbench.view.search
2023-07-13 19:15:47.345 [info] Added views:timeline in workbench.view.explorer
2023-07-13 19:15:47.345 [info] Added views:workbench.explorer.emptyView in workbench.view.explorer
2023-07-13 19:15:47.589 [info] Added views:bookmarksExplorer,bookmarksHelpAndFeedback in workbench.view.extension.bookmarks
2023-07-13 19:15:47.590 [info] Added views:projectsExplorerFavorites,projectManagerHelpAndFeedback in workbench.view.extension.project-manager
2023-07-13 19:15:47.591 [info] Added views:gitlens.views.home,gitlens.views.workspaces,gitlens.views.account in workbench.view.extension.gitlens
2023-07-13 19:15:47.591 [info] Added views:gitlens.views.commitDetails,gitlens.views.lineHistory,gitlens.views.fileHistory,gitlens.views.searchAndCompare in workbench.view.extension.gitlensInspect
2023-07-13 19:15:47.592 [info] Added views:gitlens.views.commits,gitlens.views.branches,gitlens.views.remotes,gitlens.views.stashes,gitlens.views.tags in workbench.view.scm
2023-07-13 19:15:47.592 [info] Added views:mongoDBConnectionExplorer,mongoDBPlaygroundsExplorer,mongoDBHelpExplorer in workbench.view.extension.mongoDB
2023-07-13 19:15:47.593 [info] Added views:dockerContainers,dockerImages,dockerRegistries,dockerNetworks,dockerVolumes,vscode-docker.views.dockerContexts,vscode-docker.views.help in workbench.view.extension.dockerView
2023-07-13 19:15:47.593 [info] Added views:targetsContainers,devVolumes in workbench.view.remote
2023-07-13 19:15:47.781 [info] Added views:workbench.debug.variablesView,workbench.debug.watchExpressionsView,workbench.debug.callStackView,workbench.debug.breakPointsView in workbench.view.debug
2023-07-13 19:15:47.807 [info] Added views:workbench.panel.repl.view in workbench.panel.repl
2023-07-13 19:15:47.809 [info] Removed views:workbench.debug.breakPointsView,workbench.debug.callStackView,workbench.debug.watchExpressionsView,workbench.debug.variablesView from workbench.view.debug
2023-07-13 19:15:47.809 [info] Added views:workbench.debug.welcome in workbench.view.debug
2023-07-13 19:15:47.926 [info] Added views:workbench.panel.comments in workbench.panel.comments
2023-07-13 19:15:48.501 [info] Added views:projectsExplorerGit in workbench.view.extension.project-manager
2023-07-13 19:15:48.548 [info] Removed views:gitlens.views.searchAndCompare,gitlens.views.fileHistory,gitlens.views.lineHistory,gitlens.views.commitDetails from workbench.view.extension.gitlensInspect
2023-07-13 19:15:48.549 [info] Removed views:gitlens.views.tags,gitlens.views.stashes,gitlens.views.remotes,gitlens.views.branches,gitlens.views.commits from workbench.view.scm
2023-07-13 19:15:48.947 [info] Added views:tabnine-home in workbench.view.extension.tabnine-access
2023-07-13 19:15:48.948 [info] Added views:tabnine-notifications in workbench.view.extension.tabnine-access
2023-07-13 19:15:48.949 [info] Added views:tabnine-today in workbench.view.extension.tabnine-access
2023-07-13 19:16:27.622 [info] Added views:workbench.panel.markers.view in workbench.panel.markers
2023-07-13 19:16:27.622 [info] Added views:workbench.panel.output in workbench.panel.output
2023-07-13 19:16:27.622 [info] Added views:terminal in terminal
2023-07-13 19:16:27.622 [info] Added views:outline in workbench.view.explorer
2023-07-13 19:16:27.622 [info] Added views:workbench.scm in workbench.view.scm
2023-07-13 19:16:27.622 [info] Added views:workbench.view.search in workbench.view.search
2023-07-13 19:16:27.622 [info] Added views:timeline in workbench.view.explorer
2023-07-13 19:16:27.622 [info] Added views:workbench.explorer.fileView in workbench.view.explorer
2023-07-13 19:16:27.901 [info] Added views:bookmarksExplorer,bookmarksHelpAndFeedback in workbench.view.extension.bookmarks
2023-07-13 19:16:27.902 [info] Added views:projectsExplorerFavorites,projectManagerHelpAndFeedback in workbench.view.extension.project-manager
2023-07-13 19:16:27.902 [info] Added views:gitlens.views.home,gitlens.views.workspaces,gitlens.views.account in workbench.view.extension.gitlens
2023-07-13 19:16:27.903 [info] Added views:gitlens.views.commitDetails,gitlens.views.lineHistory,gitlens.views.fileHistory,gitlens.views.searchAndCompare in workbench.view.extension.gitlensInspect
2023-07-13 19:16:27.903 [info] Added views:gitlens.views.commits,gitlens.views.branches,gitlens.views.remotes,gitlens.views.stashes,gitlens.views.tags in workbench.view.scm
2023-07-13 19:16:27.904 [info] Added views:mongoDBConnectionExplorer,mongoDBPlaygroundsExplorer,mongoDBHelpExplorer in workbench.view.extension.mongoDB
2023-07-13 19:16:27.904 [info] Added views:dockerContainers,dockerImages,dockerRegistries,dockerNetworks,dockerVolumes,vscode-docker.views.dockerContexts,vscode-docker.views.help in workbench.view.extension.dockerView
2023-07-13 19:16:27.905 [info] Added views:targetsContainers,devVolumes in workbench.view.remote
2023-07-13 19:16:28.112 [info] Added views:workbench.debug.variablesView,workbench.debug.watchExpressionsView,workbench.debug.callStackView,workbench.debug.breakPointsView in workbench.view.debug
2023-07-13 19:16:28.141 [info] Added views:workbench.panel.repl.view in workbench.panel.repl
2023-07-13 19:16:28.143 [info] Removed views:workbench.debug.breakPointsView,workbench.debug.callStackView,workbench.debug.watchExpressionsView,workbench.debug.variablesView from workbench.view.debug
2023-07-13 19:16:28.143 [info] Added views:workbench.debug.welcome in workbench.view.debug
2023-07-13 19:16:28.245 [info] Added views:workbench.panel.comments in workbench.panel.comments
2023-07-13 19:16:28.853 [info] Added views:projectsExplorerGit in workbench.view.extension.project-manager
2023-07-13 19:16:29.184 [info] Removed views:gitlens.views.searchAndCompare,gitlens.views.fileHistory,gitlens.views.lineHistory,gitlens.views.commitDetails from workbench.view.extension.gitlensInspect
2023-07-13 19:16:29.186 [info] Removed views:gitlens.views.tags,gitlens.views.stashes,gitlens.views.remotes,gitlens.views.branches,gitlens.views.commits from workbench.view.scm
2023-07-13 19:16:29.308 [info] Added views:tabnine-home in workbench.view.extension.tabnine-access
2023-07-13 19:16:29.309 [info] Added views:tabnine-notifications in workbench.view.extension.tabnine-access
2023-07-13 19:16:29.310 [info] Added views:tabnine-today in workbench.view.extension.tabnine-access
