2023-03-11 15:45:18.907 [info] Log level: Info
2023-03-11 15:45:18.907 [info] Validating found git in: "git"
2023-03-11 15:45:18.907 [info] Using git "2.39.2" from "git"
2023-03-11 15:45:41.627 [info] Log level: Info
2023-03-11 15:45:41.627 [info] Validating found git in: "git"
2023-03-11 15:45:41.627 [info] Using git "2.39.2" from "git"
2023-03-11 15:45:41.630 [info] > git rev-parse --show-toplevel [14ms]
2023-03-11 15:45:41.630 [info] fatal: not a git repository (or any of the parent directories): .git
2023-03-11 15:45:41.643 [info] > git rev-parse --show-toplevel [7ms]
2023-03-11 15:45:41.643 [info] fatal: not a git repository (or any of the parent directories): .git
2023-03-11 15:45:41.651 [info] > git rev-parse --show-toplevel [0ms]
2023-03-11 15:45:41.651 [info] fatal: not a git repository (or any of the parent directories): .git
2023-03-11 15:45:41.656 [info] > git rev-parse --show-toplevel [1ms]
2023-03-11 15:45:41.656 [info] fatal: not a git repository (or any of the parent directories): .git
2023-03-11 15:46:06.658 [info] > git rev-parse --show-toplevel [13ms]
2023-03-11 15:46:06.658 [info] fatal: not a git repository (or any of the parent directories): .git
2023-03-11 15:48:34.292 [info] > git rev-parse --show-toplevel [12ms]
2023-03-11 15:48:34.292 [info] fatal: not a git repository (or any of the parent directories): .git
2023-03-11 15:54:41.360 [info] > git rev-parse --show-toplevel [3ms]
2023-03-11 15:54:41.360 [info] fatal: not a git repository (or any of the parent directories): .git
2023-03-11 15:54:47.043 [info] > git rev-parse --show-toplevel [4ms]
2023-03-11 15:54:47.043 [info] fatal: not a git repository (or any of the parent directories): .git
2023-03-11 15:54:50.875 [info] > git rev-parse --show-toplevel [3ms]
2023-03-11 15:54:50.875 [info] fatal: not a git repository (or any of the parent directories): .git
2023-03-11 15:59:26.181 [info] > git rev-parse --show-toplevel [4ms]
2023-03-11 15:59:26.181 [info] fatal: not a git repository (or any of the parent directories): .git
2023-03-11 15:59:30.079 [info] > git rev-parse --show-toplevel [3ms]
2023-03-11 15:59:30.079 [info] fatal: not a git repository (or any of the parent directories): .git
2023-03-11 16:02:33.693 [info] > git rev-parse --show-toplevel [7ms]
2023-03-11 16:02:33.693 [info] fatal: not a git repository (or any of the parent directories): .git
2023-03-11 16:02:48.800 [info] > git rev-parse --show-toplevel [5ms]
2023-03-11 16:02:48.800 [info] fatal: not a git repository (or any of the parent directories): .git
2023-03-11 16:02:51.963 [info] > git rev-parse --show-toplevel [3ms]
2023-03-11 16:02:51.963 [info] fatal: not a git repository (or any of the parent directories): .git
2023-03-11 16:02:53.464 [info] > git rev-parse --show-toplevel [4ms]
2023-03-11 16:02:53.464 [info] fatal: not a git repository (or any of the parent directories): .git
2023-03-11 16:02:54.401 [info] > git rev-parse --show-toplevel [4ms]
2023-03-11 16:02:54.401 [info] fatal: not a git repository (or any of the parent directories): .git
2023-03-11 16:03:13.994 [info] > git rev-parse --show-toplevel [8ms]
2023-03-11 16:03:13.994 [info] fatal: not a git repository (or any of the parent directories): .git
2023-03-11 16:03:20.117 [info] > git rev-parse --show-toplevel [7ms]
2023-03-11 16:03:20.117 [info] fatal: not a git repository (or any of the parent directories): .git
2023-03-11 16:03:26.242 [info] > git rev-parse --show-toplevel [3ms]
2023-03-11 16:03:26.242 [info] fatal: not a git repository (or any of the parent directories): .git
2023-03-11 16:04:08.426 [info] > git rev-parse --show-toplevel [8ms]
2023-03-11 16:04:08.426 [info] fatal: not a git repository (or any of the parent directories): .git
2023-03-11 16:04:24.472 [info] > git rev-parse --show-toplevel [7ms]
2023-03-11 16:04:24.472 [info] fatal: not a git repository (or any of the parent directories): .git
2023-03-11 16:04:35.694 [info] > git rev-parse --show-toplevel [8ms]
2023-03-11 16:04:35.694 [info] fatal: not a git repository (or any of the parent directories): .git
2023-03-11 16:04:53.946 [info] > git rev-parse --show-toplevel [3ms]
2023-03-11 16:04:53.946 [info] fatal: not a git repository (or any of the parent directories): .git
2023-03-11 16:04:56.455 [info] > git rev-parse --show-toplevel [2ms]
2023-03-11 16:04:56.456 [info] fatal: not a git repository (or any of the parent directories): .git
2023-03-11 16:04:58.651 [info] > git rev-parse --show-toplevel [5ms]
2023-03-11 16:04:58.651 [info] fatal: not a git repository (or any of the parent directories): .git
