2023-04-25T03:42:11.019Z extension INFO  Activating extension... []

2023-04-25T03:42:11.020Z telemetry INFO  SegmentKey received [ { type: 'string' } ]

2023-04-25T03:42:11.021Z language server controller INFO  Create MongoDB Language Server [
  {
    serverOptions: { run: [Object], debug: [Object] },
    clientOptions: {
      documentSelector: [Array],
      synchronize: [Object],
      outputChannel: [Object]
    }
  }
]

2023-04-25T03:42:11.023Z playground controller INFO  Active editor path [
  '/home/devilunraveled/Projects/DASS/Product Labs/DASS2k23-Team-5/backend/LangLink.txt'
]

2023-04-25T03:42:11.024Z explorer controller INFO  Activating explorer controller... []

2023-04-25T03:42:11.024Z explorer controller INFO  Explorer controller activated []

2023-04-25T03:42:11.024Z help and info explorer INFO  Activating help explorer... []

2023-04-25T03:42:11.024Z help and info explorer INFO  Help explorer activated []

2023-04-25T03:42:11.024Z playgrounds explorer INFO  Activating playgrounds explorer... []

2023-04-25T03:42:11.024Z playgrounds explorer INFO  Playgrounds explorer activated []

2023-04-25T03:42:11.024Z telemetry INFO  Activating segment analytics... []

2023-04-25T03:42:11.025Z telemetry INFO  Segment analytics activated with properties [ { anonymousId: '74d6cac2-09d5-4d14-b710-759e25c6ca60' } ]

2023-04-25T03:42:11.330Z commands INFO  Registering commands... []

2023-04-25T03:42:11.336Z commands INFO  Commands registered []

2023-04-25T03:42:11.336Z extension INFO  Extension activated []

2023-04-25T03:42:59.205Z playground controller INFO  Active editor path [ undefined ]

2023-04-25T03:42:59.292Z playground controller INFO  Active editor path [
  '/home/devilunraveled/Projects/DASS/Product Labs/DASS2k23-Team-5/backend/.env'
]

2023-04-25T04:20:06.675Z connection controller INFO  Disconnect called, currently connected to [ null ]

2023-04-25T04:20:06.678Z connection controller INFO  Disconnect called, currently connected to [ null ]

