2024-05-03T13:13:50.865Z 0: 

----------------------------------------------
2024-05-03T13:13:50.898Z 1: Discord starting: {"releaseChannel":"stable","version":"0.0.52"}, modulepath: /home/devilunraveled/.config/discord/0.0.52/modules
2024-05-03T13:13:50.906Z 2: ✅ webContents.created web1 ""
2024-05-03T13:13:50.913Z 3: ✅ window.created win1 "discord"
2024-05-03T13:13:51.087Z 4: ✅ webContents.did-finish-load web1
2024-05-03T13:14:13.874Z 5: ✅ webContents.created web2 ""
2024-05-03T13:14:13.921Z 6: ✅ window.created win2 "Discord"
2024-05-03T13:14:16.420Z 7: ✅ webContents.did-finish-load web2
2024-05-03T13:14:16.517Z 8: window.close win1
2024-05-03T13:14:16.550Z 9: webContents.destroyed web1
2024-05-03T13:14:16.554Z 10: window.closed win1
2024-05-03T13:56:43.843Z 11: window.close win2
2024-05-03T13:57:22.510Z 12: before-quit
2024-05-03T13:57:22.515Z 13: window.close win2
2024-05-04T14:36:20.040Z 0: 

----------------------------------------------
2024-05-04T14:36:20.054Z 1: Discord starting: {"releaseChannel":"stable","version":"0.0.52"}, modulepath: /home/devilunraveled/.config/discord/0.0.52/modules
2024-05-04T14:36:20.103Z 2: ✅ webContents.created web1 ""
2024-05-04T14:36:20.107Z 3: ✅ window.created win1 "discord"
2024-05-04T14:36:20.299Z 4: ✅ webContents.did-finish-load web1
2024-05-04T14:36:20.501Z 5: ✅ webContents.created web2 ""
2024-05-04T14:36:20.538Z 6: ✅ window.created win2 "Discord"
2024-05-04T14:36:23.325Z 7: ✅ webContents.did-finish-load web2
2024-05-04T14:36:23.425Z 8: window.close win1
2024-05-04T14:36:23.440Z 9: webContents.destroyed web1
2024-05-04T14:36:23.443Z 10: window.closed win1
2024-05-04T23:39:54.087Z 11: window.close win2
2024-05-04T23:40:06.354Z 12: before-quit
2024-05-04T23:40:06.358Z 13: window.close win2
2024-05-05T13:13:10.644Z 0: 

----------------------------------------------
2024-05-05T13:13:10.659Z 1: Discord starting: {"releaseChannel":"stable","version":"0.0.52"}, modulepath: /home/devilunraveled/.config/discord/0.0.52/modules
2024-05-05T13:13:10.691Z 2: ✅ webContents.created web1 ""
2024-05-05T13:13:10.694Z 3: ✅ window.created win1 "discord"
2024-05-05T13:13:10.924Z 4: ✅ webContents.did-finish-load web1
2024-05-05T13:13:11.085Z 5: ✅ webContents.created web2 ""
2024-05-05T13:13:11.130Z 6: ✅ window.created win2 "Discord"
2024-05-05T13:13:13.283Z 7: ✅ webContents.did-finish-load web2
2024-05-05T13:13:13.376Z 8: window.close win1
2024-05-05T13:13:13.399Z 9: webContents.destroyed web1
2024-05-05T13:13:13.402Z 10: window.closed win1
2024-05-05T15:38:56.504Z 11: ❌ child-process-gone {
  type: 'GPU',
  reason: 'abnormal-exit',
  exitCode: 512,
  serviceName: 'GPU'
}
2024-05-05T15:38:56.527Z 12: before-quit
2024-05-05T15:38:56.530Z 13: window.close win2
2024-05-05T15:38:56.776Z 14: webContents.destroyed web2
2024-05-05T18:37:39.212Z 0: 

----------------------------------------------
2024-05-05T18:37:39.224Z 1: Discord starting: {"releaseChannel":"stable","version":"0.0.52"}, modulepath: /home/devilunraveled/.config/discord/0.0.52/modules
2024-05-05T18:37:39.255Z 2: ✅ webContents.created web1 ""
2024-05-05T18:37:39.260Z 3: ✅ window.created win1 "discord"
2024-05-05T18:37:39.459Z 4: ✅ webContents.did-finish-load web1
2024-05-05T18:37:39.828Z 5: ✅ webContents.created web2 ""
2024-05-05T18:37:39.862Z 6: ✅ window.created win2 "Discord"
2024-05-05T18:37:42.105Z 7: ✅ webContents.did-finish-load web2
2024-05-05T18:37:42.206Z 8: window.close win1
2024-05-05T18:37:42.215Z 9: webContents.destroyed web1
2024-05-05T18:37:42.218Z 10: window.closed win1
2024-05-05T18:41:55.052Z 11: window.close win2
2024-05-05T18:41:59.192Z 0: 

----------------------------------------------
2024-05-05T18:41:59.224Z 1: Discord starting: {"releaseChannel":"stable","version":"0.0.52"}, modulepath: /home/devilunraveled/.config/discord/0.0.52/modules
2024-05-05T18:43:02.732Z 12: window.close win2
2024-05-05T18:43:22.003Z 0: 

----------------------------------------------
2024-05-05T18:43:22.061Z 1: Discord starting: {"releaseChannel":"stable","version":"0.0.52"}, modulepath: /home/devilunraveled/.config/discord/0.0.52/modules
2024-05-05T18:43:22.066Z 2: ✅ webContents.created web1 ""
2024-05-05T18:43:22.069Z 3: ✅ window.created win1 "discord"
2024-05-05T18:43:22.345Z 4: ✅ webContents.did-finish-load web1
2024-05-05T18:43:22.738Z 5: ✅ webContents.created web2 ""
2024-05-05T18:43:22.773Z 6: ✅ window.created win2 "Discord"
2024-05-05T18:43:24.958Z 7: ✅ webContents.did-finish-load web2
2024-05-05T18:43:25.058Z 8: window.close win1
2024-05-05T18:43:25.067Z 9: webContents.destroyed web1
2024-05-05T18:43:25.071Z 10: window.closed win1
2024-05-05T20:37:33.304Z 11: window.close win2
2024-05-05T20:37:37.332Z 12: before-quit
2024-05-06T10:04:52.224Z 0: 

----------------------------------------------
2024-05-06T10:04:52.236Z 1: Discord starting: {"releaseChannel":"stable","version":"0.0.52"}, modulepath: /home/devilunraveled/.config/discord/0.0.52/modules
2024-05-06T10:04:52.266Z 2: ✅ webContents.created web1 ""
2024-05-06T10:04:52.270Z 3: ✅ window.created win1 "discord"
2024-05-06T10:04:52.443Z 4: ✅ webContents.did-finish-load web1
2024-05-06T10:04:52.806Z 5: ✅ webContents.created web2 ""
2024-05-06T10:04:52.849Z 6: ✅ window.created win2 "Discord"
2024-05-06T10:04:55.028Z 7: ✅ webContents.did-finish-load web2
2024-05-06T10:04:55.130Z 8: window.close win1
2024-05-06T10:04:55.148Z 9: webContents.destroyed web1
2024-05-06T10:04:55.152Z 10: window.closed win1
2024-05-06T12:23:21.445Z 11: window.close win2
2024-05-06T12:23:25.867Z 12: before-quit
2024-05-06T12:23:25.876Z 13: window.close win2
2024-05-06T13:54:17.107Z 0: 

----------------------------------------------
2024-05-06T13:54:17.134Z 1: Discord starting: {"releaseChannel":"stable","version":"0.0.52"}, modulepath: /home/devilunraveled/.config/discord/0.0.52/modules
2024-05-06T13:54:17.179Z 2: ✅ webContents.created web1 ""
2024-05-06T13:54:17.183Z 3: ✅ window.created win1 "discord"
2024-05-06T13:54:17.790Z 4: ✅ webContents.did-finish-load web1
2024-05-06T13:54:17.968Z 5: ✅ webContents.created web2 ""
2024-05-06T13:54:18.261Z 6: ✅ window.created win2 "Discord"
2024-05-06T13:54:20.686Z 7: ✅ webContents.did-finish-load web2
2024-05-06T13:54:20.780Z 8: window.close win1
2024-05-06T13:54:20.984Z 9: webContents.destroyed web1
2024-05-06T13:54:20.988Z 10: window.closed win1
2024-05-06T15:26:45.886Z 11: window.close win2
2024-05-06T15:26:51.197Z 12: before-quit
2024-05-06T15:26:51.203Z 13: window.close win2
2024-05-07T08:26:33.557Z 0: 

----------------------------------------------
2024-05-07T08:26:33.577Z 1: Discord starting: {"releaseChannel":"stable","version":"0.0.52"}, modulepath: /home/devilunraveled/.config/discord/0.0.52/modules
2024-05-07T08:26:33.624Z 2: ✅ webContents.created web1 ""
2024-05-07T08:26:33.629Z 3: ✅ window.created win1 "discord"
2024-05-07T08:26:33.967Z 4: ✅ webContents.did-finish-load web1
2024-05-07T08:26:34.191Z 5: ✅ webContents.created web2 ""
2024-05-07T08:26:34.418Z 6: ✅ window.created win2 "Discord"
2024-05-07T08:26:37.379Z 7: ✅ webContents.did-finish-load web2
2024-05-07T08:26:37.469Z 8: window.close win1
2024-05-07T08:26:37.551Z 9: webContents.destroyed web1
2024-05-07T08:26:37.554Z 10: window.closed win1
2024-05-07T10:45:40.695Z 11: window.close win2
2024-05-07T11:04:11.557Z 0: 

----------------------------------------------
2024-05-07T11:04:11.591Z 1: Discord starting: {"releaseChannel":"stable","version":"0.0.52"}, modulepath: /home/devilunraveled/.config/discord/0.0.52/modules
2024-05-07T11:06:40.943Z 12: window.close win2
2024-05-07T11:59:25.547Z 13: before-quit
2024-05-08T15:14:23.512Z 0: 

----------------------------------------------
2024-05-08T15:14:23.540Z 1: Discord starting: {"releaseChannel":"stable","version":"0.0.52"}, modulepath: /home/devilunraveled/.config/discord/0.0.52/modules
2024-05-08T15:14:23.588Z 2: ✅ webContents.created web1 ""
2024-05-08T15:14:23.592Z 3: ✅ window.created win1 "discord"
2024-05-08T15:14:24.330Z 4: ✅ webContents.did-finish-load web1
2024-05-08T15:14:25.210Z 5: ✅ webContents.created web2 ""
2024-05-08T15:14:25.585Z 6: ✅ window.created win2 "Discord"
2024-05-08T15:14:28.382Z 7: ✅ webContents.did-finish-load web2
2024-05-08T15:14:28.462Z 8: window.close win1
2024-05-08T15:14:28.664Z 9: webContents.destroyed web1
2024-05-08T15:14:28.667Z 10: window.closed win1
2024-05-08T15:20:28.414Z 11: window.close win2
2024-05-08T17:52:40.288Z 0: 

----------------------------------------------
2024-05-08T17:52:40.295Z 1: Discord starting: {"releaseChannel":"stable","version":"0.0.52"}, modulepath: /home/devilunraveled/.config/discord/0.0.52/modules
2024-05-08T17:58:35.607Z 12: window.close win2
2024-05-08T19:40:24.207Z 0: 

----------------------------------------------
2024-05-08T19:40:24.214Z 1: Discord starting: {"releaseChannel":"stable","version":"0.0.52"}, modulepath: /home/devilunraveled/.config/discord/0.0.52/modules
2024-05-08T19:41:00.477Z 13: window.close win2
2024-05-08T20:13:45.973Z 14: ❌ child-process-gone { type: 'GPU', reason: 'killed', exitCode: 9, serviceName: 'GPU' }
2024-05-08T20:13:46.048Z 15: before-quit
2024-05-08T20:13:46.052Z 16: window.close win2
2024-05-08T20:13:47.683Z 17: webContents.destroyed web2
2024-05-08T20:14:02.128Z 18: window.closed win2
2024-05-10T14:02:33.686Z 0: 

----------------------------------------------
2024-05-10T14:02:33.702Z 1: Discord starting: {"releaseChannel":"stable","version":"0.0.52"}, modulepath: /home/devilunraveled/.config/discord/0.0.52/modules
2024-05-10T14:02:33.750Z 2: ✅ webContents.created web1 ""
2024-05-10T14:02:33.758Z 3: ✅ window.created win1 "discord"
2024-05-10T14:02:33.999Z 4: ✅ webContents.did-finish-load web1
2024-05-10T14:02:34.887Z 5: ✅ webContents.created web2 ""
2024-05-10T14:02:34.921Z 6: ✅ window.created win2 "Discord"
2024-05-10T14:02:38.603Z 7: ✅ webContents.did-finish-load web2
2024-05-10T14:02:38.701Z 8: window.close win1
2024-05-10T14:02:38.710Z 9: webContents.destroyed web1
2024-05-10T14:02:38.713Z 10: window.closed win1
2024-05-10T14:04:16.134Z 11: window.close win2
2024-05-10T14:22:51.899Z 12: before-quit
2024-05-10T14:22:51.905Z 13: window.close win2
2024-05-11T16:29:29.994Z 0: 

----------------------------------------------
2024-05-11T16:29:30.007Z 1: Discord starting: {"releaseChannel":"stable","version":"0.0.52"}, modulepath: /home/devilunraveled/.config/discord/0.0.52/modules
2024-05-11T16:29:30.041Z 2: ✅ webContents.created web1 ""
2024-05-11T16:29:30.045Z 3: ✅ window.created win1 "discord"
2024-05-11T16:29:30.263Z 4: ✅ webContents.did-finish-load web1
2024-05-11T16:29:31.141Z 5: ✅ webContents.created web2 ""
2024-05-11T16:29:31.173Z 6: ✅ window.created win2 "Discord"
2024-05-11T16:29:33.402Z 7: ✅ webContents.did-finish-load web2
2024-05-11T16:29:33.500Z 8: window.close win1
2024-05-11T16:29:33.512Z 9: webContents.destroyed web1
2024-05-11T16:29:33.515Z 10: window.closed win1
2024-05-11T17:08:27.116Z 11: window.close win2
2024-05-11T18:39:36.555Z 12: before-quit
2024-05-13T05:20:06.360Z 0: 

----------------------------------------------
2024-05-13T05:20:06.373Z 1: Discord starting: {"releaseChannel":"stable","version":"0.0.52"}, modulepath: /home/devilunraveled/.config/discord/0.0.52/modules
2024-05-13T05:20:06.417Z 2: ✅ webContents.created web1 ""
2024-05-13T05:20:06.421Z 3: ✅ window.created win1 "discord"
2024-05-13T05:20:06.672Z 4: ✅ webContents.did-finish-load web1
2024-05-13T05:20:07.269Z 5: ✅ webContents.created web2 ""
2024-05-13T05:20:07.307Z 6: ✅ window.created win2 "Discord"
2024-05-13T05:20:09.564Z 7: ✅ webContents.did-finish-load web2
2024-05-13T05:20:09.664Z 8: window.close win1
2024-05-13T05:20:09.690Z 9: webContents.destroyed web1
2024-05-13T05:20:09.694Z 10: window.closed win1
2024-05-13T05:21:18.236Z 11: window.close win2
2024-05-13T05:40:41.695Z 0: 

----------------------------------------------
2024-05-13T05:40:41.734Z 1: Discord starting: {"releaseChannel":"stable","version":"0.0.52"}, modulepath: /home/devilunraveled/.config/discord/0.0.52/modules
2024-05-13T05:44:13.275Z 12: window.close win2
2024-05-13T09:43:44.279Z 13: ❌ child-process-gone {
  type: 'GPU',
  reason: 'abnormal-exit',
  exitCode: 8704,
  serviceName: 'GPU'
}
2024-05-13T09:43:44.312Z 14: before-quit
2024-05-13T09:43:44.317Z 15: window.close win2
2024-05-13T09:43:44.545Z 16: webContents.destroyed web2
2024-05-13T09:46:58.027Z 0: 

----------------------------------------------
2024-05-13T09:46:58.068Z 1: Discord starting: {"releaseChannel":"stable","version":"0.0.52"}, modulepath: /home/devilunraveled/.config/discord/0.0.52/modules
2024-05-13T09:46:58.076Z 2: ✅ webContents.created web1 ""
2024-05-13T09:46:58.081Z 3: ✅ window.created win1 "discord"
2024-05-13T09:46:58.311Z 4: ✅ webContents.did-finish-load web1
2024-05-13T09:46:58.515Z 5: ✅ webContents.created web2 ""
2024-05-13T09:46:58.557Z 6: ✅ window.created win2 "Discord"
2024-05-13T09:47:00.795Z 7: ✅ webContents.did-finish-load web2
2024-05-13T09:47:00.895Z 8: window.close win1
2024-05-13T09:47:00.913Z 9: webContents.destroyed web1
2024-05-13T09:47:00.917Z 10: window.closed win1
2024-05-13T10:07:38.308Z 11: window.close win2
2024-05-13T13:14:58.310Z 0: 

----------------------------------------------
2024-05-13T13:14:58.349Z 12: ❌ child-process-gone {
  type: 'GPU',
  reason: 'abnormal-exit',
  exitCode: 8704,
  serviceName: 'GPU'
}
2024-05-13T13:14:58.353Z 1: Discord starting: {"releaseChannel":"stable","version":"0.0.52"}, modulepath: /home/devilunraveled/.config/discord/0.0.52/modules
2024-05-13T13:14:58.373Z 13: Sentry report: {"sdk":{"name":"sentry.javascript.electron","packages":[{"name":"npm:@sentry/electron","version":"4.13.0"}],"version":"4.13.0","integrations":["SentryMinidump","ElectronBreadcrumbs","Net","MainContext","ChildProcess","OnUncaughtException","PreloadInjection","AdditionalContext","Screenshots","InboundFilters","FunctionToString","Console","Http","Undici","OnUnhandledRejection","ContextLines","LocalVariables","Modules","RequestData","LinkedErrors"]},"contexts":{"trace":{"trace_id":"c25e9a6ab0b541b897ead107146780e8","span_id":"8249a9120e3ce4e8"},"app":{"app_name":"discord","app_version":"0.0.52","app_start_time":"2024-05-13T09:46:57.612Z"},"os":{"kernel_version":"5.15.154-1-MANJARO","name":"Ubuntu Linux","version":"\"23.1.4\""},"browser":{"name":"Chrome"},"chrome":{"name":"Chrome","type":"runtime","version":"120.0.6099.291"},"device":{"arch":"x64","family":"Desktop","language":"en-GB","screen_density":1,"screen_resolution":"1920x1080","memory_size":16619659264,"free_memory":8262934528,"processor_count":16,"cpu_description":"AMD Ryzen 7 5800H with Radeon Graphics","processor_frequency":1200},"node":{"name":"Node","type":"runtime","version":"18.18.2"},"runtime":{"name":"Electron","version":"28.2.10"}},"environment":"stable","release":"0.0.52","user":{"ip_address":"{{auto}}","id":"906578779990790144","username":"devilunraveled","email":"hardiksharmah100@gmail.com"},"tags":{"event.origin":"electron","event.environment":"javascript","event.process":"GPU","event_type":"javascript","nativeBuildNumber":"null"},"event_id":"90890f841f0c47ab9cb86a8fbff3ff68","level":"warning","message":"'GPU' process exited with 'abnormal-exit'","platform":"node","timestamp":1715606098.348,"breadcrumbs":[{"timestamp":1715593618.499,"category":"electron","message":"app.web-contents-created","type":"ui"},{"timestamp":1715593618.504,"category":"electron","message":"app.browser-window-created","type":"ui"},{"timestamp":1715593618.505,"category":"console","level":"log","message":"Optional module ./ElectronTestRpc was not included."},{"timestamp":1715593618.514,"category":"console","level":"log","message":"splashScreen.updateSplashState launching launching {}"},{"timestamp":1715593618.514,"category":"console","level":"log","message":"splashScreen.webContentsSend: SPLASH_UPDATE_STATE SPLASH_UPDATE_STATE [ { status: 'launching' } ]"},{"timestamp":1715593618.515,"category":"console","level":"log","message":"blackbox: 2024-05-13T09:46:58.515Z 5 ✅ webContents.created web2 \"\""},{"timestamp":1715593618.557,"category":"console","level":"log","message":"blackbox: 2024-05-13T09:46:58.557Z 6 ✅ window.created win2 \"Discord\""},{"timestamp":1715593619.533,"category":"console","data":{"arguments":["Initializing voice engine with audio subsystem: false"],"logger":"console"},"level":"log","message":"Initializing voice engine with audio subsystem: false"},{"timestamp":1715593619.686,"category":"console","level":"log","message":"legacyModuleUpdater: installed-module discord_krisp 1 1 true"},{"timestamp":1715593619.692,"category":"console","level":"log","message":"legacyModuleUpdater: installed-module discord_game_utils 1 1 true"},{"timestamp":1715593619.857,"category":"console","level":"log","message":"mainScreen.UpdaterEvents: UPDATER_HISTORY_QUERY_AND_TRUNCATE"},{"timestamp":1715593619.879,"category":"electron","message":"renderer.dom-ready","type":"ui","data":{"id":2,"url":"https://discord.com/app?_=1715593618488"}},{"timestamp":1715593619.884,"category":"console","level":"log","message":"mainScreen.UpdaterEvents: UPDATER_HISTORY_QUERY_AND_TRUNCATE"},{"timestamp":1715593619.888,"category":"console","data":{"arguments":["Initializing krisp module"],"logger":"console"},"level":"info","message":"Initializing krisp module"},{"timestamp":1715593620.395,"category":"console","level":"log","message":"mainScreen.UpdaterEvents: UPDATER_HISTORY_QUERY_AND_TRUNCATE"},{"timestamp":1715593620.582,"category":"console","level":"log","message":"mainScreen.UpdaterEvents: CHECK_FOR_UPDATES UPDATE_NOT_AVAILABLE"},{"timestamp":1715593620.582,"category":"console","level":"log","message":"2024-05-13T09:47:00.582Z [Modules] Host is up to date."},{"timestamp":1715593620.582,"category":"console","level":"log","message":"2024-05-13T09:47:00.582Z [Modules] Checking for module updates at https://discord.com/api/modules/stable/versions.json"},{"timestamp":1715593620.584,"type":"http","category":"electron.net","data":{"url":"https://discord.com/api/modules/stable/versions.json?host_version=0.0.52&platform=linux&_=5718645","method":"GET","status_code":200}},{"timestamp":1715593620.585,"category":"console","level":"log","message":"2024-05-13T09:47:00.585Z [Modules] No module updates available."},{"timestamp":1715593620.586,"category":"console","level":"log","message":"legacyModuleUpdater: update-check-finished"},{"timestamp":1715593620.672,"category":"console","level":"log","message":"legacyModuleUpdater: installed-module discord_rpc 1 1 true"},{"timestamp":1715593620.733,"category":"console","level":"log","message":"mainScreen.UpdaterEvents: UPDATER_HISTORY_QUERY_AND_TRUNCATE"},{"timestamp":1715593620.794,"category":"console","level":"log","message":"mainScreen.on(did-finish-load) false false"},{"timestamp":1715593620.794,"category":"console","level":"log","message":"splashScreen.pageReady"},{"timestamp":1715593620.795,"category":"electron","message":"window.show","type":"ui","data":{"id":2,"url":"https://discord.com/app?_=1715593618488","title":""}},{"timestamp":1715593620.795,"category":"console","level":"log","message":"blackbox: 2024-05-13T09:47:00.795Z 7 ✅ webContents.did-finish-load web2"},{"timestamp":1715593620.804,"category":"electron","message":"window.blur","type":"ui","data":{"id":1,"url":"app:///app_bootstrap/splash/index.html"}},{"timestamp":1715593620.804,"category":"electron","message":"app.browser-window-blur","type":"ui"},{"timestamp":1715593620.804,"category":"electron","message":"window.focus","type":"ui","data":{"id":2,"url":"https://discord.com/app?_=1715593618488","title":""}},{"timestamp":1715593620.805,"category":"electron","message":"app.browser-window-focus","type":"ui"},{"timestamp":1715593620.894,"category":"electron","message":"window.hide","type":"ui","data":{"id":1,"url":"app:///app_bootstrap/splash/index.html"}},{"timestamp":1715593620.895,"category":"electron","message":"window.close","type":"ui","data":{"id":1,"url":"app:///app_bootstrap/splash/index.html"}},{"timestamp":1715593620.895,"category":"console","level":"log","message":"blackbox: 2024-05-13T09:47:00.895Z 8 window.close win1"},{"timestamp":1715593620.897,"category":"electron","message":"renderer.destroyed","type":"ui","data":{"id":1,"url":"app:///app_bootstrap/splash/index.html"}},{"timestamp":1715593620.903,"category":"electron","message":"window.closed","type":"ui","data":{"id":1,"url":"app:///app_bootstrap/splash/index.html"}},{"timestamp":1715593620.913,"category":"console","level":"log","message":"blackbox: 2024-05-13T09:47:00.913Z 9 webContents.destroyed web1"},{"timestamp":1715593620.917,"category":"console","level":"log","message":"blackbox: 2024-05-13T09:47:00.917Z 10 window.closed win1"},{"timestamp":1715593629.531,"category":"ui.click","message":"div.avatar__7bd22 > div.wrapper__3ed10[aria-label=\"felixcartel, Offline\"]"},{"timestamp":1715593630.956,"category":"ui.input","message":"div.markup_a7e664.editor__66464.slateTextArea_b19976.fontSize16Padding_bcbeae[aria-label=\"Message @felixcartel\"]"},{"timestamp":1715593631.516,"category":"console","level":"log","message":"legacyModuleUpdater: installed-module discord_spellcheck 1 1 true"},{"timestamp":1715593631.517,"category":"console","level":"log","message":"mainScreen.UpdaterEvents: UPDATER_HISTORY_QUERY_AND_TRUNCATE"},{"timestamp":1715593633.748,"category":"ui.input","message":"div.markup_a7e664.editor__66464.slateTextArea_b19976.fontSize16Padding_bcbeae[aria-label=\"Message @felixcartel\"]"},{"timestamp":1715593635.467,"category":"ui.input","message":"div.markup_a7e664.editor__66464.slateTextArea_b19976.fontSize16Padding_bcbeae[aria-label=\"Message @felixcartel\"]"},{"timestamp":1715593644.499,"category":"ui.input","message":"div.markup_a7e664.editor__66464.slateTextArea_b19976.fontSize16Padding_bcbeae[aria-label=\"Message @felixcartel\"]"},{"timestamp":1715593648.059,"category":"ui.input","message":"div.markup_a7e664.editor__66464.slateTextArea_b19976.fontSize16Padding_bcbeae[aria-label=\"Message @felixcartel\"]"},{"timestamp":1715593670.217,"category":"ui.input","message":"div.markup_a7e664.editor__66464.slateTextArea_b19976.fontSize16Padding_bcbeae[aria-label=\"Message @felixcartel\"]"},{"timestamp":1715593672.57,"category":"ui.input","message":"div.markup_a7e664.editor__66464.slateTextArea_b19976.fontSize16Padding_bcbeae[aria-label=\"Message @felixcartel\"]"},{"timestamp":1715593678.62,"category":"ui.click","message":"div.none_ff9f86.scrollerBase__65223"},{"timestamp":1715593679.879,"category":"electron","message":"window.blur","type":"ui","data":{"id":2,"url":"https://discord.com/channels/@me/1230934379795189760"}},{"timestamp":1715593679.879,"category":"electron","message":"app.browser-window-blur","type":"ui"},{"timestamp":1715593796.542,"category":"electron","message":"window.focus","type":"ui","data":{"id":2,"url":"https://discord.com/channels/@me/1230934379795189760"}},{"timestamp":1715593796.542,"category":"electron","message":"app.browser-window-focus","type":"ui"},{"timestamp":1715593797.437,"category":"electron","message":"window.blur","type":"ui","data":{"id":2,"url":"https://discord.com/channels/@me/1230934379795189760"}},{"timestamp":1715593797.437,"category":"electron","message":"app.browser-window-blur","type":"ui"},{"timestamp":1715594783.672,"category":"electron","message":"window.focus","type":"ui","data":{"id":2,"url":"https://discord.com/channels/@me/1230934379795189760"}},{"timestamp":1715594783.672,"category":"electron","message":"app.browser-window-focus","type":"ui"},{"timestamp":1715594785.317,"category":"electron","message":"window.blur","type":"ui","data":{"id":2,"url":"https://discord.com/channels/@me/1230934379795189760"}},{"timestamp":1715594785.317,"category":"electron","message":"app.browser-window-blur","type":"ui"},{"timestamp":1715594785.913,"category":"electron","message":"window.focus","type":"ui","data":{"id":2,"url":"https://discord.com/channels/@me/1230934379795189760"}},{"timestamp":1715594785.913,"category":"electron","message":"app.browser-window-focus","type":"ui"},{"timestamp":1715594786.484,"category":"electron","message":"window.blur","type":"ui","data":{"id":2,"url":"https://discord.com/channels/@me/1230934379795189760"}},{"timestamp":1715594786.485,"category":"electron","message":"app.browser-window-blur","type":"ui"},{"timestamp":1715594786.945,"category":"electron","message":"window.focus","type":"ui","data":{"id":2,"url":"https://discord.com/channels/@me/1230934379795189760"}},{"timestamp":1715594786.945,"category":"electron","message":"app.browser-window-focus","type":"ui"},{"timestamp":1715594787.392,"category":"electron","message":"window.blur","type":"ui","data":{"id":2,"url":"https://discord.com/channels/@me/1230934379795189760"}},{"timestamp":1715594787.393,"category":"electron","message":"app.browser-window-blur","type":"ui"},{"timestamp":1715594843.447,"category":"electron","message":"window.focus","type":"ui","data":{"id":2,"url":"https://discord.com/channels/@me/1230934379795189760"}},{"timestamp":1715594843.447,"category":"electron","message":"app.browser-window-focus","type":"ui"},{"timestamp":1715594845.778,"category":"ui.click","message":"div"},{"timestamp":1715594854.826,"category":"ui.click","message":"button.button__581d0.lookFilled__950dd.colorRed__5a617.sizeMedium__60c12.grow__4c8a4[type=\"submit\"]"},{"timestamp":1715594856.329,"category":"ui.click","message":"div.none_ff9f86.scrollerBase__65223"},{"timestamp":1715594858.306,"category":"electron","message":"window.close","type":"ui","data":{"id":2,"url":"https://discord.com/channels/@me/1230934379795189760"}},{"timestamp":1715594858.308,"category":"electron","message":"window.hide","type":"ui","data":{"id":2,"url":"https://discord.com/channels/@me/1230934379795189760"}},{"timestamp":1715594858.308,"category":"console","level":"log","message":"blackbox: 2024-05-13T10:07:38.308Z 11 window.close win2"},{"timestamp":1715594858.312,"category":"electron","message":"window.blur","type":"ui","data":{"id":2,"url":"https://discord.com/channels/@me/1230934379795189760"}},{"timestamp":1715594858.312,"category":"electron","message":"app.browser-window-blur","type":"ui"},{"timestamp":1715596553.989,"category":"electron","message":"powerMonitor.suspend","type":"ui"},{"timestamp":1715596553.989,"category":"electron","message":"powerMonitor.suspend","type":"ui"},{"timestamp":1715600767.719,"category":"electron","message":"powerMonitor.resume","type":"ui"},{"timestamp":1715600767.719,"category":"electron","message":"powerMonitor.resume","type":"ui"},{"timestamp":1715601428.98,"category":"console","level":"log","message":"mainScreen.UpdaterEvents: CHECK_FOR_UPDATES UPDATE_NOT_AVAILABLE"},{"timestamp":1715601428.98,"category":"console","level":"log","message":"2024-05-13T11:57:08.980Z [Modules] Host is up to date."},{"timestamp":1715601428.98,"category":"console","level":"log","message":"2024-05-13T11:57:08.980Z [Modules] Checking for module updates at https://discord.com/api/modules/stable/versions.json"},{"timestamp":1715601431.031,"type":"http","category":"electron.net","data":{"url":"https://discord.com/api/modules/stable/versions.json?host_version=0.0.52&platform=linux&_=5718671","method":"GET","status_code":200}},{"timestamp":1715601431.033,"category":"console","level":"log","message":"2024-05-13T11:57:11.033Z [Modules] No module updates available."},{"timestamp":1715601431.033,"category":"console","level":"log","message":"legacyModuleUpdater: update-check-finished"},{"timestamp":1715605028.973,"category":"console","level":"log","message":"mainScreen.UpdaterEvents: CHECK_FOR_UPDATES UPDATE_NOT_AVAILABLE"},{"timestamp":1715605028.973,"category":"console","level":"log","message":"2024-05-13T12:57:08.973Z [Modules] Host is up to date."},{"timestamp":1715605028.973,"category":"console","level":"log","message":"2024-05-13T12:57:08.973Z [Modules] Checking for module updates at https://discord.com/api/modules/stable/versions.json"},{"timestamp":1715605029.064,"type":"http","category":"electron.net","data":{"url":"https://discord.com/api/modules/stable/versions.json?host_version=0.0.52&platform=linux&_=5718683","method":"GET","status_code":200}},{"timestamp":1715605029.066,"category":"console","level":"log","message":"2024-05-13T12:57:09.066Z [Modules] No module updates available."},{"timestamp":1715605029.066,"category":"console","level":"log","message":"legacyModuleUpdater: update-check-finished"},{"timestamp":1715606098.189,"category":"electron","message":"app.second-instance","type":"ui"},{"timestamp":1715606098.19,"category":"electron","message":"window.show","type":"ui","data":{"id":2,"url":"https://discord.com/channels/@me/1230934379795189760"}},{"timestamp":1715606098.191,"category":"electron","message":"window.show","type":"ui","data":{"id":2,"url":"https://discord.com/channels/@me/1230934379795189760"}},{"timestamp":1715606098.194,"category":"electron","message":"window.focus","type":"ui","data":{"id":2,"url":"https://discord.com/channels/@me/1230934379795189760"}},{"timestamp":1715606098.194,"category":"electron","message":"app.browser-window-focus","type":"ui"},{"timestamp":1715606098.346,"category":"electron","message":"app.child-process-gone","type":"ui"},{"timestamp":1715606098.347,"category":"console","level":"warning","message":"(electron) 'gpu-process-crashed event' is deprecated and will be removed. Please use 'child-process-gone event' instead."}],"sdkProcessingMetadata":{"dynamicSamplingContext":{"environment":"stable","release":"0.0.52","public_key":"67a1d187a8602d62872a3d880e723741","trace_id":"c25e9a6ab0b541b897ead107146780e8"},"propagationContext":{"traceId":"c25e9a6ab0b541b897ead107146780e8","spanId":"8249a9120e3ce4e8"}},"modules":{"mkdirp":"0.5.5","rimraf":"2.7.1","glob":"7.1.7","fs.realpath":"1.0.0","minimatch":"3.1.2","brace-expansion":"1.1.11","concat-map":"0.0.1","balanced-match":"1.0.2","inherits":"2.0.4","path-is-absolute":"1.0.1","inflight":"1.0.6","wrappy":"1.0.2","once":"1.4.0","yauzl":"2.10.0","fd-slicer":"1.1.0","pend":"1.2.0","buffer-crc32":"0.2.13","request":"2.88.0","extend":"3.0.2","tough-cookie":"2.4.3","psl":"1.8.0","json-stringify-safe":"5.0.1","safe-buffer":"5.2.1","aws-sign2":"0.7.0","aws4":"1.11.0","http-signature":"1.2.0","assert-plus":"1.0.0","sshpk":"1.16.1","safer-buffer":"2.1.2","asn1":"0.2.4","ecc-jsbn":"0.1.2","jsbn":"0.1.1","tweetnacl":"0.14.5","jsprim":"1.4.1","extsprintf":"1.3.0","verror":"1.10.0","core-util-is":"1.0.2","json-schema":"0.2.3","mime-types":"2.1.32","mime-db":"1.49.0","caseless":"0.12.0","forever-agent":"0.6.1","form-data":"2.3.3","combined-stream":"1.0.8","delayed-stream":"1.0.0","asynckit":"0.4.0","isstream":"0.1.2","is-typedarray":"1.0.0","qs":"6.5.3","har-validator":"5.1.5","ajv":"6.12.6","uri-js":"4.4.1","fast-deep-equal":"3.1.3","json-schema-traverse":"0.4.1","fast-json-stable-stringify":"2.1.0","har-schema":"2.0.0","uuid":"3.4.0","oauth-sign":"0.9.0","tunnel-agent":"0.6.0","performance-now":"2.1.0","arch":"2.2.0","https-proxy-agent":"5.0.1","ms":"2.1.2","agent-base":"6.0.2","lru_map":"0.3.3","cookie":"0.5.0","deepmerge":"4.3.0"},"extra":{"release_channel":"stable","sentry":{"environment":"stable","release":"0.0.52","user":{"id":"906578779990790144","username":"devilunraveled","email":"hardiksharmah100@gmail.com"}},"wm":"i3,i3","distro":"\"Manjaro Linux\"","nativeBuildNumber":"null","user_id":"906578779990790144","username":"devilunraveled","email":"hardiksharmah100@gmail.com"}}
2024-05-13T13:14:58.377Z 14: before-quit
2024-05-13T13:14:58.380Z 15: window.close win2
2024-05-13T13:14:58.577Z 16: webContents.destroyed web2
2024-05-13T13:15:08.625Z 0: 

----------------------------------------------
2024-05-13T13:15:08.663Z 1: Discord starting: {"releaseChannel":"stable","version":"0.0.52"}, modulepath: /home/devilunraveled/.config/discord/0.0.52/modules
2024-05-13T13:15:08.668Z 2: ✅ webContents.created web1 ""
2024-05-13T13:15:08.672Z 3: ✅ window.created win1 "discord"
2024-05-13T13:15:08.923Z 4: ✅ webContents.did-finish-load web1
2024-05-13T13:15:09.573Z 5: ✅ webContents.created web2 ""
2024-05-13T13:15:09.609Z 6: ✅ window.created win2 "Discord"
2024-05-13T13:15:11.699Z 7: ✅ webContents.did-finish-load web2
2024-05-13T13:15:11.799Z 8: window.close win1
2024-05-13T13:15:11.811Z 9: webContents.destroyed web1
2024-05-13T13:15:11.816Z 10: window.closed win1
2024-05-13T16:36:26.801Z 11: ❌ child-process-gone {
  type: 'GPU',
  reason: 'abnormal-exit',
  exitCode: 512,
  serviceName: 'GPU'
}
2024-05-13T16:36:26.827Z 12: before-quit
2024-05-13T16:36:26.831Z 13: window.close win2
2024-05-13T16:36:27.084Z 14: webContents.destroyed web2
2024-05-13T16:36:30.605Z 0: 

----------------------------------------------
2024-05-13T16:36:30.630Z 1: Discord starting: {"releaseChannel":"stable","version":"0.0.52"}, modulepath: /home/devilunraveled/.config/discord/0.0.52/modules
2024-05-13T16:36:30.638Z 2: ✅ webContents.created web1 ""
2024-05-13T16:36:30.642Z 3: ✅ window.created win1 "discord"
2024-05-13T16:36:30.903Z 4: ✅ webContents.did-finish-load web1
2024-05-13T16:36:31.491Z 5: ✅ webContents.created web2 ""
2024-05-13T16:36:31.531Z 6: ✅ window.created win2 "Discord"
2024-05-13T16:36:34.391Z 7: ✅ webContents.did-finish-load web2
2024-05-13T16:36:34.493Z 8: window.close win1
2024-05-13T16:36:34.527Z 9: webContents.destroyed web1
2024-05-13T16:36:34.531Z 10: window.closed win1
2024-05-13T16:58:43.729Z 11: window.close win2
2024-05-13T16:58:52.133Z 12: before-quit
2024-05-13T16:58:52.140Z 13: window.close win2
2024-05-13T16:58:52.165Z 14: ❌ child-process-gone {
  type: 'Utility',
  reason: 'killed',
  exitCode: 15,
  serviceName: 'audio.mojom.AudioService',
  name: 'Audio Service'
}
2024-05-14T07:39:28.547Z 0: 

----------------------------------------------
2024-05-14T07:39:28.562Z 1: Discord starting: {"releaseChannel":"stable","version":"0.0.52"}, modulepath: /home/devilunraveled/.config/discord/0.0.52/modules
2024-05-14T07:39:28.594Z 2: ✅ webContents.created web1 ""
2024-05-14T07:39:28.598Z 3: ✅ window.created win1 "discord"
2024-05-14T07:39:28.819Z 4: ✅ webContents.did-finish-load web1
2024-05-14T07:39:29.041Z 5: ✅ webContents.created web2 ""
2024-05-14T07:39:29.076Z 6: ✅ window.created win2 "Discord"
2024-05-14T07:39:32.026Z 7: ✅ webContents.did-finish-load web2
2024-05-14T07:39:32.123Z 8: window.close win1
2024-05-14T07:39:32.142Z 9: webContents.destroyed web1
2024-05-14T07:39:32.146Z 10: window.closed win1
2024-05-14T10:54:40.508Z 11: ❌ child-process-gone {
  type: 'GPU',
  reason: 'abnormal-exit',
  exitCode: 512,
  serviceName: 'GPU'
}
2024-05-14T10:54:40.538Z 12: before-quit
2024-05-14T10:54:40.543Z 13: window.close win2
2024-05-14T10:54:40.809Z 14: webContents.destroyed web2
2024-05-14T14:11:27.330Z 0: 

----------------------------------------------
2024-05-14T14:11:27.372Z 1: Discord starting: {"releaseChannel":"stable","version":"0.0.52"}, modulepath: /home/devilunraveled/.config/discord/0.0.52/modules
2024-05-14T14:11:27.379Z 2: ✅ webContents.created web1 ""
2024-05-14T14:11:27.386Z 3: ✅ window.created win1 "discord"
2024-05-14T14:11:27.640Z 4: ✅ webContents.did-finish-load web1
2024-05-14T14:11:28.290Z 5: ✅ webContents.created web2 ""
2024-05-14T14:11:28.325Z 6: ✅ window.created win2 "Discord"
2024-05-14T14:11:30.669Z 7: ✅ webContents.did-finish-load web2
2024-05-14T14:11:30.769Z 8: window.close win1
2024-05-14T14:11:30.788Z 9: webContents.destroyed web1
2024-05-14T14:11:30.792Z 10: window.closed win1
2024-05-14T14:13:26.548Z 11: window.close win2
2024-05-14T14:13:55.859Z 12: before-quit
2024-05-14T14:13:55.868Z 13: window.close win2
2024-05-15T10:22:45.220Z 0: 

----------------------------------------------
2024-05-15T10:22:45.234Z 1: Discord starting: {"releaseChannel":"stable","version":"0.0.52"}, modulepath: /home/devilunraveled/.config/discord/0.0.52/modules
2024-05-15T10:22:45.264Z 2: ✅ webContents.created web1 ""
2024-05-15T10:22:45.268Z 3: ✅ window.created win1 "discord"
2024-05-15T10:22:45.474Z 4: ✅ webContents.did-finish-load web1
2024-05-15T10:22:45.693Z 5: ✅ webContents.created web2 ""
2024-05-15T10:22:45.722Z 6: ✅ window.created win2 "Discord"
2024-05-15T10:22:48.466Z 7: ✅ webContents.did-finish-load web2
2024-05-15T10:22:48.566Z 8: window.close win1
2024-05-15T10:22:48.577Z 9: webContents.destroyed web1
2024-05-15T10:22:48.580Z 10: window.closed win1
2024-05-15T14:07:07.516Z 0: 

----------------------------------------------
2024-05-15T14:07:07.562Z 1: Discord starting: {"releaseChannel":"stable","version":"0.0.52"}, modulepath: /home/devilunraveled/.config/discord/0.0.52/modules
2024-05-15T14:08:04.825Z 11: window.close win2
2024-05-15T14:08:24.888Z 12: before-quit
2024-05-15T16:46:12.651Z 0: 

----------------------------------------------
2024-05-15T16:46:12.691Z 1: Discord starting: {"releaseChannel":"stable","version":"0.0.52"}, modulepath: /home/devilunraveled/.config/discord/0.0.52/modules
2024-05-15T16:46:12.699Z 2: ✅ webContents.created web1 ""
2024-05-15T16:46:12.703Z 3: ✅ window.created win1 "discord"
2024-05-15T16:46:12.973Z 4: ✅ webContents.did-finish-load web1
2024-05-15T16:46:13.570Z 5: ✅ webContents.created web2 ""
2024-05-15T16:46:13.600Z 6: ✅ window.created win2 "Discord"
2024-05-15T16:46:16.041Z 7: ✅ webContents.did-finish-load web2
2024-05-15T16:46:16.142Z 8: window.close win1
2024-05-15T16:46:16.159Z 9: webContents.destroyed web1
2024-05-15T16:46:16.163Z 10: window.closed win1
2024-05-15T16:46:49.222Z 11: window.close win2
2024-05-15T18:22:58.804Z 12: before-quit
2024-05-15T18:22:58.831Z 13: window.close win2
2024-05-16T07:00:53.314Z 0: 

----------------------------------------------
2024-05-16T07:00:53.328Z 1: Discord starting: {"releaseChannel":"stable","version":"0.0.52"}, modulepath: /home/devilunraveled/.config/discord/0.0.52/modules
2024-05-16T07:00:53.358Z 2: ✅ webContents.created web1 ""
2024-05-16T07:00:53.362Z 3: ✅ window.created win1 "discord"
2024-05-16T07:00:53.578Z 4: ✅ webContents.did-finish-load web1
2024-05-16T07:00:54.170Z 5: ✅ webContents.created web2 ""
2024-05-16T07:00:54.207Z 6: ✅ window.created win2 "Discord"
2024-05-16T07:00:56.558Z 7: ✅ webContents.did-finish-load web2
2024-05-16T07:00:56.657Z 8: window.close win1
2024-05-16T07:00:56.669Z 9: webContents.destroyed web1
2024-05-16T07:00:56.673Z 10: window.closed win1
2024-05-16T07:08:09.667Z 11: window.close win2
2024-05-16T08:25:51.834Z 12: before-quit
2024-05-17T02:58:55.953Z 0: 

----------------------------------------------
2024-05-17T02:58:55.965Z 1: Discord starting: {"releaseChannel":"stable","version":"0.0.52"}, modulepath: /home/devilunraveled/.config/discord/0.0.52/modules
2024-05-17T02:58:55.994Z 2: ✅ webContents.created web1 ""
2024-05-17T02:58:55.998Z 3: ✅ window.created win1 "discord"
2024-05-17T02:58:56.226Z 4: ✅ webContents.did-finish-load web1
2024-05-17T02:59:00.455Z 5: ✅ webContents.created web2 ""
2024-05-17T02:59:00.485Z 6: ✅ window.created win2 "Discord"
2024-05-17T02:59:03.210Z 7: ✅ webContents.did-finish-load web2
2024-05-17T02:59:03.309Z 8: window.close win1
2024-05-17T02:59:03.357Z 9: webContents.destroyed web1
2024-05-17T02:59:03.361Z 10: window.closed win1
2024-05-17T03:47:29.056Z 11: window.close win2
2024-05-17T03:48:37.457Z 12: before-quit
2024-05-21T13:50:51.054Z 0: 

----------------------------------------------
2024-05-21T13:50:51.068Z 1: Discord starting: {"releaseChannel":"stable","version":"0.0.52"}, modulepath: /home/devilunraveled/.config/discord/0.0.52/modules
2024-05-21T13:50:51.116Z 2: ✅ webContents.created web1 ""
2024-05-21T13:50:51.121Z 3: ✅ window.created win1 "discord"
2024-05-21T13:50:51.334Z 4: ✅ webContents.did-finish-load web1
2024-05-21T13:50:51.829Z 5: ✅ webContents.created web2 ""
2024-05-21T13:50:51.864Z 6: ✅ window.created win2 "Discord"
2024-05-21T13:50:54.246Z 7: ✅ webContents.did-finish-load web2
2024-05-21T13:50:54.346Z 8: window.close win1
2024-05-21T13:50:54.428Z 9: webContents.destroyed web1
2024-05-21T13:50:54.431Z 10: window.closed win1
2024-05-21T13:53:04.999Z 11: window.close win2
2024-05-21T14:07:07.235Z 0: 

----------------------------------------------
2024-05-21T14:07:07.249Z 1: Discord starting: {"releaseChannel":"stable","version":"0.0.52"}, modulepath: /home/devilunraveled/.config/discord/0.0.52/modules
2024-05-21T14:09:10.278Z 12: window.close win2
2024-05-21T17:16:17.632Z 13: before-quit
2024-05-23T15:22:26.075Z 0: 

----------------------------------------------
2024-05-23T15:22:26.088Z 1: Discord starting: {"releaseChannel":"stable","version":"0.0.52"}, modulepath: /home/devilunraveled/.config/discord/0.0.52/modules
2024-05-23T15:22:26.120Z 2: ✅ webContents.created web1 ""
2024-05-23T15:22:26.124Z 3: ✅ window.created win1 "discord"
2024-05-23T15:22:26.378Z 4: ✅ webContents.did-finish-load web1
2024-05-23T15:22:26.840Z 5: ✅ webContents.created web2 ""
2024-05-23T15:22:26.877Z 6: ✅ window.created win2 "Discord"
2024-05-23T15:22:29.441Z 7: ✅ webContents.did-finish-load web2
2024-05-23T15:22:29.539Z 8: window.close win1
2024-05-23T15:22:29.552Z 9: webContents.destroyed web1
2024-05-23T15:22:29.556Z 10: window.closed win1
2024-05-23T15:50:16.141Z 11: window.close win2
2024-05-23T16:14:02.155Z 12: before-quit
2024-05-23T16:14:02.167Z 13: window.close win2
