2023-07-13 19:15:48.577 [info] Log level: Info
2023-07-13 19:15:48.577 [info] Validating found git in: "git"
2023-07-13 19:15:48.577 [info] Using git "2.41.0" from "git"
2023-07-13 19:16:28.490 [info] Log level: Info
2023-07-13 19:16:28.490 [info] Validating found git in: "git"
2023-07-13 19:16:28.490 [info] Using git "2.41.0" from "git"
2023-07-13 19:16:28.490 [info] > git rev-parse --show-toplevel [10ms]
2023-07-13 19:16:28.490 [info] fatal: not a git repository (or any of the parent directories): .git
2023-07-13 19:16:28.490 [info] > git rev-parse --show-toplevel [7ms]
2023-07-13 19:16:28.490 [info] fatal: not a git repository (or any of the parent directories): .git
2023-07-13 19:16:28.490 [info] > git rev-parse --show-toplevel [9ms]
2023-07-13 19:16:28.490 [info] fatal: not a git repository (or any of the parent directories): .git
2023-07-13 19:16:28.491 [info] > git rev-parse --show-toplevel [11ms]
2023-07-13 19:16:28.491 [info] fatal: not a git repository (or any of the parent directories): .git
2023-07-13 19:16:28.517 [info] > git rev-parse --show-toplevel [22ms]
2023-07-13 19:16:28.517 [info] fatal: not a git repository (or any of the parent directories): .git
2023-07-13 19:16:28.531 [info] > git rev-parse --show-toplevel [8ms]
2023-07-13 19:16:28.531 [info] fatal: not a git repository (or any of the parent directories): .git
2023-07-13 19:16:28.821 [info] > git rev-parse --show-toplevel [285ms]
2023-07-13 19:16:28.821 [info] fatal: not a git repository (or any of the parent directories): .git
2023-07-13 19:16:28.971 [info] > git rev-parse --show-toplevel [104ms]
2023-07-13 19:16:28.971 [info] fatal: not a git repository (or any of the parent directories): .git
2023-07-13 19:16:29.009 [info] > git rev-parse --show-toplevel [31ms]
2023-07-13 19:16:29.009 [info] fatal: not a git repository (or any of the parent directories): .git
2023-07-13 19:16:47.469 [info] > git rev-parse --show-toplevel [17ms]
2023-07-13 19:16:47.469 [info] fatal: not a git repository (or any of the parent directories): .git
