2024-03-03 05:38:23 Loading main app package /usr/lib/obsidian/obsidian.asar
2024-03-03 05:38:24 Checking for update using Github
2024-03-03 05:38:24 Success.
2024-03-03 05:38:24 Latest version is 1.5.8
2024-03-03 05:38:24 Downloading update from https://github.com/obsidianmd/obsidian-releases/releases/download/v1.5.8/obsidian-1.5.8.asar.gz
2024-03-03 05:38:27 Verifying hash & signature. Size= 8652806
2024-03-03 05:38:27 Saving file
2024-03-03 05:38:27 Update complete.
2024-03-03 05:59:11 Loading updated app package /home/devilunraveled/.config/obsidian/obsidian-1.5.8.asar
2024-03-03 05:59:11 Checking for update using Github
2024-03-03 05:59:11 Success.
2024-03-03 05:59:11 Latest version is 1.5.8
2024-03-03 05:59:11 App is up to date.
2024-03-03 06:59:11 Checking for update using Github
2024-03-03 06:59:11 Success.
2024-03-03 06:59:11 Latest version is 1.5.8
2024-03-03 06:59:11 App is up to date.
2024-03-03 07:59:11 Checking for update using Github
2024-03-03 07:59:11 Success.
2024-03-03 07:59:11 Latest version is 1.5.8
2024-03-03 07:59:11 App is up to date.
2024-03-03 08:59:11 Checking for update using Github
2024-03-03 08:59:11 Success.
2024-03-03 08:59:11 Latest version is 1.5.8
2024-03-03 08:59:11 App is up to date.
2024-03-03 09:59:11 Checking for update using Github
2024-03-03 09:59:11 Success.
2024-03-03 09:59:11 Latest version is 1.5.8
2024-03-03 09:59:11 App is up to date.
2024-03-03 10:59:11 Checking for update using Github
2024-03-03 10:59:12 Success.
2024-03-03 10:59:12 Latest version is 1.5.8
2024-03-03 10:59:12 App is up to date.
2024-03-03 11:59:11 Checking for update using Github
2024-03-03 11:59:12 Success.
2024-03-03 11:59:12 Latest version is 1.5.8
2024-03-03 11:59:12 App is up to date.
2024-03-03 12:34:11 Loading updated app package /home/devilunraveled/.config/obsidian/obsidian-1.5.8.asar
2024-03-03 12:34:11 Checking for update using Github
2024-03-03 12:59:11 Checking for update using Github
2024-03-03 12:59:11 Success.
2024-03-03 12:59:11 Latest version is 1.5.8
2024-03-03 12:59:11 App is up to date.
2024-03-05 08:30:31 Loading updated app package /home/devilunraveled/.config/obsidian/obsidian-1.5.8.asar
2024-03-05 08:30:32 Checking for update using Github
2024-03-05 08:30:32 Success.
2024-03-05 08:30:32 Latest version is 1.5.8
2024-03-05 08:30:32 App is up to date.
2024-03-05 08:32:19 Loading updated app package /home/devilunraveled/.config/obsidian/obsidian-1.5.8.asar
2024-03-05 08:32:19 Checking for update using Github
2024-03-05 09:30:31 Checking for update using Github
2024-03-05 09:30:37 Success.
2024-03-05 09:30:37 Latest version is 1.5.8
2024-03-05 09:30:37 App is up to date.
2024-03-06 16:27:19 Loading updated app package /home/devilunraveled/.config/obsidian/obsidian-1.5.8.asar
2024-03-06 16:27:19 Checking for update using Github
2024-03-06 16:27:19 Success.
2024-03-06 16:27:19 Latest version is 1.5.8
2024-03-06 16:27:19 App is up to date.
2024-03-06 17:27:19 Checking for update using Github
2024-03-06 17:27:19 Success.
2024-03-06 17:27:19 Latest version is 1.5.8
2024-03-06 17:27:19 App is up to date.
2024-03-06 18:14:25 Loading updated app package /home/devilunraveled/.config/obsidian/obsidian-1.5.8.asar
2024-03-06 18:14:25 Checking for update using Github
2024-03-06 18:14:33 Loading updated app package /home/devilunraveled/.config/obsidian/obsidian-1.5.8.asar
2024-03-06 18:14:33 Checking for update using Github
2024-03-06 18:27:19 Checking for update using Github
2024-03-06 18:27:19 Success.
2024-03-06 18:27:19 Latest version is 1.5.8
2024-03-06 18:27:19 App is up to date.
2024-03-06 19:27:19 Checking for update using Github
2024-03-06 19:27:19 Success.
2024-03-06 19:27:19 Latest version is 1.5.8
2024-03-06 19:27:19 App is up to date.
2024-03-07 04:57:50 Loading updated app package /home/devilunraveled/.config/obsidian/obsidian-1.5.8.asar
2024-03-07 04:57:50 Checking for update using Github
2024-03-07 04:57:51 Success.
2024-03-07 04:57:51 Latest version is 1.5.8
2024-03-07 04:57:51 App is up to date.
2024-03-07 05:57:50 Checking for update using Github
2024-03-07 05:57:50 Success.
2024-03-07 05:57:50 Latest version is 1.5.8
2024-03-07 05:57:50 App is up to date.
2024-03-12 08:30:48 Loading main app package /usr/lib/obsidian/obsidian.asar
2024-03-12 08:30:48 Checking for update using Github
2024-03-12 08:30:48 Success.
2024-03-12 08:30:48 Latest version is 1.5.8
2024-03-12 08:30:48 App is up to date.
2024-03-13 18:16:55 Loading main app package /usr/lib/obsidian/obsidian.asar
2024-03-13 18:16:55 Checking for update using Github
2024-03-13 18:16:55 Success.
2024-03-13 18:16:55 Latest version is 1.5.8
2024-03-13 18:16:55 App is up to date.
2024-03-15 08:40:15 Loading main app package /usr/lib/obsidian/obsidian.asar
2024-03-15 08:40:15 Checking for update using Github
2024-03-15 08:40:15 Success.
2024-03-15 08:40:15 Latest version is 1.5.8
2024-03-15 08:40:15 App is up to date.
2024-03-15 09:40:15 Checking for update using Github
2024-03-15 09:40:15 Success.
2024-03-15 09:40:15 Latest version is 1.5.8
2024-03-15 09:40:15 App is up to date.
2024-03-19 08:30:01 Loading main app package /usr/lib/obsidian/obsidian.asar
2024-03-19 08:30:02 Checking for update using Github
2024-03-19 08:30:02 Success.
2024-03-19 08:30:02 Latest version is 1.5.8
2024-03-19 08:30:02 App is up to date.
2024-03-19 17:59:00 Loading main app package /usr/lib/obsidian/obsidian.asar
2024-03-19 17:59:00 Checking for update using Github
2024-03-19 17:59:00 Success.
2024-03-19 17:59:00 Latest version is 1.5.11
2024-03-19 17:59:00 Downloading update from https://github.com/obsidianmd/obsidian-releases/releases/download/v1.5.11/obsidian-1.5.11.asar.gz
2024-03-19 17:59:01 Verifying hash & signature. Size= 8781777
2024-03-19 17:59:01 Saving file
2024-03-19 17:59:02 Update complete.
2024-03-19 18:00:45 Loading updated app package /home/devilunraveled/.config/obsidian/obsidian-1.5.11.asar
2024-03-19 18:00:45 Checking for update using Github
2024-03-19 18:00:45 Success.
2024-03-19 18:00:45 Latest version is 1.5.11
2024-03-19 18:00:45 App is up to date.
2024-03-19 18:05:24 Loading updated app package /home/devilunraveled/.config/obsidian/obsidian-1.5.11.asar
2024-03-19 18:05:24 Checking for update using Github
2024-03-19 18:05:24 Success.
2024-03-19 18:05:24 Latest version is 1.5.11
2024-03-19 18:05:24 App is up to date.
2024-03-19 18:06:49 Loading updated app package /home/devilunraveled/.config/obsidian/obsidian-1.5.11.asar
2024-03-19 18:06:49 Checking for update using Github
2024-03-19 18:06:49 Success.
2024-03-19 18:06:49 Latest version is 1.5.11
2024-03-19 18:06:49 App is up to date.
2024-03-20 17:12:21 Loading updated app package /home/devilunraveled/.config/obsidian/obsidian-1.5.11.asar
2024-03-20 17:12:21 Checking for update using Github
2024-03-20 17:12:21 Success.
2024-03-20 17:12:21 Latest version is 1.5.11
2024-03-20 17:12:21 App is up to date.
2024-03-21 06:20:56 Loading updated app package /home/devilunraveled/.config/obsidian/obsidian-1.5.11.asar
2024-03-21 06:20:57 Checking for update using Github
2024-03-21 06:20:57 Success.
2024-03-21 06:20:57 Latest version is 1.5.11
2024-03-21 06:20:57 App is up to date.
2024-03-22 08:34:08 Loading updated app package /home/devilunraveled/.config/obsidian/obsidian-1.5.11.asar
2024-03-22 08:34:08 Checking for update using Github
2024-03-22 08:34:08 Success.
2024-03-22 08:34:08 Latest version is 1.5.11
2024-03-22 08:34:08 App is up to date.
2024-03-22 09:34:08 Checking for update using Github
2024-03-22 09:34:09 Success.
2024-03-22 09:34:09 Latest version is 1.5.11
2024-03-22 09:34:09 App is up to date.
2024-03-26 08:36:26 Loading updated app package /home/devilunraveled/.config/obsidian/obsidian-1.5.11.asar
2024-03-26 08:36:26 Checking for update using Github
2024-03-26 08:36:26 Success.
2024-03-26 08:36:26 Latest version is 1.5.11
2024-03-26 08:36:26 App is up to date.
2024-04-02 07:08:08 Loading updated app package /home/devilunraveled/.config/obsidian/obsidian-1.5.11.asar
2024-04-02 07:08:08 Checking for update using Github
2024-04-02 07:08:09 Success.
2024-04-02 07:08:09 Latest version is 1.5.12
2024-04-02 07:08:09 Downloading update from https://github.com/obsidianmd/obsidian-releases/releases/download/v1.5.12/obsidian-1.5.12.asar.gz
2024-04-02 07:08:16 Verifying hash & signature. Size= 8781526
2024-04-02 07:08:16 Saving file
2024-04-02 07:08:16 Update complete.
2024-04-05 08:33:11 Loading updated app package /home/devilunraveled/.config/obsidian/obsidian-1.5.12.asar
2024-04-05 08:33:12 Checking for update using Github
2024-04-05 08:33:12 Success.
2024-04-05 08:33:12 Latest version is 1.5.12
2024-04-05 08:33:12 App is up to date.
2024-04-05 09:33:11 Checking for update using Github
2024-04-05 09:33:12 Success.
2024-04-05 09:33:12 Latest version is 1.5.12
2024-04-05 09:33:12 App is up to date.
2024-04-14 11:41:16 Loading updated app package /home/devilunraveled/.config/obsidian/obsidian-1.5.12.asar
2024-04-14 11:41:16 Checking for update using Github
2024-04-14 11:41:16 Success.
2024-04-14 11:41:16 Latest version is 1.5.12
2024-04-14 11:41:16 App is up to date.
2024-04-14 12:41:16 Checking for update using Github
2024-04-14 12:41:16 Success.
2024-04-14 12:41:16 Latest version is 1.5.12
2024-04-14 12:41:16 App is up to date.
2024-04-14 13:41:16 Checking for update using Github
2024-04-14 13:41:16 Success.
2024-04-14 13:41:16 Latest version is 1.5.12
2024-04-14 13:41:16 App is up to date.
2024-04-14 14:41:16 Checking for update using Github
2024-04-14 14:41:16 Success.
2024-04-14 14:41:16 Latest version is 1.5.12
2024-04-14 14:41:16 App is up to date.
2024-04-14 15:41:16 Checking for update using Github
2024-04-14 15:41:16 Success.
2024-04-14 15:41:16 Latest version is 1.5.12
2024-04-14 15:41:16 App is up to date.
2024-04-14 16:41:16 Checking for update using Github
2024-04-14 16:41:16 Success.
2024-04-14 16:41:16 Latest version is 1.5.12
2024-04-14 16:41:16 App is up to date.
2024-04-14 17:41:16 Checking for update using Github
2024-04-14 17:41:16 Success.
2024-04-14 17:41:16 Latest version is 1.5.12
2024-04-14 17:41:16 App is up to date.
2024-04-29 10:25:20 Loading updated app package /home/devilunraveled/.config/obsidian/obsidian-1.5.12.asar
2024-04-29 10:25:20 Checking for update using Github
2024-04-29 10:25:20 Success.
2024-04-29 10:25:20 Latest version is 1.5.12
2024-04-29 10:25:20 App is up to date.
2024-04-29 11:25:20 Checking for update using Github
2024-04-29 11:25:20 Success.
2024-04-29 11:25:20 Latest version is 1.5.12
2024-04-29 11:25:20 App is up to date.
2024-04-29 12:25:20 Checking for update using Github
2024-04-29 12:25:20 Success.
2024-04-29 12:25:20 Latest version is 1.5.12
2024-04-29 12:25:20 App is up to date.
2024-04-29 13:25:20 Checking for update using Github
2024-04-29 13:25:20 Success.
2024-04-29 13:25:20 Latest version is 1.5.12
2024-04-29 13:25:20 App is up to date.
2024-04-29 15:36:33 Checking for update using Github
2024-04-29 15:36:33 Success.
2024-04-29 15:36:33 Latest version is 1.5.12
2024-04-29 15:36:33 App is up to date.
2024-04-29 16:36:33 Checking for update using Github
2024-04-29 16:36:33 Success.
2024-04-29 16:36:33 Latest version is 1.5.12
2024-04-29 16:36:33 App is up to date.
2024-04-29 17:36:33 Checking for update using Github
2024-04-29 17:36:33 Success.
2024-04-29 17:36:33 Latest version is 1.5.12
2024-04-29 17:36:33 App is up to date.
2024-04-29 18:36:33 Checking for update using Github
2024-04-29 18:36:33 Success.
2024-04-29 18:36:33 Latest version is 1.5.12
2024-04-29 18:36:33 App is up to date.
2024-04-29 19:36:33 Checking for update using Github
2024-04-29 19:36:33 Success.
2024-04-29 19:36:33 Latest version is 1.5.12
2024-04-29 19:36:33 App is up to date.
2024-05-04 11:25:14 Loading updated app package /home/devilunraveled/.config/obsidian/obsidian-1.5.12.asar
2024-05-04 11:25:14 Checking for update using Github
2024-05-04 11:25:14 Success.
2024-05-04 11:25:14 Latest version is 1.5.12
2024-05-04 11:25:14 App is up to date.
2024-05-04 11:48:49 Loading updated app package /home/devilunraveled/.config/obsidian/obsidian-1.5.12.asar
2024-05-04 11:48:50 Checking for update using Github
2024-05-04 11:48:50 Success.
2024-05-04 11:48:50 Latest version is 1.5.12
2024-05-04 11:48:50 App is up to date.
2024-05-04 12:44:24 Loading updated app package /home/devilunraveled/.config/obsidian/obsidian-1.5.12.asar
2024-05-04 12:44:25 Checking for update using Github
2024-05-04 12:44:25 Success.
2024-05-04 12:44:25 Latest version is 1.5.12
2024-05-04 12:44:25 App is up to date.
2024-05-04 13:44:24 Checking for update using Github
2024-05-04 13:44:24 Success.
2024-05-04 13:44:24 Latest version is 1.5.12
2024-05-04 13:44:24 App is up to date.
2024-05-04 14:44:25 Checking for update using Github
2024-05-04 14:44:25 Success.
2024-05-04 14:44:25 Latest version is 1.5.12
2024-05-04 14:44:25 App is up to date.
2024-05-04 15:44:25 Checking for update using Github
2024-05-04 15:44:25 Success.
2024-05-04 15:44:25 Latest version is 1.5.12
2024-05-04 15:44:25 App is up to date.
2024-05-04 16:44:25 Checking for update using Github
2024-05-04 16:44:25 Success.
2024-05-04 16:44:25 Latest version is 1.5.12
2024-05-04 16:44:25 App is up to date.
2024-05-04 17:44:25 Checking for update using Github
2024-05-04 17:44:25 Success.
2024-05-04 17:44:25 Latest version is 1.5.12
2024-05-04 17:44:25 App is up to date.
2024-05-04 18:44:25 Checking for update using Github
2024-05-04 18:44:25 Success.
2024-05-04 18:44:25 Latest version is 1.5.12
2024-05-04 18:44:25 App is up to date.
2024-05-04 19:44:25 Checking for update using Github
2024-05-04 19:44:26 Success.
2024-05-04 19:44:26 Latest version is 1.5.12
2024-05-04 19:44:26 App is up to date.
2024-05-04 20:44:25 Checking for update using Github
2024-05-04 20:44:25 Success.
2024-05-04 20:44:25 Latest version is 1.5.12
2024-05-04 20:44:25 App is up to date.
2024-05-04 21:44:25 Checking for update using Github
2024-05-04 21:44:25 Success.
2024-05-04 21:44:25 Latest version is 1.5.12
2024-05-04 21:44:25 App is up to date.
2024-05-04 22:44:25 Checking for update using Github
2024-05-04 22:44:25 Success.
2024-05-04 22:44:25 Latest version is 1.5.12
2024-05-04 22:44:25 App is up to date.
2024-05-08 12:14:53 Loading updated app package /home/devilunraveled/.config/obsidian/obsidian-1.5.12.asar
2024-05-08 12:14:54 Checking for update using Github
2024-05-08 12:14:54 Success.
2024-05-08 12:14:54 Latest version is 1.5.12
2024-05-08 12:14:54 App is up to date.
