2024-09-14 14:20:10.015 [info] Added views:workbench.panel.markers.view in workbench.panel.markers
2024-09-14 14:20:10.015 [info] Added views:workbench.panel.output in workbench.panel.output
2024-09-14 14:20:10.015 [info] Added views:terminal in terminal
2024-09-14 14:20:10.015 [info] Added views:outline in workbench.view.explorer
2024-09-14 14:20:10.015 [info] Added views:workbench.scm in workbench.view.scm
2024-09-14 14:20:10.015 [info] Added views:workbench.view.search in workbench.view.search
2024-09-14 14:20:10.015 [info] Added views:timeline in workbench.view.explorer
2024-09-14 14:20:10.015 [info] Added views:workbench.debug.welcome in workbench.view.debug
2024-09-14 14:20:10.015 [info] Added views:workbench.explorer.emptyView in workbench.view.explorer
2024-09-14 14:20:10.422 [info] Added views:bookmarksExplorer,bookmarksHelpAndFeedback in workbench.view.extension.bookmarks
2024-09-14 14:20:10.423 [info] Added views:projectsExplorerFavorites,projectManagerHelpAndFeedback in workbench.view.extension.project-manager
2024-09-14 14:20:10.423 [info] Added views:codeium.chatPanelView in workbench.view.extension.codeium
2024-09-14 14:20:10.423 [info] Added views:gitlens.views.home,gitlens.views.workspaces,gitlens.views.account in workbench.view.extension.gitlens
2024-09-14 14:20:10.424 [info] Added views:gitlens.views.commitDetails,gitlens.views.lineHistory,gitlens.views.fileHistory,gitlens.views.searchAndCompare in workbench.view.extension.gitlensInspect
2024-09-14 14:20:10.424 [info] Added views:gitlens.views.commits,gitlens.views.branches,gitlens.views.remotes,gitlens.views.stashes,gitlens.views.tags in workbench.view.scm
2024-09-14 14:20:10.425 [info] Added views:mongoDBConnectionExplorer,mongoDBPlaygroundsExplorer,mongoDBHelpExplorer in workbench.view.extension.mongoDB
2024-09-14 14:20:10.427 [info] Added views:dockerContainers,dockerImages,dockerRegistries,dockerNetworks,dockerVolumes,vscode-docker.views.dockerContexts,vscode-docker.views.help in workbench.view.extension.dockerView
2024-09-14 14:20:10.428 [info] Added views:targetsContainers,devVolumes in workbench.view.remote
2024-09-14 14:20:10.641 [info] Added views:workbench.panel.repl.view in workbench.panel.repl
2024-09-14 14:20:11.808 [info] Added views:~remote.forwardedPorts in ~remote.forwardedPortsContainer
2024-09-14 14:20:13.116 [info] Added views:jupyterViewVariables in workbench.view.extension.jupyter-variables
2024-09-14 14:20:13.140 [info] Added views:cell-tag in workbench.view.extension.jupyter-variables
2024-09-14 14:20:13.188 [info] Added views:projectsExplorerGit in workbench.view.extension.project-manager
2024-09-14 14:20:13.234 [info] Removed views:gitlens.views.searchAndCompare,gitlens.views.fileHistory,gitlens.views.lineHistory,gitlens.views.commitDetails from workbench.view.extension.gitlensInspect
2024-09-14 14:20:13.234 [info] Removed views:gitlens.views.tags,gitlens.views.stashes,gitlens.views.remotes,gitlens.views.branches,gitlens.views.commits from workbench.view.scm
2024-09-14 14:20:13.311 [info] Added views:gitlens.views.drafts in workbench.view.extension.gitlens
2024-09-14 14:20:13.676 [info] Added views:workbench.view.testing in workbench.view.extension.test
2024-09-14 14:20:17.275 [info] Added views:workbench.panel.comments in workbench.panel.comments
2024-09-14 14:22:24.843 [info] Removed views:workbench.view.testing from workbench.view.extension.test
2024-09-14 14:22:25.965 [info] Added views:workbench.panel.markers.view in workbench.panel.markers
2024-09-14 14:22:25.965 [info] Added views:workbench.panel.output in workbench.panel.output
2024-09-14 14:22:25.965 [info] Added views:terminal in terminal
2024-09-14 14:22:25.965 [info] Added views:outline in workbench.view.explorer
2024-09-14 14:22:25.965 [info] Added views:workbench.scm in workbench.view.scm
2024-09-14 14:22:25.965 [info] Added views:workbench.view.search in workbench.view.search
2024-09-14 14:22:25.965 [info] Added views:timeline in workbench.view.explorer
2024-09-14 14:22:25.965 [info] Added views:workbench.explorer.fileView in workbench.view.explorer
2024-09-14 14:22:26.153 [info] Added views:workbench.debug.welcome in workbench.view.debug
2024-09-14 14:22:26.597 [info] Added views:bookmarksExplorer,bookmarksHelpAndFeedback in workbench.view.extension.bookmarks
2024-09-14 14:22:26.597 [info] Added views:projectsExplorerFavorites,projectManagerHelpAndFeedback in workbench.view.extension.project-manager
2024-09-14 14:22:26.597 [info] Added views:codeium.chatPanelView in workbench.view.extension.codeium
2024-09-14 14:22:26.598 [info] Added views:gitlens.views.home,gitlens.views.workspaces,gitlens.views.account in workbench.view.extension.gitlens
2024-09-14 14:22:26.598 [info] Added views:gitlens.views.commitDetails,gitlens.views.lineHistory,gitlens.views.fileHistory,gitlens.views.searchAndCompare in workbench.view.extension.gitlensInspect
2024-09-14 14:22:26.599 [info] Added views:gitlens.views.commits,gitlens.views.branches,gitlens.views.remotes,gitlens.views.stashes,gitlens.views.tags in workbench.view.scm
2024-09-14 14:22:26.599 [info] Added views:mongoDBConnectionExplorer,mongoDBPlaygroundsExplorer,mongoDBHelpExplorer in workbench.view.extension.mongoDB
2024-09-14 14:22:26.599 [info] Added views:dockerContainers,dockerImages,dockerRegistries,dockerNetworks,dockerVolumes,vscode-docker.views.dockerContexts,vscode-docker.views.help in workbench.view.extension.dockerView
2024-09-14 14:22:26.600 [info] Added views:targetsContainers,devVolumes in workbench.view.remote
2024-09-14 14:22:26.755 [info] Added views:workbench.panel.repl.view in workbench.panel.repl
2024-09-14 14:22:27.098 [info] Added views:~remote.forwardedPorts in ~remote.forwardedPortsContainer
2024-09-14 14:22:28.409 [info] Added views:projectsExplorerGit in workbench.view.extension.project-manager
2024-09-14 14:22:28.510 [info] Added views:gitlens.views.drafts in workbench.view.extension.gitlens
2024-09-14 14:22:29.032 [info] Added views:jupyterViewVariables in workbench.view.extension.jupyter-variables
2024-09-14 14:22:29.042 [info] Added views:cell-tag in workbench.view.extension.jupyter-variables
2024-09-14 14:22:29.062 [info] Added views:gitlens.views.graph,gitlens.views.graphDetails in workbench.view.extension.gitlensPanel
2024-09-14 14:22:29.062 [info] Added views:gitlens.views.timeline in workbench.view.extension.gitlensInspect
2024-09-14 14:22:29.063 [info] Added views:gitlens.views.worktrees in workbench.view.scm
2024-09-14 14:22:29.371 [info] Added views:workbench.view.testing in workbench.view.extension.test
2024-09-14 14:22:35.386 [info] Added views:workbench.panel.comments in workbench.panel.comments
2024-09-14 14:32:29.930 [info] Removed views:workbench.view.testing from workbench.view.extension.test
