[Trace 13:49:50.681] VsCodeClientWorkspace: TextDocument.onDidOpen: file:///home/devilunraveled/DASS/Assignment%201/frontend/README.md
[Trace 13:49:50.682] VsCodeClientWorkspace: TextDocument.onDidChanceContent: file:///home/devilunraveled/DASS/Assignment%201/frontend/README.md
[Trace 13:49:50.683] Server: connection.languages.diagnostics.on: file:///home/devilunraveled/DASS/Assignment%201/frontend/README.md
[Trace 13:49:50.685] DocumentSymbolProvider: provideDocumentSymbols — file:///home/devilunraveled/DASS/Assignment%201/frontend/README.md 1
[Debug 13:49:50.685] LinkProvider: compute - file:///home/devilunraveled/DASS/Assignment%201/frontend/README.md
[Trace 13:49:50.688] Server: connection.languages.diagnostics.on: file:///home/devilunraveled/DASS/Assignment%201/frontend/README.md
[Debug 13:49:50.771] TableOfContentsProvider: create - file:///home/devilunraveled/DASS/Assignment%201/frontend/README.md
[Debug 13:49:50.887] MdFoldingProvider: provideFoldingRanges — file:///home/devilunraveled/DASS/Assignment%201/frontend/README.md 1
[Trace 13:50:02.478] VsCodeClientWorkspace: TextDocument.onDidChanceContent: file:///home/devilunraveled/DASS/Assignment%201/frontend/README.md
[Trace 13:50:02.479] Server: connection.languages.diagnostics.on: file:///home/devilunraveled/DASS/Assignment%201/frontend/README.md
[Trace 13:50:02.589] VsCodeClientWorkspace: TextDocument.onDidChanceContent: file:///home/devilunraveled/DASS/Assignment%201/frontend/README.md
[Trace 13:50:02.589] Server: connection.languages.diagnostics.on: file:///home/devilunraveled/DASS/Assignment%201/frontend/README.md
[Debug 13:50:02.796] MdFoldingProvider: provideFoldingRanges — file:///home/devilunraveled/DASS/Assignment%201/frontend/README.md 3
[Debug 13:50:02.796] TableOfContentsProvider: create - file:///home/devilunraveled/DASS/Assignment%201/frontend/README.md
[Trace 13:50:02.930] DocumentSymbolProvider: provideDocumentSymbols — file:///home/devilunraveled/DASS/Assignment%201/frontend/README.md 3
[Debug 13:50:02.930] LinkProvider: compute - file:///home/devilunraveled/DASS/Assignment%201/frontend/README.md
[Trace 13:50:04.500] VsCodeClientWorkspace: TextDocument.onDidChanceContent: file:///home/devilunraveled/DASS/Assignment%201/frontend/README.md
[Trace 13:50:04.501] Server: connection.languages.diagnostics.on: file:///home/devilunraveled/DASS/Assignment%201/frontend/README.md
[Debug 13:50:04.700] MdFoldingProvider: provideFoldingRanges — file:///home/devilunraveled/DASS/Assignment%201/frontend/README.md 4
[Debug 13:50:04.700] TableOfContentsProvider: create - file:///home/devilunraveled/DASS/Assignment%201/frontend/README.md
[Trace 13:50:04.749] VsCodeClientWorkspace: TextDocument.onDidChanceContent: file:///home/devilunraveled/DASS/Assignment%201/frontend/README.md
[Trace 13:50:04.750] Server: connection.languages.diagnostics.on: file:///home/devilunraveled/DASS/Assignment%201/frontend/README.md
[Trace 13:50:04.934] VsCodeClientWorkspace: TextDocument.onDidChanceContent: file:///home/devilunraveled/DASS/Assignment%201/frontend/README.md
[Trace 13:50:04.935] Server: connection.languages.diagnostics.on: file:///home/devilunraveled/DASS/Assignment%201/frontend/README.md
[Trace 13:50:05.017] VsCodeClientWorkspace: TextDocument.onDidChanceContent: file:///home/devilunraveled/DASS/Assignment%201/frontend/README.md
[Trace 13:50:05.017] Server: connection.languages.diagnostics.on: file:///home/devilunraveled/DASS/Assignment%201/frontend/README.md
[Debug 13:50:05.218] MdFoldingProvider: provideFoldingRanges — file:///home/devilunraveled/DASS/Assignment%201/frontend/README.md 7
[Debug 13:50:05.218] TableOfContentsProvider: create - file:///home/devilunraveled/DASS/Assignment%201/frontend/README.md
[Trace 13:50:05.368] DocumentSymbolProvider: provideDocumentSymbols — file:///home/devilunraveled/DASS/Assignment%201/frontend/README.md 7
[Debug 13:50:05.369] LinkProvider: compute - file:///home/devilunraveled/DASS/Assignment%201/frontend/README.md
[Trace 13:50:05.628] VsCodeClientWorkspace: TextDocument.onDidChanceContent: file:///home/devilunraveled/DASS/Assignment%201/frontend/README.md
[Trace 13:50:05.628] Server: connection.languages.diagnostics.on: file:///home/devilunraveled/DASS/Assignment%201/frontend/README.md
[Debug 13:50:05.830] MdFoldingProvider: provideFoldingRanges — file:///home/devilunraveled/DASS/Assignment%201/frontend/README.md 8
[Debug 13:50:05.830] TableOfContentsProvider: create - file:///home/devilunraveled/DASS/Assignment%201/frontend/README.md
[Trace 13:50:05.980] VsCodeClientWorkspace: TextDocument.onDidChanceContent: file:///home/devilunraveled/DASS/Assignment%201/frontend/README.md
[Trace 13:50:05.981] Server: connection.languages.diagnostics.on: file:///home/devilunraveled/DASS/Assignment%201/frontend/README.md
[Trace 13:50:06.074] VsCodeClientWorkspace: TextDocument.onDidChanceContent: file:///home/devilunraveled/DASS/Assignment%201/frontend/README.md
[Trace 13:50:06.075] Server: connection.languages.diagnostics.on: file:///home/devilunraveled/DASS/Assignment%201/frontend/README.md
[Trace 13:50:06.224] VsCodeClientWorkspace: TextDocument.onDidChanceContent: file:///home/devilunraveled/DASS/Assignment%201/frontend/README.md
[Trace 13:50:06.225] Server: connection.languages.diagnostics.on: file:///home/devilunraveled/DASS/Assignment%201/frontend/README.md
[Trace 13:50:06.360] VsCodeClientWorkspace: TextDocument.onDidChanceContent: file:///home/devilunraveled/DASS/Assignment%201/frontend/README.md
[Trace 13:50:06.360] Server: connection.languages.diagnostics.on: file:///home/devilunraveled/DASS/Assignment%201/frontend/README.md
[Trace 13:50:06.429] VsCodeClientWorkspace: TextDocument.onDidChanceContent: file:///home/devilunraveled/DASS/Assignment%201/frontend/README.md
[Trace 13:50:06.429] Server: connection.languages.diagnostics.on: file:///home/devilunraveled/DASS/Assignment%201/frontend/README.md
[Trace 13:50:06.538] VsCodeClientWorkspace: TextDocument.onDidChanceContent: file:///home/devilunraveled/DASS/Assignment%201/frontend/README.md
[Trace 13:50:06.538] Server: connection.languages.diagnostics.on: file:///home/devilunraveled/DASS/Assignment%201/frontend/README.md
[Trace 13:50:06.615] VsCodeClientWorkspace: TextDocument.onDidChanceContent: file:///home/devilunraveled/DASS/Assignment%201/frontend/README.md
[Trace 13:50:06.615] Server: connection.languages.diagnostics.on: file:///home/devilunraveled/DASS/Assignment%201/frontend/README.md
[Trace 13:50:06.755] VsCodeClientWorkspace: TextDocument.onDidChanceContent: file:///home/devilunraveled/DASS/Assignment%201/frontend/README.md
[Trace 13:50:06.755] Server: connection.languages.diagnostics.on: file:///home/devilunraveled/DASS/Assignment%201/frontend/README.md
[Trace 13:50:06.831] VsCodeClientWorkspace: TextDocument.onDidChanceContent: file:///home/devilunraveled/DASS/Assignment%201/frontend/README.md
[Trace 13:50:06.831] Server: connection.languages.diagnostics.on: file:///home/devilunraveled/DASS/Assignment%201/frontend/README.md
[Debug 13:50:07.033] MdFoldingProvider: provideFoldingRanges — file:///home/devilunraveled/DASS/Assignment%201/frontend/README.md 17
[Debug 13:50:07.033] TableOfContentsProvider: create - file:///home/devilunraveled/DASS/Assignment%201/frontend/README.md
[Debug 13:50:07.084] LinkProvider: compute - file:///home/devilunraveled/DASS/Assignment%201/frontend/README.md
[Trace 13:50:07.140] VsCodeClientWorkspace: TextDocument.onDidChanceContent: file:///home/devilunraveled/DASS/Assignment%201/frontend/README.md
[Trace 13:50:07.140] Server: connection.languages.diagnostics.on: file:///home/devilunraveled/DASS/Assignment%201/frontend/README.md
[Trace 13:50:07.297] VsCodeClientWorkspace: TextDocument.onDidChanceContent: file:///home/devilunraveled/DASS/Assignment%201/frontend/README.md
[Trace 13:50:07.297] Server: connection.languages.diagnostics.on: file:///home/devilunraveled/DASS/Assignment%201/frontend/README.md
[Trace 13:50:07.386] VsCodeClientWorkspace: TextDocument.onDidChanceContent: file:///home/devilunraveled/DASS/Assignment%201/frontend/README.md
[Trace 13:50:07.387] Server: connection.languages.diagnostics.on: file:///home/devilunraveled/DASS/Assignment%201/frontend/README.md
[Trace 13:50:07.518] VsCodeClientWorkspace: TextDocument.onDidChanceContent: file:///home/devilunraveled/DASS/Assignment%201/frontend/README.md
[Trace 13:50:07.518] Server: connection.languages.diagnostics.on: file:///home/devilunraveled/DASS/Assignment%201/frontend/README.md
[Trace 13:50:07.647] VsCodeClientWorkspace: TextDocument.onDidChanceContent: file:///home/devilunraveled/DASS/Assignment%201/frontend/README.md
[Trace 13:50:07.648] Server: connection.languages.diagnostics.on: file:///home/devilunraveled/DASS/Assignment%201/frontend/README.md
[Trace 13:50:07.713] VsCodeClientWorkspace: TextDocument.onDidChanceContent: file:///home/devilunraveled/DASS/Assignment%201/frontend/README.md
[Trace 13:50:07.713] Server: connection.languages.diagnostics.on: file:///home/devilunraveled/DASS/Assignment%201/frontend/README.md
[Debug 13:50:07.914] MdFoldingProvider: provideFoldingRanges — file:///home/devilunraveled/DASS/Assignment%201/frontend/README.md 23
[Debug 13:50:07.914] TableOfContentsProvider: create - file:///home/devilunraveled/DASS/Assignment%201/frontend/README.md
[Trace 13:50:08.064] DocumentSymbolProvider: provideDocumentSymbols — file:///home/devilunraveled/DASS/Assignment%201/frontend/README.md 23
[Debug 13:50:08.064] LinkProvider: compute - file:///home/devilunraveled/DASS/Assignment%201/frontend/README.md
[Trace 13:50:08.124] VsCodeClientWorkspace: TextDocument.onDidChanceContent: file:///home/devilunraveled/DASS/Assignment%201/frontend/README.md
[Trace 13:50:08.124] Server: connection.languages.diagnostics.on: file:///home/devilunraveled/DASS/Assignment%201/frontend/README.md
[Debug 13:50:08.325] MdFoldingProvider: provideFoldingRanges — file:///home/devilunraveled/DASS/Assignment%201/frontend/README.md 24
[Debug 13:50:08.325] TableOfContentsProvider: create - file:///home/devilunraveled/DASS/Assignment%201/frontend/README.md
[Debug 13:50:08.376] LinkProvider: compute - file:///home/devilunraveled/DASS/Assignment%201/frontend/README.md
[Trace 13:50:08.475] VsCodeClientWorkspace: TextDocument.onDidChanceContent: file:///home/devilunraveled/DASS/Assignment%201/frontend/README.md
[Trace 13:50:08.476] Server: connection.languages.diagnostics.on: file:///home/devilunraveled/DASS/Assignment%201/frontend/README.md
[Trace 13:50:08.616] VsCodeClientWorkspace: TextDocument.onDidChanceContent: file:///home/devilunraveled/DASS/Assignment%201/frontend/README.md
[Trace 13:50:08.616] Server: connection.languages.diagnostics.on: file:///home/devilunraveled/DASS/Assignment%201/frontend/README.md
[Trace 13:50:08.724] VsCodeClientWorkspace: TextDocument.onDidChanceContent: file:///home/devilunraveled/DASS/Assignment%201/frontend/README.md
[Trace 13:50:08.724] Server: connection.languages.diagnostics.on: file:///home/devilunraveled/DASS/Assignment%201/frontend/README.md
[Trace 13:50:08.857] VsCodeClientWorkspace: TextDocument.onDidChanceContent: file:///home/devilunraveled/DASS/Assignment%201/frontend/README.md
[Trace 13:50:08.857] Server: connection.languages.diagnostics.on: file:///home/devilunraveled/DASS/Assignment%201/frontend/README.md
[Debug 13:50:09.058] MdFoldingProvider: provideFoldingRanges — file:///home/devilunraveled/DASS/Assignment%201/frontend/README.md 28
[Debug 13:50:09.058] TableOfContentsProvider: create - file:///home/devilunraveled/DASS/Assignment%201/frontend/README.md
[Trace 13:50:09.214] DocumentSymbolProvider: provideDocumentSymbols — file:///home/devilunraveled/DASS/Assignment%201/frontend/README.md 28
[Debug 13:50:09.215] LinkProvider: compute - file:///home/devilunraveled/DASS/Assignment%201/frontend/README.md
[Trace 13:50:09.216] VsCodeClientWorkspace: TextDocument.onDidChanceContent: file:///home/devilunraveled/DASS/Assignment%201/frontend/README.md
[Trace 13:50:09.217] Server: connection.languages.diagnostics.on: file:///home/devilunraveled/DASS/Assignment%201/frontend/README.md
[Trace 13:50:09.362] VsCodeClientWorkspace: TextDocument.onDidChanceContent: file:///home/devilunraveled/DASS/Assignment%201/frontend/README.md
[Trace 13:50:09.363] Server: connection.languages.diagnostics.on: file:///home/devilunraveled/DASS/Assignment%201/frontend/README.md
[Debug 13:50:09.563] MdFoldingProvider: provideFoldingRanges — file:///home/devilunraveled/DASS/Assignment%201/frontend/README.md 30
[Debug 13:50:09.564] TableOfContentsProvider: create - file:///home/devilunraveled/DASS/Assignment%201/frontend/README.md
[Trace 13:50:09.577] VsCodeClientWorkspace: TextDocument.onDidChanceContent: file:///home/devilunraveled/DASS/Assignment%201/frontend/README.md
[Trace 13:50:09.578] Server: connection.languages.diagnostics.on: file:///home/devilunraveled/DASS/Assignment%201/frontend/README.md
[Trace 13:50:09.680] VsCodeClientWorkspace: TextDocument.onDidChanceContent: file:///home/devilunraveled/DASS/Assignment%201/frontend/README.md
[Trace 13:50:09.681] Server: connection.languages.diagnostics.on: file:///home/devilunraveled/DASS/Assignment%201/frontend/README.md
[Debug 13:50:09.881] MdFoldingProvider: provideFoldingRanges — file:///home/devilunraveled/DASS/Assignment%201/frontend/README.md 32
[Debug 13:50:09.881] TableOfContentsProvider: create - file:///home/devilunraveled/DASS/Assignment%201/frontend/README.md
[Trace 13:50:10.002] VsCodeClientWorkspace: TextDocument.onDidChanceContent: file:///home/devilunraveled/DASS/Assignment%201/frontend/README.md
[Trace 13:50:10.002] Server: connection.languages.diagnostics.on: file:///home/devilunraveled/DASS/Assignment%201/frontend/README.md
[Trace 13:50:10.138] VsCodeClientWorkspace: TextDocument.onDidChanceContent: file:///home/devilunraveled/DASS/Assignment%201/frontend/README.md
[Trace 13:50:10.139] Server: connection.languages.diagnostics.on: file:///home/devilunraveled/DASS/Assignment%201/frontend/README.md
[Debug 13:50:10.339] MdFoldingProvider: provideFoldingRanges — file:///home/devilunraveled/DASS/Assignment%201/frontend/README.md 34
[Debug 13:50:10.339] TableOfContentsProvider: create - file:///home/devilunraveled/DASS/Assignment%201/frontend/README.md
[Trace 13:50:10.468] VsCodeClientWorkspace: TextDocument.onDidChanceContent: file:///home/devilunraveled/DASS/Assignment%201/frontend/README.md
[Trace 13:50:10.469] Server: connection.languages.diagnostics.on: file:///home/devilunraveled/DASS/Assignment%201/frontend/README.md
[Debug 13:50:10.669] MdFoldingProvider: provideFoldingRanges — file:///home/devilunraveled/DASS/Assignment%201/frontend/README.md 35
[Debug 13:50:10.669] TableOfContentsProvider: create - file:///home/devilunraveled/DASS/Assignment%201/frontend/README.md
[Trace 13:50:10.685] VsCodeClientWorkspace: TextDocument.onDidChanceContent: file:///home/devilunraveled/DASS/Assignment%201/frontend/README.md
[Trace 13:50:10.686] Server: connection.languages.diagnostics.on: file:///home/devilunraveled/DASS/Assignment%201/frontend/README.md
[Trace 13:50:10.779] VsCodeClientWorkspace: TextDocument.onDidChanceContent: file:///home/devilunraveled/DASS/Assignment%201/frontend/README.md
[Trace 13:50:10.780] Server: connection.languages.diagnostics.on: file:///home/devilunraveled/DASS/Assignment%201/frontend/README.md
[Trace 13:50:10.875] VsCodeClientWorkspace: TextDocument.onDidChanceContent: file:///home/devilunraveled/DASS/Assignment%201/frontend/README.md
[Trace 13:50:10.876] Server: connection.languages.diagnostics.on: file:///home/devilunraveled/DASS/Assignment%201/frontend/README.md
[Trace 13:50:10.958] VsCodeClientWorkspace: TextDocument.onDidChanceContent: file:///home/devilunraveled/DASS/Assignment%201/frontend/README.md
[Trace 13:50:10.959] Server: connection.languages.diagnostics.on: file:///home/devilunraveled/DASS/Assignment%201/frontend/README.md
[Trace 13:50:11.137] VsCodeClientWorkspace: TextDocument.onDidChanceContent: file:///home/devilunraveled/DASS/Assignment%201/frontend/README.md
[Trace 13:50:11.137] Server: connection.languages.diagnostics.on: file:///home/devilunraveled/DASS/Assignment%201/frontend/README.md
[Trace 13:50:11.192] VsCodeClientWorkspace: TextDocument.onDidChanceContent: file:///home/devilunraveled/DASS/Assignment%201/frontend/README.md
[Trace 13:50:11.193] Server: connection.languages.diagnostics.on: file:///home/devilunraveled/DASS/Assignment%201/frontend/README.md
[Debug 13:50:11.393] MdFoldingProvider: provideFoldingRanges — file:///home/devilunraveled/DASS/Assignment%201/frontend/README.md 41
[Debug 13:50:11.394] TableOfContentsProvider: create - file:///home/devilunraveled/DASS/Assignment%201/frontend/README.md
[Trace 13:50:11.544] DocumentSymbolProvider: provideDocumentSymbols — file:///home/devilunraveled/DASS/Assignment%201/frontend/README.md 41
[Debug 13:50:11.544] LinkProvider: compute - file:///home/devilunraveled/DASS/Assignment%201/frontend/README.md
[Trace 13:50:11.625] VsCodeClientWorkspace: TextDocument.onDidChanceContent: file:///home/devilunraveled/DASS/Assignment%201/frontend/README.md
[Trace 13:50:11.625] Server: connection.languages.diagnostics.on: file:///home/devilunraveled/DASS/Assignment%201/frontend/README.md
[Trace 13:50:11.799] VsCodeClientWorkspace: TextDocument.onDidChanceContent: file:///home/devilunraveled/DASS/Assignment%201/frontend/README.md
[Trace 13:50:11.799] Server: connection.languages.diagnostics.on: file:///home/devilunraveled/DASS/Assignment%201/frontend/README.md
[Trace 13:50:11.825] VsCodeClientWorkspace: TextDocument.onDidChanceContent: file:///home/devilunraveled/DASS/Assignment%201/frontend/README.md
[Trace 13:50:11.825] Server: connection.languages.diagnostics.on: file:///home/devilunraveled/DASS/Assignment%201/frontend/README.md
[Trace 13:50:11.927] VsCodeClientWorkspace: TextDocument.onDidChanceContent: file:///home/devilunraveled/DASS/Assignment%201/frontend/README.md
[Trace 13:50:11.927] Server: connection.languages.diagnostics.on: file:///home/devilunraveled/DASS/Assignment%201/frontend/README.md
[Trace 13:50:12.115] VsCodeClientWorkspace: TextDocument.onDidChanceContent: file:///home/devilunraveled/DASS/Assignment%201/frontend/README.md
[Trace 13:50:12.115] Server: connection.languages.diagnostics.on: file:///home/devilunraveled/DASS/Assignment%201/frontend/README.md
[Trace 13:50:12.239] VsCodeClientWorkspace: TextDocument.onDidChanceContent: file:///home/devilunraveled/DASS/Assignment%201/frontend/README.md
[Trace 13:50:12.239] Server: connection.languages.diagnostics.on: file:///home/devilunraveled/DASS/Assignment%201/frontend/README.md
[Trace 13:50:12.439] VsCodeClientWorkspace: TextDocument.onDidChanceContent: file:///home/devilunraveled/DASS/Assignment%201/frontend/README.md
[Trace 13:50:12.440] Server: connection.languages.diagnostics.on: file:///home/devilunraveled/DASS/Assignment%201/frontend/README.md
[Trace 13:50:12.547] VsCodeClientWorkspace: TextDocument.onDidChanceContent: file:///home/devilunraveled/DASS/Assignment%201/frontend/README.md
[Trace 13:50:12.547] Server: connection.languages.diagnostics.on: file:///home/devilunraveled/DASS/Assignment%201/frontend/README.md
[Trace 13:50:12.608] VsCodeClientWorkspace: TextDocument.onDidChanceContent: file:///home/devilunraveled/DASS/Assignment%201/frontend/README.md
[Trace 13:50:12.609] Server: connection.languages.diagnostics.on: file:///home/devilunraveled/DASS/Assignment%201/frontend/README.md
[Trace 13:50:12.666] VsCodeClientWorkspace: TextDocument.onDidChanceContent: file:///home/devilunraveled/DASS/Assignment%201/frontend/README.md
[Trace 13:50:12.667] Server: connection.languages.diagnostics.on: file:///home/devilunraveled/DASS/Assignment%201/frontend/README.md
[Debug 13:50:12.868] MdFoldingProvider: provideFoldingRanges — file:///home/devilunraveled/DASS/Assignment%201/frontend/README.md 51
[Debug 13:50:12.869] TableOfContentsProvider: create - file:///home/devilunraveled/DASS/Assignment%201/frontend/README.md
[Trace 13:50:12.889] VsCodeClientWorkspace: TextDocument.onDidChanceContent: file:///home/devilunraveled/DASS/Assignment%201/frontend/README.md
[Trace 13:50:12.889] Server: connection.languages.diagnostics.on: file:///home/devilunraveled/DASS/Assignment%201/frontend/README.md
[Debug 13:50:13.090] MdFoldingProvider: provideFoldingRanges — file:///home/devilunraveled/DASS/Assignment%201/frontend/README.md 52
[Debug 13:50:13.090] TableOfContentsProvider: create - file:///home/devilunraveled/DASS/Assignment%201/frontend/README.md
[Debug 13:50:13.143] LinkProvider: compute - file:///home/devilunraveled/DASS/Assignment%201/frontend/README.md
[Trace 13:50:13.240] DocumentSymbolProvider: provideDocumentSymbols — file:///home/devilunraveled/DASS/Assignment%201/frontend/README.md 52
[Trace 13:50:13.479] VsCodeClientWorkspace: TextDocument.onDidChanceContent: file:///home/devilunraveled/DASS/Assignment%201/frontend/README.md
[Trace 13:50:13.479] Server: connection.languages.diagnostics.on: file:///home/devilunraveled/DASS/Assignment%201/frontend/README.md
[Trace 13:50:13.657] VsCodeClientWorkspace: TextDocument.onDidChanceContent: file:///home/devilunraveled/DASS/Assignment%201/frontend/README.md
[Trace 13:50:13.657] Server: connection.languages.diagnostics.on: file:///home/devilunraveled/DASS/Assignment%201/frontend/README.md
[Trace 13:50:13.828] VsCodeClientWorkspace: TextDocument.onDidChanceContent: file:///home/devilunraveled/DASS/Assignment%201/frontend/README.md
[Trace 13:50:13.828] Server: connection.languages.diagnostics.on: file:///home/devilunraveled/DASS/Assignment%201/frontend/README.md
[Trace 13:50:14.024] VsCodeClientWorkspace: TextDocument.onDidChanceContent: file:///home/devilunraveled/DASS/Assignment%201/frontend/README.md
[Trace 13:50:14.024] Server: connection.languages.diagnostics.on: file:///home/devilunraveled/DASS/Assignment%201/frontend/README.md
[Trace 13:50:14.148] VsCodeClientWorkspace: TextDocument.onDidChanceContent: file:///home/devilunraveled/DASS/Assignment%201/frontend/README.md
[Trace 13:50:14.148] Server: connection.languages.diagnostics.on: file:///home/devilunraveled/DASS/Assignment%201/frontend/README.md
[Trace 13:50:14.209] VsCodeClientWorkspace: TextDocument.onDidChanceContent: file:///home/devilunraveled/DASS/Assignment%201/frontend/README.md
[Trace 13:50:14.210] Server: connection.languages.diagnostics.on: file:///home/devilunraveled/DASS/Assignment%201/frontend/README.md
[Trace 13:50:14.280] VsCodeClientWorkspace: TextDocument.onDidChanceContent: file:///home/devilunraveled/DASS/Assignment%201/frontend/README.md
[Trace 13:50:14.280] Server: connection.languages.diagnostics.on: file:///home/devilunraveled/DASS/Assignment%201/frontend/README.md
[Trace 13:50:14.392] VsCodeClientWorkspace: TextDocument.onDidChanceContent: file:///home/devilunraveled/DASS/Assignment%201/frontend/README.md
[Trace 13:50:14.392] Server: connection.languages.diagnostics.on: file:///home/devilunraveled/DASS/Assignment%201/frontend/README.md
[Trace 13:50:14.584] VsCodeClientWorkspace: TextDocument.onDidChanceContent: file:///home/devilunraveled/DASS/Assignment%201/frontend/README.md
[Trace 13:50:14.585] Server: connection.languages.diagnostics.on: file:///home/devilunraveled/DASS/Assignment%201/frontend/README.md
[Trace 13:50:14.657] VsCodeClientWorkspace: TextDocument.onDidChanceContent: file:///home/devilunraveled/DASS/Assignment%201/frontend/README.md
[Trace 13:50:14.657] Server: connection.languages.diagnostics.on: file:///home/devilunraveled/DASS/Assignment%201/frontend/README.md
[Trace 13:50:14.713] VsCodeClientWorkspace: TextDocument.onDidChanceContent: file:///home/devilunraveled/DASS/Assignment%201/frontend/README.md
[Trace 13:50:14.713] Server: connection.languages.diagnostics.on: file:///home/devilunraveled/DASS/Assignment%201/frontend/README.md
[Debug 13:50:14.914] MdFoldingProvider: provideFoldingRanges — file:///home/devilunraveled/DASS/Assignment%201/frontend/README.md 63
[Debug 13:50:14.914] TableOfContentsProvider: create - file:///home/devilunraveled/DASS/Assignment%201/frontend/README.md
[Trace 13:50:14.976] VsCodeClientWorkspace: TextDocument.onDidChanceContent: file:///home/devilunraveled/DASS/Assignment%201/frontend/README.md
[Trace 13:50:14.976] Server: connection.languages.diagnostics.on: file:///home/devilunraveled/DASS/Assignment%201/frontend/README.md
[Trace 13:50:15.026] VsCodeClientWorkspace: TextDocument.onDidChanceContent: file:///home/devilunraveled/DASS/Assignment%201/frontend/README.md
[Trace 13:50:15.026] Server: connection.languages.diagnostics.on: file:///home/devilunraveled/DASS/Assignment%201/frontend/README.md
[Debug 13:50:15.227] MdFoldingProvider: provideFoldingRanges — file:///home/devilunraveled/DASS/Assignment%201/frontend/README.md 65
[Debug 13:50:15.227] TableOfContentsProvider: create - file:///home/devilunraveled/DASS/Assignment%201/frontend/README.md
[Trace 13:50:15.271] VsCodeClientWorkspace: TextDocument.onDidChanceContent: file:///home/devilunraveled/DASS/Assignment%201/frontend/README.md
[Trace 13:50:15.272] Server: connection.languages.diagnostics.on: file:///home/devilunraveled/DASS/Assignment%201/frontend/README.md
[Debug 13:50:15.471] MdFoldingProvider: provideFoldingRanges — file:///home/devilunraveled/DASS/Assignment%201/frontend/README.md 66
[Debug 13:50:15.472] TableOfContentsProvider: create - file:///home/devilunraveled/DASS/Assignment%201/frontend/README.md
[Trace 13:50:15.492] VsCodeClientWorkspace: TextDocument.onDidChanceContent: file:///home/devilunraveled/DASS/Assignment%201/frontend/README.md
[Trace 13:50:15.492] Server: connection.languages.diagnostics.on: file:///home/devilunraveled/DASS/Assignment%201/frontend/README.md
[Trace 13:50:15.530] VsCodeClientWorkspace: TextDocument.onDidChanceContent: file:///home/devilunraveled/DASS/Assignment%201/frontend/README.md
[Trace 13:50:15.531] Server: connection.languages.diagnostics.on: file:///home/devilunraveled/DASS/Assignment%201/frontend/README.md
[Debug 13:50:15.731] MdFoldingProvider: provideFoldingRanges — file:///home/devilunraveled/DASS/Assignment%201/frontend/README.md 68
[Debug 13:50:15.731] TableOfContentsProvider: create - file:///home/devilunraveled/DASS/Assignment%201/frontend/README.md
[Trace 13:50:15.882] DocumentSymbolProvider: provideDocumentSymbols — file:///home/devilunraveled/DASS/Assignment%201/frontend/README.md 68
[Debug 13:50:15.882] LinkProvider: compute - file:///home/devilunraveled/DASS/Assignment%201/frontend/README.md
[Trace 13:50:16.177] VsCodeClientWorkspace: TextDocument.onDidChanceContent: file:///home/devilunraveled/DASS/Assignment%201/frontend/README.md
[Trace 13:50:16.177] Server: connection.languages.diagnostics.on: file:///home/devilunraveled/DASS/Assignment%201/frontend/README.md
[Trace 13:50:16.198] VsCodeClientWorkspace: TextDocument.onDidChanceContent: file:///home/devilunraveled/DASS/Assignment%201/frontend/README.md
[Trace 13:50:16.198] Server: connection.languages.diagnostics.on: file:///home/devilunraveled/DASS/Assignment%201/frontend/README.md
[Debug 13:50:16.395] MdFoldingProvider: provideFoldingRanges — file:///home/devilunraveled/DASS/Assignment%201/frontend/README.md 70
[Debug 13:50:16.395] TableOfContentsProvider: create - file:///home/devilunraveled/DASS/Assignment%201/frontend/README.md
[Debug 13:50:16.446] LinkProvider: compute - file:///home/devilunraveled/DASS/Assignment%201/frontend/README.md
[Trace 13:50:16.546] DocumentSymbolProvider: provideDocumentSymbols — file:///home/devilunraveled/DASS/Assignment%201/frontend/README.md 70
[Trace 13:50:16.576] VsCodeClientWorkspace: TextDocument.onDidChanceContent: file:///home/devilunraveled/DASS/Assignment%201/frontend/README.md
[Trace 13:50:16.576] Server: connection.languages.diagnostics.on: file:///home/devilunraveled/DASS/Assignment%201/frontend/README.md
[Debug 13:50:16.776] MdFoldingProvider: provideFoldingRanges — file:///home/devilunraveled/DASS/Assignment%201/frontend/README.md 71
[Debug 13:50:16.777] TableOfContentsProvider: create - file:///home/devilunraveled/DASS/Assignment%201/frontend/README.md
[Debug 13:50:16.827] LinkProvider: compute - file:///home/devilunraveled/DASS/Assignment%201/frontend/README.md
[Trace 13:50:16.927] DocumentSymbolProvider: provideDocumentSymbols — file:///home/devilunraveled/DASS/Assignment%201/frontend/README.md 71
[Trace 13:50:16.959] VsCodeClientWorkspace: TextDocument.onDidChanceContent: file:///home/devilunraveled/DASS/Assignment%201/frontend/README.md
[Trace 13:50:16.960] Server: connection.languages.diagnostics.on: file:///home/devilunraveled/DASS/Assignment%201/frontend/README.md
[Debug 13:50:17.160] MdFoldingProvider: provideFoldingRanges — file:///home/devilunraveled/DASS/Assignment%201/frontend/README.md 72
[Debug 13:50:17.161] TableOfContentsProvider: create - file:///home/devilunraveled/DASS/Assignment%201/frontend/README.md
[Debug 13:50:17.212] LinkProvider: compute - file:///home/devilunraveled/DASS/Assignment%201/frontend/README.md
[Trace 13:50:17.311] DocumentSymbolProvider: provideDocumentSymbols — file:///home/devilunraveled/DASS/Assignment%201/frontend/README.md 72
[Trace 13:50:17.657] VsCodeClientWorkspace: TextDocument.onDidChanceContent: file:///home/devilunraveled/DASS/Assignment%201/frontend/README.md
[Trace 13:50:17.658] Server: connection.languages.diagnostics.on: file:///home/devilunraveled/DASS/Assignment%201/frontend/README.md
[Trace 13:50:17.786] VsCodeClientWorkspace: TextDocument.onDidChanceContent: file:///home/devilunraveled/DASS/Assignment%201/frontend/README.md
[Trace 13:50:17.786] Server: connection.languages.diagnostics.on: file:///home/devilunraveled/DASS/Assignment%201/frontend/README.md
[Trace 13:50:17.902] VsCodeClientWorkspace: TextDocument.onDidChanceContent: file:///home/devilunraveled/DASS/Assignment%201/frontend/README.md
[Trace 13:50:17.902] Server: connection.languages.diagnostics.on: file:///home/devilunraveled/DASS/Assignment%201/frontend/README.md
[Debug 13:50:18.102] MdFoldingProvider: provideFoldingRanges — file:///home/devilunraveled/DASS/Assignment%201/frontend/README.md 75
[Debug 13:50:18.103] TableOfContentsProvider: create - file:///home/devilunraveled/DASS/Assignment%201/frontend/README.md
[Trace 13:50:18.253] DocumentSymbolProvider: provideDocumentSymbols — file:///home/devilunraveled/DASS/Assignment%201/frontend/README.md 75
[Debug 13:50:18.253] LinkProvider: compute - file:///home/devilunraveled/DASS/Assignment%201/frontend/README.md
[Trace 13:50:18.634] VsCodeClientWorkspace: TextDocument.onDidChanceContent: file:///home/devilunraveled/DASS/Assignment%201/frontend/README.md
[Trace 13:50:18.635] Server: connection.languages.diagnostics.on: file:///home/devilunraveled/DASS/Assignment%201/frontend/README.md
[Trace 13:50:18.721] VsCodeClientWorkspace: TextDocument.onDidChanceContent: file:///home/devilunraveled/DASS/Assignment%201/frontend/README.md
[Trace 13:50:18.721] Server: connection.languages.diagnostics.on: file:///home/devilunraveled/DASS/Assignment%201/frontend/README.md
[Trace 13:50:18.898] VsCodeClientWorkspace: TextDocument.onDidChanceContent: file:///home/devilunraveled/DASS/Assignment%201/frontend/README.md
[Trace 13:50:18.899] Server: connection.languages.diagnostics.on: file:///home/devilunraveled/DASS/Assignment%201/frontend/README.md
[Debug 13:50:19.099] MdFoldingProvider: provideFoldingRanges — file:///home/devilunraveled/DASS/Assignment%201/frontend/README.md 78
[Debug 13:50:19.099] TableOfContentsProvider: create - file:///home/devilunraveled/DASS/Assignment%201/frontend/README.md
[Trace 13:50:19.171] VsCodeClientWorkspace: TextDocument.onDidChanceContent: file:///home/devilunraveled/DASS/Assignment%201/frontend/README.md
[Trace 13:50:19.172] Server: connection.languages.diagnostics.on: file:///home/devilunraveled/DASS/Assignment%201/frontend/README.md
[Debug 13:50:19.372] MdFoldingProvider: provideFoldingRanges — file:///home/devilunraveled/DASS/Assignment%201/frontend/README.md 79
[Debug 13:50:19.372] TableOfContentsProvider: create - file:///home/devilunraveled/DASS/Assignment%201/frontend/README.md
[Trace 13:50:19.523] DocumentSymbolProvider: provideDocumentSymbols — file:///home/devilunraveled/DASS/Assignment%201/frontend/README.md 79
[Debug 13:50:19.523] LinkProvider: compute - file:///home/devilunraveled/DASS/Assignment%201/frontend/README.md
[Trace 13:50:19.829] VsCodeClientWorkspace: TextDocument.onDidChanceContent: file:///home/devilunraveled/DASS/Assignment%201/frontend/README.md
[Trace 13:50:19.830] Server: connection.languages.diagnostics.on: file:///home/devilunraveled/DASS/Assignment%201/frontend/README.md
[Trace 13:50:19.872] VsCodeClientWorkspace: TextDocument.onDidChanceContent: file:///home/devilunraveled/DASS/Assignment%201/frontend/README.md
[Trace 13:50:19.872] Server: connection.languages.diagnostics.on: file:///home/devilunraveled/DASS/Assignment%201/frontend/README.md
[Trace 13:50:19.913] VsCodeClientWorkspace: TextDocument.onDidChanceContent: file:///home/devilunraveled/DASS/Assignment%201/frontend/README.md
[Trace 13:50:19.914] Server: connection.languages.diagnostics.on: file:///home/devilunraveled/DASS/Assignment%201/frontend/README.md
[Trace 13:50:19.948] VsCodeClientWorkspace: TextDocument.onDidChanceContent: file:///home/devilunraveled/DASS/Assignment%201/frontend/README.md
[Trace 13:50:19.948] Server: connection.languages.diagnostics.on: file:///home/devilunraveled/DASS/Assignment%201/frontend/README.md
[Trace 13:50:19.990] VsCodeClientWorkspace: TextDocument.onDidChanceContent: file:///home/devilunraveled/DASS/Assignment%201/frontend/README.md
[Trace 13:50:19.991] Server: connection.languages.diagnostics.on: file:///home/devilunraveled/DASS/Assignment%201/frontend/README.md
[Trace 13:50:20.031] VsCodeClientWorkspace: TextDocument.onDidChanceContent: file:///home/devilunraveled/DASS/Assignment%201/frontend/README.md
[Trace 13:50:20.031] Server: connection.languages.diagnostics.on: file:///home/devilunraveled/DASS/Assignment%201/frontend/README.md
[Trace 13:50:20.069] VsCodeClientWorkspace: TextDocument.onDidChanceContent: file:///home/devilunraveled/DASS/Assignment%201/frontend/README.md
[Trace 13:50:20.070] Server: connection.languages.diagnostics.on: file:///home/devilunraveled/DASS/Assignment%201/frontend/README.md
[Trace 13:50:20.110] VsCodeClientWorkspace: TextDocument.onDidChanceContent: file:///home/devilunraveled/DASS/Assignment%201/frontend/README.md
[Trace 13:50:20.111] Server: connection.languages.diagnostics.on: file:///home/devilunraveled/DASS/Assignment%201/frontend/README.md
[Trace 13:50:20.154] VsCodeClientWorkspace: TextDocument.onDidChanceContent: file:///home/devilunraveled/DASS/Assignment%201/frontend/README.md
[Trace 13:50:20.155] Server: connection.languages.diagnostics.on: file:///home/devilunraveled/DASS/Assignment%201/frontend/README.md
[Trace 13:50:20.199] VsCodeClientWorkspace: TextDocument.onDidChanceContent: file:///home/devilunraveled/DASS/Assignment%201/frontend/README.md
[Trace 13:50:20.200] Server: connection.languages.diagnostics.on: file:///home/devilunraveled/DASS/Assignment%201/frontend/README.md
[Trace 13:50:20.236] VsCodeClientWorkspace: TextDocument.onDidChanceContent: file:///home/devilunraveled/DASS/Assignment%201/frontend/README.md
[Trace 13:50:20.236] Server: connection.languages.diagnostics.on: file:///home/devilunraveled/DASS/Assignment%201/frontend/README.md
[Trace 13:50:20.277] VsCodeClientWorkspace: TextDocument.onDidChanceContent: file:///home/devilunraveled/DASS/Assignment%201/frontend/README.md
[Trace 13:50:20.278] Server: connection.languages.diagnostics.on: file:///home/devilunraveled/DASS/Assignment%201/frontend/README.md
[Trace 13:50:20.319] VsCodeClientWorkspace: TextDocument.onDidChanceContent: file:///home/devilunraveled/DASS/Assignment%201/frontend/README.md
[Trace 13:50:20.319] Server: connection.languages.diagnostics.on: file:///home/devilunraveled/DASS/Assignment%201/frontend/README.md
[Trace 13:50:20.358] VsCodeClientWorkspace: TextDocument.onDidChanceContent: file:///home/devilunraveled/DASS/Assignment%201/frontend/README.md
[Trace 13:50:20.359] Server: connection.languages.diagnostics.on: file:///home/devilunraveled/DASS/Assignment%201/frontend/README.md
[Debug 13:50:20.559] MdFoldingProvider: provideFoldingRanges — file:///home/devilunraveled/DASS/Assignment%201/frontend/README.md 93
[Debug 13:50:20.559] TableOfContentsProvider: create - file:///home/devilunraveled/DASS/Assignment%201/frontend/README.md
[Trace 13:50:20.728] DocumentSymbolProvider: provideDocumentSymbols — file:///home/devilunraveled/DASS/Assignment%201/frontend/README.md 93
[Debug 13:50:20.728] LinkProvider: compute - file:///home/devilunraveled/DASS/Assignment%201/frontend/README.md
[Trace 13:50:21.140] VsCodeClientWorkspace: TextDocument.onDidChanceContent: file:///home/devilunraveled/DASS/Assignment%201/frontend/README.md
[Trace 13:50:21.140] Server: connection.languages.diagnostics.on: file:///home/devilunraveled/DASS/Assignment%201/frontend/README.md
[Trace 13:50:21.243] VsCodeClientWorkspace: TextDocument.onDidChanceContent: file:///home/devilunraveled/DASS/Assignment%201/frontend/README.md
[Trace 13:50:21.244] Server: connection.languages.diagnostics.on: file:///home/devilunraveled/DASS/Assignment%201/frontend/README.md
[Debug 13:50:21.444] MdFoldingProvider: provideFoldingRanges — file:///home/devilunraveled/DASS/Assignment%201/frontend/README.md 95
[Debug 13:50:21.444] TableOfContentsProvider: create - file:///home/devilunraveled/DASS/Assignment%201/frontend/README.md
[Trace 13:50:21.538] VsCodeClientWorkspace: TextDocument.onDidChanceContent: file:///home/devilunraveled/DASS/Assignment%201/frontend/README.md
[Trace 13:50:21.539] Server: connection.languages.diagnostics.on: file:///home/devilunraveled/DASS/Assignment%201/frontend/README.md
[Trace 13:50:21.569] VsCodeClientWorkspace: TextDocument.onDidChanceContent: file:///home/devilunraveled/DASS/Assignment%201/frontend/README.md
[Trace 13:50:21.569] Server: connection.languages.diagnostics.on: file:///home/devilunraveled/DASS/Assignment%201/frontend/README.md
[Debug 13:50:21.769] MdFoldingProvider: provideFoldingRanges — file:///home/devilunraveled/DASS/Assignment%201/frontend/README.md 97
[Debug 13:50:21.769] TableOfContentsProvider: create - file:///home/devilunraveled/DASS/Assignment%201/frontend/README.md
[Debug 13:50:21.822] LinkProvider: compute - file:///home/devilunraveled/DASS/Assignment%201/frontend/README.md
[Trace 13:50:21.920] DocumentSymbolProvider: provideDocumentSymbols — file:///home/devilunraveled/DASS/Assignment%201/frontend/README.md 97
[Trace 13:50:21.941] VsCodeClientWorkspace: TextDocument.onDidChanceContent: file:///home/devilunraveled/DASS/Assignment%201/frontend/README.md
[Trace 13:50:21.941] Server: connection.languages.diagnostics.on: file:///home/devilunraveled/DASS/Assignment%201/frontend/README.md
[Debug 13:50:22.142] MdFoldingProvider: provideFoldingRanges — file:///home/devilunraveled/DASS/Assignment%201/frontend/README.md 98
[Debug 13:50:22.142] TableOfContentsProvider: create - file:///home/devilunraveled/DASS/Assignment%201/frontend/README.md
[Debug 13:50:22.194] LinkProvider: compute - file:///home/devilunraveled/DASS/Assignment%201/frontend/README.md
[Trace 13:50:22.293] DocumentSymbolProvider: provideDocumentSymbols — file:///home/devilunraveled/DASS/Assignment%201/frontend/README.md 98
[Trace 13:50:22.793] VsCodeClientWorkspace: TextDocument.onDidChanceContent: file:///home/devilunraveled/DASS/Assignment%201/frontend/README.md
[Trace 13:50:22.793] Server: connection.languages.diagnostics.on: file:///home/devilunraveled/DASS/Assignment%201/frontend/README.md
[Trace 13:50:22.849] VsCodeClientWorkspace: TextDocument.onDidChanceContent: file:///home/devilunraveled/DASS/Assignment%201/frontend/README.md
[Trace 13:50:22.849] Server: connection.languages.diagnostics.on: file:///home/devilunraveled/DASS/Assignment%201/frontend/README.md
[Trace 13:50:22.975] VsCodeClientWorkspace: TextDocument.onDidChanceContent: file:///home/devilunraveled/DASS/Assignment%201/frontend/README.md
[Trace 13:50:22.975] Server: connection.languages.diagnostics.on: file:///home/devilunraveled/DASS/Assignment%201/frontend/README.md
[Trace 13:50:23.037] VsCodeClientWorkspace: TextDocument.onDidChanceContent: file:///home/devilunraveled/DASS/Assignment%201/frontend/README.md
[Trace 13:50:23.037] Server: connection.languages.diagnostics.on: file:///home/devilunraveled/DASS/Assignment%201/frontend/README.md
[Trace 13:50:23.212] VsCodeClientWorkspace: TextDocument.onDidChanceContent: file:///home/devilunraveled/DASS/Assignment%201/frontend/README.md
[Trace 13:50:23.212] Server: connection.languages.diagnostics.on: file:///home/devilunraveled/DASS/Assignment%201/frontend/README.md
[Debug 13:50:23.413] MdFoldingProvider: provideFoldingRanges — file:///home/devilunraveled/DASS/Assignment%201/frontend/README.md 103
[Debug 13:50:23.413] TableOfContentsProvider: create - file:///home/devilunraveled/DASS/Assignment%201/frontend/README.md
[Trace 13:50:23.479] VsCodeClientWorkspace: TextDocument.onDidChanceContent: file:///home/devilunraveled/DASS/Assignment%201/frontend/README.md
[Trace 13:50:23.480] Server: connection.languages.diagnostics.on: file:///home/devilunraveled/DASS/Assignment%201/frontend/README.md
[Trace 13:50:23.634] VsCodeClientWorkspace: TextDocument.onDidChanceContent: file:///home/devilunraveled/DASS/Assignment%201/frontend/README.md
[Trace 13:50:23.634] Server: connection.languages.diagnostics.on: file:///home/devilunraveled/DASS/Assignment%201/frontend/README.md
[Trace 13:50:23.759] VsCodeClientWorkspace: TextDocument.onDidChanceContent: file:///home/devilunraveled/DASS/Assignment%201/frontend/README.md
[Trace 13:50:23.760] Server: connection.languages.diagnostics.on: file:///home/devilunraveled/DASS/Assignment%201/frontend/README.md
[Trace 13:50:23.923] VsCodeClientWorkspace: TextDocument.onDidChanceContent: file:///home/devilunraveled/DASS/Assignment%201/frontend/README.md
[Trace 13:50:23.924] Server: connection.languages.diagnostics.on: file:///home/devilunraveled/DASS/Assignment%201/frontend/README.md
[Trace 13:50:24.080] VsCodeClientWorkspace: TextDocument.onDidChanceContent: file:///home/devilunraveled/DASS/Assignment%201/frontend/README.md
[Trace 13:50:24.081] Server: connection.languages.diagnostics.on: file:///home/devilunraveled/DASS/Assignment%201/frontend/README.md
[Trace 13:50:24.195] VsCodeClientWorkspace: TextDocument.onDidChanceContent: file:///home/devilunraveled/DASS/Assignment%201/frontend/README.md
[Trace 13:50:24.195] Server: connection.languages.diagnostics.on: file:///home/devilunraveled/DASS/Assignment%201/frontend/README.md
[Debug 13:50:24.396] MdFoldingProvider: provideFoldingRanges — file:///home/devilunraveled/DASS/Assignment%201/frontend/README.md 109
[Debug 13:50:24.397] TableOfContentsProvider: create - file:///home/devilunraveled/DASS/Assignment%201/frontend/README.md
[Trace 13:50:24.546] DocumentSymbolProvider: provideDocumentSymbols — file:///home/devilunraveled/DASS/Assignment%201/frontend/README.md 109
[Debug 13:50:24.546] LinkProvider: compute - file:///home/devilunraveled/DASS/Assignment%201/frontend/README.md
[Trace 13:50:24.601] VsCodeClientWorkspace: TextDocument.onDidChanceContent: file:///home/devilunraveled/DASS/Assignment%201/frontend/README.md
[Trace 13:50:24.601] Server: connection.languages.diagnostics.on: file:///home/devilunraveled/DASS/Assignment%201/frontend/README.md
[Trace 13:50:24.646] VsCodeClientWorkspace: TextDocument.onDidChanceContent: file:///home/devilunraveled/DASS/Assignment%201/frontend/README.md
[Trace 13:50:24.647] Server: connection.languages.diagnostics.on: file:///home/devilunraveled/DASS/Assignment%201/frontend/README.md
[Trace 13:50:24.749] VsCodeClientWorkspace: TextDocument.onDidChanceContent: file:///home/devilunraveled/DASS/Assignment%201/frontend/README.md
[Trace 13:50:24.750] Server: connection.languages.diagnostics.on: file:///home/devilunraveled/DASS/Assignment%201/frontend/README.md
[Trace 13:50:24.810] VsCodeClientWorkspace: TextDocument.onDidChanceContent: file:///home/devilunraveled/DASS/Assignment%201/frontend/README.md
[Trace 13:50:24.810] Server: connection.languages.diagnostics.on: file:///home/devilunraveled/DASS/Assignment%201/frontend/README.md
[Trace 13:50:24.946] VsCodeClientWorkspace: TextDocument.onDidChanceContent: file:///home/devilunraveled/DASS/Assignment%201/frontend/README.md
[Trace 13:50:24.946] Server: connection.languages.diagnostics.on: file:///home/devilunraveled/DASS/Assignment%201/frontend/README.md
[Debug 13:50:25.174] MdFoldingProvider: provideFoldingRanges — file:///home/devilunraveled/DASS/Assignment%201/frontend/README.md 114
[Debug 13:50:25.175] TableOfContentsProvider: create - file:///home/devilunraveled/DASS/Assignment%201/frontend/README.md
[Trace 13:50:25.297] DocumentSymbolProvider: provideDocumentSymbols — file:///home/devilunraveled/DASS/Assignment%201/frontend/README.md 114
[Debug 13:50:25.297] LinkProvider: compute - file:///home/devilunraveled/DASS/Assignment%201/frontend/README.md
[Trace 13:50:25.440] VsCodeClientWorkspace: TextDocument.onDidChanceContent: file:///home/devilunraveled/DASS/Assignment%201/frontend/README.md
[Trace 13:50:25.440] Server: connection.languages.diagnostics.on: file:///home/devilunraveled/DASS/Assignment%201/frontend/README.md
[Trace 13:50:25.553] VsCodeClientWorkspace: TextDocument.onDidChanceContent: file:///home/devilunraveled/DASS/Assignment%201/frontend/README.md
[Trace 13:50:25.553] Server: connection.languages.diagnostics.on: file:///home/devilunraveled/DASS/Assignment%201/frontend/README.md
[Trace 13:50:25.704] VsCodeClientWorkspace: TextDocument.onDidChanceContent: file:///home/devilunraveled/DASS/Assignment%201/frontend/README.md
[Trace 13:50:25.704] Server: connection.languages.diagnostics.on: file:///home/devilunraveled/DASS/Assignment%201/frontend/README.md
[Trace 13:50:25.806] VsCodeClientWorkspace: TextDocument.onDidChanceContent: file:///home/devilunraveled/DASS/Assignment%201/frontend/README.md
[Trace 13:50:25.806] Server: connection.languages.diagnostics.on: file:///home/devilunraveled/DASS/Assignment%201/frontend/README.md
[Trace 13:50:25.834] VsCodeClientWorkspace: TextDocument.onDidChanceContent: file:///home/devilunraveled/DASS/Assignment%201/frontend/README.md
[Trace 13:50:25.835] Server: connection.languages.diagnostics.on: file:///home/devilunraveled/DASS/Assignment%201/frontend/README.md
[Debug 13:50:26.036] MdFoldingProvider: provideFoldingRanges — file:///home/devilunraveled/DASS/Assignment%201/frontend/README.md 119
[Debug 13:50:26.036] TableOfContentsProvider: create - file:///home/devilunraveled/DASS/Assignment%201/frontend/README.md
[Trace 13:50:26.186] DocumentSymbolProvider: provideDocumentSymbols — file:///home/devilunraveled/DASS/Assignment%201/frontend/README.md 119
[Debug 13:50:26.186] LinkProvider: compute - file:///home/devilunraveled/DASS/Assignment%201/frontend/README.md
[Trace 13:50:26.238] VsCodeClientWorkspace: TextDocument.onDidChanceContent: file:///home/devilunraveled/DASS/Assignment%201/frontend/README.md
[Trace 13:50:26.239] Server: connection.languages.diagnostics.on: file:///home/devilunraveled/DASS/Assignment%201/frontend/README.md
[Trace 13:50:26.325] VsCodeClientWorkspace: TextDocument.onDidChanceContent: file:///home/devilunraveled/DASS/Assignment%201/frontend/README.md
[Trace 13:50:26.325] Server: connection.languages.diagnostics.on: file:///home/devilunraveled/DASS/Assignment%201/frontend/README.md
[Trace 13:50:26.413] VsCodeClientWorkspace: TextDocument.onDidChanceContent: file:///home/devilunraveled/DASS/Assignment%201/frontend/README.md
[Trace 13:50:26.413] Server: connection.languages.diagnostics.on: file:///home/devilunraveled/DASS/Assignment%201/frontend/README.md
[Trace 13:50:26.493] VsCodeClientWorkspace: TextDocument.onDidChanceContent: file:///home/devilunraveled/DASS/Assignment%201/frontend/README.md
[Trace 13:50:26.494] Server: connection.languages.diagnostics.on: file:///home/devilunraveled/DASS/Assignment%201/frontend/README.md
[Trace 13:50:26.676] VsCodeClientWorkspace: TextDocument.onDidChanceContent: file:///home/devilunraveled/DASS/Assignment%201/frontend/README.md
[Trace 13:50:26.677] Server: connection.languages.diagnostics.on: file:///home/devilunraveled/DASS/Assignment%201/frontend/README.md
[Debug 13:50:26.877] MdFoldingProvider: provideFoldingRanges — file:///home/devilunraveled/DASS/Assignment%201/frontend/README.md 124
[Debug 13:50:26.877] TableOfContentsProvider: create - file:///home/devilunraveled/DASS/Assignment%201/frontend/README.md
[Trace 13:50:27.027] DocumentSymbolProvider: provideDocumentSymbols — file:///home/devilunraveled/DASS/Assignment%201/frontend/README.md 124
[Debug 13:50:27.027] LinkProvider: compute - file:///home/devilunraveled/DASS/Assignment%201/frontend/README.md
[Trace 13:50:27.093] VsCodeClientWorkspace: TextDocument.onDidChanceContent: file:///home/devilunraveled/DASS/Assignment%201/frontend/README.md
[Trace 13:50:27.093] Server: connection.languages.diagnostics.on: file:///home/devilunraveled/DASS/Assignment%201/frontend/README.md
[Trace 13:50:27.245] VsCodeClientWorkspace: TextDocument.onDidChanceContent: file:///home/devilunraveled/DASS/Assignment%201/frontend/README.md
[Trace 13:50:27.245] Server: connection.languages.diagnostics.on: file:///home/devilunraveled/DASS/Assignment%201/frontend/README.md
[Trace 13:50:27.380] VsCodeClientWorkspace: TextDocument.onDidChanceContent: file:///home/devilunraveled/DASS/Assignment%201/frontend/README.md
[Trace 13:50:27.381] Server: connection.languages.diagnostics.on: file:///home/devilunraveled/DASS/Assignment%201/frontend/README.md
[Trace 13:50:27.455] VsCodeClientWorkspace: TextDocument.onDidChanceContent: file:///home/devilunraveled/DASS/Assignment%201/frontend/README.md
[Trace 13:50:27.455] Server: connection.languages.diagnostics.on: file:///home/devilunraveled/DASS/Assignment%201/frontend/README.md
[Trace 13:50:27.528] VsCodeClientWorkspace: TextDocument.onDidChanceContent: file:///home/devilunraveled/DASS/Assignment%201/frontend/README.md
[Trace 13:50:27.528] Server: connection.languages.diagnostics.on: file:///home/devilunraveled/DASS/Assignment%201/frontend/README.md
[Trace 13:50:27.655] VsCodeClientWorkspace: TextDocument.onDidChanceContent: file:///home/devilunraveled/DASS/Assignment%201/frontend/README.md
[Trace 13:50:27.655] Server: connection.languages.diagnostics.on: file:///home/devilunraveled/DASS/Assignment%201/frontend/README.md
[Trace 13:50:27.830] VsCodeClientWorkspace: TextDocument.onDidChanceContent: file:///home/devilunraveled/DASS/Assignment%201/frontend/README.md
[Trace 13:50:27.831] Server: connection.languages.diagnostics.on: file:///home/devilunraveled/DASS/Assignment%201/frontend/README.md
[Trace 13:50:27.924] VsCodeClientWorkspace: TextDocument.onDidChanceContent: file:///home/devilunraveled/DASS/Assignment%201/frontend/README.md
[Trace 13:50:27.925] Server: connection.languages.diagnostics.on: file:///home/devilunraveled/DASS/Assignment%201/frontend/README.md
[Debug 13:50:28.125] MdFoldingProvider: provideFoldingRanges — file:///home/devilunraveled/DASS/Assignment%201/frontend/README.md 132
[Debug 13:50:28.125] TableOfContentsProvider: create - file:///home/devilunraveled/DASS/Assignment%201/frontend/README.md
[Debug 13:50:28.178] LinkProvider: compute - file:///home/devilunraveled/DASS/Assignment%201/frontend/README.md
[Trace 13:50:28.275] DocumentSymbolProvider: provideDocumentSymbols — file:///home/devilunraveled/DASS/Assignment%201/frontend/README.md 132
[Trace 13:50:28.529] VsCodeClientWorkspace: TextDocument.onDidChanceContent: file:///home/devilunraveled/DASS/Assignment%201/frontend/README.md
[Trace 13:50:28.529] Server: connection.languages.diagnostics.on: file:///home/devilunraveled/DASS/Assignment%201/frontend/README.md
[Debug 13:50:28.729] MdFoldingProvider: provideFoldingRanges — file:///home/devilunraveled/DASS/Assignment%201/frontend/README.md 133
[Debug 13:50:28.730] TableOfContentsProvider: create - file:///home/devilunraveled/DASS/Assignment%201/frontend/README.md
[Trace 13:50:28.746] VsCodeClientWorkspace: TextDocument.onDidChanceContent: file:///home/devilunraveled/DASS/Assignment%201/frontend/README.md
[Trace 13:50:28.747] Server: connection.languages.diagnostics.on: file:///home/devilunraveled/DASS/Assignment%201/frontend/README.md
[Trace 13:50:28.809] VsCodeClientWorkspace: TextDocument.onDidChanceContent: file:///home/devilunraveled/DASS/Assignment%201/frontend/README.md
[Trace 13:50:28.809] Server: connection.languages.diagnostics.on: file:///home/devilunraveled/DASS/Assignment%201/frontend/README.md
[Debug 13:50:29.010] MdFoldingProvider: provideFoldingRanges — file:///home/devilunraveled/DASS/Assignment%201/frontend/README.md 135
[Debug 13:50:29.011] TableOfContentsProvider: create - file:///home/devilunraveled/DASS/Assignment%201/frontend/README.md
[Trace 13:50:29.039] VsCodeClientWorkspace: TextDocument.onDidChanceContent: file:///home/devilunraveled/DASS/Assignment%201/frontend/README.md
[Trace 13:50:29.040] Server: connection.languages.diagnostics.on: file:///home/devilunraveled/DASS/Assignment%201/frontend/README.md
[Trace 13:50:29.118] VsCodeClientWorkspace: TextDocument.onDidChanceContent: file:///home/devilunraveled/DASS/Assignment%201/frontend/README.md
[Trace 13:50:29.119] Server: connection.languages.diagnostics.on: file:///home/devilunraveled/DASS/Assignment%201/frontend/README.md
[Trace 13:50:29.250] VsCodeClientWorkspace: TextDocument.onDidChanceContent: file:///home/devilunraveled/DASS/Assignment%201/frontend/README.md
[Trace 13:50:29.251] Server: connection.languages.diagnostics.on: file:///home/devilunraveled/DASS/Assignment%201/frontend/README.md
[Debug 13:50:29.450] MdFoldingProvider: provideFoldingRanges — file:///home/devilunraveled/DASS/Assignment%201/frontend/README.md 138
[Debug 13:50:29.451] TableOfContentsProvider: create - file:///home/devilunraveled/DASS/Assignment%201/frontend/README.md
[Trace 13:50:29.610] DocumentSymbolProvider: provideDocumentSymbols — file:///home/devilunraveled/DASS/Assignment%201/frontend/README.md 138
[Debug 13:50:29.610] LinkProvider: compute - file:///home/devilunraveled/DASS/Assignment%201/frontend/README.md
[Trace 13:50:35.873] VsCodeClientWorkspace: TextDocument.onDidChanceContent: file:///home/devilunraveled/DASS/Assignment%201/frontend/README.md
[Trace 13:50:35.874] Server: connection.languages.diagnostics.on: file:///home/devilunraveled/DASS/Assignment%201/frontend/README.md
[Trace 13:50:35.959] VsCodeClientWorkspace: TextDocument.onDidChanceContent: file:///home/devilunraveled/DASS/Assignment%201/frontend/README.md
[Trace 13:50:35.960] Server: connection.languages.diagnostics.on: file:///home/devilunraveled/DASS/Assignment%201/frontend/README.md
[Trace 13:50:36.154] VsCodeClientWorkspace: TextDocument.onDidChanceContent: file:///home/devilunraveled/DASS/Assignment%201/frontend/README.md
[Trace 13:50:36.154] Server: connection.languages.diagnostics.on: file:///home/devilunraveled/DASS/Assignment%201/frontend/README.md
[Debug 13:50:36.356] MdFoldingProvider: provideFoldingRanges — file:///home/devilunraveled/DASS/Assignment%201/frontend/README.md 141
[Debug 13:50:36.356] TableOfContentsProvider: create - file:///home/devilunraveled/DASS/Assignment%201/frontend/README.md
[Debug 13:50:36.409] LinkProvider: compute - file:///home/devilunraveled/DASS/Assignment%201/frontend/README.md
[Trace 13:50:36.412] VsCodeClientWorkspace: TextDocument.onDidChanceContent: file:///home/devilunraveled/DASS/Assignment%201/frontend/README.md
[Trace 13:50:36.412] Server: connection.languages.diagnostics.on: file:///home/devilunraveled/DASS/Assignment%201/frontend/README.md
[Debug 13:50:36.612] MdFoldingProvider: provideFoldingRanges — file:///home/devilunraveled/DASS/Assignment%201/frontend/README.md 142
[Debug 13:50:36.612] TableOfContentsProvider: create - file:///home/devilunraveled/DASS/Assignment%201/frontend/README.md
[Trace 13:50:36.762] DocumentSymbolProvider: provideDocumentSymbols — file:///home/devilunraveled/DASS/Assignment%201/frontend/README.md 142
[Debug 13:50:36.762] LinkProvider: compute - file:///home/devilunraveled/DASS/Assignment%201/frontend/README.md
[Trace 13:50:36.842] VsCodeClientWorkspace: TextDocument.onDidChanceContent: file:///home/devilunraveled/DASS/Assignment%201/frontend/README.md
[Trace 13:50:36.843] Server: connection.languages.diagnostics.on: file:///home/devilunraveled/DASS/Assignment%201/frontend/README.md
[Trace 13:50:37.016] VsCodeClientWorkspace: TextDocument.onDidChanceContent: file:///home/devilunraveled/DASS/Assignment%201/frontend/README.md
[Trace 13:50:37.017] Server: connection.languages.diagnostics.on: file:///home/devilunraveled/DASS/Assignment%201/frontend/README.md
[Trace 13:50:37.186] VsCodeClientWorkspace: TextDocument.onDidChanceContent: file:///home/devilunraveled/DASS/Assignment%201/frontend/README.md
[Trace 13:50:37.186] Server: connection.languages.diagnostics.on: file:///home/devilunraveled/DASS/Assignment%201/frontend/README.md
[Trace 13:50:37.345] VsCodeClientWorkspace: TextDocument.onDidChanceContent: file:///home/devilunraveled/DASS/Assignment%201/frontend/README.md
[Trace 13:50:37.345] Server: connection.languages.diagnostics.on: file:///home/devilunraveled/DASS/Assignment%201/frontend/README.md
[Trace 13:50:37.448] VsCodeClientWorkspace: TextDocument.onDidChanceContent: file:///home/devilunraveled/DASS/Assignment%201/frontend/README.md
[Trace 13:50:37.449] Server: connection.languages.diagnostics.on: file:///home/devilunraveled/DASS/Assignment%201/frontend/README.md
[Trace 13:50:37.548] VsCodeClientWorkspace: TextDocument.onDidChanceContent: file:///home/devilunraveled/DASS/Assignment%201/frontend/README.md
[Trace 13:50:37.548] Server: connection.languages.diagnostics.on: file:///home/devilunraveled/DASS/Assignment%201/frontend/README.md
[Trace 13:50:37.625] VsCodeClientWorkspace: TextDocument.onDidChanceContent: file:///home/devilunraveled/DASS/Assignment%201/frontend/README.md
[Trace 13:50:37.625] Server: connection.languages.diagnostics.on: file:///home/devilunraveled/DASS/Assignment%201/frontend/README.md
[Trace 13:50:37.759] VsCodeClientWorkspace: TextDocument.onDidChanceContent: file:///home/devilunraveled/DASS/Assignment%201/frontend/README.md
[Trace 13:50:37.759] Server: connection.languages.diagnostics.on: file:///home/devilunraveled/DASS/Assignment%201/frontend/README.md
[Trace 13:50:37.871] VsCodeClientWorkspace: TextDocument.onDidChanceContent: file:///home/devilunraveled/DASS/Assignment%201/frontend/README.md
[Trace 13:50:37.871] Server: connection.languages.diagnostics.on: file:///home/devilunraveled/DASS/Assignment%201/frontend/README.md
[Trace 13:50:37.942] VsCodeClientWorkspace: TextDocument.onDidChanceContent: file:///home/devilunraveled/DASS/Assignment%201/frontend/README.md
[Trace 13:50:37.942] Server: connection.languages.diagnostics.on: file:///home/devilunraveled/DASS/Assignment%201/frontend/README.md
[Trace 13:50:38.049] VsCodeClientWorkspace: TextDocument.onDidChanceContent: file:///home/devilunraveled/DASS/Assignment%201/frontend/README.md
[Trace 13:50:38.049] Server: connection.languages.diagnostics.on: file:///home/devilunraveled/DASS/Assignment%201/frontend/README.md
[Debug 13:50:38.249] MdFoldingProvider: provideFoldingRanges — file:///home/devilunraveled/DASS/Assignment%201/frontend/README.md 153
[Debug 13:50:38.249] TableOfContentsProvider: create - file:///home/devilunraveled/DASS/Assignment%201/frontend/README.md
[Trace 13:50:38.400] DocumentSymbolProvider: provideDocumentSymbols — file:///home/devilunraveled/DASS/Assignment%201/frontend/README.md 153
[Debug 13:50:38.400] LinkProvider: compute - file:///home/devilunraveled/DASS/Assignment%201/frontend/README.md
[Trace 13:50:38.569] VsCodeClientWorkspace: TextDocument.onDidChanceContent: file:///home/devilunraveled/DASS/Assignment%201/frontend/README.md
[Trace 13:50:38.569] Server: connection.languages.diagnostics.on: file:///home/devilunraveled/DASS/Assignment%201/frontend/README.md
[Trace 13:50:38.680] VsCodeClientWorkspace: TextDocument.onDidChanceContent: file:///home/devilunraveled/DASS/Assignment%201/frontend/README.md
[Trace 13:50:38.680] Server: connection.languages.diagnostics.on: file:///home/devilunraveled/DASS/Assignment%201/frontend/README.md
[Trace 13:50:38.796] VsCodeClientWorkspace: TextDocument.onDidChanceContent: file:///home/devilunraveled/DASS/Assignment%201/frontend/README.md
[Trace 13:50:38.796] Server: connection.languages.diagnostics.on: file:///home/devilunraveled/DASS/Assignment%201/frontend/README.md
[Trace 13:50:38.898] VsCodeClientWorkspace: TextDocument.onDidChanceContent: file:///home/devilunraveled/DASS/Assignment%201/frontend/README.md
[Trace 13:50:38.899] Server: connection.languages.diagnostics.on: file:///home/devilunraveled/DASS/Assignment%201/frontend/README.md
[Debug 13:50:39.099] MdFoldingProvider: provideFoldingRanges — file:///home/devilunraveled/DASS/Assignment%201/frontend/README.md 157
[Debug 13:50:39.099] TableOfContentsProvider: create - file:///home/devilunraveled/DASS/Assignment%201/frontend/README.md
[Trace 13:50:39.138] VsCodeClientWorkspace: TextDocument.onDidChanceContent: file:///home/devilunraveled/DASS/Assignment%201/frontend/README.md
[Trace 13:50:39.139] Server: connection.languages.diagnostics.on: file:///home/devilunraveled/DASS/Assignment%201/frontend/README.md
[Trace 13:50:39.315] VsCodeClientWorkspace: TextDocument.onDidChanceContent: file:///home/devilunraveled/DASS/Assignment%201/frontend/README.md
[Trace 13:50:39.316] Server: connection.languages.diagnostics.on: file:///home/devilunraveled/DASS/Assignment%201/frontend/README.md
[Trace 13:50:39.476] VsCodeClientWorkspace: TextDocument.onDidChanceContent: file:///home/devilunraveled/DASS/Assignment%201/frontend/README.md
[Trace 13:50:39.476] Server: connection.languages.diagnostics.on: file:///home/devilunraveled/DASS/Assignment%201/frontend/README.md
[Trace 13:50:39.650] VsCodeClientWorkspace: TextDocument.onDidChanceContent: file:///home/devilunraveled/DASS/Assignment%201/frontend/README.md
[Trace 13:50:39.650] Server: connection.languages.diagnostics.on: file:///home/devilunraveled/DASS/Assignment%201/frontend/README.md
[Trace 13:50:39.800] VsCodeClientWorkspace: TextDocument.onDidChanceContent: file:///home/devilunraveled/DASS/Assignment%201/frontend/README.md
[Trace 13:50:39.800] Server: connection.languages.diagnostics.on: file:///home/devilunraveled/DASS/Assignment%201/frontend/README.md
[Trace 13:50:39.915] VsCodeClientWorkspace: TextDocument.onDidChanceContent: file:///home/devilunraveled/DASS/Assignment%201/frontend/README.md
[Trace 13:50:39.916] Server: connection.languages.diagnostics.on: file:///home/devilunraveled/DASS/Assignment%201/frontend/README.md
[Trace 13:50:40.026] VsCodeClientWorkspace: TextDocument.onDidChanceContent: file:///home/devilunraveled/DASS/Assignment%201/frontend/README.md
[Trace 13:50:40.027] Server: connection.languages.diagnostics.on: file:///home/devilunraveled/DASS/Assignment%201/frontend/README.md
[Trace 13:50:40.225] VsCodeClientWorkspace: TextDocument.onDidChanceContent: file:///home/devilunraveled/DASS/Assignment%201/frontend/README.md
[Trace 13:50:40.226] Server: connection.languages.diagnostics.on: file:///home/devilunraveled/DASS/Assignment%201/frontend/README.md
[Trace 13:50:40.421] VsCodeClientWorkspace: TextDocument.onDidChanceContent: file:///home/devilunraveled/DASS/Assignment%201/frontend/README.md
[Trace 13:50:40.421] Server: connection.languages.diagnostics.on: file:///home/devilunraveled/DASS/Assignment%201/frontend/README.md
[Trace 13:50:40.566] VsCodeClientWorkspace: TextDocument.onDidChanceContent: file:///home/devilunraveled/DASS/Assignment%201/frontend/README.md
[Trace 13:50:40.566] Server: connection.languages.diagnostics.on: file:///home/devilunraveled/DASS/Assignment%201/frontend/README.md
[Debug 13:50:40.767] MdFoldingProvider: provideFoldingRanges — file:///home/devilunraveled/DASS/Assignment%201/frontend/README.md 167
[Debug 13:50:40.767] TableOfContentsProvider: create - file:///home/devilunraveled/DASS/Assignment%201/frontend/README.md
[Debug 13:50:40.819] LinkProvider: compute - file:///home/devilunraveled/DASS/Assignment%201/frontend/README.md
[Trace 13:50:40.918] DocumentSymbolProvider: provideDocumentSymbols — file:///home/devilunraveled/DASS/Assignment%201/frontend/README.md 167
[Trace 13:50:40.988] VsCodeClientWorkspace: TextDocument.onDidChanceContent: file:///home/devilunraveled/DASS/Assignment%201/frontend/README.md
[Trace 13:50:40.988] Server: connection.languages.diagnostics.on: file:///home/devilunraveled/DASS/Assignment%201/frontend/README.md
[Debug 13:50:41.188] MdFoldingProvider: provideFoldingRanges — file:///home/devilunraveled/DASS/Assignment%201/frontend/README.md 168
[Debug 13:50:41.189] TableOfContentsProvider: create - file:///home/devilunraveled/DASS/Assignment%201/frontend/README.md
[Trace 13:50:41.298] VsCodeClientWorkspace: TextDocument.onDidChanceContent: file:///home/devilunraveled/DASS/Assignment%201/frontend/README.md
[Trace 13:50:41.298] Server: connection.languages.diagnostics.on: file:///home/devilunraveled/DASS/Assignment%201/frontend/README.md
[Trace 13:50:41.363] VsCodeClientWorkspace: TextDocument.onDidChanceContent: file:///home/devilunraveled/DASS/Assignment%201/frontend/README.md
[Trace 13:50:41.363] Server: connection.languages.diagnostics.on: file:///home/devilunraveled/DASS/Assignment%201/frontend/README.md
[Trace 13:50:41.445] VsCodeClientWorkspace: TextDocument.onDidChanceContent: file:///home/devilunraveled/DASS/Assignment%201/frontend/README.md
[Trace 13:50:41.445] Server: connection.languages.diagnostics.on: file:///home/devilunraveled/DASS/Assignment%201/frontend/README.md
[Trace 13:50:41.638] VsCodeClientWorkspace: TextDocument.onDidChanceContent: file:///home/devilunraveled/DASS/Assignment%201/frontend/README.md
[Trace 13:50:41.639] Server: connection.languages.diagnostics.on: file:///home/devilunraveled/DASS/Assignment%201/frontend/README.md
[Trace 13:50:41.729] VsCodeClientWorkspace: TextDocument.onDidChanceContent: file:///home/devilunraveled/DASS/Assignment%201/frontend/README.md
[Trace 13:50:41.729] Server: connection.languages.diagnostics.on: file:///home/devilunraveled/DASS/Assignment%201/frontend/README.md
[Trace 13:50:41.823] VsCodeClientWorkspace: TextDocument.onDidChanceContent: file:///home/devilunraveled/DASS/Assignment%201/frontend/README.md
[Trace 13:50:41.823] Server: connection.languages.diagnostics.on: file:///home/devilunraveled/DASS/Assignment%201/frontend/README.md
[Trace 13:50:41.964] VsCodeClientWorkspace: TextDocument.onDidChanceContent: file:///home/devilunraveled/DASS/Assignment%201/frontend/README.md
[Trace 13:50:41.964] Server: connection.languages.diagnostics.on: file:///home/devilunraveled/DASS/Assignment%201/frontend/README.md
[Trace 13:50:42.095] VsCodeClientWorkspace: TextDocument.onDidChanceContent: file:///home/devilunraveled/DASS/Assignment%201/frontend/README.md
[Trace 13:50:42.096] Server: connection.languages.diagnostics.on: file:///home/devilunraveled/DASS/Assignment%201/frontend/README.md
[Trace 13:50:42.275] VsCodeClientWorkspace: TextDocument.onDidChanceContent: file:///home/devilunraveled/DASS/Assignment%201/frontend/README.md
[Trace 13:50:42.275] Server: connection.languages.diagnostics.on: file:///home/devilunraveled/DASS/Assignment%201/frontend/README.md
[Trace 13:50:42.438] VsCodeClientWorkspace: TextDocument.onDidChanceContent: file:///home/devilunraveled/DASS/Assignment%201/frontend/README.md
[Trace 13:50:42.438] Server: connection.languages.diagnostics.on: file:///home/devilunraveled/DASS/Assignment%201/frontend/README.md
[Debug 13:50:42.638] MdFoldingProvider: provideFoldingRanges — file:///home/devilunraveled/DASS/Assignment%201/frontend/README.md 178
[Debug 13:50:42.639] TableOfContentsProvider: create - file:///home/devilunraveled/DASS/Assignment%201/frontend/README.md
[Debug 13:50:42.691] LinkProvider: compute - file:///home/devilunraveled/DASS/Assignment%201/frontend/README.md
[Trace 13:50:42.789] DocumentSymbolProvider: provideDocumentSymbols — file:///home/devilunraveled/DASS/Assignment%201/frontend/README.md 178
[Trace 13:50:42.971] VsCodeClientWorkspace: TextDocument.onDidChanceContent: file:///home/devilunraveled/DASS/Assignment%201/frontend/README.md
[Trace 13:50:42.971] Server: connection.languages.diagnostics.on: file:///home/devilunraveled/DASS/Assignment%201/frontend/README.md
[Trace 13:50:42.981] VsCodeClientWorkspace: TextDocument.onDidChanceContent: file:///home/devilunraveled/DASS/Assignment%201/frontend/README.md
[Trace 13:50:42.981] Server: connection.languages.diagnostics.on: file:///home/devilunraveled/DASS/Assignment%201/frontend/README.md
[Trace 13:50:43.092] VsCodeClientWorkspace: TextDocument.onDidChanceContent: file:///home/devilunraveled/DASS/Assignment%201/frontend/README.md
[Trace 13:50:43.092] Server: connection.languages.diagnostics.on: file:///home/devilunraveled/DASS/Assignment%201/frontend/README.md
[Debug 13:50:43.292] MdFoldingProvider: provideFoldingRanges — file:///home/devilunraveled/DASS/Assignment%201/frontend/README.md 181
[Debug 13:50:43.292] TableOfContentsProvider: create - file:///home/devilunraveled/DASS/Assignment%201/frontend/README.md
[Trace 13:50:43.443] DocumentSymbolProvider: provideDocumentSymbols — file:///home/devilunraveled/DASS/Assignment%201/frontend/README.md 181
[Debug 13:50:43.443] LinkProvider: compute - file:///home/devilunraveled/DASS/Assignment%201/frontend/README.md
[Trace 13:50:44.579] VsCodeClientWorkspace: TextDocument.onDidChanceContent: file:///home/devilunraveled/DASS/Assignment%201/frontend/README.md
[Trace 13:50:44.579] Server: connection.languages.diagnostics.on: file:///home/devilunraveled/DASS/Assignment%201/frontend/README.md
[Trace 13:50:44.687] VsCodeClientWorkspace: TextDocument.onDidChanceContent: file:///home/devilunraveled/DASS/Assignment%201/frontend/README.md
[Trace 13:50:44.687] Server: connection.languages.diagnostics.on: file:///home/devilunraveled/DASS/Assignment%201/frontend/README.md
[Trace 13:50:44.778] VsCodeClientWorkspace: TextDocument.onDidChanceContent: file:///home/devilunraveled/DASS/Assignment%201/frontend/README.md
[Trace 13:50:44.779] Server: connection.languages.diagnostics.on: file:///home/devilunraveled/DASS/Assignment%201/frontend/README.md
[Trace 13:50:44.891] VsCodeClientWorkspace: TextDocument.onDidChanceContent: file:///home/devilunraveled/DASS/Assignment%201/frontend/README.md
[Trace 13:50:44.891] Server: connection.languages.diagnostics.on: file:///home/devilunraveled/DASS/Assignment%201/frontend/README.md
[Trace 13:50:44.966] VsCodeClientWorkspace: TextDocument.onDidChanceContent: file:///home/devilunraveled/DASS/Assignment%201/frontend/README.md
[Trace 13:50:44.966] Server: connection.languages.diagnostics.on: file:///home/devilunraveled/DASS/Assignment%201/frontend/README.md
[Trace 13:50:45.083] VsCodeClientWorkspace: TextDocument.onDidChanceContent: file:///home/devilunraveled/DASS/Assignment%201/frontend/README.md
[Trace 13:50:45.083] Server: connection.languages.diagnostics.on: file:///home/devilunraveled/DASS/Assignment%201/frontend/README.md
[Trace 13:50:45.208] VsCodeClientWorkspace: TextDocument.onDidChanceContent: file:///home/devilunraveled/DASS/Assignment%201/frontend/README.md
[Trace 13:50:45.208] Server: connection.languages.diagnostics.on: file:///home/devilunraveled/DASS/Assignment%201/frontend/README.md
[Trace 13:50:45.288] VsCodeClientWorkspace: TextDocument.onDidChanceContent: file:///home/devilunraveled/DASS/Assignment%201/frontend/README.md
[Trace 13:50:45.289] Server: connection.languages.diagnostics.on: file:///home/devilunraveled/DASS/Assignment%201/frontend/README.md
[Trace 13:50:45.351] VsCodeClientWorkspace: TextDocument.onDidChanceContent: file:///home/devilunraveled/DASS/Assignment%201/frontend/README.md
[Trace 13:50:45.351] Server: connection.languages.diagnostics.on: file:///home/devilunraveled/DASS/Assignment%201/frontend/README.md
[Trace 13:50:45.431] VsCodeClientWorkspace: TextDocument.onDidChanceContent: file:///home/devilunraveled/DASS/Assignment%201/frontend/README.md
[Trace 13:50:45.431] Server: connection.languages.diagnostics.on: file:///home/devilunraveled/DASS/Assignment%201/frontend/README.md
[Debug 13:50:45.632] MdFoldingProvider: provideFoldingRanges — file:///home/devilunraveled/DASS/Assignment%201/frontend/README.md 191
[Debug 13:50:45.632] TableOfContentsProvider: create - file:///home/devilunraveled/DASS/Assignment%201/frontend/README.md
[Trace 13:50:45.782] DocumentSymbolProvider: provideDocumentSymbols — file:///home/devilunraveled/DASS/Assignment%201/frontend/README.md 191
[Debug 13:50:45.783] LinkProvider: compute - file:///home/devilunraveled/DASS/Assignment%201/frontend/README.md
[Trace 13:50:45.842] VsCodeClientWorkspace: TextDocument.onDidChanceContent: file:///home/devilunraveled/DASS/Assignment%201/frontend/README.md
[Trace 13:50:45.843] Server: connection.languages.diagnostics.on: file:///home/devilunraveled/DASS/Assignment%201/frontend/README.md
[Trace 13:50:45.921] VsCodeClientWorkspace: TextDocument.onDidChanceContent: file:///home/devilunraveled/DASS/Assignment%201/frontend/README.md
[Trace 13:50:45.922] Server: connection.languages.diagnostics.on: file:///home/devilunraveled/DASS/Assignment%201/frontend/README.md
[Trace 13:50:46.060] VsCodeClientWorkspace: TextDocument.onDidChanceContent: file:///home/devilunraveled/DASS/Assignment%201/frontend/README.md
[Trace 13:50:46.061] Server: connection.languages.diagnostics.on: file:///home/devilunraveled/DASS/Assignment%201/frontend/README.md
[Trace 13:50:46.230] VsCodeClientWorkspace: TextDocument.onDidChanceContent: file:///home/devilunraveled/DASS/Assignment%201/frontend/README.md
[Trace 13:50:46.231] Server: connection.languages.diagnostics.on: file:///home/devilunraveled/DASS/Assignment%201/frontend/README.md
[Trace 13:50:46.407] VsCodeClientWorkspace: TextDocument.onDidChanceContent: file:///home/devilunraveled/DASS/Assignment%201/frontend/README.md
[Trace 13:50:46.407] Server: connection.languages.diagnostics.on: file:///home/devilunraveled/DASS/Assignment%201/frontend/README.md
[Trace 13:50:46.511] VsCodeClientWorkspace: TextDocument.onDidChanceContent: file:///home/devilunraveled/DASS/Assignment%201/frontend/README.md
[Trace 13:50:46.511] Server: connection.languages.diagnostics.on: file:///home/devilunraveled/DASS/Assignment%201/frontend/README.md
[Trace 13:50:46.618] VsCodeClientWorkspace: TextDocument.onDidChanceContent: file:///home/devilunraveled/DASS/Assignment%201/frontend/README.md
[Trace 13:50:46.618] Server: connection.languages.diagnostics.on: file:///home/devilunraveled/DASS/Assignment%201/frontend/README.md
[Trace 13:50:46.777] VsCodeClientWorkspace: TextDocument.onDidChanceContent: file:///home/devilunraveled/DASS/Assignment%201/frontend/README.md
[Trace 13:50:46.778] Server: connection.languages.diagnostics.on: file:///home/devilunraveled/DASS/Assignment%201/frontend/README.md
[Trace 13:50:46.913] VsCodeClientWorkspace: TextDocument.onDidChanceContent: file:///home/devilunraveled/DASS/Assignment%201/frontend/README.md
[Trace 13:50:46.913] Server: connection.languages.diagnostics.on: file:///home/devilunraveled/DASS/Assignment%201/frontend/README.md
[Debug 13:50:47.113] MdFoldingProvider: provideFoldingRanges — file:///home/devilunraveled/DASS/Assignment%201/frontend/README.md 200
[Debug 13:50:47.114] TableOfContentsProvider: create - file:///home/devilunraveled/DASS/Assignment%201/frontend/README.md
[Debug 13:50:47.166] LinkProvider: compute - file:///home/devilunraveled/DASS/Assignment%201/frontend/README.md
[Trace 13:50:47.264] DocumentSymbolProvider: provideDocumentSymbols — file:///home/devilunraveled/DASS/Assignment%201/frontend/README.md 200
[Trace 13:50:51.231] VsCodeClientWorkspace: onDidChangeWatchedFiles: 2: file:///home/devilunraveled/DASS/Assignment%201/frontend/README.md
[Trace 13:50:52.384] VsCodeClientWorkspace: TextDocument.onDidClose: file:///home/devilunraveled/DASS/Assignment%201/frontend/README.md
