[2023-02-25 13:01:04.384] [    105ms] [/home/devilunraveled/DASS/Assignment 1/frontend] git rev-parse --show-toplevel • FAILED

Error: Command failed: /usr/bin/git -c core.quotepath=false -c color.ui=false rev-parse --show-toplevel
fatal: not a git repository (or any of the parent directories): .git

[2023-02-25 13:01:04.432] [      9ms] [/home/devilunraveled/DASS/Assignment 1/frontend/frontend/src/scenes/SubGreddiit] git rev-parse --show-toplevel
[2023-02-25 13:01:04.497] [     56ms] [/home/devilunraveled/DASS/Assignment 1/frontend/frontend] git rev-parse --show-toplevel
[2023-02-25 13:01:04.556] [     23ms] [/home/devilunraveled/DASS/Assignment 1/frontend/frontend] git rev-parse --show-toplevel
[2023-02-25 13:01:04.671] [     97ms] [/home/devilunraveled/DASS/Assignment 1/frontend/frontend] git remote -v
[2023-02-25 13:01:04.672] [    100ms] [/home/devilunraveled/DASS/Assignment 1/frontend/frontend] git rev-parse --git-dir --git-common-dir
[2023-02-25 13:01:04.686] [     63ms] [/home/devilunraveled/DASS/Assignment 1/frontend/frontend] git ls-files -- src/scenes/SubGreddiit/SubGreddiitPage.jsx
[2023-02-25 13:01:04.715] [     15ms] [/home/devilunraveled/DASS/Assignment 1/frontend/frontend] git remote -v
[2023-02-25 13:01:04.716] [     28ms] [/home/devilunraveled/DASS/Assignment 1/frontend/frontend] git blame --root --incremental -- src/scenes/SubGreddiit/SubGreddiitPage.jsx
[2023-02-25 13:01:04.786] [     69ms] [/home/devilunraveled/DASS/Assignment 1/frontend/frontend] git config --get-regex ^user\.
[2023-02-25 13:01:04.829] [     43ms] [/home/devilunraveled/DASS/Assignment 1/frontend/frontend] git check-mailmap Hardik Sharma <hardiksharmah73@gmail.com>
[2023-02-25 13:01:05.113] [      9ms] [/home/devilunraveled/DASS/Assignment 1/frontend/frontend] git remote -v
[2023-02-25 13:01:05.325] [     10ms] [/home/devilunraveled/DASS/Assignment 1/frontend/frontend] git ls-files -- src/scenes/cards/FollowCard.jsx
[2023-02-25 13:01:07.147] [      8ms] [/home/devilunraveled/DASS/Assignment 1/frontend/frontend] git diff --no-ext-diff --minimal -U0 -M --diff-filter=M -- src/scenes/SubGreddiit/SubGreddiitPage.jsx
[2023-02-25 13:01:07.160] [     11ms] [/home/devilunraveled/DASS/Assignment 1/frontend/frontend] git log --format=%x3cr%x3e%x20%H -n3 -m -L 2,2:src/scenes/SubGreddiit/SubGreddiitPage.jsx
[2023-02-25 13:01:10.313] [     13ms] [/home/devilunraveled/DASS/Assignment 1/frontend/frontend] git ls-files -- src/scenes/cards/RequestCard.jsx
[2023-02-25 13:01:10.325] [     11ms] [/home/devilunraveled/DASS/Assignment 1/frontend/frontend/src/scenes/cards] git ls-files -- RequestCard.jsx
[2023-02-25 13:01:10.371] [      9ms] [/home/devilunraveled/DASS/Assignment 1/frontend/frontend/src/scenes/cards] git rev-parse --show-toplevel
[2023-02-25 13:01:22.764] [     16ms] [/home/devilunraveled/DASS/Assignment 1/frontend/frontend] git ls-files -- src/scenes/Dashboard/ProfilePage.jsx
[2023-02-25 13:01:23.040] [     41ms] [/home/devilunraveled/DASS/Assignment 1/frontend/frontend] git blame --root --incremental -- src/scenes/Dashboard/ProfilePage.jsx
[2023-02-25 13:01:23.571] [     28ms] [/home/devilunraveled/DASS/Assignment 1/frontend/frontend] git log -M -n1 --format=%H bb624c9322472c55d50c0be6b2113876701869db^ -- src/scenes/Dashboard/ProfilePage.jsx
[2023-02-25 13:01:23.572] [     10ms] [/home/devilunraveled/DASS/Assignment 1/frontend/frontend] git rev-parse --verify --end-of-options bb624c9322472c55d50c0be6b2113876701869db^:./src/scenes/Dashboard/ProfilePage.jsx
[2023-02-25 13:01:23.595] [     53ms] [/home/devilunraveled/DASS/Assignment 1/frontend/frontend] git log --format=%x3c%x2ff%x3e%n%x3cr%x3e%x20%H%n%x3ca%x3e%x20%aN%n%x3ce%x3e%x20%aE%n%x3cd%x3e%x20%at%n%x3cn%x3e%x20%cN%n%x3cm%x3e%x20%cE%n%x3cc%x3e%x20%ct%n%x3cp%x3e%x20%P%n%x3cs%x3e%n%B%n%x3c%x2fs%x3e%n%x3cf%x3e -M -m --name-status --full-history -n3 bb624c9322472c55d50c0be6b2113876701869db --
[2023-02-25 13:01:33.721] [      9ms] [/home/devilunraveled/DASS/Assignment 1/frontend/frontend] git ls-files -- src/scenes/SubGreddiit/SubGreddiitPages.jsx
[2023-02-25 13:01:33.731] [      9ms] [/home/devilunraveled/DASS/Assignment 1/frontend/frontend/src/scenes/SubGreddiit] git ls-files -- SubGreddiitPages.jsx
[2023-02-25 13:01:35.683] [     12ms] [/home/devilunraveled/DASS/Assignment 1/frontend/frontend] git ls-files -- src/scenes/SubGreddiit/MySubGreddiiitsPage.jsx
[2023-02-25 13:01:35.936] [     11ms] [/home/devilunraveled/DASS/Assignment 1/frontend/frontend] git blame --root --incremental -- src/scenes/SubGreddiit/MySubGreddiiitsPage.jsx
[2023-02-25 13:01:36.470] [     30ms] [/home/devilunraveled/DASS/Assignment 1/frontend/frontend] git log --format=%x3c%x2ff%x3e%n%x3cr%x3e%x20%H%n%x3ca%x3e%x20%aN%n%x3ce%x3e%x20%aE%n%x3cd%x3e%x20%at%n%x3cn%x3e%x20%cN%n%x3cm%x3e%x20%cE%n%x3cc%x3e%x20%ct%n%x3cp%x3e%x20%P%n%x3cs%x3e%n%B%n%x3c%x2fs%x3e%n%x3cf%x3e -M -m --name-status --full-history -n3 f858cabfd1447e9c14f2e357f2b3c8f16f1315f7 --
[2023-02-25 13:01:36.521] [     18ms] [/home/devilunraveled/DASS/Assignment 1/frontend/frontend] git for-each-ref --format=%3ch%3e%(HEAD)%3cn%3e%(refname)%3cu%3e%(upstream:short)%3ct%3e%(upstream:track)%3cr%3e%(objectname)%3cd%3e%(committerdate:iso8601) refs/heads refs/remotes
[2023-02-25 13:01:36.534] [     12ms] [/home/devilunraveled/DASS/Assignment 1/frontend/frontend] git tag -l --format=%3cn%3e%(refname)%3c*r%3e%(*objectname)%3cr%3e%(objectname)%3cd%3e%(creatordate:iso8601)%3cad%3e%(authordate:iso8601)%3cs%3e%(subject)
[2023-02-25 13:02:03.228] [     11ms] [/home/devilunraveled/DASS/Assignment 1/frontend/frontend] git ls-files -- src/App.js
[2023-02-25 13:02:03.522] [     32ms] [/home/devilunraveled/DASS/Assignment 1/frontend/frontend] git blame --root --incremental --contents - -- src/App.js
[2023-02-25 13:02:04.038] [     13ms] [/home/devilunraveled/DASS/Assignment 1/frontend/frontend] git log --format=%x3c%x2ff%x3e%n%x3cr%x3e%x20%H%n%x3ca%x3e%x20%aN%n%x3ce%x3e%x20%aE%n%x3cd%x3e%x20%at%n%x3cn%x3e%x20%cN%n%x3cm%x3e%x20%cE%n%x3cc%x3e%x20%ct%n%x3cp%x3e%x20%P%n%x3cs%x3e%n%B%n%x3c%x2fs%x3e%n%x3cf%x3e -M -m --name-status --full-history -n3 f858cabfd1447e9c14f2e357f2b3c8f16f1315f7 --
[2023-02-25 13:02:14.907] [     24ms] [/home/devilunraveled/DASS/Assignment 1/frontend/frontend] git blame --root --incremental -- src/App.js
[2023-02-25 13:02:15.700] [     27ms] [/home/devilunraveled/DASS/Assignment 1/frontend/frontend] git diff --no-ext-diff --minimal -U0 -M --diff-filter=M -- src/App.js
[2023-02-25 13:02:15.711] [      9ms] [/home/devilunraveled/DASS/Assignment 1/frontend/frontend] git log --format=%x3cr%x3e%x20%H -n3 -m -L 6,6:src/App.js
[2023-02-25 13:03:48.396] [     13ms] [/home/devilunraveled/DASS/Assignment 1/frontend/frontend] git ls-files -- src/scenes/SubGreddiit/MySubGreddiitsPage.jsx
[2023-02-25 13:03:48.411] [     14ms] [/home/devilunraveled/DASS/Assignment 1/frontend/frontend/src/scenes/SubGreddiit] git ls-files -- MySubGreddiitsPage.jsx
[2023-02-25 13:03:51.857] [     10ms] [/home/devilunraveled/DASS/Assignment 1/frontend/frontend] git blame --root --incremental --contents - -- src/scenes/cards/FollowCard.jsx
[2023-02-25 13:03:52.400] [     39ms] [/home/devilunraveled/DASS/Assignment 1/frontend/frontend] git log -M -n1 --format=%H f858cabfd1447e9c14f2e357f2b3c8f16f1315f7^ -- src/scenes/cards/FollowCard.jsx
[2023-02-25 13:03:52.400] [     40ms] [/home/devilunraveled/DASS/Assignment 1/frontend/frontend] git log --format=%x3c%x2ff%x3e%n%x3cr%x3e%x20%H%n%x3ca%x3e%x20%aN%n%x3ce%x3e%x20%aE%n%x3cd%x3e%x20%at%n%x3cn%x3e%x20%cN%n%x3cm%x3e%x20%cE%n%x3cc%x3e%x20%ct%n%x3cp%x3e%x20%P%n%x3cs%x3e%n%B%n%x3c%x2fs%x3e%n%x3cf%x3e -M -m --name-status --full-history -n3 f858cabfd1447e9c14f2e357f2b3c8f16f1315f7 --
[2023-02-25 13:03:52.403] [     15ms] [/home/devilunraveled/DASS/Assignment 1/frontend/frontend] git rev-parse --verify --end-of-options f858cabfd1447e9c14f2e357f2b3c8f16f1315f7^:./src/scenes/cards/FollowCard.jsx
[2023-02-25 13:05:04.761] [     12ms] [/home/devilunraveled/DASS/Assignment 1/frontend/frontend] git ls-files -- src/scenes/cards/SubGreddiitCard.jsx
[2023-02-25 13:05:05.023] [     11ms] [/home/devilunraveled/DASS/Assignment 1/frontend/frontend] git blame --root --incremental -- src/scenes/cards/SubGreddiitCard.jsx
[2023-02-25 13:05:05.543] [     18ms] [/home/devilunraveled/DASS/Assignment 1/frontend/frontend] git log --format=%x3c%x2ff%x3e%n%x3cr%x3e%x20%H%n%x3ca%x3e%x20%aN%n%x3ce%x3e%x20%aE%n%x3cd%x3e%x20%at%n%x3cn%x3e%x20%cN%n%x3cm%x3e%x20%cE%n%x3cc%x3e%x20%ct%n%x3cp%x3e%x20%P%n%x3cs%x3e%n%B%n%x3c%x2fs%x3e%n%x3cf%x3e -M -m --name-status --full-history -n3 f858cabfd1447e9c14f2e357f2b3c8f16f1315f7 --
[2023-02-25 13:05:11.379] [     13ms] [/home/devilunraveled/DASS/Assignment 1/frontend/frontend] git blame --root --incremental -- src/scenes/Dashboard/ProfilePage.jsx
[2023-02-25 13:05:11.897] [     14ms] [/home/devilunraveled/DASS/Assignment 1/frontend/frontend] git log --format=%x3cr%x3e%x20%H -n3 -m -L 23,23:src/scenes/Dashboard/ProfilePage.jsx bb624c9322472c55d50c0be6b2113876701869db
[2023-02-25 13:05:21.654] [     15ms] [/home/devilunraveled/DASS/Assignment 1/frontend/frontend] git log --format=%x3c%x2ff%x3e%n%x3cr%x3e%x20%H%n%x3ca%x3e%x20%aN%n%x3ce%x3e%x20%aE%n%x3cd%x3e%x20%at%n%x3cn%x3e%x20%cN%n%x3cm%x3e%x20%cE%n%x3cc%x3e%x20%ct%n%x3cp%x3e%x20%P%n%x3cs%x3e%n%B%n%x3c%x2fs%x3e%n%x3cf%x3e -M -m --name-status --full-history -n3 f858cabfd1447e9c14f2e357f2b3c8f16f1315f7 --
[2023-02-25 13:05:28.021] [      9ms] [/home/devilunraveled/DASS/Assignment 1/frontend/frontend] git ls-files -- src/scenes/cards/ProfileCard.jsx
[2023-02-25 13:05:28.279] [     11ms] [/home/devilunraveled/DASS/Assignment 1/frontend/frontend] git blame --root --incremental -- src/scenes/cards/ProfileCard.jsx
[2023-02-25 13:05:28.804] [     22ms] [/home/devilunraveled/DASS/Assignment 1/frontend/frontend] git log --format=%x3c%x2ff%x3e%n%x3cr%x3e%x20%H%n%x3ca%x3e%x20%aN%n%x3ce%x3e%x20%aE%n%x3cd%x3e%x20%at%n%x3cn%x3e%x20%cN%n%x3cm%x3e%x20%cE%n%x3cc%x3e%x20%ct%n%x3cp%x3e%x20%P%n%x3cs%x3e%n%B%n%x3c%x2fs%x3e%n%x3cf%x3e -M -m --name-status --full-history -n3 f858cabfd1447e9c14f2e357f2b3c8f16f1315f7 --
[2023-02-25 13:05:33.303] [     24ms] [/home/devilunraveled/DASS/Assignment 1/frontend/frontend] git log -M -n1 --format=%H bb624c9322472c55d50c0be6b2113876701869db^ -- src/scenes/cards/ProfileCard.jsx
[2023-02-25 13:05:33.304] [      7ms] [/home/devilunraveled/DASS/Assignment 1/frontend/frontend] git rev-parse --verify --end-of-options bb624c9322472c55d50c0be6b2113876701869db^:./src/scenes/cards/ProfileCard.jsx
[2023-02-25 13:05:33.326] [     47ms] [/home/devilunraveled/DASS/Assignment 1/frontend/frontend] git log --format=%x3c%x2ff%x3e%n%x3cr%x3e%x20%H%n%x3ca%x3e%x20%aN%n%x3ce%x3e%x20%aE%n%x3cd%x3e%x20%at%n%x3cn%x3e%x20%cN%n%x3cm%x3e%x20%cE%n%x3cc%x3e%x20%ct%n%x3cp%x3e%x20%P%n%x3cs%x3e%n%B%n%x3c%x2fs%x3e%n%x3cf%x3e -M -m --name-status --full-history -n3 bb624c9322472c55d50c0be6b2113876701869db --
[2023-02-25 13:05:38.955] [     12ms] [/home/devilunraveled/DASS/Assignment 1/frontend/frontend] git blame --root --incremental --contents - -- src/scenes/cards/ProfileCard.jsx
[2023-02-25 13:05:39.398] [     13ms] [/home/devilunraveled/DASS/Assignment 1/frontend/frontend] git blame --root --incremental -- src/scenes/cards/ProfileCard.jsx
[2023-02-25 13:05:45.643] [     27ms] [/home/devilunraveled/DASS/Assignment 1/frontend/frontend] git log -M -n1 --format=%H bb624c9322472c55d50c0be6b2113876701869db^ -- src/scenes/cards/ProfileCard.jsx
[2023-02-25 13:05:45.645] [     10ms] [/home/devilunraveled/DASS/Assignment 1/frontend/frontend] git rev-parse --verify --end-of-options bb624c9322472c55d50c0be6b2113876701869db^:./src/scenes/cards/ProfileCard.jsx
[2023-02-25 13:05:45.689] [     73ms] [/home/devilunraveled/DASS/Assignment 1/frontend/frontend] git log --format=%x3c%x2ff%x3e%n%x3cr%x3e%x20%H%n%x3ca%x3e%x20%aN%n%x3ce%x3e%x20%aE%n%x3cd%x3e%x20%at%n%x3cn%x3e%x20%cN%n%x3cm%x3e%x20%cE%n%x3cc%x3e%x20%ct%n%x3cp%x3e%x20%P%n%x3cs%x3e%n%B%n%x3c%x2fs%x3e%n%x3cf%x3e -M -m --name-status --full-history -n3 bb624c9322472c55d50c0be6b2113876701869db --
[2023-02-25 13:05:59.020] [     15ms] [/home/devilunraveled/DASS/Assignment 1/frontend/frontend] git blame --root --incremental --contents - -- src/scenes/cards/ProfileCard.jsx
[2023-02-25 13:06:00.379] [     24ms] [/home/devilunraveled/DASS/Assignment 1/frontend/frontend] git log -M -n1 --format=%H bb624c9322472c55d50c0be6b2113876701869db^ -- src/scenes/cards/ProfileCard.jsx
[2023-02-25 13:06:00.379] [      7ms] [/home/devilunraveled/DASS/Assignment 1/frontend/frontend] git rev-parse --verify --end-of-options bb624c9322472c55d50c0be6b2113876701869db^:./src/scenes/cards/ProfileCard.jsx
[2023-02-25 13:06:00.401] [     47ms] [/home/devilunraveled/DASS/Assignment 1/frontend/frontend] git log --format=%x3c%x2ff%x3e%n%x3cr%x3e%x20%H%n%x3ca%x3e%x20%aN%n%x3ce%x3e%x20%aE%n%x3cd%x3e%x20%at%n%x3cn%x3e%x20%cN%n%x3cm%x3e%x20%cE%n%x3cc%x3e%x20%ct%n%x3cp%x3e%x20%P%n%x3cs%x3e%n%B%n%x3c%x2fs%x3e%n%x3cf%x3e -M -m --name-status --full-history -n3 bb624c9322472c55d50c0be6b2113876701869db --
[2023-02-25 13:06:01.168] [     17ms] [/home/devilunraveled/DASS/Assignment 1/frontend/frontend] git blame --root --incremental -- src/scenes/cards/ProfileCard.jsx
[2023-02-25 13:06:02.086] [     32ms] [/home/devilunraveled/DASS/Assignment 1/frontend/frontend] git log -M -n1 --format=%H bb624c9322472c55d50c0be6b2113876701869db^ -- src/scenes/cards/ProfileCard.jsx
[2023-02-25 13:06:02.086] [      8ms] [/home/devilunraveled/DASS/Assignment 1/frontend/frontend] git rev-parse --verify --end-of-options bb624c9322472c55d50c0be6b2113876701869db^:./src/scenes/cards/ProfileCard.jsx
[2023-02-25 13:06:02.125] [     72ms] [/home/devilunraveled/DASS/Assignment 1/frontend/frontend] git log --format=%x3c%x2ff%x3e%n%x3cr%x3e%x20%H%n%x3ca%x3e%x20%aN%n%x3ce%x3e%x20%aE%n%x3cd%x3e%x20%at%n%x3cn%x3e%x20%cN%n%x3cm%x3e%x20%cE%n%x3cc%x3e%x20%ct%n%x3cp%x3e%x20%P%n%x3cs%x3e%n%B%n%x3c%x2fs%x3e%n%x3cf%x3e -M -m --name-status --full-history -n3 bb624c9322472c55d50c0be6b2113876701869db --
[2023-02-25 13:06:30.227] [     17ms] [/home/devilunraveled/DASS/Assignment 1/frontend/frontend] git blame --root --incremental -- src/scenes/cards/ProfileCard.jsx
[2023-02-25 13:06:31.079] [     26ms] [/home/devilunraveled/DASS/Assignment 1/frontend/frontend] git log -M -n1 --format=%H bb624c9322472c55d50c0be6b2113876701869db^ -- src/scenes/cards/ProfileCard.jsx
[2023-02-25 13:06:31.080] [      9ms] [/home/devilunraveled/DASS/Assignment 1/frontend/frontend] git rev-parse --verify --end-of-options bb624c9322472c55d50c0be6b2113876701869db^:./src/scenes/cards/ProfileCard.jsx
[2023-02-25 13:06:31.105] [     53ms] [/home/devilunraveled/DASS/Assignment 1/frontend/frontend] git log --format=%x3c%x2ff%x3e%n%x3cr%x3e%x20%H%n%x3ca%x3e%x20%aN%n%x3ce%x3e%x20%aE%n%x3cd%x3e%x20%at%n%x3cn%x3e%x20%cN%n%x3cm%x3e%x20%cE%n%x3cc%x3e%x20%ct%n%x3cp%x3e%x20%P%n%x3cs%x3e%n%B%n%x3c%x2fs%x3e%n%x3cf%x3e -M -m --name-status --full-history -n3 bb624c9322472c55d50c0be6b2113876701869db --
[2023-02-25 13:06:37.876] [     15ms] [/home/devilunraveled/DASS/Assignment 1/frontend/frontend] git blame --root --incremental -- src/scenes/cards/ProfileCard.jsx
[2023-02-25 13:06:43.475] [     40ms] [/home/devilunraveled/DASS/Assignment 1/frontend/frontend] git log -M -n1 --format=%H bb624c9322472c55d50c0be6b2113876701869db^ -- src/scenes/cards/ProfileCard.jsx
[2023-02-25 13:06:43.483] [     22ms] [/home/devilunraveled/DASS/Assignment 1/frontend/frontend] git rev-parse --verify --end-of-options bb624c9322472c55d50c0be6b2113876701869db^:./src/scenes/cards/ProfileCard.jsx
[2023-02-25 13:06:43.507] [     74ms] [/home/devilunraveled/DASS/Assignment 1/frontend/frontend] git log --format=%x3c%x2ff%x3e%n%x3cr%x3e%x20%H%n%x3ca%x3e%x20%aN%n%x3ce%x3e%x20%aE%n%x3cd%x3e%x20%at%n%x3cn%x3e%x20%cN%n%x3cm%x3e%x20%cE%n%x3cc%x3e%x20%ct%n%x3cp%x3e%x20%P%n%x3cs%x3e%n%B%n%x3c%x2fs%x3e%n%x3cf%x3e -M -m --name-status --full-history -n3 bb624c9322472c55d50c0be6b2113876701869db --
[2023-02-25 13:06:45.061] [     13ms] [/home/devilunraveled/DASS/Assignment 1/frontend/frontend] git blame --root --incremental -- src/scenes/cards/ProfileCard.jsx
[2023-02-25 13:06:50.177] [     38ms] [/home/devilunraveled/DASS/Assignment 1/frontend/frontend] git log -M -n1 --format=%H bb624c9322472c55d50c0be6b2113876701869db^ -- src/scenes/cards/ProfileCard.jsx
[2023-02-25 13:06:50.178] [     13ms] [/home/devilunraveled/DASS/Assignment 1/frontend/frontend] git rev-parse --verify --end-of-options bb624c9322472c55d50c0be6b2113876701869db^:./src/scenes/cards/ProfileCard.jsx
[2023-02-25 13:06:50.213] [     75ms] [/home/devilunraveled/DASS/Assignment 1/frontend/frontend] git log --format=%x3c%x2ff%x3e%n%x3cr%x3e%x20%H%n%x3ca%x3e%x20%aN%n%x3ce%x3e%x20%aE%n%x3cd%x3e%x20%at%n%x3cn%x3e%x20%cN%n%x3cm%x3e%x20%cE%n%x3cc%x3e%x20%ct%n%x3cp%x3e%x20%P%n%x3cs%x3e%n%B%n%x3c%x2fs%x3e%n%x3cf%x3e -M -m --name-status --full-history -n3 bb624c9322472c55d50c0be6b2113876701869db --
[2023-02-25 13:06:51.631] [     25ms] [/home/devilunraveled/DASS/Assignment 1/frontend/frontend] git blame --root --incremental -- src/scenes/cards/ProfileCard.jsx
[2023-02-25 13:06:56.109] [     16ms] [/home/devilunraveled/DASS/Assignment 1/frontend/frontend] git blame --root --incremental -- src/scenes/cards/ProfileCard.jsx
[2023-02-25 13:06:56.913] [     30ms] [/home/devilunraveled/DASS/Assignment 1/frontend/frontend] git log -M -n1 --format=%H bb624c9322472c55d50c0be6b2113876701869db^ -- src/scenes/cards/ProfileCard.jsx
[2023-02-25 13:06:56.914] [     11ms] [/home/devilunraveled/DASS/Assignment 1/frontend/frontend] git rev-parse --verify --end-of-options bb624c9322472c55d50c0be6b2113876701869db^:./src/scenes/cards/ProfileCard.jsx
[2023-02-25 13:06:56.939] [     56ms] [/home/devilunraveled/DASS/Assignment 1/frontend/frontend] git log --format=%x3c%x2ff%x3e%n%x3cr%x3e%x20%H%n%x3ca%x3e%x20%aN%n%x3ce%x3e%x20%aE%n%x3cd%x3e%x20%at%n%x3cn%x3e%x20%cN%n%x3cm%x3e%x20%cE%n%x3cc%x3e%x20%ct%n%x3cp%x3e%x20%P%n%x3cs%x3e%n%B%n%x3c%x2fs%x3e%n%x3cf%x3e -M -m --name-status --full-history -n3 bb624c9322472c55d50c0be6b2113876701869db --
[2023-02-25 13:07:04.871] [     13ms] [/home/devilunraveled/DASS/Assignment 1/frontend/frontend] git blame --root --incremental -- src/scenes/cards/ProfileCard.jsx
[2023-02-25 13:07:08.079] [     36ms] [/home/devilunraveled/DASS/Assignment 1/frontend/frontend] git log -M -n1 --format=%H bb624c9322472c55d50c0be6b2113876701869db^ -- src/scenes/cards/ProfileCard.jsx
[2023-02-25 13:07:08.079] [     11ms] [/home/devilunraveled/DASS/Assignment 1/frontend/frontend] git rev-parse --verify --end-of-options bb624c9322472c55d50c0be6b2113876701869db^:./src/scenes/cards/ProfileCard.jsx
[2023-02-25 13:07:08.114] [     72ms] [/home/devilunraveled/DASS/Assignment 1/frontend/frontend] git log --format=%x3c%x2ff%x3e%n%x3cr%x3e%x20%H%n%x3ca%x3e%x20%aN%n%x3ce%x3e%x20%aE%n%x3cd%x3e%x20%at%n%x3cn%x3e%x20%cN%n%x3cm%x3e%x20%cE%n%x3cc%x3e%x20%ct%n%x3cp%x3e%x20%P%n%x3cs%x3e%n%B%n%x3c%x2fs%x3e%n%x3cf%x3e -M -m --name-status --full-history -n3 bb624c9322472c55d50c0be6b2113876701869db --
[2023-02-25 13:07:19.909] [     19ms] [/home/devilunraveled/DASS/Assignment 1/frontend/frontend] git blame --root --incremental -- src/scenes/cards/ProfileCard.jsx
[2023-02-25 13:07:28.656] [     22ms] [/home/devilunraveled/DASS/Assignment 1/frontend/frontend] git log -M -n1 --format=%H bb624c9322472c55d50c0be6b2113876701869db^ -- src/scenes/cards/ProfileCard.jsx
[2023-02-25 13:07:28.658] [     11ms] [/home/devilunraveled/DASS/Assignment 1/frontend/frontend] git rev-parse --verify --end-of-options bb624c9322472c55d50c0be6b2113876701869db^:./src/scenes/cards/ProfileCard.jsx
[2023-02-25 13:07:28.702] [     69ms] [/home/devilunraveled/DASS/Assignment 1/frontend/frontend] git log --format=%x3c%x2ff%x3e%n%x3cr%x3e%x20%H%n%x3ca%x3e%x20%aN%n%x3ce%x3e%x20%aE%n%x3cd%x3e%x20%at%n%x3cn%x3e%x20%cN%n%x3cm%x3e%x20%cE%n%x3cc%x3e%x20%ct%n%x3cp%x3e%x20%P%n%x3cs%x3e%n%B%n%x3c%x2fs%x3e%n%x3cf%x3e -M -m --name-status --full-history -n3 bb624c9322472c55d50c0be6b2113876701869db --
[2023-02-25 13:07:41.738] [     12ms] [/home/devilunraveled/DASS/Assignment 1/frontend/frontend] git blame --root --incremental -- src/scenes/cards/ProfileCard.jsx
[2023-02-25 13:07:49.484] [     14ms] [/home/devilunraveled/DASS/Assignment 1/frontend/frontend] git blame --root --incremental -- src/scenes/cards/ProfileCard.jsx
[2023-02-25 13:07:59.599] [     11ms] [/home/devilunraveled/DASS/Assignment 1/frontend/frontend] git log --format=%x3c%x2ff%x3e%n%x3cr%x3e%x20%H%n%x3ca%x3e%x20%aN%n%x3ce%x3e%x20%aE%n%x3cd%x3e%x20%at%n%x3cn%x3e%x20%cN%n%x3cm%x3e%x20%cE%n%x3cc%x3e%x20%ct%n%x3cp%x3e%x20%P%n%x3cs%x3e%n%B%n%x3c%x2fs%x3e%n%x3cf%x3e -M -m --name-status --full-history -n3 f858cabfd1447e9c14f2e357f2b3c8f16f1315f7 --
[2023-02-25 13:08:03.689] [     17ms] [/home/devilunraveled/DASS/Assignment 1/frontend/frontend] git blame --root --incremental -- src/scenes/cards/ProfileCard.jsx
[2023-02-25 13:08:10.023] [     31ms] [/home/devilunraveled/DASS/Assignment 1/frontend/frontend] git log -M -n1 --format=%H bb624c9322472c55d50c0be6b2113876701869db^ -- src/scenes/cards/ProfileCard.jsx
[2023-02-25 13:08:10.023] [      8ms] [/home/devilunraveled/DASS/Assignment 1/frontend/frontend] git rev-parse --verify --end-of-options bb624c9322472c55d50c0be6b2113876701869db^:./src/scenes/cards/ProfileCard.jsx
[2023-02-25 13:08:10.069] [     78ms] [/home/devilunraveled/DASS/Assignment 1/frontend/frontend] git log --format=%x3c%x2ff%x3e%n%x3cr%x3e%x20%H%n%x3ca%x3e%x20%aN%n%x3ce%x3e%x20%aE%n%x3cd%x3e%x20%at%n%x3cn%x3e%x20%cN%n%x3cm%x3e%x20%cE%n%x3cc%x3e%x20%ct%n%x3cp%x3e%x20%P%n%x3cs%x3e%n%B%n%x3c%x2fs%x3e%n%x3cf%x3e -M -m --name-status --full-history -n3 bb624c9322472c55d50c0be6b2113876701869db --
[2023-02-25 13:08:21.394] [     15ms] [/home/devilunraveled/DASS/Assignment 1/frontend/frontend] git blame --root --incremental -- src/scenes/cards/ProfileCard.jsx
[2023-02-25 13:08:26.472] [     46ms] [/home/devilunraveled/DASS/Assignment 1/frontend/frontend] git log -M -n1 --format=%H bb624c9322472c55d50c0be6b2113876701869db^ -- src/scenes/cards/ProfileCard.jsx
[2023-02-25 13:08:26.473] [     16ms] [/home/devilunraveled/DASS/Assignment 1/frontend/frontend] git rev-parse --verify --end-of-options bb624c9322472c55d50c0be6b2113876701869db^:./src/scenes/cards/ProfileCard.jsx
[2023-02-25 13:08:26.505] [     80ms] [/home/devilunraveled/DASS/Assignment 1/frontend/frontend] git log --format=%x3c%x2ff%x3e%n%x3cr%x3e%x20%H%n%x3ca%x3e%x20%aN%n%x3ce%x3e%x20%aE%n%x3cd%x3e%x20%at%n%x3cn%x3e%x20%cN%n%x3cm%x3e%x20%cE%n%x3cc%x3e%x20%ct%n%x3cp%x3e%x20%P%n%x3cs%x3e%n%B%n%x3c%x2fs%x3e%n%x3cf%x3e -M -m --name-status --full-history -n3 bb624c9322472c55d50c0be6b2113876701869db --
[2023-02-25 13:08:29.639] [     14ms] [/home/devilunraveled/DASS/Assignment 1/frontend/frontend] git blame --root --incremental -- src/scenes/cards/ProfileCard.jsx
[2023-02-25 13:08:32.441] [     24ms] [/home/devilunraveled/DASS/Assignment 1/frontend/frontend] git log --format=%x3c%x2ff%x3e%n%x3cr%x3e%x20%H%n%x3ca%x3e%x20%aN%n%x3ce%x3e%x20%aE%n%x3cd%x3e%x20%at%n%x3cn%x3e%x20%cN%n%x3cm%x3e%x20%cE%n%x3cc%x3e%x20%ct%n%x3cp%x3e%x20%P%n%x3cs%x3e%n%B%n%x3c%x2fs%x3e%n%x3cf%x3e -M -m --name-status --full-history -n3 f858cabfd1447e9c14f2e357f2b3c8f16f1315f7 --
[2023-02-25 13:08:41.465] [     19ms] [/home/devilunraveled/DASS/Assignment 1/frontend/frontend] git blame --root --incremental --contents - -- src/scenes/cards/ProfileCard.jsx
[2023-02-25 13:08:42.625] [     13ms] [/home/devilunraveled/DASS/Assignment 1/frontend/frontend] git blame --root --incremental -- src/scenes/cards/ProfileCard.jsx
[2023-02-25 13:08:53.421] [     15ms] [/home/devilunraveled/DASS/Assignment 1/frontend/frontend] git blame --root --incremental -- src/scenes/cards/ProfileCard.jsx
[2023-02-25 13:08:54.227] [     23ms] [/home/devilunraveled/DASS/Assignment 1/frontend/frontend] git log -M -n1 --format=%H bb624c9322472c55d50c0be6b2113876701869db^ -- src/scenes/cards/ProfileCard.jsx
[2023-02-25 13:08:54.238] [     17ms] [/home/devilunraveled/DASS/Assignment 1/frontend/frontend] git rev-parse --verify --end-of-options bb624c9322472c55d50c0be6b2113876701869db^:./src/scenes/cards/ProfileCard.jsx
[2023-02-25 13:08:54.265] [     61ms] [/home/devilunraveled/DASS/Assignment 1/frontend/frontend] git log --format=%x3c%x2ff%x3e%n%x3cr%x3e%x20%H%n%x3ca%x3e%x20%aN%n%x3ce%x3e%x20%aE%n%x3cd%x3e%x20%at%n%x3cn%x3e%x20%cN%n%x3cm%x3e%x20%cE%n%x3cc%x3e%x20%ct%n%x3cp%x3e%x20%P%n%x3cs%x3e%n%B%n%x3c%x2fs%x3e%n%x3cf%x3e -M -m --name-status --full-history -n3 bb624c9322472c55d50c0be6b2113876701869db --
[2023-02-25 13:09:17.472] [     22ms] [/home/devilunraveled/DASS/Assignment 1/frontend/frontend] git log --format=%x3c%x2ff%x3e%n%x3cr%x3e%x20%H%n%x3ca%x3e%x20%aN%n%x3ce%x3e%x20%aE%n%x3cd%x3e%x20%at%n%x3cn%x3e%x20%cN%n%x3cm%x3e%x20%cE%n%x3cc%x3e%x20%ct%n%x3cp%x3e%x20%P%n%x3cs%x3e%n%B%n%x3c%x2fs%x3e%n%x3cf%x3e -M -m --name-status --full-history -n3 f858cabfd1447e9c14f2e357f2b3c8f16f1315f7 --
[2023-02-25 13:09:20.067] [     14ms] [/home/devilunraveled/DASS/Assignment 1/frontend/frontend] git blame --root --incremental -- src/scenes/cards/ProfileCard.jsx
[2023-02-25 13:09:34.062] [     15ms] [/home/devilunraveled/DASS/Assignment 1/frontend/frontend] git blame --root --incremental -- src/scenes/cards/ProfileCard.jsx
[2023-02-25 13:09:34.878] [     36ms] [/home/devilunraveled/DASS/Assignment 1/frontend/frontend] git log -M -n1 --format=%H bb624c9322472c55d50c0be6b2113876701869db^ -- src/scenes/cards/ProfileCard.jsx
[2023-02-25 13:09:34.895] [     32ms] [/home/devilunraveled/DASS/Assignment 1/frontend/frontend] git rev-parse --verify --end-of-options bb624c9322472c55d50c0be6b2113876701869db^:./src/scenes/cards/ProfileCard.jsx
[2023-02-25 13:09:34.924] [     83ms] [/home/devilunraveled/DASS/Assignment 1/frontend/frontend] git log --format=%x3c%x2ff%x3e%n%x3cr%x3e%x20%H%n%x3ca%x3e%x20%aN%n%x3ce%x3e%x20%aE%n%x3cd%x3e%x20%at%n%x3cn%x3e%x20%cN%n%x3cm%x3e%x20%cE%n%x3cc%x3e%x20%ct%n%x3cp%x3e%x20%P%n%x3cs%x3e%n%B%n%x3c%x2fs%x3e%n%x3cf%x3e -M -m --name-status --full-history -n3 bb624c9322472c55d50c0be6b2113876701869db --
[2023-02-25 13:10:18.982] [     16ms] [/home/devilunraveled/DASS/Assignment 1/frontend/frontend] git diff --no-ext-diff --minimal -U0 -M --diff-filter=M 0000000000000000000000000000000000000000- -- src/scenes/cards/ProfileCard.jsx
[2023-02-25 13:19:33.721] [     11ms] [/home/devilunraveled/DASS/Assignment 1/frontend/frontend] git ls-files -- src/scenes/Forms/SignInForm.jsx
[2023-02-25 13:19:33.986] [     13ms] [/home/devilunraveled/DASS/Assignment 1/frontend/frontend] git blame --root --incremental -- src/scenes/Forms/SignInForm.jsx
[2023-02-25 13:19:40.167] [     25ms] [/home/devilunraveled/DASS/Assignment 1/frontend/frontend] git log -M -n1 --format=%H 3611536d9acec961b509bb3f43a42cc83b665012^ -- src/components/Forms/SignInForm.js
[2023-02-25 13:19:40.167] [     25ms] [/home/devilunraveled/DASS/Assignment 1/frontend/frontend] git log --format=%x3c%x2ff%x3e%n%x3cr%x3e%x20%H%n%x3ca%x3e%x20%aN%n%x3ce%x3e%x20%aE%n%x3cd%x3e%x20%at%n%x3cn%x3e%x20%cN%n%x3cm%x3e%x20%cE%n%x3cc%x3e%x20%ct%n%x3cp%x3e%x20%P%n%x3cs%x3e%n%B%n%x3c%x2fs%x3e%n%x3cf%x3e -M -m --name-status --full-history -n3 3611536d9acec961b509bb3f43a42cc83b665012 --
[2023-02-25 13:19:40.167] [      9ms] [/home/devilunraveled/DASS/Assignment 1/frontend/frontend] git rev-parse --verify --end-of-options 3611536d9acec961b509bb3f43a42cc83b665012^:./src/components/Forms/SignInForm.js
[2023-02-25 13:19:44.311] [     24ms] [/home/devilunraveled/DASS/Assignment 1/frontend/frontend] git blame --root --incremental -- src/scenes/Forms/SignInForm.jsx
[2023-02-25 13:19:50.549] [     27ms] [/home/devilunraveled/DASS/Assignment 1/frontend] git rev-parse --show-toplevel • FAILED

Error: Command failed: /usr/bin/git -c core.quotepath=false -c color.ui=false rev-parse --show-toplevel
fatal: not a git repository (or any of the parent directories): .git

