2024-08-30 11:47:16.795 [info] Configuration changed
2024-08-30 11:48:22.171 [info] /home/devilunraveled/.vscode/argv.json closed
2024-08-30 11:48:53.798 [info] Active editor: vscode-notebook-cell:/home/devilunraveled/Projects/BTP/EncDecApp/main.ipynb#W0sZmlsZQ%3D%3D
2024-08-30 11:48:56.609 [info] Active editor: vscode-notebook-cell:/home/devilunraveled/Projects/BTP/EncDecApp/main.ipynb#W1sZmlsZQ%3D%3D
2024-08-30 11:48:57.498 [info] Active editor: vscode-notebook-cell:/home/devilunraveled/Projects/BTP/EncDecApp/main.ipynb#W0sZmlsZQ%3D%3D
2024-08-30 11:48:58.721 [info] Active editor: vscode-notebook-cell:/home/devilunraveled/Projects/BTP/EncDecApp/main.ipynb#W2sZmlsZQ%3D%3D
2024-08-30 11:48:59.317 [info] Active editor: vscode-notebook-cell:/home/devilunraveled/Projects/BTP/EncDecApp/main.ipynb#W0sZmlsZQ%3D%3D
2024-08-30 11:49:00.747 [info] /home/devilunraveled/Projects/BTP/EncDecApp/main.ipynb closed
2024-08-30 11:49:00.747 [info] Active editor: vscode-notebook-cell:/home/devilunraveled/Projects/BTP/EncDecApp/main.ipynb#W2sZmlsZQ%3D%3D
2024-08-30 11:51:14.843 [info] Active editor: vscode-notebook-cell:/home/devilunraveled/Projects/BTP/EncDecApp/main.ipynb#W3sZmlsZQ%3D%3D
2024-08-30 11:51:19.291 [info] /home/devilunraveled/Projects/BTP/EncDecApp/main.ipynb closed
2024-08-30 11:51:20.713 [info] Active editor: vscode-notebook-cell:/home/devilunraveled/Projects/BTP/EncDecApp/main.ipynb#W3sZmlsZQ%3D%3D
2024-08-30 11:51:28.916 [info] Active editor: vscode-notebook-cell:/home/devilunraveled/Projects/BTP/EncDecApp/main.ipynb#W4sZmlsZQ%3D%3D
2024-08-30 11:51:45.342 [info] Configuration changed
2024-08-30 11:51:59.739 [info] /home/devilunraveled/Projects/BTP/EncDecApp/main.ipynb closed
2024-08-30 11:51:59.758 [info] /home/devilunraveled/Projects/BTP/EncDecApp/main.ipynb closed
2024-08-30 11:52:02.554 [info] Active editor: vscode-notebook-cell:/home/devilunraveled/Projects/BTP/EncDecApp/main.ipynb#W3sZmlsZQ%3D%3D
2024-08-30 11:52:14.077 [info] Active editor: vscode-notebook-cell:/home/devilunraveled/Projects/BTP/EncDecApp/main.ipynb#W4sZmlsZQ%3D%3D
2024-08-30 11:52:39.633 [info] Active editor: vscode-notebook-cell:/home/devilunraveled/Projects/BTP/EncDecApp/main.ipynb#W3sZmlsZQ%3D%3D
2024-08-30 11:53:04.157 [info] Active editor: vscode-notebook-cell:/home/devilunraveled/Projects/BTP/EncDecApp/main.ipynb#W4sZmlsZQ%3D%3D
2024-08-30 11:53:40.302 [info] Active editor: vscode-notebook-cell:/home/devilunraveled/Projects/BTP/EncDecApp/main.ipynb#W4sZmlsZQ%3D%3D
2024-08-30 11:53:48.059 [info] Active editor: untitled:Untitled-1
2024-08-30 11:54:26.367 [info] Untitled-1 closed
2024-08-30 11:54:41.663 [info] Untitled-1 closed
2024-08-30 11:54:41.692 [info] Active editor: file:///home/devilunraveled/Projects/BTP/EncDecApp/config.py
2024-08-30 11:56:10.673 [info] Active editor: vscode-notebook-cell:/home/devilunraveled/Projects/BTP/EncDecApp/main.ipynb#W4sZmlsZQ%3D%3D
2024-08-30 11:58:41.098 [info] Active editor: vscode-notebook-cell:/home/devilunraveled/Projects/BTP/EncDecApp/main.ipynb#W4sZmlsZQ%3D%3D
2024-08-30 11:58:47.749 [info] Active editor: vscode-notebook-cell:/home/devilunraveled/Projects/BTP/EncDecApp/main.ipynb#W4sZmlsZQ%3D%3D
2024-08-30 11:59:56.309 [info] Active editor: vscode-notebook-cell:/home/devilunraveled/Projects/BTP/EncDecApp/main.ipynb#W3sZmlsZQ%3D%3D
2024-08-30 12:00:07.337 [info] Active editor: vscode-notebook-cell:/home/devilunraveled/Projects/BTP/EncDecApp/main.ipynb#W4sZmlsZQ%3D%3D
2024-08-30 12:00:08.366 [info] Active editor: vscode-notebook-cell:/home/devilunraveled/Projects/BTP/EncDecApp/main.ipynb#W5sZmlsZQ%3D%3D
2024-08-30 12:00:16.721 [info] Active editor: vscode-notebook-cell:/home/devilunraveled/Projects/BTP/EncDecApp/main.ipynb#W5sZmlsZQ%3D%3D
2024-08-30 12:00:29.914 [info] Active editor: file:///home/devilunraveled/Projects/BTP/EncDecApp/config.py
2024-08-30 12:00:54.498 [info] Executing :w
2024-08-30 12:00:56.957 [info] Active editor: vscode-notebook-cell:/home/devilunraveled/Projects/BTP/EncDecApp/main.ipynb#W5sZmlsZQ%3D%3D
2024-08-30 12:00:59.046 [info] Active editor: vscode-notebook-cell:/home/devilunraveled/Projects/BTP/EncDecApp/main.ipynb#W3sZmlsZQ%3D%3D
2024-08-30 12:01:06.582 [info] Active editor: vscode-notebook-cell:/home/devilunraveled/Projects/BTP/EncDecApp/main.ipynb#W4sZmlsZQ%3D%3D
2024-08-30 12:01:07.672 [info] Active editor: vscode-notebook-cell:/home/devilunraveled/Projects/BTP/EncDecApp/main.ipynb#W5sZmlsZQ%3D%3D
2024-08-30 12:01:13.847 [info] Active editor: vscode-notebook-cell:/home/devilunraveled/Projects/BTP/EncDecApp/main.ipynb#W3sZmlsZQ%3D%3D
2024-08-30 12:01:32.665 [info] Active editor: vscode-notebook-cell:/home/devilunraveled/Projects/BTP/EncDecApp/main.ipynb#W4sZmlsZQ%3D%3D
2024-08-30 12:01:59.052 [info] /home/devilunraveled/Projects/BTP/EncDecApp/main.ipynb closed
2024-08-30 12:01:59.052 [info] /home/devilunraveled/Projects/BTP/EncDecApp/main.ipynb closed
2024-08-30 12:01:59.052 [info] /home/devilunraveled/Projects/BTP/EncDecApp/main.ipynb closed
2024-08-30 12:01:59.052 [info] /home/devilunraveled/Projects/BTP/EncDecApp/main.ipynb closed
2024-08-30 12:01:59.057 [info] Active editor: file:///home/devilunraveled/Projects/BTP/EncDecApp/config.py
2024-08-30 12:01:59.873 [info] /home/devilunraveled/Projects/BTP/EncDecApp/config.py closed
2024-08-30 12:02:05.107 [info] Active editor: vscode-notebook-cell:/home/devilunraveled/Projects/BTP/EncDecApp/main.ipynb#W1sZmlsZQ%3D%3D
2024-08-30 12:04:15.285 [info] Active editor: vscode-notebook-cell:/home/devilunraveled/Projects/BTP/EncDecApp/main.ipynb#W3sZmlsZQ%3D%3D
2024-08-30 12:06:14.986 [info] Active editor: vscode-notebook-cell:/home/devilunraveled/Projects/BTP/EncDecApp/main.ipynb#W4sZmlsZQ%3D%3D
2024-08-30 12:08:38.058 [info] Active editor: file:///home/devilunraveled/Projects/BTP/EncDecApp/dataPreparation.py
2024-08-30 12:08:42.412 [info] /home/devilunraveled/Projects/BTP/EncDecApp/dataPreparation.py closed
2024-08-30 12:08:42.412 [info] Active editor: vscode-notebook-cell:/home/devilunraveled/Projects/BTP/EncDecApp/main.ipynb#W4sZmlsZQ%3D%3D
2024-08-30 12:08:43.644 [info] Active editor: file:///home/devilunraveled/Projects/BTP/EncDecApp/dataPreparation.py
2024-08-30 12:08:46.236 [info] /home/devilunraveled/Projects/BTP/EncDecApp/dataPreparation.py closed
2024-08-30 12:08:46.263 [info] Active editor: vscode-notebook-cell:/home/devilunraveled/Projects/BTP/EncDecApp/main.ipynb#W4sZmlsZQ%3D%3D
2024-08-30 12:11:47.001 [info] Active editor: untitled:Untitled-1
2024-08-30 12:11:49.598 [info] Untitled-1 closed
2024-08-30 12:11:49.598 [info] Active editor: vscode-notebook-cell:/home/devilunraveled/Projects/BTP/EncDecApp/main.ipynb#W4sZmlsZQ%3D%3D
2024-08-30 12:11:53.237 [info] Active editor: vscode-notebook-cell:/home/devilunraveled/Projects/BTP/EncDecApp/main.ipynb#W5sZmlsZQ%3D%3D
2024-08-30 12:13:14.150 [info] Active editor: vscode-notebook-cell:/home/devilunraveled/Projects/BTP/EncDecApp/main.ipynb#W4sZmlsZQ%3D%3D
2024-08-30 12:13:20.100 [info] Active editor: vscode-notebook-cell:/home/devilunraveled/Projects/BTP/EncDecApp/main.ipynb#W5sZmlsZQ%3D%3D
2024-08-30 12:13:21.181 [info] Active editor: vscode-notebook-cell:/home/devilunraveled/Projects/BTP/EncDecApp/main.ipynb#W4sZmlsZQ%3D%3D
2024-08-30 12:14:03.892 [info] Active editor: vscode-notebook-cell:/home/devilunraveled/Projects/BTP/EncDecApp/main.ipynb#W2sZmlsZQ%3D%3D
2024-08-30 12:14:08.012 [info] Active editor: vscode-notebook-cell:/home/devilunraveled/Projects/BTP/EncDecApp/main.ipynb#W5sZmlsZQ%3D%3D
2024-08-30 12:32:18.972 [info] Active editor: vscode-notebook-cell:/home/devilunraveled/Projects/BTP/EncDecApp/main.ipynb#W6sZmlsZQ%3D%3D
2024-08-30 12:34:07.042 [info] Active editor: vscode-notebook-cell:/home/devilunraveled/Projects/BTP/EncDecApp/main.ipynb#X10sZmlsZQ%3D%3D
2024-08-30 12:35:54.287 [info] Active editor: vscode-notebook-cell:/home/devilunraveled/Projects/BTP/EncDecApp/main.ipynb#X11sZmlsZQ%3D%3D
2024-08-30 12:36:09.484 [info] Active editor: vscode-notebook-cell:/home/devilunraveled/Projects/BTP/EncDecApp/main.ipynb#X12sZmlsZQ%3D%3D
2024-08-30 12:36:54.186 [info] Active editor: vscode-notebook-cell:/home/devilunraveled/Projects/BTP/EncDecApp/main.ipynb#X13sZmlsZQ%3D%3D
2024-08-30 12:36:57.063 [info] Active editor: vscode-notebook-cell:/home/devilunraveled/Projects/BTP/EncDecApp/main.ipynb#X12sZmlsZQ%3D%3D
2024-08-30 12:37:07.599 [info] Active editor: vscode-notebook-cell:/home/devilunraveled/Projects/BTP/EncDecApp/main.ipynb#X12sZmlsZQ%3D%3D
2024-08-30 12:37:10.647 [info] Active editor: vscode-notebook-cell:/home/devilunraveled/Projects/BTP/EncDecApp/main.ipynb#X12sZmlsZQ%3D%3D
2024-08-30 12:37:13.529 [info] /home/devilunraveled/Projects/BTP/EncDecApp/main.ipynb closed
2024-08-30 12:37:13.529 [info] Active editor: vscode-notebook-cell:/home/devilunraveled/Projects/BTP/EncDecApp/main.ipynb#X13sZmlsZQ%3D%3D
2024-08-30 12:38:29.147 [info] Active editor: vscode-notebook-cell:/home/devilunraveled/Projects/BTP/EncDecApp/main.ipynb#X14sZmlsZQ%3D%3D
2024-08-30 12:38:46.482 [info] Active editor: vscode-notebook-cell:/home/devilunraveled/Projects/BTP/EncDecApp/main.ipynb#X14sZmlsZQ%3D%3D
2024-08-30 12:38:47.313 [info] Active editor: vscode-notebook-cell:/home/devilunraveled/Projects/BTP/EncDecApp/main.ipynb#X13sZmlsZQ%3D%3D
2024-08-30 12:38:48.589 [info] Active editor: vscode-notebook-cell:/home/devilunraveled/Projects/BTP/EncDecApp/main.ipynb#X15sZmlsZQ%3D%3D
2024-08-30 12:39:39.953 [info] Active editor: vscode-notebook-cell:/home/devilunraveled/Projects/BTP/EncDecApp/main.ipynb#X14sZmlsZQ%3D%3D
2024-08-30 12:40:02.627 [info] Active editor: vscode-notebook-cell:/home/devilunraveled/Projects/BTP/EncDecApp/main.ipynb#X16sZmlsZQ%3D%3D
2024-08-30 13:44:17.225 [info] Active editor: vscode-notebook-cell:/home/devilunraveled/Projects/BTP/EncDecApp/main.ipynb#X14sZmlsZQ%3D%3D
2024-08-30 13:44:29.428 [info] Active editor: vscode-notebook-cell:/home/devilunraveled/Projects/BTP/EncDecApp/main.ipynb#X16sZmlsZQ%3D%3D
2024-08-30 13:45:18.150 [info] Active editor: vscode-notebook-cell:/home/devilunraveled/Projects/BTP/EncDecApp/main.ipynb#X20sZmlsZQ%3D%3D
2024-08-30 13:54:49.417 [info] Active editor: vscode-notebook-cell:/home/devilunraveled/Projects/BTP/EncDecApp/main.ipynb#X20sZmlsZQ%3D%3D
2024-08-30 13:58:17.488 [info] Active editor: vscode-notebook-cell:/home/devilunraveled/Projects/BTP/EncDecApp/main.ipynb#X20sZmlsZQ%3D%3D
2024-08-30 17:59:41.289 [info] Active editor: vscode-notebook-cell:/home/devilunraveled/Projects/BTP/EncDecApp/main.ipynb#X20sZmlsZQ%3D%3D
2024-08-30 18:00:20.950 [info] Active editor: vscode-notebook-cell:/home/devilunraveled/Projects/BTP/EncDecApp/main.ipynb#W1sZmlsZQ%3D%3D
2024-08-30 18:02:11.096 [info] /home/devilunraveled/.pyenv/versions/UnsupervisedQAG/lib/python3.12/site-packages/transformers/models/encoder_decoder/configuration_encoder_decoder.py closed
2024-08-30 18:03:40.376 [info] Active editor: vscode-notebook-cell:/home/devilunraveled/Projects/BTP/EncDecApp/main.ipynb#W1sZmlsZQ%3D%3D
2024-08-30 18:03:48.923 [info] Active editor: vscode-notebook-cell:/home/devilunraveled/Projects/BTP/EncDecApp/main.ipynb#X20sZmlsZQ%3D%3D
2024-08-30 18:07:44.541 [info] Active editor: vscode-notebook-cell:/home/devilunraveled/Projects/BTP/EncDecApp/main.ipynb#X16sZmlsZQ%3D%3D
2024-08-30 18:07:47.774 [info] Active editor: vscode-notebook-cell:/home/devilunraveled/Projects/BTP/EncDecApp/main.ipynb#X21sZmlsZQ%3D%3D
2024-08-30 18:12:39.996 [info] Active editor: vscode-notebook-cell:/home/devilunraveled/Projects/BTP/EncDecApp/main.ipynb#X21sZmlsZQ%3D%3D
2024-08-30 18:13:57.014 [info] Active editor: vscode-notebook-cell:/home/devilunraveled/Projects/BTP/EncDecApp/main.ipynb#X20sZmlsZQ%3D%3D
2024-08-30 18:13:58.465 [info] Active editor: vscode-notebook-cell:/home/devilunraveled/Projects/BTP/EncDecApp/main.ipynb#X22sZmlsZQ%3D%3D
2024-08-30 18:14:08.285 [info] Active editor: vscode-notebook-cell:/home/devilunraveled/Projects/BTP/EncDecApp/main.ipynb#X21sZmlsZQ%3D%3D
2024-08-30 18:14:10.048 [info] Active editor: vscode-notebook-cell:/home/devilunraveled/Projects/BTP/EncDecApp/main.ipynb#X22sZmlsZQ%3D%3D
2024-08-30 18:14:38.369 [info] Active editor: vscode-notebook-cell:/home/devilunraveled/Projects/BTP/EncDecApp/main.ipynb#X21sZmlsZQ%3D%3D
2024-08-30 18:14:48.168 [info] Active editor: vscode-notebook-cell:/home/devilunraveled/Projects/BTP/EncDecApp/main.ipynb#X22sZmlsZQ%3D%3D
2024-08-30 18:14:48.396 [info] Active editor: vscode-notebook-cell:/home/devilunraveled/Projects/BTP/EncDecApp/main.ipynb#X20sZmlsZQ%3D%3D
2024-08-30 18:14:56.997 [info] Active editor: vscode-notebook-cell:/home/devilunraveled/Projects/BTP/EncDecApp/main.ipynb#X22sZmlsZQ%3D%3D
2024-08-30 18:15:00.892 [info] Active editor: vscode-notebook-cell:/home/devilunraveled/Projects/BTP/EncDecApp/main.ipynb#X21sZmlsZQ%3D%3D
2024-08-30 18:15:19.678 [info] Active editor: vscode-notebook-cell:/home/devilunraveled/Projects/BTP/EncDecApp/main.ipynb#X14sZmlsZQ%3D%3D
2024-08-30 18:15:24.970 [info] Active editor: vscode-notebook-cell:/home/devilunraveled/Projects/BTP/EncDecApp/main.ipynb#X13sZmlsZQ%3D%3D
2024-08-30 18:16:32.088 [info] Active editor: vscode-notebook-cell:/home/devilunraveled/Projects/BTP/EncDecApp/main.ipynb#X21sZmlsZQ%3D%3D
2024-08-30 18:16:38.580 [info] Active editor: vscode-notebook-cell:/home/devilunraveled/Projects/BTP/EncDecApp/main.ipynb#X22sZmlsZQ%3D%3D
2024-08-30 18:16:39.644 [info] Active editor: vscode-notebook-cell:/home/devilunraveled/Projects/BTP/EncDecApp/main.ipynb#X20sZmlsZQ%3D%3D
2024-08-30 18:16:44.264 [info] Active editor: vscode-notebook-cell:/home/devilunraveled/Projects/BTP/EncDecApp/main.ipynb#X22sZmlsZQ%3D%3D
2024-08-30 18:16:46.931 [info] Active editor: vscode-notebook-cell:/home/devilunraveled/Projects/BTP/EncDecApp/main.ipynb#X23sZmlsZQ%3D%3D
2024-08-30 18:17:27.612 [info] Active editor: vscode-notebook-cell:/home/devilunraveled/Projects/BTP/EncDecApp/main.ipynb#X20sZmlsZQ%3D%3D
2024-08-30 18:19:12.328 [info] Active editor: vscode-notebook-cell:/home/devilunraveled/Projects/BTP/EncDecApp/main.ipynb#W1sZmlsZQ%3D%3D
2024-08-30 18:19:28.125 [info] Active editor: vscode-notebook-cell:/home/devilunraveled/Projects/BTP/EncDecApp/main.ipynb#X20sZmlsZQ%3D%3D
2024-08-30 18:19:34.927 [info] Active editor: vscode-notebook-cell:/home/devilunraveled/Projects/BTP/EncDecApp/main.ipynb#X24sZmlsZQ%3D%3D
2024-08-30 18:20:00.334 [info] Active editor: vscode-notebook-cell:/home/devilunraveled/Projects/BTP/EncDecApp/main.ipynb#X25sZmlsZQ%3D%3D
2024-08-30 18:20:48.375 [info] Active editor: vscode-notebook-cell:/home/devilunraveled/Projects/BTP/EncDecApp/main.ipynb#X20sZmlsZQ%3D%3D
2024-08-30 18:20:51.015 [info] Active editor: vscode-notebook-cell:/home/devilunraveled/Projects/BTP/EncDecApp/main.ipynb#X26sZmlsZQ%3D%3D
2024-08-30 18:23:10.967 [info] Active editor: vscode-notebook-cell:/home/devilunraveled/Projects/BTP/EncDecApp/main.ipynb#X20sZmlsZQ%3D%3D
2024-08-30 18:23:28.350 [info] Active editor: vscode-notebook-cell:/home/devilunraveled/Projects/BTP/EncDecApp/main.ipynb#X26sZmlsZQ%3D%3D
2024-08-30 18:26:43.053 [info] Active editor: vscode-notebook-cell:/home/devilunraveled/Projects/BTP/EncDecApp/main.ipynb#W1sZmlsZQ%3D%3D
2024-08-30 18:27:01.979 [info] Active editor: vscode-notebook-cell:/home/devilunraveled/Projects/BTP/EncDecApp/main.ipynb#X26sZmlsZQ%3D%3D
2024-08-30 18:27:33.835 [info] Active editor: vscode-notebook-cell:/home/devilunraveled/Projects/BTP/EncDecApp/main.ipynb#W1sZmlsZQ%3D%3D
2024-08-30 18:28:41.820 [info] Active editor: vscode-notebook-cell:/home/devilunraveled/Projects/BTP/EncDecApp/main.ipynb#X30sZmlsZQ%3D%3D
2024-08-30 18:28:46.482 [info] Active editor: vscode-notebook-cell:/home/devilunraveled/Projects/BTP/EncDecApp/main.ipynb#X30sZmlsZQ%3D%3D
2024-08-30 18:29:23.557 [info] Active editor: vscode-notebook-cell:/home/devilunraveled/Projects/BTP/EncDecApp/main.ipynb#W1sZmlsZQ%3D%3D
2024-08-30 18:29:29.693 [info] Active editor: vscode-notebook-cell:/home/devilunraveled/Projects/BTP/EncDecApp/main.ipynb#W2sZmlsZQ%3D%3D
2024-08-30 18:29:54.984 [info] Active editor: vscode-notebook-cell:/home/devilunraveled/Projects/BTP/EncDecApp/main.ipynb#W1sZmlsZQ%3D%3D
2024-08-30 19:03:34.494 [info] Active editor: vscode-notebook-cell:/home/devilunraveled/Projects/BTP/EncDecApp/main.ipynb#W1sZmlsZQ%3D%3D
2024-08-30 19:03:36.463 [info] Active editor: vscode-notebook-cell:/home/devilunraveled/Projects/BTP/EncDecApp/main.ipynb#W2sZmlsZQ%3D%3D
2024-08-30 19:04:53.349 [info] Active editor: vscode-notebook-cell:/home/devilunraveled/Projects/BTP/EncDecApp/main.ipynb#W1sZmlsZQ%3D%3D
2024-08-30 19:04:55.196 [info] /home/devilunraveled/.pyenv/versions/UnsupervisedQAG/lib/python3.12/site-packages/torch/optim/__init__.py closed
2024-08-30 19:04:58.254 [info] /home/devilunraveled/Projects/BTP/EncDecApp/.vscode/settings.json closed
2024-08-30 19:04:58.281 [info] Configuration changed
2024-08-30 19:05:03.858 [info] Active editor: vscode-notebook-cell:/home/devilunraveled/Projects/BTP/EncDecApp/main.ipynb#W1sZmlsZQ%3D%3D
2024-08-30 19:05:25.207 [info] Active editor: vscode-notebook-cell:/home/devilunraveled/Projects/BTP/EncDecApp/main.ipynb#X26sZmlsZQ%3D%3D
2024-08-30 19:05:33.439 [info] Active editor: vscode-notebook-cell:/home/devilunraveled/Projects/BTP/EncDecApp/main.ipynb#W2sZmlsZQ%3D%3D
2024-08-30 19:05:45.873 [info] Active editor: vscode-notebook-cell:/home/devilunraveled/Projects/BTP/EncDecApp/main.ipynb#W1sZmlsZQ%3D%3D
2024-08-30 19:05:55.052 [info] Active editor: vscode-notebook-cell:/home/devilunraveled/Projects/BTP/EncDecApp/main.ipynb#W2sZmlsZQ%3D%3D
2024-08-30 19:06:38.490 [info] /home/devilunraveled/Projects/BTP/EncDecApp/config.py closed
2024-08-30 19:07:00.565 [info] Active editor: vscode-notebook-cell:/home/devilunraveled/Projects/BTP/EncDecApp/main.ipynb#X20sZmlsZQ%3D%3D
2024-08-30 19:07:02.956 [info] Active editor: vscode-notebook-cell:/home/devilunraveled/Projects/BTP/EncDecApp/main.ipynb#X31sZmlsZQ%3D%3D
2024-08-30 19:21:04.965 [info] Active editor: vscode-notebook-cell:/home/devilunraveled/Projects/BTP/EncDecApp/main.ipynb#X30sZmlsZQ%3D%3D
2024-08-30 19:21:07.116 [info] Active editor: vscode-notebook-cell:/home/devilunraveled/Projects/BTP/EncDecApp/main.ipynb#X25sZmlsZQ%3D%3D
2024-08-30 19:29:53.366 [info] Active editor: vscode-notebook-cell:/home/devilunraveled/Projects/BTP/EncDecApp/main.ipynb#X25sZmlsZQ%3D%3D
2024-08-30 19:30:15.579 [info] Active editor: vscode-notebook-cell:/home/devilunraveled/Projects/BTP/EncDecApp/main.ipynb#X26sZmlsZQ%3D%3D
