2023-07-12 19:59:57.204 [info] Added views:workbench.panel.markers.view in workbench.panel.markers
2023-07-12 19:59:57.204 [info] Added views:workbench.panel.output in workbench.panel.output
2023-07-12 19:59:57.204 [info] Added views:terminal in terminal
2023-07-12 19:59:57.204 [info] Added views:outline in workbench.view.explorer
2023-07-12 19:59:57.204 [info] Added views:workbench.scm in workbench.view.scm
2023-07-12 19:59:57.204 [info] Added views:workbench.view.search in workbench.view.search
2023-07-12 19:59:57.204 [info] Added views:timeline in workbench.view.explorer
2023-07-12 19:59:57.204 [info] Added views:workbench.explorer.fileView in workbench.view.explorer
2023-07-12 19:59:58.343 [info] Added views:bookmarksExplorer,bookmarksHelpAndFeedback in workbench.view.extension.bookmarks
2023-07-12 19:59:58.343 [info] Added views:projectsExplorerFavorites,projectManagerHelpAndFeedback in workbench.view.extension.project-manager
2023-07-12 19:59:58.344 [info] Added views:gitlens.views.home,gitlens.views.contributors in workbench.view.extension.gitlens
2023-07-12 19:59:58.345 [info] Added views:gitlens.views.commits,gitlens.views.commitDetails,gitlens.views.fileHistory,gitlens.views.branches,gitlens.views.remotes,gitlens.views.stashes,gitlens.views.tags,gitlens.views.searchAndCompare in workbench.view.scm
2023-07-12 19:59:58.345 [info] Added views:mongoDBConnectionExplorer,mongoDBPlaygroundsExplorer,mongoDBHelpExplorer in workbench.view.extension.mongoDB
2023-07-12 19:59:58.346 [info] Added views:dockerContainers,dockerImages,dockerRegistries,dockerNetworks,dockerVolumes,vscode-docker.views.dockerContexts,vscode-docker.views.help in workbench.view.extension.dockerView
2023-07-12 19:59:58.346 [info] Added views:targetsContainers,devVolumes in workbench.view.remote
2023-07-12 19:59:58.485 [info] Added views:workbench.debug.welcome in workbench.view.debug
2023-07-12 19:59:58.692 [info] Added views:workbench.panel.repl.view in workbench.panel.repl
2023-07-12 19:59:59.771 [info] Added views:workbench.panel.comments in workbench.panel.comments
2023-07-12 20:00:01.230 [info] Added views:projectsExplorerGit in workbench.view.extension.project-manager
2023-07-12 20:00:02.093 [info] Added views:gitlens.views.timeline in workbench.view.extension.gitlensPanel
2023-07-12 20:00:02.096 [info] Added views:gitlens.views.worktrees in workbench.view.scm
2023-07-12 20:00:24.038 [info] Added views:tabnine-home in workbench.view.extension.tabnine-access
2023-07-12 20:00:24.046 [info] Added views:tabnine-notifications in workbench.view.extension.tabnine-access
2023-07-12 20:00:24.047 [info] Added views:tabnine-today in workbench.view.extension.tabnine-access
