2023-06-22 10:21:11.252 [info] Added views:workbench.panel.markers.view in workbench.panel.markers
2023-06-22 10:21:11.252 [info] Added views:workbench.panel.output in workbench.panel.output
2023-06-22 10:21:11.252 [info] Added views:terminal in terminal
2023-06-22 10:21:11.252 [info] Added views:outline in workbench.view.explorer
2023-06-22 10:21:11.252 [info] Added views:workbench.scm in workbench.view.scm
2023-06-22 10:21:11.252 [info] Added views:workbench.view.search in workbench.view.search
2023-06-22 10:21:11.252 [info] Added views:timeline in workbench.view.explorer
2023-06-22 10:21:11.252 [info] Added views:workbench.explorer.fileView in workbench.view.explorer
2023-06-22 10:21:11.769 [info] Added views:bookmarksExplorer,bookmarksHelpAndFeedback in workbench.view.extension.bookmarks
2023-06-22 10:21:11.770 [info] Added views:projectsExplorerFavorites,projectManagerHelpAndFeedback in workbench.view.extension.project-manager
2023-06-22 10:21:11.770 [info] Added views:gitlens.views.home,gitlens.views.contributors in workbench.view.extension.gitlens
2023-06-22 10:21:11.771 [info] Added views:gitlens.views.commits,gitlens.views.commitDetails,gitlens.views.fileHistory,gitlens.views.branches,gitlens.views.remotes,gitlens.views.stashes,gitlens.views.tags,gitlens.views.searchAndCompare in workbench.view.scm
2023-06-22 10:21:11.771 [info] Added views:mongoDBConnectionExplorer,mongoDBPlaygroundsExplorer,mongoDBHelpExplorer in workbench.view.extension.mongoDB
2023-06-22 10:21:11.771 [info] Added views:dockerContainers,dockerImages,dockerRegistries,dockerNetworks,dockerVolumes,vscode-docker.views.dockerContexts,vscode-docker.views.help in workbench.view.extension.dockerView
2023-06-22 10:21:11.771 [info] Added views:targetsContainers,devVolumes in workbench.view.remote
2023-06-22 10:21:11.831 [info] Added views:workbench.debug.welcome in workbench.view.debug
2023-06-22 10:21:11.969 [info] Added views:workbench.panel.repl.view in workbench.panel.repl
2023-06-22 10:21:12.264 [info] Added views:workbench.panel.comments in workbench.panel.comments
2023-06-22 10:21:13.562 [info] Added views:projectsExplorerGit in workbench.view.extension.project-manager
2023-06-22 10:21:14.024 [info] Added views:tabnine-home in workbench.view.extension.tabnine-access
2023-06-22 10:21:14.025 [info] Added views:tabnine-notifications in workbench.view.extension.tabnine-access
2023-06-22 10:21:14.027 [info] Added views:tabnine-today in workbench.view.extension.tabnine-access
2023-06-22 10:21:15.616 [info] Added views:gitlens.views.timeline in workbench.view.extension.gitlensPanel
2023-06-22 10:21:15.618 [info] Added views:gitlens.views.worktrees in workbench.view.scm
