2024-08-30 11:47:14.188 [info] Added views:workbench.panel.markers.view in workbench.panel.markers
2024-08-30 11:47:14.188 [info] Added views:workbench.panel.output in workbench.panel.output
2024-08-30 11:47:14.189 [info] Added views:terminal in terminal
2024-08-30 11:47:14.189 [info] Added views:outline in workbench.view.explorer
2024-08-30 11:47:14.189 [info] Added views:workbench.scm in workbench.view.scm
2024-08-30 11:47:14.189 [info] Added views:workbench.view.search in workbench.view.search
2024-08-30 11:47:14.189 [info] Added views:timeline in workbench.view.explorer
2024-08-30 11:47:14.189 [info] Added views:workbench.explorer.fileView in workbench.view.explorer
2024-08-30 11:47:14.458 [info] Added views:workbench.debug.variablesView,workbench.debug.watchExpressionsView,workbench.debug.callStackView,workbench.debug.breakPointsView in workbench.view.debug
2024-08-30 11:47:14.584 [info] Added views:bookmarksExplorer,bookmarksHelpAndFeedback in workbench.view.extension.bookmarks
2024-08-30 11:47:14.585 [info] Added views:projectsExplorerFavorites,projectManagerHelpAndFeedback in workbench.view.extension.project-manager
2024-08-30 11:47:14.585 [info] Added views:codeium.chatPanelView in workbench.view.extension.codeium
2024-08-30 11:47:14.586 [info] Added views:gitlens.views.home,gitlens.views.workspaces,gitlens.views.account in workbench.view.extension.gitlens
2024-08-30 11:47:14.586 [info] Added views:gitlens.views.commitDetails,gitlens.views.lineHistory,gitlens.views.fileHistory,gitlens.views.searchAndCompare in workbench.view.extension.gitlensInspect
2024-08-30 11:47:14.587 [info] Added views:gitlens.views.commits,gitlens.views.branches,gitlens.views.remotes,gitlens.views.stashes,gitlens.views.tags in workbench.view.scm
2024-08-30 11:47:14.587 [info] Added views:mongoDBConnectionExplorer,mongoDBPlaygroundsExplorer,mongoDBHelpExplorer in workbench.view.extension.mongoDB
2024-08-30 11:47:14.588 [info] Added views:dockerContainers,dockerImages,dockerRegistries,dockerNetworks,dockerVolumes,vscode-docker.views.dockerContexts,vscode-docker.views.help in workbench.view.extension.dockerView
2024-08-30 11:47:14.588 [info] Added views:targetsContainers,devVolumes in workbench.view.remote
2024-08-30 11:47:14.776 [info] Added views:workbench.panel.repl.view in workbench.panel.repl
2024-08-30 11:47:14.778 [info] Removed views:workbench.debug.breakPointsView,workbench.debug.callStackView,workbench.debug.watchExpressionsView,workbench.debug.variablesView from workbench.view.debug
2024-08-30 11:47:14.778 [info] Added views:workbench.debug.welcome in workbench.view.debug
2024-08-30 11:47:15.020 [info] Added views:~remote.forwardedPorts in ~remote.forwardedPortsContainer
2024-08-30 11:47:15.854 [info] Added views:projectsExplorerGit in workbench.view.extension.project-manager
2024-08-30 11:47:15.893 [info] Removed views:gitlens.views.searchAndCompare,gitlens.views.fileHistory,gitlens.views.lineHistory,gitlens.views.commitDetails from workbench.view.extension.gitlensInspect
2024-08-30 11:47:15.893 [info] Removed views:gitlens.views.tags,gitlens.views.stashes,gitlens.views.remotes,gitlens.views.branches,gitlens.views.commits from workbench.view.scm
2024-08-30 11:47:15.937 [info] Added views:gitlens.views.drafts in workbench.view.extension.gitlens
2024-08-30 11:47:16.845 [info] Added views:workbench.panel.comments in workbench.panel.comments
2024-08-30 11:47:51.574 [info] Removed views:workbench.panel.repl.view from workbench.panel.repl
2024-08-30 11:47:51.618 [info] Added views:workbench.panel.repl.view in workbench.panel.repl
2024-08-30 11:48:53.999 [info] Added views:workbench.view.testing in workbench.view.extension.test
2024-08-30 11:51:45.904 [info] Added views:jupyterViewVariables,cell-tag in workbench.view.extension.jupyter-variables
2024-08-30 12:01:59.126 [info] Removed views:cell-tag,jupyterViewVariables from workbench.view.extension.jupyter-variables
2024-08-30 12:02:02.556 [info] Added views:jupyterViewVariables,cell-tag in workbench.view.extension.jupyter-variables
2024-08-30 18:02:11.118 [info] Added views:gitlens.views.graph,gitlens.views.graphDetails in workbench.view.extension.gitlensPanel
2024-08-30 18:02:11.120 [info] Added views:gitlens.views.commitDetails,gitlens.views.lineHistory,gitlens.views.fileHistory,gitlens.views.timeline,gitlens.views.searchAndCompare in workbench.view.extension.gitlensInspect
2024-08-30 18:02:11.122 [info] Added views:gitlens.views.commits,gitlens.views.branches,gitlens.views.remotes,gitlens.views.stashes,gitlens.views.tags,gitlens.views.worktrees in workbench.view.scm
2024-08-30 20:04:44.305 [info] Removed views:workbench.view.testing from workbench.view.extension.test
