2024-08-31 16:41:33.912 [info] Added views:workbench.panel.markers.view in workbench.panel.markers
2024-08-31 16:41:33.912 [info] Added views:workbench.panel.output in workbench.panel.output
2024-08-31 16:41:33.912 [info] Added views:terminal in terminal
2024-08-31 16:41:33.912 [info] Added views:outline in workbench.view.explorer
2024-08-31 16:41:33.912 [info] Added views:workbench.scm in workbench.view.scm
2024-08-31 16:41:33.912 [info] Added views:workbench.view.search in workbench.view.search
2024-08-31 16:41:33.912 [info] Added views:timeline in workbench.view.explorer
2024-08-31 16:41:33.912 [info] Added views:workbench.explorer.emptyView in workbench.view.explorer
2024-08-31 16:41:34.291 [info] Added views:bookmarksExplorer,bookmarksHelpAndFeedback in workbench.view.extension.bookmarks
2024-08-31 16:41:34.292 [info] Added views:projectsExplorerFavorites,projectManagerHelpAndFeedback in workbench.view.extension.project-manager
2024-08-31 16:41:34.292 [info] Added views:codeium.chatPanelView in workbench.view.extension.codeium
2024-08-31 16:41:34.293 [info] Added views:gitlens.views.home,gitlens.views.workspaces,gitlens.views.account in workbench.view.extension.gitlens
2024-08-31 16:41:34.293 [info] Added views:gitlens.views.commitDetails,gitlens.views.lineHistory,gitlens.views.fileHistory,gitlens.views.searchAndCompare in workbench.view.extension.gitlensInspect
2024-08-31 16:41:34.293 [info] Added views:gitlens.views.commits,gitlens.views.branches,gitlens.views.remotes,gitlens.views.stashes,gitlens.views.tags in workbench.view.scm
2024-08-31 16:41:34.294 [info] Added views:mongoDBConnectionExplorer,mongoDBPlaygroundsExplorer,mongoDBHelpExplorer in workbench.view.extension.mongoDB
2024-08-31 16:41:34.296 [info] Added views:dockerContainers,dockerImages,dockerRegistries,dockerNetworks,dockerVolumes,vscode-docker.views.dockerContexts,vscode-docker.views.help in workbench.view.extension.dockerView
2024-08-31 16:41:34.297 [info] Added views:targetsContainers,devVolumes in workbench.view.remote
2024-08-31 16:41:34.355 [info] Added views:workbench.debug.variablesView,workbench.debug.watchExpressionsView,workbench.debug.callStackView,workbench.debug.breakPointsView in workbench.view.debug
2024-08-31 16:41:34.470 [info] Added views:workbench.panel.repl.view in workbench.panel.repl
2024-08-31 16:41:34.471 [info] Removed views:workbench.debug.breakPointsView,workbench.debug.callStackView,workbench.debug.watchExpressionsView,workbench.debug.variablesView from workbench.view.debug
2024-08-31 16:41:34.472 [info] Added views:workbench.debug.welcome in workbench.view.debug
2024-08-31 16:41:35.085 [info] Added views:jupyterViewVariables in workbench.view.extension.jupyter-variables
2024-08-31 16:41:35.089 [info] Added views:cell-tag in workbench.view.extension.jupyter-variables
2024-08-31 16:41:35.739 [info] Added views:~remote.forwardedPorts in ~remote.forwardedPortsContainer
2024-08-31 16:41:36.078 [info] Added views:projectsExplorerGit in workbench.view.extension.project-manager
2024-08-31 16:41:36.119 [info] Removed views:gitlens.views.searchAndCompare,gitlens.views.fileHistory,gitlens.views.lineHistory,gitlens.views.commitDetails from workbench.view.extension.gitlensInspect
2024-08-31 16:41:36.119 [info] Removed views:gitlens.views.tags,gitlens.views.stashes,gitlens.views.remotes,gitlens.views.branches,gitlens.views.commits from workbench.view.scm
2024-08-31 16:41:36.181 [info] Added views:gitlens.views.drafts in workbench.view.extension.gitlens
2024-08-31 16:41:36.315 [info] Added views:workbench.view.testing in workbench.view.extension.test
2024-08-31 16:41:38.944 [info] Added views:workbench.panel.comments in workbench.panel.comments
2024-08-31 16:50:44.495 [info] Removed views:cell-tag,jupyterViewVariables from workbench.view.extension.jupyter-variables
2024-08-31 16:50:45.322 [info] Removed views:workbench.view.testing from workbench.view.extension.test
