2023-10-25 13:58:45.931 [info] Log level: Info
2023-10-25 13:58:45.931 [info] Validating found git in: "git"
2023-10-25 13:58:45.931 [info] Using git "2.42.0" from "git"
2023-10-25 13:58:45.931 [info] > git rev-parse --show-toplevel [49ms]
2023-10-25 13:58:45.931 [info] fatal: not a git repository (or any of the parent directories): .git
2023-10-25 13:58:45.931 [info] > git rev-parse --show-toplevel [26ms]
2023-10-25 13:58:45.931 [info] fatal: not a git repository (or any of the parent directories): .git
2023-10-25 13:58:46.280 [info] > git rev-parse --show-toplevel [334ms]
2023-10-25 13:58:46.280 [info] fatal: not a git repository (or any of the parent directories): .git
2023-10-25 13:58:46.373 [info] > git rev-parse --show-toplevel [20ms]
2023-10-25 13:58:46.373 [info] fatal: not a git repository (or any of the parent directories): .git
2023-10-25 13:58:46.436 [info] > git rev-parse --show-toplevel [30ms]
2023-10-25 13:58:46.436 [info] fatal: not a git repository (or any of the parent directories): .git
2023-10-25 13:58:46.544 [info] > git rev-parse --show-toplevel [7ms]
2023-10-25 13:58:46.544 [info] fatal: not a git repository (or any of the parent directories): .git
2023-10-25 13:58:52.623 [info] > git rev-parse --show-toplevel [3ms]
2023-10-25 13:58:52.623 [info] fatal: not a git repository (or any of the parent directories): .git
2023-10-25 13:59:27.482 [info] Log level: Info
2023-10-25 13:59:27.482 [info] Validating found git in: "git"
2023-10-25 13:59:27.482 [info] Using git "2.42.0" from "git"
2023-10-25 13:59:27.482 [info] > git rev-parse --show-toplevel [6ms]
2023-10-25 13:59:27.493 [info] > git rev-parse --git-dir --git-common-dir [2ms]
2023-10-25 13:59:27.505 [info] Open repository: /home/devilunraveled/Projects/DUAManager
2023-10-25 13:59:27.521 [info] > git config --get commit.template [7ms]
2023-10-25 13:59:27.524 [info] > git rev-parse --show-toplevel [4ms]
2023-10-25 13:59:27.540 [info] > git for-each-ref --format=%(refname)%00%(upstream:short)%00%(objectname)%00%(upstream:track)%00%(upstream:remotename)%00%(upstream:remoteref) refs/heads/main refs/remotes/main [8ms]
2023-10-25 13:59:27.548 [info] > git rev-parse --show-toplevel [9ms]
2023-10-25 13:59:27.561 [info] > git status -z -uall [13ms]
2023-10-25 13:59:27.576 [info] > git config --get commit.template [4ms]
2023-10-25 13:59:28.459 [info] > git check-ignore -v -z --stdin [7ms]
2023-10-25 13:59:28.460 [info] > git for-each-ref --format=%(refname)%00%(upstream:short)%00%(objectname)%00%(upstream:track)%00%(upstream:remotename)%00%(upstream:remoteref) refs/heads/main refs/remotes/main [877ms]
2023-10-25 13:59:28.721 [info] > git status -z -uall [251ms]
2023-10-25 13:59:29.176 [info] > git check-ignore -v -z --stdin [14ms]
2023-10-25 13:59:30.087 [info] > git check-ignore -v -z --stdin [2ms]
2023-10-25 13:59:37.701 [info] > git show --textconv :dfs-backend/index.js [27ms]
2023-10-25 13:59:37.701 [info] > git ls-files --stage -- /home/devilunraveled/Projects/DUAManager/dfs-backend/index.js [13ms]
2023-10-25 13:59:37.784 [info] > git cat-file -s bc98a4c3bb93417c6b1885a8ce8782985f08a33d [70ms]
2023-10-25 14:00:06.196 [info] > git check-ignore -v -z --stdin [2ms]
2023-10-25 14:00:23.684 [info] > git show --textconv :dfs-backend/db.js [14ms]
2023-10-25 14:00:23.688 [info] > git ls-files --stage -- /home/devilunraveled/Projects/DUAManager/dfs-backend/db.js [5ms]
2023-10-25 14:00:23.705 [info] > git cat-file -s 1fab47f1081332fa28aed126c05d9bf6927de1a4 [2ms]
2023-10-25 14:09:52.649 [info] > git show --textconv :dfs-backend/docs.md [33ms]
2023-10-25 14:09:52.656 [info] > git ls-files --stage -- /home/devilunraveled/Projects/DUAManager/dfs-backend/docs.md [9ms]
2023-10-25 14:09:52.724 [info] > git cat-file -s bb9c2ae93db9f02647ddbd8d5a978321f4692bce [54ms]
2023-10-25 14:29:24.399 [info] > git show --textconv :dfs-backend/dfsdata_latest_dump_Tables.sql [16ms]
2023-10-25 14:29:24.460 [info] > git ls-files --stage -- /home/devilunraveled/Projects/DUAManager/dfs-backend/dfsdata_latest_dump_Tables.sql [62ms]
2023-10-25 14:29:24.476 [info] > git cat-file -s 31d023e019676fa88bcd63e14e69c33b9cd88c20 [3ms]
2023-10-25 14:34:29.284 [info] > git config --get commit.template [16ms]
2023-10-25 14:34:29.285 [info] > git for-each-ref --format=%(refname)%00%(upstream:short)%00%(objectname)%00%(upstream:track)%00%(upstream:remotename)%00%(upstream:remoteref) refs/heads/main refs/remotes/main [3ms]
2023-10-25 14:34:29.312 [info] > git status -z -uall [14ms]
2023-10-25 14:34:55.431 [info] > git config --get commit.template [11ms]
2023-10-25 14:34:55.432 [info] > git for-each-ref --format=%(refname)%00%(upstream:short)%00%(objectname)%00%(upstream:track)%00%(upstream:remotename)%00%(upstream:remoteref) refs/heads/main refs/remotes/main [2ms]
2023-10-25 14:34:55.455 [info] > git status -z -uall [12ms]
2023-10-25 14:36:15.265 [info] > git config --get commit.template [19ms]
2023-10-25 14:36:15.266 [info] > git for-each-ref --format=%(refname)%00%(upstream:short)%00%(objectname)%00%(upstream:track)%00%(upstream:remotename)%00%(upstream:remoteref) refs/heads/main refs/remotes/main [2ms]
2023-10-25 14:36:15.294 [info] > git status -z -uall [11ms]
2023-10-25 14:37:14.536 [info] > git check-ignore -v -z --stdin [2ms]
2023-10-25 14:37:21.618 [info] > git check-ignore -v -z --stdin [8ms]
2023-10-25 14:38:02.140 [info] > git check-ignore -v -z --stdin [2ms]
2023-10-25 14:40:01.282 [info] > git config --get commit.template [17ms]
2023-10-25 14:40:01.296 [info] > git for-each-ref --format=%(refname)%00%(upstream:short)%00%(objectname)%00%(upstream:track)%00%(upstream:remotename)%00%(upstream:remoteref) refs/heads/main refs/remotes/main [16ms]
2023-10-25 14:40:01.310 [info] > git ls-files --stage -- /home/devilunraveled/Projects/DUAManager/dfs-backend/dfsdata_latest_dump_Tables.sql [14ms]
2023-10-25 14:40:01.320 [info] > git status -z -uall [10ms]
2023-10-25 14:40:01.324 [info] > git cat-file -s 31d023e019676fa88bcd63e14e69c33b9cd88c20 [5ms]
2023-10-25 14:40:01.342 [info] > git show --textconv :dfs-backend/dfsdata_latest_dump_Tables.sql [2ms]
2023-10-25 14:40:14.579 [info] > git config --get commit.template [19ms]
2023-10-25 14:40:14.580 [info] > git for-each-ref --format=%(refname)%00%(upstream:short)%00%(objectname)%00%(upstream:track)%00%(upstream:remotename)%00%(upstream:remoteref) refs/heads/main refs/remotes/main [3ms]
2023-10-25 14:40:14.604 [info] > git status -z -uall [12ms]
2023-10-25 14:40:28.098 [info] > git for-each-ref --format=%(refname)%00%(upstream:short)%00%(objectname)%00%(upstream:track)%00%(upstream:remotename)%00%(upstream:remoteref) refs/heads/main refs/remotes/main [24ms]
2023-10-25 14:40:28.098 [info] > git config --get commit.template [44ms]
2023-10-25 14:40:28.127 [info] > git status -z -uall [12ms]
2023-10-25 14:41:02.248 [info] > git config --get commit.template [16ms]
2023-10-25 14:41:02.249 [info] > git for-each-ref --format=%(refname)%00%(upstream:short)%00%(objectname)%00%(upstream:track)%00%(upstream:remotename)%00%(upstream:remoteref) refs/heads/main refs/remotes/main [2ms]
2023-10-25 14:41:02.274 [info] > git status -z -uall [13ms]
2023-10-25 14:41:18.963 [info] > git config --get commit.template [17ms]
2023-10-25 14:41:18.964 [info] > git for-each-ref --format=%(refname)%00%(upstream:short)%00%(objectname)%00%(upstream:track)%00%(upstream:remotename)%00%(upstream:remoteref) refs/heads/main refs/remotes/main [2ms]
2023-10-25 14:41:18.999 [info] > git status -z -uall [19ms]
2023-10-25 14:41:51.495 [info] > git check-ignore -v -z --stdin [3ms]
2023-10-25 14:41:55.001 [info] > git check-ignore -v -z --stdin [2ms]
2023-10-25 14:44:24.275 [info] > git config --get commit.template [22ms]
2023-10-25 14:44:24.294 [info] > git for-each-ref --format=%(refname)%00%(upstream:short)%00%(objectname)%00%(upstream:track)%00%(upstream:remotename)%00%(upstream:remoteref) refs/heads/main refs/remotes/main [21ms]
2023-10-25 14:44:24.311 [info] > git ls-files --stage -- /home/devilunraveled/Projects/DUAManager/dfs-backend/dfsdata_latest_dump_Tables.sql [18ms]
2023-10-25 14:44:24.326 [info] > git status -z -uall [16ms]
2023-10-25 14:44:24.328 [info] > git cat-file -s 8d64e104401ad1268174a097b9d105b15537b1a9 [2ms]
2023-10-25 14:44:24.350 [info] > git show --textconv :dfs-backend/dfsdata_latest_dump_Tables.sql [2ms]
2023-10-25 14:44:53.966 [info] > git config --get commit.template [23ms]
2023-10-25 14:44:53.968 [info] > git for-each-ref --format=%(refname)%00%(upstream:short)%00%(objectname)%00%(upstream:track)%00%(upstream:remotename)%00%(upstream:remoteref) refs/heads/main refs/remotes/main [3ms]
2023-10-25 14:44:53.985 [info] > git status -z -uall [3ms]
2023-10-25 14:47:42.698 [info] > git check-ignore -v -z --stdin [2ms]
2023-10-25 14:49:25.110 [info] > git config --get commit.template [16ms]
2023-10-25 14:49:25.125 [info] > git ls-files --stage -- /home/devilunraveled/Projects/DUAManager/dfs-backend/dfsdata_latest_dump_Tables.sql [16ms]
2023-10-25 14:49:25.141 [info] > git for-each-ref --format=%(refname)%00%(upstream:short)%00%(objectname)%00%(upstream:track)%00%(upstream:remotename)%00%(upstream:remoteref) refs/heads/main refs/remotes/main [17ms]
2023-10-25 14:49:25.155 [info] > git cat-file -s 8d64e104401ad1268174a097b9d105b15537b1a9 [15ms]
2023-10-25 14:49:25.159 [info] > git status -z -uall [4ms]
2023-10-25 14:49:25.176 [info] > git show --textconv :dfs-backend/dfsdata_latest_dump_Tables.sql [2ms]
2023-10-25 14:52:08.187 [info] > git config --get commit.template [16ms]
2023-10-25 14:52:08.188 [info] > git for-each-ref --format=%(refname)%00%(upstream:short)%00%(objectname)%00%(upstream:track)%00%(upstream:remotename)%00%(upstream:remoteref) refs/heads/main refs/remotes/main [2ms]
2023-10-25 14:52:08.203 [info] > git status -z -uall [4ms]
2023-10-25 14:52:13.229 [info] > git config --get commit.template [11ms]
2023-10-25 14:52:13.230 [info] > git for-each-ref --format=%(refname)%00%(upstream:short)%00%(objectname)%00%(upstream:track)%00%(upstream:remotename)%00%(upstream:remoteref) refs/heads/main refs/remotes/main [1ms]
2023-10-25 14:52:13.245 [info] > git status -z -uall [4ms]
2023-10-25 14:55:00.229 [info] > git config --get commit.template [13ms]
2023-10-25 14:55:00.230 [info] > git for-each-ref --format=%(refname)%00%(upstream:short)%00%(objectname)%00%(upstream:track)%00%(upstream:remotename)%00%(upstream:remoteref) refs/heads/main refs/remotes/main [2ms]
2023-10-25 14:55:00.247 [info] > git status -z -uall [5ms]
2023-10-25 15:02:29.929 [info] > git show --textconv :dfs-backend/db.js [38ms]
2023-10-25 15:02:29.929 [info] > git ls-files --stage -- /home/devilunraveled/Projects/DUAManager/dfs-backend/db.js [16ms]
2023-10-25 15:02:29.984 [info] > git cat-file -s 1fab47f1081332fa28aed126c05d9bf6927de1a4 [43ms]
2023-10-25 15:03:36.888 [info] > git show --textconv :dfs-backend/.env [16ms]
2023-10-25 15:03:36.889 [info] > git ls-files --stage -- /home/devilunraveled/Projects/DUAManager/dfs-backend/.env [2ms]
2023-10-25 15:03:37.097 [info] > git check-ignore -v -z --stdin [2ms]
2023-10-25 15:03:37.686 [info] > git config --get commit.template [13ms]
2023-10-25 15:03:37.687 [info] > git for-each-ref --format=%(refname)%00%(upstream:short)%00%(objectname)%00%(upstream:track)%00%(upstream:remotename)%00%(upstream:remoteref) refs/heads/main refs/remotes/main [2ms]
2023-10-25 15:03:37.704 [info] > git status -z -uall [6ms]
2023-10-25 15:05:16.137 [info] > git config --get commit.template [14ms]
2023-10-25 15:05:16.138 [info] > git for-each-ref --format=%(refname)%00%(upstream:short)%00%(objectname)%00%(upstream:track)%00%(upstream:remotename)%00%(upstream:remoteref) refs/heads/main refs/remotes/main [2ms]
2023-10-25 15:05:16.156 [info] > git status -z -uall [5ms]
2023-10-25 15:06:43.176 [info] > git config --get commit.template [14ms]
2023-10-25 15:06:43.188 [info] > git for-each-ref --format=%(refname)%00%(upstream:short)%00%(objectname)%00%(upstream:track)%00%(upstream:remotename)%00%(upstream:remoteref) refs/heads/main refs/remotes/main [14ms]
2023-10-25 15:06:43.200 [info] > git ls-files --stage -- /home/devilunraveled/Projects/DUAManager/dfs-backend/.env [12ms]
2023-10-25 15:06:43.216 [info] > git status -z -uall [16ms]
2023-10-25 15:06:43.218 [info] > git show --textconv :dfs-backend/.env [3ms]
2023-10-25 15:06:48.488 [info] > git config --get commit.template [13ms]
2023-10-25 15:06:48.489 [info] > git for-each-ref --format=%(refname)%00%(upstream:short)%00%(objectname)%00%(upstream:track)%00%(upstream:remotename)%00%(upstream:remoteref) refs/heads/main refs/remotes/main [2ms]
2023-10-25 15:06:48.511 [info] > git status -z -uall [7ms]
