2024-05-08 12:52:15.861 [info] Extension host with pid 9296 started
2024-05-08 12:52:15.861 [info] Skipping acquiring lock for /home/devilunraveled/.config/Code/User/workspaceStorage/02d7c141031c21a2770221e808c3f42f.
2024-05-08 12:52:15.955 [info] ExtensionService#_doActivateExtension vscode.git-base, startup: true, activationEvent: '*'
2024-05-08 12:52:15.960 [info] ExtensionService#_doActivateExtension formulahendry.auto-close-tag, startup: true, activationEvent: '*'
2024-05-08 12:52:15.962 [info] ExtensionService#_doActivateExtension formulahendry.auto-rename-tag, startup: true, activationEvent: '*'
2024-05-08 12:52:15.995 [info] ExtensionService#_doActivateExtension vscode.github, startup: true, activationEvent: '*'
2024-05-08 12:52:16.077 [info] ExtensionService#_doActivateExtension vscode.github-authentication, startup: false, activationEvent: 'onAuthenticationRequest:github'
2024-05-08 12:52:16.144 [info] Eager extensions activated
2024-05-08 12:52:16.156 [info] ExtensionService#_doActivateExtension vscode.debug-auto-launch, startup: false, activationEvent: 'onStartupFinished'
2024-05-08 12:52:16.158 [info] ExtensionService#_doActivateExtension vscode.merge-conflict, startup: false, activationEvent: 'onStartupFinished'
2024-05-08 12:52:16.173 [info] ExtensionService#_doActivateExtension alefragnani.Bookmarks, startup: false, activationEvent: 'onStartupFinished'
2024-05-08 12:52:16.184 [info] ExtensionService#_doActivateExtension alefragnani.project-manager, startup: false, activationEvent: 'onStartupFinished'
2024-05-08 12:52:16.197 [info] ExtensionService#_doActivateExtension dsznajder.es7-react-js-snippets, startup: false, activationEvent: 'onStartupFinished'
2024-05-08 12:52:16.543 [info] ExtensionService#_doActivateExtension eamodio.gitlens, startup: false, activationEvent: 'onStartupFinished'
2024-05-08 12:52:16.634 [info] ExtensionService#_doActivateExtension esbenp.prettier-vscode, startup: false, activationEvent: 'onStartupFinished'
2024-05-08 12:52:16.691 [info] ExtensionService#_doActivateExtension ms-vscode-remote.remote-containers, startup: false, activationEvent: 'onStartupFinished'
2024-05-08 12:52:16.753 [info] ExtensionService#_doActivateExtension vscode-icons-team.vscode-icons, startup: false, activationEvent: 'onStartupFinished'
2024-05-08 12:52:16.794 [info] ExtensionService#_doActivateExtension vscodevim.vim, startup: false, activationEvent: 'onStartupFinished'
2024-05-08 12:52:17.011 [info] ExtensionService#_doActivateExtension vscode.microsoft-authentication, startup: false, activationEvent: 'onAuthenticationRequest:microsoft'
2024-05-08 12:52:19.435 [info] ExtensionService#_doActivateExtension vscode.git, startup: false, activationEvent: 'api', root cause: vscode.github
2024-05-08 12:52:19.518 [info] ExtensionService#_doActivateExtension aaron-bond.better-comments, startup: false, activationEvent: 'onStartupFinished'
2024-05-08 12:52:19.523 [info] ExtensionService#_doActivateExtension Codeium.codeium, startup: false, activationEvent: 'onStartupFinished'
2024-05-08 12:52:19.738 [info] ExtensionService#_doActivateExtension dbaeumer.vscode-eslint, startup: false, activationEvent: 'onStartupFinished'
2024-05-08 12:52:19.760 [info] ExtensionService#_doActivateExtension formulahendry.code-runner, startup: false, activationEvent: 'onStartupFinished'
2024-05-08 12:52:19.786 [info] ExtensionService#_doActivateExtension streetsidesoftware.code-spell-checker, startup: false, activationEvent: 'onStartupFinished'
2024-05-08 12:52:19.865 [info] ExtensionService#_doActivateExtension wayou.vscode-todo-highlight, startup: false, activationEvent: '*'
2024-05-08 12:52:32.201 [info] ExtensionService#_doActivateExtension vscode.emmet, startup: false, activationEvent: 'onLanguage'
2024-05-08 12:52:32.299 [info] ExtensionService#_doActivateExtension mongodb.mongodb-vscode, startup: false, activationEvent: 'onLanguage:plaintext'
2024-05-08 12:52:37.688 [warning] TextEditor is closed/disposed
2024-05-08 12:52:53.136 [info] Extension host terminating: renderer closed the MessagePort
2024-05-08 12:52:53.197 [warning] Canceled
2024-05-08 12:52:53.200 [error] Canceled: Canceled
    at new O (/var/lib/snapd/snap/code/158/usr/share/code/resources/app/out/vs/workbench/api/node/extensionHostProcess.js:143:47131)
    at c.U (/var/lib/snapd/snap/code/158/usr/share/code/resources/app/out/vs/workbench/api/node/extensionHostProcess.js:150:5542)
    at Proxy.F.<computed>.z.charCodeAt.F.<computed> (/var/lib/snapd/snap/code/158/usr/share/code/resources/app/out/vs/workbench/api/node/extensionHostProcess.js:150:2993)
    at r.g (/var/lib/snapd/snap/code/158/usr/share/code/resources/app/out/vs/workbench/api/node/extensionHostProcess.js:153:188926)
    at r.executeCommand (/var/lib/snapd/snap/code/158/usr/share/code/resources/app/out/vs/workbench/api/node/extensionHostProcess.js:153:188364)
    at k.registerCommand.description (/var/lib/snapd/snap/code/158/usr/share/code/resources/app/out/vs/workbench/api/node/extensionHostProcess.js:153:187688)
    at r.h (/var/lib/snapd/snap/code/158/usr/share/code/resources/app/out/vs/workbench/api/node/extensionHostProcess.js:153:189465)
    at r.g (/var/lib/snapd/snap/code/158/usr/share/code/resources/app/out/vs/workbench/api/node/extensionHostProcess.js:153:188457)
    at r.executeCommand (/var/lib/snapd/snap/code/158/usr/share/code/resources/app/out/vs/workbench/api/node/extensionHostProcess.js:153:188364)
    at Object.executeCommand (/var/lib/snapd/snap/code/158/usr/share/code/resources/app/out/vs/workbench/api/node/extensionHostProcess.js:163:22673)
    at a.O [as value] (/var/lib/snapd/snap/code/158/usr/share/code/resources/app/extensions/git/dist/main.js:2:945138)
    at o.y (/var/lib/snapd/snap/code/158/usr/share/code/resources/app/out/vs/workbench/api/node/extensionHostProcess.js:82:660)
    at o.z (/var/lib/snapd/snap/code/158/usr/share/code/resources/app/out/vs/workbench/api/node/extensionHostProcess.js:82:730)
    at o.fire (/var/lib/snapd/snap/code/158/usr/share/code/resources/app/out/vs/workbench/api/node/extensionHostProcess.js:82:946)
    at Object.p [as dispose] (/var/lib/snapd/snap/code/158/usr/share/code/resources/app/extensions/git/dist/main.js:2:964222)
    at /var/lib/snapd/snap/code/158/usr/share/code/resources/app/extensions/git/dist/main.js:2:970260
    at Array.forEach (<anonymous>)
    at f.dispose (/var/lib/snapd/snap/code/158/usr/share/code/resources/app/extensions/git/dist/main.js:2:970246)
    at h.<anonymous> (/var/lib/snapd/snap/code/158/usr/share/code/resources/app/out/vs/workbench/api/node/extensionHostProcess.js:151:3955)
    at h.dispose (/var/lib/snapd/snap/code/158/usr/share/code/resources/app/out/vs/workbench/api/node/extensionHostProcess.js:151:4052)
    at h.<anonymous> (/var/lib/snapd/snap/code/158/usr/share/code/resources/app/extensions/git/dist/main.js:2:947395)
    at h.dispose (/var/lib/snapd/snap/code/158/usr/share/code/resources/app/out/vs/workbench/api/node/extensionHostProcess.js:151:4052)
    at a (/var/lib/snapd/snap/code/158/usr/share/code/resources/app/out/vs/workbench/api/node/extensionHostProcess.js:30:744)
    at f.eb (/var/lib/snapd/snap/code/158/usr/share/code/resources/app/out/vs/workbench/api/node/extensionHostProcess.js:159:9975)
    at /var/lib/snapd/snap/code/158/usr/share/code/resources/app/out/vs/workbench/api/node/extensionHostProcess.js:159:7824
    at Array.map (<anonymous>)
    at f.$ (/var/lib/snapd/snap/code/158/usr/share/code/resources/app/out/vs/workbench/api/node/extensionHostProcess.js:159:7811)
    at f.terminate (/var/lib/snapd/snap/code/158/usr/share/code/resources/app/out/vs/workbench/api/node/extensionHostProcess.js:159:8085)
    at a.terminate (/var/lib/snapd/snap/code/158/usr/share/code/resources/app/out/vs/workbench/api/node/extensionHostProcess.js:163:1513)
    at t (/var/lib/snapd/snap/code/158/usr/share/code/resources/app/out/vs/workbench/api/node/extensionHostProcess.js:176:9922)
    at MessagePortMain.<anonymous> (/var/lib/snapd/snap/code/158/usr/share/code/resources/app/out/vs/workbench/api/node/extensionHostProcess.js:176:6347)
    at MessagePortMain.emit (node:events:517:28)
    at MessagePortMain.emit (node:domain:489:12)
    at Object.MessagePortMain._internalPort.emit (node:electron/js2c/utility_init:2:2285) setContext undefined
2024-05-08 12:52:53.201 [error] Canceled: Canceled
    at new O (/var/lib/snapd/snap/code/158/usr/share/code/resources/app/out/vs/workbench/api/node/extensionHostProcess.js:143:47131)
    at c.U (/var/lib/snapd/snap/code/158/usr/share/code/resources/app/out/vs/workbench/api/node/extensionHostProcess.js:150:5542)
    at Proxy.F.<computed>.z.charCodeAt.F.<computed> (/var/lib/snapd/snap/code/158/usr/share/code/resources/app/out/vs/workbench/api/node/extensionHostProcess.js:150:2993)
    at r.g (/var/lib/snapd/snap/code/158/usr/share/code/resources/app/out/vs/workbench/api/node/extensionHostProcess.js:153:188926)
    at r.executeCommand (/var/lib/snapd/snap/code/158/usr/share/code/resources/app/out/vs/workbench/api/node/extensionHostProcess.js:153:188364)
    at k.registerCommand.description (/var/lib/snapd/snap/code/158/usr/share/code/resources/app/out/vs/workbench/api/node/extensionHostProcess.js:153:187688)
    at r.h (/var/lib/snapd/snap/code/158/usr/share/code/resources/app/out/vs/workbench/api/node/extensionHostProcess.js:153:189465)
    at r.g (/var/lib/snapd/snap/code/158/usr/share/code/resources/app/out/vs/workbench/api/node/extensionHostProcess.js:153:188457)
    at r.executeCommand (/var/lib/snapd/snap/code/158/usr/share/code/resources/app/out/vs/workbench/api/node/extensionHostProcess.js:153:188364)
    at Object.executeCommand (/var/lib/snapd/snap/code/158/usr/share/code/resources/app/out/vs/workbench/api/node/extensionHostProcess.js:163:22673)
    at a.O [as value] (/var/lib/snapd/snap/code/158/usr/share/code/resources/app/extensions/git/dist/main.js:2:945138)
    at o.y (/var/lib/snapd/snap/code/158/usr/share/code/resources/app/out/vs/workbench/api/node/extensionHostProcess.js:82:660)
    at o.z (/var/lib/snapd/snap/code/158/usr/share/code/resources/app/out/vs/workbench/api/node/extensionHostProcess.js:82:730)
    at o.fire (/var/lib/snapd/snap/code/158/usr/share/code/resources/app/out/vs/workbench/api/node/extensionHostProcess.js:82:946)
    at Object.p [as dispose] (/var/lib/snapd/snap/code/158/usr/share/code/resources/app/extensions/git/dist/main.js:2:964222)
    at /var/lib/snapd/snap/code/158/usr/share/code/resources/app/extensions/git/dist/main.js:2:970260
    at Array.forEach (<anonymous>)
    at f.dispose (/var/lib/snapd/snap/code/158/usr/share/code/resources/app/extensions/git/dist/main.js:2:970246)
    at h.<anonymous> (/var/lib/snapd/snap/code/158/usr/share/code/resources/app/out/vs/workbench/api/node/extensionHostProcess.js:151:3955)
    at h.dispose (/var/lib/snapd/snap/code/158/usr/share/code/resources/app/out/vs/workbench/api/node/extensionHostProcess.js:151:4052)
    at h.<anonymous> (/var/lib/snapd/snap/code/158/usr/share/code/resources/app/extensions/git/dist/main.js:2:947395)
    at h.dispose (/var/lib/snapd/snap/code/158/usr/share/code/resources/app/out/vs/workbench/api/node/extensionHostProcess.js:151:4052)
    at a (/var/lib/snapd/snap/code/158/usr/share/code/resources/app/out/vs/workbench/api/node/extensionHostProcess.js:30:744)
    at f.eb (/var/lib/snapd/snap/code/158/usr/share/code/resources/app/out/vs/workbench/api/node/extensionHostProcess.js:159:9975)
    at /var/lib/snapd/snap/code/158/usr/share/code/resources/app/out/vs/workbench/api/node/extensionHostProcess.js:159:7824
    at Array.map (<anonymous>)
    at f.$ (/var/lib/snapd/snap/code/158/usr/share/code/resources/app/out/vs/workbench/api/node/extensionHostProcess.js:159:7811)
    at f.terminate (/var/lib/snapd/snap/code/158/usr/share/code/resources/app/out/vs/workbench/api/node/extensionHostProcess.js:159:8085)
    at a.terminate (/var/lib/snapd/snap/code/158/usr/share/code/resources/app/out/vs/workbench/api/node/extensionHostProcess.js:163:1513)
    at t (/var/lib/snapd/snap/code/158/usr/share/code/resources/app/out/vs/workbench/api/node/extensionHostProcess.js:176:9922)
    at MessagePortMain.<anonymous> (/var/lib/snapd/snap/code/158/usr/share/code/resources/app/out/vs/workbench/api/node/extensionHostProcess.js:176:6347)
    at MessagePortMain.emit (node:events:517:28)
    at MessagePortMain.emit (node:domain:489:12)
    at Object.MessagePortMain._internalPort.emit (node:electron/js2c/utility_init:2:2285) setContext undefined
2024-05-08 12:52:53.203 [error] Canceled: Canceled
    at new O (/var/lib/snapd/snap/code/158/usr/share/code/resources/app/out/vs/workbench/api/node/extensionHostProcess.js:143:47131)
    at c.U (/var/lib/snapd/snap/code/158/usr/share/code/resources/app/out/vs/workbench/api/node/extensionHostProcess.js:150:5542)
    at Proxy.F.<computed>.z.charCodeAt.F.<computed> (/var/lib/snapd/snap/code/158/usr/share/code/resources/app/out/vs/workbench/api/node/extensionHostProcess.js:150:2993)
    at r.g (/var/lib/snapd/snap/code/158/usr/share/code/resources/app/out/vs/workbench/api/node/extensionHostProcess.js:153:188926)
    at r.executeCommand (/var/lib/snapd/snap/code/158/usr/share/code/resources/app/out/vs/workbench/api/node/extensionHostProcess.js:153:188364)
    at k.registerCommand.description (/var/lib/snapd/snap/code/158/usr/share/code/resources/app/out/vs/workbench/api/node/extensionHostProcess.js:153:187688)
    at r.h (/var/lib/snapd/snap/code/158/usr/share/code/resources/app/out/vs/workbench/api/node/extensionHostProcess.js:153:189465)
    at r.g (/var/lib/snapd/snap/code/158/usr/share/code/resources/app/out/vs/workbench/api/node/extensionHostProcess.js:153:188457)
    at r.executeCommand (/var/lib/snapd/snap/code/158/usr/share/code/resources/app/out/vs/workbench/api/node/extensionHostProcess.js:153:188364)
    at Object.executeCommand (/var/lib/snapd/snap/code/158/usr/share/code/resources/app/out/vs/workbench/api/node/extensionHostProcess.js:163:22673)
    at a.VscodeDevShareProvider.set hasGitHubRepositories [as hasGitHubRepositories] (/var/lib/snapd/snap/code/158/usr/share/code/resources/app/extensions/github/dist/extension.js:2:322969)
    at /var/lib/snapd/snap/code/158/usr/share/code/resources/app/extensions/github/dist/extension.js:2:323928
    at a.value (/var/lib/snapd/snap/code/158/usr/share/code/resources/app/extensions/git/dist/main.js:2:1050711)
    at o.y (/var/lib/snapd/snap/code/158/usr/share/code/resources/app/out/vs/workbench/api/node/extensionHostProcess.js:82:660)
    at o.z (/var/lib/snapd/snap/code/158/usr/share/code/resources/app/out/vs/workbench/api/node/extensionHostProcess.js:82:730)
    at o.fire (/var/lib/snapd/snap/code/158/usr/share/code/resources/app/out/vs/workbench/api/node/extensionHostProcess.js:82:946)
    at Object.p [as dispose] (/var/lib/snapd/snap/code/158/usr/share/code/resources/app/extensions/git/dist/main.js:2:964222)
    at /var/lib/snapd/snap/code/158/usr/share/code/resources/app/extensions/git/dist/main.js:2:970260
    at Array.forEach (<anonymous>)
    at f.dispose (/var/lib/snapd/snap/code/158/usr/share/code/resources/app/extensions/git/dist/main.js:2:970246)
    at h.<anonymous> (/var/lib/snapd/snap/code/158/usr/share/code/resources/app/out/vs/workbench/api/node/extensionHostProcess.js:151:3955)
    at h.dispose (/var/lib/snapd/snap/code/158/usr/share/code/resources/app/out/vs/workbench/api/node/extensionHostProcess.js:151:4052)
    at h.<anonymous> (/var/lib/snapd/snap/code/158/usr/share/code/resources/app/extensions/git/dist/main.js:2:947395)
    at h.dispose (/var/lib/snapd/snap/code/158/usr/share/code/resources/app/out/vs/workbench/api/node/extensionHostProcess.js:151:4052)
    at a (/var/lib/snapd/snap/code/158/usr/share/code/resources/app/out/vs/workbench/api/node/extensionHostProcess.js:30:744)
    at f.eb (/var/lib/snapd/snap/code/158/usr/share/code/resources/app/out/vs/workbench/api/node/extensionHostProcess.js:159:9975)
    at /var/lib/snapd/snap/code/158/usr/share/code/resources/app/out/vs/workbench/api/node/extensionHostProcess.js:159:7824
    at Array.map (<anonymous>)
    at f.$ (/var/lib/snapd/snap/code/158/usr/share/code/resources/app/out/vs/workbench/api/node/extensionHostProcess.js:159:7811)
    at f.terminate (/var/lib/snapd/snap/code/158/usr/share/code/resources/app/out/vs/workbench/api/node/extensionHostProcess.js:159:8085)
    at a.terminate (/var/lib/snapd/snap/code/158/usr/share/code/resources/app/out/vs/workbench/api/node/extensionHostProcess.js:163:1513)
    at t (/var/lib/snapd/snap/code/158/usr/share/code/resources/app/out/vs/workbench/api/node/extensionHostProcess.js:176:9922)
    at MessagePortMain.<anonymous> (/var/lib/snapd/snap/code/158/usr/share/code/resources/app/out/vs/workbench/api/node/extensionHostProcess.js:176:6347)
    at MessagePortMain.emit (node:events:517:28)
    at MessagePortMain.emit (node:domain:489:12)
    at Object.MessagePortMain._internalPort.emit (node:electron/js2c/utility_init:2:2285) setContext undefined
2024-05-08 12:52:53.203 [error] Canceled: Canceled
    at new O (/var/lib/snapd/snap/code/158/usr/share/code/resources/app/out/vs/workbench/api/node/extensionHostProcess.js:143:47131)
    at c.U (/var/lib/snapd/snap/code/158/usr/share/code/resources/app/out/vs/workbench/api/node/extensionHostProcess.js:150:5542)
    at Proxy.F.<computed>.z.charCodeAt.F.<computed> (/var/lib/snapd/snap/code/158/usr/share/code/resources/app/out/vs/workbench/api/node/extensionHostProcess.js:150:2993)
    at r.g (/var/lib/snapd/snap/code/158/usr/share/code/resources/app/out/vs/workbench/api/node/extensionHostProcess.js:153:188926)
    at r.executeCommand (/var/lib/snapd/snap/code/158/usr/share/code/resources/app/out/vs/workbench/api/node/extensionHostProcess.js:153:188364)
    at k.registerCommand.description (/var/lib/snapd/snap/code/158/usr/share/code/resources/app/out/vs/workbench/api/node/extensionHostProcess.js:153:187688)
    at r.h (/var/lib/snapd/snap/code/158/usr/share/code/resources/app/out/vs/workbench/api/node/extensionHostProcess.js:153:189465)
    at r.g (/var/lib/snapd/snap/code/158/usr/share/code/resources/app/out/vs/workbench/api/node/extensionHostProcess.js:153:188457)
    at r.executeCommand (/var/lib/snapd/snap/code/158/usr/share/code/resources/app/out/vs/workbench/api/node/extensionHostProcess.js:153:188364)
    at Object.executeCommand (/var/lib/snapd/snap/code/158/usr/share/code/resources/app/out/vs/workbench/api/node/extensionHostProcess.js:163:22673)
    at w (/home/devilunraveled/.vscode/extensions/eamodio.gitlens-14.4.0/dist/gitlens.js:1:1065334)
    at l (/home/devilunraveled/.vscode/extensions/eamodio.gitlens-14.4.0/dist/gitlens.js:1:1069962)
    at ActionRunners._updateContextKeys (/home/devilunraveled/.vscode/extensions/eamodio.gitlens-14.4.0/dist/gitlens.js:1:38884)
    at s (/home/devilunraveled/.vscode/extensions/eamodio.gitlens-14.4.0/dist/gitlens.js:1:37303)
    at RegisteredActionRunner.unregister (/home/devilunraveled/.vscode/extensions/eamodio.gitlens-14.4.0/dist/gitlens.js:1:37447)
    at RegisteredActionRunner.dispose (/home/devilunraveled/.vscode/extensions/eamodio.gitlens-14.4.0/dist/gitlens.js:1:36110)
    at ActionRunners.dispose (/home/devilunraveled/.vscode/extensions/eamodio.gitlens-14.4.0/dist/gitlens.js:1:36889)
    at /home/devilunraveled/.vscode/extensions/eamodio.gitlens-14.4.0/dist/gitlens.js:1:763849
    at Array.forEach (<anonymous>)
    at Object.dispose (/home/devilunraveled/.vscode/extensions/eamodio.gitlens-14.4.0/dist/gitlens.js:1:763834)
    at a (/var/lib/snapd/snap/code/158/usr/share/code/resources/app/out/vs/workbench/api/node/extensionHostProcess.js:30:744)
    at f.eb (/var/lib/snapd/snap/code/158/usr/share/code/resources/app/out/vs/workbench/api/node/extensionHostProcess.js:159:9975)
    at /var/lib/snapd/snap/code/158/usr/share/code/resources/app/out/vs/workbench/api/node/extensionHostProcess.js:159:7824
    at Array.map (<anonymous>)
    at f.$ (/var/lib/snapd/snap/code/158/usr/share/code/resources/app/out/vs/workbench/api/node/extensionHostProcess.js:159:7811)
    at f.terminate (/var/lib/snapd/snap/code/158/usr/share/code/resources/app/out/vs/workbench/api/node/extensionHostProcess.js:159:8085)
    at a.terminate (/var/lib/snapd/snap/code/158/usr/share/code/resources/app/out/vs/workbench/api/node/extensionHostProcess.js:163:1513)
    at t (/var/lib/snapd/snap/code/158/usr/share/code/resources/app/out/vs/workbench/api/node/extensionHostProcess.js:176:9922)
    at MessagePortMain.<anonymous> (/var/lib/snapd/snap/code/158/usr/share/code/resources/app/out/vs/workbench/api/node/extensionHostProcess.js:176:6347)
    at MessagePortMain.emit (node:events:517:28)
    at MessagePortMain.emit (node:domain:489:12)
    at Object.MessagePortMain._internalPort.emit (node:electron/js2c/utility_init:2:2285) setContext undefined
2024-05-08 12:52:53.203 [error] Canceled: Canceled
    at new O (/var/lib/snapd/snap/code/158/usr/share/code/resources/app/out/vs/workbench/api/node/extensionHostProcess.js:143:47131)
    at c.U (/var/lib/snapd/snap/code/158/usr/share/code/resources/app/out/vs/workbench/api/node/extensionHostProcess.js:150:5542)
    at Proxy.F.<computed>.z.charCodeAt.F.<computed> (/var/lib/snapd/snap/code/158/usr/share/code/resources/app/out/vs/workbench/api/node/extensionHostProcess.js:150:2993)
    at r.g (/var/lib/snapd/snap/code/158/usr/share/code/resources/app/out/vs/workbench/api/node/extensionHostProcess.js:153:188926)
    at r.executeCommand (/var/lib/snapd/snap/code/158/usr/share/code/resources/app/out/vs/workbench/api/node/extensionHostProcess.js:153:188364)
    at k.registerCommand.description (/var/lib/snapd/snap/code/158/usr/share/code/resources/app/out/vs/workbench/api/node/extensionHostProcess.js:153:187688)
    at r.h (/var/lib/snapd/snap/code/158/usr/share/code/resources/app/out/vs/workbench/api/node/extensionHostProcess.js:153:189465)
    at r.g (/var/lib/snapd/snap/code/158/usr/share/code/resources/app/out/vs/workbench/api/node/extensionHostProcess.js:153:188457)
    at r.executeCommand (/var/lib/snapd/snap/code/158/usr/share/code/resources/app/out/vs/workbench/api/node/extensionHostProcess.js:153:188364)
    at Object.executeCommand (/var/lib/snapd/snap/code/158/usr/share/code/resources/app/out/vs/workbench/api/node/extensionHostProcess.js:163:22673)
    at w (/home/devilunraveled/.vscode/extensions/eamodio.gitlens-14.4.0/dist/gitlens.js:1:1065334)
    at l (/home/devilunraveled/.vscode/extensions/eamodio.gitlens-14.4.0/dist/gitlens.js:1:1069962)
    at ActionRunners._updateContextKeys (/home/devilunraveled/.vscode/extensions/eamodio.gitlens-14.4.0/dist/gitlens.js:1:38884)
    at s (/home/devilunraveled/.vscode/extensions/eamodio.gitlens-14.4.0/dist/gitlens.js:1:37303)
    at RegisteredActionRunner.unregister (/home/devilunraveled/.vscode/extensions/eamodio.gitlens-14.4.0/dist/gitlens.js:1:37447)
    at RegisteredActionRunner.dispose (/home/devilunraveled/.vscode/extensions/eamodio.gitlens-14.4.0/dist/gitlens.js:1:36110)
    at ActionRunners.dispose (/home/devilunraveled/.vscode/extensions/eamodio.gitlens-14.4.0/dist/gitlens.js:1:36889)
    at /home/devilunraveled/.vscode/extensions/eamodio.gitlens-14.4.0/dist/gitlens.js:1:763849
    at Array.forEach (<anonymous>)
    at Object.dispose (/home/devilunraveled/.vscode/extensions/eamodio.gitlens-14.4.0/dist/gitlens.js:1:763834)
    at a (/var/lib/snapd/snap/code/158/usr/share/code/resources/app/out/vs/workbench/api/node/extensionHostProcess.js:30:744)
    at f.eb (/var/lib/snapd/snap/code/158/usr/share/code/resources/app/out/vs/workbench/api/node/extensionHostProcess.js:159:9975)
    at /var/lib/snapd/snap/code/158/usr/share/code/resources/app/out/vs/workbench/api/node/extensionHostProcess.js:159:7824
    at Array.map (<anonymous>)
    at f.$ (/var/lib/snapd/snap/code/158/usr/share/code/resources/app/out/vs/workbench/api/node/extensionHostProcess.js:159:7811)
    at f.terminate (/var/lib/snapd/snap/code/158/usr/share/code/resources/app/out/vs/workbench/api/node/extensionHostProcess.js:159:8085)
    at a.terminate (/var/lib/snapd/snap/code/158/usr/share/code/resources/app/out/vs/workbench/api/node/extensionHostProcess.js:163:1513)
    at t (/var/lib/snapd/snap/code/158/usr/share/code/resources/app/out/vs/workbench/api/node/extensionHostProcess.js:176:9922)
    at MessagePortMain.<anonymous> (/var/lib/snapd/snap/code/158/usr/share/code/resources/app/out/vs/workbench/api/node/extensionHostProcess.js:176:6347)
    at MessagePortMain.emit (node:events:517:28)
    at MessagePortMain.emit (node:domain:489:12)
    at Object.MessagePortMain._internalPort.emit (node:electron/js2c/utility_init:2:2285) setContext undefined
2024-05-08 12:52:53.204 [error] Canceled: Canceled
    at new O (/var/lib/snapd/snap/code/158/usr/share/code/resources/app/out/vs/workbench/api/node/extensionHostProcess.js:143:47131)
    at c.U (/var/lib/snapd/snap/code/158/usr/share/code/resources/app/out/vs/workbench/api/node/extensionHostProcess.js:150:5542)
    at Proxy.F.<computed>.z.charCodeAt.F.<computed> (/var/lib/snapd/snap/code/158/usr/share/code/resources/app/out/vs/workbench/api/node/extensionHostProcess.js:150:2993)
    at r.g (/var/lib/snapd/snap/code/158/usr/share/code/resources/app/out/vs/workbench/api/node/extensionHostProcess.js:153:188926)
    at r.executeCommand (/var/lib/snapd/snap/code/158/usr/share/code/resources/app/out/vs/workbench/api/node/extensionHostProcess.js:153:188364)
    at k.registerCommand.description (/var/lib/snapd/snap/code/158/usr/share/code/resources/app/out/vs/workbench/api/node/extensionHostProcess.js:153:187688)
    at r.h (/var/lib/snapd/snap/code/158/usr/share/code/resources/app/out/vs/workbench/api/node/extensionHostProcess.js:153:189465)
    at r.g (/var/lib/snapd/snap/code/158/usr/share/code/resources/app/out/vs/workbench/api/node/extensionHostProcess.js:153:188457)
    at r.executeCommand (/var/lib/snapd/snap/code/158/usr/share/code/resources/app/out/vs/workbench/api/node/extensionHostProcess.js:153:188364)
    at Object.executeCommand (/var/lib/snapd/snap/code/158/usr/share/code/resources/app/out/vs/workbench/api/node/extensionHostProcess.js:163:22673)
    at w (/home/devilunraveled/.vscode/extensions/eamodio.gitlens-14.4.0/dist/gitlens.js:1:1065334)
    at l (/home/devilunraveled/.vscode/extensions/eamodio.gitlens-14.4.0/dist/gitlens.js:1:1069962)
    at ActionRunners._updateContextKeys (/home/devilunraveled/.vscode/extensions/eamodio.gitlens-14.4.0/dist/gitlens.js:1:38884)
    at s (/home/devilunraveled/.vscode/extensions/eamodio.gitlens-14.4.0/dist/gitlens.js:1:37303)
    at RegisteredActionRunner.unregister (/home/devilunraveled/.vscode/extensions/eamodio.gitlens-14.4.0/dist/gitlens.js:1:37447)
    at RegisteredActionRunner.dispose (/home/devilunraveled/.vscode/extensions/eamodio.gitlens-14.4.0/dist/gitlens.js:1:36110)
    at ActionRunners.dispose (/home/devilunraveled/.vscode/extensions/eamodio.gitlens-14.4.0/dist/gitlens.js:1:36889)
    at /home/devilunraveled/.vscode/extensions/eamodio.gitlens-14.4.0/dist/gitlens.js:1:763849
    at Array.forEach (<anonymous>)
    at Object.dispose (/home/devilunraveled/.vscode/extensions/eamodio.gitlens-14.4.0/dist/gitlens.js:1:763834)
    at a (/var/lib/snapd/snap/code/158/usr/share/code/resources/app/out/vs/workbench/api/node/extensionHostProcess.js:30:744)
    at f.eb (/var/lib/snapd/snap/code/158/usr/share/code/resources/app/out/vs/workbench/api/node/extensionHostProcess.js:159:9975)
    at /var/lib/snapd/snap/code/158/usr/share/code/resources/app/out/vs/workbench/api/node/extensionHostProcess.js:159:7824
    at Array.map (<anonymous>)
    at f.$ (/var/lib/snapd/snap/code/158/usr/share/code/resources/app/out/vs/workbench/api/node/extensionHostProcess.js:159:7811)
    at f.terminate (/var/lib/snapd/snap/code/158/usr/share/code/resources/app/out/vs/workbench/api/node/extensionHostProcess.js:159:8085)
    at a.terminate (/var/lib/snapd/snap/code/158/usr/share/code/resources/app/out/vs/workbench/api/node/extensionHostProcess.js:163:1513)
    at t (/var/lib/snapd/snap/code/158/usr/share/code/resources/app/out/vs/workbench/api/node/extensionHostProcess.js:176:9922)
    at MessagePortMain.<anonymous> (/var/lib/snapd/snap/code/158/usr/share/code/resources/app/out/vs/workbench/api/node/extensionHostProcess.js:176:6347)
    at MessagePortMain.emit (node:events:517:28)
    at MessagePortMain.emit (node:domain:489:12)
    at Object.MessagePortMain._internalPort.emit (node:electron/js2c/utility_init:2:2285) setContext undefined
2024-05-08 12:52:53.204 [error] Canceled: Canceled
    at new O (/var/lib/snapd/snap/code/158/usr/share/code/resources/app/out/vs/workbench/api/node/extensionHostProcess.js:143:47131)
    at c.U (/var/lib/snapd/snap/code/158/usr/share/code/resources/app/out/vs/workbench/api/node/extensionHostProcess.js:150:5542)
    at Proxy.F.<computed>.z.charCodeAt.F.<computed> (/var/lib/snapd/snap/code/158/usr/share/code/resources/app/out/vs/workbench/api/node/extensionHostProcess.js:150:2993)
    at r.g (/var/lib/snapd/snap/code/158/usr/share/code/resources/app/out/vs/workbench/api/node/extensionHostProcess.js:153:188926)
    at r.executeCommand (/var/lib/snapd/snap/code/158/usr/share/code/resources/app/out/vs/workbench/api/node/extensionHostProcess.js:153:188364)
    at k.registerCommand.description (/var/lib/snapd/snap/code/158/usr/share/code/resources/app/out/vs/workbench/api/node/extensionHostProcess.js:153:187688)
    at r.h (/var/lib/snapd/snap/code/158/usr/share/code/resources/app/out/vs/workbench/api/node/extensionHostProcess.js:153:189465)
    at r.g (/var/lib/snapd/snap/code/158/usr/share/code/resources/app/out/vs/workbench/api/node/extensionHostProcess.js:153:188457)
    at r.executeCommand (/var/lib/snapd/snap/code/158/usr/share/code/resources/app/out/vs/workbench/api/node/extensionHostProcess.js:153:188364)
    at Object.executeCommand (/var/lib/snapd/snap/code/158/usr/share/code/resources/app/out/vs/workbench/api/node/extensionHostProcess.js:163:22673)
    at w (/home/devilunraveled/.vscode/extensions/eamodio.gitlens-14.4.0/dist/gitlens.js:1:1065334)
    at l (/home/devilunraveled/.vscode/extensions/eamodio.gitlens-14.4.0/dist/gitlens.js:1:1069962)
    at ActionRunners._updateContextKeys (/home/devilunraveled/.vscode/extensions/eamodio.gitlens-14.4.0/dist/gitlens.js:1:38884)
    at s (/home/devilunraveled/.vscode/extensions/eamodio.gitlens-14.4.0/dist/gitlens.js:1:37303)
    at RegisteredActionRunner.unregister (/home/devilunraveled/.vscode/extensions/eamodio.gitlens-14.4.0/dist/gitlens.js:1:37447)
    at RegisteredActionRunner.dispose (/home/devilunraveled/.vscode/extensions/eamodio.gitlens-14.4.0/dist/gitlens.js:1:36110)
    at Object.dispose (/home/devilunraveled/.vscode/extensions/eamodio.gitlens-14.4.0/dist/gitlens.js:1:37544)
    at a (/var/lib/snapd/snap/code/158/usr/share/code/resources/app/out/vs/workbench/api/node/extensionHostProcess.js:30:744)
    at f.eb (/var/lib/snapd/snap/code/158/usr/share/code/resources/app/out/vs/workbench/api/node/extensionHostProcess.js:159:9975)
    at /var/lib/snapd/snap/code/158/usr/share/code/resources/app/out/vs/workbench/api/node/extensionHostProcess.js:159:7824
    at Array.map (<anonymous>)
    at f.$ (/var/lib/snapd/snap/code/158/usr/share/code/resources/app/out/vs/workbench/api/node/extensionHostProcess.js:159:7811)
    at f.terminate (/var/lib/snapd/snap/code/158/usr/share/code/resources/app/out/vs/workbench/api/node/extensionHostProcess.js:159:8085)
    at a.terminate (/var/lib/snapd/snap/code/158/usr/share/code/resources/app/out/vs/workbench/api/node/extensionHostProcess.js:163:1513)
    at t (/var/lib/snapd/snap/code/158/usr/share/code/resources/app/out/vs/workbench/api/node/extensionHostProcess.js:176:9922)
    at MessagePortMain.<anonymous> (/var/lib/snapd/snap/code/158/usr/share/code/resources/app/out/vs/workbench/api/node/extensionHostProcess.js:176:6347)
    at MessagePortMain.emit (node:events:517:28)
    at MessagePortMain.emit (node:domain:489:12)
    at Object.MessagePortMain._internalPort.emit (node:electron/js2c/utility_init:2:2285) setContext undefined
2024-05-08 12:52:53.204 [error] Canceled: Canceled
    at new O (/var/lib/snapd/snap/code/158/usr/share/code/resources/app/out/vs/workbench/api/node/extensionHostProcess.js:143:47131)
    at c.U (/var/lib/snapd/snap/code/158/usr/share/code/resources/app/out/vs/workbench/api/node/extensionHostProcess.js:150:5542)
    at Proxy.F.<computed>.z.charCodeAt.F.<computed> (/var/lib/snapd/snap/code/158/usr/share/code/resources/app/out/vs/workbench/api/node/extensionHostProcess.js:150:2993)
    at r.g (/var/lib/snapd/snap/code/158/usr/share/code/resources/app/out/vs/workbench/api/node/extensionHostProcess.js:153:188926)
    at r.executeCommand (/var/lib/snapd/snap/code/158/usr/share/code/resources/app/out/vs/workbench/api/node/extensionHostProcess.js:153:188364)
    at k.registerCommand.description (/var/lib/snapd/snap/code/158/usr/share/code/resources/app/out/vs/workbench/api/node/extensionHostProcess.js:153:187688)
    at r.h (/var/lib/snapd/snap/code/158/usr/share/code/resources/app/out/vs/workbench/api/node/extensionHostProcess.js:153:189465)
    at r.g (/var/lib/snapd/snap/code/158/usr/share/code/resources/app/out/vs/workbench/api/node/extensionHostProcess.js:153:188457)
    at r.executeCommand (/var/lib/snapd/snap/code/158/usr/share/code/resources/app/out/vs/workbench/api/node/extensionHostProcess.js:153:188364)
    at Object.executeCommand (/var/lib/snapd/snap/code/158/usr/share/code/resources/app/out/vs/workbench/api/node/extensionHostProcess.js:163:22673)
    at w (/home/devilunraveled/.vscode/extensions/eamodio.gitlens-14.4.0/dist/gitlens.js:1:1065334)
    at l (/home/devilunraveled/.vscode/extensions/eamodio.gitlens-14.4.0/dist/gitlens.js:1:1069962)
    at ActionRunners._updateContextKeys (/home/devilunraveled/.vscode/extensions/eamodio.gitlens-14.4.0/dist/gitlens.js:1:38884)
    at s (/home/devilunraveled/.vscode/extensions/eamodio.gitlens-14.4.0/dist/gitlens.js:1:37303)
    at RegisteredActionRunner.unregister (/home/devilunraveled/.vscode/extensions/eamodio.gitlens-14.4.0/dist/gitlens.js:1:37447)
    at RegisteredActionRunner.dispose (/home/devilunraveled/.vscode/extensions/eamodio.gitlens-14.4.0/dist/gitlens.js:1:36110)
    at Object.dispose (/home/devilunraveled/.vscode/extensions/eamodio.gitlens-14.4.0/dist/gitlens.js:1:37544)
    at a (/var/lib/snapd/snap/code/158/usr/share/code/resources/app/out/vs/workbench/api/node/extensionHostProcess.js:30:744)
    at f.eb (/var/lib/snapd/snap/code/158/usr/share/code/resources/app/out/vs/workbench/api/node/extensionHostProcess.js:159:9975)
    at /var/lib/snapd/snap/code/158/usr/share/code/resources/app/out/vs/workbench/api/node/extensionHostProcess.js:159:7824
    at Array.map (<anonymous>)
    at f.$ (/var/lib/snapd/snap/code/158/usr/share/code/resources/app/out/vs/workbench/api/node/extensionHostProcess.js:159:7811)
    at f.terminate (/var/lib/snapd/snap/code/158/usr/share/code/resources/app/out/vs/workbench/api/node/extensionHostProcess.js:159:8085)
    at a.terminate (/var/lib/snapd/snap/code/158/usr/share/code/resources/app/out/vs/workbench/api/node/extensionHostProcess.js:163:1513)
    at t (/var/lib/snapd/snap/code/158/usr/share/code/resources/app/out/vs/workbench/api/node/extensionHostProcess.js:176:9922)
    at MessagePortMain.<anonymous> (/var/lib/snapd/snap/code/158/usr/share/code/resources/app/out/vs/workbench/api/node/extensionHostProcess.js:176:6347)
    at MessagePortMain.emit (node:events:517:28)
    at MessagePortMain.emit (node:domain:489:12)
    at Object.MessagePortMain._internalPort.emit (node:electron/js2c/utility_init:2:2285) setContext undefined
2024-05-08 12:52:53.205 [error] Canceled: Canceled
    at new O (/var/lib/snapd/snap/code/158/usr/share/code/resources/app/out/vs/workbench/api/node/extensionHostProcess.js:143:47131)
    at c.U (/var/lib/snapd/snap/code/158/usr/share/code/resources/app/out/vs/workbench/api/node/extensionHostProcess.js:150:5542)
    at Proxy.F.<computed>.z.charCodeAt.F.<computed> (/var/lib/snapd/snap/code/158/usr/share/code/resources/app/out/vs/workbench/api/node/extensionHostProcess.js:150:2993)
    at r.g (/var/lib/snapd/snap/code/158/usr/share/code/resources/app/out/vs/workbench/api/node/extensionHostProcess.js:153:188926)
    at r.executeCommand (/var/lib/snapd/snap/code/158/usr/share/code/resources/app/out/vs/workbench/api/node/extensionHostProcess.js:153:188364)
    at k.registerCommand.description (/var/lib/snapd/snap/code/158/usr/share/code/resources/app/out/vs/workbench/api/node/extensionHostProcess.js:153:187688)
    at r.h (/var/lib/snapd/snap/code/158/usr/share/code/resources/app/out/vs/workbench/api/node/extensionHostProcess.js:153:189465)
    at r.g (/var/lib/snapd/snap/code/158/usr/share/code/resources/app/out/vs/workbench/api/node/extensionHostProcess.js:153:188457)
    at r.executeCommand (/var/lib/snapd/snap/code/158/usr/share/code/resources/app/out/vs/workbench/api/node/extensionHostProcess.js:153:188364)
    at Object.executeCommand (/var/lib/snapd/snap/code/158/usr/share/code/resources/app/out/vs/workbench/api/node/extensionHostProcess.js:163:22673)
    at w (/home/devilunraveled/.vscode/extensions/eamodio.gitlens-14.4.0/dist/gitlens.js:1:1065334)
    at l (/home/devilunraveled/.vscode/extensions/eamodio.gitlens-14.4.0/dist/gitlens.js:1:1069962)
    at ActionRunners._updateContextKeys (/home/devilunraveled/.vscode/extensions/eamodio.gitlens-14.4.0/dist/gitlens.js:1:38884)
    at s (/home/devilunraveled/.vscode/extensions/eamodio.gitlens-14.4.0/dist/gitlens.js:1:37303)
    at RegisteredActionRunner.unregister (/home/devilunraveled/.vscode/extensions/eamodio.gitlens-14.4.0/dist/gitlens.js:1:37447)
    at RegisteredActionRunner.dispose (/home/devilunraveled/.vscode/extensions/eamodio.gitlens-14.4.0/dist/gitlens.js:1:36110)
    at Object.dispose (/home/devilunraveled/.vscode/extensions/eamodio.gitlens-14.4.0/dist/gitlens.js:1:37544)
    at a (/var/lib/snapd/snap/code/158/usr/share/code/resources/app/out/vs/workbench/api/node/extensionHostProcess.js:30:744)
    at f.eb (/var/lib/snapd/snap/code/158/usr/share/code/resources/app/out/vs/workbench/api/node/extensionHostProcess.js:159:9975)
    at /var/lib/snapd/snap/code/158/usr/share/code/resources/app/out/vs/workbench/api/node/extensionHostProcess.js:159:7824
    at Array.map (<anonymous>)
    at f.$ (/var/lib/snapd/snap/code/158/usr/share/code/resources/app/out/vs/workbench/api/node/extensionHostProcess.js:159:7811)
    at f.terminate (/var/lib/snapd/snap/code/158/usr/share/code/resources/app/out/vs/workbench/api/node/extensionHostProcess.js:159:8085)
    at a.terminate (/var/lib/snapd/snap/code/158/usr/share/code/resources/app/out/vs/workbench/api/node/extensionHostProcess.js:163:1513)
    at t (/var/lib/snapd/snap/code/158/usr/share/code/resources/app/out/vs/workbench/api/node/extensionHostProcess.js:176:9922)
    at MessagePortMain.<anonymous> (/var/lib/snapd/snap/code/158/usr/share/code/resources/app/out/vs/workbench/api/node/extensionHostProcess.js:176:6347)
    at MessagePortMain.emit (node:events:517:28)
    at MessagePortMain.emit (node:domain:489:12)
    at Object.MessagePortMain._internalPort.emit (node:electron/js2c/utility_init:2:2285) setContext undefined
2024-05-08 12:52:53.210 [info] Extension host with pid 9296 exiting with code 0
