2023-02-25 08:52:28.006 [info] Log level: Info
2023-02-25 08:52:28.006 [info] Validating found git in: "git"
2023-02-25 08:52:28.006 [info] Using git "2.39.2" from "git"
2023-02-25 08:52:28.006 [info] > git rev-parse --show-toplevel [4ms]
2023-02-25 08:52:28.006 [info] fatal: not a git repository (or any of the parent directories): .git
2023-02-25 08:52:28.007 [info] > git rev-parse --show-toplevel [30ms]
2023-02-25 08:52:28.007 [info] fatal: not a git repository (or any of the parent directories): .git
2023-02-25 08:52:28.007 [info] > git rev-parse --show-toplevel [13ms]
2023-02-25 08:52:28.007 [info] fatal: not a git repository (or any of the parent directories): .git
2023-02-25 08:52:28.007 [info] > git rev-parse --show-toplevel [1ms]
2023-02-25 08:52:28.007 [info] fatal: not a git repository (or any of the parent directories): .git
2023-02-25 08:52:28.008 [info] > git rev-parse --show-toplevel [9ms]
2023-02-25 08:52:28.008 [info] fatal: not a git repository (or any of the parent directories): .git
2023-02-25 08:52:28.015 [info] > git rev-parse --show-toplevel [3ms]
2023-02-25 08:52:28.020 [info] > git rev-parse --git-dir --git-common-dir [1ms]
2023-02-25 08:52:28.024 [info] Open repository: /home/devilunraveled/DASS/Assignment 1/frontend/frontend
2023-02-25 08:52:28.036 [info] > git rev-parse --show-toplevel [6ms]
2023-02-25 08:52:28.036 [info] fatal: not a git repository (or any of the parent directories): .git
2023-02-25 08:52:28.269 [info] > git rev-parse --show-toplevel [229ms]
2023-02-25 08:52:28.269 [info] fatal: not a git repository (or any of the parent directories): .git
2023-02-25 08:52:28.270 [info] > git config --get commit.template [235ms]
2023-02-25 08:52:28.421 [info] > git rev-parse --show-toplevel [28ms]
2023-02-25 08:52:28.421 [info] fatal: not a git repository (or any of the parent directories): .git
2023-02-25 08:52:28.441 [info] > git for-each-ref --format=%(refname)%00%(upstream:short)%00%(objectname)%00%(upstream:track)%00%(upstream:remotename)%00%(upstream:remoteref) refs/heads/main refs/remotes/main [23ms]
2023-02-25 08:52:28.483 [info] > git status -z -uall [34ms]
2023-02-25 08:52:28.484 [info] > git for-each-ref --sort -committerdate --format %(refname) %(objectname) %(*objectname) [29ms]
2023-02-25 08:52:28.516 [info] > git config --get commit.template [7ms]
2023-02-25 08:52:28.533 [info] > git for-each-ref --format=%(refname)%00%(upstream:short)%00%(objectname)%00%(upstream:track)%00%(upstream:remotename)%00%(upstream:remoteref) refs/heads/main refs/remotes/main [1ms]
2023-02-25 08:52:28.566 [info] > git status -z -uall [27ms]
2023-02-25 08:52:28.566 [info] > git for-each-ref --sort -committerdate --format %(refname) %(objectname) %(*objectname) [19ms]
2023-02-25 08:52:28.697 [info] > git rev-parse --show-toplevel [12ms]
2023-02-25 08:52:28.697 [info] fatal: not a git repository (or any of the parent directories): .git
2023-02-25 08:52:28.786 [info] > git check-ignore -v -z --stdin [2ms]
2023-02-25 08:54:30.473 [info] > git rev-parse --show-toplevel [16ms]
2023-02-25 08:54:30.473 [info] fatal: not a git repository (or any of the parent directories): .git
2023-02-25 08:57:28.628 [info] > git rev-parse --show-toplevel [6ms]
2023-02-25 08:57:28.628 [info] fatal: not a git repository (or any of the parent directories): .git
2023-02-25 08:58:36.231 [info] > git rev-parse --show-toplevel [5ms]
2023-02-25 08:58:36.231 [info] fatal: not a git repository (or any of the parent directories): .git
2023-02-25 08:58:37.920 [info] > git rev-parse --show-toplevel [4ms]
2023-02-25 08:58:37.920 [info] fatal: not a git repository (or any of the parent directories): .git
2023-02-25 09:00:44.285 [info] > git rev-parse --show-toplevel [5ms]
2023-02-25 09:00:44.285 [info] fatal: not a git repository (or any of the parent directories): .git
2023-02-25 09:00:50.041 [info] > git check-ignore -v -z --stdin [2ms]
2023-02-25 09:00:52.113 [info] > git check-ignore -v -z --stdin [1ms]
2023-02-25 09:00:54.263 [info] > git check-ignore -v -z --stdin [1ms]
2023-02-25 09:01:00.820 [info] > git check-ignore -v -z --stdin [1ms]
2023-02-25 09:01:02.613 [info] > git check-ignore -v -z --stdin [1ms]
2023-02-25 09:01:03.969 [info] > git show --textconv :src/scenes/cards/FollowCard.jsx [25ms]
2023-02-25 09:01:03.970 [info] > git ls-files --stage -- /home/devilunraveled/DASS/Assignment 1/frontend/frontend/src/scenes/cards/FollowCard.jsx [4ms]
2023-02-25 09:01:03.987 [info] > git cat-file -s 74c9b14e77c23fb895ed4e30df9fb5f66ec4faec [4ms]
2023-02-25 09:01:18.405 [info] > git config --get commit.template [2ms]
2023-02-25 09:01:18.415 [info] > git for-each-ref --format=%(refname)%00%(upstream:short)%00%(objectname)%00%(upstream:track)%00%(upstream:remotename)%00%(upstream:remoteref) refs/heads/main refs/remotes/main [2ms]
2023-02-25 09:01:18.449 [info] > git status -z -uall [24ms]
2023-02-25 09:01:18.449 [info] > git for-each-ref --sort -committerdate --format %(refname) %(objectname) %(*objectname) [14ms]
2023-02-25 09:01:22.164 [info] > git show --textconv :src/scenes/cards/NewSubGreddiitCard.jsx [15ms]
2023-02-25 09:01:22.165 [info] > git ls-files --stage -- /home/devilunraveled/DASS/Assignment 1/frontend/frontend/src/scenes/cards/NewSubGreddiitCard.jsx [2ms]
2023-02-25 09:01:22.197 [info] > git cat-file -s e33c6825c59c8d4faa7d40d6fff826c88e929b4b [17ms]
2023-02-25 09:01:32.206 [info] > git config --get commit.template [1ms]
2023-02-25 09:01:32.214 [info] > git for-each-ref --format=%(refname)%00%(upstream:short)%00%(objectname)%00%(upstream:track)%00%(upstream:remotename)%00%(upstream:remoteref) refs/heads/main refs/remotes/main [1ms]
2023-02-25 09:01:32.229 [info] > git status -z -uall [8ms]
2023-02-25 09:01:32.230 [info] > git for-each-ref --sort -committerdate --format %(refname) %(objectname) %(*objectname) [0ms]
2023-02-25 09:01:34.209 [info] > git show --textconv :src/scenes/cards/PostCard.jsx [10ms]
2023-02-25 09:01:34.209 [info] > git ls-files --stage -- /home/devilunraveled/DASS/Assignment 1/frontend/frontend/src/scenes/cards/PostCard.jsx [1ms]
2023-02-25 09:01:34.218 [info] > git cat-file -s f630ea0b06a90ac605cc146a18ee77392b7bf363 [2ms]
2023-02-25 09:01:37.525 [info] > git show --textconv :src/scenes/cards/ProfileCard.jsx [16ms]
2023-02-25 09:01:37.525 [info] > git ls-files --stage -- /home/devilunraveled/DASS/Assignment 1/frontend/frontend/src/scenes/cards/ProfileCard.jsx [2ms]
2023-02-25 09:01:37.544 [info] > git cat-file -s 8006ef0e32d8cf93f0f07b8650f9ec82096b4bc1 [5ms]
2023-02-25 09:01:43.882 [info] > git config --get commit.template [12ms]
2023-02-25 09:01:43.884 [info] > git for-each-ref --format=%(refname)%00%(upstream:short)%00%(objectname)%00%(upstream:track)%00%(upstream:remotename)%00%(upstream:remoteref) refs/heads/main refs/remotes/main [3ms]
2023-02-25 09:01:43.910 [info] > git status -z -uall [14ms]
2023-02-25 09:01:43.911 [info] > git for-each-ref --sort -committerdate --format %(refname) %(objectname) %(*objectname) [2ms]
2023-02-25 09:01:45.173 [info] > git show --textconv :src/scenes/cards/SubGreddiitCard.jsx [34ms]
2023-02-25 09:01:45.173 [info] > git ls-files --stage -- /home/devilunraveled/DASS/Assignment 1/frontend/frontend/src/scenes/cards/SubGreddiitCard.jsx [3ms]
2023-02-25 09:01:45.190 [info] > git cat-file -s e10e56b251392e8adeef17e59fe24ddc7a0da915 [5ms]
2023-02-25 09:02:01.266 [info] > git config --get commit.template [10ms]
2023-02-25 09:02:01.267 [info] > git for-each-ref --format=%(refname)%00%(upstream:short)%00%(objectname)%00%(upstream:track)%00%(upstream:remotename)%00%(upstream:remoteref) refs/heads/main refs/remotes/main [2ms]
2023-02-25 09:02:01.287 [info] > git status -z -uall [10ms]
2023-02-25 09:02:01.288 [info] > git for-each-ref --sort -committerdate --format %(refname) %(objectname) %(*objectname) [2ms]
2023-02-25 09:02:09.623 [info] > git check-ignore -v -z --stdin [1ms]
2023-02-25 09:02:10.901 [info] > git show --textconv :src/scenes/Dashboard/Follow.jsx [21ms]
2023-02-25 09:02:10.902 [info] > git ls-files --stage -- /home/devilunraveled/DASS/Assignment 1/frontend/frontend/src/scenes/Dashboard/Follow.jsx [2ms]
2023-02-25 09:02:10.922 [info] > git cat-file -s 0c537333d562fcfec94c4516a2cb8eff12cbe16b [3ms]
2023-02-25 09:02:12.050 [info] > git show --textconv :src/scenes/Dashboard/MenuSection.jsx [50ms]
2023-02-25 09:02:12.050 [info] > git ls-files --stage -- /home/devilunraveled/DASS/Assignment 1/frontend/frontend/src/scenes/Dashboard/MenuSection.jsx [26ms]
2023-02-25 09:02:12.072 [info] > git cat-file -s ce5701c0b1ec7a288da94c36ccbaa922d0f95b09 [3ms]
2023-02-25 09:02:15.946 [info] > git show --textconv :src/scenes/Dashboard/ProfilePage.jsx [47ms]
2023-02-25 09:02:15.947 [info] > git ls-files --stage -- /home/devilunraveled/DASS/Assignment 1/frontend/frontend/src/scenes/Dashboard/ProfilePage.jsx [24ms]
2023-02-25 09:02:15.972 [info] > git cat-file -s 31ff4a6e9a929a2cec9c3a33cd8eb9d4f0fad3e3 [3ms]
2023-02-25 09:02:24.041 [info] > git config --get commit.template [4ms]
2023-02-25 09:02:24.057 [info] > git for-each-ref --format=%(refname)%00%(upstream:short)%00%(objectname)%00%(upstream:track)%00%(upstream:remotename)%00%(upstream:remoteref) refs/heads/main refs/remotes/main [0ms]
2023-02-25 09:02:24.088 [info] > git status -z -uall [16ms]
2023-02-25 09:02:24.088 [info] > git for-each-ref --sort -committerdate --format %(refname) %(objectname) %(*objectname) [1ms]
2023-02-25 09:02:30.556 [info] > git check-ignore -v -z --stdin [1ms]
2023-02-25 09:02:31.358 [info] > git show --textconv :src/scenes/Forms/SignUpForm.jsx [23ms]
2023-02-25 09:02:31.359 [info] > git ls-files --stage -- /home/devilunraveled/DASS/Assignment 1/frontend/frontend/src/scenes/Forms/SignUpForm.jsx [2ms]
2023-02-25 09:02:31.402 [info] > git cat-file -s 690858fb98bd58c7efb677a27be40506d54d6cd3 [22ms]
2023-02-25 09:02:32.304 [info] > git show --textconv :src/scenes/Forms/SignInForm.jsx [26ms]
2023-02-25 09:02:32.304 [info] > git ls-files --stage -- /home/devilunraveled/DASS/Assignment 1/frontend/frontend/src/scenes/Forms/SignInForm.jsx [3ms]
2023-02-25 09:02:32.327 [info] > git cat-file -s e2e7becc98e4b03cda5b897b7c7c4379d42626b1 [2ms]
2023-02-25 09:02:43.368 [info] > git config --get commit.template [1ms]
2023-02-25 09:02:43.379 [info] > git for-each-ref --format=%(refname)%00%(upstream:short)%00%(objectname)%00%(upstream:track)%00%(upstream:remotename)%00%(upstream:remoteref) refs/heads/main refs/remotes/main [1ms]
2023-02-25 09:02:43.400 [info] > git status -z -uall [11ms]
2023-02-25 09:02:43.401 [info] > git for-each-ref --sort -committerdate --format %(refname) %(objectname) %(*objectname) [2ms]
2023-02-25 09:02:44.496 [info] > git show --textconv :src/scenes/Forms/SignUpForm.jsx [22ms]
2023-02-25 09:02:44.496 [info] > git ls-files --stage -- /home/devilunraveled/DASS/Assignment 1/frontend/frontend/src/scenes/Forms/SignUpForm.jsx [11ms]
2023-02-25 09:02:44.508 [info] > git cat-file -s 690858fb98bd58c7efb677a27be40506d54d6cd3 [2ms]
2023-02-25 09:02:52.604 [info] > git config --get commit.template [2ms]
2023-02-25 09:02:52.624 [info] > git for-each-ref --format=%(refname)%00%(upstream:short)%00%(objectname)%00%(upstream:track)%00%(upstream:remotename)%00%(upstream:remoteref) refs/heads/main refs/remotes/main [3ms]
2023-02-25 09:02:52.663 [info] > git status -z -uall [22ms]
2023-02-25 09:02:52.666 [info] > git for-each-ref --sort -committerdate --format %(refname) %(objectname) %(*objectname) [4ms]
2023-02-25 09:03:02.666 [info] > git check-ignore -v -z --stdin [1ms]
2023-02-25 09:03:03.392 [info] > git show --textconv :src/scenes/HomePage/HomePage.jsx [33ms]
2023-02-25 09:03:03.393 [info] > git ls-files --stage -- /home/devilunraveled/DASS/Assignment 1/frontend/frontend/src/scenes/HomePage/HomePage.jsx [19ms]
2023-02-25 09:03:03.410 [info] > git cat-file -s ff59c3d6d79350e86622ffeb0117083d5816b164 [3ms]
2023-02-25 09:03:08.892 [info] > git check-ignore -v -z --stdin [1ms]
2023-02-25 09:03:10.004 [info] > git show --textconv :src/scenes/Navbar/index.jsx [41ms]
2023-02-25 09:03:10.004 [info] > git ls-files --stage -- /home/devilunraveled/DASS/Assignment 1/frontend/frontend/src/scenes/Navbar/index.jsx [22ms]
2023-02-25 09:03:10.022 [info] > git cat-file -s d015b2f12ff100d710c45322bf1270b2ee7632bf [2ms]
2023-02-25 09:03:16.548 [info] > git check-ignore -v -z --stdin [3ms]
2023-02-25 09:03:17.234 [info] > git show --textconv :src/scenes/SubGreddiit/MySubGreddiiitsPage.jsx [47ms]
2023-02-25 09:03:17.234 [info] > git ls-files --stage -- /home/devilunraveled/DASS/Assignment 1/frontend/frontend/src/scenes/SubGreddiit/MySubGreddiiitsPage.jsx [25ms]
2023-02-25 09:03:17.260 [info] > git cat-file -s bc20b54663370927153b6c91abec1f54ab62994b [3ms]
2023-02-25 09:03:22.896 [info] > git config --get commit.template [2ms]
2023-02-25 09:03:22.909 [info] > git for-each-ref --format=%(refname)%00%(upstream:short)%00%(objectname)%00%(upstream:track)%00%(upstream:remotename)%00%(upstream:remoteref) refs/heads/main refs/remotes/main [2ms]
2023-02-25 09:03:22.929 [info] > git status -z -uall [11ms]
2023-02-25 09:03:22.930 [info] > git for-each-ref --sort -committerdate --format %(refname) %(objectname) %(*objectname) [2ms]
2023-02-25 09:03:23.976 [info] > git show --textconv :src/scenes/SubGreddiit/SubGreddiitPage.jsx [12ms]
2023-02-25 09:03:23.977 [info] > git ls-files --stage -- /home/devilunraveled/DASS/Assignment 1/frontend/frontend/src/scenes/SubGreddiit/SubGreddiitPage.jsx [3ms]
2023-02-25 09:03:23.992 [info] > git cat-file -s 17ffbc7b7c6ec18219782b62ec0b4f3c4c3c713d [1ms]
2023-02-25 09:03:31.463 [info] > git config --get commit.template [4ms]
2023-02-25 09:03:31.480 [info] > git for-each-ref --format=%(refname)%00%(upstream:short)%00%(objectname)%00%(upstream:track)%00%(upstream:remotename)%00%(upstream:remoteref) refs/heads/main refs/remotes/main [1ms]
2023-02-25 09:03:31.514 [info] > git status -z -uall [20ms]
2023-02-25 09:03:31.516 [info] > git for-each-ref --sort -committerdate --format %(refname) %(objectname) %(*objectname) [3ms]
2023-02-25 09:03:41.052 [info] > git check-ignore -v -z --stdin [2ms]
2023-02-25 09:03:41.810 [info] > git show --textconv :src/scenes/Validation/SignUpValidation.js [20ms]
2023-02-25 09:03:41.810 [info] > git ls-files --stage -- /home/devilunraveled/DASS/Assignment 1/frontend/frontend/src/scenes/Validation/SignUpValidation.js [2ms]
2023-02-25 09:03:41.833 [info] > git cat-file -s adca89621f51eb7f504ca40babce60d7018869b1 [5ms]
2023-02-25 09:03:45.055 [info] > git check-ignore -v -z --stdin [2ms]
2023-02-25 09:04:20.485 [info] > git config --get commit.template [1ms]
2023-02-25 09:04:20.499 [info] > git for-each-ref --format=%(refname)%00%(upstream:short)%00%(objectname)%00%(upstream:track)%00%(upstream:remotename)%00%(upstream:remoteref) refs/heads/main refs/remotes/main [1ms]
2023-02-25 09:04:20.534 [info] > git status -z -uall [20ms]
2023-02-25 09:04:20.537 [info] > git for-each-ref --sort -committerdate --format %(refname) %(objectname) %(*objectname) [4ms]
2023-02-25 09:04:54.297 [info] > git rev-parse --show-toplevel [3ms]
2023-02-25 09:04:54.297 [info] fatal: not a git repository (or any of the parent directories): .git
2023-02-25 09:05:58.575 [info] > git config --get commit.template [1ms]
2023-02-25 09:05:58.584 [info] > git for-each-ref --format=%(refname)%00%(upstream:short)%00%(objectname)%00%(upstream:track)%00%(upstream:remotename)%00%(upstream:remoteref) refs/heads/main refs/remotes/main [1ms]
2023-02-25 09:05:58.600 [info] > git status -z -uall [9ms]
2023-02-25 09:05:58.601 [info] > git for-each-ref --sort -committerdate --format %(refname) %(objectname) %(*objectname) [2ms]
2023-02-25 09:07:36.785 [info] > git config --get commit.template [1ms]
2023-02-25 09:07:36.794 [info] > git for-each-ref --format=%(refname)%00%(upstream:short)%00%(objectname)%00%(upstream:track)%00%(upstream:remotename)%00%(upstream:remoteref) refs/heads/main refs/remotes/main [0ms]
2023-02-25 09:07:36.808 [info] > git status -z -uall [6ms]
2023-02-25 09:07:36.809 [info] > git for-each-ref --sort -committerdate --format %(refname) %(objectname) %(*objectname) [1ms]
2023-02-25 09:08:15.049 [info] > git show --textconv :src/scenes/cards/FollowCard.jsx [34ms]
2023-02-25 09:08:15.049 [info] > git ls-files --stage -- /home/devilunraveled/DASS/Assignment 1/frontend/frontend/src/scenes/cards/FollowCard.jsx [17ms]
2023-02-25 09:08:15.071 [info] > git cat-file -s 74c9b14e77c23fb895ed4e30df9fb5f66ec4faec [5ms]
2023-02-25 09:08:31.188 [info] > git config --get commit.template [1ms]
2023-02-25 09:08:31.201 [info] > git for-each-ref --format=%(refname)%00%(upstream:short)%00%(objectname)%00%(upstream:track)%00%(upstream:remotename)%00%(upstream:remoteref) refs/heads/main refs/remotes/main [1ms]
2023-02-25 09:08:31.227 [info] > git status -z -uall [13ms]
2023-02-25 09:08:31.228 [info] > git for-each-ref --sort -committerdate --format %(refname) %(objectname) %(*objectname) [1ms]
2023-02-25 09:08:32.238 [info] > git show --textconv :src/scenes/cards/NewSubGreddiitCard.jsx [38ms]
2023-02-25 09:08:32.239 [info] > git ls-files --stage -- /home/devilunraveled/DASS/Assignment 1/frontend/frontend/src/scenes/cards/NewSubGreddiitCard.jsx [16ms]
2023-02-25 09:08:32.255 [info] > git cat-file -s e33c6825c59c8d4faa7d40d6fff826c88e929b4b [1ms]
2023-02-25 09:08:38.435 [info] > git config --get commit.template [1ms]
2023-02-25 09:08:38.446 [info] > git for-each-ref --format=%(refname)%00%(upstream:short)%00%(objectname)%00%(upstream:track)%00%(upstream:remotename)%00%(upstream:remoteref) refs/heads/main refs/remotes/main [1ms]
2023-02-25 09:08:38.465 [info] > git status -z -uall [10ms]
2023-02-25 09:08:38.466 [info] > git for-each-ref --sort -committerdate --format %(refname) %(objectname) %(*objectname) [2ms]
2023-02-25 09:08:40.686 [info] > git show --textconv :src/scenes/cards/PostCard.jsx [10ms]
2023-02-25 09:08:40.687 [info] > git ls-files --stage -- /home/devilunraveled/DASS/Assignment 1/frontend/frontend/src/scenes/cards/PostCard.jsx [1ms]
2023-02-25 09:08:40.699 [info] > git cat-file -s f630ea0b06a90ac605cc146a18ee77392b7bf363 [4ms]
2023-02-25 09:08:43.181 [info] > git show --textconv :src/scenes/cards/ProfileCard.jsx [35ms]
2023-02-25 09:08:43.182 [info] > git ls-files --stage -- /home/devilunraveled/DASS/Assignment 1/frontend/frontend/src/scenes/cards/ProfileCard.jsx [17ms]
2023-02-25 09:08:43.207 [info] > git cat-file -s 8006ef0e32d8cf93f0f07b8650f9ec82096b4bc1 [2ms]
2023-02-25 09:08:51.987 [info] > git config --get commit.template [1ms]
2023-02-25 09:08:51.996 [info] > git for-each-ref --format=%(refname)%00%(upstream:short)%00%(objectname)%00%(upstream:track)%00%(upstream:remotename)%00%(upstream:remoteref) refs/heads/main refs/remotes/main [1ms]
2023-02-25 09:08:52.014 [info] > git status -z -uall [9ms]
2023-02-25 09:08:52.015 [info] > git for-each-ref --sort -committerdate --format %(refname) %(objectname) %(*objectname) [2ms]
2023-02-25 09:08:55.991 [info] > git show --textconv :src/scenes/cards/SubGreddiitCard.jsx [55ms]
2023-02-25 09:08:55.991 [info] > git ls-files --stage -- /home/devilunraveled/DASS/Assignment 1/frontend/frontend/src/scenes/cards/SubGreddiitCard.jsx [32ms]
2023-02-25 09:08:56.020 [info] > git cat-file -s e10e56b251392e8adeef17e59fe24ddc7a0da915 [4ms]
2023-02-25 09:09:12.736 [info] > git config --get commit.template [1ms]
2023-02-25 09:09:12.749 [info] > git for-each-ref --format=%(refname)%00%(upstream:short)%00%(objectname)%00%(upstream:track)%00%(upstream:remotename)%00%(upstream:remoteref) refs/heads/main refs/remotes/main [1ms]
2023-02-25 09:09:12.778 [info] > git status -z -uall [17ms]
2023-02-25 09:09:12.778 [info] > git for-each-ref --sort -committerdate --format %(refname) %(objectname) %(*objectname) [4ms]
2023-02-25 09:09:15.990 [info] > git show --textconv :src/scenes/Dashboard/Follow.jsx [40ms]
2023-02-25 09:09:15.991 [info] > git ls-files --stage -- /home/devilunraveled/DASS/Assignment 1/frontend/frontend/src/scenes/Dashboard/Follow.jsx [19ms]
2023-02-25 09:09:16.006 [info] > git cat-file -s 0c537333d562fcfec94c4516a2cb8eff12cbe16b [3ms]
2023-02-25 09:09:16.845 [info] > git show --textconv :src/scenes/Dashboard/MenuSection.jsx [43ms]
2023-02-25 09:09:16.845 [info] > git ls-files --stage -- /home/devilunraveled/DASS/Assignment 1/frontend/frontend/src/scenes/Dashboard/MenuSection.jsx [24ms]
2023-02-25 09:09:16.868 [info] > git cat-file -s ce5701c0b1ec7a288da94c36ccbaa922d0f95b09 [4ms]
2023-02-25 09:09:18.316 [info] > git show --textconv :src/scenes/Dashboard/ProfilePage.jsx [73ms]
2023-02-25 09:09:18.319 [info] > git ls-files --stage -- /home/devilunraveled/DASS/Assignment 1/frontend/frontend/src/scenes/Dashboard/ProfilePage.jsx [49ms]
2023-02-25 09:09:18.342 [info] > git cat-file -s 31ff4a6e9a929a2cec9c3a33cd8eb9d4f0fad3e3 [3ms]
2023-02-25 09:09:27.679 [info] > git config --get commit.template [1ms]
2023-02-25 09:09:27.689 [info] > git for-each-ref --format=%(refname)%00%(upstream:short)%00%(objectname)%00%(upstream:track)%00%(upstream:remotename)%00%(upstream:remoteref) refs/heads/main refs/remotes/main [1ms]
2023-02-25 09:09:27.709 [info] > git status -z -uall [11ms]
2023-02-25 09:09:27.710 [info] > git for-each-ref --sort -committerdate --format %(refname) %(objectname) %(*objectname) [2ms]
2023-02-25 09:09:32.608 [info] > git show --textconv :src/scenes/Forms/SignInForm.jsx [23ms]
2023-02-25 09:09:32.608 [info] > git ls-files --stage -- /home/devilunraveled/DASS/Assignment 1/frontend/frontend/src/scenes/Forms/SignInForm.jsx [2ms]
2023-02-25 09:09:32.635 [info] > git cat-file -s e2e7becc98e4b03cda5b897b7c7c4379d42626b1 [6ms]
2023-02-25 09:09:39.466 [info] > git config --get commit.template [1ms]
2023-02-25 09:09:39.477 [info] > git for-each-ref --format=%(refname)%00%(upstream:short)%00%(objectname)%00%(upstream:track)%00%(upstream:remotename)%00%(upstream:remoteref) refs/heads/main refs/remotes/main [1ms]
2023-02-25 09:09:39.504 [info] > git status -z -uall [15ms]
2023-02-25 09:09:39.505 [info] > git for-each-ref --sort -committerdate --format %(refname) %(objectname) %(*objectname) [2ms]
2023-02-25 09:09:40.195 [info] > git show --textconv :src/scenes/Forms/SignUpForm.jsx [15ms]
2023-02-25 09:09:40.195 [info] > git ls-files --stage -- /home/devilunraveled/DASS/Assignment 1/frontend/frontend/src/scenes/Forms/SignUpForm.jsx [1ms]
2023-02-25 09:09:40.224 [info] > git cat-file -s 690858fb98bd58c7efb677a27be40506d54d6cd3 [14ms]
2023-02-25 09:09:46.391 [info] > git config --get commit.template [1ms]
2023-02-25 09:09:46.405 [info] > git for-each-ref --format=%(refname)%00%(upstream:short)%00%(objectname)%00%(upstream:track)%00%(upstream:remotename)%00%(upstream:remoteref) refs/heads/main refs/remotes/main [1ms]
2023-02-25 09:09:46.435 [info] > git status -z -uall [15ms]
2023-02-25 09:09:46.436 [info] > git for-each-ref --sort -committerdate --format %(refname) %(objectname) %(*objectname) [2ms]
2023-02-25 09:09:51.246 [info] > git show --textconv :src/scenes/SubGreddiit/MySubGreddiiitsPage.jsx [23ms]
2023-02-25 09:09:51.247 [info] > git ls-files --stage -- /home/devilunraveled/DASS/Assignment 1/frontend/frontend/src/scenes/SubGreddiit/MySubGreddiiitsPage.jsx [5ms]
2023-02-25 09:09:51.266 [info] > git cat-file -s bc20b54663370927153b6c91abec1f54ab62994b [3ms]
2023-02-25 09:09:58.479 [info] > git config --get commit.template [1ms]
2023-02-25 09:09:58.490 [info] > git for-each-ref --format=%(refname)%00%(upstream:short)%00%(objectname)%00%(upstream:track)%00%(upstream:remotename)%00%(upstream:remoteref) refs/heads/main refs/remotes/main [1ms]
2023-02-25 09:09:58.512 [info] > git status -z -uall [11ms]
2023-02-25 09:09:58.513 [info] > git for-each-ref --sort -committerdate --format %(refname) %(objectname) %(*objectname) [1ms]
2023-02-25 09:09:59.243 [info] > git show --textconv :src/scenes/SubGreddiit/SubGreddiitPage.jsx [23ms]
2023-02-25 09:09:59.244 [info] > git ls-files --stage -- /home/devilunraveled/DASS/Assignment 1/frontend/frontend/src/scenes/SubGreddiit/SubGreddiitPage.jsx [12ms]
2023-02-25 09:09:59.257 [info] > git cat-file -s 17ffbc7b7c6ec18219782b62ec0b4f3c4c3c713d [3ms]
2023-02-25 09:10:05.861 [info] > git config --get commit.template [1ms]
2023-02-25 09:10:05.870 [info] > git for-each-ref --format=%(refname)%00%(upstream:short)%00%(objectname)%00%(upstream:track)%00%(upstream:remotename)%00%(upstream:remoteref) refs/heads/main refs/remotes/main [1ms]
2023-02-25 09:10:05.889 [info] > git status -z -uall [10ms]
2023-02-25 09:10:05.890 [info] > git for-each-ref --sort -committerdate --format %(refname) %(objectname) %(*objectname) [2ms]
2023-02-25 09:11:09.530 [info] > git rev-parse --show-toplevel [5ms]
2023-02-25 09:11:09.530 [info] fatal: not a git repository (or any of the parent directories): .git
2023-02-25 09:12:09.557 [info] > git config --get commit.template [2ms]
2023-02-25 09:12:09.571 [info] > git for-each-ref --format=%(refname)%00%(upstream:short)%00%(objectname)%00%(upstream:track)%00%(upstream:remotename)%00%(upstream:remoteref) refs/heads/main refs/remotes/main [1ms]
2023-02-25 09:12:09.597 [info] > git status -z -uall [15ms]
2023-02-25 09:12:09.600 [info] > git for-each-ref --sort -committerdate --format %(refname) %(objectname) %(*objectname) [4ms]
2023-02-25 09:17:16.276 [info] > git show --textconv :src/scenes/cards/SubGreddiitCard.jsx [17ms]
2023-02-25 09:17:16.294 [info] > git ls-files --stage -- /home/devilunraveled/DASS/Assignment 1/frontend/frontend/src/scenes/cards/SubGreddiitCard.jsx [2ms]
2023-02-25 09:17:16.316 [info] > git cat-file -s e10e56b251392e8adeef17e59fe24ddc7a0da915 [5ms]
2023-02-25 09:19:19.003 [info] > git rev-parse --show-toplevel [6ms]
2023-02-25 09:19:19.003 [info] fatal: not a git repository (or any of the parent directories): .git
2023-02-25 09:21:17.120 [info] > git rev-parse --show-toplevel [2ms]
2023-02-25 09:21:17.120 [info] fatal: not a git repository (or any of the parent directories): .git
2023-02-25 09:23:06.434 [info] > git config --get commit.template [1ms]
2023-02-25 09:23:06.448 [info] > git for-each-ref --format=%(refname)%00%(upstream:short)%00%(objectname)%00%(upstream:track)%00%(upstream:remotename)%00%(upstream:remoteref) refs/heads/main refs/remotes/main [1ms]
2023-02-25 09:23:06.476 [info] > git status -z -uall [15ms]
2023-02-25 09:23:06.477 [info] > git for-each-ref --sort -committerdate --format %(refname) %(objectname) %(*objectname) [2ms]
2023-02-25 09:24:15.211 [info] > git config --get commit.template [1ms]
2023-02-25 09:24:15.221 [info] > git for-each-ref --format=%(refname)%00%(upstream:short)%00%(objectname)%00%(upstream:track)%00%(upstream:remotename)%00%(upstream:remoteref) refs/heads/main refs/remotes/main [1ms]
2023-02-25 09:24:15.244 [info] > git status -z -uall [11ms]
2023-02-25 09:24:15.245 [info] > git for-each-ref --sort -committerdate --format %(refname) %(objectname) %(*objectname) [1ms]
2023-02-25 09:26:12.189 [info] > git rev-parse --show-toplevel [5ms]
2023-02-25 09:26:12.189 [info] fatal: not a git repository (or any of the parent directories): .git
2023-02-25 09:27:47.355 [info] > git rev-parse --show-toplevel [2ms]
2023-02-25 09:27:47.355 [info] fatal: not a git repository (or any of the parent directories): .git
2023-02-25 09:27:47.399 [info] > git rev-parse --show-toplevel [5ms]
2023-02-25 09:27:47.399 [info] fatal: not a git repository (or any of the parent directories): .git
2023-02-25 09:27:47.427 [info] > git rev-parse --show-toplevel [7ms]
2023-02-25 09:27:47.427 [info] fatal: not a git repository (or any of the parent directories): .git
2023-02-25 09:28:27.633 [info] > git rev-parse --show-toplevel [2ms]
2023-02-25 09:28:27.633 [info] fatal: not a git repository (or any of the parent directories): .git
2023-02-25 09:28:27.700 [info] > git rev-parse --show-toplevel [3ms]
2023-02-25 09:28:27.700 [info] fatal: not a git repository (or any of the parent directories): .git
2023-02-25 09:31:03.228 [info] > git rev-parse --show-toplevel [2ms]
2023-02-25 09:31:03.228 [info] fatal: not a git repository (or any of the parent directories): .git
2023-02-25 09:31:03.385 [info] > git rev-parse --show-toplevel [6ms]
2023-02-25 09:31:03.385 [info] fatal: not a git repository (or any of the parent directories): .git
2023-02-25 09:31:03.404 [info] > git rev-parse --show-toplevel [5ms]
2023-02-25 09:31:03.405 [info] fatal: not a git repository (or any of the parent directories): .git
2023-02-25 09:34:37.669 [info] > git rev-parse --show-toplevel [2ms]
2023-02-25 09:34:37.669 [info] fatal: not a git repository (or any of the parent directories): .git
2023-02-25 09:34:37.745 [info] > git rev-parse --show-toplevel [3ms]
2023-02-25 09:34:37.745 [info] fatal: not a git repository (or any of the parent directories): .git
2023-02-25 09:34:38.102 [info] > git show --textconv :src/scenes/cards/FollowCard.jsx [24ms]
2023-02-25 09:34:38.102 [info] > git ls-files --stage -- /home/devilunraveled/DASS/Assignment 1/frontend/frontend/src/scenes/cards/FollowCard.jsx [4ms]
2023-02-25 09:34:38.125 [info] > git cat-file -s 74c9b14e77c23fb895ed4e30df9fb5f66ec4faec [3ms]
2023-02-25 09:35:17.996 [info] > git show --textconv :src/scenes/cards/RequestCard.jsx [23ms]
2023-02-25 09:35:17.997 [info] > git ls-files --stage -- /home/devilunraveled/DASS/Assignment 1/frontend/frontend/src/scenes/cards/RequestCard.jsx [2ms]
2023-02-25 09:35:18.253 [info] > git check-ignore -v -z --stdin [12ms]
2023-02-25 09:35:18.750 [info] > git config --get commit.template [2ms]
2023-02-25 09:35:18.768 [info] > git for-each-ref --format=%(refname)%00%(upstream:short)%00%(objectname)%00%(upstream:track)%00%(upstream:remotename)%00%(upstream:remoteref) refs/heads/main refs/remotes/main [1ms]
2023-02-25 09:35:18.797 [info] > git status -z -uall [17ms]
2023-02-25 09:35:18.798 [info] > git for-each-ref --sort -committerdate --format %(refname) %(objectname) %(*objectname) [3ms]
2023-02-25 09:49:54.119 [info] > git config --get commit.template [1ms]
2023-02-25 09:49:54.131 [info] > git for-each-ref --format=%(refname)%00%(upstream:short)%00%(objectname)%00%(upstream:track)%00%(upstream:remotename)%00%(upstream:remoteref) refs/heads/main refs/remotes/main [1ms]
2023-02-25 09:49:54.154 [info] > git status -z -uall [13ms]
2023-02-25 09:49:54.155 [info] > git for-each-ref --sort -committerdate --format %(refname) %(objectname) %(*objectname) [2ms]
2023-02-25 09:50:08.658 [info] > git config --get commit.template [0ms]
2023-02-25 09:50:08.669 [info] > git for-each-ref --format=%(refname)%00%(upstream:short)%00%(objectname)%00%(upstream:track)%00%(upstream:remotename)%00%(upstream:remoteref) refs/heads/main refs/remotes/main [1ms]
2023-02-25 09:50:08.689 [info] > git status -z -uall [11ms]
2023-02-25 09:50:08.690 [info] > git for-each-ref --sort -committerdate --format %(refname) %(objectname) %(*objectname) [1ms]
2023-02-25 09:51:09.630 [info] > git config --get commit.template [1ms]
2023-02-25 09:51:09.651 [info] > git for-each-ref --format=%(refname)%00%(upstream:short)%00%(objectname)%00%(upstream:track)%00%(upstream:remotename)%00%(upstream:remoteref) refs/heads/main refs/remotes/main [1ms]
2023-02-25 09:51:09.697 [info] > git status -z -uall [25ms]
2023-02-25 09:51:09.699 [info] > git for-each-ref --sort -committerdate --format %(refname) %(objectname) %(*objectname) [3ms]
2023-02-25 09:52:13.218 [info] > git show --textconv :src/scenes/SubGreddiit/SubGreddiitPage.jsx [28ms]
2023-02-25 09:52:13.218 [info] > git ls-files --stage -- /home/devilunraveled/DASS/Assignment 1/frontend/frontend/src/scenes/SubGreddiit/SubGreddiitPage.jsx [13ms]
2023-02-25 09:52:13.234 [info] > git cat-file -s 17ffbc7b7c6ec18219782b62ec0b4f3c4c3c713d [2ms]
2023-02-25 09:52:17.089 [info] > git show --textconv :src/scenes/SubGreddiit/SubGreddiitPages.jsx [55ms]
2023-02-25 09:52:17.089 [info] > git check-ignore -v -z --stdin [2ms]
2023-02-25 09:52:17.090 [info] > git ls-files --stage -- /home/devilunraveled/DASS/Assignment 1/frontend/frontend/src/scenes/SubGreddiit/SubGreddiitPages.jsx [25ms]
2023-02-25 09:52:17.587 [info] > git config --get commit.template [2ms]
2023-02-25 09:52:17.616 [info] > git for-each-ref --format=%(refname)%00%(upstream:short)%00%(objectname)%00%(upstream:track)%00%(upstream:remotename)%00%(upstream:remoteref) refs/heads/main refs/remotes/main [1ms]
2023-02-25 09:52:17.660 [info] > git status -z -uall [21ms]
2023-02-25 09:52:17.662 [info] > git for-each-ref --sort -committerdate --format %(refname) %(objectname) %(*objectname) [3ms]
2023-02-25 09:52:41.215 [info] > git show --textconv :src/scenes/SubGreddiit/SubGreddiitPage.jsx [20ms]
2023-02-25 09:52:41.250 [info] > git ls-files --stage -- /home/devilunraveled/DASS/Assignment 1/frontend/frontend/src/scenes/SubGreddiit/SubGreddiitPage.jsx [18ms]
2023-02-25 09:52:41.273 [info] > git cat-file -s 17ffbc7b7c6ec18219782b62ec0b4f3c4c3c713d [4ms]
2023-02-25 09:52:41.929 [info] > git config --get commit.template [2ms]
2023-02-25 09:52:41.953 [info] > git for-each-ref --format=%(refname)%00%(upstream:short)%00%(objectname)%00%(upstream:track)%00%(upstream:remotename)%00%(upstream:remoteref) refs/heads/main refs/remotes/main [2ms]
2023-02-25 09:52:41.989 [info] > git status -z -uall [17ms]
2023-02-25 09:52:41.990 [info] > git for-each-ref --sort -committerdate --format %(refname) %(objectname) %(*objectname) [2ms]
2023-02-25 09:58:08.434 [info] > git show --textconv :src/scenes/Dashboard/ProfilePage.jsx [23ms]
2023-02-25 09:58:08.434 [info] > git ls-files --stage -- /home/devilunraveled/DASS/Assignment 1/frontend/frontend/src/scenes/Dashboard/ProfilePage.jsx [4ms]
2023-02-25 09:58:08.453 [info] > git cat-file -s 31ff4a6e9a929a2cec9c3a33cd8eb9d4f0fad3e3 [3ms]
2023-02-25 10:01:31.464 [info] > git config --get commit.template [1ms]
2023-02-25 10:01:31.479 [info] > git for-each-ref --format=%(refname)%00%(upstream:short)%00%(objectname)%00%(upstream:track)%00%(upstream:remotename)%00%(upstream:remoteref) refs/heads/main refs/remotes/main [1ms]
2023-02-25 10:01:31.529 [info] > git status -z -uall [35ms]
2023-02-25 10:01:31.529 [info] > git for-each-ref --sort -committerdate --format %(refname) %(objectname) %(*objectname) [18ms]
