2023-03-11 15:45:17.713 [info] Reading sessions from keychain...
2023-03-11 15:45:17.713 [info] Getting sessions for all scopes...
2023-03-11 15:45:17.713 [info] Getting sessions for user:email...
2023-03-11 15:45:18.967 [info] Getting sessions for all scopes...
2023-03-11 15:45:22.996 [error] Getting token failed: Error: Unable to parse decrypted password
2023-03-11 15:45:22.996 [info] Got 0 sessions for ...
2023-03-11 15:45:22.996 [info] Got 0 sessions for user:email...
2023-03-11 15:45:22.996 [info] Got 0 sessions for ...
2023-03-11 15:45:23.069 [info] Getting sessions for all scopes...
2023-03-11 15:45:23.069 [info] Got 0 sessions for ...
2023-03-11 15:45:38.693 [info] Reading sessions from keychain...
2023-03-11 15:45:38.693 [info] Getting sessions for user:email...
2023-03-11 15:45:38.693 [error] Getting token failed: Error: Unable to parse decrypted password
2023-03-11 15:45:38.693 [info] Got 0 sessions for user:email...
2023-03-11 15:45:38.693 [info] Getting sessions for all scopes...
2023-03-11 15:45:38.693 [info] Got 0 sessions for ...
2023-03-11 15:45:38.728 [info] Getting sessions for all scopes...
2023-03-11 15:45:38.728 [info] Got 0 sessions for ...
2023-03-11 15:45:38.757 [info] Getting sessions for all scopes...
2023-03-11 15:45:38.757 [info] Got 0 sessions for ...
