2023-02-25 08:45:56.484 [info] Extension host with pid 1905 started
2023-02-25 08:45:56.484 [info] Skipping acquiring lock for /home/devilunraveled/.config/Code/User/workspaceStorage/d1bd6fcb2ce5cef3f00525bd17b1620d.
2023-02-25 08:45:56.548 [info] ExtensionService#_doActivateExtension ms-vscode.js-debug, startup: false, activationEvent: 'onLanguage:ReactNativeToolsOutput', root cause: msjsdiag.vscode-react-native
2023-02-25 08:45:56.613 [info] ExtensionService#_doActivateExtension vscode.emmet, startup: false, activationEvent: 'onLanguage'
2023-02-25 08:45:56.617 [info] ExtensionService#_doActivateExtension vscode.git-base, startup: true, activationEvent: '*', root cause: vscode.git
2023-02-25 08:45:56.619 [info] ExtensionService#_doActivateExtension donjayamanne.githistory, startup: true, activationEvent: '*'
2023-02-25 08:45:56.634 [info] ExtensionService#_doActivateExtension formulahendry.auto-close-tag, startup: true, activationEvent: '*'
2023-02-25 08:45:56.637 [info] ExtensionService#_doActivateExtension formulahendry.auto-rename-tag, startup: true, activationEvent: '*'
2023-02-25 08:45:56.646 [info] ExtensionService#_doActivateExtension vscodevim.vim, startup: true, activationEvent: '*'
2023-02-25 08:45:56.688 [info] ExtensionService#_doActivateExtension wayou.vscode-todo-highlight, startup: true, activationEvent: '*'
2023-02-25 08:45:56.764 [info] ExtensionService#_doActivateExtension msjsdiag.vscode-react-native, startup: false, activationEvent: 'onLanguage:ReactNativeToolsOutput'
2023-02-25 08:45:56.801 [info] ExtensionService#_doActivateExtension vscode.git, startup: true, activationEvent: '*'
2023-02-25 08:45:56.824 [info] ExtensionService#_doActivateExtension vscode.github, startup: true, activationEvent: '*'
2023-02-25 08:45:56.874 [info] ExtensionService#_doActivateExtension vscode.github-authentication, startup: false, activationEvent: 'onAuthenticationRequest:github'
2023-02-25 08:45:57.057 [info] Eager extensions activated
2023-02-25 08:45:57.092 [info] ExtensionService#_doActivateExtension vscode.debug-auto-launch, startup: false, activationEvent: 'onStartupFinished'
2023-02-25 08:45:57.094 [info] ExtensionService#_doActivateExtension vscode.merge-conflict, startup: false, activationEvent: 'onStartupFinished'
2023-02-25 08:45:57.104 [info] ExtensionService#_doActivateExtension aaron-bond.better-comments, startup: false, activationEvent: 'onStartupFinished'
2023-02-25 08:45:57.110 [info] ExtensionService#_doActivateExtension alefragnani.Bookmarks, startup: false, activationEvent: 'onStartupFinished'
2023-02-25 08:45:57.114 [info] ExtensionService#_doActivateExtension alefragnani.project-manager, startup: false, activationEvent: 'onStartupFinished'
2023-02-25 08:45:57.117 [info] ExtensionService#_doActivateExtension dbaeumer.vscode-eslint, startup: false, activationEvent: 'onStartupFinished'
2023-02-25 08:45:57.126 [info] ExtensionService#_doActivateExtension dsznajder.es7-react-js-snippets, startup: false, activationEvent: 'onStartupFinished'
2023-02-25 08:45:57.264 [info] ExtensionService#_doActivateExtension eamodio.gitlens, startup: false, activationEvent: 'onStartupFinished'
2023-02-25 08:45:57.285 [info] ExtensionService#_doActivateExtension vscode.npm, startup: false, activationEvent: 'onStartupFinished', root cause: esbenp.prettier-vscode
2023-02-25 08:45:57.293 [info] ExtensionService#_doActivateExtension formulahendry.code-runner, startup: false, activationEvent: 'onStartupFinished'
2023-02-25 08:45:57.314 [info] ExtensionService#_doActivateExtension streetsidesoftware.code-spell-checker, startup: false, activationEvent: 'onStartupFinished'
2023-02-25 08:45:57.330 [info] ExtensionService#_doActivateExtension vscode-icons-team.vscode-icons, startup: false, activationEvent: 'onStartupFinished'
2023-02-25 08:45:57.543 [info] ExtensionService#_doActivateExtension esbenp.prettier-vscode, startup: false, activationEvent: 'onStartupFinished'
2023-02-25 08:46:06.670 [info] ExtensionService#_doActivateExtension vscode.microsoft-authentication, startup: false, activationEvent: 'onAuthenticationRequest:microsoft'
2023-02-25 08:46:53.833 [info] ExtensionService#_doActivateExtension ms-azuretools.vscode-docker, startup: false, activationEvent: 'onLanguage:dockercompose'
2023-02-25 08:47:15.516 [error] TypeError: s.tmpDir is not a function
    at e._sendFirstFileOnDisk (/home/devilunraveled/.vscode/extensions/msjsdiag.vscode-react-native-1.10.0/dist/rn-extension.js:1:25358)
    at Timeout._onTimeout (/home/devilunraveled/.vscode/extensions/msjsdiag.vscode-react-native-1.10.0/dist/rn-extension.js:1:24162)
    at listOnTimeout (node:internal/timers:559:17)
    at processTimers (node:internal/timers:502:7)
2023-02-25 08:47:54.011 [info] Extension host terminating: renderer closed the MessagePort
2023-02-25 08:47:54.051 [error] Canceled: Canceled
    at new u (/var/lib/snapd/snap/code/119/usr/share/code/resources/app/out/vs/workbench/api/node/extensionHostProcess.js:96:88070)
    at l.O (/var/lib/snapd/snap/code/119/usr/share/code/resources/app/out/vs/workbench/api/node/extensionHostProcess.js:106:11276)
    at Proxy.V.<computed>.M.charCodeAt.V.<computed> (/var/lib/snapd/snap/code/119/usr/share/code/resources/app/out/vs/workbench/api/node/extensionHostProcess.js:106:8557)
    at s.g (/var/lib/snapd/snap/code/119/usr/share/code/resources/app/out/vs/workbench/api/node/extensionHostProcess.js:96:107430)
    at s.executeCommand (/var/lib/snapd/snap/code/119/usr/share/code/resources/app/out/vs/workbench/api/node/extensionHostProcess.js:96:106806)
    at w.registerCommand.description (/var/lib/snapd/snap/code/119/usr/share/code/resources/app/out/vs/workbench/api/node/extensionHostProcess.js:96:106099)
    at s.h (/var/lib/snapd/snap/code/119/usr/share/code/resources/app/out/vs/workbench/api/node/extensionHostProcess.js:96:108016)
    at s.g (/var/lib/snapd/snap/code/119/usr/share/code/resources/app/out/vs/workbench/api/node/extensionHostProcess.js:96:106906)
    at s.executeCommand (/var/lib/snapd/snap/code/119/usr/share/code/resources/app/out/vs/workbench/api/node/extensionHostProcess.js:96:106806)
    at Object.executeCommand (/var/lib/snapd/snap/code/119/usr/share/code/resources/app/out/vs/workbench/api/node/extensionHostProcess.js:117:30778)
    at D (/var/lib/snapd/snap/code/119/usr/share/code/resources/app/extensions/git/dist/main.js:2:2055373)
    at f.invoke (/var/lib/snapd/snap/code/119/usr/share/code/resources/app/out/vs/workbench/api/node/extensionHostProcess.js:63:145)
    at g.deliver (/var/lib/snapd/snap/code/119/usr/share/code/resources/app/out/vs/workbench/api/node/extensionHostProcess.js:63:2029)
    at d.fire (/var/lib/snapd/snap/code/119/usr/share/code/resources/app/out/vs/workbench/api/node/extensionHostProcess.js:63:1667)
    at Object.h [as dispose] (/var/lib/snapd/snap/code/119/usr/share/code/resources/app/extensions/git/dist/main.js:2:2070210)
    at /var/lib/snapd/snap/code/119/usr/share/code/resources/app/extensions/git/dist/main.js:2:2074277
    at Array.forEach (<anonymous>)
    at g.dispose (/var/lib/snapd/snap/code/119/usr/share/code/resources/app/extensions/git/dist/main.js:2:2074263)
    at C.<anonymous> (/var/lib/snapd/snap/code/119/usr/share/code/resources/app/out/vs/workbench/api/node/extensionHostProcess.js:94:12431)
    at C.dispose (/var/lib/snapd/snap/code/119/usr/share/code/resources/app/out/vs/workbench/api/node/extensionHostProcess.js:94:12566)
    at C.<anonymous> (/var/lib/snapd/snap/code/119/usr/share/code/resources/app/extensions/git/dist/main.js:2:2057503)
    at C.dispose (/var/lib/snapd/snap/code/119/usr/share/code/resources/app/out/vs/workbench/api/node/extensionHostProcess.js:94:12566)
    at T (/var/lib/snapd/snap/code/119/usr/share/code/resources/app/out/vs/workbench/api/node/extensionHostProcess.js:10:12072)
    at f.X (/var/lib/snapd/snap/code/119/usr/share/code/resources/app/out/vs/workbench/api/node/extensionHostProcess.js:108:11242)
    at /var/lib/snapd/snap/code/119/usr/share/code/resources/app/out/vs/workbench/api/node/extensionHostProcess.js:108:9037
    at Array.map (<anonymous>)
    at f.Q (/var/lib/snapd/snap/code/119/usr/share/code/resources/app/out/vs/workbench/api/node/extensionHostProcess.js:108:9024)
    at f.terminate (/var/lib/snapd/snap/code/119/usr/share/code/resources/app/out/vs/workbench/api/node/extensionHostProcess.js:108:9298)
    at h.terminate (/var/lib/snapd/snap/code/119/usr/share/code/resources/app/out/vs/workbench/api/node/extensionHostProcess.js:112:1397)
    at p (/var/lib/snapd/snap/code/119/usr/share/code/resources/app/out/vs/workbench/api/node/extensionHostProcess.js:122:17851)
    at MessagePortMain.<anonymous> (/var/lib/snapd/snap/code/119/usr/share/code/resources/app/out/vs/workbench/api/node/extensionHostProcess.js:122:13990)
    at MessagePortMain.emit (node:events:526:28)
    at Object.MessagePortMain._internalPort.emit (node:electron/js2c/utility_init:5:364) setContext undefined
2023-02-25 08:47:54.052 [error] Canceled: Canceled
    at new u (/var/lib/snapd/snap/code/119/usr/share/code/resources/app/out/vs/workbench/api/node/extensionHostProcess.js:96:88070)
    at l.O (/var/lib/snapd/snap/code/119/usr/share/code/resources/app/out/vs/workbench/api/node/extensionHostProcess.js:106:11276)
    at Proxy.V.<computed>.M.charCodeAt.V.<computed> (/var/lib/snapd/snap/code/119/usr/share/code/resources/app/out/vs/workbench/api/node/extensionHostProcess.js:106:8557)
    at s.g (/var/lib/snapd/snap/code/119/usr/share/code/resources/app/out/vs/workbench/api/node/extensionHostProcess.js:96:107430)
    at s.executeCommand (/var/lib/snapd/snap/code/119/usr/share/code/resources/app/out/vs/workbench/api/node/extensionHostProcess.js:96:106806)
    at w.registerCommand.description (/var/lib/snapd/snap/code/119/usr/share/code/resources/app/out/vs/workbench/api/node/extensionHostProcess.js:96:106099)
    at s.h (/var/lib/snapd/snap/code/119/usr/share/code/resources/app/out/vs/workbench/api/node/extensionHostProcess.js:96:108016)
    at s.g (/var/lib/snapd/snap/code/119/usr/share/code/resources/app/out/vs/workbench/api/node/extensionHostProcess.js:96:106906)
    at s.executeCommand (/var/lib/snapd/snap/code/119/usr/share/code/resources/app/out/vs/workbench/api/node/extensionHostProcess.js:96:106806)
    at Object.executeCommand (/var/lib/snapd/snap/code/119/usr/share/code/resources/app/out/vs/workbench/api/node/extensionHostProcess.js:117:30778)
    at c (/home/devilunraveled/.vscode/extensions/eamodio.gitlens-13.3.1/dist/gitlens.js:1:991281)
    at GitProviderService.setEnabledContext (/home/devilunraveled/.vscode/extensions/eamodio.gitlens-13.3.1/dist/gitlens.js:1:719772)
    at GitProviderService.S.<computed> (/home/devilunraveled/.vscode/extensions/eamodio.gitlens-13.3.1/dist/gitlens.js:1:1254640)
    at GitProviderService.updateContext (/home/devilunraveled/.vscode/extensions/eamodio.gitlens-13.3.1/dist/gitlens.js:1:720061)
    at /home/devilunraveled/.vscode/extensions/eamodio.gitlens-13.3.1/dist/gitlens.js:1:713767
    at f.invoke (/var/lib/snapd/snap/code/119/usr/share/code/resources/app/out/vs/workbench/api/node/extensionHostProcess.js:63:145)
    at g.deliver (/var/lib/snapd/snap/code/119/usr/share/code/resources/app/out/vs/workbench/api/node/extensionHostProcess.js:63:2029)
    at d.fire (/var/lib/snapd/snap/code/119/usr/share/code/resources/app/out/vs/workbench/api/node/extensionHostProcess.js:63:1667)
    at LocalGitProvider.onRepositoryChanged (/home/devilunraveled/.vscode/extensions/eamodio.gitlens-13.3.1/dist/gitlens.js:1:94150)
    at W.fireChange (/home/devilunraveled/.vscode/extensions/eamodio.gitlens-13.3.1/dist/gitlens.js:1:1178651)
    at W.S.<computed> (/home/devilunraveled/.vscode/extensions/eamodio.gitlens-13.3.1/dist/gitlens.js:1:1254640)
    at W.set closed [as closed] (/home/devilunraveled/.vscode/extensions/eamodio.gitlens-13.3.1/dist/gitlens.js:1:1168388)
    at /home/devilunraveled/.vscode/extensions/eamodio.gitlens-13.3.1/dist/gitlens.js:1:714025
    at f.invoke (/var/lib/snapd/snap/code/119/usr/share/code/resources/app/out/vs/workbench/api/node/extensionHostProcess.js:63:145)
    at g.deliver (/var/lib/snapd/snap/code/119/usr/share/code/resources/app/out/vs/workbench/api/node/extensionHostProcess.js:63:2029)
    at d.fire (/var/lib/snapd/snap/code/119/usr/share/code/resources/app/out/vs/workbench/api/node/extensionHostProcess.js:63:1667)
    at /home/devilunraveled/.vscode/extensions/eamodio.gitlens-13.3.1/dist/gitlens.js:1:94602
    at /var/lib/snapd/snap/code/119/usr/share/code/resources/app/extensions/git/dist/main.js:2:2141211
    at f.invoke (/var/lib/snapd/snap/code/119/usr/share/code/resources/app/out/vs/workbench/api/node/extensionHostProcess.js:63:145)
    at g.deliver (/var/lib/snapd/snap/code/119/usr/share/code/resources/app/out/vs/workbench/api/node/extensionHostProcess.js:63:2029)
    at d.fire (/var/lib/snapd/snap/code/119/usr/share/code/resources/app/out/vs/workbench/api/node/extensionHostProcess.js:63:1667)
    at Object.h [as dispose] (/var/lib/snapd/snap/code/119/usr/share/code/resources/app/extensions/git/dist/main.js:2:2070210)
    at /var/lib/snapd/snap/code/119/usr/share/code/resources/app/extensions/git/dist/main.js:2:2074277
    at Array.forEach (<anonymous>)
    at g.dispose (/var/lib/snapd/snap/code/119/usr/share/code/resources/app/extensions/git/dist/main.js:2:2074263)
    at C.<anonymous> (/var/lib/snapd/snap/code/119/usr/share/code/resources/app/out/vs/workbench/api/node/extensionHostProcess.js:94:12431)
    at C.dispose (/var/lib/snapd/snap/code/119/usr/share/code/resources/app/out/vs/workbench/api/node/extensionHostProcess.js:94:12566)
    at C.<anonymous> (/var/lib/snapd/snap/code/119/usr/share/code/resources/app/extensions/git/dist/main.js:2:2057503)
    at C.dispose (/var/lib/snapd/snap/code/119/usr/share/code/resources/app/out/vs/workbench/api/node/extensionHostProcess.js:94:12566)
    at T (/var/lib/snapd/snap/code/119/usr/share/code/resources/app/out/vs/workbench/api/node/extensionHostProcess.js:10:12072)
    at f.X (/var/lib/snapd/snap/code/119/usr/share/code/resources/app/out/vs/workbench/api/node/extensionHostProcess.js:108:11242)
    at /var/lib/snapd/snap/code/119/usr/share/code/resources/app/out/vs/workbench/api/node/extensionHostProcess.js:108:9037
    at Array.map (<anonymous>)
    at f.Q (/var/lib/snapd/snap/code/119/usr/share/code/resources/app/out/vs/workbench/api/node/extensionHostProcess.js:108:9024)
    at f.terminate (/var/lib/snapd/snap/code/119/usr/share/code/resources/app/out/vs/workbench/api/node/extensionHostProcess.js:108:9298)
    at h.terminate (/var/lib/snapd/snap/code/119/usr/share/code/resources/app/out/vs/workbench/api/node/extensionHostProcess.js:112:1397)
    at p (/var/lib/snapd/snap/code/119/usr/share/code/resources/app/out/vs/workbench/api/node/extensionHostProcess.js:122:17851)
    at MessagePortMain.<anonymous> (/var/lib/snapd/snap/code/119/usr/share/code/resources/app/out/vs/workbench/api/node/extensionHostProcess.js:122:13990)
    at MessagePortMain.emit (node:events:526:28)
    at Object.MessagePortMain._internalPort.emit (node:electron/js2c/utility_init:5:364) setContext undefined
2023-02-25 08:47:54.053 [error] Canceled: Canceled
    at new u (/var/lib/snapd/snap/code/119/usr/share/code/resources/app/out/vs/workbench/api/node/extensionHostProcess.js:96:88070)
    at l.O (/var/lib/snapd/snap/code/119/usr/share/code/resources/app/out/vs/workbench/api/node/extensionHostProcess.js:106:11276)
    at Proxy.V.<computed>.M.charCodeAt.V.<computed> (/var/lib/snapd/snap/code/119/usr/share/code/resources/app/out/vs/workbench/api/node/extensionHostProcess.js:106:8557)
    at s.g (/var/lib/snapd/snap/code/119/usr/share/code/resources/app/out/vs/workbench/api/node/extensionHostProcess.js:96:107430)
    at s.executeCommand (/var/lib/snapd/snap/code/119/usr/share/code/resources/app/out/vs/workbench/api/node/extensionHostProcess.js:96:106806)
    at w.registerCommand.description (/var/lib/snapd/snap/code/119/usr/share/code/resources/app/out/vs/workbench/api/node/extensionHostProcess.js:96:106099)
    at s.h (/var/lib/snapd/snap/code/119/usr/share/code/resources/app/out/vs/workbench/api/node/extensionHostProcess.js:96:108016)
    at s.g (/var/lib/snapd/snap/code/119/usr/share/code/resources/app/out/vs/workbench/api/node/extensionHostProcess.js:96:106906)
    at s.executeCommand (/var/lib/snapd/snap/code/119/usr/share/code/resources/app/out/vs/workbench/api/node/extensionHostProcess.js:96:106806)
    at Object.executeCommand (/var/lib/snapd/snap/code/119/usr/share/code/resources/app/out/vs/workbench/api/node/extensionHostProcess.js:117:30778)
    at c (/home/devilunraveled/.vscode/extensions/eamodio.gitlens-13.3.1/dist/gitlens.js:1:991281)
    at GitProviderService.setEnabledContext (/home/devilunraveled/.vscode/extensions/eamodio.gitlens-13.3.1/dist/gitlens.js:1:719860)
    at GitProviderService.S.<computed> (/home/devilunraveled/.vscode/extensions/eamodio.gitlens-13.3.1/dist/gitlens.js:1:1254640)
    at GitProviderService.updateContext (/home/devilunraveled/.vscode/extensions/eamodio.gitlens-13.3.1/dist/gitlens.js:1:720061)
    at /home/devilunraveled/.vscode/extensions/eamodio.gitlens-13.3.1/dist/gitlens.js:1:713767
    at f.invoke (/var/lib/snapd/snap/code/119/usr/share/code/resources/app/out/vs/workbench/api/node/extensionHostProcess.js:63:145)
    at g.deliver (/var/lib/snapd/snap/code/119/usr/share/code/resources/app/out/vs/workbench/api/node/extensionHostProcess.js:63:2029)
    at d.fire (/var/lib/snapd/snap/code/119/usr/share/code/resources/app/out/vs/workbench/api/node/extensionHostProcess.js:63:1667)
    at LocalGitProvider.onRepositoryChanged (/home/devilunraveled/.vscode/extensions/eamodio.gitlens-13.3.1/dist/gitlens.js:1:94150)
    at W.fireChange (/home/devilunraveled/.vscode/extensions/eamodio.gitlens-13.3.1/dist/gitlens.js:1:1178651)
    at W.S.<computed> (/home/devilunraveled/.vscode/extensions/eamodio.gitlens-13.3.1/dist/gitlens.js:1:1254640)
    at W.set closed [as closed] (/home/devilunraveled/.vscode/extensions/eamodio.gitlens-13.3.1/dist/gitlens.js:1:1168388)
    at /home/devilunraveled/.vscode/extensions/eamodio.gitlens-13.3.1/dist/gitlens.js:1:714025
    at f.invoke (/var/lib/snapd/snap/code/119/usr/share/code/resources/app/out/vs/workbench/api/node/extensionHostProcess.js:63:145)
    at g.deliver (/var/lib/snapd/snap/code/119/usr/share/code/resources/app/out/vs/workbench/api/node/extensionHostProcess.js:63:2029)
    at d.fire (/var/lib/snapd/snap/code/119/usr/share/code/resources/app/out/vs/workbench/api/node/extensionHostProcess.js:63:1667)
    at /home/devilunraveled/.vscode/extensions/eamodio.gitlens-13.3.1/dist/gitlens.js:1:94602
    at /var/lib/snapd/snap/code/119/usr/share/code/resources/app/extensions/git/dist/main.js:2:2141211
    at f.invoke (/var/lib/snapd/snap/code/119/usr/share/code/resources/app/out/vs/workbench/api/node/extensionHostProcess.js:63:145)
    at g.deliver (/var/lib/snapd/snap/code/119/usr/share/code/resources/app/out/vs/workbench/api/node/extensionHostProcess.js:63:2029)
    at d.fire (/var/lib/snapd/snap/code/119/usr/share/code/resources/app/out/vs/workbench/api/node/extensionHostProcess.js:63:1667)
    at Object.h [as dispose] (/var/lib/snapd/snap/code/119/usr/share/code/resources/app/extensions/git/dist/main.js:2:2070210)
    at /var/lib/snapd/snap/code/119/usr/share/code/resources/app/extensions/git/dist/main.js:2:2074277
    at Array.forEach (<anonymous>)
    at g.dispose (/var/lib/snapd/snap/code/119/usr/share/code/resources/app/extensions/git/dist/main.js:2:2074263)
    at C.<anonymous> (/var/lib/snapd/snap/code/119/usr/share/code/resources/app/out/vs/workbench/api/node/extensionHostProcess.js:94:12431)
    at C.dispose (/var/lib/snapd/snap/code/119/usr/share/code/resources/app/out/vs/workbench/api/node/extensionHostProcess.js:94:12566)
    at C.<anonymous> (/var/lib/snapd/snap/code/119/usr/share/code/resources/app/extensions/git/dist/main.js:2:2057503)
    at C.dispose (/var/lib/snapd/snap/code/119/usr/share/code/resources/app/out/vs/workbench/api/node/extensionHostProcess.js:94:12566)
    at T (/var/lib/snapd/snap/code/119/usr/share/code/resources/app/out/vs/workbench/api/node/extensionHostProcess.js:10:12072)
    at f.X (/var/lib/snapd/snap/code/119/usr/share/code/resources/app/out/vs/workbench/api/node/extensionHostProcess.js:108:11242)
    at /var/lib/snapd/snap/code/119/usr/share/code/resources/app/out/vs/workbench/api/node/extensionHostProcess.js:108:9037
    at Array.map (<anonymous>)
    at f.Q (/var/lib/snapd/snap/code/119/usr/share/code/resources/app/out/vs/workbench/api/node/extensionHostProcess.js:108:9024)
    at f.terminate (/var/lib/snapd/snap/code/119/usr/share/code/resources/app/out/vs/workbench/api/node/extensionHostProcess.js:108:9298)
    at h.terminate (/var/lib/snapd/snap/code/119/usr/share/code/resources/app/out/vs/workbench/api/node/extensionHostProcess.js:112:1397)
    at p (/var/lib/snapd/snap/code/119/usr/share/code/resources/app/out/vs/workbench/api/node/extensionHostProcess.js:122:17851)
    at MessagePortMain.<anonymous> (/var/lib/snapd/snap/code/119/usr/share/code/resources/app/out/vs/workbench/api/node/extensionHostProcess.js:122:13990)
    at MessagePortMain.emit (node:events:526:28)
    at Object.MessagePortMain._internalPort.emit (node:electron/js2c/utility_init:5:364) setContext undefined
2023-02-25 08:47:54.053 [error] Canceled: Canceled
    at new u (/var/lib/snapd/snap/code/119/usr/share/code/resources/app/out/vs/workbench/api/node/extensionHostProcess.js:96:88070)
    at l.O (/var/lib/snapd/snap/code/119/usr/share/code/resources/app/out/vs/workbench/api/node/extensionHostProcess.js:106:11276)
    at Proxy.V.<computed>.M.charCodeAt.V.<computed> (/var/lib/snapd/snap/code/119/usr/share/code/resources/app/out/vs/workbench/api/node/extensionHostProcess.js:106:8557)
    at s.g (/var/lib/snapd/snap/code/119/usr/share/code/resources/app/out/vs/workbench/api/node/extensionHostProcess.js:96:107430)
    at s.executeCommand (/var/lib/snapd/snap/code/119/usr/share/code/resources/app/out/vs/workbench/api/node/extensionHostProcess.js:96:106806)
    at w.registerCommand.description (/var/lib/snapd/snap/code/119/usr/share/code/resources/app/out/vs/workbench/api/node/extensionHostProcess.js:96:106099)
    at s.h (/var/lib/snapd/snap/code/119/usr/share/code/resources/app/out/vs/workbench/api/node/extensionHostProcess.js:96:108016)
    at s.g (/var/lib/snapd/snap/code/119/usr/share/code/resources/app/out/vs/workbench/api/node/extensionHostProcess.js:96:106906)
    at s.executeCommand (/var/lib/snapd/snap/code/119/usr/share/code/resources/app/out/vs/workbench/api/node/extensionHostProcess.js:96:106806)
    at Object.executeCommand (/var/lib/snapd/snap/code/119/usr/share/code/resources/app/out/vs/workbench/api/node/extensionHostProcess.js:117:30778)
    at c (/home/devilunraveled/.vscode/extensions/eamodio.gitlens-13.3.1/dist/gitlens.js:1:991281)
    at ActionRunners._updateContextKeys (/home/devilunraveled/.vscode/extensions/eamodio.gitlens-13.3.1/dist/gitlens.js:1:12768)
    at s (/home/devilunraveled/.vscode/extensions/eamodio.gitlens-13.3.1/dist/gitlens.js:1:11187)
    at RegisteredActionRunner.unregister (/home/devilunraveled/.vscode/extensions/eamodio.gitlens-13.3.1/dist/gitlens.js:1:11331)
    at RegisteredActionRunner.dispose (/home/devilunraveled/.vscode/extensions/eamodio.gitlens-13.3.1/dist/gitlens.js:1:9993)
    at ActionRunners.dispose (/home/devilunraveled/.vscode/extensions/eamodio.gitlens-13.3.1/dist/gitlens.js:1:10772)
    at T (/var/lib/snapd/snap/code/119/usr/share/code/resources/app/out/vs/workbench/api/node/extensionHostProcess.js:10:12072)
    at f.X (/var/lib/snapd/snap/code/119/usr/share/code/resources/app/out/vs/workbench/api/node/extensionHostProcess.js:108:11242)
    at /var/lib/snapd/snap/code/119/usr/share/code/resources/app/out/vs/workbench/api/node/extensionHostProcess.js:108:9037
    at Array.map (<anonymous>)
    at f.Q (/var/lib/snapd/snap/code/119/usr/share/code/resources/app/out/vs/workbench/api/node/extensionHostProcess.js:108:9024)
    at f.terminate (/var/lib/snapd/snap/code/119/usr/share/code/resources/app/out/vs/workbench/api/node/extensionHostProcess.js:108:9298)
    at h.terminate (/var/lib/snapd/snap/code/119/usr/share/code/resources/app/out/vs/workbench/api/node/extensionHostProcess.js:112:1397)
    at p (/var/lib/snapd/snap/code/119/usr/share/code/resources/app/out/vs/workbench/api/node/extensionHostProcess.js:122:17851)
    at MessagePortMain.<anonymous> (/var/lib/snapd/snap/code/119/usr/share/code/resources/app/out/vs/workbench/api/node/extensionHostProcess.js:122:13990)
    at MessagePortMain.emit (node:events:526:28)
    at Object.MessagePortMain._internalPort.emit (node:electron/js2c/utility_init:5:364) setContext undefined
2023-02-25 08:47:54.054 [error] Canceled: Canceled
    at new u (/var/lib/snapd/snap/code/119/usr/share/code/resources/app/out/vs/workbench/api/node/extensionHostProcess.js:96:88070)
    at l.O (/var/lib/snapd/snap/code/119/usr/share/code/resources/app/out/vs/workbench/api/node/extensionHostProcess.js:106:11276)
    at Proxy.V.<computed>.M.charCodeAt.V.<computed> (/var/lib/snapd/snap/code/119/usr/share/code/resources/app/out/vs/workbench/api/node/extensionHostProcess.js:106:8557)
    at s.g (/var/lib/snapd/snap/code/119/usr/share/code/resources/app/out/vs/workbench/api/node/extensionHostProcess.js:96:107430)
    at s.executeCommand (/var/lib/snapd/snap/code/119/usr/share/code/resources/app/out/vs/workbench/api/node/extensionHostProcess.js:96:106806)
    at w.registerCommand.description (/var/lib/snapd/snap/code/119/usr/share/code/resources/app/out/vs/workbench/api/node/extensionHostProcess.js:96:106099)
    at s.h (/var/lib/snapd/snap/code/119/usr/share/code/resources/app/out/vs/workbench/api/node/extensionHostProcess.js:96:108016)
    at s.g (/var/lib/snapd/snap/code/119/usr/share/code/resources/app/out/vs/workbench/api/node/extensionHostProcess.js:96:106906)
    at s.executeCommand (/var/lib/snapd/snap/code/119/usr/share/code/resources/app/out/vs/workbench/api/node/extensionHostProcess.js:96:106806)
    at Object.executeCommand (/var/lib/snapd/snap/code/119/usr/share/code/resources/app/out/vs/workbench/api/node/extensionHostProcess.js:117:30778)
    at c (/home/devilunraveled/.vscode/extensions/eamodio.gitlens-13.3.1/dist/gitlens.js:1:991281)
    at ActionRunners._updateContextKeys (/home/devilunraveled/.vscode/extensions/eamodio.gitlens-13.3.1/dist/gitlens.js:1:12768)
    at s (/home/devilunraveled/.vscode/extensions/eamodio.gitlens-13.3.1/dist/gitlens.js:1:11187)
    at RegisteredActionRunner.unregister (/home/devilunraveled/.vscode/extensions/eamodio.gitlens-13.3.1/dist/gitlens.js:1:11331)
    at RegisteredActionRunner.dispose (/home/devilunraveled/.vscode/extensions/eamodio.gitlens-13.3.1/dist/gitlens.js:1:9993)
    at ActionRunners.dispose (/home/devilunraveled/.vscode/extensions/eamodio.gitlens-13.3.1/dist/gitlens.js:1:10772)
    at T (/var/lib/snapd/snap/code/119/usr/share/code/resources/app/out/vs/workbench/api/node/extensionHostProcess.js:10:12072)
    at f.X (/var/lib/snapd/snap/code/119/usr/share/code/resources/app/out/vs/workbench/api/node/extensionHostProcess.js:108:11242)
    at /var/lib/snapd/snap/code/119/usr/share/code/resources/app/out/vs/workbench/api/node/extensionHostProcess.js:108:9037
    at Array.map (<anonymous>)
    at f.Q (/var/lib/snapd/snap/code/119/usr/share/code/resources/app/out/vs/workbench/api/node/extensionHostProcess.js:108:9024)
    at f.terminate (/var/lib/snapd/snap/code/119/usr/share/code/resources/app/out/vs/workbench/api/node/extensionHostProcess.js:108:9298)
    at h.terminate (/var/lib/snapd/snap/code/119/usr/share/code/resources/app/out/vs/workbench/api/node/extensionHostProcess.js:112:1397)
    at p (/var/lib/snapd/snap/code/119/usr/share/code/resources/app/out/vs/workbench/api/node/extensionHostProcess.js:122:17851)
    at MessagePortMain.<anonymous> (/var/lib/snapd/snap/code/119/usr/share/code/resources/app/out/vs/workbench/api/node/extensionHostProcess.js:122:13990)
    at MessagePortMain.emit (node:events:526:28)
    at Object.MessagePortMain._internalPort.emit (node:electron/js2c/utility_init:5:364) setContext undefined
2023-02-25 08:47:54.056 [error] Canceled: Canceled
    at new u (/var/lib/snapd/snap/code/119/usr/share/code/resources/app/out/vs/workbench/api/node/extensionHostProcess.js:96:88070)
    at l.O (/var/lib/snapd/snap/code/119/usr/share/code/resources/app/out/vs/workbench/api/node/extensionHostProcess.js:106:11276)
    at Proxy.V.<computed>.M.charCodeAt.V.<computed> (/var/lib/snapd/snap/code/119/usr/share/code/resources/app/out/vs/workbench/api/node/extensionHostProcess.js:106:8557)
    at s.g (/var/lib/snapd/snap/code/119/usr/share/code/resources/app/out/vs/workbench/api/node/extensionHostProcess.js:96:107430)
    at s.executeCommand (/var/lib/snapd/snap/code/119/usr/share/code/resources/app/out/vs/workbench/api/node/extensionHostProcess.js:96:106806)
    at w.registerCommand.description (/var/lib/snapd/snap/code/119/usr/share/code/resources/app/out/vs/workbench/api/node/extensionHostProcess.js:96:106099)
    at s.h (/var/lib/snapd/snap/code/119/usr/share/code/resources/app/out/vs/workbench/api/node/extensionHostProcess.js:96:108016)
    at s.g (/var/lib/snapd/snap/code/119/usr/share/code/resources/app/out/vs/workbench/api/node/extensionHostProcess.js:96:106906)
    at s.executeCommand (/var/lib/snapd/snap/code/119/usr/share/code/resources/app/out/vs/workbench/api/node/extensionHostProcess.js:96:106806)
    at Object.executeCommand (/var/lib/snapd/snap/code/119/usr/share/code/resources/app/out/vs/workbench/api/node/extensionHostProcess.js:117:30778)
    at c (/home/devilunraveled/.vscode/extensions/eamodio.gitlens-13.3.1/dist/gitlens.js:1:991281)
    at ActionRunners._updateContextKeys (/home/devilunraveled/.vscode/extensions/eamodio.gitlens-13.3.1/dist/gitlens.js:1:12768)
    at s (/home/devilunraveled/.vscode/extensions/eamodio.gitlens-13.3.1/dist/gitlens.js:1:11187)
    at RegisteredActionRunner.unregister (/home/devilunraveled/.vscode/extensions/eamodio.gitlens-13.3.1/dist/gitlens.js:1:11331)
    at RegisteredActionRunner.dispose (/home/devilunraveled/.vscode/extensions/eamodio.gitlens-13.3.1/dist/gitlens.js:1:9993)
    at ActionRunners.dispose (/home/devilunraveled/.vscode/extensions/eamodio.gitlens-13.3.1/dist/gitlens.js:1:10772)
    at T (/var/lib/snapd/snap/code/119/usr/share/code/resources/app/out/vs/workbench/api/node/extensionHostProcess.js:10:12072)
    at f.X (/var/lib/snapd/snap/code/119/usr/share/code/resources/app/out/vs/workbench/api/node/extensionHostProcess.js:108:11242)
    at /var/lib/snapd/snap/code/119/usr/share/code/resources/app/out/vs/workbench/api/node/extensionHostProcess.js:108:9037
    at Array.map (<anonymous>)
    at f.Q (/var/lib/snapd/snap/code/119/usr/share/code/resources/app/out/vs/workbench/api/node/extensionHostProcess.js:108:9024)
    at f.terminate (/var/lib/snapd/snap/code/119/usr/share/code/resources/app/out/vs/workbench/api/node/extensionHostProcess.js:108:9298)
    at h.terminate (/var/lib/snapd/snap/code/119/usr/share/code/resources/app/out/vs/workbench/api/node/extensionHostProcess.js:112:1397)
    at p (/var/lib/snapd/snap/code/119/usr/share/code/resources/app/out/vs/workbench/api/node/extensionHostProcess.js:122:17851)
    at MessagePortMain.<anonymous> (/var/lib/snapd/snap/code/119/usr/share/code/resources/app/out/vs/workbench/api/node/extensionHostProcess.js:122:13990)
    at MessagePortMain.emit (node:events:526:28)
    at Object.MessagePortMain._internalPort.emit (node:electron/js2c/utility_init:5:364) setContext undefined
2023-02-25 08:47:54.056 [error] Canceled: Canceled
    at new u (/var/lib/snapd/snap/code/119/usr/share/code/resources/app/out/vs/workbench/api/node/extensionHostProcess.js:96:88070)
    at l.O (/var/lib/snapd/snap/code/119/usr/share/code/resources/app/out/vs/workbench/api/node/extensionHostProcess.js:106:11276)
    at Proxy.V.<computed>.M.charCodeAt.V.<computed> (/var/lib/snapd/snap/code/119/usr/share/code/resources/app/out/vs/workbench/api/node/extensionHostProcess.js:106:8557)
    at s.g (/var/lib/snapd/snap/code/119/usr/share/code/resources/app/out/vs/workbench/api/node/extensionHostProcess.js:96:107430)
    at s.executeCommand (/var/lib/snapd/snap/code/119/usr/share/code/resources/app/out/vs/workbench/api/node/extensionHostProcess.js:96:106806)
    at w.registerCommand.description (/var/lib/snapd/snap/code/119/usr/share/code/resources/app/out/vs/workbench/api/node/extensionHostProcess.js:96:106099)
    at s.h (/var/lib/snapd/snap/code/119/usr/share/code/resources/app/out/vs/workbench/api/node/extensionHostProcess.js:96:108016)
    at s.g (/var/lib/snapd/snap/code/119/usr/share/code/resources/app/out/vs/workbench/api/node/extensionHostProcess.js:96:106906)
    at s.executeCommand (/var/lib/snapd/snap/code/119/usr/share/code/resources/app/out/vs/workbench/api/node/extensionHostProcess.js:96:106806)
    at Object.executeCommand (/var/lib/snapd/snap/code/119/usr/share/code/resources/app/out/vs/workbench/api/node/extensionHostProcess.js:117:30778)
    at c (/home/devilunraveled/.vscode/extensions/eamodio.gitlens-13.3.1/dist/gitlens.js:1:991281)
    at ActionRunners._updateContextKeys (/home/devilunraveled/.vscode/extensions/eamodio.gitlens-13.3.1/dist/gitlens.js:1:12768)
    at s (/home/devilunraveled/.vscode/extensions/eamodio.gitlens-13.3.1/dist/gitlens.js:1:11187)
    at RegisteredActionRunner.unregister (/home/devilunraveled/.vscode/extensions/eamodio.gitlens-13.3.1/dist/gitlens.js:1:11331)
    at RegisteredActionRunner.dispose (/home/devilunraveled/.vscode/extensions/eamodio.gitlens-13.3.1/dist/gitlens.js:1:9993)
    at Object.dispose (/home/devilunraveled/.vscode/extensions/eamodio.gitlens-13.3.1/dist/gitlens.js:1:11428)
    at T (/var/lib/snapd/snap/code/119/usr/share/code/resources/app/out/vs/workbench/api/node/extensionHostProcess.js:10:12072)
    at f.X (/var/lib/snapd/snap/code/119/usr/share/code/resources/app/out/vs/workbench/api/node/extensionHostProcess.js:108:11242)
    at /var/lib/snapd/snap/code/119/usr/share/code/resources/app/out/vs/workbench/api/node/extensionHostProcess.js:108:9037
    at Array.map (<anonymous>)
    at f.Q (/var/lib/snapd/snap/code/119/usr/share/code/resources/app/out/vs/workbench/api/node/extensionHostProcess.js:108:9024)
    at f.terminate (/var/lib/snapd/snap/code/119/usr/share/code/resources/app/out/vs/workbench/api/node/extensionHostProcess.js:108:9298)
    at h.terminate (/var/lib/snapd/snap/code/119/usr/share/code/resources/app/out/vs/workbench/api/node/extensionHostProcess.js:112:1397)
    at p (/var/lib/snapd/snap/code/119/usr/share/code/resources/app/out/vs/workbench/api/node/extensionHostProcess.js:122:17851)
    at MessagePortMain.<anonymous> (/var/lib/snapd/snap/code/119/usr/share/code/resources/app/out/vs/workbench/api/node/extensionHostProcess.js:122:13990)
    at MessagePortMain.emit (node:events:526:28)
    at Object.MessagePortMain._internalPort.emit (node:electron/js2c/utility_init:5:364) setContext undefined
2023-02-25 08:47:54.057 [error] Canceled: Canceled
    at new u (/var/lib/snapd/snap/code/119/usr/share/code/resources/app/out/vs/workbench/api/node/extensionHostProcess.js:96:88070)
    at l.O (/var/lib/snapd/snap/code/119/usr/share/code/resources/app/out/vs/workbench/api/node/extensionHostProcess.js:106:11276)
    at Proxy.V.<computed>.M.charCodeAt.V.<computed> (/var/lib/snapd/snap/code/119/usr/share/code/resources/app/out/vs/workbench/api/node/extensionHostProcess.js:106:8557)
    at s.g (/var/lib/snapd/snap/code/119/usr/share/code/resources/app/out/vs/workbench/api/node/extensionHostProcess.js:96:107430)
    at s.executeCommand (/var/lib/snapd/snap/code/119/usr/share/code/resources/app/out/vs/workbench/api/node/extensionHostProcess.js:96:106806)
    at w.registerCommand.description (/var/lib/snapd/snap/code/119/usr/share/code/resources/app/out/vs/workbench/api/node/extensionHostProcess.js:96:106099)
    at s.h (/var/lib/snapd/snap/code/119/usr/share/code/resources/app/out/vs/workbench/api/node/extensionHostProcess.js:96:108016)
    at s.g (/var/lib/snapd/snap/code/119/usr/share/code/resources/app/out/vs/workbench/api/node/extensionHostProcess.js:96:106906)
    at s.executeCommand (/var/lib/snapd/snap/code/119/usr/share/code/resources/app/out/vs/workbench/api/node/extensionHostProcess.js:96:106806)
    at Object.executeCommand (/var/lib/snapd/snap/code/119/usr/share/code/resources/app/out/vs/workbench/api/node/extensionHostProcess.js:117:30778)
    at c (/home/devilunraveled/.vscode/extensions/eamodio.gitlens-13.3.1/dist/gitlens.js:1:991281)
    at ActionRunners._updateContextKeys (/home/devilunraveled/.vscode/extensions/eamodio.gitlens-13.3.1/dist/gitlens.js:1:12768)
    at s (/home/devilunraveled/.vscode/extensions/eamodio.gitlens-13.3.1/dist/gitlens.js:1:11187)
    at RegisteredActionRunner.unregister (/home/devilunraveled/.vscode/extensions/eamodio.gitlens-13.3.1/dist/gitlens.js:1:11331)
    at RegisteredActionRunner.dispose (/home/devilunraveled/.vscode/extensions/eamodio.gitlens-13.3.1/dist/gitlens.js:1:9993)
    at Object.dispose (/home/devilunraveled/.vscode/extensions/eamodio.gitlens-13.3.1/dist/gitlens.js:1:11428)
    at T (/var/lib/snapd/snap/code/119/usr/share/code/resources/app/out/vs/workbench/api/node/extensionHostProcess.js:10:12072)
    at f.X (/var/lib/snapd/snap/code/119/usr/share/code/resources/app/out/vs/workbench/api/node/extensionHostProcess.js:108:11242)
    at /var/lib/snapd/snap/code/119/usr/share/code/resources/app/out/vs/workbench/api/node/extensionHostProcess.js:108:9037
    at Array.map (<anonymous>)
    at f.Q (/var/lib/snapd/snap/code/119/usr/share/code/resources/app/out/vs/workbench/api/node/extensionHostProcess.js:108:9024)
    at f.terminate (/var/lib/snapd/snap/code/119/usr/share/code/resources/app/out/vs/workbench/api/node/extensionHostProcess.js:108:9298)
    at h.terminate (/var/lib/snapd/snap/code/119/usr/share/code/resources/app/out/vs/workbench/api/node/extensionHostProcess.js:112:1397)
    at p (/var/lib/snapd/snap/code/119/usr/share/code/resources/app/out/vs/workbench/api/node/extensionHostProcess.js:122:17851)
    at MessagePortMain.<anonymous> (/var/lib/snapd/snap/code/119/usr/share/code/resources/app/out/vs/workbench/api/node/extensionHostProcess.js:122:13990)
    at MessagePortMain.emit (node:events:526:28)
    at Object.MessagePortMain._internalPort.emit (node:electron/js2c/utility_init:5:364) setContext undefined
2023-02-25 08:47:54.057 [error] Canceled: Canceled
    at new u (/var/lib/snapd/snap/code/119/usr/share/code/resources/app/out/vs/workbench/api/node/extensionHostProcess.js:96:88070)
    at l.O (/var/lib/snapd/snap/code/119/usr/share/code/resources/app/out/vs/workbench/api/node/extensionHostProcess.js:106:11276)
    at Proxy.V.<computed>.M.charCodeAt.V.<computed> (/var/lib/snapd/snap/code/119/usr/share/code/resources/app/out/vs/workbench/api/node/extensionHostProcess.js:106:8557)
    at s.g (/var/lib/snapd/snap/code/119/usr/share/code/resources/app/out/vs/workbench/api/node/extensionHostProcess.js:96:107430)
    at s.executeCommand (/var/lib/snapd/snap/code/119/usr/share/code/resources/app/out/vs/workbench/api/node/extensionHostProcess.js:96:106806)
    at w.registerCommand.description (/var/lib/snapd/snap/code/119/usr/share/code/resources/app/out/vs/workbench/api/node/extensionHostProcess.js:96:106099)
    at s.h (/var/lib/snapd/snap/code/119/usr/share/code/resources/app/out/vs/workbench/api/node/extensionHostProcess.js:96:108016)
    at s.g (/var/lib/snapd/snap/code/119/usr/share/code/resources/app/out/vs/workbench/api/node/extensionHostProcess.js:96:106906)
    at s.executeCommand (/var/lib/snapd/snap/code/119/usr/share/code/resources/app/out/vs/workbench/api/node/extensionHostProcess.js:96:106806)
    at Object.executeCommand (/var/lib/snapd/snap/code/119/usr/share/code/resources/app/out/vs/workbench/api/node/extensionHostProcess.js:117:30778)
    at c (/home/devilunraveled/.vscode/extensions/eamodio.gitlens-13.3.1/dist/gitlens.js:1:991281)
    at ActionRunners._updateContextKeys (/home/devilunraveled/.vscode/extensions/eamodio.gitlens-13.3.1/dist/gitlens.js:1:12768)
    at s (/home/devilunraveled/.vscode/extensions/eamodio.gitlens-13.3.1/dist/gitlens.js:1:11187)
    at RegisteredActionRunner.unregister (/home/devilunraveled/.vscode/extensions/eamodio.gitlens-13.3.1/dist/gitlens.js:1:11331)
    at RegisteredActionRunner.dispose (/home/devilunraveled/.vscode/extensions/eamodio.gitlens-13.3.1/dist/gitlens.js:1:9993)
    at Object.dispose (/home/devilunraveled/.vscode/extensions/eamodio.gitlens-13.3.1/dist/gitlens.js:1:11428)
    at T (/var/lib/snapd/snap/code/119/usr/share/code/resources/app/out/vs/workbench/api/node/extensionHostProcess.js:10:12072)
    at f.X (/var/lib/snapd/snap/code/119/usr/share/code/resources/app/out/vs/workbench/api/node/extensionHostProcess.js:108:11242)
    at /var/lib/snapd/snap/code/119/usr/share/code/resources/app/out/vs/workbench/api/node/extensionHostProcess.js:108:9037
    at Array.map (<anonymous>)
    at f.Q (/var/lib/snapd/snap/code/119/usr/share/code/resources/app/out/vs/workbench/api/node/extensionHostProcess.js:108:9024)
    at f.terminate (/var/lib/snapd/snap/code/119/usr/share/code/resources/app/out/vs/workbench/api/node/extensionHostProcess.js:108:9298)
    at h.terminate (/var/lib/snapd/snap/code/119/usr/share/code/resources/app/out/vs/workbench/api/node/extensionHostProcess.js:112:1397)
    at p (/var/lib/snapd/snap/code/119/usr/share/code/resources/app/out/vs/workbench/api/node/extensionHostProcess.js:122:17851)
    at MessagePortMain.<anonymous> (/var/lib/snapd/snap/code/119/usr/share/code/resources/app/out/vs/workbench/api/node/extensionHostProcess.js:122:13990)
    at MessagePortMain.emit (node:events:526:28)
    at Object.MessagePortMain._internalPort.emit (node:electron/js2c/utility_init:5:364) setContext undefined
2023-02-25 08:47:54.097 [info] Extension host with pid 1905 exiting with code 0
