2023-07-28 14:33:29.902 [info] Deleted from disk alefragnani.bookmarks /home/devilunraveled/.vscode/extensions/alefragnani.bookmarks-13.3.1
2023-07-28 14:33:33.708 [info] Getting Manifest... eamodio.gitlens
2023-07-28 14:33:33.710 [info] Getting Manifest... mongodb.mongodb-vscode
2023-07-28 14:33:33.711 [info] Getting Manifest... ms-azuretools.vscode-docker
2023-07-28 14:33:33.712 [info] Getting Manifest... tabnine.tabnine-vscode
2023-07-28 14:33:33.966 [info] Installing extension: tabnine.tabnine-vscode
2023-07-28 14:33:34.107 [info] Installing extension: eamodio.gitlens
2023-07-28 14:33:34.137 [info] Installing extension: ms-azuretools.vscode-docker
2023-07-28 14:33:34.328 [info] Installing extension: mongodb.mongodb-vscode
2023-07-28 14:33:41.980 [info] Extension signature is verified: ms-azuretools.vscode-docker
2023-07-28 14:33:42.074 [info] Extension signature is verified: tabnine.tabnine-vscode
2023-07-28 14:33:42.089 [info] Extracted extension to /home/devilunraveled/.vscode/extensions/.9d25804c-2bc0-465d-8ff3-6419d47167da: ms-azuretools.vscode-docker
2023-07-28 14:33:42.103 [info] Renamed to /home/devilunraveled/.vscode/extensions/ms-azuretools.vscode-docker-1.26.0
2023-07-28 14:33:42.110 [info] Extracting extension completed. ms-azuretools.vscode-docker
2023-07-28 14:33:42.132 [info] Extension installed successfully: ms-azuretools.vscode-docker
2023-07-28 14:33:42.139 [info] Marked extension as uninstalled ms-azuretools.vscode-docker-1.25.2
2023-07-28 14:33:42.157 [info] Extracted extension to /home/devilunraveled/.vscode/extensions/.e9aeac2d-476b-44d4-bf20-7c95bb28cdbc: tabnine.tabnine-vscode
2023-07-28 14:33:42.162 [info] Renamed to /home/devilunraveled/.vscode/extensions/tabnine.tabnine-vscode-3.6.77
2023-07-28 14:33:42.164 [info] Extracting extension completed. tabnine.tabnine-vscode
2023-07-28 14:33:42.176 [info] Extension installed successfully: tabnine.tabnine-vscode
2023-07-28 14:33:42.179 [info] Marked extension as uninstalled tabnine.tabnine-vscode-3.6.72
2023-07-28 14:33:43.447 [info] Extension signature is verified: mongodb.mongodb-vscode
2023-07-28 14:33:43.770 [info] Extension signature is verified: eamodio.gitlens
2023-07-28 14:33:43.771 [info] Extracted extension to /home/devilunraveled/.vscode/extensions/.59641c7b-92ae-42fa-8f0e-23fbbcbe0e25: mongodb.mongodb-vscode
2023-07-28 14:33:43.771 [info] Renamed to /home/devilunraveled/.vscode/extensions/mongodb.mongodb-vscode-1.1.0
2023-07-28 14:33:43.771 [info] Extracting extension completed. mongodb.mongodb-vscode
2023-07-28 14:33:43.812 [info] Extension installed successfully: mongodb.mongodb-vscode
2023-07-28 14:33:43.816 [info] Marked extension as uninstalled mongodb.mongodb-vscode-1.0.2
2023-07-28 14:33:43.943 [info] Extracted extension to /home/devilunraveled/.vscode/extensions/.0b43ec6b-9936-48c8-8154-ff28b5123c57: eamodio.gitlens
2023-07-28 14:33:43.957 [info] Renamed to /home/devilunraveled/.vscode/extensions/eamodio.gitlens-14.1.1
2023-07-28 14:33:43.958 [info] Extracting extension completed. eamodio.gitlens
2023-07-28 14:33:43.969 [info] Extension installed successfully: eamodio.gitlens
2023-07-28 14:33:43.983 [info] Marked extension as uninstalled eamodio.gitlens-14.0.1
