2024-08-31 17:14:32.766 [info] Extension host with pid 4974 started
2024-08-31 17:14:32.982 [info] ExtensionService#_doActivateExtension vscode.ipynb, startup: false, activationEvent: 'onNotebookSerializer:jupyter-notebook'
2024-08-31 17:14:33.000 [info] ExtensionService#_doActivateExtension vscode.git-base, startup: true, activationEvent: '*', root cause: vscode.git
2024-08-31 17:14:33.002 [info] ExtensionService#_doActivateExtension formulahendry.auto-close-tag, startup: true, activationEvent: '*'
2024-08-31 17:14:33.004 [info] ExtensionService#_doActivateExtension formulahendry.auto-rename-tag, startup: true, activationEvent: '*'
2024-08-31 17:14:33.011 [info] ExtensionService#_doActivateExtension wayou.vscode-todo-highlight, startup: true, activationEvent: '*'
2024-08-31 17:14:33.025 [info] ExtensionService#_doActivateExtension vscode.git, startup: true, activationEvent: '*'
2024-08-31 17:14:33.045 [info] ExtensionService#_doActivateExtension vscode.github, startup: true, activationEvent: '*'
2024-08-31 17:14:33.074 [info] ExtensionService#_doActivateExtension ms-toolsai.jupyter, startup: false, activationEvent: 'onNotebook:jupyter-notebook'
2024-08-31 17:14:33.078 [info] ExtensionService#_doActivateExtension ms-toolsai.vscode-jupyter-cell-tags, startup: false, activationEvent: 'onNotebook:jupyter-notebook'
2024-08-31 17:14:33.080 [info] ExtensionService#_doActivateExtension ms-toolsai.vscode-jupyter-slideshow, startup: false, activationEvent: 'onNotebook:jupyter-notebook'
2024-08-31 17:14:33.372 [info] Eager extensions activated
2024-08-31 17:14:33.430 [info] ExtensionService#_doActivateExtension ms-python.python, startup: false, activationEvent: 'api', root cause: ms-toolsai.jupyter
2024-08-31 17:14:33.505 [info] ExtensionService#_doActivateExtension ms-toolsai.jupyter-renderers, startup: false, activationEvent: 'api', root cause: ms-toolsai.jupyter
2024-08-31 17:14:33.528 [info] ExtensionService#_doActivateExtension vscode.debug-auto-launch, startup: false, activationEvent: 'onStartupFinished'
2024-08-31 17:14:33.530 [info] ExtensionService#_doActivateExtension vscode.merge-conflict, startup: false, activationEvent: 'onStartupFinished'
2024-08-31 17:14:33.537 [info] ExtensionService#_doActivateExtension aaron-bond.better-comments, startup: false, activationEvent: 'onStartupFinished'
2024-08-31 17:14:33.543 [info] ExtensionService#_doActivateExtension alefragnani.Bookmarks, startup: false, activationEvent: 'onStartupFinished'
2024-08-31 17:14:33.549 [info] ExtensionService#_doActivateExtension alefragnani.project-manager, startup: false, activationEvent: 'onStartupFinished'
2024-08-31 17:14:33.555 [info] ExtensionService#_doActivateExtension Codeium.codeium, startup: false, activationEvent: 'onStartupFinished'
2024-08-31 17:14:33.925 [info] ExtensionService#_doActivateExtension dbaeumer.vscode-eslint, startup: false, activationEvent: 'onStartupFinished'
2024-08-31 17:14:33.957 [info] ExtensionService#_doActivateExtension dsznajder.es7-react-js-snippets, startup: false, activationEvent: 'onStartupFinished'
2024-08-31 17:14:34.177 [info] ExtensionService#_doActivateExtension eamodio.gitlens, startup: false, activationEvent: 'onStartupFinished'
2024-08-31 17:14:34.203 [info] ExtensionService#_doActivateExtension esbenp.prettier-vscode, startup: false, activationEvent: 'onStartupFinished'
2024-08-31 17:14:34.226 [info] ExtensionService#_doActivateExtension formulahendry.code-runner, startup: false, activationEvent: 'onStartupFinished'
2024-08-31 17:14:34.252 [info] ExtensionService#_doActivateExtension ms-vscode-remote.remote-containers, startup: false, activationEvent: 'onStartupFinished'
2024-08-31 17:14:34.280 [info] ExtensionService#_doActivateExtension streetsidesoftware.code-spell-checker, startup: false, activationEvent: 'onStartupFinished'
2024-08-31 17:14:34.315 [info] ExtensionService#_doActivateExtension vscode-icons-team.vscode-icons, startup: false, activationEvent: 'onStartupFinished'
2024-08-31 17:14:34.330 [info] ExtensionService#_doActivateExtension vscodevim.vim, startup: false, activationEvent: 'onStartupFinished'
2024-08-31 17:14:34.409 [info] ExtensionService#_doActivateExtension vscode.emmet, startup: false, activationEvent: 'onLanguage'
2024-08-31 17:14:34.744 [info] ExtensionService#_doActivateExtension vscode.github-authentication, startup: false, activationEvent: 'onAuthenticationRequest:github'
2024-08-31 17:14:35.025 [info] ExtensionService#_doActivateExtension ms-python.debugpy, startup: false, activationEvent: 'onLanguage:python'
2024-08-31 17:14:35.039 [info] ExtensionService#_doActivateExtension ms-python.vscode-pylance, startup: false, activationEvent: 'onLanguage:python'
2024-08-31 17:14:35.309 [info] ExtensionService#_doActivateExtension vscode.microsoft-authentication, startup: false, activationEvent: 'onAuthenticationRequest:microsoft'
2024-08-31 17:14:47.465 [info] ExtensionService#_doActivateExtension vscode.extension-editing, startup: false, activationEvent: 'onLanguage:markdown'
2024-08-31 17:14:47.477 [info] ExtensionService#_doActivateExtension vscode.markdown-language-features, startup: false, activationEvent: 'onLanguage:markdown'
2024-08-31 17:14:58.955 [info] ExtensionService#_doActivateExtension vscode.markdown-math, startup: false, activationEvent: 'api', root cause: vscode.markdown-language-features
2024-08-31 17:15:45.252 [info] ExtensionService#_doActivateExtension mongodb.mongodb-vscode, startup: false, activationEvent: 'onLanguage:plaintext'
2024-08-31 18:31:11.353 [info] Extension host terminating: renderer closed the MessagePort
2024-08-31 18:31:11.438 [error] TypeError: r.some is not a function
    at Function.saveToDisk (/home/devilunraveled/.vscode/extensions/vscodevim.vim-1.28.0/out/extension.js:2:646003)
    at Object.t.deactivate (/home/devilunraveled/.vscode/extensions/vscodevim.vim-1.28.0/out/extension.js:2:176792)
    at m.eb (/var/lib/snapd/snap/code/167/usr/share/code/resources/app/out/vs/workbench/api/node/extensionHostProcess.js:160:9856)
    at /var/lib/snapd/snap/code/167/usr/share/code/resources/app/out/vs/workbench/api/node/extensionHostProcess.js:160:7927
    at Array.map (<anonymous>)
    at m.$ (/var/lib/snapd/snap/code/167/usr/share/code/resources/app/out/vs/workbench/api/node/extensionHostProcess.js:160:7914)
    at m.terminate (/var/lib/snapd/snap/code/167/usr/share/code/resources/app/out/vs/workbench/api/node/extensionHostProcess.js:160:8187)
    at $.terminate (/var/lib/snapd/snap/code/167/usr/share/code/resources/app/out/vs/workbench/api/node/extensionHostProcess.js:164:1513)
    at o (/var/lib/snapd/snap/code/167/usr/share/code/resources/app/out/vs/workbench/api/node/extensionHostProcess.js:177:10633)
    at MessagePortMain.<anonymous> (/var/lib/snapd/snap/code/167/usr/share/code/resources/app/out/vs/workbench/api/node/extensionHostProcess.js:177:6825)
    at MessagePortMain.emit (node:events:519:28)
    at MessagePortMain.emit (node:domain:488:12)
    at Object.MessagePortMain._internalPort.emit (node:electron/js2c/utility_init:2:2285)
2024-08-31 18:31:11.447 [error] Canceled: Canceled
    at new C (/var/lib/snapd/snap/code/167/usr/share/code/resources/app/out/vs/workbench/api/node/extensionHostProcess.js:144:35204)
    at E.U (/var/lib/snapd/snap/code/167/usr/share/code/resources/app/out/vs/workbench/api/node/extensionHostProcess.js:151:6017)
    at Proxy.B.<computed>.j.charCodeAt.R.CharCode.DollarSign.B.<computed> (/var/lib/snapd/snap/code/167/usr/share/code/resources/app/out/vs/workbench/api/node/extensionHostProcess.js:151:3107)
    at d.g (/var/lib/snapd/snap/code/167/usr/share/code/resources/app/out/vs/workbench/api/node/extensionHostProcess.js:154:205942)
    at d.executeCommand (/var/lib/snapd/snap/code/167/usr/share/code/resources/app/out/vs/workbench/api/node/extensionHostProcess.js:154:205380)
    at A.registerCommand.description (/var/lib/snapd/snap/code/167/usr/share/code/resources/app/out/vs/workbench/api/node/extensionHostProcess.js:154:204704)
    at d.h (/var/lib/snapd/snap/code/167/usr/share/code/resources/app/out/vs/workbench/api/node/extensionHostProcess.js:154:206481)
    at d.g (/var/lib/snapd/snap/code/167/usr/share/code/resources/app/out/vs/workbench/api/node/extensionHostProcess.js:154:205473)
    at d.executeCommand (/var/lib/snapd/snap/code/167/usr/share/code/resources/app/out/vs/workbench/api/node/extensionHostProcess.js:154:205380)
    at Object.executeCommand (/var/lib/snapd/snap/code/167/usr/share/code/resources/app/out/vs/workbench/api/node/extensionHostProcess.js:164:23060)
    at w (/home/devilunraveled/.vscode/extensions/eamodio.gitlens-15.3.1/dist/gitlens.js:1476:39551)
    at c (/home/devilunraveled/.vscode/extensions/eamodio.gitlens-15.3.1/dist/gitlens.js:1476:44610)
    at ActionRunners._updateContextKeys (/home/devilunraveled/.vscode/extensions/eamodio.gitlens-15.3.1/dist/gitlens.js:1120:19641)
    at s (/home/devilunraveled/.vscode/extensions/eamodio.gitlens-15.3.1/dist/gitlens.js:1120:18085)
    at RegisteredActionRunner.unregister (/home/devilunraveled/.vscode/extensions/eamodio.gitlens-15.3.1/dist/gitlens.js:1120:18228)
    at RegisteredActionRunner.dispose (/home/devilunraveled/.vscode/extensions/eamodio.gitlens-15.3.1/dist/gitlens.js:1120:16881)
    at ActionRunners.dispose (/home/devilunraveled/.vscode/extensions/eamodio.gitlens-15.3.1/dist/gitlens.js:1120:17668)
    at /home/devilunraveled/.vscode/extensions/eamodio.gitlens-15.3.1/dist/gitlens.js:1434:20224
    at Array.forEach (<anonymous>)
    at Object.dispose (/home/devilunraveled/.vscode/extensions/eamodio.gitlens-15.3.1/dist/gitlens.js:1434:20206)
    at $ (/var/lib/snapd/snap/code/167/usr/share/code/resources/app/out/vs/workbench/api/node/extensionHostProcess.js:30:744)
    at /var/lib/snapd/snap/code/167/usr/share/code/resources/app/out/vs/workbench/api/node/extensionHostProcess.js:160:13379
    at /var/lib/snapd/snap/code/167/usr/share/code/resources/app/out/vs/workbench/api/node/extensionHostProcess.js:30:1112
    at Object.dispose (/var/lib/snapd/snap/code/167/usr/share/code/resources/app/out/vs/workbench/api/node/extensionHostProcess.js:11:11354)
    at m.eb (/var/lib/snapd/snap/code/167/usr/share/code/resources/app/out/vs/workbench/api/node/extensionHostProcess.js:160:10056)
    at /var/lib/snapd/snap/code/167/usr/share/code/resources/app/out/vs/workbench/api/node/extensionHostProcess.js:160:7927
    at Array.map (<anonymous>)
    at m.$ (/var/lib/snapd/snap/code/167/usr/share/code/resources/app/out/vs/workbench/api/node/extensionHostProcess.js:160:7914)
    at m.terminate (/var/lib/snapd/snap/code/167/usr/share/code/resources/app/out/vs/workbench/api/node/extensionHostProcess.js:160:8187)
    at $.terminate (/var/lib/snapd/snap/code/167/usr/share/code/resources/app/out/vs/workbench/api/node/extensionHostProcess.js:164:1513)
    at o (/var/lib/snapd/snap/code/167/usr/share/code/resources/app/out/vs/workbench/api/node/extensionHostProcess.js:177:10633)
    at MessagePortMain.<anonymous> (/var/lib/snapd/snap/code/167/usr/share/code/resources/app/out/vs/workbench/api/node/extensionHostProcess.js:177:6825)
    at MessagePortMain.emit (node:events:519:28)
    at MessagePortMain.emit (node:domain:488:12)
    at Object.MessagePortMain._internalPort.emit (node:electron/js2c/utility_init:2:2285) setContext undefined
2024-08-31 18:31:11.448 [error] Canceled: Canceled
    at new C (/var/lib/snapd/snap/code/167/usr/share/code/resources/app/out/vs/workbench/api/node/extensionHostProcess.js:144:35204)
    at E.U (/var/lib/snapd/snap/code/167/usr/share/code/resources/app/out/vs/workbench/api/node/extensionHostProcess.js:151:6017)
    at Proxy.B.<computed>.j.charCodeAt.R.CharCode.DollarSign.B.<computed> (/var/lib/snapd/snap/code/167/usr/share/code/resources/app/out/vs/workbench/api/node/extensionHostProcess.js:151:3107)
    at d.g (/var/lib/snapd/snap/code/167/usr/share/code/resources/app/out/vs/workbench/api/node/extensionHostProcess.js:154:205942)
    at d.executeCommand (/var/lib/snapd/snap/code/167/usr/share/code/resources/app/out/vs/workbench/api/node/extensionHostProcess.js:154:205380)
    at A.registerCommand.description (/var/lib/snapd/snap/code/167/usr/share/code/resources/app/out/vs/workbench/api/node/extensionHostProcess.js:154:204704)
    at d.h (/var/lib/snapd/snap/code/167/usr/share/code/resources/app/out/vs/workbench/api/node/extensionHostProcess.js:154:206481)
    at d.g (/var/lib/snapd/snap/code/167/usr/share/code/resources/app/out/vs/workbench/api/node/extensionHostProcess.js:154:205473)
    at d.executeCommand (/var/lib/snapd/snap/code/167/usr/share/code/resources/app/out/vs/workbench/api/node/extensionHostProcess.js:154:205380)
    at Object.executeCommand (/var/lib/snapd/snap/code/167/usr/share/code/resources/app/out/vs/workbench/api/node/extensionHostProcess.js:164:23060)
    at w (/home/devilunraveled/.vscode/extensions/eamodio.gitlens-15.3.1/dist/gitlens.js:1476:39551)
    at c (/home/devilunraveled/.vscode/extensions/eamodio.gitlens-15.3.1/dist/gitlens.js:1476:44610)
    at ActionRunners._updateContextKeys (/home/devilunraveled/.vscode/extensions/eamodio.gitlens-15.3.1/dist/gitlens.js:1120:19641)
    at s (/home/devilunraveled/.vscode/extensions/eamodio.gitlens-15.3.1/dist/gitlens.js:1120:18085)
    at RegisteredActionRunner.unregister (/home/devilunraveled/.vscode/extensions/eamodio.gitlens-15.3.1/dist/gitlens.js:1120:18228)
    at RegisteredActionRunner.dispose (/home/devilunraveled/.vscode/extensions/eamodio.gitlens-15.3.1/dist/gitlens.js:1120:16881)
    at ActionRunners.dispose (/home/devilunraveled/.vscode/extensions/eamodio.gitlens-15.3.1/dist/gitlens.js:1120:17668)
    at /home/devilunraveled/.vscode/extensions/eamodio.gitlens-15.3.1/dist/gitlens.js:1434:20224
    at Array.forEach (<anonymous>)
    at Object.dispose (/home/devilunraveled/.vscode/extensions/eamodio.gitlens-15.3.1/dist/gitlens.js:1434:20206)
    at $ (/var/lib/snapd/snap/code/167/usr/share/code/resources/app/out/vs/workbench/api/node/extensionHostProcess.js:30:744)
    at /var/lib/snapd/snap/code/167/usr/share/code/resources/app/out/vs/workbench/api/node/extensionHostProcess.js:160:13379
    at /var/lib/snapd/snap/code/167/usr/share/code/resources/app/out/vs/workbench/api/node/extensionHostProcess.js:30:1112
    at Object.dispose (/var/lib/snapd/snap/code/167/usr/share/code/resources/app/out/vs/workbench/api/node/extensionHostProcess.js:11:11354)
    at m.eb (/var/lib/snapd/snap/code/167/usr/share/code/resources/app/out/vs/workbench/api/node/extensionHostProcess.js:160:10056)
    at /var/lib/snapd/snap/code/167/usr/share/code/resources/app/out/vs/workbench/api/node/extensionHostProcess.js:160:7927
    at Array.map (<anonymous>)
    at m.$ (/var/lib/snapd/snap/code/167/usr/share/code/resources/app/out/vs/workbench/api/node/extensionHostProcess.js:160:7914)
    at m.terminate (/var/lib/snapd/snap/code/167/usr/share/code/resources/app/out/vs/workbench/api/node/extensionHostProcess.js:160:8187)
    at $.terminate (/var/lib/snapd/snap/code/167/usr/share/code/resources/app/out/vs/workbench/api/node/extensionHostProcess.js:164:1513)
    at o (/var/lib/snapd/snap/code/167/usr/share/code/resources/app/out/vs/workbench/api/node/extensionHostProcess.js:177:10633)
    at MessagePortMain.<anonymous> (/var/lib/snapd/snap/code/167/usr/share/code/resources/app/out/vs/workbench/api/node/extensionHostProcess.js:177:6825)
    at MessagePortMain.emit (node:events:519:28)
    at MessagePortMain.emit (node:domain:488:12)
    at Object.MessagePortMain._internalPort.emit (node:electron/js2c/utility_init:2:2285) setContext undefined
2024-08-31 18:31:11.448 [error] Canceled: Canceled
    at new C (/var/lib/snapd/snap/code/167/usr/share/code/resources/app/out/vs/workbench/api/node/extensionHostProcess.js:144:35204)
    at E.U (/var/lib/snapd/snap/code/167/usr/share/code/resources/app/out/vs/workbench/api/node/extensionHostProcess.js:151:6017)
    at Proxy.B.<computed>.j.charCodeAt.R.CharCode.DollarSign.B.<computed> (/var/lib/snapd/snap/code/167/usr/share/code/resources/app/out/vs/workbench/api/node/extensionHostProcess.js:151:3107)
    at d.g (/var/lib/snapd/snap/code/167/usr/share/code/resources/app/out/vs/workbench/api/node/extensionHostProcess.js:154:205942)
    at d.executeCommand (/var/lib/snapd/snap/code/167/usr/share/code/resources/app/out/vs/workbench/api/node/extensionHostProcess.js:154:205380)
    at A.registerCommand.description (/var/lib/snapd/snap/code/167/usr/share/code/resources/app/out/vs/workbench/api/node/extensionHostProcess.js:154:204704)
    at d.h (/var/lib/snapd/snap/code/167/usr/share/code/resources/app/out/vs/workbench/api/node/extensionHostProcess.js:154:206481)
    at d.g (/var/lib/snapd/snap/code/167/usr/share/code/resources/app/out/vs/workbench/api/node/extensionHostProcess.js:154:205473)
    at d.executeCommand (/var/lib/snapd/snap/code/167/usr/share/code/resources/app/out/vs/workbench/api/node/extensionHostProcess.js:154:205380)
    at Object.executeCommand (/var/lib/snapd/snap/code/167/usr/share/code/resources/app/out/vs/workbench/api/node/extensionHostProcess.js:164:23060)
    at w (/home/devilunraveled/.vscode/extensions/eamodio.gitlens-15.3.1/dist/gitlens.js:1476:39551)
    at c (/home/devilunraveled/.vscode/extensions/eamodio.gitlens-15.3.1/dist/gitlens.js:1476:44610)
    at ActionRunners._updateContextKeys (/home/devilunraveled/.vscode/extensions/eamodio.gitlens-15.3.1/dist/gitlens.js:1120:19641)
    at s (/home/devilunraveled/.vscode/extensions/eamodio.gitlens-15.3.1/dist/gitlens.js:1120:18085)
    at RegisteredActionRunner.unregister (/home/devilunraveled/.vscode/extensions/eamodio.gitlens-15.3.1/dist/gitlens.js:1120:18228)
    at RegisteredActionRunner.dispose (/home/devilunraveled/.vscode/extensions/eamodio.gitlens-15.3.1/dist/gitlens.js:1120:16881)
    at ActionRunners.dispose (/home/devilunraveled/.vscode/extensions/eamodio.gitlens-15.3.1/dist/gitlens.js:1120:17668)
    at /home/devilunraveled/.vscode/extensions/eamodio.gitlens-15.3.1/dist/gitlens.js:1434:20224
    at Array.forEach (<anonymous>)
    at Object.dispose (/home/devilunraveled/.vscode/extensions/eamodio.gitlens-15.3.1/dist/gitlens.js:1434:20206)
    at $ (/var/lib/snapd/snap/code/167/usr/share/code/resources/app/out/vs/workbench/api/node/extensionHostProcess.js:30:744)
    at /var/lib/snapd/snap/code/167/usr/share/code/resources/app/out/vs/workbench/api/node/extensionHostProcess.js:160:13379
    at /var/lib/snapd/snap/code/167/usr/share/code/resources/app/out/vs/workbench/api/node/extensionHostProcess.js:30:1112
    at Object.dispose (/var/lib/snapd/snap/code/167/usr/share/code/resources/app/out/vs/workbench/api/node/extensionHostProcess.js:11:11354)
    at m.eb (/var/lib/snapd/snap/code/167/usr/share/code/resources/app/out/vs/workbench/api/node/extensionHostProcess.js:160:10056)
    at /var/lib/snapd/snap/code/167/usr/share/code/resources/app/out/vs/workbench/api/node/extensionHostProcess.js:160:7927
    at Array.map (<anonymous>)
    at m.$ (/var/lib/snapd/snap/code/167/usr/share/code/resources/app/out/vs/workbench/api/node/extensionHostProcess.js:160:7914)
    at m.terminate (/var/lib/snapd/snap/code/167/usr/share/code/resources/app/out/vs/workbench/api/node/extensionHostProcess.js:160:8187)
    at $.terminate (/var/lib/snapd/snap/code/167/usr/share/code/resources/app/out/vs/workbench/api/node/extensionHostProcess.js:164:1513)
    at o (/var/lib/snapd/snap/code/167/usr/share/code/resources/app/out/vs/workbench/api/node/extensionHostProcess.js:177:10633)
    at MessagePortMain.<anonymous> (/var/lib/snapd/snap/code/167/usr/share/code/resources/app/out/vs/workbench/api/node/extensionHostProcess.js:177:6825)
    at MessagePortMain.emit (node:events:519:28)
    at MessagePortMain.emit (node:domain:488:12)
    at Object.MessagePortMain._internalPort.emit (node:electron/js2c/utility_init:2:2285) setContext undefined
2024-08-31 18:31:11.458 [info] Extension host with pid 4974 exiting with code 0
