2023-04-24 23:47:44.265 [warning] Via 'product.json#extensionEnabledApiProposals' extension 'ms-vscode.vscode-selfhost-test-provider' wants API proposal 'testContinuousRun' but that proposal DOES NOT EXIST. Likely, the proposal has been finalized (check 'vscode.d.ts') or was abandoned.
2023-04-24 23:47:44.274 [warning] Via 'product.json#extensionEnabledApiProposals' extension 'ms-vscode.remote-repositories' wants API proposal 'contribEditorGutterMenu' but that proposal DOES NOT EXIST. Likely, the proposal has been finalized (check 'vscode.d.ts') or was abandoned.
2023-04-24 23:47:44.274 [warning] Via 'product.json#extensionEnabledApiProposals' extension 'github.vscode-pull-request-github' wants API proposal 'contribEditorGutterMenu' but that proposal DOES NOT EXIST. Likely, the proposal has been finalized (check 'vscode.d.ts') or was abandoned.
2023-04-24 23:47:44.274 [warning] Via 'product.json#extensionEnabledApiProposals' extension 'ms-toolsai.jupyter' wants API proposal 'notebookControllerKind' but that proposal DOES NOT EXIST. Likely, the proposal has been finalized (check 'vscode.d.ts') or was abandoned.
2023-04-24 23:47:44.984 [error] Extension 'tabnine.tabnine-vscode' wants API proposal 'inlineCompletions' but that proposal DOES NOT EXIST. Likely, the proposal has been finalized (check 'vscode.d.ts') or was abandoned.
2023-04-24 23:47:45.792 [error] [Extension Host] (node:1998) [DEP0005] DeprecationWarning: Buffer() is deprecated due to security and usability issues. Please use the Buffer.alloc(), Buffer.allocUnsafe(), or Buffer.from() methods instead.
(Use `exe --trace-deprecation ...` to show where the warning was created)
2023-04-24 23:47:47.787 [info] [perf] Render performance baseline is 149ms
2023-04-24 23:47:48.551 [error] [Extension Host] Error: Binary request timed out. {"State":{}}
    at Timeout._onTimeout (/home/devilunraveled/.vscode/extensions/tabnine.tabnine-vscode-3.6.45/out/extension.js:17:33113)
    at listOnTimeout (node:internal/timers:559:17)
    at processTimers (node:internal/timers:502:7)
2023-04-24 23:49:58.499 [error] [Extension Host] Error: Binary request timed out. {"State":{}}
    at Timeout._onTimeout (/home/devilunraveled/.vscode/extensions/tabnine.tabnine-vscode-3.6.45/out/extension.js:17:33113)
    at listOnTimeout (node:internal/timers:559:17)
    at processTimers (node:internal/timers:502:7)
2023-04-25 00:14:18.522 [error] [Extension Host] Error: Binary request timed out. {"State":{}}
    at Timeout._onTimeout (/home/devilunraveled/.vscode/extensions/tabnine.tabnine-vscode-3.6.45/out/extension.js:17:33113)
    at listOnTimeout (node:internal/timers:559:17)
    at processTimers (node:internal/timers:502:7)
2023-04-25 00:30:18.531 [error] [Extension Host] Error: Binary request timed out. {"State":{}}
    at Timeout._onTimeout (/home/devilunraveled/.vscode/extensions/tabnine.tabnine-vscode-3.6.45/out/extension.js:17:33113)
    at listOnTimeout (node:internal/timers:559:17)
    at processTimers (node:internal/timers:502:7)
2023-04-25 00:48:38.577 [error] [Extension Host] Error: Binary request timed out. {"State":{}}
    at Timeout._onTimeout (/home/devilunraveled/.vscode/extensions/tabnine.tabnine-vscode-3.6.45/out/extension.js:17:33113)
    at listOnTimeout (node:internal/timers:559:17)
    at processTimers (node:internal/timers:502:7)
2023-04-25 00:51:25.975 [error] [Extension Host] Error: Binary request timed out. {"Autocomplete":{"filename":"/home/devilunraveled/Projects/DASS/Product Labs/DASS2k23-Team-5/backend/LangLink.txt","before":"Video Link : https://drive.google.com/file/d/1mWU7ngcJ4O7nRv7y7o3KsbcEcdslMSLZ/view?usp=share_link ","after":"","region_includes_beginning":true,"region_includes_end":true,"max_num_results":5,"offset":99,"line":0,"character":99,"indentation_size":4}}
    at Timeout._onTimeout (/home/devilunraveled/.vscode/extensions/tabnine.tabnine-vscode-3.6.45/out/extension.js:17:33113)
    at listOnTimeout (node:internal/timers:559:17)
    at processTimers (node:internal/timers:502:7)
