2023-04-25 09:12:10.519 [info] Extension host with pid 2030 started
2023-04-25 09:12:10.520 [info] Skipping acquiring lock for /home/devilunraveled/.config/Code/User/workspaceStorage/754db564ea63329aca5d9272735f1c90.
2023-04-25 09:12:10.597 [info] ExtensionService#_doActivateExtension mongodb.mongodb-vscode, startup: false, activationEvent: 'onLanguage:plaintext'
2023-04-25 09:12:11.014 [info] ExtensionService#_doActivateExtension vscode.emmet, startup: false, activationEvent: 'onLanguage'
2023-04-25 09:12:11.126 [info] ExtensionService#_doActivateExtension vscode.github-authentication, startup: false, activationEvent: 'onAuthenticationRequest:github'
2023-04-25 09:12:11.362 [info] ExtensionService#_doActivateExtension vscode.git-base, startup: true, activationEvent: '*', root cause: vscode.git
2023-04-25 09:12:11.369 [info] ExtensionService#_doActivateExtension formulahendry.auto-close-tag, startup: true, activationEvent: '*'
2023-04-25 09:12:11.374 [info] ExtensionService#_doActivateExtension formulahendry.auto-rename-tag, startup: true, activationEvent: '*'
2023-04-25 09:12:11.383 [info] ExtensionService#_doActivateExtension TabNine.tabnine-vscode, startup: true, activationEvent: '*'
2023-04-25 09:12:11.396 [info] ExtensionService#_doActivateExtension vscodevim.vim, startup: true, activationEvent: '*'
2023-04-25 09:12:11.432 [info] ExtensionService#_doActivateExtension wayou.vscode-todo-highlight, startup: true, activationEvent: '*'
2023-04-25 09:12:11.435 [info] ExtensionService#_doActivateExtension vscode.npm, startup: true, activationEvent: 'workspaceContains:package.json'
2023-04-25 09:12:11.532 [info] ExtensionService#_doActivateExtension vscode.git, startup: true, activationEvent: '*'
2023-04-25 09:12:11.581 [info] ExtensionService#_doActivateExtension vscode.github, startup: true, activationEvent: '*'
2023-04-25 09:12:11.609 [info] ExtensionService#_doActivateExtension vscode.configuration-editing, startup: false, activationEvent: 'onLanguage:jsonc'
2023-04-25 09:12:11.613 [info] ExtensionService#_doActivateExtension vscode.json-language-features, startup: false, activationEvent: 'onLanguage:jsonc'
2023-04-25 09:12:11.624 [info] ExtensionService#_doActivateExtension vscode.typescript-language-features, startup: false, activationEvent: 'onLanguage:jsonc'
2023-04-25 09:12:11.636 [info] ExtensionService#_doActivateExtension dbaeumer.vscode-eslint, startup: false, activationEvent: 'onLanguage:jsonc'
2023-04-25 09:12:11.660 [info] ExtensionService#_doActivateExtension ms-vscode-remote.remote-containers, startup: false, activationEvent: 'onLanguage:jsonc'
2023-04-25 09:12:11.675 [info] ExtensionService#_doActivateExtension streetsidesoftware.code-spell-checker, startup: false, activationEvent: 'onLanguage:jsonc'
2023-04-25 09:12:11.913 [info] Eager extensions activated
2023-04-25 09:12:11.928 [info] ExtensionService#_doActivateExtension vscode.debug-auto-launch, startup: false, activationEvent: 'onStartupFinished'
2023-04-25 09:12:11.936 [info] ExtensionService#_doActivateExtension vscode.merge-conflict, startup: false, activationEvent: 'onStartupFinished'
2023-04-25 09:12:11.941 [info] ExtensionService#_doActivateExtension aaron-bond.better-comments, startup: false, activationEvent: 'onStartupFinished'
2023-04-25 09:12:11.950 [info] ExtensionService#_doActivateExtension alefragnani.Bookmarks, startup: false, activationEvent: 'onStartupFinished'
2023-04-25 09:12:11.955 [info] ExtensionService#_doActivateExtension alefragnani.project-manager, startup: false, activationEvent: 'onStartupFinished'
2023-04-25 09:12:11.959 [info] ExtensionService#_doActivateExtension dsznajder.es7-react-js-snippets, startup: false, activationEvent: 'onStartupFinished'
2023-04-25 09:12:12.201 [info] ExtensionService#_doActivateExtension eamodio.gitlens, startup: false, activationEvent: 'onStartupFinished'
2023-04-25 09:12:12.219 [info] ExtensionService#_doActivateExtension esbenp.prettier-vscode, startup: false, activationEvent: 'onStartupFinished'
2023-04-25 09:12:12.239 [info] ExtensionService#_doActivateExtension formulahendry.code-runner, startup: false, activationEvent: 'onStartupFinished'
2023-04-25 09:12:12.269 [info] ExtensionService#_doActivateExtension vscode-icons-team.vscode-icons, startup: false, activationEvent: 'onStartupFinished'
2023-04-25 09:12:13.419 [info] ExtensionService#_doActivateExtension vscode.microsoft-authentication, startup: false, activationEvent: 'onAuthenticationRequest:microsoft'
2023-04-25 09:50:06.653 [info] Extension host terminating: renderer closed the MessagePort
2023-04-25 09:50:06.701 [warning] Canceled
2023-04-25 09:50:06.712 [error] TypeError: r.some is not a function
    at Function.saveToDisk (/home/devilunraveled/.vscode/extensions/vscodevim.vim-1.25.2/out/extension.js:2:669912)
    at Object.t.deactivate (/home/devilunraveled/.vscode/extensions/vscodevim.vim-1.25.2/out/extension.js:2:213764)
    at E.Y (/var/lib/snapd/snap/code/126/usr/share/code/resources/app/out/vs/workbench/api/node/extensionHostProcess.js:110:10948)
    at /var/lib/snapd/snap/code/126/usr/share/code/resources/app/out/vs/workbench/api/node/extensionHostProcess.js:110:9131
    at Array.map (<anonymous>)
    at E.R (/var/lib/snapd/snap/code/126/usr/share/code/resources/app/out/vs/workbench/api/node/extensionHostProcess.js:110:9118)
    at E.terminate (/var/lib/snapd/snap/code/126/usr/share/code/resources/app/out/vs/workbench/api/node/extensionHostProcess.js:110:9389)
    at d.terminate (/var/lib/snapd/snap/code/126/usr/share/code/resources/app/out/vs/workbench/api/node/extensionHostProcess.js:114:1544)
    at p (/var/lib/snapd/snap/code/126/usr/share/code/resources/app/out/vs/workbench/api/node/extensionHostProcess.js:124:18690)
    at MessagePortMain.<anonymous> (/var/lib/snapd/snap/code/126/usr/share/code/resources/app/out/vs/workbench/api/node/extensionHostProcess.js:124:14829)
    at MessagePortMain.emit (node:events:526:28)
    at Object.MessagePortMain._internalPort.emit (node:electron/js2c/utility_init:5:364)
2023-04-25 09:50:06.713 [error] Canceled: Canceled
    at new l (/var/lib/snapd/snap/code/126/usr/share/code/resources/app/out/vs/workbench/api/node/extensionHostProcess.js:98:105190)
    at c.O (/var/lib/snapd/snap/code/126/usr/share/code/resources/app/out/vs/workbench/api/node/extensionHostProcess.js:108:11692)
    at Proxy.G.<computed>.Q.charCodeAt.G.<computed> (/var/lib/snapd/snap/code/126/usr/share/code/resources/app/out/vs/workbench/api/node/extensionHostProcess.js:108:8967)
    at m.g (/var/lib/snapd/snap/code/126/usr/share/code/resources/app/out/vs/workbench/api/node/extensionHostProcess.js:98:125211)
    at m.executeCommand (/var/lib/snapd/snap/code/126/usr/share/code/resources/app/out/vs/workbench/api/node/extensionHostProcess.js:98:124587)
    at L.registerCommand.description (/var/lib/snapd/snap/code/126/usr/share/code/resources/app/out/vs/workbench/api/node/extensionHostProcess.js:98:123880)
    at m.h (/var/lib/snapd/snap/code/126/usr/share/code/resources/app/out/vs/workbench/api/node/extensionHostProcess.js:98:125797)
    at m.g (/var/lib/snapd/snap/code/126/usr/share/code/resources/app/out/vs/workbench/api/node/extensionHostProcess.js:98:124687)
    at m.executeCommand (/var/lib/snapd/snap/code/126/usr/share/code/resources/app/out/vs/workbench/api/node/extensionHostProcess.js:98:124587)
    at Object.executeCommand (/var/lib/snapd/snap/code/126/usr/share/code/resources/app/out/vs/workbench/api/node/extensionHostProcess.js:114:23801)
    at g (/home/devilunraveled/.vscode/extensions/eamodio.gitlens-13.5.0/dist/gitlens.js:1:868259)
    at c (/home/devilunraveled/.vscode/extensions/eamodio.gitlens-13.5.0/dist/gitlens.js:1:608698)
    at ActionRunners._updateContextKeys (/home/devilunraveled/.vscode/extensions/eamodio.gitlens-13.5.0/dist/gitlens.js:1:37566)
    at s (/home/devilunraveled/.vscode/extensions/eamodio.gitlens-13.5.0/dist/gitlens.js:1:35985)
    at RegisteredActionRunner.unregister (/home/devilunraveled/.vscode/extensions/eamodio.gitlens-13.5.0/dist/gitlens.js:1:36129)
    at RegisteredActionRunner.dispose (/home/devilunraveled/.vscode/extensions/eamodio.gitlens-13.5.0/dist/gitlens.js:1:34794)
    at ActionRunners.dispose (/home/devilunraveled/.vscode/extensions/eamodio.gitlens-13.5.0/dist/gitlens.js:1:35571)
    at C (/var/lib/snapd/snap/code/126/usr/share/code/resources/app/out/vs/workbench/api/node/extensionHostProcess.js:10:12084)
    at E.Y (/var/lib/snapd/snap/code/126/usr/share/code/resources/app/out/vs/workbench/api/node/extensionHostProcess.js:110:11147)
    at /var/lib/snapd/snap/code/126/usr/share/code/resources/app/out/vs/workbench/api/node/extensionHostProcess.js:110:9131
    at Array.map (<anonymous>)
    at E.R (/var/lib/snapd/snap/code/126/usr/share/code/resources/app/out/vs/workbench/api/node/extensionHostProcess.js:110:9118)
    at E.terminate (/var/lib/snapd/snap/code/126/usr/share/code/resources/app/out/vs/workbench/api/node/extensionHostProcess.js:110:9389)
    at d.terminate (/var/lib/snapd/snap/code/126/usr/share/code/resources/app/out/vs/workbench/api/node/extensionHostProcess.js:114:1544)
    at p (/var/lib/snapd/snap/code/126/usr/share/code/resources/app/out/vs/workbench/api/node/extensionHostProcess.js:124:18690)
    at MessagePortMain.<anonymous> (/var/lib/snapd/snap/code/126/usr/share/code/resources/app/out/vs/workbench/api/node/extensionHostProcess.js:124:14829)
    at MessagePortMain.emit (node:events:526:28)
    at Object.MessagePortMain._internalPort.emit (node:electron/js2c/utility_init:5:364) setContext undefined
2023-04-25 09:50:06.714 [error] Canceled: Canceled
    at new l (/var/lib/snapd/snap/code/126/usr/share/code/resources/app/out/vs/workbench/api/node/extensionHostProcess.js:98:105190)
    at c.O (/var/lib/snapd/snap/code/126/usr/share/code/resources/app/out/vs/workbench/api/node/extensionHostProcess.js:108:11692)
    at Proxy.G.<computed>.Q.charCodeAt.G.<computed> (/var/lib/snapd/snap/code/126/usr/share/code/resources/app/out/vs/workbench/api/node/extensionHostProcess.js:108:8967)
    at m.g (/var/lib/snapd/snap/code/126/usr/share/code/resources/app/out/vs/workbench/api/node/extensionHostProcess.js:98:125211)
    at m.executeCommand (/var/lib/snapd/snap/code/126/usr/share/code/resources/app/out/vs/workbench/api/node/extensionHostProcess.js:98:124587)
    at L.registerCommand.description (/var/lib/snapd/snap/code/126/usr/share/code/resources/app/out/vs/workbench/api/node/extensionHostProcess.js:98:123880)
    at m.h (/var/lib/snapd/snap/code/126/usr/share/code/resources/app/out/vs/workbench/api/node/extensionHostProcess.js:98:125797)
    at m.g (/var/lib/snapd/snap/code/126/usr/share/code/resources/app/out/vs/workbench/api/node/extensionHostProcess.js:98:124687)
    at m.executeCommand (/var/lib/snapd/snap/code/126/usr/share/code/resources/app/out/vs/workbench/api/node/extensionHostProcess.js:98:124587)
    at Object.executeCommand (/var/lib/snapd/snap/code/126/usr/share/code/resources/app/out/vs/workbench/api/node/extensionHostProcess.js:114:23801)
    at g (/home/devilunraveled/.vscode/extensions/eamodio.gitlens-13.5.0/dist/gitlens.js:1:868259)
    at c (/home/devilunraveled/.vscode/extensions/eamodio.gitlens-13.5.0/dist/gitlens.js:1:608698)
    at ActionRunners._updateContextKeys (/home/devilunraveled/.vscode/extensions/eamodio.gitlens-13.5.0/dist/gitlens.js:1:37566)
    at s (/home/devilunraveled/.vscode/extensions/eamodio.gitlens-13.5.0/dist/gitlens.js:1:35985)
    at RegisteredActionRunner.unregister (/home/devilunraveled/.vscode/extensions/eamodio.gitlens-13.5.0/dist/gitlens.js:1:36129)
    at RegisteredActionRunner.dispose (/home/devilunraveled/.vscode/extensions/eamodio.gitlens-13.5.0/dist/gitlens.js:1:34794)
    at ActionRunners.dispose (/home/devilunraveled/.vscode/extensions/eamodio.gitlens-13.5.0/dist/gitlens.js:1:35571)
    at C (/var/lib/snapd/snap/code/126/usr/share/code/resources/app/out/vs/workbench/api/node/extensionHostProcess.js:10:12084)
    at E.Y (/var/lib/snapd/snap/code/126/usr/share/code/resources/app/out/vs/workbench/api/node/extensionHostProcess.js:110:11147)
    at /var/lib/snapd/snap/code/126/usr/share/code/resources/app/out/vs/workbench/api/node/extensionHostProcess.js:110:9131
    at Array.map (<anonymous>)
    at E.R (/var/lib/snapd/snap/code/126/usr/share/code/resources/app/out/vs/workbench/api/node/extensionHostProcess.js:110:9118)
    at E.terminate (/var/lib/snapd/snap/code/126/usr/share/code/resources/app/out/vs/workbench/api/node/extensionHostProcess.js:110:9389)
    at d.terminate (/var/lib/snapd/snap/code/126/usr/share/code/resources/app/out/vs/workbench/api/node/extensionHostProcess.js:114:1544)
    at p (/var/lib/snapd/snap/code/126/usr/share/code/resources/app/out/vs/workbench/api/node/extensionHostProcess.js:124:18690)
    at MessagePortMain.<anonymous> (/var/lib/snapd/snap/code/126/usr/share/code/resources/app/out/vs/workbench/api/node/extensionHostProcess.js:124:14829)
    at MessagePortMain.emit (node:events:526:28)
    at Object.MessagePortMain._internalPort.emit (node:electron/js2c/utility_init:5:364) setContext undefined
2023-04-25 09:50:06.716 [error] Canceled: Canceled
    at new l (/var/lib/snapd/snap/code/126/usr/share/code/resources/app/out/vs/workbench/api/node/extensionHostProcess.js:98:105190)
    at c.O (/var/lib/snapd/snap/code/126/usr/share/code/resources/app/out/vs/workbench/api/node/extensionHostProcess.js:108:11692)
    at Proxy.G.<computed>.Q.charCodeAt.G.<computed> (/var/lib/snapd/snap/code/126/usr/share/code/resources/app/out/vs/workbench/api/node/extensionHostProcess.js:108:8967)
    at m.g (/var/lib/snapd/snap/code/126/usr/share/code/resources/app/out/vs/workbench/api/node/extensionHostProcess.js:98:125211)
    at m.executeCommand (/var/lib/snapd/snap/code/126/usr/share/code/resources/app/out/vs/workbench/api/node/extensionHostProcess.js:98:124587)
    at L.registerCommand.description (/var/lib/snapd/snap/code/126/usr/share/code/resources/app/out/vs/workbench/api/node/extensionHostProcess.js:98:123880)
    at m.h (/var/lib/snapd/snap/code/126/usr/share/code/resources/app/out/vs/workbench/api/node/extensionHostProcess.js:98:125797)
    at m.g (/var/lib/snapd/snap/code/126/usr/share/code/resources/app/out/vs/workbench/api/node/extensionHostProcess.js:98:124687)
    at m.executeCommand (/var/lib/snapd/snap/code/126/usr/share/code/resources/app/out/vs/workbench/api/node/extensionHostProcess.js:98:124587)
    at Object.executeCommand (/var/lib/snapd/snap/code/126/usr/share/code/resources/app/out/vs/workbench/api/node/extensionHostProcess.js:114:23801)
    at g (/home/devilunraveled/.vscode/extensions/eamodio.gitlens-13.5.0/dist/gitlens.js:1:868259)
    at c (/home/devilunraveled/.vscode/extensions/eamodio.gitlens-13.5.0/dist/gitlens.js:1:608698)
    at ActionRunners._updateContextKeys (/home/devilunraveled/.vscode/extensions/eamodio.gitlens-13.5.0/dist/gitlens.js:1:37566)
    at s (/home/devilunraveled/.vscode/extensions/eamodio.gitlens-13.5.0/dist/gitlens.js:1:35985)
    at RegisteredActionRunner.unregister (/home/devilunraveled/.vscode/extensions/eamodio.gitlens-13.5.0/dist/gitlens.js:1:36129)
    at RegisteredActionRunner.dispose (/home/devilunraveled/.vscode/extensions/eamodio.gitlens-13.5.0/dist/gitlens.js:1:34794)
    at ActionRunners.dispose (/home/devilunraveled/.vscode/extensions/eamodio.gitlens-13.5.0/dist/gitlens.js:1:35571)
    at C (/var/lib/snapd/snap/code/126/usr/share/code/resources/app/out/vs/workbench/api/node/extensionHostProcess.js:10:12084)
    at E.Y (/var/lib/snapd/snap/code/126/usr/share/code/resources/app/out/vs/workbench/api/node/extensionHostProcess.js:110:11147)
    at /var/lib/snapd/snap/code/126/usr/share/code/resources/app/out/vs/workbench/api/node/extensionHostProcess.js:110:9131
    at Array.map (<anonymous>)
    at E.R (/var/lib/snapd/snap/code/126/usr/share/code/resources/app/out/vs/workbench/api/node/extensionHostProcess.js:110:9118)
    at E.terminate (/var/lib/snapd/snap/code/126/usr/share/code/resources/app/out/vs/workbench/api/node/extensionHostProcess.js:110:9389)
    at d.terminate (/var/lib/snapd/snap/code/126/usr/share/code/resources/app/out/vs/workbench/api/node/extensionHostProcess.js:114:1544)
    at p (/var/lib/snapd/snap/code/126/usr/share/code/resources/app/out/vs/workbench/api/node/extensionHostProcess.js:124:18690)
    at MessagePortMain.<anonymous> (/var/lib/snapd/snap/code/126/usr/share/code/resources/app/out/vs/workbench/api/node/extensionHostProcess.js:124:14829)
    at MessagePortMain.emit (node:events:526:28)
    at Object.MessagePortMain._internalPort.emit (node:electron/js2c/utility_init:5:364) setContext undefined
2023-04-25 09:50:06.718 [error] Canceled: Canceled
    at new l (/var/lib/snapd/snap/code/126/usr/share/code/resources/app/out/vs/workbench/api/node/extensionHostProcess.js:98:105190)
    at c.O (/var/lib/snapd/snap/code/126/usr/share/code/resources/app/out/vs/workbench/api/node/extensionHostProcess.js:108:11692)
    at Proxy.G.<computed>.Q.charCodeAt.G.<computed> (/var/lib/snapd/snap/code/126/usr/share/code/resources/app/out/vs/workbench/api/node/extensionHostProcess.js:108:8967)
    at m.g (/var/lib/snapd/snap/code/126/usr/share/code/resources/app/out/vs/workbench/api/node/extensionHostProcess.js:98:125211)
    at m.executeCommand (/var/lib/snapd/snap/code/126/usr/share/code/resources/app/out/vs/workbench/api/node/extensionHostProcess.js:98:124587)
    at L.registerCommand.description (/var/lib/snapd/snap/code/126/usr/share/code/resources/app/out/vs/workbench/api/node/extensionHostProcess.js:98:123880)
    at m.h (/var/lib/snapd/snap/code/126/usr/share/code/resources/app/out/vs/workbench/api/node/extensionHostProcess.js:98:125797)
    at m.g (/var/lib/snapd/snap/code/126/usr/share/code/resources/app/out/vs/workbench/api/node/extensionHostProcess.js:98:124687)
    at m.executeCommand (/var/lib/snapd/snap/code/126/usr/share/code/resources/app/out/vs/workbench/api/node/extensionHostProcess.js:98:124587)
    at Object.executeCommand (/var/lib/snapd/snap/code/126/usr/share/code/resources/app/out/vs/workbench/api/node/extensionHostProcess.js:114:23801)
    at g (/home/devilunraveled/.vscode/extensions/eamodio.gitlens-13.5.0/dist/gitlens.js:1:868259)
    at c (/home/devilunraveled/.vscode/extensions/eamodio.gitlens-13.5.0/dist/gitlens.js:1:608698)
    at ActionRunners._updateContextKeys (/home/devilunraveled/.vscode/extensions/eamodio.gitlens-13.5.0/dist/gitlens.js:1:37566)
    at s (/home/devilunraveled/.vscode/extensions/eamodio.gitlens-13.5.0/dist/gitlens.js:1:35985)
    at RegisteredActionRunner.unregister (/home/devilunraveled/.vscode/extensions/eamodio.gitlens-13.5.0/dist/gitlens.js:1:36129)
    at RegisteredActionRunner.dispose (/home/devilunraveled/.vscode/extensions/eamodio.gitlens-13.5.0/dist/gitlens.js:1:34794)
    at Object.dispose (/home/devilunraveled/.vscode/extensions/eamodio.gitlens-13.5.0/dist/gitlens.js:1:36226)
    at C (/var/lib/snapd/snap/code/126/usr/share/code/resources/app/out/vs/workbench/api/node/extensionHostProcess.js:10:12084)
    at E.Y (/var/lib/snapd/snap/code/126/usr/share/code/resources/app/out/vs/workbench/api/node/extensionHostProcess.js:110:11147)
    at /var/lib/snapd/snap/code/126/usr/share/code/resources/app/out/vs/workbench/api/node/extensionHostProcess.js:110:9131
    at Array.map (<anonymous>)
    at E.R (/var/lib/snapd/snap/code/126/usr/share/code/resources/app/out/vs/workbench/api/node/extensionHostProcess.js:110:9118)
    at E.terminate (/var/lib/snapd/snap/code/126/usr/share/code/resources/app/out/vs/workbench/api/node/extensionHostProcess.js:110:9389)
    at d.terminate (/var/lib/snapd/snap/code/126/usr/share/code/resources/app/out/vs/workbench/api/node/extensionHostProcess.js:114:1544)
    at p (/var/lib/snapd/snap/code/126/usr/share/code/resources/app/out/vs/workbench/api/node/extensionHostProcess.js:124:18690)
    at MessagePortMain.<anonymous> (/var/lib/snapd/snap/code/126/usr/share/code/resources/app/out/vs/workbench/api/node/extensionHostProcess.js:124:14829)
    at MessagePortMain.emit (node:events:526:28)
    at Object.MessagePortMain._internalPort.emit (node:electron/js2c/utility_init:5:364) setContext undefined
2023-04-25 09:50:06.720 [error] Canceled: Canceled
    at new l (/var/lib/snapd/snap/code/126/usr/share/code/resources/app/out/vs/workbench/api/node/extensionHostProcess.js:98:105190)
    at c.O (/var/lib/snapd/snap/code/126/usr/share/code/resources/app/out/vs/workbench/api/node/extensionHostProcess.js:108:11692)
    at Proxy.G.<computed>.Q.charCodeAt.G.<computed> (/var/lib/snapd/snap/code/126/usr/share/code/resources/app/out/vs/workbench/api/node/extensionHostProcess.js:108:8967)
    at m.g (/var/lib/snapd/snap/code/126/usr/share/code/resources/app/out/vs/workbench/api/node/extensionHostProcess.js:98:125211)
    at m.executeCommand (/var/lib/snapd/snap/code/126/usr/share/code/resources/app/out/vs/workbench/api/node/extensionHostProcess.js:98:124587)
    at L.registerCommand.description (/var/lib/snapd/snap/code/126/usr/share/code/resources/app/out/vs/workbench/api/node/extensionHostProcess.js:98:123880)
    at m.h (/var/lib/snapd/snap/code/126/usr/share/code/resources/app/out/vs/workbench/api/node/extensionHostProcess.js:98:125797)
    at m.g (/var/lib/snapd/snap/code/126/usr/share/code/resources/app/out/vs/workbench/api/node/extensionHostProcess.js:98:124687)
    at m.executeCommand (/var/lib/snapd/snap/code/126/usr/share/code/resources/app/out/vs/workbench/api/node/extensionHostProcess.js:98:124587)
    at Object.executeCommand (/var/lib/snapd/snap/code/126/usr/share/code/resources/app/out/vs/workbench/api/node/extensionHostProcess.js:114:23801)
    at g (/home/devilunraveled/.vscode/extensions/eamodio.gitlens-13.5.0/dist/gitlens.js:1:868259)
    at c (/home/devilunraveled/.vscode/extensions/eamodio.gitlens-13.5.0/dist/gitlens.js:1:608698)
    at ActionRunners._updateContextKeys (/home/devilunraveled/.vscode/extensions/eamodio.gitlens-13.5.0/dist/gitlens.js:1:37566)
    at s (/home/devilunraveled/.vscode/extensions/eamodio.gitlens-13.5.0/dist/gitlens.js:1:35985)
    at RegisteredActionRunner.unregister (/home/devilunraveled/.vscode/extensions/eamodio.gitlens-13.5.0/dist/gitlens.js:1:36129)
    at RegisteredActionRunner.dispose (/home/devilunraveled/.vscode/extensions/eamodio.gitlens-13.5.0/dist/gitlens.js:1:34794)
    at Object.dispose (/home/devilunraveled/.vscode/extensions/eamodio.gitlens-13.5.0/dist/gitlens.js:1:36226)
    at C (/var/lib/snapd/snap/code/126/usr/share/code/resources/app/out/vs/workbench/api/node/extensionHostProcess.js:10:12084)
    at E.Y (/var/lib/snapd/snap/code/126/usr/share/code/resources/app/out/vs/workbench/api/node/extensionHostProcess.js:110:11147)
    at /var/lib/snapd/snap/code/126/usr/share/code/resources/app/out/vs/workbench/api/node/extensionHostProcess.js:110:9131
    at Array.map (<anonymous>)
    at E.R (/var/lib/snapd/snap/code/126/usr/share/code/resources/app/out/vs/workbench/api/node/extensionHostProcess.js:110:9118)
    at E.terminate (/var/lib/snapd/snap/code/126/usr/share/code/resources/app/out/vs/workbench/api/node/extensionHostProcess.js:110:9389)
    at d.terminate (/var/lib/snapd/snap/code/126/usr/share/code/resources/app/out/vs/workbench/api/node/extensionHostProcess.js:114:1544)
    at p (/var/lib/snapd/snap/code/126/usr/share/code/resources/app/out/vs/workbench/api/node/extensionHostProcess.js:124:18690)
    at MessagePortMain.<anonymous> (/var/lib/snapd/snap/code/126/usr/share/code/resources/app/out/vs/workbench/api/node/extensionHostProcess.js:124:14829)
    at MessagePortMain.emit (node:events:526:28)
    at Object.MessagePortMain._internalPort.emit (node:electron/js2c/utility_init:5:364) setContext undefined
2023-04-25 09:50:06.721 [error] Canceled: Canceled
    at new l (/var/lib/snapd/snap/code/126/usr/share/code/resources/app/out/vs/workbench/api/node/extensionHostProcess.js:98:105190)
    at c.O (/var/lib/snapd/snap/code/126/usr/share/code/resources/app/out/vs/workbench/api/node/extensionHostProcess.js:108:11692)
    at Proxy.G.<computed>.Q.charCodeAt.G.<computed> (/var/lib/snapd/snap/code/126/usr/share/code/resources/app/out/vs/workbench/api/node/extensionHostProcess.js:108:8967)
    at m.g (/var/lib/snapd/snap/code/126/usr/share/code/resources/app/out/vs/workbench/api/node/extensionHostProcess.js:98:125211)
    at m.executeCommand (/var/lib/snapd/snap/code/126/usr/share/code/resources/app/out/vs/workbench/api/node/extensionHostProcess.js:98:124587)
    at L.registerCommand.description (/var/lib/snapd/snap/code/126/usr/share/code/resources/app/out/vs/workbench/api/node/extensionHostProcess.js:98:123880)
    at m.h (/var/lib/snapd/snap/code/126/usr/share/code/resources/app/out/vs/workbench/api/node/extensionHostProcess.js:98:125797)
    at m.g (/var/lib/snapd/snap/code/126/usr/share/code/resources/app/out/vs/workbench/api/node/extensionHostProcess.js:98:124687)
    at m.executeCommand (/var/lib/snapd/snap/code/126/usr/share/code/resources/app/out/vs/workbench/api/node/extensionHostProcess.js:98:124587)
    at Object.executeCommand (/var/lib/snapd/snap/code/126/usr/share/code/resources/app/out/vs/workbench/api/node/extensionHostProcess.js:114:23801)
    at g (/home/devilunraveled/.vscode/extensions/eamodio.gitlens-13.5.0/dist/gitlens.js:1:868259)
    at c (/home/devilunraveled/.vscode/extensions/eamodio.gitlens-13.5.0/dist/gitlens.js:1:608698)
    at ActionRunners._updateContextKeys (/home/devilunraveled/.vscode/extensions/eamodio.gitlens-13.5.0/dist/gitlens.js:1:37566)
    at s (/home/devilunraveled/.vscode/extensions/eamodio.gitlens-13.5.0/dist/gitlens.js:1:35985)
    at RegisteredActionRunner.unregister (/home/devilunraveled/.vscode/extensions/eamodio.gitlens-13.5.0/dist/gitlens.js:1:36129)
    at RegisteredActionRunner.dispose (/home/devilunraveled/.vscode/extensions/eamodio.gitlens-13.5.0/dist/gitlens.js:1:34794)
    at Object.dispose (/home/devilunraveled/.vscode/extensions/eamodio.gitlens-13.5.0/dist/gitlens.js:1:36226)
    at C (/var/lib/snapd/snap/code/126/usr/share/code/resources/app/out/vs/workbench/api/node/extensionHostProcess.js:10:12084)
    at E.Y (/var/lib/snapd/snap/code/126/usr/share/code/resources/app/out/vs/workbench/api/node/extensionHostProcess.js:110:11147)
    at /var/lib/snapd/snap/code/126/usr/share/code/resources/app/out/vs/workbench/api/node/extensionHostProcess.js:110:9131
    at Array.map (<anonymous>)
    at E.R (/var/lib/snapd/snap/code/126/usr/share/code/resources/app/out/vs/workbench/api/node/extensionHostProcess.js:110:9118)
    at E.terminate (/var/lib/snapd/snap/code/126/usr/share/code/resources/app/out/vs/workbench/api/node/extensionHostProcess.js:110:9389)
    at d.terminate (/var/lib/snapd/snap/code/126/usr/share/code/resources/app/out/vs/workbench/api/node/extensionHostProcess.js:114:1544)
    at p (/var/lib/snapd/snap/code/126/usr/share/code/resources/app/out/vs/workbench/api/node/extensionHostProcess.js:124:18690)
    at MessagePortMain.<anonymous> (/var/lib/snapd/snap/code/126/usr/share/code/resources/app/out/vs/workbench/api/node/extensionHostProcess.js:124:14829)
    at MessagePortMain.emit (node:events:526:28)
    at Object.MessagePortMain._internalPort.emit (node:electron/js2c/utility_init:5:364) setContext undefined
2023-04-25 09:50:06.723 [error] Canceled: Canceled
    at new l (/var/lib/snapd/snap/code/126/usr/share/code/resources/app/out/vs/workbench/api/node/extensionHostProcess.js:98:105190)
    at c.O (/var/lib/snapd/snap/code/126/usr/share/code/resources/app/out/vs/workbench/api/node/extensionHostProcess.js:108:11692)
    at Proxy.G.<computed>.Q.charCodeAt.G.<computed> (/var/lib/snapd/snap/code/126/usr/share/code/resources/app/out/vs/workbench/api/node/extensionHostProcess.js:108:8967)
    at m.g (/var/lib/snapd/snap/code/126/usr/share/code/resources/app/out/vs/workbench/api/node/extensionHostProcess.js:98:125211)
    at m.executeCommand (/var/lib/snapd/snap/code/126/usr/share/code/resources/app/out/vs/workbench/api/node/extensionHostProcess.js:98:124587)
    at L.registerCommand.description (/var/lib/snapd/snap/code/126/usr/share/code/resources/app/out/vs/workbench/api/node/extensionHostProcess.js:98:123880)
    at m.h (/var/lib/snapd/snap/code/126/usr/share/code/resources/app/out/vs/workbench/api/node/extensionHostProcess.js:98:125797)
    at m.g (/var/lib/snapd/snap/code/126/usr/share/code/resources/app/out/vs/workbench/api/node/extensionHostProcess.js:98:124687)
    at m.executeCommand (/var/lib/snapd/snap/code/126/usr/share/code/resources/app/out/vs/workbench/api/node/extensionHostProcess.js:98:124587)
    at Object.executeCommand (/var/lib/snapd/snap/code/126/usr/share/code/resources/app/out/vs/workbench/api/node/extensionHostProcess.js:114:23801)
    at Object.dispose (/home/devilunraveled/.vscode/extensions/tabnine.tabnine-vscode-3.6.45/out/extension.js:17:101165)
    at /home/devilunraveled/.vscode/extensions/tabnine.tabnine-vscode-3.6.45/out/extension.js:17:30354
    at Array.forEach (<anonymous>)
    at f (/home/devilunraveled/.vscode/extensions/tabnine.tabnine-vscode-3.6.45/out/extension.js:17:30339)
    at Object.dispose (/home/devilunraveled/.vscode/extensions/tabnine.tabnine-vscode-3.6.45/out/extension.js:17:29757)
    at C (/var/lib/snapd/snap/code/126/usr/share/code/resources/app/out/vs/workbench/api/node/extensionHostProcess.js:10:12084)
    at E.Y (/var/lib/snapd/snap/code/126/usr/share/code/resources/app/out/vs/workbench/api/node/extensionHostProcess.js:110:11147)
    at /var/lib/snapd/snap/code/126/usr/share/code/resources/app/out/vs/workbench/api/node/extensionHostProcess.js:110:9131
    at Array.map (<anonymous>)
    at E.R (/var/lib/snapd/snap/code/126/usr/share/code/resources/app/out/vs/workbench/api/node/extensionHostProcess.js:110:9118)
    at E.terminate (/var/lib/snapd/snap/code/126/usr/share/code/resources/app/out/vs/workbench/api/node/extensionHostProcess.js:110:9389)
    at d.terminate (/var/lib/snapd/snap/code/126/usr/share/code/resources/app/out/vs/workbench/api/node/extensionHostProcess.js:114:1544)
    at p (/var/lib/snapd/snap/code/126/usr/share/code/resources/app/out/vs/workbench/api/node/extensionHostProcess.js:124:18690)
    at MessagePortMain.<anonymous> (/var/lib/snapd/snap/code/126/usr/share/code/resources/app/out/vs/workbench/api/node/extensionHostProcess.js:124:14829)
    at MessagePortMain.emit (node:events:526:28)
    at Object.MessagePortMain._internalPort.emit (node:electron/js2c/utility_init:5:364) setContext undefined
2023-04-25 09:50:07.705 [info] Extension host with pid 2030 exiting with code 0
