2023-07-28 14:33:29.153 [info] Added views:workbench.panel.markers.view in workbench.panel.markers
2023-07-28 14:33:29.153 [info] Added views:workbench.panel.output in workbench.panel.output
2023-07-28 14:33:29.153 [info] Added views:terminal in terminal
2023-07-28 14:33:29.153 [info] Added views:outline in workbench.view.explorer
2023-07-28 14:33:29.153 [info] Added views:workbench.scm in workbench.view.scm
2023-07-28 14:33:29.153 [info] Added views:workbench.view.search in workbench.view.search
2023-07-28 14:33:29.153 [info] Added views:timeline in workbench.view.explorer
2023-07-28 14:33:29.153 [info] Added views:workbench.explorer.fileView in workbench.view.explorer
2023-07-28 14:33:29.359 [info] Added views:workbench.debug.welcome in workbench.view.debug
2023-07-28 14:33:29.889 [info] Added views:bookmarksExplorer,bookmarksHelpAndFeedback in workbench.view.extension.bookmarks
2023-07-28 14:33:29.890 [info] Added views:projectsExplorerFavorites,projectManagerHelpAndFeedback in workbench.view.extension.project-manager
2023-07-28 14:33:29.890 [info] Added views:gitlens.views.home,gitlens.views.workspaces,gitlens.views.account in workbench.view.extension.gitlens
2023-07-28 14:33:29.890 [info] Added views:gitlens.views.commitDetails,gitlens.views.lineHistory,gitlens.views.fileHistory,gitlens.views.searchAndCompare in workbench.view.extension.gitlensInspect
2023-07-28 14:33:29.891 [info] Added views:gitlens.views.commits,gitlens.views.branches,gitlens.views.remotes,gitlens.views.stashes,gitlens.views.tags in workbench.view.scm
2023-07-28 14:33:29.891 [info] Added views:mongoDBConnectionExplorer,mongoDBPlaygroundsExplorer,mongoDBHelpExplorer in workbench.view.extension.mongoDB
2023-07-28 14:33:29.892 [info] Added views:dockerContainers,dockerImages,dockerRegistries,dockerNetworks,dockerVolumes,vscode-docker.views.dockerContexts,vscode-docker.views.help in workbench.view.extension.dockerView
2023-07-28 14:33:29.892 [info] Added views:targetsContainers,devVolumes in workbench.view.remote
2023-07-28 14:33:30.108 [info] Added views:workbench.panel.repl.view in workbench.panel.repl
2023-07-28 14:33:31.279 [info] Added views:workbench.panel.comments in workbench.panel.comments
2023-07-28 14:33:32.786 [info] Added views:projectsExplorerGit in workbench.view.extension.project-manager
2023-07-28 14:33:32.803 [info] Removed views:gitlens.views.searchAndCompare,gitlens.views.fileHistory,gitlens.views.lineHistory,gitlens.views.commitDetails from workbench.view.extension.gitlensInspect
2023-07-28 14:33:32.804 [info] Removed views:gitlens.views.tags,gitlens.views.stashes,gitlens.views.remotes,gitlens.views.branches,gitlens.views.commits from workbench.view.scm
2023-07-28 14:33:33.841 [info] Added views:tabnine-home in workbench.view.extension.tabnine-access
2023-07-28 14:33:33.841 [info] Added views:tabnine-notifications in workbench.view.extension.tabnine-access
2023-07-28 14:33:33.842 [info] Added views:tabnine-today in workbench.view.extension.tabnine-access
2023-07-28 14:34:08.121 [info] Added views:workbench.panel.markers.view in workbench.panel.markers
2023-07-28 14:34:08.121 [info] Added views:workbench.panel.output in workbench.panel.output
2023-07-28 14:34:08.121 [info] Added views:terminal in terminal
2023-07-28 14:34:08.121 [info] Added views:outline in workbench.view.explorer
2023-07-28 14:34:08.121 [info] Added views:workbench.scm in workbench.view.scm
2023-07-28 14:34:08.121 [info] Added views:workbench.view.search in workbench.view.search
2023-07-28 14:34:08.121 [info] Added views:timeline in workbench.view.explorer
2023-07-28 14:34:08.121 [info] Added views:workbench.explorer.fileView in workbench.view.explorer
2023-07-28 14:34:08.417 [info] Added views:bookmarksExplorer,bookmarksHelpAndFeedback in workbench.view.extension.bookmarks
2023-07-28 14:34:08.417 [info] Added views:projectsExplorerFavorites,projectManagerHelpAndFeedback in workbench.view.extension.project-manager
2023-07-28 14:34:08.418 [info] Added views:gitlens.views.home,gitlens.views.workspaces,gitlens.views.account in workbench.view.extension.gitlens
2023-07-28 14:34:08.418 [info] Added views:gitlens.views.commitDetails,gitlens.views.lineHistory,gitlens.views.fileHistory,gitlens.views.searchAndCompare in workbench.view.extension.gitlensInspect
2023-07-28 14:34:08.419 [info] Added views:gitlens.views.commits,gitlens.views.branches,gitlens.views.remotes,gitlens.views.stashes,gitlens.views.tags in workbench.view.scm
2023-07-28 14:34:08.419 [info] Added views:mongoDBConnectionExplorer,mongoDBPlaygroundsExplorer,mongoDBHelpExplorer in workbench.view.extension.mongoDB
2023-07-28 14:34:08.419 [info] Added views:dockerContainers,dockerImages,dockerRegistries,dockerNetworks,dockerVolumes,vscode-docker.views.dockerContexts,vscode-docker.views.help in workbench.view.extension.dockerView
2023-07-28 14:34:08.420 [info] Added views:targetsContainers,devVolumes in workbench.view.remote
2023-07-28 14:34:08.557 [info] Added views:workbench.debug.variablesView,workbench.debug.watchExpressionsView,workbench.debug.callStackView,workbench.debug.breakPointsView in workbench.view.debug
2023-07-28 14:34:08.583 [info] Added views:workbench.panel.repl.view in workbench.panel.repl
2023-07-28 14:34:08.584 [info] Removed views:workbench.debug.breakPointsView,workbench.debug.callStackView,workbench.debug.watchExpressionsView,workbench.debug.variablesView from workbench.view.debug
2023-07-28 14:34:08.585 [info] Added views:workbench.debug.welcome in workbench.view.debug
2023-07-28 14:34:08.780 [info] Added views:workbench.panel.comments in workbench.panel.comments
2023-07-28 14:34:09.586 [info] Added views:projectsExplorerGit in workbench.view.extension.project-manager
2023-07-28 14:34:09.749 [info] Added views:tabnine-home in workbench.view.extension.tabnine-access
2023-07-28 14:34:09.750 [info] Added views:tabnine-notifications in workbench.view.extension.tabnine-access
2023-07-28 14:34:09.751 [info] Added views:tabnine-today in workbench.view.extension.tabnine-access
2023-07-28 14:34:10.390 [info] Added views:gitlens.views.graph,gitlens.views.graphDetails in workbench.view.extension.gitlensPanel
2023-07-28 14:34:10.391 [info] Added views:gitlens.views.timeline in workbench.view.extension.gitlensInspect
2023-07-28 14:34:10.391 [info] Added views:gitlens.views.worktrees in workbench.view.scm
2023-07-28 14:34:58.494 [info] Added views:workbench.views.extensions.installed,workbench.views.extensions.popular,extensions.recommendedList in workbench.view.extensions
2023-07-28 14:34:58.496 [info] Removed views:workbench.views.extensions.popular from workbench.view.extensions
2023-07-28 14:35:01.560 [info] Removed views:extensions.recommendedList,workbench.views.extensions.installed from workbench.view.extensions
2023-07-28 14:35:01.580 [info] Added views:workbench.views.extensions.marketplace in workbench.view.extensions
2023-07-28 14:46:32.534 [info] Added views:workbench.panel.markers.view in workbench.panel.markers
2023-07-28 14:46:32.534 [info] Added views:workbench.panel.output in workbench.panel.output
2023-07-28 14:46:32.534 [info] Added views:terminal in terminal
2023-07-28 14:46:32.534 [info] Added views:outline in workbench.view.explorer
2023-07-28 14:46:32.534 [info] Added views:workbench.scm in workbench.view.scm
2023-07-28 14:46:32.534 [info] Added views:workbench.view.search in workbench.view.search
2023-07-28 14:46:32.534 [info] Added views:timeline in workbench.view.explorer
2023-07-28 14:46:32.534 [info] Added views:workbench.explorer.fileView in workbench.view.explorer
2023-07-28 14:46:32.734 [info] Added views:bookmarksExplorer,bookmarksHelpAndFeedback in workbench.view.extension.bookmarks
2023-07-28 14:46:32.734 [info] Added views:projectsExplorerFavorites,projectManagerHelpAndFeedback in workbench.view.extension.project-manager
2023-07-28 14:46:32.735 [info] Added views:gitlens.views.home,gitlens.views.workspaces,gitlens.views.account in workbench.view.extension.gitlens
2023-07-28 14:46:32.735 [info] Added views:gitlens.views.commitDetails,gitlens.views.lineHistory,gitlens.views.fileHistory,gitlens.views.searchAndCompare in workbench.view.extension.gitlensInspect
2023-07-28 14:46:32.736 [info] Added views:gitlens.views.commits,gitlens.views.branches,gitlens.views.remotes,gitlens.views.stashes,gitlens.views.tags in workbench.view.scm
2023-07-28 14:46:32.736 [info] Added views:mongoDBConnectionExplorer,mongoDBPlaygroundsExplorer,mongoDBHelpExplorer in workbench.view.extension.mongoDB
2023-07-28 14:46:32.737 [info] Added views:dockerContainers,dockerImages,dockerRegistries,dockerNetworks,dockerVolumes,vscode-docker.views.dockerContexts,vscode-docker.views.help in workbench.view.extension.dockerView
2023-07-28 14:46:32.737 [info] Added views:targetsContainers,devVolumes in workbench.view.remote
2023-07-28 14:46:32.903 [info] Added views:workbench.debug.variablesView,workbench.debug.watchExpressionsView,workbench.debug.callStackView,workbench.debug.breakPointsView in workbench.view.debug
2023-07-28 14:46:32.925 [info] Added views:workbench.panel.repl.view in workbench.panel.repl
2023-07-28 14:46:32.926 [info] Removed views:workbench.debug.breakPointsView,workbench.debug.callStackView,workbench.debug.watchExpressionsView,workbench.debug.variablesView from workbench.view.debug
2023-07-28 14:46:32.926 [info] Added views:workbench.debug.welcome in workbench.view.debug
2023-07-28 14:46:33.047 [info] Added views:workbench.panel.comments in workbench.panel.comments
2023-07-28 14:46:33.766 [info] Added views:projectsExplorerGit in workbench.view.extension.project-manager
2023-07-28 14:46:33.992 [info] Added views:tabnine-home in workbench.view.extension.tabnine-access
2023-07-28 14:46:33.993 [info] Added views:tabnine-notifications in workbench.view.extension.tabnine-access
2023-07-28 14:46:33.994 [info] Added views:tabnine-today in workbench.view.extension.tabnine-access
2023-07-28 14:46:34.475 [info] Added views:gitlens.views.graph,gitlens.views.graphDetails in workbench.view.extension.gitlensPanel
2023-07-28 14:46:34.476 [info] Added views:gitlens.views.timeline in workbench.view.extension.gitlensInspect
2023-07-28 14:46:34.478 [info] Added views:gitlens.views.worktrees in workbench.view.scm
