2023-10-25T08:28:43.818Z extension INFO  Activating extension... []

2023-10-25T08:28:43.822Z telemetry INFO  SegmentKey was found [ { type: 'string' } ]

2023-10-25T08:28:43.824Z language server controller INFO  Create MongoDB Language Server [
  {
    serverOptions: { run: [Object], debug: [Object] },
    clientOptions: {
      documentSelector: [Array],
      synchronize: [Object],
      outputChannel: [Object]
    }
  }
]

2023-10-25T08:28:43.837Z playground controller INFO  Active editor path [
  '/home/devilunraveled/DASS/Assignment 1/2021101049/docker-compose.yml'
]

2023-10-25T08:28:43.839Z explorer controller INFO  Activating explorer controller... []

2023-10-25T08:28:43.839Z explorer controller INFO  Explorer controller activated []

2023-10-25T08:28:43.839Z help and info explorer INFO  Activating help explorer... []

2023-10-25T08:28:43.840Z help and info explorer INFO  Help explorer activated []

2023-10-25T08:28:43.840Z playgrounds explorer INFO  Activating playgrounds explorer... []

2023-10-25T08:28:43.840Z playgrounds explorer INFO  Playgrounds explorer activated []

2023-10-25T08:28:43.840Z telemetry INFO  Activating segment analytics... []

2023-10-25T08:28:43.844Z telemetry INFO  Segment analytics activated with properties [ { anonymousId: '74d6cac2-09d5-4d14-b710-759e25c6ca60' } ]

2023-10-25T08:28:44.378Z playground controller INFO  Active editor path [ undefined ]

2023-10-25T08:28:44.379Z playground controller INFO  Active editor path [
  '/home/devilunraveled/DASS/Assignment 1/2021101049/backend/index.js'
]

2023-10-25T08:28:45.028Z commands INFO  Registering commands... []

2023-10-25T08:28:45.032Z commands INFO  Commands registered []

2023-10-25T08:28:45.032Z extension INFO  Extension activated []

2023-10-25T08:28:51.242Z playground controller INFO  Active editor path [ undefined ]

2023-10-25T08:28:52.600Z playground controller INFO  Active editor path [
  '/home/devilunraveled/DASS/Assignment 1/2021101049/docker-compose.yml'
]

2023-10-25T08:28:53.272Z playground controller INFO  Active editor path [ undefined ]

2023-10-25T08:29:26.286Z connection controller INFO  Disconnect called, currently connected to [ null ]

2023-10-25T08:29:26.289Z connection controller INFO  Disconnect called, currently connected to [ null ]

