2024-05-08 12:52:16.147 [info] Reading sessions from keychain...
2024-05-08 12:52:16.147 [info] Getting sessions for all scopes...
2024-05-08 12:52:16.147 [info] Getting sessions for all scopes...
2024-05-08 12:52:16.155 [info] Getting sessions for user:email...
2024-05-08 12:52:16.861 [info] Got 0 sessions for ...
2024-05-08 12:52:16.862 [info] Got 0 sessions for ...
2024-05-08 12:52:16.862 [info] Got 0 sessions for user:email...
2024-05-08 12:52:16.949 [info] Getting sessions for all scopes...
2024-05-08 12:52:16.949 [info] Got 0 sessions for ...
2024-05-08 12:52:17.033 [info] Getting sessions for all scopes...
2024-05-08 12:52:17.033 [info] Got 0 sessions for ...
2024-05-08 12:52:17.081 [info] Getting sessions for all scopes...
2024-05-08 12:52:17.081 [info] Got 0 sessions for ...
2024-05-08 12:52:19.926 [info] Getting sessions for all scopes...
2024-05-08 12:52:19.926 [info] Got 0 sessions for ...
2024-05-08 12:52:20.025 [info] Getting sessions for read:user,repo,user:email,workflow...
2024-05-08 12:52:20.025 [info] Got 0 sessions for read:user,repo,user:email,workflow...
2024-05-08 12:52:20.616 [info] Getting sessions for read:user,repo,user:email,workflow...
2024-05-08 12:52:20.616 [info] Got 0 sessions for read:user,repo,user:email,workflow...
2024-05-08 12:52:33.062 [info] Getting sessions for read:user,repo,user:email...
2024-05-08 12:52:33.062 [info] Got 0 sessions for read:user,repo,user:email...
