2023-05-12 12:45:49.125 [info] Configuration changed
2023-05-12 12:46:01.818 [info] Configuration changed
2023-05-12 12:46:04.632 [info] Configuration changed
2023-05-12 12:46:13.285 [info] Active editor: file:///home/devilunraveled/Projects/CFParser/src/parser/siteparser.py
2023-05-12 12:47:14.890 [info] Executing :wq
2023-05-12 12:47:14.939 [info] /home/devilunraveled/Projects/CFParser/src/parser/siteparser.py closed
2023-05-12 12:47:14.942 [info] /home/devilunraveled/Projects/CFParser/src/parser/siteparser.py.git closed
2023-05-12 12:47:14.942 [warning] getLineLength() called with out-of-bounds line 139
2023-05-12 12:47:14.942 [warning] invalid cursor position. [[139, 9] | [139, 9]].
2023-05-12 12:49:22.862 [info] Active editor: file:///home/devilunraveled/Projects/CFParser/src/parser/siteparser.py
2023-05-12 12:49:57.948 [info] Executing :w
2023-05-12 12:52:26.723 [info] Active editor: file:///home/devilunraveled/Projects/CFParser/README.md
2023-05-12 12:56:32.375 [info] /home/devilunraveled/Projects/CFParser/README.md closed
2023-05-12 12:56:32.377 [info] /home/devilunraveled/Projects/CFParser/README.md.git closed
2023-05-12 12:56:32.384 [info] Active editor: file:///home/devilunraveled/Projects/CFParser/src/parser/siteparser.py
2023-05-12 12:57:44.611 [info] Active editor: file:///home/devilunraveled/Projects/CFParser/test.py
2023-05-12 12:57:46.133 [info] Active editor: file:///home/devilunraveled/Projects/CFParser/src/parser/siteparser.py
2023-05-12 12:58:05.948 [info] Active editor: file:///home/devilunraveled/Projects/CFParser/test.py
2023-05-12 12:58:13.456 [info] Active editor: file:///home/devilunraveled/Projects/CFParser/src/parser/siteparser.py
2023-05-12 12:58:20.579 [info] Active editor: file:///home/devilunraveled/Projects/CFParser/test.py
2023-05-12 12:58:53.542 [info] Active editor: file:///home/devilunraveled/Projects/CFParser/src/parser/siteparser.py
2023-05-12 12:59:04.750 [info] Active editor: file:///home/devilunraveled/Projects/CFParser/test.py
2023-05-12 12:59:11.056 [warning] invalid cursor position. [[5, 47] | [5, 47]].
2023-05-12 12:59:28.897 [info] Active editor: file:///home/devilunraveled/Projects/CFParser/src/parser/siteparser.py
2023-05-12 12:59:30.699 [info] Active editor: file:///home/devilunraveled/Projects/CFParser/test.py
2023-05-12 12:59:31.987 [info] Active editor: file:///home/devilunraveled/Projects/CFParser/test.py
2023-05-12 12:59:35.625 [info] Active editor: file:///home/devilunraveled/Projects/CFParser/src/parser/siteparser.py
2023-05-12 12:59:38.758 [info] Active editor: file:///home/devilunraveled/Projects/CFParser/test.py
2023-05-12 12:59:51.984 [info] Executing :w
2023-05-12 13:00:48.771 [info] /home/devilunraveled/Projects/CFParser/src/parser/siteparser.py closed
2023-05-12 13:00:48.773 [info] /home/devilunraveled/Projects/CFParser/src/parser/siteparser.py.git closed
2023-05-12 13:00:49.913 [info] /home/devilunraveled/Projects/CFParser/test.py closed
2023-05-12 13:00:49.914 [info] /home/devilunraveled/Projects/CFParser/test.py.git closed
