2023-10-25 13:58:45.739 [info] Getting Manifest... alefragnani.bookmarks
2023-10-25 13:58:45.741 [info] Getting Manifest... dart-code.dart-code
2023-10-25 13:58:45.742 [info] Getting Manifest... dart-code.flutter
2023-10-25 13:58:45.743 [info] Getting Manifest... eamodio.gitlens
2023-10-25 13:58:45.744 [info] Getting Manifest... esbenp.prettier-vscode
2023-10-25 13:58:45.745 [info] Getting Manifest... formulahendry.code-runner
2023-10-25 13:58:45.746 [info] Getting Manifest... mongodb.mongodb-vscode
2023-10-25 13:58:45.747 [info] Getting Manifest... ms-azuretools.vscode-docker
2023-10-25 13:58:45.748 [info] Getting Manifest... ms-vscode-remote.remote-containers
2023-10-25 13:58:45.749 [info] Getting Manifest... msjsdiag.vscode-react-native
2023-10-25 13:58:45.750 [info] Getting Manifest... streetsidesoftware.code-spell-checker
2023-10-25 13:58:45.751 [info] Getting Manifest... tabnine.tabnine-vscode
2023-10-25 13:58:45.752 [info] Getting Manifest... vscjava.vscode-gradle
2023-10-25 13:58:45.753 [info] Getting Manifest... vscode-icons-team.vscode-icons
2023-10-25 13:58:45.754 [info] Getting Manifest... vscodevim.vim
2023-10-25 13:58:45.928 [info] Installing extension: mongodb.mongodb-vscode
2023-10-25 13:58:45.953 [info] Installing extension: dart-code.dart-code
2023-10-25 13:58:45.975 [info] Installing extension: dart-code.flutter
2023-10-25 13:58:45.976 [info] Installing extension: alefragnani.bookmarks
2023-10-25 13:58:46.000 [info] Installing extension: msjsdiag.vscode-react-native
2023-10-25 13:58:46.002 [info] Installing extension: vscode-icons-team.vscode-icons
2023-10-25 13:58:46.006 [info] Installing extension: formulahendry.code-runner
2023-10-25 13:58:46.010 [info] Installing extension: eamodio.gitlens
2023-10-25 13:58:46.011 [info] Installing extension: ms-azuretools.vscode-docker
2023-10-25 13:58:46.013 [info] Installing extension: ms-vscode-remote.remote-containers
2023-10-25 13:58:46.015 [info] Installing extension: vscjava.vscode-gradle
2023-10-25 13:58:46.043 [info] Installing extension: vscodevim.vim
2023-10-25 13:58:46.044 [info] Installing extension: esbenp.prettier-vscode
2023-10-25 13:58:46.045 [info] Installing extension: tabnine.tabnine-vscode
2023-10-25 13:58:46.047 [info] Installing extension: streetsidesoftware.code-spell-checker
2023-10-25 13:58:48.256 [info] Getting Manifest... ms-vscode.js-debug
2023-10-25 13:58:56.967 [info] Extension signature is verified: vscodevim.vim
2023-10-25 13:58:57.038 [info] Extracted extension to file:///home/devilunraveled/.vscode/extensions/vscodevim.vim-1.26.2: vscodevim.vim
2023-10-25 13:58:57.045 [info] Renamed to /home/devilunraveled/.vscode/extensions/vscodevim.vim-1.26.2
2023-10-25 13:58:57.047 [info] Extracting extension completed. vscodevim.vim
2023-10-25 13:58:57.060 [info] Extension installed successfully: vscodevim.vim
2023-10-25 13:58:57.063 [info] Marked extension as uninstalled vscodevim.vim-1.25.2
2023-10-25 13:58:57.133 [error] [uncaught exception in sharedProcess]: Error: ENOENT: no such file or directory, stat '/home/devilunraveled/.vscode/extensions/extensions.json.vsctmp': EntryNotFound (FileSystemError): Error: ENOENT: no such file or directory, stat '/home/devilunraveled/.vscode/extensions/extensions.json.vsctmp'
    at s.create (/var/lib/snapd/snap/code/143/usr/share/code/resources/app/out/vs/code/node/sharedProcess/sharedProcessMain.js:51:30209)
    at i (/var/lib/snapd/snap/code/143/usr/share/code/resources/app/out/vs/code/node/sharedProcess/sharedProcessMain.js:51:30329)
    at t.fb (/var/lib/snapd/snap/code/143/usr/share/code/resources/app/out/vs/code/node/sharedProcess/sharedProcessMain.js:56:35755)
    at t.stat (/var/lib/snapd/snap/code/143/usr/share/code/resources/app/out/vs/code/node/sharedProcess/sharedProcessMain.js:56:28201)
    at async w.stat (/var/lib/snapd/snap/code/143/usr/share/code/resources/app/out/vs/code/node/sharedProcess/sharedProcessMain.js:56:15579)
    at async Q.tb (/var/lib/snapd/snap/code/143/usr/share/code/resources/app/out/vs/code/node/sharedProcess/sharedProcessMain.js:109:9514)
2023-10-25 13:58:57.552 [info] Extension signature is verified: tabnine.tabnine-vscode
2023-10-25 13:58:57.592 [info] Extracted extension to file:///home/devilunraveled/.vscode/extensions/tabnine.tabnine-vscode-3.21.1: tabnine.tabnine-vscode
2023-10-25 13:58:57.597 [info] Renamed to /home/devilunraveled/.vscode/extensions/tabnine.tabnine-vscode-3.21.1
2023-10-25 13:58:57.599 [info] Extracting extension completed. tabnine.tabnine-vscode
2023-10-25 13:58:57.609 [info] Extension installed successfully: tabnine.tabnine-vscode
2023-10-25 13:58:57.613 [info] Marked extension as uninstalled tabnine.tabnine-vscode-3.6.77
2023-10-25 13:58:57.678 [error] [uncaught exception in sharedProcess]: Error: ENOENT: no such file or directory, stat '/home/devilunraveled/.vscode/extensions/extensions.json.vsctmp': EntryNotFound (FileSystemError): Error: ENOENT: no such file or directory, stat '/home/devilunraveled/.vscode/extensions/extensions.json.vsctmp'
    at s.create (/var/lib/snapd/snap/code/143/usr/share/code/resources/app/out/vs/code/node/sharedProcess/sharedProcessMain.js:51:30209)
    at i (/var/lib/snapd/snap/code/143/usr/share/code/resources/app/out/vs/code/node/sharedProcess/sharedProcessMain.js:51:30329)
    at t.fb (/var/lib/snapd/snap/code/143/usr/share/code/resources/app/out/vs/code/node/sharedProcess/sharedProcessMain.js:56:35755)
    at t.stat (/var/lib/snapd/snap/code/143/usr/share/code/resources/app/out/vs/code/node/sharedProcess/sharedProcessMain.js:56:28201)
    at async w.stat (/var/lib/snapd/snap/code/143/usr/share/code/resources/app/out/vs/code/node/sharedProcess/sharedProcessMain.js:56:15579)
    at async Q.tb (/var/lib/snapd/snap/code/143/usr/share/code/resources/app/out/vs/code/node/sharedProcess/sharedProcessMain.js:109:9514)
2023-10-25 13:58:58.873 [info] Getting Manifest... dart-code.dart-code
2023-10-25 13:58:58.975 [info] Waiting for already requested installing extension dart-code.dart-code dart-code.flutter
2023-10-25 13:58:59.065 [info] Extension signature is verified: ms-vscode-remote.remote-containers
2023-10-25 13:58:59.226 [info] Extracted extension to file:///home/devilunraveled/.vscode/extensions/ms-vscode-remote.remote-containers-0.315.1: ms-vscode-remote.remote-containers
2023-10-25 13:58:59.231 [info] Renamed to /home/devilunraveled/.vscode/extensions/ms-vscode-remote.remote-containers-0.315.1
2023-10-25 13:58:59.233 [info] Extracting extension completed. ms-vscode-remote.remote-containers
2023-10-25 13:58:59.247 [info] Extension installed successfully: ms-vscode-remote.remote-containers
2023-10-25 13:58:59.251 [info] Marked extension as uninstalled ms-vscode-remote.remote-containers-0.299.0
2023-10-25 13:58:59.257 [error] [uncaught exception in sharedProcess]: Error: ENOENT: no such file or directory, stat '/home/devilunraveled/.vscode/extensions/extensions.json.vsctmp': EntryNotFound (FileSystemError): Error: ENOENT: no such file or directory, stat '/home/devilunraveled/.vscode/extensions/extensions.json.vsctmp'
    at s.create (/var/lib/snapd/snap/code/143/usr/share/code/resources/app/out/vs/code/node/sharedProcess/sharedProcessMain.js:51:30209)
    at i (/var/lib/snapd/snap/code/143/usr/share/code/resources/app/out/vs/code/node/sharedProcess/sharedProcessMain.js:51:30329)
    at t.fb (/var/lib/snapd/snap/code/143/usr/share/code/resources/app/out/vs/code/node/sharedProcess/sharedProcessMain.js:56:35755)
    at t.stat (/var/lib/snapd/snap/code/143/usr/share/code/resources/app/out/vs/code/node/sharedProcess/sharedProcessMain.js:56:28201)
    at async w.stat (/var/lib/snapd/snap/code/143/usr/share/code/resources/app/out/vs/code/node/sharedProcess/sharedProcessMain.js:56:15579)
    at async Q.tb (/var/lib/snapd/snap/code/143/usr/share/code/resources/app/out/vs/code/node/sharedProcess/sharedProcessMain.js:109:9514)
2023-10-25 13:58:59.301 [info] Extension signature is verified: esbenp.prettier-vscode
2023-10-25 13:58:59.389 [info] Extracted extension to file:///home/devilunraveled/.vscode/extensions/esbenp.prettier-vscode-10.1.0: esbenp.prettier-vscode
2023-10-25 13:58:59.394 [info] Renamed to /home/devilunraveled/.vscode/extensions/esbenp.prettier-vscode-10.1.0
2023-10-25 13:58:59.396 [info] Extracting extension completed. esbenp.prettier-vscode
2023-10-25 13:58:59.404 [info] Extension installed successfully: esbenp.prettier-vscode
2023-10-25 13:58:59.408 [info] Marked extension as uninstalled esbenp.prettier-vscode-9.19.0
2023-10-25 13:58:59.793 [info] Extension signature is verified: streetsidesoftware.code-spell-checker
2023-10-25 13:59:00.000 [info] Extracted extension to file:///home/devilunraveled/.vscode/extensions/streetsidesoftware.code-spell-checker-3.0.1: streetsidesoftware.code-spell-checker
2023-10-25 13:59:00.008 [info] Renamed to /home/devilunraveled/.vscode/extensions/streetsidesoftware.code-spell-checker-3.0.1
2023-10-25 13:59:00.010 [info] Extracting extension completed. streetsidesoftware.code-spell-checker
2023-10-25 13:59:00.019 [info] Extension installed successfully: streetsidesoftware.code-spell-checker
2023-10-25 13:59:00.023 [info] Marked extension as uninstalled streetsidesoftware.code-spell-checker-2.20.5
2023-10-25 13:59:00.090 [error] [uncaught exception in sharedProcess]: Error: ENOENT: no such file or directory, stat '/home/devilunraveled/.vscode/extensions/extensions.json.vsctmp': EntryNotFound (FileSystemError): Error: ENOENT: no such file or directory, stat '/home/devilunraveled/.vscode/extensions/extensions.json.vsctmp'
    at s.create (/var/lib/snapd/snap/code/143/usr/share/code/resources/app/out/vs/code/node/sharedProcess/sharedProcessMain.js:51:30209)
    at i (/var/lib/snapd/snap/code/143/usr/share/code/resources/app/out/vs/code/node/sharedProcess/sharedProcessMain.js:51:30329)
    at t.fb (/var/lib/snapd/snap/code/143/usr/share/code/resources/app/out/vs/code/node/sharedProcess/sharedProcessMain.js:56:35755)
    at t.stat (/var/lib/snapd/snap/code/143/usr/share/code/resources/app/out/vs/code/node/sharedProcess/sharedProcessMain.js:56:28201)
    at async w.stat (/var/lib/snapd/snap/code/143/usr/share/code/resources/app/out/vs/code/node/sharedProcess/sharedProcessMain.js:56:15579)
    at async Q.tb (/var/lib/snapd/snap/code/143/usr/share/code/resources/app/out/vs/code/node/sharedProcess/sharedProcessMain.js:109:9514)
2023-10-25 13:59:00.964 [info] Extension signature is verified: dart-code.flutter
2023-10-25 13:59:00.971 [info] Extracted extension to file:///home/devilunraveled/.vscode/extensions/dart-code.flutter-3.74.0: dart-code.flutter
2023-10-25 13:59:00.984 [info] Renamed to /home/devilunraveled/.vscode/extensions/dart-code.flutter-3.74.0
2023-10-25 13:59:00.985 [info] Extracting extension completed. dart-code.flutter
2023-10-25 13:59:00.995 [info] Marked extension as uninstalled dart-code.flutter-3.68.0
2023-10-25 13:59:01.065 [error] [uncaught exception in sharedProcess]: Error: ENOENT: no such file or directory, stat '/home/devilunraveled/.vscode/extensions/extensions.json.vsctmp': EntryNotFound (FileSystemError): Error: ENOENT: no such file or directory, stat '/home/devilunraveled/.vscode/extensions/extensions.json.vsctmp'
    at s.create (/var/lib/snapd/snap/code/143/usr/share/code/resources/app/out/vs/code/node/sharedProcess/sharedProcessMain.js:51:30209)
    at i (/var/lib/snapd/snap/code/143/usr/share/code/resources/app/out/vs/code/node/sharedProcess/sharedProcessMain.js:51:30329)
    at t.fb (/var/lib/snapd/snap/code/143/usr/share/code/resources/app/out/vs/code/node/sharedProcess/sharedProcessMain.js:56:35755)
    at t.stat (/var/lib/snapd/snap/code/143/usr/share/code/resources/app/out/vs/code/node/sharedProcess/sharedProcessMain.js:56:28201)
    at async w.stat (/var/lib/snapd/snap/code/143/usr/share/code/resources/app/out/vs/code/node/sharedProcess/sharedProcessMain.js:56:15579)
    at async Q.tb (/var/lib/snapd/snap/code/143/usr/share/code/resources/app/out/vs/code/node/sharedProcess/sharedProcessMain.js:109:9514)
2023-10-25 13:59:04.247 [info] Extension signature is verified: alefragnani.bookmarks
2023-10-25 13:59:04.287 [info] Extension signature is verified: formulahendry.code-runner
2023-10-25 13:59:04.354 [info] Extracted extension to file:///home/devilunraveled/.vscode/extensions/alefragnani.bookmarks-13.4.2: alefragnani.bookmarks
2023-10-25 13:59:04.367 [info] Renamed to /home/devilunraveled/.vscode/extensions/alefragnani.bookmarks-13.4.2
2023-10-25 13:59:04.370 [info] Extracting extension completed. alefragnani.bookmarks
2023-10-25 13:59:04.379 [info] Extension installed successfully: alefragnani.bookmarks
2023-10-25 13:59:04.383 [info] Marked extension as uninstalled alefragnani.bookmarks-13.4.1
2023-10-25 13:59:04.409 [info] Extracted extension to file:///home/devilunraveled/.vscode/extensions/formulahendry.code-runner-0.12.1: formulahendry.code-runner
2023-10-25 13:59:04.415 [info] Renamed to /home/devilunraveled/.vscode/extensions/formulahendry.code-runner-0.12.1
2023-10-25 13:59:04.416 [info] Extracting extension completed. formulahendry.code-runner
2023-10-25 13:59:04.425 [info] Extension installed successfully: formulahendry.code-runner
2023-10-25 13:59:04.426 [error] [uncaught exception in sharedProcess]: Error: ENOENT: no such file or directory, stat '/home/devilunraveled/.vscode/extensions/extensions.json.vsctmp': EntryNotFound (FileSystemError): Error: ENOENT: no such file or directory, stat '/home/devilunraveled/.vscode/extensions/extensions.json.vsctmp'
    at s.create (/var/lib/snapd/snap/code/143/usr/share/code/resources/app/out/vs/code/node/sharedProcess/sharedProcessMain.js:51:30209)
    at i (/var/lib/snapd/snap/code/143/usr/share/code/resources/app/out/vs/code/node/sharedProcess/sharedProcessMain.js:51:30329)
    at t.fb (/var/lib/snapd/snap/code/143/usr/share/code/resources/app/out/vs/code/node/sharedProcess/sharedProcessMain.js:56:35755)
    at t.stat (/var/lib/snapd/snap/code/143/usr/share/code/resources/app/out/vs/code/node/sharedProcess/sharedProcessMain.js:56:28201)
    at async w.stat (/var/lib/snapd/snap/code/143/usr/share/code/resources/app/out/vs/code/node/sharedProcess/sharedProcessMain.js:56:15579)
    at async Q.tb (/var/lib/snapd/snap/code/143/usr/share/code/resources/app/out/vs/code/node/sharedProcess/sharedProcessMain.js:109:9514)
2023-10-25 13:59:04.429 [info] Marked extension as uninstalled formulahendry.code-runner-0.12.0
2023-10-25 13:59:06.811 [info] Extension signature is verified: ms-azuretools.vscode-docker
2023-10-25 13:59:06.887 [info] Extracted extension to file:///home/devilunraveled/.vscode/extensions/ms-azuretools.vscode-docker-1.27.0: ms-azuretools.vscode-docker
2023-10-25 13:59:06.894 [info] Renamed to /home/devilunraveled/.vscode/extensions/ms-azuretools.vscode-docker-1.27.0
2023-10-25 13:59:06.902 [info] Extracting extension completed. ms-azuretools.vscode-docker
2023-10-25 13:59:06.922 [info] Extension installed successfully: ms-azuretools.vscode-docker
2023-10-25 13:59:06.928 [info] Marked extension as uninstalled ms-azuretools.vscode-docker-1.26.0
2023-10-25 13:59:06.992 [error] [uncaught exception in sharedProcess]: Error: ENOENT: no such file or directory, stat '/home/devilunraveled/.vscode/extensions/extensions.json.vsctmp': EntryNotFound (FileSystemError): Error: ENOENT: no such file or directory, stat '/home/devilunraveled/.vscode/extensions/extensions.json.vsctmp'
    at s.create (/var/lib/snapd/snap/code/143/usr/share/code/resources/app/out/vs/code/node/sharedProcess/sharedProcessMain.js:51:30209)
    at i (/var/lib/snapd/snap/code/143/usr/share/code/resources/app/out/vs/code/node/sharedProcess/sharedProcessMain.js:51:30329)
    at t.fb (/var/lib/snapd/snap/code/143/usr/share/code/resources/app/out/vs/code/node/sharedProcess/sharedProcessMain.js:56:35755)
    at t.stat (/var/lib/snapd/snap/code/143/usr/share/code/resources/app/out/vs/code/node/sharedProcess/sharedProcessMain.js:56:28201)
    at async w.stat (/var/lib/snapd/snap/code/143/usr/share/code/resources/app/out/vs/code/node/sharedProcess/sharedProcessMain.js:56:15579)
    at async Q.tb (/var/lib/snapd/snap/code/143/usr/share/code/resources/app/out/vs/code/node/sharedProcess/sharedProcessMain.js:109:9514)
2023-10-25 13:59:07.241 [info] Extension signature is verified: vscode-icons-team.vscode-icons
2023-10-25 13:59:07.818 [info] Extracted extension to file:///home/devilunraveled/.vscode/extensions/vscode-icons-team.vscode-icons-12.6.0: vscode-icons-team.vscode-icons
2023-10-25 13:59:07.831 [info] Renamed to /home/devilunraveled/.vscode/extensions/vscode-icons-team.vscode-icons-12.6.0
2023-10-25 13:59:07.832 [info] Extracting extension completed. vscode-icons-team.vscode-icons
2023-10-25 13:59:07.842 [info] Extension installed successfully: vscode-icons-team.vscode-icons
2023-10-25 13:59:07.845 [info] Marked extension as uninstalled vscode-icons-team.vscode-icons-12.4.0
2023-10-25 13:59:07.911 [error] [uncaught exception in sharedProcess]: Error: ENOENT: no such file or directory, stat '/home/devilunraveled/.vscode/extensions/extensions.json.vsctmp': EntryNotFound (FileSystemError): Error: ENOENT: no such file or directory, stat '/home/devilunraveled/.vscode/extensions/extensions.json.vsctmp'
    at s.create (/var/lib/snapd/snap/code/143/usr/share/code/resources/app/out/vs/code/node/sharedProcess/sharedProcessMain.js:51:30209)
    at i (/var/lib/snapd/snap/code/143/usr/share/code/resources/app/out/vs/code/node/sharedProcess/sharedProcessMain.js:51:30329)
    at t.fb (/var/lib/snapd/snap/code/143/usr/share/code/resources/app/out/vs/code/node/sharedProcess/sharedProcessMain.js:56:35755)
    at t.stat (/var/lib/snapd/snap/code/143/usr/share/code/resources/app/out/vs/code/node/sharedProcess/sharedProcessMain.js:56:28201)
    at async w.stat (/var/lib/snapd/snap/code/143/usr/share/code/resources/app/out/vs/code/node/sharedProcess/sharedProcessMain.js:56:15579)
    at async Q.tb (/var/lib/snapd/snap/code/143/usr/share/code/resources/app/out/vs/code/node/sharedProcess/sharedProcessMain.js:109:9514)
2023-10-25 13:59:09.328 [info] Extension signature is verified: dart-code.dart-code
2023-10-25 13:59:10.725 [info] Extension signature is verified: mongodb.mongodb-vscode
2023-10-25 13:59:10.858 [info] Extension signature is verified: msjsdiag.vscode-react-native
2023-10-25 13:59:11.043 [info] Extracted extension to file:///home/devilunraveled/.vscode/extensions/msjsdiag.vscode-react-native-1.12.1: msjsdiag.vscode-react-native
2023-10-25 13:59:11.047 [info] Extracted extension to file:///home/devilunraveled/.vscode/extensions/mongodb.mongodb-vscode-1.3.1: mongodb.mongodb-vscode
2023-10-25 13:59:11.057 [info] Renamed to /home/devilunraveled/.vscode/extensions/mongodb.mongodb-vscode-1.3.1
2023-10-25 13:59:11.057 [info] Renamed to /home/devilunraveled/.vscode/extensions/msjsdiag.vscode-react-native-1.12.1
2023-10-25 13:59:11.060 [info] Extracting extension completed. mongodb.mongodb-vscode
2023-10-25 13:59:11.065 [info] Extracting extension completed. msjsdiag.vscode-react-native
2023-10-25 13:59:11.078 [info] Extension installed successfully: mongodb.mongodb-vscode
2023-10-25 13:59:11.091 [info] Marked extension as uninstalled mongodb.mongodb-vscode-1.1.0
2023-10-25 13:59:11.096 [info] Extension installed successfully: msjsdiag.vscode-react-native
2023-10-25 13:59:11.102 [info] Marked extension as uninstalled msjsdiag.vscode-react-native-1.11.1
2023-10-25 13:59:11.145 [error] [uncaught exception in sharedProcess]: Error: ENOENT: no such file or directory, stat '/home/devilunraveled/.vscode/extensions/extensions.json.vsctmp': EntryNotFound (FileSystemError): Error: ENOENT: no such file or directory, stat '/home/devilunraveled/.vscode/extensions/extensions.json.vsctmp'
    at s.create (/var/lib/snapd/snap/code/143/usr/share/code/resources/app/out/vs/code/node/sharedProcess/sharedProcessMain.js:51:30209)
    at i (/var/lib/snapd/snap/code/143/usr/share/code/resources/app/out/vs/code/node/sharedProcess/sharedProcessMain.js:51:30329)
    at t.fb (/var/lib/snapd/snap/code/143/usr/share/code/resources/app/out/vs/code/node/sharedProcess/sharedProcessMain.js:56:35755)
    at t.stat (/var/lib/snapd/snap/code/143/usr/share/code/resources/app/out/vs/code/node/sharedProcess/sharedProcessMain.js:56:28201)
    at async w.stat (/var/lib/snapd/snap/code/143/usr/share/code/resources/app/out/vs/code/node/sharedProcess/sharedProcessMain.js:56:15579)
    at async Q.tb (/var/lib/snapd/snap/code/143/usr/share/code/resources/app/out/vs/code/node/sharedProcess/sharedProcessMain.js:109:9514)
2023-10-25 13:59:11.258 [info] Extension signature is verified: eamodio.gitlens
2023-10-25 13:59:11.580 [info] Extracted extension to file:///home/devilunraveled/.vscode/extensions/eamodio.gitlens-14.4.0: eamodio.gitlens
2023-10-25 13:59:11.598 [info] Renamed to /home/devilunraveled/.vscode/extensions/eamodio.gitlens-14.4.0
2023-10-25 13:59:11.604 [info] Extracting extension completed. eamodio.gitlens
2023-10-25 13:59:11.621 [info] Extension installed successfully: eamodio.gitlens
2023-10-25 13:59:11.630 [info] Marked extension as uninstalled eamodio.gitlens-14.1.1
2023-10-25 13:59:11.686 [error] [uncaught exception in sharedProcess]: Error: ENOENT: no such file or directory, stat '/home/devilunraveled/.vscode/extensions/extensions.json.vsctmp': EntryNotFound (FileSystemError): Error: ENOENT: no such file or directory, stat '/home/devilunraveled/.vscode/extensions/extensions.json.vsctmp'
    at s.create (/var/lib/snapd/snap/code/143/usr/share/code/resources/app/out/vs/code/node/sharedProcess/sharedProcessMain.js:51:30209)
    at i (/var/lib/snapd/snap/code/143/usr/share/code/resources/app/out/vs/code/node/sharedProcess/sharedProcessMain.js:51:30329)
    at t.fb (/var/lib/snapd/snap/code/143/usr/share/code/resources/app/out/vs/code/node/sharedProcess/sharedProcessMain.js:56:35755)
    at t.stat (/var/lib/snapd/snap/code/143/usr/share/code/resources/app/out/vs/code/node/sharedProcess/sharedProcessMain.js:56:28201)
    at async w.stat (/var/lib/snapd/snap/code/143/usr/share/code/resources/app/out/vs/code/node/sharedProcess/sharedProcessMain.js:56:15579)
    at async Q.tb (/var/lib/snapd/snap/code/143/usr/share/code/resources/app/out/vs/code/node/sharedProcess/sharedProcessMain.js:109:9514)
2023-10-25 13:59:16.221 [info] Extension signature is verified: vscjava.vscode-gradle
2023-10-25 13:59:16.809 [info] Extracted extension to file:///home/devilunraveled/.vscode/extensions/vscjava.vscode-gradle-3.13.1: vscjava.vscode-gradle
2023-10-25 13:59:16.820 [info] Renamed to /home/devilunraveled/.vscode/extensions/vscjava.vscode-gradle-3.13.1
2023-10-25 13:59:16.821 [info] Extracting extension completed. vscjava.vscode-gradle
2023-10-25 13:59:16.829 [info] Extension installed successfully: vscjava.vscode-gradle
2023-10-25 13:59:16.834 [info] Marked extension as uninstalled vscjava.vscode-gradle-3.12.7
2023-10-25 13:59:16.901 [error] [uncaught exception in sharedProcess]: Error: ENOENT: no such file or directory, stat '/home/devilunraveled/.vscode/extensions/extensions.json.vsctmp': EntryNotFound (FileSystemError): Error: ENOENT: no such file or directory, stat '/home/devilunraveled/.vscode/extensions/extensions.json.vsctmp'
    at s.create (/var/lib/snapd/snap/code/143/usr/share/code/resources/app/out/vs/code/node/sharedProcess/sharedProcessMain.js:51:30209)
    at i (/var/lib/snapd/snap/code/143/usr/share/code/resources/app/out/vs/code/node/sharedProcess/sharedProcessMain.js:51:30329)
    at t.fb (/var/lib/snapd/snap/code/143/usr/share/code/resources/app/out/vs/code/node/sharedProcess/sharedProcessMain.js:56:35755)
    at t.stat (/var/lib/snapd/snap/code/143/usr/share/code/resources/app/out/vs/code/node/sharedProcess/sharedProcessMain.js:56:28201)
    at async w.stat (/var/lib/snapd/snap/code/143/usr/share/code/resources/app/out/vs/code/node/sharedProcess/sharedProcessMain.js:56:15579)
    at async Q.tb (/var/lib/snapd/snap/code/143/usr/share/code/resources/app/out/vs/code/node/sharedProcess/sharedProcessMain.js:109:9514)
2023-10-25 13:59:18.103 [info] Extracted extension to file:///home/devilunraveled/.vscode/extensions/dart-code.dart-code-3.74.0: dart-code.dart-code
2023-10-25 13:59:18.118 [info] Renamed to /home/devilunraveled/.vscode/extensions/dart-code.dart-code-3.74.0
2023-10-25 13:59:18.120 [info] Extracting extension completed. dart-code.dart-code
2023-10-25 13:59:18.131 [info] Extension installed successfully: dart-code.dart-code
2023-10-25 13:59:18.132 [info] Finished waiting for already requested installing extension dart-code.dart-code dart-code.flutter
2023-10-25 13:59:18.132 [info] Extension installed successfully: dart-code.flutter
2023-10-25 13:59:18.135 [info] Marked extension as uninstalled dart-code.dart-code-3.68.1
2023-10-25 13:59:18.201 [error] [uncaught exception in sharedProcess]: Error: ENOENT: no such file or directory, stat '/home/devilunraveled/.vscode/extensions/extensions.json.vsctmp': EntryNotFound (FileSystemError): Error: ENOENT: no such file or directory, stat '/home/devilunraveled/.vscode/extensions/extensions.json.vsctmp'
    at s.create (/var/lib/snapd/snap/code/143/usr/share/code/resources/app/out/vs/code/node/sharedProcess/sharedProcessMain.js:51:30209)
    at i (/var/lib/snapd/snap/code/143/usr/share/code/resources/app/out/vs/code/node/sharedProcess/sharedProcessMain.js:51:30329)
    at t.fb (/var/lib/snapd/snap/code/143/usr/share/code/resources/app/out/vs/code/node/sharedProcess/sharedProcessMain.js:56:35755)
    at t.stat (/var/lib/snapd/snap/code/143/usr/share/code/resources/app/out/vs/code/node/sharedProcess/sharedProcessMain.js:56:28201)
    at async w.stat (/var/lib/snapd/snap/code/143/usr/share/code/resources/app/out/vs/code/node/sharedProcess/sharedProcessMain.js:56:15579)
    at async Q.tb (/var/lib/snapd/snap/code/143/usr/share/code/resources/app/out/vs/code/node/sharedProcess/sharedProcessMain.js:109:9514)
