2023-07-12 20:00:01.980 [info] Getting Manifest... dart-code.dart-code
2023-07-12 20:00:01.982 [info] Getting Manifest... dart-code.flutter
2023-07-12 20:00:01.983 [info] Getting Manifest... dbaeumer.vscode-eslint
2023-07-12 20:00:01.984 [info] Getting Manifest... eamodio.gitlens
2023-07-12 20:00:01.985 [info] Getting Manifest... esbenp.prettier-vscode
2023-07-12 20:00:01.986 [info] Getting Manifest... mongodb.mongodb-vscode
2023-07-12 20:00:01.986 [info] Getting Manifest... ms-azuretools.vscode-docker
2023-07-12 20:00:01.987 [info] Getting Manifest... ms-vscode-remote.remote-containers
2023-07-12 20:00:01.988 [info] Getting Manifest... msjsdiag.vscode-react-native
2023-07-12 20:00:01.989 [info] Getting Manifest... streetsidesoftware.code-spell-checker
2023-07-12 20:00:01.990 [info] Getting Manifest... tabnine.tabnine-vscode
2023-07-12 20:00:02.005 [info] Installing extension: mongodb.mongodb-vscode
2023-07-12 20:00:02.007 [info] Installing extension: streetsidesoftware.code-spell-checker
2023-07-12 20:00:02.014 [info] Installing extension: eamodio.gitlens
2023-07-12 20:00:02.118 [info] Installing extension: dart-code.dart-code
2023-07-12 20:00:02.130 [info] Installing extension: dart-code.flutter
2023-07-12 20:00:02.130 [info] Installing extension: dbaeumer.vscode-eslint
2023-07-12 20:00:02.131 [info] Installing extension: esbenp.prettier-vscode
2023-07-12 20:00:02.177 [info] Installing extension: ms-vscode-remote.remote-containers
2023-07-12 20:00:02.177 [info] Installing extension: tabnine.tabnine-vscode
2023-07-12 20:00:02.178 [info] Installing extension: msjsdiag.vscode-react-native
2023-07-12 20:00:02.179 [info] Installing extension: ms-azuretools.vscode-docker
2023-07-12 20:00:03.694 [info] Getting Manifest... dart-code.dart-code
2023-07-12 20:00:03.712 [info] Getting Manifest... ms-vscode.js-debug
2023-07-12 20:00:03.873 [info] Waiting for already requested installing extension dart-code.dart-code dart-code.flutter
2023-07-12 20:00:06.162 [info] Extension signature is verified: streetsidesoftware.code-spell-checker
2023-07-12 20:00:06.169 [info] Extension signature is verified: dart-code.flutter
2023-07-12 20:00:06.170 [info] Extension signature is verified: dbaeumer.vscode-eslint
2023-07-12 20:00:06.216 [info] Extracted extension to /home/devilunraveled/.vscode/extensions/.ae90f24d-fe65-482b-b985-ef79f7acd9d6: dart-code.flutter
2023-07-12 20:00:06.218 [info] Extension signature is verified: eamodio.gitlens
2023-07-12 20:00:06.225 [info] Renamed to /home/devilunraveled/.vscode/extensions/dart-code.flutter-3.68.0
2023-07-12 20:00:06.247 [info] Extracting extension completed. dart-code.flutter
2023-07-12 20:00:06.272 [info] Marked extension as uninstalled dart-code.flutter-3.64.0
2023-07-12 20:00:06.282 [info] Extension signature is verified: msjsdiag.vscode-react-native
2023-07-12 20:00:06.288 [info] Extracted extension to /home/devilunraveled/.vscode/extensions/.5e10ca0a-f087-4dd0-ab4a-793922af5514: dbaeumer.vscode-eslint
2023-07-12 20:00:06.291 [info] Extension signature is verified: ms-vscode-remote.remote-containers
2023-07-12 20:00:06.297 [info] Renamed to /home/devilunraveled/.vscode/extensions/dbaeumer.vscode-eslint-2.4.2
2023-07-12 20:00:06.300 [info] Extracting extension completed. dbaeumer.vscode-eslint
2023-07-12 20:00:06.310 [info] Extension installed successfully: dbaeumer.vscode-eslint
2023-07-12 20:00:06.320 [info] Marked extension as uninstalled dbaeumer.vscode-eslint-2.4.0
2023-07-12 20:00:06.354 [info] Extension signature is verified: mongodb.mongodb-vscode
2023-07-12 20:00:06.383 [info] Extension signature is verified: dart-code.dart-code
2023-07-12 20:00:06.406 [info] Extension signature is verified: tabnine.tabnine-vscode
2023-07-12 20:00:06.407 [info] Extension signature is verified: esbenp.prettier-vscode
2023-07-12 20:00:06.455 [info] Extension signature is verified: ms-azuretools.vscode-docker
2023-07-12 20:00:06.679 [info] Extracted extension to /home/devilunraveled/.vscode/extensions/.14ffb035-a54e-466e-a4c2-3af20456e786: tabnine.tabnine-vscode
2023-07-12 20:00:06.687 [info] Renamed to /home/devilunraveled/.vscode/extensions/tabnine.tabnine-vscode-3.6.72
2023-07-12 20:00:06.691 [info] Extracting extension completed. tabnine.tabnine-vscode
2023-07-12 20:00:06.701 [info] Extension installed successfully: tabnine.tabnine-vscode
2023-07-12 20:00:06.719 [info] Marked extension as uninstalled tabnine.tabnine-vscode-3.6.46
2023-07-12 20:00:06.795 [info] Extracted extension to /home/devilunraveled/.vscode/extensions/.267940bf-3a9f-40fa-926b-68fc1fd9bac2: ms-azuretools.vscode-docker
2023-07-12 20:00:06.802 [info] Extracted extension to /home/devilunraveled/.vscode/extensions/.b68c51ac-fe3e-4ff7-8009-1f69fb5b5bfd: esbenp.prettier-vscode
2023-07-12 20:00:06.804 [info] Renamed to /home/devilunraveled/.vscode/extensions/ms-azuretools.vscode-docker-1.25.2
2023-07-12 20:00:06.810 [info] Extracting extension completed. ms-azuretools.vscode-docker
2023-07-12 20:00:06.811 [info] Renamed to /home/devilunraveled/.vscode/extensions/esbenp.prettier-vscode-9.19.0
2023-07-12 20:00:06.817 [info] Extracting extension completed. esbenp.prettier-vscode
2023-07-12 20:00:06.821 [info] Extension installed successfully: ms-azuretools.vscode-docker
2023-07-12 20:00:06.832 [info] Extension installed successfully: esbenp.prettier-vscode
2023-07-12 20:00:06.833 [info] Marked extension as uninstalled ms-azuretools.vscode-docker-1.25.0
2023-07-12 20:00:06.840 [info] Marked extension as uninstalled esbenp.prettier-vscode-9.12.0
2023-07-12 20:00:06.854 [info] Extracted extension to /home/devilunraveled/.vscode/extensions/.e98d87a5-cdb7-45d2-b805-1325d8d9478c: msjsdiag.vscode-react-native
2023-07-12 20:00:06.860 [info] Extracted extension to /home/devilunraveled/.vscode/extensions/.3dc6a83a-a2b2-45d5-b66d-2504530444d8: ms-vscode-remote.remote-containers
2023-07-12 20:00:06.861 [info] Renamed to /home/devilunraveled/.vscode/extensions/msjsdiag.vscode-react-native-1.11.1
2023-07-12 20:00:06.879 [info] Renamed to /home/devilunraveled/.vscode/extensions/ms-vscode-remote.remote-containers-0.299.0
2023-07-12 20:00:06.879 [info] Extracting extension completed. msjsdiag.vscode-react-native
2023-07-12 20:00:06.887 [info] Extracting extension completed. ms-vscode-remote.remote-containers
2023-07-12 20:00:06.891 [info] Extension installed successfully: msjsdiag.vscode-react-native
2023-07-12 20:00:06.898 [info] Marked extension as uninstalled msjsdiag.vscode-react-native-1.11.0
2023-07-12 20:00:06.903 [info] Extension installed successfully: ms-vscode-remote.remote-containers
2023-07-12 20:00:06.908 [info] Marked extension as uninstalled ms-vscode-remote.remote-containers-0.292.0
2023-07-12 20:00:07.129 [info] Extracted extension to /home/devilunraveled/.vscode/extensions/.adf4e262-e309-4e1f-aa92-2800fc7a8a05: mongodb.mongodb-vscode
2023-07-12 20:00:07.136 [info] Renamed to /home/devilunraveled/.vscode/extensions/mongodb.mongodb-vscode-1.0.2
2023-07-12 20:00:07.138 [info] Extracting extension completed. mongodb.mongodb-vscode
2023-07-12 20:00:07.146 [info] Extension installed successfully: mongodb.mongodb-vscode
2023-07-12 20:00:07.150 [info] Marked extension as uninstalled mongodb.mongodb-vscode-0.11.1
2023-07-12 20:00:07.154 [info] Extracted extension to /home/devilunraveled/.vscode/extensions/.ffe2c222-0c1d-483e-b4c3-b5f61473d078: streetsidesoftware.code-spell-checker
2023-07-12 20:00:07.160 [info] Renamed to /home/devilunraveled/.vscode/extensions/streetsidesoftware.code-spell-checker-2.20.5
2023-07-12 20:00:07.162 [info] Extracting extension completed. streetsidesoftware.code-spell-checker
2023-07-12 20:00:07.171 [info] Extension installed successfully: streetsidesoftware.code-spell-checker
2023-07-12 20:00:07.175 [info] Marked extension as uninstalled streetsidesoftware.code-spell-checker-2.20.4
2023-07-12 20:00:07.204 [info] Extracted extension to /home/devilunraveled/.vscode/extensions/.99c0490a-8023-4473-80d3-d15f386aebeb: eamodio.gitlens
2023-07-12 20:00:07.215 [info] Renamed to /home/devilunraveled/.vscode/extensions/eamodio.gitlens-14.0.1
2023-07-12 20:00:07.220 [info] Extracting extension completed. eamodio.gitlens
2023-07-12 20:00:07.231 [info] Extension installed successfully: eamodio.gitlens
2023-07-12 20:00:07.237 [info] Marked extension as uninstalled eamodio.gitlens-13.6.0
2023-07-12 20:00:12.514 [info] Extracted extension to /home/devilunraveled/.vscode/extensions/.2758d668-8fa4-446f-a0e3-4d7d15837f8c: dart-code.dart-code
2023-07-12 20:00:12.522 [info] Renamed to /home/devilunraveled/.vscode/extensions/dart-code.dart-code-3.68.1
2023-07-12 20:00:12.524 [info] Extracting extension completed. dart-code.dart-code
2023-07-12 20:00:12.536 [info] Extension installed successfully: dart-code.dart-code
2023-07-12 20:00:12.537 [info] Finished waiting for already requested installing extension dart-code.dart-code dart-code.flutter
2023-07-12 20:00:12.537 [info] Extension installed successfully: dart-code.flutter
2023-07-12 20:00:12.539 [info] Marked extension as uninstalled dart-code.dart-code-3.64.0
