2023-03-11 15:45:16.793 [info] Added views:workbench.panel.markers.view in workbench.panel.markers
2023-03-11 15:45:16.793 [info] Added views:workbench.panel.output in workbench.panel.output
2023-03-11 15:45:16.793 [info] Added views:terminal in terminal
2023-03-11 15:45:16.793 [info] Added views:outline in workbench.view.explorer
2023-03-11 15:45:16.793 [info] Added views:workbench.scm in workbench.view.scm
2023-03-11 15:45:16.793 [info] Added views:workbench.view.search in workbench.view.search
2023-03-11 15:45:16.793 [info] Added views:timeline in workbench.view.explorer
2023-03-11 15:45:16.793 [info] Added views:workbench.explorer.emptyView in workbench.view.explorer
2023-03-11 15:45:16.905 [info] Added views:workbench.debug.variablesView,workbench.debug.watchExpressionsView,workbench.debug.callStackView,workbench.debug.breakPointsView in workbench.view.debug
2023-03-11 15:45:17.184 [info] Added views:bookmarksExplorer,bookmarksHelpAndFeedback in workbench.view.extension.bookmarks
2023-03-11 15:45:17.184 [info] Added views:projectsExplorerFavorites,projectManagerHelpAndFeedback in workbench.view.extension.project-manager
2023-03-11 15:45:17.184 [info] Added views:gitlens.views.home,gitlens.views.contributors in workbench.view.extension.gitlens
2023-03-11 15:45:17.185 [info] Added views:gitlens.views.commits,gitlens.views.commitDetails,gitlens.views.fileHistory,gitlens.views.branches,gitlens.views.remotes,gitlens.views.stashes,gitlens.views.tags,gitlens.views.searchAndCompare in workbench.view.scm
2023-03-11 15:45:17.185 [info] Added views:mongoDBConnectionExplorer,mongoDBPlaygroundsExplorer,mongoDBHelpExplorer in workbench.view.extension.mongoDB
2023-03-11 15:45:17.186 [info] Added views:dockerContainers,dockerImages,dockerRegistries,dockerNetworks,dockerVolumes,vscode-docker.views.dockerContexts,vscode-docker.views.help in workbench.view.extension.dockerView
2023-03-11 15:45:17.337 [info] Added views:workbench.panel.repl.view in workbench.panel.repl
2023-03-11 15:45:17.338 [info] Removed views:workbench.debug.breakPointsView,workbench.debug.callStackView,workbench.debug.watchExpressionsView,workbench.debug.variablesView from workbench.view.debug
2023-03-11 15:45:17.338 [info] Added views:workbench.debug.welcome in workbench.view.debug
2023-03-11 15:45:18.838 [info] Added views:projectsExplorerGit in workbench.view.extension.project-manager
2023-03-11 15:45:18.873 [info] Removed views:gitlens.views.searchAndCompare,gitlens.views.tags,gitlens.views.stashes,gitlens.views.remotes,gitlens.views.branches,gitlens.views.fileHistory,gitlens.views.commitDetails,gitlens.views.commits from workbench.view.scm
2023-03-11 15:45:18.873 [info] Removed views:gitlens.views.contributors from workbench.view.extension.gitlens
2023-03-11 15:45:37.493 [info] Added views:workbench.panel.markers.view in workbench.panel.markers
2023-03-11 15:45:37.493 [info] Added views:workbench.panel.output in workbench.panel.output
2023-03-11 15:45:37.493 [info] Added views:terminal in terminal
2023-03-11 15:45:37.493 [info] Added views:outline in workbench.view.explorer
2023-03-11 15:45:37.493 [info] Added views:workbench.scm in workbench.view.scm
2023-03-11 15:45:37.493 [info] Added views:workbench.view.search in workbench.view.search
2023-03-11 15:45:37.493 [info] Added views:timeline in workbench.view.explorer
2023-03-11 15:45:37.493 [info] Added views:workbench.explorer.fileView in workbench.view.explorer
2023-03-11 15:45:37.718 [info] Added views:bookmarksExplorer,bookmarksHelpAndFeedback in workbench.view.extension.bookmarks
2023-03-11 15:45:37.719 [info] Added views:projectsExplorerFavorites,projectManagerHelpAndFeedback in workbench.view.extension.project-manager
2023-03-11 15:45:37.719 [info] Added views:gitlens.views.home,gitlens.views.contributors in workbench.view.extension.gitlens
2023-03-11 15:45:37.720 [info] Added views:gitlens.views.commits,gitlens.views.commitDetails,gitlens.views.fileHistory,gitlens.views.branches,gitlens.views.remotes,gitlens.views.stashes,gitlens.views.tags,gitlens.views.searchAndCompare in workbench.view.scm
2023-03-11 15:45:37.721 [info] Added views:dockerContainers,dockerImages,dockerRegistries,dockerNetworks,dockerVolumes,vscode-docker.views.dockerContexts,vscode-docker.views.help in workbench.view.extension.dockerView
2023-03-11 15:45:37.889 [info] Added views:workbench.debug.variablesView,workbench.debug.watchExpressionsView,workbench.debug.callStackView,workbench.debug.breakPointsView in workbench.view.debug
2023-03-11 15:45:37.906 [info] Added views:workbench.panel.repl.view in workbench.panel.repl
2023-03-11 15:45:37.907 [info] Removed views:workbench.debug.breakPointsView,workbench.debug.callStackView,workbench.debug.watchExpressionsView,workbench.debug.variablesView from workbench.view.debug
2023-03-11 15:45:37.907 [info] Added views:workbench.debug.welcome in workbench.view.debug
2023-03-11 15:45:38.608 [info] Added views:projectsExplorerGit in workbench.view.extension.project-manager
2023-03-11 15:45:38.759 [info] Removed views:gitlens.views.searchAndCompare,gitlens.views.tags,gitlens.views.stashes,gitlens.views.remotes,gitlens.views.branches,gitlens.views.fileHistory,gitlens.views.commitDetails,gitlens.views.commits from workbench.view.scm
2023-03-11 15:45:38.759 [info] Removed views:gitlens.views.contributors from workbench.view.extension.gitlens
2023-03-11 15:45:41.390 [info] Added views:mongoDBConnectionExplorer,mongoDBPlaygroundsExplorer,mongoDBHelpExplorer in workbench.view.extension.mongoDB
